[2024-01-05T16:50:26.032+0000] {taskinstance.py:1957} INFO - Dependencies all met for dep_context=non-requeueable deps ti=<TaskInstance: TwitterDAG.get_raw_data_twitter scheduled__2024-01-04T00:00:00+00:00 [queued]>
[2024-01-05T16:50:26.059+0000] {taskinstance.py:1957} INFO - Dependencies all met for dep_context=requeueable deps ti=<TaskInstance: TwitterDAG.get_raw_data_twitter scheduled__2024-01-04T00:00:00+00:00 [queued]>
[2024-01-05T16:50:26.059+0000] {taskinstance.py:2171} INFO - Starting attempt 1 of 1
[2024-01-05T16:50:26.195+0000] {taskinstance.py:2192} INFO - Executing <Task(TwitterOperator): get_raw_data_twitter> on 2024-01-04 00:00:00+00:00
[2024-01-05T16:50:26.207+0000] {standard_task_runner.py:60} INFO - Started process 14533 to run task
[2024-01-05T16:50:26.218+0000] {standard_task_runner.py:87} INFO - Running: ['airflow', 'tasks', 'run', 'TwitterDAG', 'get_raw_data_twitter', 'scheduled__2024-01-04T00:00:00+00:00', '--job-id', '53', '--raw', '--subdir', 'DAGS_FOLDER/twitter_dag.py', '--cfg-path', '/tmp/tmpkb5_7kgn']
[2024-01-05T16:50:26.219+0000] {standard_task_runner.py:88} INFO - Job 53: Subtask get_raw_data_twitter
[2024-01-05T16:50:26.499+0000] {task_command.py:423} INFO - Running <TaskInstance: TwitterDAG.get_raw_data_twitter scheduled__2024-01-04T00:00:00+00:00 [running]> on host airflow.vm.local
[2024-01-05T16:50:27.370+0000] {taskinstance.py:2481} INFO - Exporting env vars: AIRFLOW_CTX_DAG_OWNER='airflow' AIRFLOW_CTX_DAG_ID='TwitterDAG' AIRFLOW_CTX_TASK_ID='get_raw_data_twitter' AIRFLOW_CTX_EXECUTION_DATE='2024-01-04T00:00:00+00:00' AIRFLOW_CTX_TRY_NUMBER='1' AIRFLOW_CTX_DAG_RUN_ID='scheduled__2024-01-04T00:00:00+00:00'
[2024-01-05T16:50:27.384+0000] {base.py:83} INFO - Using connection ID 'twitter_default' for task execution.
[2024-01-05T16:50:27.401+0000] {twitter_dag.py:38} INFO - URL: https://labdados.com/2//tweets/search/recent?query=data science&tweet.fields=author_id,created_at,lang,public_metrics,source,text,withheld&expansions=author_id&user.fields=created_at,description,location,name,public_metrics,username,verified,withheld&start_time=2024-01-04T00:00:00.00Z&end_time=2024-01-05T00:00:00.00Z
[2024-01-05T16:50:27.928+0000] {twitter_dag.py:38} INFO - URL: https://labdados.com/2//tweets/search/recent?query=data science&tweet.fields=author_id,created_at,lang,public_metrics,source,text,withheld&expansions=author_id&user.fields=created_at,description,location,name,public_metrics,username,verified,withheld&start_time=2024-01-04T00:00:00.00Z&end_time=2024-01-05T00:00:00.00Z&next_token=1234567890abcdef
[2024-01-05T16:50:28.256+0000] {taskinstance.py:1138} INFO - Marking task as SUCCESS. dag_id=TwitterDAG, task_id=get_raw_data_twitter, execution_date=20240104T000000, start_date=20240105T165026, end_date=20240105T165028
[2024-01-05T16:50:28.337+0000] {local_task_job_runner.py:234} INFO - Task exited with return code 0
[2024-01-05T16:50:28.370+0000] {taskinstance.py:3281} INFO - 1 downstream tasks scheduled from follow-on schedule check
[2024-01-05T17:48:05.875+0000] {taskinstance.py:1957} INFO - Dependencies all met for dep_context=non-requeueable deps ti=<TaskInstance: TwitterDAG.get_raw_data_twitter scheduled__2024-01-04T00:00:00+00:00 [queued]>
[2024-01-05T17:48:05.894+0000] {taskinstance.py:1957} INFO - Dependencies all met for dep_context=requeueable deps ti=<TaskInstance: TwitterDAG.get_raw_data_twitter scheduled__2024-01-04T00:00:00+00:00 [queued]>
[2024-01-05T17:48:05.895+0000] {taskinstance.py:2171} INFO - Starting attempt 1 of 1
[2024-01-05T17:48:05.978+0000] {taskinstance.py:2192} INFO - Executing <Task(TwitterOperator): get_raw_data_twitter> on 2024-01-04 00:00:00+00:00
[2024-01-05T17:48:05.990+0000] {standard_task_runner.py:60} INFO - Started process 29610 to run task
[2024-01-05T17:48:05.992+0000] {standard_task_runner.py:87} INFO - Running: ['airflow', 'tasks', 'run', 'TwitterDAG', 'get_raw_data_twitter', 'scheduled__2024-01-04T00:00:00+00:00', '--job-id', '76', '--raw', '--subdir', 'DAGS_FOLDER/twitter_dag.py', '--cfg-path', '/tmp/tmppwrk8k65']
[2024-01-05T17:48:06.006+0000] {standard_task_runner.py:88} INFO - Job 76: Subtask get_raw_data_twitter
[2024-01-05T17:48:06.082+0000] {task_command.py:423} INFO - Running <TaskInstance: TwitterDAG.get_raw_data_twitter scheduled__2024-01-04T00:00:00+00:00 [running]> on host airflow.vm.local
[2024-01-05T17:48:06.191+0000] {taskinstance.py:2481} INFO - Exporting env vars: AIRFLOW_CTX_DAG_OWNER='airflow' AIRFLOW_CTX_DAG_ID='TwitterDAG' AIRFLOW_CTX_TASK_ID='get_raw_data_twitter' AIRFLOW_CTX_EXECUTION_DATE='2024-01-04T00:00:00+00:00' AIRFLOW_CTX_TRY_NUMBER='1' AIRFLOW_CTX_DAG_RUN_ID='scheduled__2024-01-04T00:00:00+00:00'
[2024-01-05T17:48:06.197+0000] {base.py:83} INFO - Using connection ID 'twitter_default' for task execution.
[2024-01-05T17:48:06.199+0000] {twitter_dag.py:38} INFO - URL: https://labdados.com/2//tweets/search/recent?query=data science&tweet.fields=author_id,created_at,lang,public_metrics,source,text,withheld&expansions=author_id&user.fields=created_at,description,location,name,public_metrics,username,verified,withheld&start_time=2024-01-04T00:00:00.00Z&end_time=2024-01-05T00:00:00.00Z
[2024-01-05T17:48:06.754+0000] {taskinstance.py:1138} INFO - Marking task as SUCCESS. dag_id=TwitterDAG, task_id=get_raw_data_twitter, execution_date=20240104T000000, start_date=20240105T174805, end_date=20240105T174806
[2024-01-05T17:48:06.889+0000] {local_task_job_runner.py:234} INFO - Task exited with return code 0
[2024-01-05T17:48:06.919+0000] {taskinstance.py:3281} INFO - 1 downstream tasks scheduled from follow-on schedule check
[2024-01-05T18:06:52.694+0000] {taskinstance.py:1957} INFO - Dependencies all met for dep_context=non-requeueable deps ti=<TaskInstance: TwitterDAG.get_raw_data_twitter scheduled__2024-01-04T00:00:00+00:00 [queued]>
[2024-01-05T18:06:52.709+0000] {taskinstance.py:1957} INFO - Dependencies all met for dep_context=requeueable deps ti=<TaskInstance: TwitterDAG.get_raw_data_twitter scheduled__2024-01-04T00:00:00+00:00 [queued]>
[2024-01-05T18:06:52.709+0000] {taskinstance.py:2171} INFO - Starting attempt 1 of 1
[2024-01-05T18:06:52.741+0000] {taskinstance.py:2192} INFO - Executing <Task(TwitterOperator): get_raw_data_twitter> on 2024-01-04 00:00:00+00:00
[2024-01-05T18:06:52.747+0000] {standard_task_runner.py:60} INFO - Started process 40522 to run task
[2024-01-05T18:06:52.755+0000] {standard_task_runner.py:87} INFO - Running: ['airflow', 'tasks', 'run', 'TwitterDAG', 'get_raw_data_twitter', 'scheduled__2024-01-04T00:00:00+00:00', '--job-id', '99', '--raw', '--subdir', 'DAGS_FOLDER/twitter_dag.py', '--cfg-path', '/tmp/tmp5u2v04gc']
[2024-01-05T18:06:52.756+0000] {standard_task_runner.py:88} INFO - Job 99: Subtask get_raw_data_twitter
[2024-01-05T18:06:52.856+0000] {task_command.py:423} INFO - Running <TaskInstance: TwitterDAG.get_raw_data_twitter scheduled__2024-01-04T00:00:00+00:00 [running]> on host airflow.vm.local
[2024-01-05T18:06:53.174+0000] {taskinstance.py:2481} INFO - Exporting env vars: AIRFLOW_CTX_DAG_OWNER='airflow' AIRFLOW_CTX_DAG_ID='TwitterDAG' AIRFLOW_CTX_TASK_ID='get_raw_data_twitter' AIRFLOW_CTX_EXECUTION_DATE='2024-01-04T00:00:00+00:00' AIRFLOW_CTX_TRY_NUMBER='1' AIRFLOW_CTX_DAG_RUN_ID='scheduled__2024-01-04T00:00:00+00:00'
[2024-01-05T18:06:53.205+0000] {base.py:83} INFO - Using connection ID 'twitter_default' for task execution.
[2024-01-05T18:06:53.206+0000] {twitter_dag.py:38} INFO - URL: https://labdados.com/2//tweets/search/recent?query=data science&tweet.fields=author_id,created_at,lang,public_metrics,source,text,withheld&expansions=author_id&user.fields=created_at,description,location,name,public_metrics,username,verified,withheld&start_time=2024-01-04T00:00:00.00Z&end_time=2024-01-05T00:00:00.00Z
[2024-01-05T18:06:53.912+0000] {taskinstance.py:1138} INFO - Marking task as SUCCESS. dag_id=TwitterDAG, task_id=get_raw_data_twitter, execution_date=20240104T000000, start_date=20240105T180652, end_date=20240105T180653
[2024-01-05T18:06:54.001+0000] {local_task_job_runner.py:234} INFO - Task exited with return code 0
[2024-01-05T18:06:54.061+0000] {taskinstance.py:3281} INFO - 1 downstream tasks scheduled from follow-on schedule check
