[2024-01-05T16:46:51.248+0000] {taskinstance.py:1957} INFO - Dependencies all met for dep_context=non-requeueable deps ti=<TaskInstance: TwitterDAG.transform_twitter_data scheduled__2023-12-30T00:00:00+00:00 [queued]>
[2024-01-05T16:46:51.254+0000] {taskinstance.py:1957} INFO - Dependencies all met for dep_context=requeueable deps ti=<TaskInstance: TwitterDAG.transform_twitter_data scheduled__2023-12-30T00:00:00+00:00 [queued]>
[2024-01-05T16:46:51.264+0000] {taskinstance.py:2171} INFO - Starting attempt 1 of 1
[2024-01-05T16:46:51.386+0000] {taskinstance.py:2192} INFO - Executing <Task(SparkSubmitOperator): transform_twitter_data> on 2023-12-30 00:00:00+00:00
[2024-01-05T16:46:51.394+0000] {standard_task_runner.py:60} INFO - Started process 10829 to run task
[2024-01-05T16:46:51.395+0000] {standard_task_runner.py:87} INFO - Running: ['airflow', 'tasks', 'run', 'TwitterDAG', 'transform_twitter_data', 'scheduled__2023-12-30T00:00:00+00:00', '--job-id', '46', '--raw', '--subdir', 'DAGS_FOLDER/twitter_dag.py', '--cfg-path', '/tmp/tmpv4i0xkwu']
[2024-01-05T16:46:51.395+0000] {standard_task_runner.py:88} INFO - Job 46: Subtask transform_twitter_data
[2024-01-05T16:46:51.575+0000] {task_command.py:423} INFO - Running <TaskInstance: TwitterDAG.transform_twitter_data scheduled__2023-12-30T00:00:00+00:00 [running]> on host airflow.vm.local
[2024-01-05T16:46:52.037+0000] {taskinstance.py:2481} INFO - Exporting env vars: AIRFLOW_CTX_DAG_OWNER='airflow' AIRFLOW_CTX_DAG_ID='TwitterDAG' AIRFLOW_CTX_TASK_ID='transform_twitter_data' AIRFLOW_CTX_EXECUTION_DATE='2023-12-30T00:00:00+00:00' AIRFLOW_CTX_TRY_NUMBER='1' AIRFLOW_CTX_DAG_RUN_ID='scheduled__2023-12-30T00:00:00+00:00'
[2024-01-05T16:46:52.044+0000] {base.py:83} INFO - Using connection ID 'spark_default' for task execution.
[2024-01-05T16:46:52.047+0000] {spark_submit.py:366} INFO - Spark-Submit cmd: spark-submit --master local --name Twitter Transformation --queue root.default /home/eder/Desktop/Airflow/Twitter/src/spark/transformation.py --src /home/eder/Desktop/Airflow/Twitter/data/raw/2023-12-30 --dest /home/eder/Desktop/Airflow/Twitter/data/processed/ --process_date 2023-12-30
[2024-01-05T16:46:57.695+0000] {spark_submit.py:536} INFO - 24/01/05 16:46:57 WARN Utils: Your hostname, airflow resolves to a loopback address: 127.0.1.1; using 192.168.1.79 instead (on interface enp0s3)
[2024-01-05T16:46:57.699+0000] {spark_submit.py:536} INFO - 24/01/05 16:46:57 WARN Utils: Set SPARK_LOCAL_IP if you need to bind to another address
[2024-01-05T16:46:59.820+0000] {spark_submit.py:536} INFO - 24/01/05 16:46:59 WARN NativeCodeLoader: Unable to load native-hadoop library for your platform... using builtin-java classes where applicable
[2024-01-05T16:47:02.474+0000] {spark_submit.py:536} INFO - Using Spark's default log4j profile: org/apache/spark/log4j-defaults.properties
[2024-01-05T16:47:02.580+0000] {spark_submit.py:536} INFO - 24/01/05 16:47:02 INFO SparkContext: Running Spark version 3.1.3
[2024-01-05T16:47:02.818+0000] {spark_submit.py:536} INFO - 24/01/05 16:47:02 INFO ResourceUtils: ==============================================================
[2024-01-05T16:47:02.819+0000] {spark_submit.py:536} INFO - 24/01/05 16:47:02 INFO ResourceUtils: No custom resources configured for spark.driver.
[2024-01-05T16:47:02.823+0000] {spark_submit.py:536} INFO - 24/01/05 16:47:02 INFO ResourceUtils: ==============================================================
[2024-01-05T16:47:02.824+0000] {spark_submit.py:536} INFO - 24/01/05 16:47:02 INFO SparkContext: Submitted application: Data Transformation
[2024-01-05T16:47:02.963+0000] {spark_submit.py:536} INFO - 24/01/05 16:47:02 INFO ResourceProfile: Default ResourceProfile created, executor resources: Map(cores -> name: cores, amount: 1, script: , vendor: , memory -> name: memory, amount: 1024, script: , vendor: , offHeap -> name: offHeap, amount: 0, script: , vendor: ), task resources: Map(cpus -> name: cpus, amount: 1.0)
[2024-01-05T16:47:03.011+0000] {spark_submit.py:536} INFO - 24/01/05 16:47:03 INFO ResourceProfile: Limiting resource is cpu
[2024-01-05T16:47:03.018+0000] {spark_submit.py:536} INFO - 24/01/05 16:47:03 INFO ResourceProfileManager: Added ResourceProfile id: 0
[2024-01-05T16:47:03.330+0000] {spark_submit.py:536} INFO - 24/01/05 16:47:03 INFO SecurityManager: Changing view acls to: eder
[2024-01-05T16:47:03.331+0000] {spark_submit.py:536} INFO - 24/01/05 16:47:03 INFO SecurityManager: Changing modify acls to: eder
[2024-01-05T16:47:03.331+0000] {spark_submit.py:536} INFO - 24/01/05 16:47:03 INFO SecurityManager: Changing view acls groups to:
[2024-01-05T16:47:03.331+0000] {spark_submit.py:536} INFO - 24/01/05 16:47:03 INFO SecurityManager: Changing modify acls groups to:
[2024-01-05T16:47:03.331+0000] {spark_submit.py:536} INFO - 24/01/05 16:47:03 INFO SecurityManager: SecurityManager: authentication disabled; ui acls disabled; users  with view permissions: Set(eder); groups with view permissions: Set(); users  with modify permissions: Set(eder); groups with modify permissions: Set()
[2024-01-05T16:47:04.867+0000] {spark_submit.py:536} INFO - 24/01/05 16:47:04 INFO Utils: Successfully started service 'sparkDriver' on port 46593.
[2024-01-05T16:47:05.132+0000] {spark_submit.py:536} INFO - 24/01/05 16:47:05 INFO SparkEnv: Registering MapOutputTracker
[2024-01-05T16:47:05.307+0000] {spark_submit.py:536} INFO - 24/01/05 16:47:05 INFO SparkEnv: Registering BlockManagerMaster
[2024-01-05T16:47:05.408+0000] {spark_submit.py:536} INFO - 24/01/05 16:47:05 INFO BlockManagerMasterEndpoint: Using org.apache.spark.storage.DefaultTopologyMapper for getting topology information
[2024-01-05T16:47:05.419+0000] {spark_submit.py:536} INFO - 24/01/05 16:47:05 INFO BlockManagerMasterEndpoint: BlockManagerMasterEndpoint up
[2024-01-05T16:47:05.468+0000] {spark_submit.py:536} INFO - 24/01/05 16:47:05 INFO SparkEnv: Registering BlockManagerMasterHeartbeat
[2024-01-05T16:47:05.607+0000] {spark_submit.py:536} INFO - 24/01/05 16:47:05 INFO DiskBlockManager: Created local directory at /tmp/blockmgr-2aa8c490-ac4e-4a7f-8f72-e4c4eadbcd6a
[2024-01-05T16:47:05.691+0000] {spark_submit.py:536} INFO - 24/01/05 16:47:05 INFO MemoryStore: MemoryStore started with capacity 366.3 MiB
[2024-01-05T16:47:05.811+0000] {spark_submit.py:536} INFO - 24/01/05 16:47:05 INFO SparkEnv: Registering OutputCommitCoordinator
[2024-01-05T16:47:07.163+0000] {spark_submit.py:536} INFO - 24/01/05 16:47:07 INFO Utils: Successfully started service 'SparkUI' on port 4040.
[2024-01-05T16:47:07.592+0000] {spark_submit.py:536} INFO - 24/01/05 16:47:07 INFO SparkUI: Bound SparkUI to 0.0.0.0, and started at http://airflow.Home:4040
[2024-01-05T16:47:09.212+0000] {spark_submit.py:536} INFO - 24/01/05 16:47:09 INFO Executor: Starting executor ID driver on host airflow.Home
[2024-01-05T16:47:09.410+0000] {spark_submit.py:536} INFO - 24/01/05 16:47:09 INFO Utils: Successfully started service 'org.apache.spark.network.netty.NettyBlockTransferService' on port 43955.
[2024-01-05T16:47:09.410+0000] {spark_submit.py:536} INFO - 24/01/05 16:47:09 INFO NettyBlockTransferService: Server created on airflow.Home:43955
[2024-01-05T16:47:09.427+0000] {spark_submit.py:536} INFO - 24/01/05 16:47:09 INFO BlockManager: Using org.apache.spark.storage.RandomBlockReplicationPolicy for block replication policy
[2024-01-05T16:47:09.503+0000] {spark_submit.py:536} INFO - 24/01/05 16:47:09 INFO BlockManagerMaster: Registering BlockManager BlockManagerId(driver, airflow.Home, 43955, None)
[2024-01-05T16:47:09.550+0000] {spark_submit.py:536} INFO - 24/01/05 16:47:09 INFO BlockManagerMasterEndpoint: Registering block manager airflow.Home:43955 with 366.3 MiB RAM, BlockManagerId(driver, airflow.Home, 43955, None)
[2024-01-05T16:47:09.571+0000] {spark_submit.py:536} INFO - 24/01/05 16:47:09 INFO BlockManagerMaster: Registered BlockManager BlockManagerId(driver, airflow.Home, 43955, None)
[2024-01-05T16:47:09.585+0000] {spark_submit.py:536} INFO - 24/01/05 16:47:09 INFO BlockManager: Initialized BlockManager: BlockManagerId(driver, airflow.Home, 43955, None)
[2024-01-05T16:47:12.391+0000] {spark_submit.py:536} INFO - 24/01/05 16:47:12 INFO SharedState: Setting hive.metastore.warehouse.dir ('null') to the value of spark.sql.warehouse.dir ('file:/home/eder/Desktop/Airflow/Twitter/spark-warehouse').
[2024-01-05T16:47:12.407+0000] {spark_submit.py:536} INFO - 24/01/05 16:47:12 INFO SharedState: Warehouse path is 'file:/home/eder/Desktop/Airflow/Twitter/spark-warehouse'.
[2024-01-05T16:47:15.979+0000] {spark_submit.py:536} INFO - 24/01/05 16:47:15 INFO InMemoryFileIndex: It took 235 ms to list leaf files for 1 paths.
[2024-01-05T16:47:16.387+0000] {spark_submit.py:536} INFO - 24/01/05 16:47:16 INFO InMemoryFileIndex: It took 22 ms to list leaf files for 1 paths.
[2024-01-05T16:47:26.005+0000] {spark_submit.py:536} INFO - 24/01/05 16:47:26 INFO FileSourceStrategy: Pushed Filters:
[2024-01-05T16:47:26.007+0000] {spark_submit.py:536} INFO - 24/01/05 16:47:26 INFO FileSourceStrategy: Post-Scan Filters:
[2024-01-05T16:47:26.026+0000] {spark_submit.py:536} INFO - 24/01/05 16:47:26 INFO FileSourceStrategy: Output Data Schema: struct<value: string>
[2024-01-05T16:47:27.518+0000] {spark_submit.py:536} INFO - 24/01/05 16:47:27 INFO MemoryStore: Block broadcast_0 stored as values in memory (estimated size 303.1 KiB, free 366.0 MiB)
[2024-01-05T16:47:27.793+0000] {spark_submit.py:536} INFO - 24/01/05 16:47:27 INFO MemoryStore: Block broadcast_0_piece0 stored as bytes in memory (estimated size 27.4 KiB, free 366.0 MiB)
[2024-01-05T16:47:27.806+0000] {spark_submit.py:536} INFO - 24/01/05 16:47:27 INFO BlockManagerInfo: Added broadcast_0_piece0 in memory on airflow.Home:43955 (size: 27.4 KiB, free: 366.3 MiB)
[2024-01-05T16:47:27.847+0000] {spark_submit.py:536} INFO - 24/01/05 16:47:27 INFO SparkContext: Created broadcast 0 from json at NativeMethodAccessorImpl.java:0
[2024-01-05T16:47:27.893+0000] {spark_submit.py:536} INFO - 24/01/05 16:47:27 INFO FileSourceScanExec: Planning scan with bin packing, max size: 4198825 bytes, open cost is considered as scanning 4194304 bytes.
[2024-01-05T16:47:28.731+0000] {spark_submit.py:536} INFO - 24/01/05 16:47:28 INFO SparkContext: Starting job: json at NativeMethodAccessorImpl.java:0
[2024-01-05T16:47:28.815+0000] {spark_submit.py:536} INFO - 24/01/05 16:47:28 INFO DAGScheduler: Got job 0 (json at NativeMethodAccessorImpl.java:0) with 1 output partitions
[2024-01-05T16:47:28.816+0000] {spark_submit.py:536} INFO - 24/01/05 16:47:28 INFO DAGScheduler: Final stage: ResultStage 0 (json at NativeMethodAccessorImpl.java:0)
[2024-01-05T16:47:28.816+0000] {spark_submit.py:536} INFO - 24/01/05 16:47:28 INFO DAGScheduler: Parents of final stage: List()
[2024-01-05T16:47:28.823+0000] {spark_submit.py:536} INFO - 24/01/05 16:47:28 INFO DAGScheduler: Missing parents: List()
[2024-01-05T16:47:28.883+0000] {spark_submit.py:536} INFO - 24/01/05 16:47:28 INFO DAGScheduler: Submitting ResultStage 0 (MapPartitionsRDD[3] at json at NativeMethodAccessorImpl.java:0), which has no missing parents
[2024-01-05T16:47:29.454+0000] {spark_submit.py:536} INFO - 24/01/05 16:47:29 INFO MemoryStore: Block broadcast_1 stored as values in memory (estimated size 12.0 KiB, free 366.0 MiB)
[2024-01-05T16:47:29.483+0000] {spark_submit.py:536} INFO - 24/01/05 16:47:29 INFO MemoryStore: Block broadcast_1_piece0 stored as bytes in memory (estimated size 6.3 KiB, free 366.0 MiB)
[2024-01-05T16:47:29.483+0000] {spark_submit.py:536} INFO - 24/01/05 16:47:29 INFO BlockManagerInfo: Added broadcast_1_piece0 in memory on airflow.Home:43955 (size: 6.3 KiB, free: 366.3 MiB)
[2024-01-05T16:47:29.485+0000] {spark_submit.py:536} INFO - 24/01/05 16:47:29 INFO SparkContext: Created broadcast 1 from broadcast at DAGScheduler.scala:1433
[2024-01-05T16:47:29.530+0000] {spark_submit.py:536} INFO - 24/01/05 16:47:29 INFO DAGScheduler: Submitting 1 missing tasks from ResultStage 0 (MapPartitionsRDD[3] at json at NativeMethodAccessorImpl.java:0) (first 15 tasks are for partitions Vector(0))
[2024-01-05T16:47:29.547+0000] {spark_submit.py:536} INFO - 24/01/05 16:47:29 INFO TaskSchedulerImpl: Adding task set 0.0 with 1 tasks resource profile 0
[2024-01-05T16:47:29.735+0000] {spark_submit.py:536} INFO - 24/01/05 16:47:29 INFO TaskSetManager: Starting task 0.0 in stage 0.0 (TID 0) (airflow.Home, executor driver, partition 0, PROCESS_LOCAL, 4905 bytes) taskResourceAssignments Map()
[2024-01-05T16:47:29.904+0000] {spark_submit.py:536} INFO - 24/01/05 16:47:29 INFO Executor: Running task 0.0 in stage 0.0 (TID 0)
[2024-01-05T16:47:31.347+0000] {spark_submit.py:536} INFO - 24/01/05 16:47:31 INFO FileScanRDD: Reading File path: file:///home/eder/Desktop/Airflow/Twitter/data/raw/2023-12-30/%202023-12-30.json, range: 0-4521, partition values: [empty row]
[2024-01-05T16:47:33.181+0000] {spark_submit.py:536} INFO - 24/01/05 16:47:33 INFO CodeGenerator: Code generated in 1239.958303 ms
[2024-01-05T16:47:33.460+0000] {spark_submit.py:536} INFO - 24/01/05 16:47:33 INFO Executor: Finished task 0.0 in stage 0.0 (TID 0). 2768 bytes result sent to driver
[2024-01-05T16:47:33.959+0000] {spark_submit.py:536} INFO - 24/01/05 16:47:33 INFO TaskSetManager: Finished task 0.0 in stage 0.0 (TID 0) in 4219 ms on airflow.Home (executor driver) (1/1)
[2024-01-05T16:47:33.987+0000] {spark_submit.py:536} INFO - 24/01/05 16:47:33 INFO TaskSchedulerImpl: Removed TaskSet 0.0, whose tasks have all completed, from pool
[2024-01-05T16:47:34.012+0000] {spark_submit.py:536} INFO - 24/01/05 16:47:34 INFO DAGScheduler: ResultStage 0 (json at NativeMethodAccessorImpl.java:0) finished in 5.061 s
[2024-01-05T16:47:34.044+0000] {spark_submit.py:536} INFO - 24/01/05 16:47:34 INFO DAGScheduler: Job 0 is finished. Cancelling potential speculative or zombie tasks for this job
[2024-01-05T16:47:34.051+0000] {spark_submit.py:536} INFO - 24/01/05 16:47:34 INFO TaskSchedulerImpl: Killing all running tasks in stage 0: Stage finished
[2024-01-05T16:47:34.139+0000] {spark_submit.py:536} INFO - 24/01/05 16:47:34 INFO DAGScheduler: Job 0 finished: json at NativeMethodAccessorImpl.java:0, took 5.347018 s
[2024-01-05T16:47:36.136+0000] {spark_submit.py:536} INFO - 24/01/05 16:47:36 INFO FileSourceStrategy: Pushed Filters: IsNotNull(data)
[2024-01-05T16:47:36.149+0000] {spark_submit.py:536} INFO - 24/01/05 16:47:36 INFO FileSourceStrategy: Post-Scan Filters: (size(data#7, true) > 0),isnotnull(data#7)
[2024-01-05T16:47:36.150+0000] {spark_submit.py:536} INFO - 24/01/05 16:47:36 INFO FileSourceStrategy: Output Data Schema: struct<data: array<struct<author_id:string,conversation_id:string,created_at:string,edit_history_tweet_ids:array<bigint>,id:string,in_reply_to_user_id:string,lang:string,public_metrics:struct<like_count:bigint,quote_count:bigint,reply_count:bigint,retweet_count:bigint>,text:string>>>
[2024-01-05T16:47:36.510+0000] {spark_submit.py:536} INFO - 24/01/05 16:47:36 INFO FileOutputCommitter: File Output Committer Algorithm version is 1
[2024-01-05T16:47:36.510+0000] {spark_submit.py:536} INFO - 24/01/05 16:47:36 INFO FileOutputCommitter: FileOutputCommitter skip cleanup _temporary folders under output directory:false, ignore cleanup failures: false
[2024-01-05T16:47:36.511+0000] {spark_submit.py:536} INFO - 24/01/05 16:47:36 INFO SQLHadoopMapReduceCommitProtocol: Using output committer class org.apache.hadoop.mapreduce.lib.output.FileOutputCommitter
[2024-01-05T16:47:37.280+0000] {spark_submit.py:536} INFO - 24/01/05 16:47:37 INFO CodeGenerator: Code generated in 220.611041 ms
[2024-01-05T16:47:37.489+0000] {spark_submit.py:536} INFO - 24/01/05 16:47:37 INFO CodeGenerator: Code generated in 137.339473 ms
[2024-01-05T16:47:37.503+0000] {spark_submit.py:536} INFO - 24/01/05 16:47:37 INFO MemoryStore: Block broadcast_2 stored as values in memory (estimated size 303.0 KiB, free 365.7 MiB)
[2024-01-05T16:47:37.558+0000] {spark_submit.py:536} INFO - 24/01/05 16:47:37 INFO MemoryStore: Block broadcast_2_piece0 stored as bytes in memory (estimated size 27.5 KiB, free 365.6 MiB)
[2024-01-05T16:47:37.559+0000] {spark_submit.py:536} INFO - 24/01/05 16:47:37 INFO BlockManagerInfo: Added broadcast_2_piece0 in memory on airflow.Home:43955 (size: 27.5 KiB, free: 366.2 MiB)
[2024-01-05T16:47:37.575+0000] {spark_submit.py:536} INFO - 24/01/05 16:47:37 INFO SparkContext: Created broadcast 2 from json at NativeMethodAccessorImpl.java:0
[2024-01-05T16:47:37.584+0000] {spark_submit.py:536} INFO - 24/01/05 16:47:37 INFO FileSourceScanExec: Planning scan with bin packing, max size: 4198825 bytes, open cost is considered as scanning 4194304 bytes.
[2024-01-05T16:47:37.903+0000] {spark_submit.py:536} INFO - 24/01/05 16:47:37 INFO SparkContext: Starting job: json at NativeMethodAccessorImpl.java:0
[2024-01-05T16:47:37.910+0000] {spark_submit.py:536} INFO - 24/01/05 16:47:37 INFO DAGScheduler: Got job 1 (json at NativeMethodAccessorImpl.java:0) with 1 output partitions
[2024-01-05T16:47:37.911+0000] {spark_submit.py:536} INFO - 24/01/05 16:47:37 INFO DAGScheduler: Final stage: ResultStage 1 (json at NativeMethodAccessorImpl.java:0)
[2024-01-05T16:47:37.911+0000] {spark_submit.py:536} INFO - 24/01/05 16:47:37 INFO DAGScheduler: Parents of final stage: List()
[2024-01-05T16:47:37.911+0000] {spark_submit.py:536} INFO - 24/01/05 16:47:37 INFO DAGScheduler: Missing parents: List()
[2024-01-05T16:47:37.947+0000] {spark_submit.py:536} INFO - 24/01/05 16:47:37 INFO DAGScheduler: Submitting ResultStage 1 (CoalescedRDD[9] at json at NativeMethodAccessorImpl.java:0), which has no missing parents
[2024-01-05T16:47:38.427+0000] {spark_submit.py:536} INFO - 24/01/05 16:47:38 INFO MemoryStore: Block broadcast_3 stored as values in memory (estimated size 189.7 KiB, free 365.5 MiB)
[2024-01-05T16:47:38.432+0000] {spark_submit.py:536} INFO - 24/01/05 16:47:38 INFO MemoryStore: Block broadcast_3_piece0 stored as bytes in memory (estimated size 66.4 KiB, free 365.4 MiB)
[2024-01-05T16:47:38.443+0000] {spark_submit.py:536} INFO - 24/01/05 16:47:38 INFO BlockManagerInfo: Added broadcast_3_piece0 in memory on airflow.Home:43955 (size: 66.4 KiB, free: 366.2 MiB)
[2024-01-05T16:47:38.444+0000] {spark_submit.py:536} INFO - 24/01/05 16:47:38 INFO SparkContext: Created broadcast 3 from broadcast at DAGScheduler.scala:1433
[2024-01-05T16:47:38.446+0000] {spark_submit.py:536} INFO - 24/01/05 16:47:38 INFO DAGScheduler: Submitting 1 missing tasks from ResultStage 1 (CoalescedRDD[9] at json at NativeMethodAccessorImpl.java:0) (first 15 tasks are for partitions Vector(0))
[2024-01-05T16:47:38.451+0000] {spark_submit.py:536} INFO - 24/01/05 16:47:38 INFO TaskSchedulerImpl: Adding task set 1.0 with 1 tasks resource profile 0
[2024-01-05T16:47:38.459+0000] {spark_submit.py:536} INFO - 24/01/05 16:47:38 INFO TaskSetManager: Starting task 0.0 in stage 1.0 (TID 1) (airflow.Home, executor driver, partition 0, PROCESS_LOCAL, 5134 bytes) taskResourceAssignments Map()
[2024-01-05T16:47:38.461+0000] {spark_submit.py:536} INFO - 24/01/05 16:47:38 INFO Executor: Running task 0.0 in stage 1.0 (TID 1)
[2024-01-05T16:47:38.772+0000] {spark_submit.py:536} INFO - 24/01/05 16:47:38 INFO FileOutputCommitter: File Output Committer Algorithm version is 1
[2024-01-05T16:47:38.774+0000] {spark_submit.py:536} INFO - 24/01/05 16:47:38 INFO FileOutputCommitter: FileOutputCommitter skip cleanup _temporary folders under output directory:false, ignore cleanup failures: false
[2024-01-05T16:47:38.788+0000] {spark_submit.py:536} INFO - 24/01/05 16:47:38 INFO SQLHadoopMapReduceCommitProtocol: Using output committer class org.apache.hadoop.mapreduce.lib.output.FileOutputCommitter
[2024-01-05T16:47:39.380+0000] {spark_submit.py:536} INFO - 24/01/05 16:47:39 INFO CodeGenerator: Code generated in 107.47958 ms
[2024-01-05T16:47:39.476+0000] {spark_submit.py:536} INFO - 24/01/05 16:47:39 INFO FileScanRDD: Reading File path: file:///home/eder/Desktop/Airflow/Twitter/data/raw/2023-12-30/%202023-12-30.json, range: 0-4521, partition values: [empty row]
[2024-01-05T16:47:39.608+0000] {spark_submit.py:536} INFO - 24/01/05 16:47:39 INFO CodeGenerator: Code generated in 131.500977 ms
[2024-01-05T16:47:39.767+0000] {spark_submit.py:536} INFO - 24/01/05 16:47:39 INFO CodeGenerator: Code generated in 48.668855 ms
[2024-01-05T16:47:39.976+0000] {spark_submit.py:536} INFO - 24/01/05 16:47:39 INFO FileOutputCommitter: Saved output of task 'attempt_202401051647373430270437040436466_0001_m_000000_1' to file:/home/eder/Desktop/Airflow/Twitter/data/processed/tweets/2023-12-30/_temporary/0/task_202401051647373430270437040436466_0001_m_000000
[2024-01-05T16:47:39.991+0000] {spark_submit.py:536} INFO - 24/01/05 16:47:39 INFO SparkHadoopMapRedUtil: attempt_202401051647373430270437040436466_0001_m_000000_1: Committed
[2024-01-05T16:47:40.042+0000] {spark_submit.py:536} INFO - 24/01/05 16:47:40 INFO Executor: Finished task 0.0 in stage 1.0 (TID 1). 2901 bytes result sent to driver
[2024-01-05T16:47:40.067+0000] {spark_submit.py:536} INFO - 24/01/05 16:47:40 INFO TaskSetManager: Finished task 0.0 in stage 1.0 (TID 1) in 1601 ms on airflow.Home (executor driver) (1/1)
[2024-01-05T16:47:40.068+0000] {spark_submit.py:536} INFO - 24/01/05 16:47:40 INFO TaskSchedulerImpl: Removed TaskSet 1.0, whose tasks have all completed, from pool
[2024-01-05T16:47:40.077+0000] {spark_submit.py:536} INFO - 24/01/05 16:47:40 INFO DAGScheduler: ResultStage 1 (json at NativeMethodAccessorImpl.java:0) finished in 2.130 s
[2024-01-05T16:47:40.089+0000] {spark_submit.py:536} INFO - 24/01/05 16:47:40 INFO DAGScheduler: Job 1 is finished. Cancelling potential speculative or zombie tasks for this job
[2024-01-05T16:47:40.089+0000] {spark_submit.py:536} INFO - 24/01/05 16:47:40 INFO TaskSchedulerImpl: Killing all running tasks in stage 1: Stage finished
[2024-01-05T16:47:40.090+0000] {spark_submit.py:536} INFO - 24/01/05 16:47:40 INFO DAGScheduler: Job 1 finished: json at NativeMethodAccessorImpl.java:0, took 2.177361 s
[2024-01-05T16:47:40.239+0000] {spark_submit.py:536} INFO - 24/01/05 16:47:40 INFO FileFormatWriter: Write Job 39d28d41-75ee-4aaa-9332-42f6ae1d98e2 committed.
[2024-01-05T16:47:40.272+0000] {spark_submit.py:536} INFO - 24/01/05 16:47:40 INFO FileFormatWriter: Finished processing stats for write job 39d28d41-75ee-4aaa-9332-42f6ae1d98e2.
[2024-01-05T16:47:40.480+0000] {spark_submit.py:536} INFO - 24/01/05 16:47:40 INFO FileSourceStrategy: Pushed Filters:
[2024-01-05T16:47:40.481+0000] {spark_submit.py:536} INFO - 24/01/05 16:47:40 INFO FileSourceStrategy: Post-Scan Filters:
[2024-01-05T16:47:40.482+0000] {spark_submit.py:536} INFO - 24/01/05 16:47:40 INFO FileSourceStrategy: Output Data Schema: struct<includes: struct<users: array<struct<created_at:string,id:string,name:string,username:string>>>>
[2024-01-05T16:47:40.519+0000] {spark_submit.py:536} INFO - 24/01/05 16:47:40 INFO FileOutputCommitter: File Output Committer Algorithm version is 1
[2024-01-05T16:47:40.519+0000] {spark_submit.py:536} INFO - 24/01/05 16:47:40 INFO FileOutputCommitter: FileOutputCommitter skip cleanup _temporary folders under output directory:false, ignore cleanup failures: false
[2024-01-05T16:47:40.520+0000] {spark_submit.py:536} INFO - 24/01/05 16:47:40 INFO SQLHadoopMapReduceCommitProtocol: Using output committer class org.apache.hadoop.mapreduce.lib.output.FileOutputCommitter
[2024-01-05T16:47:40.773+0000] {spark_submit.py:536} INFO - 24/01/05 16:47:40 INFO CodeGenerator: Code generated in 43.555316 ms
[2024-01-05T16:47:40.808+0000] {spark_submit.py:536} INFO - 24/01/05 16:47:40 INFO MemoryStore: Block broadcast_4 stored as values in memory (estimated size 303.0 KiB, free 365.1 MiB)
[2024-01-05T16:47:40.842+0000] {spark_submit.py:536} INFO - 24/01/05 16:47:40 INFO MemoryStore: Block broadcast_4_piece0 stored as bytes in memory (estimated size 27.5 KiB, free 365.1 MiB)
[2024-01-05T16:47:40.843+0000] {spark_submit.py:536} INFO - 24/01/05 16:47:40 INFO BlockManagerInfo: Added broadcast_4_piece0 in memory on airflow.Home:43955 (size: 27.5 KiB, free: 366.1 MiB)
[2024-01-05T16:47:40.843+0000] {spark_submit.py:536} INFO - 24/01/05 16:47:40 INFO SparkContext: Created broadcast 4 from json at NativeMethodAccessorImpl.java:0
[2024-01-05T16:47:40.844+0000] {spark_submit.py:536} INFO - 24/01/05 16:47:40 INFO FileSourceScanExec: Planning scan with bin packing, max size: 4198825 bytes, open cost is considered as scanning 4194304 bytes.
[2024-01-05T16:47:40.876+0000] {spark_submit.py:536} INFO - 24/01/05 16:47:40 INFO SparkContext: Starting job: json at NativeMethodAccessorImpl.java:0
[2024-01-05T16:47:40.884+0000] {spark_submit.py:536} INFO - 24/01/05 16:47:40 INFO DAGScheduler: Got job 2 (json at NativeMethodAccessorImpl.java:0) with 1 output partitions
[2024-01-05T16:47:40.884+0000] {spark_submit.py:536} INFO - 24/01/05 16:47:40 INFO DAGScheduler: Final stage: ResultStage 2 (json at NativeMethodAccessorImpl.java:0)
[2024-01-05T16:47:40.887+0000] {spark_submit.py:536} INFO - 24/01/05 16:47:40 INFO DAGScheduler: Parents of final stage: List()
[2024-01-05T16:47:40.887+0000] {spark_submit.py:536} INFO - 24/01/05 16:47:40 INFO DAGScheduler: Missing parents: List()
[2024-01-05T16:47:40.914+0000] {spark_submit.py:536} INFO - 24/01/05 16:47:40 INFO DAGScheduler: Submitting ResultStage 2 (CoalescedRDD[16] at json at NativeMethodAccessorImpl.java:0), which has no missing parents
[2024-01-05T16:47:41.136+0000] {spark_submit.py:536} INFO - 24/01/05 16:47:41 INFO MemoryStore: Block broadcast_5 stored as values in memory (estimated size 178.0 KiB, free 364.9 MiB)
[2024-01-05T16:47:41.144+0000] {spark_submit.py:536} INFO - 24/01/05 16:47:41 INFO MemoryStore: Block broadcast_5_piece0 stored as bytes in memory (estimated size 63.7 KiB, free 364.8 MiB)
[2024-01-05T16:47:41.154+0000] {spark_submit.py:536} INFO - 24/01/05 16:47:41 INFO BlockManagerInfo: Added broadcast_5_piece0 in memory on airflow.Home:43955 (size: 63.7 KiB, free: 366.1 MiB)
[2024-01-05T16:47:41.156+0000] {spark_submit.py:536} INFO - 24/01/05 16:47:41 INFO SparkContext: Created broadcast 5 from broadcast at DAGScheduler.scala:1433
[2024-01-05T16:47:41.159+0000] {spark_submit.py:536} INFO - 24/01/05 16:47:41 INFO DAGScheduler: Submitting 1 missing tasks from ResultStage 2 (CoalescedRDD[16] at json at NativeMethodAccessorImpl.java:0) (first 15 tasks are for partitions Vector(0))
[2024-01-05T16:47:41.160+0000] {spark_submit.py:536} INFO - 24/01/05 16:47:41 INFO TaskSchedulerImpl: Adding task set 2.0 with 1 tasks resource profile 0
[2024-01-05T16:47:41.174+0000] {spark_submit.py:536} INFO - 24/01/05 16:47:41 INFO TaskSetManager: Starting task 0.0 in stage 2.0 (TID 2) (airflow.Home, executor driver, partition 0, PROCESS_LOCAL, 5134 bytes) taskResourceAssignments Map()
[2024-01-05T16:47:41.176+0000] {spark_submit.py:536} INFO - 24/01/05 16:47:41 INFO Executor: Running task 0.0 in stage 2.0 (TID 2)
[2024-01-05T16:47:41.211+0000] {spark_submit.py:536} INFO - 24/01/05 16:47:41 INFO FileOutputCommitter: File Output Committer Algorithm version is 1
[2024-01-05T16:47:41.212+0000] {spark_submit.py:536} INFO - 24/01/05 16:47:41 INFO FileOutputCommitter: FileOutputCommitter skip cleanup _temporary folders under output directory:false, ignore cleanup failures: false
[2024-01-05T16:47:41.212+0000] {spark_submit.py:536} INFO - 24/01/05 16:47:41 INFO SQLHadoopMapReduceCommitProtocol: Using output committer class org.apache.hadoop.mapreduce.lib.output.FileOutputCommitter
[2024-01-05T16:47:41.496+0000] {spark_submit.py:536} INFO - 24/01/05 16:47:41 INFO CodeGenerator: Code generated in 32.915613 ms
[2024-01-05T16:47:41.555+0000] {spark_submit.py:536} INFO - 24/01/05 16:47:41 INFO FileScanRDD: Reading File path: file:///home/eder/Desktop/Airflow/Twitter/data/raw/2023-12-30/%202023-12-30.json, range: 0-4521, partition values: [empty row]
[2024-01-05T16:47:41.616+0000] {spark_submit.py:536} INFO - 24/01/05 16:47:41 INFO CodeGenerator: Code generated in 49.358612 ms
[2024-01-05T16:47:41.694+0000] {spark_submit.py:536} INFO - 24/01/05 16:47:41 INFO FileOutputCommitter: Saved output of task 'attempt_202401051647405637661414032903657_0002_m_000000_2' to file:/home/eder/Desktop/Airflow/Twitter/data/processed/users/2023-12-30/_temporary/0/task_202401051647405637661414032903657_0002_m_000000
[2024-01-05T16:47:41.695+0000] {spark_submit.py:536} INFO - 24/01/05 16:47:41 INFO SparkHadoopMapRedUtil: attempt_202401051647405637661414032903657_0002_m_000000_2: Committed
[2024-01-05T16:47:41.697+0000] {spark_submit.py:536} INFO - 24/01/05 16:47:41 INFO Executor: Finished task 0.0 in stage 2.0 (TID 2). 2734 bytes result sent to driver
[2024-01-05T16:47:41.738+0000] {spark_submit.py:536} INFO - 24/01/05 16:47:41 INFO TaskSetManager: Finished task 0.0 in stage 2.0 (TID 2) in 569 ms on airflow.Home (executor driver) (1/1)
[2024-01-05T16:47:41.743+0000] {spark_submit.py:536} INFO - 24/01/05 16:47:41 INFO TaskSchedulerImpl: Removed TaskSet 2.0, whose tasks have all completed, from pool
[2024-01-05T16:47:41.749+0000] {spark_submit.py:536} INFO - 24/01/05 16:47:41 INFO DAGScheduler: ResultStage 2 (json at NativeMethodAccessorImpl.java:0) finished in 0.836 s
[2024-01-05T16:47:41.750+0000] {spark_submit.py:536} INFO - 24/01/05 16:47:41 INFO DAGScheduler: Job 2 is finished. Cancelling potential speculative or zombie tasks for this job
[2024-01-05T16:47:41.750+0000] {spark_submit.py:536} INFO - 24/01/05 16:47:41 INFO TaskSchedulerImpl: Killing all running tasks in stage 2: Stage finished
[2024-01-05T16:47:41.750+0000] {spark_submit.py:536} INFO - 24/01/05 16:47:41 INFO DAGScheduler: Job 2 finished: json at NativeMethodAccessorImpl.java:0, took 0.869202 s
[2024-01-05T16:47:41.899+0000] {spark_submit.py:536} INFO - 24/01/05 16:47:41 INFO FileFormatWriter: Write Job e1375072-6dcb-45ca-a320-a146ee99bb6c committed.
[2024-01-05T16:47:41.904+0000] {spark_submit.py:536} INFO - 24/01/05 16:47:41 INFO FileFormatWriter: Finished processing stats for write job e1375072-6dcb-45ca-a320-a146ee99bb6c.
[2024-01-05T16:47:42.252+0000] {spark_submit.py:536} INFO - 24/01/05 16:47:42 INFO SparkContext: Invoking stop() from shutdown hook
[2024-01-05T16:47:42.488+0000] {spark_submit.py:536} INFO - 24/01/05 16:47:42 INFO SparkUI: Stopped Spark web UI at http://airflow.Home:4040
[2024-01-05T16:47:42.811+0000] {spark_submit.py:536} INFO - 24/01/05 16:47:42 INFO MapOutputTrackerMasterEndpoint: MapOutputTrackerMasterEndpoint stopped!
[2024-01-05T16:47:43.091+0000] {spark_submit.py:536} INFO - 24/01/05 16:47:43 INFO MemoryStore: MemoryStore cleared
[2024-01-05T16:47:43.091+0000] {spark_submit.py:536} INFO - 24/01/05 16:47:43 INFO BlockManager: BlockManager stopped
[2024-01-05T16:47:43.158+0000] {spark_submit.py:536} INFO - 24/01/05 16:47:43 INFO BlockManagerMaster: BlockManagerMaster stopped
[2024-01-05T16:47:43.190+0000] {spark_submit.py:536} INFO - 24/01/05 16:47:43 INFO OutputCommitCoordinator$OutputCommitCoordinatorEndpoint: OutputCommitCoordinator stopped!
[2024-01-05T16:47:43.239+0000] {spark_submit.py:536} INFO - 24/01/05 16:47:43 INFO SparkContext: Successfully stopped SparkContext
[2024-01-05T16:47:43.240+0000] {spark_submit.py:536} INFO - 24/01/05 16:47:43 INFO ShutdownHookManager: Shutdown hook called
[2024-01-05T16:47:43.244+0000] {spark_submit.py:536} INFO - 24/01/05 16:47:43 INFO ShutdownHookManager: Deleting directory /tmp/spark-775a45b8-6062-40b3-930d-c9b6ca2e8519
[2024-01-05T16:47:43.290+0000] {spark_submit.py:536} INFO - 24/01/05 16:47:43 INFO ShutdownHookManager: Deleting directory /tmp/spark-da578925-f664-43a1-a71f-ec9330b25106/pyspark-7dc3fb7e-7104-47d9-b592-434fb4d0f4dd
[2024-01-05T16:47:43.359+0000] {spark_submit.py:536} INFO - 24/01/05 16:47:43 INFO ShutdownHookManager: Deleting directory /tmp/spark-da578925-f664-43a1-a71f-ec9330b25106
[2024-01-05T16:47:43.612+0000] {taskinstance.py:1138} INFO - Marking task as SUCCESS. dag_id=TwitterDAG, task_id=transform_twitter_data, execution_date=20231230T000000, start_date=20240105T164651, end_date=20240105T164743
[2024-01-05T16:47:43.831+0000] {local_task_job_runner.py:234} INFO - Task exited with return code 0
[2024-01-05T16:47:43.852+0000] {taskinstance.py:3281} INFO - 0 downstream tasks scheduled from follow-on schedule check
[2024-01-05T17:41:47.727+0000] {taskinstance.py:1957} INFO - Dependencies all met for dep_context=non-requeueable deps ti=<TaskInstance: TwitterDAG.transform_twitter_data scheduled__2023-12-30T00:00:00+00:00 [queued]>
[2024-01-05T17:41:47.739+0000] {taskinstance.py:1957} INFO - Dependencies all met for dep_context=requeueable deps ti=<TaskInstance: TwitterDAG.transform_twitter_data scheduled__2023-12-30T00:00:00+00:00 [queued]>
[2024-01-05T17:41:47.742+0000] {taskinstance.py:2171} INFO - Starting attempt 1 of 1
[2024-01-05T17:41:47.843+0000] {taskinstance.py:2192} INFO - Executing <Task(SparkSubmitOperator): transform_twitter_data> on 2023-12-30 00:00:00+00:00
[2024-01-05T17:41:47.851+0000] {standard_task_runner.py:60} INFO - Started process 22935 to run task
[2024-01-05T17:41:47.866+0000] {standard_task_runner.py:87} INFO - Running: ['airflow', 'tasks', 'run', 'TwitterDAG', 'transform_twitter_data', 'scheduled__2023-12-30T00:00:00+00:00', '--job-id', '64', '--raw', '--subdir', 'DAGS_FOLDER/twitter_dag.py', '--cfg-path', '/tmp/tmp5u18mc37']
[2024-01-05T17:41:47.872+0000] {standard_task_runner.py:88} INFO - Job 64: Subtask transform_twitter_data
[2024-01-05T17:41:48.112+0000] {task_command.py:423} INFO - Running <TaskInstance: TwitterDAG.transform_twitter_data scheduled__2023-12-30T00:00:00+00:00 [running]> on host airflow.vm.local
[2024-01-05T17:41:48.514+0000] {taskinstance.py:2481} INFO - Exporting env vars: AIRFLOW_CTX_DAG_OWNER='airflow' AIRFLOW_CTX_DAG_ID='TwitterDAG' AIRFLOW_CTX_TASK_ID='transform_twitter_data' AIRFLOW_CTX_EXECUTION_DATE='2023-12-30T00:00:00+00:00' AIRFLOW_CTX_TRY_NUMBER='1' AIRFLOW_CTX_DAG_RUN_ID='scheduled__2023-12-30T00:00:00+00:00'
[2024-01-05T17:41:48.519+0000] {base.py:83} INFO - Using connection ID 'spark_default' for task execution.
[2024-01-05T17:41:48.520+0000] {spark_submit.py:366} INFO - Spark-Submit cmd: spark-submit --master local --name Twitter Transformation --queue root.default /home/eder/Desktop/Airflow/Twitter/src/spark/transformation.py --src /home/eder/Desktop/Airflow/Twitter/data/raw/2023-12-30 --dest /home/eder/Desktop/Airflow/Twitter/data/processed/ --process_date 2023-12-30
[2024-01-05T17:41:51.102+0000] {spark_submit.py:536} INFO - 24/01/05 17:41:51 WARN Utils: Your hostname, airflow resolves to a loopback address: 127.0.1.1; using 192.168.1.79 instead (on interface enp0s3)
[2024-01-05T17:41:51.103+0000] {spark_submit.py:536} INFO - 24/01/05 17:41:51 WARN Utils: Set SPARK_LOCAL_IP if you need to bind to another address
[2024-01-05T17:41:51.976+0000] {spark_submit.py:536} INFO - 24/01/05 17:41:51 WARN NativeCodeLoader: Unable to load native-hadoop library for your platform... using builtin-java classes where applicable
[2024-01-05T17:41:53.149+0000] {spark_submit.py:536} INFO - Using Spark's default log4j profile: org/apache/spark/log4j-defaults.properties
[2024-01-05T17:41:53.181+0000] {spark_submit.py:536} INFO - 24/01/05 17:41:53 INFO SparkContext: Running Spark version 3.1.3
[2024-01-05T17:41:53.312+0000] {spark_submit.py:536} INFO - 24/01/05 17:41:53 INFO ResourceUtils: ==============================================================
[2024-01-05T17:41:53.313+0000] {spark_submit.py:536} INFO - 24/01/05 17:41:53 INFO ResourceUtils: No custom resources configured for spark.driver.
[2024-01-05T17:41:53.313+0000] {spark_submit.py:536} INFO - 24/01/05 17:41:53 INFO ResourceUtils: ==============================================================
[2024-01-05T17:41:53.315+0000] {spark_submit.py:536} INFO - 24/01/05 17:41:53 INFO SparkContext: Submitted application: Data Transformation
[2024-01-05T17:41:53.379+0000] {spark_submit.py:536} INFO - 24/01/05 17:41:53 INFO ResourceProfile: Default ResourceProfile created, executor resources: Map(cores -> name: cores, amount: 1, script: , vendor: , memory -> name: memory, amount: 1024, script: , vendor: , offHeap -> name: offHeap, amount: 0, script: , vendor: ), task resources: Map(cpus -> name: cpus, amount: 1.0)
[2024-01-05T17:41:53.398+0000] {spark_submit.py:536} INFO - 24/01/05 17:41:53 INFO ResourceProfile: Limiting resource is cpu
[2024-01-05T17:41:53.399+0000] {spark_submit.py:536} INFO - 24/01/05 17:41:53 INFO ResourceProfileManager: Added ResourceProfile id: 0
[2024-01-05T17:41:53.552+0000] {spark_submit.py:536} INFO - 24/01/05 17:41:53 INFO SecurityManager: Changing view acls to: eder
[2024-01-05T17:41:53.560+0000] {spark_submit.py:536} INFO - 24/01/05 17:41:53 INFO SecurityManager: Changing modify acls to: eder
[2024-01-05T17:41:53.560+0000] {spark_submit.py:536} INFO - 24/01/05 17:41:53 INFO SecurityManager: Changing view acls groups to:
[2024-01-05T17:41:53.563+0000] {spark_submit.py:536} INFO - 24/01/05 17:41:53 INFO SecurityManager: Changing modify acls groups to:
[2024-01-05T17:41:53.563+0000] {spark_submit.py:536} INFO - 24/01/05 17:41:53 INFO SecurityManager: SecurityManager: authentication disabled; ui acls disabled; users  with view permissions: Set(eder); groups with view permissions: Set(); users  with modify permissions: Set(eder); groups with modify permissions: Set()
[2024-01-05T17:41:54.127+0000] {spark_submit.py:536} INFO - 24/01/05 17:41:54 INFO Utils: Successfully started service 'sparkDriver' on port 32847.
[2024-01-05T17:41:54.212+0000] {spark_submit.py:536} INFO - 24/01/05 17:41:54 INFO SparkEnv: Registering MapOutputTracker
[2024-01-05T17:41:54.286+0000] {spark_submit.py:536} INFO - 24/01/05 17:41:54 INFO SparkEnv: Registering BlockManagerMaster
[2024-01-05T17:41:54.334+0000] {spark_submit.py:536} INFO - 24/01/05 17:41:54 INFO BlockManagerMasterEndpoint: Using org.apache.spark.storage.DefaultTopologyMapper for getting topology information
[2024-01-05T17:41:54.335+0000] {spark_submit.py:536} INFO - 24/01/05 17:41:54 INFO BlockManagerMasterEndpoint: BlockManagerMasterEndpoint up
[2024-01-05T17:41:54.345+0000] {spark_submit.py:536} INFO - 24/01/05 17:41:54 INFO SparkEnv: Registering BlockManagerMasterHeartbeat
[2024-01-05T17:41:54.405+0000] {spark_submit.py:536} INFO - 24/01/05 17:41:54 INFO DiskBlockManager: Created local directory at /tmp/blockmgr-10397a4c-ea76-4ba5-a416-2f222c766948
[2024-01-05T17:41:54.452+0000] {spark_submit.py:536} INFO - 24/01/05 17:41:54 INFO MemoryStore: MemoryStore started with capacity 366.3 MiB
[2024-01-05T17:41:54.499+0000] {spark_submit.py:536} INFO - 24/01/05 17:41:54 INFO SparkEnv: Registering OutputCommitCoordinator
[2024-01-05T17:41:55.172+0000] {spark_submit.py:536} INFO - 24/01/05 17:41:55 INFO Utils: Successfully started service 'SparkUI' on port 4040.
[2024-01-05T17:41:55.475+0000] {spark_submit.py:536} INFO - 24/01/05 17:41:55 INFO SparkUI: Bound SparkUI to 0.0.0.0, and started at http://airflow.Home:4040
[2024-01-05T17:41:56.297+0000] {spark_submit.py:536} INFO - 24/01/05 17:41:56 INFO Executor: Starting executor ID driver on host airflow.Home
[2024-01-05T17:41:56.414+0000] {spark_submit.py:536} INFO - 24/01/05 17:41:56 INFO Utils: Successfully started service 'org.apache.spark.network.netty.NettyBlockTransferService' on port 39365.
[2024-01-05T17:41:56.414+0000] {spark_submit.py:536} INFO - 24/01/05 17:41:56 INFO NettyBlockTransferService: Server created on airflow.Home:39365
[2024-01-05T17:41:56.428+0000] {spark_submit.py:536} INFO - 24/01/05 17:41:56 INFO BlockManager: Using org.apache.spark.storage.RandomBlockReplicationPolicy for block replication policy
[2024-01-05T17:41:56.471+0000] {spark_submit.py:536} INFO - 24/01/05 17:41:56 INFO BlockManagerMaster: Registering BlockManager BlockManagerId(driver, airflow.Home, 39365, None)
[2024-01-05T17:41:56.517+0000] {spark_submit.py:536} INFO - 24/01/05 17:41:56 INFO BlockManagerMasterEndpoint: Registering block manager airflow.Home:39365 with 366.3 MiB RAM, BlockManagerId(driver, airflow.Home, 39365, None)
[2024-01-05T17:41:56.521+0000] {spark_submit.py:536} INFO - 24/01/05 17:41:56 INFO BlockManagerMaster: Registered BlockManager BlockManagerId(driver, airflow.Home, 39365, None)
[2024-01-05T17:41:56.523+0000] {spark_submit.py:536} INFO - 24/01/05 17:41:56 INFO BlockManager: Initialized BlockManager: BlockManagerId(driver, airflow.Home, 39365, None)
[2024-01-05T17:41:57.795+0000] {spark_submit.py:536} INFO - 24/01/05 17:41:57 INFO SharedState: Setting hive.metastore.warehouse.dir ('null') to the value of spark.sql.warehouse.dir ('file:/home/eder/Desktop/Airflow/Twitter/spark-warehouse').
[2024-01-05T17:41:57.796+0000] {spark_submit.py:536} INFO - 24/01/05 17:41:57 INFO SharedState: Warehouse path is 'file:/home/eder/Desktop/Airflow/Twitter/spark-warehouse'.
[2024-01-05T17:41:59.368+0000] {spark_submit.py:536} INFO - 24/01/05 17:41:59 INFO InMemoryFileIndex: It took 172 ms to list leaf files for 1 paths.
[2024-01-05T17:41:59.586+0000] {spark_submit.py:536} INFO - 24/01/05 17:41:59 INFO InMemoryFileIndex: It took 2 ms to list leaf files for 1 paths.
[2024-01-05T17:42:03.719+0000] {spark_submit.py:536} INFO - 24/01/05 17:42:03 INFO FileSourceStrategy: Pushed Filters:
[2024-01-05T17:42:03.724+0000] {spark_submit.py:536} INFO - 24/01/05 17:42:03 INFO FileSourceStrategy: Post-Scan Filters:
[2024-01-05T17:42:03.733+0000] {spark_submit.py:536} INFO - 24/01/05 17:42:03 INFO FileSourceStrategy: Output Data Schema: struct<value: string>
[2024-01-05T17:42:04.413+0000] {spark_submit.py:536} INFO - 24/01/05 17:42:04 INFO MemoryStore: Block broadcast_0 stored as values in memory (estimated size 303.1 KiB, free 366.0 MiB)
[2024-01-05T17:42:04.542+0000] {spark_submit.py:536} INFO - 24/01/05 17:42:04 INFO MemoryStore: Block broadcast_0_piece0 stored as bytes in memory (estimated size 27.4 KiB, free 366.0 MiB)
[2024-01-05T17:42:04.547+0000] {spark_submit.py:536} INFO - 24/01/05 17:42:04 INFO BlockManagerInfo: Added broadcast_0_piece0 in memory on airflow.Home:39365 (size: 27.4 KiB, free: 366.3 MiB)
[2024-01-05T17:42:04.561+0000] {spark_submit.py:536} INFO - 24/01/05 17:42:04 INFO SparkContext: Created broadcast 0 from json at NativeMethodAccessorImpl.java:0
[2024-01-05T17:42:04.582+0000] {spark_submit.py:536} INFO - 24/01/05 17:42:04 INFO FileSourceScanExec: Planning scan with bin packing, max size: 4198816 bytes, open cost is considered as scanning 4194304 bytes.
[2024-01-05T17:42:04.904+0000] {spark_submit.py:536} INFO - 24/01/05 17:42:04 INFO SparkContext: Starting job: json at NativeMethodAccessorImpl.java:0
[2024-01-05T17:42:04.942+0000] {spark_submit.py:536} INFO - 24/01/05 17:42:04 INFO DAGScheduler: Got job 0 (json at NativeMethodAccessorImpl.java:0) with 1 output partitions
[2024-01-05T17:42:04.943+0000] {spark_submit.py:536} INFO - 24/01/05 17:42:04 INFO DAGScheduler: Final stage: ResultStage 0 (json at NativeMethodAccessorImpl.java:0)
[2024-01-05T17:42:04.944+0000] {spark_submit.py:536} INFO - 24/01/05 17:42:04 INFO DAGScheduler: Parents of final stage: List()
[2024-01-05T17:42:04.947+0000] {spark_submit.py:536} INFO - 24/01/05 17:42:04 INFO DAGScheduler: Missing parents: List()
[2024-01-05T17:42:04.959+0000] {spark_submit.py:536} INFO - 24/01/05 17:42:04 INFO DAGScheduler: Submitting ResultStage 0 (MapPartitionsRDD[3] at json at NativeMethodAccessorImpl.java:0), which has no missing parents
[2024-01-05T17:42:05.197+0000] {spark_submit.py:536} INFO - 24/01/05 17:42:05 INFO MemoryStore: Block broadcast_1 stored as values in memory (estimated size 12.0 KiB, free 366.0 MiB)
[2024-01-05T17:42:05.228+0000] {spark_submit.py:536} INFO - 24/01/05 17:42:05 INFO MemoryStore: Block broadcast_1_piece0 stored as bytes in memory (estimated size 6.3 KiB, free 366.0 MiB)
[2024-01-05T17:42:05.239+0000] {spark_submit.py:536} INFO - 24/01/05 17:42:05 INFO BlockManagerInfo: Added broadcast_1_piece0 in memory on airflow.Home:39365 (size: 6.3 KiB, free: 366.3 MiB)
[2024-01-05T17:42:05.239+0000] {spark_submit.py:536} INFO - 24/01/05 17:42:05 INFO SparkContext: Created broadcast 1 from broadcast at DAGScheduler.scala:1433
[2024-01-05T17:42:05.258+0000] {spark_submit.py:536} INFO - 24/01/05 17:42:05 INFO DAGScheduler: Submitting 1 missing tasks from ResultStage 0 (MapPartitionsRDD[3] at json at NativeMethodAccessorImpl.java:0) (first 15 tasks are for partitions Vector(0))
[2024-01-05T17:42:05.261+0000] {spark_submit.py:536} INFO - 24/01/05 17:42:05 INFO TaskSchedulerImpl: Adding task set 0.0 with 1 tasks resource profile 0
[2024-01-05T17:42:05.387+0000] {spark_submit.py:536} INFO - 24/01/05 17:42:05 INFO TaskSetManager: Starting task 0.0 in stage 0.0 (TID 0) (airflow.Home, executor driver, partition 0, PROCESS_LOCAL, 4905 bytes) taskResourceAssignments Map()
[2024-01-05T17:42:05.483+0000] {spark_submit.py:536} INFO - 24/01/05 17:42:05 INFO Executor: Running task 0.0 in stage 0.0 (TID 0)
[2024-01-05T17:42:06.366+0000] {spark_submit.py:536} INFO - 24/01/05 17:42:06 INFO FileScanRDD: Reading File path: file:///home/eder/Desktop/Airflow/Twitter/data/raw/2023-12-30/%202023-12-30.json, range: 0-4512, partition values: [empty row]
[2024-01-05T17:42:06.963+0000] {spark_submit.py:536} INFO - 24/01/05 17:42:06 INFO CodeGenerator: Code generated in 349.276244 ms
[2024-01-05T17:42:07.072+0000] {spark_submit.py:536} INFO - 24/01/05 17:42:07 INFO Executor: Finished task 0.0 in stage 0.0 (TID 0). 2768 bytes result sent to driver
[2024-01-05T17:42:07.100+0000] {spark_submit.py:536} INFO - 24/01/05 17:42:07 INFO TaskSetManager: Finished task 0.0 in stage 0.0 (TID 0) in 1748 ms on airflow.Home (executor driver) (1/1)
[2024-01-05T17:42:07.107+0000] {spark_submit.py:536} INFO - 24/01/05 17:42:07 INFO TaskSchedulerImpl: Removed TaskSet 0.0, whose tasks have all completed, from pool
[2024-01-05T17:42:07.120+0000] {spark_submit.py:536} INFO - 24/01/05 17:42:07 INFO DAGScheduler: ResultStage 0 (json at NativeMethodAccessorImpl.java:0) finished in 2.122 s
[2024-01-05T17:42:07.298+0000] {spark_submit.py:536} INFO - 24/01/05 17:42:07 INFO DAGScheduler: Job 0 is finished. Cancelling potential speculative or zombie tasks for this job
[2024-01-05T17:42:07.299+0000] {spark_submit.py:536} INFO - 24/01/05 17:42:07 INFO TaskSchedulerImpl: Killing all running tasks in stage 0: Stage finished
[2024-01-05T17:42:07.313+0000] {spark_submit.py:536} INFO - 24/01/05 17:42:07 INFO DAGScheduler: Job 0 finished: json at NativeMethodAccessorImpl.java:0, took 2.406260 s
[2024-01-05T17:42:08.368+0000] {spark_submit.py:536} INFO - 24/01/05 17:42:08 INFO FileSourceStrategy: Pushed Filters: IsNotNull(data)
[2024-01-05T17:42:08.371+0000] {spark_submit.py:536} INFO - 24/01/05 17:42:08 INFO FileSourceStrategy: Post-Scan Filters: (size(data#7, true) > 0),isnotnull(data#7)
[2024-01-05T17:42:08.374+0000] {spark_submit.py:536} INFO - 24/01/05 17:42:08 INFO FileSourceStrategy: Output Data Schema: struct<data: array<struct<author_id:string,conversation_id:string,created_at:string,edit_history_tweet_ids:array<bigint>,id:string,in_reply_to_user_id:string,lang:string,public_metrics:struct<like_count:bigint,quote_count:bigint,reply_count:bigint,retweet_count:bigint>,text:string>>>
[2024-01-05T17:42:08.655+0000] {spark_submit.py:536} INFO - 24/01/05 17:42:08 INFO FileOutputCommitter: File Output Committer Algorithm version is 1
[2024-01-05T17:42:08.660+0000] {spark_submit.py:536} INFO - 24/01/05 17:42:08 INFO FileOutputCommitter: FileOutputCommitter skip cleanup _temporary folders under output directory:false, ignore cleanup failures: false
[2024-01-05T17:42:08.676+0000] {spark_submit.py:536} INFO - 24/01/05 17:42:08 INFO SQLHadoopMapReduceCommitProtocol: Using output committer class org.apache.hadoop.mapreduce.lib.output.FileOutputCommitter
[2024-01-05T17:42:09.047+0000] {spark_submit.py:536} INFO - 24/01/05 17:42:09 INFO CodeGenerator: Code generated in 72.786091 ms
[2024-01-05T17:42:09.121+0000] {spark_submit.py:536} INFO - 24/01/05 17:42:09 INFO CodeGenerator: Code generated in 45.614542 ms
[2024-01-05T17:42:09.131+0000] {spark_submit.py:536} INFO - 24/01/05 17:42:09 INFO MemoryStore: Block broadcast_2 stored as values in memory (estimated size 303.0 KiB, free 365.7 MiB)
[2024-01-05T17:42:09.141+0000] {spark_submit.py:536} INFO - 24/01/05 17:42:09 INFO MemoryStore: Block broadcast_2_piece0 stored as bytes in memory (estimated size 27.5 KiB, free 365.6 MiB)
[2024-01-05T17:42:09.149+0000] {spark_submit.py:536} INFO - 24/01/05 17:42:09 INFO BlockManagerInfo: Added broadcast_2_piece0 in memory on airflow.Home:39365 (size: 27.5 KiB, free: 366.2 MiB)
[2024-01-05T17:42:09.155+0000] {spark_submit.py:536} INFO - 24/01/05 17:42:09 INFO SparkContext: Created broadcast 2 from json at NativeMethodAccessorImpl.java:0
[2024-01-05T17:42:09.170+0000] {spark_submit.py:536} INFO - 24/01/05 17:42:09 INFO FileSourceScanExec: Planning scan with bin packing, max size: 4198816 bytes, open cost is considered as scanning 4194304 bytes.
[2024-01-05T17:42:09.268+0000] {spark_submit.py:536} INFO - 24/01/05 17:42:09 INFO SparkContext: Starting job: json at NativeMethodAccessorImpl.java:0
[2024-01-05T17:42:09.272+0000] {spark_submit.py:536} INFO - 24/01/05 17:42:09 INFO DAGScheduler: Got job 1 (json at NativeMethodAccessorImpl.java:0) with 1 output partitions
[2024-01-05T17:42:09.280+0000] {spark_submit.py:536} INFO - 24/01/05 17:42:09 INFO DAGScheduler: Final stage: ResultStage 1 (json at NativeMethodAccessorImpl.java:0)
[2024-01-05T17:42:09.282+0000] {spark_submit.py:536} INFO - 24/01/05 17:42:09 INFO DAGScheduler: Parents of final stage: List()
[2024-01-05T17:42:09.283+0000] {spark_submit.py:536} INFO - 24/01/05 17:42:09 INFO DAGScheduler: Missing parents: List()
[2024-01-05T17:42:09.334+0000] {spark_submit.py:536} INFO - 24/01/05 17:42:09 INFO DAGScheduler: Submitting ResultStage 1 (CoalescedRDD[9] at json at NativeMethodAccessorImpl.java:0), which has no missing parents
[2024-01-05T17:42:09.589+0000] {spark_submit.py:536} INFO - 24/01/05 17:42:09 INFO MemoryStore: Block broadcast_3 stored as values in memory (estimated size 189.7 KiB, free 365.5 MiB)
[2024-01-05T17:42:09.591+0000] {spark_submit.py:536} INFO - 24/01/05 17:42:09 INFO MemoryStore: Block broadcast_3_piece0 stored as bytes in memory (estimated size 66.4 KiB, free 365.4 MiB)
[2024-01-05T17:42:09.593+0000] {spark_submit.py:536} INFO - 24/01/05 17:42:09 INFO BlockManagerInfo: Added broadcast_3_piece0 in memory on airflow.Home:39365 (size: 66.4 KiB, free: 366.2 MiB)
[2024-01-05T17:42:09.603+0000] {spark_submit.py:536} INFO - 24/01/05 17:42:09 INFO SparkContext: Created broadcast 3 from broadcast at DAGScheduler.scala:1433
[2024-01-05T17:42:09.607+0000] {spark_submit.py:536} INFO - 24/01/05 17:42:09 INFO DAGScheduler: Submitting 1 missing tasks from ResultStage 1 (CoalescedRDD[9] at json at NativeMethodAccessorImpl.java:0) (first 15 tasks are for partitions Vector(0))
[2024-01-05T17:42:09.616+0000] {spark_submit.py:536} INFO - 24/01/05 17:42:09 INFO TaskSchedulerImpl: Adding task set 1.0 with 1 tasks resource profile 0
[2024-01-05T17:42:09.622+0000] {spark_submit.py:536} INFO - 24/01/05 17:42:09 INFO TaskSetManager: Starting task 0.0 in stage 1.0 (TID 1) (airflow.Home, executor driver, partition 0, PROCESS_LOCAL, 5134 bytes) taskResourceAssignments Map()
[2024-01-05T17:42:09.624+0000] {spark_submit.py:536} INFO - 24/01/05 17:42:09 INFO Executor: Running task 0.0 in stage 1.0 (TID 1)
[2024-01-05T17:42:09.738+0000] {spark_submit.py:536} INFO - 24/01/05 17:42:09 INFO FileOutputCommitter: File Output Committer Algorithm version is 1
[2024-01-05T17:42:09.739+0000] {spark_submit.py:536} INFO - 24/01/05 17:42:09 INFO FileOutputCommitter: FileOutputCommitter skip cleanup _temporary folders under output directory:false, ignore cleanup failures: false
[2024-01-05T17:42:09.741+0000] {spark_submit.py:536} INFO - 24/01/05 17:42:09 INFO SQLHadoopMapReduceCommitProtocol: Using output committer class org.apache.hadoop.mapreduce.lib.output.FileOutputCommitter
[2024-01-05T17:42:10.181+0000] {spark_submit.py:536} INFO - 24/01/05 17:42:10 INFO CodeGenerator: Code generated in 62.381333 ms
[2024-01-05T17:42:10.191+0000] {spark_submit.py:536} INFO - 24/01/05 17:42:10 INFO FileScanRDD: Reading File path: file:///home/eder/Desktop/Airflow/Twitter/data/raw/2023-12-30/%202023-12-30.json, range: 0-4512, partition values: [empty row]
[2024-01-05T17:42:10.226+0000] {spark_submit.py:536} INFO - 24/01/05 17:42:10 INFO CodeGenerator: Code generated in 29.240822 ms
[2024-01-05T17:42:10.273+0000] {spark_submit.py:536} INFO - 24/01/05 17:42:10 INFO CodeGenerator: Code generated in 10.999251 ms
[2024-01-05T17:42:10.351+0000] {spark_submit.py:536} INFO - 24/01/05 17:42:10 INFO FileOutputCommitter: Saved output of task 'attempt_202401051742094156089872431122519_0001_m_000000_1' to file:/home/eder/Desktop/Airflow/Twitter/data/processed/tweets/2023-12-30/_temporary/0/task_202401051742094156089872431122519_0001_m_000000
[2024-01-05T17:42:10.352+0000] {spark_submit.py:536} INFO - 24/01/05 17:42:10 INFO SparkHadoopMapRedUtil: attempt_202401051742094156089872431122519_0001_m_000000_1: Committed
[2024-01-05T17:42:10.359+0000] {spark_submit.py:536} INFO - 24/01/05 17:42:10 INFO Executor: Finished task 0.0 in stage 1.0 (TID 1). 2901 bytes result sent to driver
[2024-01-05T17:42:10.364+0000] {spark_submit.py:536} INFO - 24/01/05 17:42:10 INFO TaskSetManager: Finished task 0.0 in stage 1.0 (TID 1) in 757 ms on airflow.Home (executor driver) (1/1)
[2024-01-05T17:42:10.364+0000] {spark_submit.py:536} INFO - 24/01/05 17:42:10 INFO TaskSchedulerImpl: Removed TaskSet 1.0, whose tasks have all completed, from pool
[2024-01-05T17:42:10.365+0000] {spark_submit.py:536} INFO - 24/01/05 17:42:10 INFO DAGScheduler: ResultStage 1 (json at NativeMethodAccessorImpl.java:0) finished in 1.032 s
[2024-01-05T17:42:10.366+0000] {spark_submit.py:536} INFO - 24/01/05 17:42:10 INFO DAGScheduler: Job 1 is finished. Cancelling potential speculative or zombie tasks for this job
[2024-01-05T17:42:10.366+0000] {spark_submit.py:536} INFO - 24/01/05 17:42:10 INFO TaskSchedulerImpl: Killing all running tasks in stage 1: Stage finished
[2024-01-05T17:42:10.368+0000] {spark_submit.py:536} INFO - 24/01/05 17:42:10 INFO DAGScheduler: Job 1 finished: json at NativeMethodAccessorImpl.java:0, took 1.099624 s
[2024-01-05T17:42:10.433+0000] {spark_submit.py:536} INFO - 24/01/05 17:42:10 INFO FileFormatWriter: Write Job 91a6ae72-c745-4bc7-b826-40d84a480f85 committed.
[2024-01-05T17:42:10.463+0000] {spark_submit.py:536} INFO - 24/01/05 17:42:10 INFO FileFormatWriter: Finished processing stats for write job 91a6ae72-c745-4bc7-b826-40d84a480f85.
[2024-01-05T17:42:10.626+0000] {spark_submit.py:536} INFO - 24/01/05 17:42:10 INFO FileSourceStrategy: Pushed Filters:
[2024-01-05T17:42:10.627+0000] {spark_submit.py:536} INFO - 24/01/05 17:42:10 INFO FileSourceStrategy: Post-Scan Filters:
[2024-01-05T17:42:10.628+0000] {spark_submit.py:536} INFO - 24/01/05 17:42:10 INFO FileSourceStrategy: Output Data Schema: struct<includes: struct<users: array<struct<created_at:string,id:string,name:string,username:string>>>>
[2024-01-05T17:42:10.675+0000] {spark_submit.py:536} INFO - 24/01/05 17:42:10 INFO FileOutputCommitter: File Output Committer Algorithm version is 1
[2024-01-05T17:42:10.676+0000] {spark_submit.py:536} INFO - 24/01/05 17:42:10 INFO FileOutputCommitter: FileOutputCommitter skip cleanup _temporary folders under output directory:false, ignore cleanup failures: false
[2024-01-05T17:42:10.683+0000] {spark_submit.py:536} INFO - 24/01/05 17:42:10 INFO SQLHadoopMapReduceCommitProtocol: Using output committer class org.apache.hadoop.mapreduce.lib.output.FileOutputCommitter
[2024-01-05T17:42:10.907+0000] {spark_submit.py:536} INFO - 24/01/05 17:42:10 INFO BlockManagerInfo: Removed broadcast_3_piece0 on airflow.Home:39365 in memory (size: 66.4 KiB, free: 366.2 MiB)
[2024-01-05T17:42:10.988+0000] {spark_submit.py:536} INFO - 24/01/05 17:42:10 INFO CodeGenerator: Code generated in 21.692316 ms
[2024-01-05T17:42:10.992+0000] {spark_submit.py:536} INFO - 24/01/05 17:42:10 INFO MemoryStore: Block broadcast_4 stored as values in memory (estimated size 303.0 KiB, free 365.3 MiB)
[2024-01-05T17:42:11.002+0000] {spark_submit.py:536} INFO - 24/01/05 17:42:11 INFO MemoryStore: Block broadcast_4_piece0 stored as bytes in memory (estimated size 27.5 KiB, free 365.3 MiB)
[2024-01-05T17:42:11.003+0000] {spark_submit.py:536} INFO - 24/01/05 17:42:11 INFO BlockManagerInfo: Added broadcast_4_piece0 in memory on airflow.Home:39365 (size: 27.5 KiB, free: 366.2 MiB)
[2024-01-05T17:42:11.004+0000] {spark_submit.py:536} INFO - 24/01/05 17:42:11 INFO SparkContext: Created broadcast 4 from json at NativeMethodAccessorImpl.java:0
[2024-01-05T17:42:11.006+0000] {spark_submit.py:536} INFO - 24/01/05 17:42:11 INFO FileSourceScanExec: Planning scan with bin packing, max size: 4198816 bytes, open cost is considered as scanning 4194304 bytes.
[2024-01-05T17:42:11.023+0000] {spark_submit.py:536} INFO - 24/01/05 17:42:11 INFO SparkContext: Starting job: json at NativeMethodAccessorImpl.java:0
[2024-01-05T17:42:11.024+0000] {spark_submit.py:536} INFO - 24/01/05 17:42:11 INFO DAGScheduler: Got job 2 (json at NativeMethodAccessorImpl.java:0) with 1 output partitions
[2024-01-05T17:42:11.025+0000] {spark_submit.py:536} INFO - 24/01/05 17:42:11 INFO DAGScheduler: Final stage: ResultStage 2 (json at NativeMethodAccessorImpl.java:0)
[2024-01-05T17:42:11.025+0000] {spark_submit.py:536} INFO - 24/01/05 17:42:11 INFO DAGScheduler: Parents of final stage: List()
[2024-01-05T17:42:11.026+0000] {spark_submit.py:536} INFO - 24/01/05 17:42:11 INFO DAGScheduler: Missing parents: List()
[2024-01-05T17:42:11.031+0000] {spark_submit.py:536} INFO - 24/01/05 17:42:11 INFO DAGScheduler: Submitting ResultStage 2 (CoalescedRDD[16] at json at NativeMethodAccessorImpl.java:0), which has no missing parents
[2024-01-05T17:42:11.128+0000] {spark_submit.py:536} INFO - 24/01/05 17:42:11 INFO MemoryStore: Block broadcast_5 stored as values in memory (estimated size 178.0 KiB, free 365.1 MiB)
[2024-01-05T17:42:11.130+0000] {spark_submit.py:536} INFO - 24/01/05 17:42:11 INFO MemoryStore: Block broadcast_5_piece0 stored as bytes in memory (estimated size 63.8 KiB, free 365.1 MiB)
[2024-01-05T17:42:11.139+0000] {spark_submit.py:536} INFO - 24/01/05 17:42:11 INFO BlockManagerInfo: Added broadcast_5_piece0 in memory on airflow.Home:39365 (size: 63.8 KiB, free: 366.2 MiB)
[2024-01-05T17:42:11.139+0000] {spark_submit.py:536} INFO - 24/01/05 17:42:11 INFO SparkContext: Created broadcast 5 from broadcast at DAGScheduler.scala:1433
[2024-01-05T17:42:11.139+0000] {spark_submit.py:536} INFO - 24/01/05 17:42:11 INFO DAGScheduler: Submitting 1 missing tasks from ResultStage 2 (CoalescedRDD[16] at json at NativeMethodAccessorImpl.java:0) (first 15 tasks are for partitions Vector(0))
[2024-01-05T17:42:11.139+0000] {spark_submit.py:536} INFO - 24/01/05 17:42:11 INFO TaskSchedulerImpl: Adding task set 2.0 with 1 tasks resource profile 0
[2024-01-05T17:42:11.142+0000] {spark_submit.py:536} INFO - 24/01/05 17:42:11 INFO TaskSetManager: Starting task 0.0 in stage 2.0 (TID 2) (airflow.Home, executor driver, partition 0, PROCESS_LOCAL, 5134 bytes) taskResourceAssignments Map()
[2024-01-05T17:42:11.143+0000] {spark_submit.py:536} INFO - 24/01/05 17:42:11 INFO Executor: Running task 0.0 in stage 2.0 (TID 2)
[2024-01-05T17:42:11.168+0000] {spark_submit.py:536} INFO - 24/01/05 17:42:11 INFO FileOutputCommitter: File Output Committer Algorithm version is 1
[2024-01-05T17:42:11.171+0000] {spark_submit.py:536} INFO - 24/01/05 17:42:11 INFO FileOutputCommitter: FileOutputCommitter skip cleanup _temporary folders under output directory:false, ignore cleanup failures: false
[2024-01-05T17:42:11.172+0000] {spark_submit.py:536} INFO - 24/01/05 17:42:11 INFO SQLHadoopMapReduceCommitProtocol: Using output committer class org.apache.hadoop.mapreduce.lib.output.FileOutputCommitter
[2024-01-05T17:42:11.439+0000] {spark_submit.py:536} INFO - 24/01/05 17:42:11 INFO CodeGenerator: Code generated in 20.713693 ms
[2024-01-05T17:42:11.446+0000] {spark_submit.py:536} INFO - 24/01/05 17:42:11 INFO FileScanRDD: Reading File path: file:///home/eder/Desktop/Airflow/Twitter/data/raw/2023-12-30/%202023-12-30.json, range: 0-4512, partition values: [empty row]
[2024-01-05T17:42:11.469+0000] {spark_submit.py:536} INFO - 24/01/05 17:42:11 INFO CodeGenerator: Code generated in 20.596358 ms
[2024-01-05T17:42:11.486+0000] {spark_submit.py:536} INFO - 24/01/05 17:42:11 INFO FileOutputCommitter: Saved output of task 'attempt_202401051742114278480558139890783_0002_m_000000_2' to file:/home/eder/Desktop/Airflow/Twitter/data/processed/users/2023-12-30/_temporary/0/task_202401051742114278480558139890783_0002_m_000000
[2024-01-05T17:42:11.486+0000] {spark_submit.py:536} INFO - 24/01/05 17:42:11 INFO SparkHadoopMapRedUtil: attempt_202401051742114278480558139890783_0002_m_000000_2: Committed
[2024-01-05T17:42:11.488+0000] {spark_submit.py:536} INFO - 24/01/05 17:42:11 INFO Executor: Finished task 0.0 in stage 2.0 (TID 2). 2734 bytes result sent to driver
[2024-01-05T17:42:11.499+0000] {spark_submit.py:536} INFO - 24/01/05 17:42:11 INFO TaskSetManager: Finished task 0.0 in stage 2.0 (TID 2) in 362 ms on airflow.Home (executor driver) (1/1)
[2024-01-05T17:42:11.500+0000] {spark_submit.py:536} INFO - 24/01/05 17:42:11 INFO DAGScheduler: ResultStage 2 (json at NativeMethodAccessorImpl.java:0) finished in 0.467 s
[2024-01-05T17:42:11.500+0000] {spark_submit.py:536} INFO - 24/01/05 17:42:11 INFO DAGScheduler: Job 2 is finished. Cancelling potential speculative or zombie tasks for this job
[2024-01-05T17:42:11.501+0000] {spark_submit.py:536} INFO - 24/01/05 17:42:11 INFO TaskSchedulerImpl: Removed TaskSet 2.0, whose tasks have all completed, from pool
[2024-01-05T17:42:11.501+0000] {spark_submit.py:536} INFO - 24/01/05 17:42:11 INFO TaskSchedulerImpl: Killing all running tasks in stage 2: Stage finished
[2024-01-05T17:42:11.503+0000] {spark_submit.py:536} INFO - 24/01/05 17:42:11 INFO DAGScheduler: Job 2 finished: json at NativeMethodAccessorImpl.java:0, took 0.479894 s
[2024-01-05T17:42:11.559+0000] {spark_submit.py:536} INFO - 24/01/05 17:42:11 INFO FileFormatWriter: Write Job 25284dd0-8580-40ac-a349-c8966b10bcb0 committed.
[2024-01-05T17:42:11.563+0000] {spark_submit.py:536} INFO - 24/01/05 17:42:11 INFO FileFormatWriter: Finished processing stats for write job 25284dd0-8580-40ac-a349-c8966b10bcb0.
[2024-01-05T17:42:11.953+0000] {spark_submit.py:536} INFO - 24/01/05 17:42:11 INFO SparkContext: Invoking stop() from shutdown hook
[2024-01-05T17:42:12.012+0000] {spark_submit.py:536} INFO - 24/01/05 17:42:12 INFO SparkUI: Stopped Spark web UI at http://airflow.Home:4040
[2024-01-05T17:42:12.160+0000] {spark_submit.py:536} INFO - 24/01/05 17:42:12 INFO MapOutputTrackerMasterEndpoint: MapOutputTrackerMasterEndpoint stopped!
[2024-01-05T17:42:12.211+0000] {spark_submit.py:536} INFO - 24/01/05 17:42:12 INFO MemoryStore: MemoryStore cleared
[2024-01-05T17:42:12.212+0000] {spark_submit.py:536} INFO - 24/01/05 17:42:12 INFO BlockManager: BlockManager stopped
[2024-01-05T17:42:12.219+0000] {spark_submit.py:536} INFO - 24/01/05 17:42:12 INFO BlockManagerMaster: BlockManagerMaster stopped
[2024-01-05T17:42:12.245+0000] {spark_submit.py:536} INFO - 24/01/05 17:42:12 INFO OutputCommitCoordinator$OutputCommitCoordinatorEndpoint: OutputCommitCoordinator stopped!
[2024-01-05T17:42:12.343+0000] {spark_submit.py:536} INFO - 24/01/05 17:42:12 INFO SparkContext: Successfully stopped SparkContext
[2024-01-05T17:42:12.354+0000] {spark_submit.py:536} INFO - 24/01/05 17:42:12 INFO ShutdownHookManager: Shutdown hook called
[2024-01-05T17:42:12.358+0000] {spark_submit.py:536} INFO - 24/01/05 17:42:12 INFO ShutdownHookManager: Deleting directory /tmp/spark-7bb13e2d-c365-47b7-99ac-e3c7e2e1e922
[2024-01-05T17:42:12.379+0000] {spark_submit.py:536} INFO - 24/01/05 17:42:12 INFO ShutdownHookManager: Deleting directory /tmp/spark-013c6f5e-b087-455a-a230-3e22f04398e4
[2024-01-05T17:42:12.415+0000] {spark_submit.py:536} INFO - 24/01/05 17:42:12 INFO ShutdownHookManager: Deleting directory /tmp/spark-013c6f5e-b087-455a-a230-3e22f04398e4/pyspark-1b3f52d1-6dbb-49aa-9c62-af861182a5ec
[2024-01-05T17:42:12.514+0000] {taskinstance.py:1138} INFO - Marking task as SUCCESS. dag_id=TwitterDAG, task_id=transform_twitter_data, execution_date=20231230T000000, start_date=20240105T174147, end_date=20240105T174212
[2024-01-05T17:42:12.573+0000] {local_task_job_runner.py:234} INFO - Task exited with return code 0
[2024-01-05T17:42:12.588+0000] {taskinstance.py:3281} INFO - 1 downstream tasks scheduled from follow-on schedule check
[2024-01-05T18:02:24.193+0000] {taskinstance.py:1957} INFO - Dependencies all met for dep_context=non-requeueable deps ti=<TaskInstance: TwitterDAG.transform_twitter_data scheduled__2023-12-30T00:00:00+00:00 [queued]>
[2024-01-05T18:02:24.205+0000] {taskinstance.py:1957} INFO - Dependencies all met for dep_context=requeueable deps ti=<TaskInstance: TwitterDAG.transform_twitter_data scheduled__2023-12-30T00:00:00+00:00 [queued]>
[2024-01-05T18:02:24.205+0000] {taskinstance.py:2171} INFO - Starting attempt 1 of 1
[2024-01-05T18:02:24.294+0000] {taskinstance.py:2192} INFO - Executing <Task(SparkSubmitOperator): transform_twitter_data> on 2023-12-30 00:00:00+00:00
[2024-01-05T18:02:24.307+0000] {standard_task_runner.py:60} INFO - Started process 35416 to run task
[2024-01-05T18:02:24.312+0000] {standard_task_runner.py:87} INFO - Running: ['airflow', 'tasks', 'run', 'TwitterDAG', 'transform_twitter_data', 'scheduled__2023-12-30T00:00:00+00:00', '--job-id', '88', '--raw', '--subdir', 'DAGS_FOLDER/twitter_dag.py', '--cfg-path', '/tmp/tmpf4vuy5x4']
[2024-01-05T18:02:24.312+0000] {standard_task_runner.py:88} INFO - Job 88: Subtask transform_twitter_data
[2024-01-05T18:02:24.442+0000] {task_command.py:423} INFO - Running <TaskInstance: TwitterDAG.transform_twitter_data scheduled__2023-12-30T00:00:00+00:00 [running]> on host airflow.vm.local
[2024-01-05T18:02:24.508+0000] {taskinstance.py:2481} INFO - Exporting env vars: AIRFLOW_CTX_DAG_OWNER='airflow' AIRFLOW_CTX_DAG_ID='TwitterDAG' AIRFLOW_CTX_TASK_ID='transform_twitter_data' AIRFLOW_CTX_EXECUTION_DATE='2023-12-30T00:00:00+00:00' AIRFLOW_CTX_TRY_NUMBER='1' AIRFLOW_CTX_DAG_RUN_ID='scheduled__2023-12-30T00:00:00+00:00'
[2024-01-05T18:02:24.513+0000] {base.py:83} INFO - Using connection ID 'spark_default' for task execution.
[2024-01-05T18:02:24.514+0000] {spark_submit.py:366} INFO - Spark-Submit cmd: spark-submit --master local --name Twitter Transformation --queue root.default /home/eder/Desktop/Airflow/Twitter/src/spark/transformation.py --src /home/eder/Desktop/Airflow/Twitter/data/raw/2023-12-30 --dest /home/eder/Desktop/Airflow/Twitter/data/processed/ --process_date 2023-12-30
[2024-01-05T18:02:27.373+0000] {spark_submit.py:536} INFO - 24/01/05 18:02:27 WARN Utils: Your hostname, airflow resolves to a loopback address: 127.0.1.1; using 192.168.1.79 instead (on interface enp0s3)
[2024-01-05T18:02:27.374+0000] {spark_submit.py:536} INFO - 24/01/05 18:02:27 WARN Utils: Set SPARK_LOCAL_IP if you need to bind to another address
[2024-01-05T18:02:28.242+0000] {spark_submit.py:536} INFO - 24/01/05 18:02:28 WARN NativeCodeLoader: Unable to load native-hadoop library for your platform... using builtin-java classes where applicable
[2024-01-05T18:02:29.212+0000] {spark_submit.py:536} INFO - Using Spark's default log4j profile: org/apache/spark/log4j-defaults.properties
[2024-01-05T18:02:29.237+0000] {spark_submit.py:536} INFO - 24/01/05 18:02:29 INFO SparkContext: Running Spark version 3.1.3
[2024-01-05T18:02:29.348+0000] {spark_submit.py:536} INFO - 24/01/05 18:02:29 INFO ResourceUtils: ==============================================================
[2024-01-05T18:02:29.349+0000] {spark_submit.py:536} INFO - 24/01/05 18:02:29 INFO ResourceUtils: No custom resources configured for spark.driver.
[2024-01-05T18:02:29.352+0000] {spark_submit.py:536} INFO - 24/01/05 18:02:29 INFO ResourceUtils: ==============================================================
[2024-01-05T18:02:29.354+0000] {spark_submit.py:536} INFO - 24/01/05 18:02:29 INFO SparkContext: Submitted application: Data Transformation
[2024-01-05T18:02:29.475+0000] {spark_submit.py:536} INFO - 24/01/05 18:02:29 INFO ResourceProfile: Default ResourceProfile created, executor resources: Map(cores -> name: cores, amount: 1, script: , vendor: , memory -> name: memory, amount: 1024, script: , vendor: , offHeap -> name: offHeap, amount: 0, script: , vendor: ), task resources: Map(cpus -> name: cpus, amount: 1.0)
[2024-01-05T18:02:29.504+0000] {spark_submit.py:536} INFO - 24/01/05 18:02:29 INFO ResourceProfile: Limiting resource is cpu
[2024-01-05T18:02:29.507+0000] {spark_submit.py:536} INFO - 24/01/05 18:02:29 INFO ResourceProfileManager: Added ResourceProfile id: 0
[2024-01-05T18:02:29.692+0000] {spark_submit.py:536} INFO - 24/01/05 18:02:29 INFO SecurityManager: Changing view acls to: eder
[2024-01-05T18:02:29.699+0000] {spark_submit.py:536} INFO - 24/01/05 18:02:29 INFO SecurityManager: Changing modify acls to: eder
[2024-01-05T18:02:29.699+0000] {spark_submit.py:536} INFO - 24/01/05 18:02:29 INFO SecurityManager: Changing view acls groups to:
[2024-01-05T18:02:29.700+0000] {spark_submit.py:536} INFO - 24/01/05 18:02:29 INFO SecurityManager: Changing modify acls groups to:
[2024-01-05T18:02:29.700+0000] {spark_submit.py:536} INFO - 24/01/05 18:02:29 INFO SecurityManager: SecurityManager: authentication disabled; ui acls disabled; users  with view permissions: Set(eder); groups with view permissions: Set(); users  with modify permissions: Set(eder); groups with modify permissions: Set()
[2024-01-05T18:02:30.171+0000] {spark_submit.py:536} INFO - 24/01/05 18:02:30 INFO Utils: Successfully started service 'sparkDriver' on port 39877.
[2024-01-05T18:02:30.239+0000] {spark_submit.py:536} INFO - 24/01/05 18:02:30 INFO SparkEnv: Registering MapOutputTracker
[2024-01-05T18:02:30.328+0000] {spark_submit.py:536} INFO - 24/01/05 18:02:30 INFO SparkEnv: Registering BlockManagerMaster
[2024-01-05T18:02:30.376+0000] {spark_submit.py:536} INFO - 24/01/05 18:02:30 INFO BlockManagerMasterEndpoint: Using org.apache.spark.storage.DefaultTopologyMapper for getting topology information
[2024-01-05T18:02:30.377+0000] {spark_submit.py:536} INFO - 24/01/05 18:02:30 INFO BlockManagerMasterEndpoint: BlockManagerMasterEndpoint up
[2024-01-05T18:02:30.388+0000] {spark_submit.py:536} INFO - 24/01/05 18:02:30 INFO SparkEnv: Registering BlockManagerMasterHeartbeat
[2024-01-05T18:02:30.454+0000] {spark_submit.py:536} INFO - 24/01/05 18:02:30 INFO DiskBlockManager: Created local directory at /tmp/blockmgr-0aa306ef-e716-4da8-a860-ce299bb316c7
[2024-01-05T18:02:30.527+0000] {spark_submit.py:536} INFO - 24/01/05 18:02:30 INFO MemoryStore: MemoryStore started with capacity 366.3 MiB
[2024-01-05T18:02:30.622+0000] {spark_submit.py:536} INFO - 24/01/05 18:02:30 INFO SparkEnv: Registering OutputCommitCoordinator
[2024-01-05T18:02:31.200+0000] {spark_submit.py:536} INFO - 24/01/05 18:02:31 INFO Utils: Successfully started service 'SparkUI' on port 4040.
[2024-01-05T18:02:31.373+0000] {spark_submit.py:536} INFO - 24/01/05 18:02:31 INFO SparkUI: Bound SparkUI to 0.0.0.0, and started at http://airflow.Home:4040
[2024-01-05T18:02:32.221+0000] {spark_submit.py:536} INFO - 24/01/05 18:02:32 INFO Executor: Starting executor ID driver on host airflow.Home
[2024-01-05T18:02:32.281+0000] {spark_submit.py:536} INFO - 24/01/05 18:02:32 INFO Utils: Successfully started service 'org.apache.spark.network.netty.NettyBlockTransferService' on port 38397.
[2024-01-05T18:02:32.282+0000] {spark_submit.py:536} INFO - 24/01/05 18:02:32 INFO NettyBlockTransferService: Server created on airflow.Home:38397
[2024-01-05T18:02:32.286+0000] {spark_submit.py:536} INFO - 24/01/05 18:02:32 INFO BlockManager: Using org.apache.spark.storage.RandomBlockReplicationPolicy for block replication policy
[2024-01-05T18:02:32.305+0000] {spark_submit.py:536} INFO - 24/01/05 18:02:32 INFO BlockManagerMaster: Registering BlockManager BlockManagerId(driver, airflow.Home, 38397, None)
[2024-01-05T18:02:32.320+0000] {spark_submit.py:536} INFO - 24/01/05 18:02:32 INFO BlockManagerMasterEndpoint: Registering block manager airflow.Home:38397 with 366.3 MiB RAM, BlockManagerId(driver, airflow.Home, 38397, None)
[2024-01-05T18:02:32.324+0000] {spark_submit.py:536} INFO - 24/01/05 18:02:32 INFO BlockManagerMaster: Registered BlockManager BlockManagerId(driver, airflow.Home, 38397, None)
[2024-01-05T18:02:32.332+0000] {spark_submit.py:536} INFO - 24/01/05 18:02:32 INFO BlockManager: Initialized BlockManager: BlockManagerId(driver, airflow.Home, 38397, None)
[2024-01-05T18:02:33.780+0000] {spark_submit.py:536} INFO - 24/01/05 18:02:33 INFO SharedState: Setting hive.metastore.warehouse.dir ('null') to the value of spark.sql.warehouse.dir ('file:/home/eder/Desktop/Airflow/Twitter/spark-warehouse').
[2024-01-05T18:02:33.781+0000] {spark_submit.py:536} INFO - 24/01/05 18:02:33 INFO SharedState: Warehouse path is 'file:/home/eder/Desktop/Airflow/Twitter/spark-warehouse'.
[2024-01-05T18:02:35.465+0000] {spark_submit.py:536} INFO - 24/01/05 18:02:35 INFO InMemoryFileIndex: It took 91 ms to list leaf files for 1 paths.
[2024-01-05T18:02:35.711+0000] {spark_submit.py:536} INFO - 24/01/05 18:02:35 INFO InMemoryFileIndex: It took 3 ms to list leaf files for 1 paths.
[2024-01-05T18:02:39.831+0000] {spark_submit.py:536} INFO - 24/01/05 18:02:39 INFO FileSourceStrategy: Pushed Filters:
[2024-01-05T18:02:39.834+0000] {spark_submit.py:536} INFO - 24/01/05 18:02:39 INFO FileSourceStrategy: Post-Scan Filters:
[2024-01-05T18:02:39.843+0000] {spark_submit.py:536} INFO - 24/01/05 18:02:39 INFO FileSourceStrategy: Output Data Schema: struct<value: string>
[2024-01-05T18:02:40.539+0000] {spark_submit.py:536} INFO - 24/01/05 18:02:40 INFO MemoryStore: Block broadcast_0 stored as values in memory (estimated size 303.1 KiB, free 366.0 MiB)
[2024-01-05T18:02:40.674+0000] {spark_submit.py:536} INFO - 24/01/05 18:02:40 INFO MemoryStore: Block broadcast_0_piece0 stored as bytes in memory (estimated size 27.4 KiB, free 366.0 MiB)
[2024-01-05T18:02:40.683+0000] {spark_submit.py:536} INFO - 24/01/05 18:02:40 INFO BlockManagerInfo: Added broadcast_0_piece0 in memory on airflow.Home:38397 (size: 27.4 KiB, free: 366.3 MiB)
[2024-01-05T18:02:40.694+0000] {spark_submit.py:536} INFO - 24/01/05 18:02:40 INFO SparkContext: Created broadcast 0 from json at NativeMethodAccessorImpl.java:0
[2024-01-05T18:02:40.727+0000] {spark_submit.py:536} INFO - 24/01/05 18:02:40 INFO FileSourceScanExec: Planning scan with bin packing, max size: 4198819 bytes, open cost is considered as scanning 4194304 bytes.
[2024-01-05T18:02:41.050+0000] {spark_submit.py:536} INFO - 24/01/05 18:02:41 INFO SparkContext: Starting job: json at NativeMethodAccessorImpl.java:0
[2024-01-05T18:02:41.090+0000] {spark_submit.py:536} INFO - 24/01/05 18:02:41 INFO DAGScheduler: Got job 0 (json at NativeMethodAccessorImpl.java:0) with 1 output partitions
[2024-01-05T18:02:41.091+0000] {spark_submit.py:536} INFO - 24/01/05 18:02:41 INFO DAGScheduler: Final stage: ResultStage 0 (json at NativeMethodAccessorImpl.java:0)
[2024-01-05T18:02:41.092+0000] {spark_submit.py:536} INFO - 24/01/05 18:02:41 INFO DAGScheduler: Parents of final stage: List()
[2024-01-05T18:02:41.099+0000] {spark_submit.py:536} INFO - 24/01/05 18:02:41 INFO DAGScheduler: Missing parents: List()
[2024-01-05T18:02:41.117+0000] {spark_submit.py:536} INFO - 24/01/05 18:02:41 INFO DAGScheduler: Submitting ResultStage 0 (MapPartitionsRDD[3] at json at NativeMethodAccessorImpl.java:0), which has no missing parents
[2024-01-05T18:02:41.445+0000] {spark_submit.py:536} INFO - 24/01/05 18:02:41 INFO MemoryStore: Block broadcast_1 stored as values in memory (estimated size 12.0 KiB, free 366.0 MiB)
[2024-01-05T18:02:41.451+0000] {spark_submit.py:536} INFO - 24/01/05 18:02:41 INFO MemoryStore: Block broadcast_1_piece0 stored as bytes in memory (estimated size 6.3 KiB, free 366.0 MiB)
[2024-01-05T18:02:41.459+0000] {spark_submit.py:536} INFO - 24/01/05 18:02:41 INFO BlockManagerInfo: Added broadcast_1_piece0 in memory on airflow.Home:38397 (size: 6.3 KiB, free: 366.3 MiB)
[2024-01-05T18:02:41.466+0000] {spark_submit.py:536} INFO - 24/01/05 18:02:41 INFO SparkContext: Created broadcast 1 from broadcast at DAGScheduler.scala:1433
[2024-01-05T18:02:41.494+0000] {spark_submit.py:536} INFO - 24/01/05 18:02:41 INFO DAGScheduler: Submitting 1 missing tasks from ResultStage 0 (MapPartitionsRDD[3] at json at NativeMethodAccessorImpl.java:0) (first 15 tasks are for partitions Vector(0))
[2024-01-05T18:02:41.500+0000] {spark_submit.py:536} INFO - 24/01/05 18:02:41 INFO TaskSchedulerImpl: Adding task set 0.0 with 1 tasks resource profile 0
[2024-01-05T18:02:41.618+0000] {spark_submit.py:536} INFO - 24/01/05 18:02:41 INFO TaskSetManager: Starting task 0.0 in stage 0.0 (TID 0) (airflow.Home, executor driver, partition 0, PROCESS_LOCAL, 4905 bytes) taskResourceAssignments Map()
[2024-01-05T18:02:41.667+0000] {spark_submit.py:536} INFO - 24/01/05 18:02:41 INFO Executor: Running task 0.0 in stage 0.0 (TID 0)
[2024-01-05T18:02:42.635+0000] {spark_submit.py:536} INFO - 24/01/05 18:02:42 INFO FileScanRDD: Reading File path: file:///home/eder/Desktop/Airflow/Twitter/data/raw/2023-12-30/%202023-12-30.json, range: 0-4515, partition values: [empty row]
[2024-01-05T18:02:43.190+0000] {spark_submit.py:536} INFO - 24/01/05 18:02:43 INFO CodeGenerator: Code generated in 334.874001 ms
[2024-01-05T18:02:43.295+0000] {spark_submit.py:536} INFO - 24/01/05 18:02:43 INFO Executor: Finished task 0.0 in stage 0.0 (TID 0). 2768 bytes result sent to driver
[2024-01-05T18:02:43.319+0000] {spark_submit.py:536} INFO - 24/01/05 18:02:43 INFO TaskSetManager: Finished task 0.0 in stage 0.0 (TID 0) in 1724 ms on airflow.Home (executor driver) (1/1)
[2024-01-05T18:02:43.327+0000] {spark_submit.py:536} INFO - 24/01/05 18:02:43 INFO TaskSchedulerImpl: Removed TaskSet 0.0, whose tasks have all completed, from pool
[2024-01-05T18:02:43.347+0000] {spark_submit.py:536} INFO - 24/01/05 18:02:43 INFO DAGScheduler: ResultStage 0 (json at NativeMethodAccessorImpl.java:0) finished in 2.182 s
[2024-01-05T18:02:43.597+0000] {spark_submit.py:536} INFO - 24/01/05 18:02:43 INFO DAGScheduler: Job 0 is finished. Cancelling potential speculative or zombie tasks for this job
[2024-01-05T18:02:43.597+0000] {spark_submit.py:536} INFO - 24/01/05 18:02:43 INFO TaskSchedulerImpl: Killing all running tasks in stage 0: Stage finished
[2024-01-05T18:02:43.610+0000] {spark_submit.py:536} INFO - 24/01/05 18:02:43 INFO DAGScheduler: Job 0 finished: json at NativeMethodAccessorImpl.java:0, took 2.558333 s
[2024-01-05T18:02:44.530+0000] {spark_submit.py:536} INFO - 24/01/05 18:02:44 INFO FileSourceStrategy: Pushed Filters: IsNotNull(data)
[2024-01-05T18:02:44.539+0000] {spark_submit.py:536} INFO - 24/01/05 18:02:44 INFO FileSourceStrategy: Post-Scan Filters: (size(data#7, true) > 0),isnotnull(data#7)
[2024-01-05T18:02:44.539+0000] {spark_submit.py:536} INFO - 24/01/05 18:02:44 INFO FileSourceStrategy: Output Data Schema: struct<data: array<struct<author_id:string,conversation_id:string,created_at:string,edit_history_tweet_ids:array<bigint>,id:string,in_reply_to_user_id:string,lang:string,public_metrics:struct<like_count:bigint,quote_count:bigint,reply_count:bigint,retweet_count:bigint>,text:string>>>
[2024-01-05T18:02:44.704+0000] {spark_submit.py:536} INFO - 24/01/05 18:02:44 INFO FileOutputCommitter: File Output Committer Algorithm version is 1
[2024-01-05T18:02:44.705+0000] {spark_submit.py:536} INFO - 24/01/05 18:02:44 INFO FileOutputCommitter: FileOutputCommitter skip cleanup _temporary folders under output directory:false, ignore cleanup failures: false
[2024-01-05T18:02:44.706+0000] {spark_submit.py:536} INFO - 24/01/05 18:02:44 INFO SQLHadoopMapReduceCommitProtocol: Using output committer class org.apache.hadoop.mapreduce.lib.output.FileOutputCommitter
[2024-01-05T18:02:45.011+0000] {spark_submit.py:536} INFO - 24/01/05 18:02:45 INFO CodeGenerator: Code generated in 94.796129 ms
[2024-01-05T18:02:45.099+0000] {spark_submit.py:536} INFO - 24/01/05 18:02:45 INFO CodeGenerator: Code generated in 61.044812 ms
[2024-01-05T18:02:45.115+0000] {spark_submit.py:536} INFO - 24/01/05 18:02:45 INFO MemoryStore: Block broadcast_2 stored as values in memory (estimated size 303.0 KiB, free 365.7 MiB)
[2024-01-05T18:02:45.127+0000] {spark_submit.py:536} INFO - 24/01/05 18:02:45 INFO MemoryStore: Block broadcast_2_piece0 stored as bytes in memory (estimated size 27.5 KiB, free 365.6 MiB)
[2024-01-05T18:02:45.128+0000] {spark_submit.py:536} INFO - 24/01/05 18:02:45 INFO BlockManagerInfo: Added broadcast_2_piece0 in memory on airflow.Home:38397 (size: 27.5 KiB, free: 366.2 MiB)
[2024-01-05T18:02:45.135+0000] {spark_submit.py:536} INFO - 24/01/05 18:02:45 INFO SparkContext: Created broadcast 2 from json at NativeMethodAccessorImpl.java:0
[2024-01-05T18:02:45.147+0000] {spark_submit.py:536} INFO - 24/01/05 18:02:45 INFO FileSourceScanExec: Planning scan with bin packing, max size: 4198819 bytes, open cost is considered as scanning 4194304 bytes.
[2024-01-05T18:02:45.263+0000] {spark_submit.py:536} INFO - 24/01/05 18:02:45 INFO SparkContext: Starting job: json at NativeMethodAccessorImpl.java:0
[2024-01-05T18:02:45.269+0000] {spark_submit.py:536} INFO - 24/01/05 18:02:45 INFO DAGScheduler: Got job 1 (json at NativeMethodAccessorImpl.java:0) with 1 output partitions
[2024-01-05T18:02:45.270+0000] {spark_submit.py:536} INFO - 24/01/05 18:02:45 INFO DAGScheduler: Final stage: ResultStage 1 (json at NativeMethodAccessorImpl.java:0)
[2024-01-05T18:02:45.270+0000] {spark_submit.py:536} INFO - 24/01/05 18:02:45 INFO DAGScheduler: Parents of final stage: List()
[2024-01-05T18:02:45.270+0000] {spark_submit.py:536} INFO - 24/01/05 18:02:45 INFO DAGScheduler: Missing parents: List()
[2024-01-05T18:02:45.276+0000] {spark_submit.py:536} INFO - 24/01/05 18:02:45 INFO DAGScheduler: Submitting ResultStage 1 (CoalescedRDD[9] at json at NativeMethodAccessorImpl.java:0), which has no missing parents
[2024-01-05T18:02:45.545+0000] {spark_submit.py:536} INFO - 24/01/05 18:02:45 INFO MemoryStore: Block broadcast_3 stored as values in memory (estimated size 189.7 KiB, free 365.5 MiB)
[2024-01-05T18:02:45.555+0000] {spark_submit.py:536} INFO - 24/01/05 18:02:45 INFO MemoryStore: Block broadcast_3_piece0 stored as bytes in memory (estimated size 66.4 KiB, free 365.4 MiB)
[2024-01-05T18:02:45.568+0000] {spark_submit.py:536} INFO - 24/01/05 18:02:45 INFO BlockManagerInfo: Added broadcast_3_piece0 in memory on airflow.Home:38397 (size: 66.4 KiB, free: 366.2 MiB)
[2024-01-05T18:02:45.572+0000] {spark_submit.py:536} INFO - 24/01/05 18:02:45 INFO SparkContext: Created broadcast 3 from broadcast at DAGScheduler.scala:1433
[2024-01-05T18:02:45.574+0000] {spark_submit.py:536} INFO - 24/01/05 18:02:45 INFO DAGScheduler: Submitting 1 missing tasks from ResultStage 1 (CoalescedRDD[9] at json at NativeMethodAccessorImpl.java:0) (first 15 tasks are for partitions Vector(0))
[2024-01-05T18:02:45.575+0000] {spark_submit.py:536} INFO - 24/01/05 18:02:45 INFO TaskSchedulerImpl: Adding task set 1.0 with 1 tasks resource profile 0
[2024-01-05T18:02:45.603+0000] {spark_submit.py:536} INFO - 24/01/05 18:02:45 INFO TaskSetManager: Starting task 0.0 in stage 1.0 (TID 1) (airflow.Home, executor driver, partition 0, PROCESS_LOCAL, 5134 bytes) taskResourceAssignments Map()
[2024-01-05T18:02:45.624+0000] {spark_submit.py:536} INFO - 24/01/05 18:02:45 INFO Executor: Running task 0.0 in stage 1.0 (TID 1)
[2024-01-05T18:02:45.798+0000] {spark_submit.py:536} INFO - 24/01/05 18:02:45 INFO FileOutputCommitter: File Output Committer Algorithm version is 1
[2024-01-05T18:02:45.798+0000] {spark_submit.py:536} INFO - 24/01/05 18:02:45 INFO FileOutputCommitter: FileOutputCommitter skip cleanup _temporary folders under output directory:false, ignore cleanup failures: false
[2024-01-05T18:02:45.800+0000] {spark_submit.py:536} INFO - 24/01/05 18:02:45 INFO SQLHadoopMapReduceCommitProtocol: Using output committer class org.apache.hadoop.mapreduce.lib.output.FileOutputCommitter
[2024-01-05T18:02:46.229+0000] {spark_submit.py:536} INFO - 24/01/05 18:02:46 INFO CodeGenerator: Code generated in 76.160465 ms
[2024-01-05T18:02:46.246+0000] {spark_submit.py:536} INFO - 24/01/05 18:02:46 INFO FileScanRDD: Reading File path: file:///home/eder/Desktop/Airflow/Twitter/data/raw/2023-12-30/%202023-12-30.json, range: 0-4515, partition values: [empty row]
[2024-01-05T18:02:46.283+0000] {spark_submit.py:536} INFO - 24/01/05 18:02:46 INFO CodeGenerator: Code generated in 31.876772 ms
[2024-01-05T18:02:46.350+0000] {spark_submit.py:536} INFO - 24/01/05 18:02:46 INFO CodeGenerator: Code generated in 23.684924 ms
[2024-01-05T18:02:46.471+0000] {spark_submit.py:536} INFO - 24/01/05 18:02:46 INFO FileOutputCommitter: Saved output of task 'attempt_202401051802457212308346009138233_0001_m_000000_1' to file:/home/eder/Desktop/Airflow/Twitter/data/processed/tweets/2023-12-30/_temporary/0/task_202401051802457212308346009138233_0001_m_000000
[2024-01-05T18:02:46.474+0000] {spark_submit.py:536} INFO - 24/01/05 18:02:46 INFO SparkHadoopMapRedUtil: attempt_202401051802457212308346009138233_0001_m_000000_1: Committed
[2024-01-05T18:02:46.487+0000] {spark_submit.py:536} INFO - 24/01/05 18:02:46 INFO Executor: Finished task 0.0 in stage 1.0 (TID 1). 2901 bytes result sent to driver
[2024-01-05T18:02:46.516+0000] {spark_submit.py:536} INFO - 24/01/05 18:02:46 INFO TaskSetManager: Finished task 0.0 in stage 1.0 (TID 1) in 936 ms on airflow.Home (executor driver) (1/1)
[2024-01-05T18:02:46.517+0000] {spark_submit.py:536} INFO - 24/01/05 18:02:46 INFO TaskSchedulerImpl: Removed TaskSet 1.0, whose tasks have all completed, from pool
[2024-01-05T18:02:46.518+0000] {spark_submit.py:536} INFO - 24/01/05 18:02:46 INFO DAGScheduler: ResultStage 1 (json at NativeMethodAccessorImpl.java:0) finished in 1.240 s
[2024-01-05T18:02:46.519+0000] {spark_submit.py:536} INFO - 24/01/05 18:02:46 INFO DAGScheduler: Job 1 is finished. Cancelling potential speculative or zombie tasks for this job
[2024-01-05T18:02:46.519+0000] {spark_submit.py:536} INFO - 24/01/05 18:02:46 INFO TaskSchedulerImpl: Killing all running tasks in stage 1: Stage finished
[2024-01-05T18:02:46.530+0000] {spark_submit.py:536} INFO - 24/01/05 18:02:46 INFO DAGScheduler: Job 1 finished: json at NativeMethodAccessorImpl.java:0, took 1.256727 s
[2024-01-05T18:02:46.591+0000] {spark_submit.py:536} INFO - 24/01/05 18:02:46 INFO FileFormatWriter: Write Job e6fed607-dd92-46ae-9322-3813d0e8bc4c committed.
[2024-01-05T18:02:46.608+0000] {spark_submit.py:536} INFO - 24/01/05 18:02:46 INFO FileFormatWriter: Finished processing stats for write job e6fed607-dd92-46ae-9322-3813d0e8bc4c.
[2024-01-05T18:02:46.712+0000] {spark_submit.py:536} INFO - 24/01/05 18:02:46 INFO FileSourceStrategy: Pushed Filters:
[2024-01-05T18:02:46.725+0000] {spark_submit.py:536} INFO - 24/01/05 18:02:46 INFO FileSourceStrategy: Post-Scan Filters:
[2024-01-05T18:02:46.726+0000] {spark_submit.py:536} INFO - 24/01/05 18:02:46 INFO FileSourceStrategy: Output Data Schema: struct<includes: struct<users: array<struct<created_at:string,id:string,name:string,username:string>>>>
[2024-01-05T18:02:46.746+0000] {spark_submit.py:536} INFO - 24/01/05 18:02:46 INFO FileOutputCommitter: File Output Committer Algorithm version is 1
[2024-01-05T18:02:46.750+0000] {spark_submit.py:536} INFO - 24/01/05 18:02:46 INFO FileOutputCommitter: FileOutputCommitter skip cleanup _temporary folders under output directory:false, ignore cleanup failures: false
[2024-01-05T18:02:46.750+0000] {spark_submit.py:536} INFO - 24/01/05 18:02:46 INFO SQLHadoopMapReduceCommitProtocol: Using output committer class org.apache.hadoop.mapreduce.lib.output.FileOutputCommitter
[2024-01-05T18:02:46.960+0000] {spark_submit.py:536} INFO - 24/01/05 18:02:46 INFO CodeGenerator: Code generated in 55.842739 ms
[2024-01-05T18:02:46.969+0000] {spark_submit.py:536} INFO - 24/01/05 18:02:46 INFO MemoryStore: Block broadcast_4 stored as values in memory (estimated size 303.0 KiB, free 365.1 MiB)
[2024-01-05T18:02:46.984+0000] {spark_submit.py:536} INFO - 24/01/05 18:02:46 INFO MemoryStore: Block broadcast_4_piece0 stored as bytes in memory (estimated size 27.5 KiB, free 365.1 MiB)
[2024-01-05T18:02:46.996+0000] {spark_submit.py:536} INFO - 24/01/05 18:02:46 INFO BlockManagerInfo: Added broadcast_4_piece0 in memory on airflow.Home:38397 (size: 27.5 KiB, free: 366.1 MiB)
[2024-01-05T18:02:47.000+0000] {spark_submit.py:536} INFO - 24/01/05 18:02:47 INFO SparkContext: Created broadcast 4 from json at NativeMethodAccessorImpl.java:0
[2024-01-05T18:02:47.008+0000] {spark_submit.py:536} INFO - 24/01/05 18:02:47 INFO FileSourceScanExec: Planning scan with bin packing, max size: 4198819 bytes, open cost is considered as scanning 4194304 bytes.
[2024-01-05T18:02:47.032+0000] {spark_submit.py:536} INFO - 24/01/05 18:02:47 INFO SparkContext: Starting job: json at NativeMethodAccessorImpl.java:0
[2024-01-05T18:02:47.034+0000] {spark_submit.py:536} INFO - 24/01/05 18:02:47 INFO DAGScheduler: Got job 2 (json at NativeMethodAccessorImpl.java:0) with 1 output partitions
[2024-01-05T18:02:47.034+0000] {spark_submit.py:536} INFO - 24/01/05 18:02:47 INFO DAGScheduler: Final stage: ResultStage 2 (json at NativeMethodAccessorImpl.java:0)
[2024-01-05T18:02:47.034+0000] {spark_submit.py:536} INFO - 24/01/05 18:02:47 INFO DAGScheduler: Parents of final stage: List()
[2024-01-05T18:02:47.034+0000] {spark_submit.py:536} INFO - 24/01/05 18:02:47 INFO DAGScheduler: Missing parents: List()
[2024-01-05T18:02:47.040+0000] {spark_submit.py:536} INFO - 24/01/05 18:02:47 INFO DAGScheduler: Submitting ResultStage 2 (CoalescedRDD[16] at json at NativeMethodAccessorImpl.java:0), which has no missing parents
[2024-01-05T18:02:47.159+0000] {spark_submit.py:536} INFO - 24/01/05 18:02:47 INFO MemoryStore: Block broadcast_5 stored as values in memory (estimated size 178.0 KiB, free 364.9 MiB)
[2024-01-05T18:02:47.176+0000] {spark_submit.py:536} INFO - 24/01/05 18:02:47 INFO MemoryStore: Block broadcast_5_piece0 stored as bytes in memory (estimated size 63.8 KiB, free 364.8 MiB)
[2024-01-05T18:02:47.188+0000] {spark_submit.py:536} INFO - 24/01/05 18:02:47 INFO BlockManagerInfo: Added broadcast_5_piece0 in memory on airflow.Home:38397 (size: 63.8 KiB, free: 366.1 MiB)
[2024-01-05T18:02:47.190+0000] {spark_submit.py:536} INFO - 24/01/05 18:02:47 INFO SparkContext: Created broadcast 5 from broadcast at DAGScheduler.scala:1433
[2024-01-05T18:02:47.194+0000] {spark_submit.py:536} INFO - 24/01/05 18:02:47 INFO DAGScheduler: Submitting 1 missing tasks from ResultStage 2 (CoalescedRDD[16] at json at NativeMethodAccessorImpl.java:0) (first 15 tasks are for partitions Vector(0))
[2024-01-05T18:02:47.194+0000] {spark_submit.py:536} INFO - 24/01/05 18:02:47 INFO TaskSchedulerImpl: Adding task set 2.0 with 1 tasks resource profile 0
[2024-01-05T18:02:47.201+0000] {spark_submit.py:536} INFO - 24/01/05 18:02:47 INFO TaskSetManager: Starting task 0.0 in stage 2.0 (TID 2) (airflow.Home, executor driver, partition 0, PROCESS_LOCAL, 5134 bytes) taskResourceAssignments Map()
[2024-01-05T18:02:47.208+0000] {spark_submit.py:536} INFO - 24/01/05 18:02:47 INFO Executor: Running task 0.0 in stage 2.0 (TID 2)
[2024-01-05T18:02:47.222+0000] {spark_submit.py:536} INFO - 24/01/05 18:02:47 INFO FileOutputCommitter: File Output Committer Algorithm version is 1
[2024-01-05T18:02:47.223+0000] {spark_submit.py:536} INFO - 24/01/05 18:02:47 INFO FileOutputCommitter: FileOutputCommitter skip cleanup _temporary folders under output directory:false, ignore cleanup failures: false
[2024-01-05T18:02:47.223+0000] {spark_submit.py:536} INFO - 24/01/05 18:02:47 INFO SQLHadoopMapReduceCommitProtocol: Using output committer class org.apache.hadoop.mapreduce.lib.output.FileOutputCommitter
[2024-01-05T18:02:47.376+0000] {spark_submit.py:536} INFO - 24/01/05 18:02:47 INFO CodeGenerator: Code generated in 55.342953 ms
[2024-01-05T18:02:47.420+0000] {spark_submit.py:536} INFO - 24/01/05 18:02:47 INFO FileScanRDD: Reading File path: file:///home/eder/Desktop/Airflow/Twitter/data/raw/2023-12-30/%202023-12-30.json, range: 0-4515, partition values: [empty row]
[2024-01-05T18:02:47.458+0000] {spark_submit.py:536} INFO - 24/01/05 18:02:47 INFO CodeGenerator: Code generated in 30.049719 ms
[2024-01-05T18:02:47.476+0000] {spark_submit.py:536} INFO - 24/01/05 18:02:47 INFO FileOutputCommitter: Saved output of task 'attempt_202401051802475436647152977512319_0002_m_000000_2' to file:/home/eder/Desktop/Airflow/Twitter/data/processed/users/2023-12-30/_temporary/0/task_202401051802475436647152977512319_0002_m_000000
[2024-01-05T18:02:47.478+0000] {spark_submit.py:536} INFO - 24/01/05 18:02:47 INFO SparkHadoopMapRedUtil: attempt_202401051802475436647152977512319_0002_m_000000_2: Committed
[2024-01-05T18:02:47.480+0000] {spark_submit.py:536} INFO - 24/01/05 18:02:47 INFO Executor: Finished task 0.0 in stage 2.0 (TID 2). 2734 bytes result sent to driver
[2024-01-05T18:02:47.482+0000] {spark_submit.py:536} INFO - 24/01/05 18:02:47 INFO TaskSetManager: Finished task 0.0 in stage 2.0 (TID 2) in 287 ms on airflow.Home (executor driver) (1/1)
[2024-01-05T18:02:47.483+0000] {spark_submit.py:536} INFO - 24/01/05 18:02:47 INFO TaskSchedulerImpl: Removed TaskSet 2.0, whose tasks have all completed, from pool
[2024-01-05T18:02:47.494+0000] {spark_submit.py:536} INFO - 24/01/05 18:02:47 INFO DAGScheduler: ResultStage 2 (json at NativeMethodAccessorImpl.java:0) finished in 0.451 s
[2024-01-05T18:02:47.495+0000] {spark_submit.py:536} INFO - 24/01/05 18:02:47 INFO DAGScheduler: Job 2 is finished. Cancelling potential speculative or zombie tasks for this job
[2024-01-05T18:02:47.496+0000] {spark_submit.py:536} INFO - 24/01/05 18:02:47 INFO TaskSchedulerImpl: Killing all running tasks in stage 2: Stage finished
[2024-01-05T18:02:47.500+0000] {spark_submit.py:536} INFO - 24/01/05 18:02:47 INFO DAGScheduler: Job 2 finished: json at NativeMethodAccessorImpl.java:0, took 0.466851 s
[2024-01-05T18:02:47.618+0000] {spark_submit.py:536} INFO - 24/01/05 18:02:47 INFO FileFormatWriter: Write Job 97274089-059e-4309-8a95-134ed8340f92 committed.
[2024-01-05T18:02:47.622+0000] {spark_submit.py:536} INFO - 24/01/05 18:02:47 INFO FileFormatWriter: Finished processing stats for write job 97274089-059e-4309-8a95-134ed8340f92.
[2024-01-05T18:02:47.735+0000] {spark_submit.py:536} INFO - 24/01/05 18:02:47 INFO SparkContext: Invoking stop() from shutdown hook
[2024-01-05T18:02:47.839+0000] {spark_submit.py:536} INFO - 24/01/05 18:02:47 INFO SparkUI: Stopped Spark web UI at http://airflow.Home:4040
[2024-01-05T18:02:48.069+0000] {spark_submit.py:536} INFO - 24/01/05 18:02:48 INFO MapOutputTrackerMasterEndpoint: MapOutputTrackerMasterEndpoint stopped!
[2024-01-05T18:02:48.092+0000] {spark_submit.py:536} INFO - 24/01/05 18:02:48 INFO MemoryStore: MemoryStore cleared
[2024-01-05T18:02:48.093+0000] {spark_submit.py:536} INFO - 24/01/05 18:02:48 INFO BlockManager: BlockManager stopped
[2024-01-05T18:02:48.111+0000] {spark_submit.py:536} INFO - 24/01/05 18:02:48 INFO BlockManagerMaster: BlockManagerMaster stopped
[2024-01-05T18:02:48.118+0000] {spark_submit.py:536} INFO - 24/01/05 18:02:48 INFO OutputCommitCoordinator$OutputCommitCoordinatorEndpoint: OutputCommitCoordinator stopped!
[2024-01-05T18:02:48.146+0000] {spark_submit.py:536} INFO - 24/01/05 18:02:48 INFO SparkContext: Successfully stopped SparkContext
[2024-01-05T18:02:48.147+0000] {spark_submit.py:536} INFO - 24/01/05 18:02:48 INFO ShutdownHookManager: Shutdown hook called
[2024-01-05T18:02:48.148+0000] {spark_submit.py:536} INFO - 24/01/05 18:02:48 INFO ShutdownHookManager: Deleting directory /tmp/spark-25786bba-f7c1-4edf-8e2b-337fda7adcb6
[2024-01-05T18:02:48.156+0000] {spark_submit.py:536} INFO - 24/01/05 18:02:48 INFO ShutdownHookManager: Deleting directory /tmp/spark-b6170aeb-2f8d-4081-b8e8-e389d95aab72/pyspark-8a5a37c5-a1af-4879-8370-83cba094e9b8
[2024-01-05T18:02:48.162+0000] {spark_submit.py:536} INFO - 24/01/05 18:02:48 INFO ShutdownHookManager: Deleting directory /tmp/spark-b6170aeb-2f8d-4081-b8e8-e389d95aab72
[2024-01-05T18:02:48.254+0000] {taskinstance.py:1138} INFO - Marking task as SUCCESS. dag_id=TwitterDAG, task_id=transform_twitter_data, execution_date=20231230T000000, start_date=20240105T180224, end_date=20240105T180248
[2024-01-05T18:02:48.303+0000] {local_task_job_runner.py:234} INFO - Task exited with return code 0
[2024-01-05T18:02:48.330+0000] {taskinstance.py:3281} INFO - 1 downstream tasks scheduled from follow-on schedule check
