[2024-01-06 12:03:05,558] {taskinstance.py:1159} INFO - Dependencies all met for <TaskInstance: get_stocks_dag.GOOG scheduled__2024-01-04T00:00:00+00:00 [queued]>
[2024-01-06 12:03:05,568] {taskinstance.py:1159} INFO - Dependencies all met for <TaskInstance: get_stocks_dag.GOOG scheduled__2024-01-04T00:00:00+00:00 [queued]>
[2024-01-06 12:03:05,568] {taskinstance.py:1356} INFO - 
--------------------------------------------------------------------------------
[2024-01-06 12:03:05,568] {taskinstance.py:1357} INFO - Starting attempt 1 of 1
[2024-01-06 12:03:05,568] {taskinstance.py:1358} INFO - 
--------------------------------------------------------------------------------
[2024-01-06 12:03:05,605] {taskinstance.py:1377} INFO - Executing <Task(_PythonDecoratedOperator): GOOG> on 2024-01-04 00:00:00+00:00
[2024-01-06 12:03:05,615] {standard_task_runner.py:52} INFO - Started process 27433 to run task
[2024-01-06 12:03:05,643] {standard_task_runner.py:79} INFO - Running: ['airflow', 'tasks', 'run', 'get_stocks_dag', 'GOOG', 'scheduled__2024-01-04T00:00:00+00:00', '--job-id', '19', '--raw', '--subdir', 'DAGS_FOLDER/get_stocks.py', '--cfg-path', '/tmp/tmpyw8x4h6l', '--error-file', '/tmp/tmp82tfykh8']
[2024-01-06 12:03:05,648] {standard_task_runner.py:80} INFO - Job 19: Subtask GOOG
[2024-01-06 12:03:05,787] {task_command.py:370} INFO - Running <TaskInstance: get_stocks_dag.GOOG scheduled__2024-01-04T00:00:00+00:00 [running]> on host airflow.vm.local
[2024-01-06 12:03:05,945] {taskinstance.py:1569} INFO - Exporting the following env vars:
AIRFLOW_CTX_DAG_OWNER=airflow
AIRFLOW_CTX_DAG_ID=get_stocks_dag
AIRFLOW_CTX_TASK_ID=GOOG
AIRFLOW_CTX_EXECUTION_DATE=2024-01-04T00:00:00+00:00
AIRFLOW_CTX_TRY_NUMBER=1
AIRFLOW_CTX_DAG_RUN_ID=scheduled__2024-01-04T00:00:00+00:00
[2024-01-06 12:04:26,962] {python.py:173} INFO - Done. Returned value was: None
[2024-01-06 12:04:27,058] {taskinstance.py:1395} INFO - Marking task as SUCCESS. dag_id=get_stocks_dag, task_id=GOOG, execution_date=20240104T000000, start_date=20240106T120305, end_date=20240106T120427
[2024-01-06 12:04:27,255] {local_task_job.py:156} INFO - Task exited with return code 0
[2024-01-06 12:04:27,385] {local_task_job.py:273} INFO - 0 downstream tasks scheduled from follow-on schedule check
