[2024-01-06 12:03:04,850] {taskinstance.py:1159} INFO - Dependencies all met for <TaskInstance: get_stocks_dag.MSFT scheduled__2024-01-04T00:00:00+00:00 [queued]>
[2024-01-06 12:03:04,861] {taskinstance.py:1159} INFO - Dependencies all met for <TaskInstance: get_stocks_dag.MSFT scheduled__2024-01-04T00:00:00+00:00 [queued]>
[2024-01-06 12:03:04,862] {taskinstance.py:1356} INFO - 
--------------------------------------------------------------------------------
[2024-01-06 12:03:04,862] {taskinstance.py:1357} INFO - Starting attempt 1 of 1
[2024-01-06 12:03:04,862] {taskinstance.py:1358} INFO - 
--------------------------------------------------------------------------------
[2024-01-06 12:03:04,882] {taskinstance.py:1377} INFO - Executing <Task(_PythonDecoratedOperator): MSFT> on 2024-01-04 00:00:00+00:00
[2024-01-06 12:03:04,892] {standard_task_runner.py:52} INFO - Started process 27373 to run task
[2024-01-06 12:03:04,911] {standard_task_runner.py:79} INFO - Running: ['airflow', 'tasks', 'run', 'get_stocks_dag', 'MSFT', 'scheduled__2024-01-04T00:00:00+00:00', '--job-id', '8', '--raw', '--subdir', 'DAGS_FOLDER/get_stocks.py', '--cfg-path', '/tmp/tmpep8ihrsl', '--error-file', '/tmp/tmpzwp4n7_f']
[2024-01-06 12:03:04,912] {standard_task_runner.py:80} INFO - Job 8: Subtask MSFT
[2024-01-06 12:03:05,115] {task_command.py:370} INFO - Running <TaskInstance: get_stocks_dag.MSFT scheduled__2024-01-04T00:00:00+00:00 [running]> on host airflow.vm.local
[2024-01-06 12:03:05,274] {taskinstance.py:1569} INFO - Exporting the following env vars:
AIRFLOW_CTX_DAG_OWNER=airflow
AIRFLOW_CTX_DAG_ID=get_stocks_dag
AIRFLOW_CTX_TASK_ID=MSFT
AIRFLOW_CTX_EXECUTION_DATE=2024-01-04T00:00:00+00:00
AIRFLOW_CTX_TRY_NUMBER=1
AIRFLOW_CTX_DAG_RUN_ID=scheduled__2024-01-04T00:00:00+00:00
[2024-01-06 12:04:25,991] {python.py:173} INFO - Done. Returned value was: None
[2024-01-06 12:04:26,073] {taskinstance.py:1395} INFO - Marking task as SUCCESS. dag_id=get_stocks_dag, task_id=MSFT, execution_date=20240104T000000, start_date=20240106T120304, end_date=20240106T120426
[2024-01-06 12:04:26,199] {local_task_job.py:156} INFO - Task exited with return code 0
[2024-01-06 12:04:26,315] {local_task_job.py:273} INFO - 0 downstream tasks scheduled from follow-on schedule check
