[2024-01-06 12:03:03,946] {taskinstance.py:1159} INFO - Dependencies all met for <TaskInstance: get_stocks_dag.APPL scheduled__2024-01-04T00:00:00+00:00 [queued]>
[2024-01-06 12:03:04,067] {taskinstance.py:1159} INFO - Dependencies all met for <TaskInstance: get_stocks_dag.APPL scheduled__2024-01-04T00:00:00+00:00 [queued]>
[2024-01-06 12:03:04,069] {taskinstance.py:1356} INFO - 
--------------------------------------------------------------------------------
[2024-01-06 12:03:04,069] {taskinstance.py:1357} INFO - Starting attempt 1 of 1
[2024-01-06 12:03:04,070] {taskinstance.py:1358} INFO - 
--------------------------------------------------------------------------------
[2024-01-06 12:03:04,310] {taskinstance.py:1377} INFO - Executing <Task(_PythonDecoratedOperator): APPL> on 2024-01-04 00:00:00+00:00
[2024-01-06 12:03:04,319] {standard_task_runner.py:52} INFO - Started process 27345 to run task
[2024-01-06 12:03:04,380] {standard_task_runner.py:79} INFO - Running: ['airflow', 'tasks', 'run', 'get_stocks_dag', 'APPL', 'scheduled__2024-01-04T00:00:00+00:00', '--job-id', '7', '--raw', '--subdir', 'DAGS_FOLDER/get_stocks.py', '--cfg-path', '/tmp/tmpm7xts288', '--error-file', '/tmp/tmpfgukelqz']
[2024-01-06 12:03:04,381] {standard_task_runner.py:80} INFO - Job 7: Subtask APPL
[2024-01-06 12:03:04,711] {task_command.py:370} INFO - Running <TaskInstance: get_stocks_dag.APPL scheduled__2024-01-04T00:00:00+00:00 [running]> on host airflow.vm.local
[2024-01-06 12:03:04,886] {taskinstance.py:1569} INFO - Exporting the following env vars:
AIRFLOW_CTX_DAG_OWNER=airflow
AIRFLOW_CTX_DAG_ID=get_stocks_dag
AIRFLOW_CTX_TASK_ID=APPL
AIRFLOW_CTX_EXECUTION_DATE=2024-01-04T00:00:00+00:00
AIRFLOW_CTX_TRY_NUMBER=1
AIRFLOW_CTX_DAG_RUN_ID=scheduled__2024-01-04T00:00:00+00:00
[2024-01-06 12:04:25,402] {base.py:269} ERROR - APPL: Period '1d' is invalid, must be one of ['1mo', '3mo', '6mo', 'ytd', '1y', '2y', '5y', '10y', 'max']
[2024-01-06 12:04:25,427] {python.py:173} INFO - Done. Returned value was: None
[2024-01-06 12:04:25,484] {taskinstance.py:1395} INFO - Marking task as SUCCESS. dag_id=get_stocks_dag, task_id=APPL, execution_date=20240104T000000, start_date=20240106T120303, end_date=20240106T120425
[2024-01-06 12:04:25,606] {local_task_job.py:156} INFO - Task exited with return code 0
[2024-01-06 12:04:25,743] {local_task_job.py:273} INFO - 0 downstream tasks scheduled from follow-on schedule check
