[2024-01-05T16:47:48.357+0000] {taskinstance.py:1957} INFO - Dependencies all met for dep_context=non-requeueable deps ti=<TaskInstance: TwitterDAG.get_raw_data_twitter scheduled__2024-01-01T00:00:00+00:00 [queued]>
[2024-01-05T16:47:48.374+0000] {taskinstance.py:1957} INFO - Dependencies all met for dep_context=requeueable deps ti=<TaskInstance: TwitterDAG.get_raw_data_twitter scheduled__2024-01-01T00:00:00+00:00 [queued]>
[2024-01-05T16:47:48.378+0000] {taskinstance.py:2171} INFO - Starting attempt 1 of 1
[2024-01-05T16:47:48.418+0000] {taskinstance.py:2192} INFO - Executing <Task(TwitterOperator): get_raw_data_twitter> on 2024-01-01 00:00:00+00:00
[2024-01-05T16:47:48.422+0000] {standard_task_runner.py:60} INFO - Started process 11857 to run task
[2024-01-05T16:47:48.428+0000] {standard_task_runner.py:87} INFO - Running: ['airflow', 'tasks', 'run', 'TwitterDAG', 'get_raw_data_twitter', 'scheduled__2024-01-01T00:00:00+00:00', '--job-id', '47', '--raw', '--subdir', 'DAGS_FOLDER/twitter_dag.py', '--cfg-path', '/tmp/tmpxeb9aauo']
[2024-01-05T16:47:48.435+0000] {standard_task_runner.py:88} INFO - Job 47: Subtask get_raw_data_twitter
[2024-01-05T16:47:48.730+0000] {task_command.py:423} INFO - Running <TaskInstance: TwitterDAG.get_raw_data_twitter scheduled__2024-01-01T00:00:00+00:00 [running]> on host airflow.vm.local
[2024-01-05T16:47:49.171+0000] {taskinstance.py:2481} INFO - Exporting env vars: AIRFLOW_CTX_DAG_OWNER='airflow' AIRFLOW_CTX_DAG_ID='TwitterDAG' AIRFLOW_CTX_TASK_ID='get_raw_data_twitter' AIRFLOW_CTX_EXECUTION_DATE='2024-01-01T00:00:00+00:00' AIRFLOW_CTX_TRY_NUMBER='1' AIRFLOW_CTX_DAG_RUN_ID='scheduled__2024-01-01T00:00:00+00:00'
[2024-01-05T16:47:49.191+0000] {base.py:83} INFO - Using connection ID 'twitter_default' for task execution.
[2024-01-05T16:47:49.192+0000] {twitter_dag.py:38} INFO - URL: https://labdados.com/2//tweets/search/recent?query=data science&tweet.fields=author_id,created_at,lang,public_metrics,source,text,withheld&expansions=author_id&user.fields=created_at,description,location,name,public_metrics,username,verified,withheld&start_time=2024-01-01T00:00:00.00Z&end_time=2024-01-02T00:00:00.00Z
[2024-01-05T16:47:49.758+0000] {twitter_dag.py:38} INFO - URL: https://labdados.com/2//tweets/search/recent?query=data science&tweet.fields=author_id,created_at,lang,public_metrics,source,text,withheld&expansions=author_id&user.fields=created_at,description,location,name,public_metrics,username,verified,withheld&start_time=2024-01-01T00:00:00.00Z&end_time=2024-01-02T00:00:00.00Z&next_token=1234567890abcdef
[2024-01-05T16:47:49.870+0000] {twitter_dag.py:38} INFO - URL: https://labdados.com/2//tweets/search/recent?query=data science&tweet.fields=author_id,created_at,lang,public_metrics,source,text,withheld&expansions=author_id&user.fields=created_at,description,location,name,public_metrics,username,verified,withheld&start_time=2024-01-01T00:00:00.00Z&end_time=2024-01-02T00:00:00.00Z&next_token=1234567890abcdef
[2024-01-05T16:47:50.039+0000] {twitter_dag.py:38} INFO - URL: https://labdados.com/2//tweets/search/recent?query=data science&tweet.fields=author_id,created_at,lang,public_metrics,source,text,withheld&expansions=author_id&user.fields=created_at,description,location,name,public_metrics,username,verified,withheld&start_time=2024-01-01T00:00:00.00Z&end_time=2024-01-02T00:00:00.00Z&next_token=1234567890abcdef
[2024-01-05T16:47:50.239+0000] {taskinstance.py:1138} INFO - Marking task as SUCCESS. dag_id=TwitterDAG, task_id=get_raw_data_twitter, execution_date=20240101T000000, start_date=20240105T164748, end_date=20240105T164750
[2024-01-05T16:47:50.427+0000] {local_task_job_runner.py:234} INFO - Task exited with return code 0
[2024-01-05T16:47:50.460+0000] {taskinstance.py:3281} INFO - 1 downstream tasks scheduled from follow-on schedule check
[2024-01-05T17:43:35.224+0000] {taskinstance.py:1957} INFO - Dependencies all met for dep_context=non-requeueable deps ti=<TaskInstance: TwitterDAG.get_raw_data_twitter scheduled__2024-01-01T00:00:00+00:00 [queued]>
[2024-01-05T17:43:35.239+0000] {taskinstance.py:1957} INFO - Dependencies all met for dep_context=requeueable deps ti=<TaskInstance: TwitterDAG.get_raw_data_twitter scheduled__2024-01-01T00:00:00+00:00 [queued]>
[2024-01-05T17:43:35.246+0000] {taskinstance.py:2171} INFO - Starting attempt 1 of 1
[2024-01-05T17:43:35.483+0000] {taskinstance.py:2192} INFO - Executing <Task(TwitterOperator): get_raw_data_twitter> on 2024-01-01 00:00:00+00:00
[2024-01-05T17:43:35.487+0000] {standard_task_runner.py:60} INFO - Started process 24940 to run task
[2024-01-05T17:43:35.496+0000] {standard_task_runner.py:87} INFO - Running: ['airflow', 'tasks', 'run', 'TwitterDAG', 'get_raw_data_twitter', 'scheduled__2024-01-01T00:00:00+00:00', '--job-id', '67', '--raw', '--subdir', 'DAGS_FOLDER/twitter_dag.py', '--cfg-path', '/tmp/tmpos0nj9l1']
[2024-01-05T17:43:35.497+0000] {standard_task_runner.py:88} INFO - Job 67: Subtask get_raw_data_twitter
[2024-01-05T17:43:35.699+0000] {task_command.py:423} INFO - Running <TaskInstance: TwitterDAG.get_raw_data_twitter scheduled__2024-01-01T00:00:00+00:00 [running]> on host airflow.vm.local
[2024-01-05T17:43:36.087+0000] {taskinstance.py:2481} INFO - Exporting env vars: AIRFLOW_CTX_DAG_OWNER='airflow' AIRFLOW_CTX_DAG_ID='TwitterDAG' AIRFLOW_CTX_TASK_ID='get_raw_data_twitter' AIRFLOW_CTX_EXECUTION_DATE='2024-01-01T00:00:00+00:00' AIRFLOW_CTX_TRY_NUMBER='1' AIRFLOW_CTX_DAG_RUN_ID='scheduled__2024-01-01T00:00:00+00:00'
[2024-01-05T17:43:36.096+0000] {base.py:83} INFO - Using connection ID 'twitter_default' for task execution.
[2024-01-05T17:43:36.100+0000] {twitter_dag.py:38} INFO - URL: https://labdados.com/2//tweets/search/recent?query=data science&tweet.fields=author_id,created_at,lang,public_metrics,source,text,withheld&expansions=author_id&user.fields=created_at,description,location,name,public_metrics,username,verified,withheld&start_time=2024-01-01T00:00:00.00Z&end_time=2024-01-02T00:00:00.00Z
[2024-01-05T17:43:36.844+0000] {taskinstance.py:1138} INFO - Marking task as SUCCESS. dag_id=TwitterDAG, task_id=get_raw_data_twitter, execution_date=20240101T000000, start_date=20240105T174335, end_date=20240105T174336
[2024-01-05T17:43:36.995+0000] {local_task_job_runner.py:234} INFO - Task exited with return code 0
[2024-01-05T17:43:37.120+0000] {taskinstance.py:3281} INFO - 1 downstream tasks scheduled from follow-on schedule check
[2024-01-05T18:03:23.763+0000] {taskinstance.py:1957} INFO - Dependencies all met for dep_context=non-requeueable deps ti=<TaskInstance: TwitterDAG.get_raw_data_twitter scheduled__2024-01-01T00:00:00+00:00 [queued]>
[2024-01-05T18:03:23.787+0000] {taskinstance.py:1957} INFO - Dependencies all met for dep_context=requeueable deps ti=<TaskInstance: TwitterDAG.get_raw_data_twitter scheduled__2024-01-01T00:00:00+00:00 [queued]>
[2024-01-05T18:03:23.788+0000] {taskinstance.py:2171} INFO - Starting attempt 1 of 1
[2024-01-05T18:03:23.923+0000] {taskinstance.py:2192} INFO - Executing <Task(TwitterOperator): get_raw_data_twitter> on 2024-01-01 00:00:00+00:00
[2024-01-05T18:03:23.935+0000] {standard_task_runner.py:60} INFO - Started process 36539 to run task
[2024-01-05T18:03:23.948+0000] {standard_task_runner.py:87} INFO - Running: ['airflow', 'tasks', 'run', 'TwitterDAG', 'get_raw_data_twitter', 'scheduled__2024-01-01T00:00:00+00:00', '--job-id', '90', '--raw', '--subdir', 'DAGS_FOLDER/twitter_dag.py', '--cfg-path', '/tmp/tmpccqp1olj']
[2024-01-05T18:03:23.952+0000] {standard_task_runner.py:88} INFO - Job 90: Subtask get_raw_data_twitter
[2024-01-05T18:03:24.037+0000] {task_command.py:423} INFO - Running <TaskInstance: TwitterDAG.get_raw_data_twitter scheduled__2024-01-01T00:00:00+00:00 [running]> on host airflow.vm.local
[2024-01-05T18:03:24.297+0000] {taskinstance.py:2481} INFO - Exporting env vars: AIRFLOW_CTX_DAG_OWNER='airflow' AIRFLOW_CTX_DAG_ID='TwitterDAG' AIRFLOW_CTX_TASK_ID='get_raw_data_twitter' AIRFLOW_CTX_EXECUTION_DATE='2024-01-01T00:00:00+00:00' AIRFLOW_CTX_TRY_NUMBER='1' AIRFLOW_CTX_DAG_RUN_ID='scheduled__2024-01-01T00:00:00+00:00'
[2024-01-05T18:03:24.307+0000] {base.py:83} INFO - Using connection ID 'twitter_default' for task execution.
[2024-01-05T18:03:24.323+0000] {twitter_dag.py:38} INFO - URL: https://labdados.com/2//tweets/search/recent?query=data science&tweet.fields=author_id,created_at,lang,public_metrics,source,text,withheld&expansions=author_id&user.fields=created_at,description,location,name,public_metrics,username,verified,withheld&start_time=2024-01-01T00:00:00.00Z&end_time=2024-01-02T00:00:00.00Z
[2024-01-05T18:03:24.995+0000] {taskinstance.py:1138} INFO - Marking task as SUCCESS. dag_id=TwitterDAG, task_id=get_raw_data_twitter, execution_date=20240101T000000, start_date=20240105T180323, end_date=20240105T180324
[2024-01-05T18:03:25.229+0000] {local_task_job_runner.py:234} INFO - Task exited with return code 0
[2024-01-05T18:03:25.275+0000] {taskinstance.py:3281} INFO - 1 downstream tasks scheduled from follow-on schedule check
