[2024-01-05T01:27:04.249+0000] {taskinstance.py:1957} INFO - Dependencies all met for dep_context=non-requeueable deps ti=<TaskInstance: TwitterDAG.transform_twitter_datascience scheduled__2024-01-04T00:00:00+00:00 [queued]>
[2024-01-05T01:27:04.261+0000] {taskinstance.py:1957} INFO - Dependencies all met for dep_context=requeueable deps ti=<TaskInstance: TwitterDAG.transform_twitter_datascience scheduled__2024-01-04T00:00:00+00:00 [queued]>
[2024-01-05T01:27:04.265+0000] {taskinstance.py:2171} INFO - Starting attempt 1 of 1
[2024-01-05T01:27:04.382+0000] {taskinstance.py:2192} INFO - Executing <Task(SparkSubmitOperator): transform_twitter_datascience> on 2024-01-04 00:00:00+00:00
[2024-01-05T01:27:04.397+0000] {standard_task_runner.py:87} INFO - Running: ['airflow', 'tasks', 'run', 'TwitterDAG', 'transform_twitter_datascience', 'scheduled__2024-01-04T00:00:00+00:00', '--job-id', '32', '--raw', '--subdir', 'DAGS_FOLDER/twitter_dag.py', '--cfg-path', '/tmp/tmp36ipsgb2']
[2024-01-05T01:27:04.400+0000] {standard_task_runner.py:88} INFO - Job 32: Subtask transform_twitter_datascience
[2024-01-05T01:27:04.393+0000] {standard_task_runner.py:60} INFO - Started process 32208 to run task
[2024-01-05T01:27:04.500+0000] {task_command.py:423} INFO - Running <TaskInstance: TwitterDAG.transform_twitter_datascience scheduled__2024-01-04T00:00:00+00:00 [running]> on host airflow.vm.local
[2024-01-05T01:27:04.678+0000] {taskinstance.py:2481} INFO - Exporting env vars: AIRFLOW_CTX_DAG_OWNER='airflow' AIRFLOW_CTX_DAG_ID='TwitterDAG' AIRFLOW_CTX_TASK_ID='transform_twitter_datascience' AIRFLOW_CTX_EXECUTION_DATE='2024-01-04T00:00:00+00:00' AIRFLOW_CTX_TRY_NUMBER='1' AIRFLOW_CTX_DAG_RUN_ID='scheduled__2024-01-04T00:00:00+00:00'
[2024-01-05T01:27:04.685+0000] {base.py:83} INFO - Using connection ID 'spark_default' for task execution.
[2024-01-05T01:27:04.689+0000] {spark_submit.py:366} INFO - Spark-Submit cmd: spark-submit --master local --name Twitter Transformation --queue root.default /home/eder/Desktop/Airflow/Twitter/src/spark/transformation.py --src /home/eder/Desktop/Airflow/Twitter/data/raw --dest /home/eder/Desktop/Airflow/Twitter/data/processed --process_date 2024-01-04
[2024-01-05T01:27:07.209+0000] {spark_submit.py:536} INFO - 24/01/05 01:27:07 WARN Utils: Your hostname, airflow resolves to a loopback address: 127.0.1.1; using 10.0.2.15 instead (on interface enp0s3)
[2024-01-05T01:27:07.210+0000] {spark_submit.py:536} INFO - 24/01/05 01:27:07 WARN Utils: Set SPARK_LOCAL_IP if you need to bind to another address
[2024-01-05T01:27:08.093+0000] {spark_submit.py:536} INFO - 24/01/05 01:27:08 WARN NativeCodeLoader: Unable to load native-hadoop library for your platform... using builtin-java classes where applicable
[2024-01-05T01:27:09.057+0000] {spark_submit.py:536} INFO - Using Spark's default log4j profile: org/apache/spark/log4j-defaults.properties
[2024-01-05T01:27:09.090+0000] {spark_submit.py:536} INFO - 24/01/05 01:27:09 INFO SparkContext: Running Spark version 3.1.3
[2024-01-05T01:27:09.260+0000] {spark_submit.py:536} INFO - 24/01/05 01:27:09 INFO ResourceUtils: ==============================================================
[2024-01-05T01:27:09.260+0000] {spark_submit.py:536} INFO - 24/01/05 01:27:09 INFO ResourceUtils: No custom resources configured for spark.driver.
[2024-01-05T01:27:09.261+0000] {spark_submit.py:536} INFO - 24/01/05 01:27:09 INFO ResourceUtils: ==============================================================
[2024-01-05T01:27:09.264+0000] {spark_submit.py:536} INFO - 24/01/05 01:27:09 INFO SparkContext: Submitted application: Data Transformation
[2024-01-05T01:27:09.312+0000] {spark_submit.py:536} INFO - 24/01/05 01:27:09 INFO ResourceProfile: Default ResourceProfile created, executor resources: Map(cores -> name: cores, amount: 1, script: , vendor: , memory -> name: memory, amount: 1024, script: , vendor: , offHeap -> name: offHeap, amount: 0, script: , vendor: ), task resources: Map(cpus -> name: cpus, amount: 1.0)
[2024-01-05T01:27:09.328+0000] {spark_submit.py:536} INFO - 24/01/05 01:27:09 INFO ResourceProfile: Limiting resource is cpu
[2024-01-05T01:27:09.328+0000] {spark_submit.py:536} INFO - 24/01/05 01:27:09 INFO ResourceProfileManager: Added ResourceProfile id: 0
[2024-01-05T01:27:09.420+0000] {spark_submit.py:536} INFO - 24/01/05 01:27:09 INFO SecurityManager: Changing view acls to: eder
[2024-01-05T01:27:09.421+0000] {spark_submit.py:536} INFO - 24/01/05 01:27:09 INFO SecurityManager: Changing modify acls to: eder
[2024-01-05T01:27:09.421+0000] {spark_submit.py:536} INFO - 24/01/05 01:27:09 INFO SecurityManager: Changing view acls groups to:
[2024-01-05T01:27:09.421+0000] {spark_submit.py:536} INFO - 24/01/05 01:27:09 INFO SecurityManager: Changing modify acls groups to:
[2024-01-05T01:27:09.421+0000] {spark_submit.py:536} INFO - 24/01/05 01:27:09 INFO SecurityManager: SecurityManager: authentication disabled; ui acls disabled; users  with view permissions: Set(eder); groups with view permissions: Set(); users  with modify permissions: Set(eder); groups with modify permissions: Set()
[2024-01-05T01:27:09.885+0000] {spark_submit.py:536} INFO - 24/01/05 01:27:09 INFO Utils: Successfully started service 'sparkDriver' on port 36535.
[2024-01-05T01:27:09.939+0000] {spark_submit.py:536} INFO - 24/01/05 01:27:09 INFO SparkEnv: Registering MapOutputTracker
[2024-01-05T01:27:10.008+0000] {spark_submit.py:536} INFO - 24/01/05 01:27:10 INFO SparkEnv: Registering BlockManagerMaster
[2024-01-05T01:27:10.053+0000] {spark_submit.py:536} INFO - 24/01/05 01:27:10 INFO BlockManagerMasterEndpoint: Using org.apache.spark.storage.DefaultTopologyMapper for getting topology information
[2024-01-05T01:27:10.061+0000] {spark_submit.py:536} INFO - 24/01/05 01:27:10 INFO BlockManagerMasterEndpoint: BlockManagerMasterEndpoint up
[2024-01-05T01:27:10.064+0000] {spark_submit.py:536} INFO - 24/01/05 01:27:10 INFO SparkEnv: Registering BlockManagerMasterHeartbeat
[2024-01-05T01:27:10.089+0000] {spark_submit.py:536} INFO - 24/01/05 01:27:10 INFO DiskBlockManager: Created local directory at /tmp/blockmgr-2fcf1279-612b-44be-b47f-ba30ac08138e
[2024-01-05T01:27:10.135+0000] {spark_submit.py:536} INFO - 24/01/05 01:27:10 INFO MemoryStore: MemoryStore started with capacity 366.3 MiB
[2024-01-05T01:27:10.190+0000] {spark_submit.py:536} INFO - 24/01/05 01:27:10 INFO SparkEnv: Registering OutputCommitCoordinator
[2024-01-05T01:27:10.623+0000] {spark_submit.py:536} INFO - 24/01/05 01:27:10 WARN Utils: Service 'SparkUI' could not bind on port 4040. Attempting port 4041.
[2024-01-05T01:27:10.656+0000] {spark_submit.py:536} INFO - 24/01/05 01:27:10 INFO Utils: Successfully started service 'SparkUI' on port 4041.
[2024-01-05T01:27:10.783+0000] {spark_submit.py:536} INFO - 24/01/05 01:27:10 INFO SparkUI: Bound SparkUI to 0.0.0.0, and started at http://10.0.2.15:4041
[2024-01-05T01:27:11.256+0000] {spark_submit.py:536} INFO - 24/01/05 01:27:11 INFO Executor: Starting executor ID driver on host 10.0.2.15
[2024-01-05T01:27:11.328+0000] {spark_submit.py:536} INFO - 24/01/05 01:27:11 INFO Utils: Successfully started service 'org.apache.spark.network.netty.NettyBlockTransferService' on port 44223.
[2024-01-05T01:27:11.329+0000] {spark_submit.py:536} INFO - 24/01/05 01:27:11 INFO NettyBlockTransferService: Server created on 10.0.2.15:44223
[2024-01-05T01:27:11.332+0000] {spark_submit.py:536} INFO - 24/01/05 01:27:11 INFO BlockManager: Using org.apache.spark.storage.RandomBlockReplicationPolicy for block replication policy
[2024-01-05T01:27:11.350+0000] {spark_submit.py:536} INFO - 24/01/05 01:27:11 INFO BlockManagerMaster: Registering BlockManager BlockManagerId(driver, 10.0.2.15, 44223, None)
[2024-01-05T01:27:11.364+0000] {spark_submit.py:536} INFO - 24/01/05 01:27:11 INFO BlockManagerMasterEndpoint: Registering block manager 10.0.2.15:44223 with 366.3 MiB RAM, BlockManagerId(driver, 10.0.2.15, 44223, None)
[2024-01-05T01:27:11.373+0000] {spark_submit.py:536} INFO - 24/01/05 01:27:11 INFO BlockManagerMaster: Registered BlockManager BlockManagerId(driver, 10.0.2.15, 44223, None)
[2024-01-05T01:27:11.377+0000] {spark_submit.py:536} INFO - 24/01/05 01:27:11 INFO BlockManager: Initialized BlockManager: BlockManagerId(driver, 10.0.2.15, 44223, None)
[2024-01-05T01:27:12.597+0000] {spark_submit.py:536} INFO - 24/01/05 01:27:12 INFO SharedState: Setting hive.metastore.warehouse.dir ('null') to the value of spark.sql.warehouse.dir ('file:/home/eder/Desktop/Airflow/Twitter/spark-warehouse').
[2024-01-05T01:27:12.597+0000] {spark_submit.py:536} INFO - 24/01/05 01:27:12 INFO SharedState: Warehouse path is 'file:/home/eder/Desktop/Airflow/Twitter/spark-warehouse'.
[2024-01-05T01:27:13.988+0000] {spark_submit.py:536} INFO - 24/01/05 01:27:13 INFO InMemoryFileIndex: It took 91 ms to list leaf files for 1 paths.
[2024-01-05T01:27:14.158+0000] {spark_submit.py:536} INFO - 24/01/05 01:27:14 INFO InMemoryFileIndex: It took 23 ms to list leaf files for 8 paths.
[2024-01-05T01:27:17.609+0000] {spark_submit.py:536} INFO - 24/01/05 01:27:17 INFO FileSourceStrategy: Pushed Filters:
[2024-01-05T01:27:17.612+0000] {spark_submit.py:536} INFO - 24/01/05 01:27:17 INFO FileSourceStrategy: Post-Scan Filters:
[2024-01-05T01:27:17.619+0000] {spark_submit.py:536} INFO - 24/01/05 01:27:17 INFO FileSourceStrategy: Output Data Schema: struct<value: string>
[2024-01-05T01:27:18.247+0000] {spark_submit.py:536} INFO - 24/01/05 01:27:18 INFO MemoryStore: Block broadcast_0 stored as values in memory (estimated size 303.1 KiB, free 366.0 MiB)
[2024-01-05T01:27:18.380+0000] {spark_submit.py:536} INFO - 24/01/05 01:27:18 INFO MemoryStore: Block broadcast_0_piece0 stored as bytes in memory (estimated size 27.4 KiB, free 366.0 MiB)
[2024-01-05T01:27:18.388+0000] {spark_submit.py:536} INFO - 24/01/05 01:27:18 INFO BlockManagerInfo: Added broadcast_0_piece0 in memory on 10.0.2.15:44223 (size: 27.4 KiB, free: 366.3 MiB)
[2024-01-05T01:27:18.400+0000] {spark_submit.py:536} INFO - 24/01/05 01:27:18 INFO SparkContext: Created broadcast 0 from json at NativeMethodAccessorImpl.java:0
[2024-01-05T01:27:18.425+0000] {spark_submit.py:536} INFO - 24/01/05 01:27:18 INFO FileSourceScanExec: Planning scan with bin packing, max size: 29428120 bytes, open cost is considered as scanning 4194304 bytes.
[2024-01-05T01:27:18.936+0000] {spark_submit.py:536} INFO - 24/01/05 01:27:18 INFO SparkContext: Starting job: json at NativeMethodAccessorImpl.java:0
[2024-01-05T01:27:18.981+0000] {spark_submit.py:536} INFO - 24/01/05 01:27:18 INFO DAGScheduler: Got job 0 (json at NativeMethodAccessorImpl.java:0) with 1 output partitions
[2024-01-05T01:27:18.982+0000] {spark_submit.py:536} INFO - 24/01/05 01:27:18 INFO DAGScheduler: Final stage: ResultStage 0 (json at NativeMethodAccessorImpl.java:0)
[2024-01-05T01:27:18.983+0000] {spark_submit.py:536} INFO - 24/01/05 01:27:18 INFO DAGScheduler: Parents of final stage: List()
[2024-01-05T01:27:18.986+0000] {spark_submit.py:536} INFO - 24/01/05 01:27:18 INFO DAGScheduler: Missing parents: List()
[2024-01-05T01:27:19.000+0000] {spark_submit.py:536} INFO - 24/01/05 01:27:19 INFO DAGScheduler: Submitting ResultStage 0 (MapPartitionsRDD[3] at json at NativeMethodAccessorImpl.java:0), which has no missing parents
[2024-01-05T01:27:19.198+0000] {spark_submit.py:536} INFO - 24/01/05 01:27:19 INFO MemoryStore: Block broadcast_1 stored as values in memory (estimated size 12.0 KiB, free 366.0 MiB)
[2024-01-05T01:27:19.217+0000] {spark_submit.py:536} INFO - 24/01/05 01:27:19 INFO MemoryStore: Block broadcast_1_piece0 stored as bytes in memory (estimated size 6.3 KiB, free 366.0 MiB)
[2024-01-05T01:27:19.220+0000] {spark_submit.py:536} INFO - 24/01/05 01:27:19 INFO BlockManagerInfo: Added broadcast_1_piece0 in memory on 10.0.2.15:44223 (size: 6.3 KiB, free: 366.3 MiB)
[2024-01-05T01:27:19.244+0000] {spark_submit.py:536} INFO - 24/01/05 01:27:19 INFO SparkContext: Created broadcast 1 from broadcast at DAGScheduler.scala:1433
[2024-01-05T01:27:19.324+0000] {spark_submit.py:536} INFO - 24/01/05 01:27:19 INFO DAGScheduler: Submitting 1 missing tasks from ResultStage 0 (MapPartitionsRDD[3] at json at NativeMethodAccessorImpl.java:0) (first 15 tasks are for partitions Vector(0))
[2024-01-05T01:27:19.326+0000] {spark_submit.py:536} INFO - 24/01/05 01:27:19 INFO TaskSchedulerImpl: Adding task set 0.0 with 1 tasks resource profile 0
[2024-01-05T01:27:19.433+0000] {spark_submit.py:536} INFO - 24/01/05 01:27:19 INFO TaskSetManager: Starting task 0.0 in stage 0.0 (TID 0) (10.0.2.15, executor driver, partition 0, PROCESS_LOCAL, 5467 bytes) taskResourceAssignments Map()
[2024-01-05T01:27:19.468+0000] {spark_submit.py:536} INFO - 24/01/05 01:27:19 INFO Executor: Running task 0.0 in stage 0.0 (TID 0)
[2024-01-05T01:27:19.952+0000] {spark_submit.py:536} INFO - 24/01/05 01:27:19 INFO FileScanRDD: Reading File path: file:///home/eder/Desktop/Airflow/Twitter/data/raw/2024-01-04.json, range: 0-18088, partition values: [empty row]
[2024-01-05T01:27:20.465+0000] {spark_submit.py:536} INFO - 24/01/05 01:27:20 INFO CodeGenerator: Code generated in 334.590349 ms
[2024-01-05T01:27:20.542+0000] {spark_submit.py:536} INFO - 24/01/05 01:27:20 INFO FileScanRDD: Reading File path: file:///home/eder/Desktop/Airflow/Twitter/data/raw/2024-01-01.json, range: 0-13790, partition values: [empty row]
[2024-01-05T01:27:20.551+0000] {spark_submit.py:536} INFO - 24/01/05 01:27:20 INFO FileScanRDD: Reading File path: file:///home/eder/Desktop/Airflow/Twitter/data/raw/2023-12-29.json, range: 0-13651, partition values: [empty row]
[2024-01-05T01:27:20.559+0000] {spark_submit.py:536} INFO - 24/01/05 01:27:20 INFO FileScanRDD: Reading File path: file:///home/eder/Desktop/Airflow/Twitter/data/raw/2024-01-02.json, range: 0-8958, partition values: [empty row]
[2024-01-05T01:27:20.563+0000] {spark_submit.py:536} INFO - 24/01/05 01:27:20 INFO FileScanRDD: Reading File path: file:///home/eder/Desktop/Airflow/Twitter/data/raw/2024-01-03.json, range: 0-4512, partition values: [empty row]
[2024-01-05T01:27:20.565+0000] {spark_submit.py:536} INFO - 24/01/05 01:27:20 INFO FileScanRDD: Reading File path: file:///home/eder/Desktop/Airflow/Twitter/data/raw/2023-12-31.json, range: 0-4502, partition values: [empty row]
[2024-01-05T01:27:20.567+0000] {spark_submit.py:536} INFO - 24/01/05 01:27:20 INFO FileScanRDD: Reading File path: file:///home/eder/Desktop/Airflow/Twitter/data/raw/2023-12-30.json, range: 0-4491, partition values: [empty row]
[2024-01-05T01:27:20.611+0000] {spark_submit.py:536} INFO - 24/01/05 01:27:20 INFO Executor: Finished task 0.0 in stage 0.0 (TID 0). 2841 bytes result sent to driver
[2024-01-05T01:27:20.629+0000] {spark_submit.py:536} INFO - 24/01/05 01:27:20 INFO TaskSetManager: Finished task 0.0 in stage 0.0 (TID 0) in 1211 ms on 10.0.2.15 (executor driver) (1/1)
[2024-01-05T01:27:20.805+0000] {spark_submit.py:536} INFO - 24/01/05 01:27:20 INFO TaskSchedulerImpl: Removed TaskSet 0.0, whose tasks have all completed, from pool
[2024-01-05T01:27:20.817+0000] {spark_submit.py:536} INFO - 24/01/05 01:27:20 INFO DAGScheduler: ResultStage 0 (json at NativeMethodAccessorImpl.java:0) finished in 1.782 s
[2024-01-05T01:27:20.827+0000] {spark_submit.py:536} INFO - 24/01/05 01:27:20 INFO DAGScheduler: Job 0 is finished. Cancelling potential speculative or zombie tasks for this job
[2024-01-05T01:27:20.827+0000] {spark_submit.py:536} INFO - 24/01/05 01:27:20 INFO TaskSchedulerImpl: Killing all running tasks in stage 0: Stage finished
[2024-01-05T01:27:20.833+0000] {spark_submit.py:536} INFO - 24/01/05 01:27:20 INFO DAGScheduler: Job 0 finished: json at NativeMethodAccessorImpl.java:0, took 1.896553 s
[2024-01-05T01:27:21.675+0000] {spark_submit.py:536} INFO - 24/01/05 01:27:21 INFO FileSourceStrategy: Pushed Filters: IsNotNull(data)
[2024-01-05T01:27:21.684+0000] {spark_submit.py:536} INFO - 24/01/05 01:27:21 INFO FileSourceStrategy: Post-Scan Filters: (size(data#7, true) > 0),isnotnull(data#7)
[2024-01-05T01:27:21.686+0000] {spark_submit.py:536} INFO - 24/01/05 01:27:21 INFO FileSourceStrategy: Output Data Schema: struct<data: array<struct<author_id:string,conversation_id:string,created_at:string,edit_history_tweet_ids:array<bigint>,id:string,in_reply_to_user_id:string,lang:string,public_metrics:struct<like_count:bigint,quote_count:bigint,reply_count:bigint,retweet_count:bigint>,text:string>>>
[2024-01-05T01:27:21.837+0000] {spark_submit.py:536} INFO - 24/01/05 01:27:21 INFO FileOutputCommitter: File Output Committer Algorithm version is 1
[2024-01-05T01:27:21.838+0000] {spark_submit.py:536} INFO - 24/01/05 01:27:21 INFO FileOutputCommitter: FileOutputCommitter skip cleanup _temporary folders under output directory:false, ignore cleanup failures: false
[2024-01-05T01:27:21.840+0000] {spark_submit.py:536} INFO - 24/01/05 01:27:21 INFO SQLHadoopMapReduceCommitProtocol: Using output committer class org.apache.hadoop.mapreduce.lib.output.FileOutputCommitter
[2024-01-05T01:27:22.090+0000] {spark_submit.py:536} INFO - 24/01/05 01:27:22 INFO CodeGenerator: Code generated in 72.036124 ms
[2024-01-05T01:27:22.183+0000] {spark_submit.py:536} INFO - 24/01/05 01:27:22 INFO CodeGenerator: Code generated in 50.305552 ms
[2024-01-05T01:27:22.194+0000] {spark_submit.py:536} INFO - 24/01/05 01:27:22 INFO MemoryStore: Block broadcast_2 stored as values in memory (estimated size 303.0 KiB, free 365.7 MiB)
[2024-01-05T01:27:22.204+0000] {spark_submit.py:536} INFO - 24/01/05 01:27:22 INFO MemoryStore: Block broadcast_2_piece0 stored as bytes in memory (estimated size 27.5 KiB, free 365.6 MiB)
[2024-01-05T01:27:22.206+0000] {spark_submit.py:536} INFO - 24/01/05 01:27:22 INFO BlockManagerInfo: Added broadcast_2_piece0 in memory on 10.0.2.15:44223 (size: 27.5 KiB, free: 366.2 MiB)
[2024-01-05T01:27:22.208+0000] {spark_submit.py:536} INFO - 24/01/05 01:27:22 INFO SparkContext: Created broadcast 2 from json at NativeMethodAccessorImpl.java:0
[2024-01-05T01:27:22.213+0000] {spark_submit.py:536} INFO - 24/01/05 01:27:22 INFO FileSourceScanExec: Planning scan with bin packing, max size: 29428120 bytes, open cost is considered as scanning 4194304 bytes.
[2024-01-05T01:27:22.317+0000] {spark_submit.py:536} INFO - 24/01/05 01:27:22 INFO SparkContext: Starting job: json at NativeMethodAccessorImpl.java:0
[2024-01-05T01:27:22.321+0000] {spark_submit.py:536} INFO - 24/01/05 01:27:22 INFO DAGScheduler: Got job 1 (json at NativeMethodAccessorImpl.java:0) with 1 output partitions
[2024-01-05T01:27:22.321+0000] {spark_submit.py:536} INFO - 24/01/05 01:27:22 INFO DAGScheduler: Final stage: ResultStage 1 (json at NativeMethodAccessorImpl.java:0)
[2024-01-05T01:27:22.321+0000] {spark_submit.py:536} INFO - 24/01/05 01:27:22 INFO DAGScheduler: Parents of final stage: List()
[2024-01-05T01:27:22.321+0000] {spark_submit.py:536} INFO - 24/01/05 01:27:22 INFO DAGScheduler: Missing parents: List()
[2024-01-05T01:27:22.326+0000] {spark_submit.py:536} INFO - 24/01/05 01:27:22 INFO DAGScheduler: Submitting ResultStage 1 (CoalescedRDD[9] at json at NativeMethodAccessorImpl.java:0), which has no missing parents
[2024-01-05T01:27:22.454+0000] {spark_submit.py:536} INFO - 24/01/05 01:27:22 INFO MemoryStore: Block broadcast_3 stored as values in memory (estimated size 189.7 KiB, free 365.5 MiB)
[2024-01-05T01:27:22.460+0000] {spark_submit.py:536} INFO - 24/01/05 01:27:22 INFO MemoryStore: Block broadcast_3_piece0 stored as bytes in memory (estimated size 66.4 KiB, free 365.4 MiB)
[2024-01-05T01:27:22.462+0000] {spark_submit.py:536} INFO - 24/01/05 01:27:22 INFO BlockManagerInfo: Added broadcast_3_piece0 in memory on 10.0.2.15:44223 (size: 66.4 KiB, free: 366.2 MiB)
[2024-01-05T01:27:22.470+0000] {spark_submit.py:536} INFO - 24/01/05 01:27:22 INFO SparkContext: Created broadcast 3 from broadcast at DAGScheduler.scala:1433
[2024-01-05T01:27:22.470+0000] {spark_submit.py:536} INFO - 24/01/05 01:27:22 INFO DAGScheduler: Submitting 1 missing tasks from ResultStage 1 (CoalescedRDD[9] at json at NativeMethodAccessorImpl.java:0) (first 15 tasks are for partitions Vector(0))
[2024-01-05T01:27:22.470+0000] {spark_submit.py:536} INFO - 24/01/05 01:27:22 INFO TaskSchedulerImpl: Adding task set 1.0 with 1 tasks resource profile 0
[2024-01-05T01:27:22.480+0000] {spark_submit.py:536} INFO - 24/01/05 01:27:22 INFO TaskSetManager: Starting task 0.0 in stage 1.0 (TID 1) (10.0.2.15, executor driver, partition 0, PROCESS_LOCAL, 5696 bytes) taskResourceAssignments Map()
[2024-01-05T01:27:22.489+0000] {spark_submit.py:536} INFO - 24/01/05 01:27:22 INFO Executor: Running task 0.0 in stage 1.0 (TID 1)
[2024-01-05T01:27:22.613+0000] {spark_submit.py:536} INFO - 24/01/05 01:27:22 INFO FileOutputCommitter: File Output Committer Algorithm version is 1
[2024-01-05T01:27:22.617+0000] {spark_submit.py:536} INFO - 24/01/05 01:27:22 INFO FileOutputCommitter: FileOutputCommitter skip cleanup _temporary folders under output directory:false, ignore cleanup failures: false
[2024-01-05T01:27:22.628+0000] {spark_submit.py:536} INFO - 24/01/05 01:27:22 INFO SQLHadoopMapReduceCommitProtocol: Using output committer class org.apache.hadoop.mapreduce.lib.output.FileOutputCommitter
[2024-01-05T01:27:22.810+0000] {spark_submit.py:536} INFO - 24/01/05 01:27:22 INFO CodeGenerator: Code generated in 38.074178 ms
[2024-01-05T01:27:22.837+0000] {spark_submit.py:536} INFO - 24/01/05 01:27:22 INFO FileScanRDD: Reading File path: file:///home/eder/Desktop/Airflow/Twitter/data/raw/2024-01-04.json, range: 0-18088, partition values: [empty row]
[2024-01-05T01:27:22.879+0000] {spark_submit.py:536} INFO - 24/01/05 01:27:22 INFO CodeGenerator: Code generated in 36.351343 ms
[2024-01-05T01:27:22.977+0000] {spark_submit.py:536} INFO - 24/01/05 01:27:22 INFO CodeGenerator: Code generated in 27.442439 ms
[2024-01-05T01:27:23.140+0000] {spark_submit.py:536} INFO - 24/01/05 01:27:23 INFO FileScanRDD: Reading File path: file:///home/eder/Desktop/Airflow/Twitter/data/raw/2024-01-01.json, range: 0-13790, partition values: [empty row]
[2024-01-05T01:27:23.155+0000] {spark_submit.py:536} INFO - 24/01/05 01:27:23 INFO FileScanRDD: Reading File path: file:///home/eder/Desktop/Airflow/Twitter/data/raw/2023-12-29.json, range: 0-13651, partition values: [empty row]
[2024-01-05T01:27:23.167+0000] {spark_submit.py:536} INFO - 24/01/05 01:27:23 INFO FileScanRDD: Reading File path: file:///home/eder/Desktop/Airflow/Twitter/data/raw/2024-01-02.json, range: 0-8958, partition values: [empty row]
[2024-01-05T01:27:23.191+0000] {spark_submit.py:536} INFO - 24/01/05 01:27:23 INFO FileScanRDD: Reading File path: file:///home/eder/Desktop/Airflow/Twitter/data/raw/2024-01-03.json, range: 0-4512, partition values: [empty row]
[2024-01-05T01:27:23.201+0000] {spark_submit.py:536} INFO - 24/01/05 01:27:23 INFO FileScanRDD: Reading File path: file:///home/eder/Desktop/Airflow/Twitter/data/raw/2023-12-31.json, range: 0-4502, partition values: [empty row]
[2024-01-05T01:27:23.205+0000] {spark_submit.py:536} INFO - 24/01/05 01:27:23 INFO FileScanRDD: Reading File path: file:///home/eder/Desktop/Airflow/Twitter/data/raw/2023-12-30.json, range: 0-4491, partition values: [empty row]
[2024-01-05T01:27:23.231+0000] {spark_submit.py:536} INFO - 24/01/05 01:27:23 INFO FileOutputCommitter: Saved output of task 'attempt_202401050127225760877710744588445_0001_m_000000_1' to file:/home/eder/Desktop/Airflow/Twitter/data/processed/tweets/2024-01-04/_temporary/0/task_202401050127225760877710744588445_0001_m_000000
[2024-01-05T01:27:23.233+0000] {spark_submit.py:536} INFO - 24/01/05 01:27:23 INFO SparkHadoopMapRedUtil: attempt_202401050127225760877710744588445_0001_m_000000_1: Committed
[2024-01-05T01:27:23.240+0000] {spark_submit.py:536} INFO - 24/01/05 01:27:23 INFO Executor: Finished task 0.0 in stage 1.0 (TID 1). 2944 bytes result sent to driver
[2024-01-05T01:27:23.244+0000] {spark_submit.py:536} INFO - 24/01/05 01:27:23 INFO TaskSetManager: Finished task 0.0 in stage 1.0 (TID 1) in 770 ms on 10.0.2.15 (executor driver) (1/1)
[2024-01-05T01:27:23.244+0000] {spark_submit.py:536} INFO - 24/01/05 01:27:23 INFO TaskSchedulerImpl: Removed TaskSet 1.0, whose tasks have all completed, from pool
[2024-01-05T01:27:23.245+0000] {spark_submit.py:536} INFO - 24/01/05 01:27:23 INFO DAGScheduler: ResultStage 1 (json at NativeMethodAccessorImpl.java:0) finished in 0.917 s
[2024-01-05T01:27:23.246+0000] {spark_submit.py:536} INFO - 24/01/05 01:27:23 INFO DAGScheduler: Job 1 is finished. Cancelling potential speculative or zombie tasks for this job
[2024-01-05T01:27:23.247+0000] {spark_submit.py:536} INFO - 24/01/05 01:27:23 INFO TaskSchedulerImpl: Killing all running tasks in stage 1: Stage finished
[2024-01-05T01:27:23.251+0000] {spark_submit.py:536} INFO - 24/01/05 01:27:23 INFO DAGScheduler: Job 1 finished: json at NativeMethodAccessorImpl.java:0, took 0.930314 s
[2024-01-05T01:27:23.427+0000] {spark_submit.py:536} INFO - 24/01/05 01:27:23 INFO FileFormatWriter: Write Job cc6a3ff3-e6de-4420-879c-169fa63d97f5 committed.
[2024-01-05T01:27:23.435+0000] {spark_submit.py:536} INFO - 24/01/05 01:27:23 INFO FileFormatWriter: Finished processing stats for write job cc6a3ff3-e6de-4420-879c-169fa63d97f5.
[2024-01-05T01:27:23.501+0000] {spark_submit.py:536} INFO - 24/01/05 01:27:23 INFO FileSourceStrategy: Pushed Filters:
[2024-01-05T01:27:23.502+0000] {spark_submit.py:536} INFO - 24/01/05 01:27:23 INFO FileSourceStrategy: Post-Scan Filters:
[2024-01-05T01:27:23.502+0000] {spark_submit.py:536} INFO - 24/01/05 01:27:23 INFO FileSourceStrategy: Output Data Schema: struct<includes: struct<users: array<struct<created_at:string,id:string,name:string,username:string>>>>
[2024-01-05T01:27:23.514+0000] {spark_submit.py:536} INFO - 24/01/05 01:27:23 INFO FileOutputCommitter: File Output Committer Algorithm version is 1
[2024-01-05T01:27:23.514+0000] {spark_submit.py:536} INFO - 24/01/05 01:27:23 INFO FileOutputCommitter: FileOutputCommitter skip cleanup _temporary folders under output directory:false, ignore cleanup failures: false
[2024-01-05T01:27:23.515+0000] {spark_submit.py:536} INFO - 24/01/05 01:27:23 INFO SQLHadoopMapReduceCommitProtocol: Using output committer class org.apache.hadoop.mapreduce.lib.output.FileOutputCommitter
[2024-01-05T01:27:23.574+0000] {spark_submit.py:536} INFO - 24/01/05 01:27:23 INFO CodeGenerator: Code generated in 19.925326 ms
[2024-01-05T01:27:23.578+0000] {spark_submit.py:536} INFO - 24/01/05 01:27:23 INFO MemoryStore: Block broadcast_4 stored as values in memory (estimated size 303.0 KiB, free 365.1 MiB)
[2024-01-05T01:27:23.585+0000] {spark_submit.py:536} INFO - 24/01/05 01:27:23 INFO MemoryStore: Block broadcast_4_piece0 stored as bytes in memory (estimated size 27.5 KiB, free 365.1 MiB)
[2024-01-05T01:27:23.590+0000] {spark_submit.py:536} INFO - 24/01/05 01:27:23 INFO BlockManagerInfo: Added broadcast_4_piece0 in memory on 10.0.2.15:44223 (size: 27.5 KiB, free: 366.1 MiB)
[2024-01-05T01:27:23.601+0000] {spark_submit.py:536} INFO - 24/01/05 01:27:23 INFO SparkContext: Created broadcast 4 from json at NativeMethodAccessorImpl.java:0
[2024-01-05T01:27:23.611+0000] {spark_submit.py:536} INFO - 24/01/05 01:27:23 INFO FileSourceScanExec: Planning scan with bin packing, max size: 29428120 bytes, open cost is considered as scanning 4194304 bytes.
[2024-01-05T01:27:23.625+0000] {spark_submit.py:536} INFO - 24/01/05 01:27:23 INFO SparkContext: Starting job: json at NativeMethodAccessorImpl.java:0
[2024-01-05T01:27:23.629+0000] {spark_submit.py:536} INFO - 24/01/05 01:27:23 INFO DAGScheduler: Got job 2 (json at NativeMethodAccessorImpl.java:0) with 1 output partitions
[2024-01-05T01:27:23.632+0000] {spark_submit.py:536} INFO - 24/01/05 01:27:23 INFO DAGScheduler: Final stage: ResultStage 2 (json at NativeMethodAccessorImpl.java:0)
[2024-01-05T01:27:23.633+0000] {spark_submit.py:536} INFO - 24/01/05 01:27:23 INFO DAGScheduler: Parents of final stage: List()
[2024-01-05T01:27:23.633+0000] {spark_submit.py:536} INFO - 24/01/05 01:27:23 INFO DAGScheduler: Missing parents: List()
[2024-01-05T01:27:23.655+0000] {spark_submit.py:536} INFO - 24/01/05 01:27:23 INFO DAGScheduler: Submitting ResultStage 2 (CoalescedRDD[16] at json at NativeMethodAccessorImpl.java:0), which has no missing parents
[2024-01-05T01:27:23.753+0000] {spark_submit.py:536} INFO - 24/01/05 01:27:23 INFO MemoryStore: Block broadcast_5 stored as values in memory (estimated size 178.0 KiB, free 364.9 MiB)
[2024-01-05T01:27:23.755+0000] {spark_submit.py:536} INFO - 24/01/05 01:27:23 INFO MemoryStore: Block broadcast_5_piece0 stored as bytes in memory (estimated size 63.7 KiB, free 364.8 MiB)
[2024-01-05T01:27:23.758+0000] {spark_submit.py:536} INFO - 24/01/05 01:27:23 INFO BlockManagerInfo: Added broadcast_5_piece0 in memory on 10.0.2.15:44223 (size: 63.7 KiB, free: 366.1 MiB)
[2024-01-05T01:27:23.759+0000] {spark_submit.py:536} INFO - 24/01/05 01:27:23 INFO SparkContext: Created broadcast 5 from broadcast at DAGScheduler.scala:1433
[2024-01-05T01:27:23.760+0000] {spark_submit.py:536} INFO - 24/01/05 01:27:23 INFO DAGScheduler: Submitting 1 missing tasks from ResultStage 2 (CoalescedRDD[16] at json at NativeMethodAccessorImpl.java:0) (first 15 tasks are for partitions Vector(0))
[2024-01-05T01:27:23.760+0000] {spark_submit.py:536} INFO - 24/01/05 01:27:23 INFO TaskSchedulerImpl: Adding task set 2.0 with 1 tasks resource profile 0
[2024-01-05T01:27:23.762+0000] {spark_submit.py:536} INFO - 24/01/05 01:27:23 INFO TaskSetManager: Starting task 0.0 in stage 2.0 (TID 2) (10.0.2.15, executor driver, partition 0, PROCESS_LOCAL, 5696 bytes) taskResourceAssignments Map()
[2024-01-05T01:27:23.762+0000] {spark_submit.py:536} INFO - 24/01/05 01:27:23 INFO Executor: Running task 0.0 in stage 2.0 (TID 2)
[2024-01-05T01:27:23.781+0000] {spark_submit.py:536} INFO - 24/01/05 01:27:23 INFO FileOutputCommitter: File Output Committer Algorithm version is 1
[2024-01-05T01:27:23.782+0000] {spark_submit.py:536} INFO - 24/01/05 01:27:23 INFO FileOutputCommitter: FileOutputCommitter skip cleanup _temporary folders under output directory:false, ignore cleanup failures: false
[2024-01-05T01:27:23.782+0000] {spark_submit.py:536} INFO - 24/01/05 01:27:23 INFO SQLHadoopMapReduceCommitProtocol: Using output committer class org.apache.hadoop.mapreduce.lib.output.FileOutputCommitter
[2024-01-05T01:27:23.870+0000] {spark_submit.py:536} INFO - 24/01/05 01:27:23 INFO CodeGenerator: Code generated in 25.78805 ms
[2024-01-05T01:27:23.878+0000] {spark_submit.py:536} INFO - 24/01/05 01:27:23 INFO FileScanRDD: Reading File path: file:///home/eder/Desktop/Airflow/Twitter/data/raw/2024-01-04.json, range: 0-18088, partition values: [empty row]
[2024-01-05T01:27:23.924+0000] {spark_submit.py:536} INFO - 24/01/05 01:27:23 INFO CodeGenerator: Code generated in 38.872041 ms
[2024-01-05T01:27:23.945+0000] {spark_submit.py:536} INFO - 24/01/05 01:27:23 INFO FileScanRDD: Reading File path: file:///home/eder/Desktop/Airflow/Twitter/data/raw/2024-01-01.json, range: 0-13790, partition values: [empty row]
[2024-01-05T01:27:23.949+0000] {spark_submit.py:536} INFO - 24/01/05 01:27:23 INFO FileScanRDD: Reading File path: file:///home/eder/Desktop/Airflow/Twitter/data/raw/2023-12-29.json, range: 0-13651, partition values: [empty row]
[2024-01-05T01:27:23.953+0000] {spark_submit.py:536} INFO - 24/01/05 01:27:23 INFO FileScanRDD: Reading File path: file:///home/eder/Desktop/Airflow/Twitter/data/raw/2024-01-02.json, range: 0-8958, partition values: [empty row]
[2024-01-05T01:27:23.957+0000] {spark_submit.py:536} INFO - 24/01/05 01:27:23 INFO FileScanRDD: Reading File path: file:///home/eder/Desktop/Airflow/Twitter/data/raw/2024-01-03.json, range: 0-4512, partition values: [empty row]
[2024-01-05T01:27:23.959+0000] {spark_submit.py:536} INFO - 24/01/05 01:27:23 INFO FileScanRDD: Reading File path: file:///home/eder/Desktop/Airflow/Twitter/data/raw/2023-12-31.json, range: 0-4502, partition values: [empty row]
[2024-01-05T01:27:23.961+0000] {spark_submit.py:536} INFO - 24/01/05 01:27:23 INFO FileScanRDD: Reading File path: file:///home/eder/Desktop/Airflow/Twitter/data/raw/2023-12-30.json, range: 0-4491, partition values: [empty row]
[2024-01-05T01:27:23.977+0000] {spark_submit.py:536} INFO - 24/01/05 01:27:23 INFO FileOutputCommitter: Saved output of task 'attempt_202401050127233028206257947454024_0002_m_000000_2' to file:/home/eder/Desktop/Airflow/Twitter/data/processed/users/2024-01-04/_temporary/0/task_202401050127233028206257947454024_0002_m_000000
[2024-01-05T01:27:23.978+0000] {spark_submit.py:536} INFO - 24/01/05 01:27:23 INFO SparkHadoopMapRedUtil: attempt_202401050127233028206257947454024_0002_m_000000_2: Committed
[2024-01-05T01:27:23.986+0000] {spark_submit.py:536} INFO - 24/01/05 01:27:23 INFO Executor: Finished task 0.0 in stage 2.0 (TID 2). 2734 bytes result sent to driver
[2024-01-05T01:27:23.988+0000] {spark_submit.py:536} INFO - 24/01/05 01:27:23 INFO TaskSetManager: Finished task 0.0 in stage 2.0 (TID 2) in 227 ms on 10.0.2.15 (executor driver) (1/1)
[2024-01-05T01:27:23.988+0000] {spark_submit.py:536} INFO - 24/01/05 01:27:23 INFO TaskSchedulerImpl: Removed TaskSet 2.0, whose tasks have all completed, from pool
[2024-01-05T01:27:23.989+0000] {spark_submit.py:536} INFO - 24/01/05 01:27:23 INFO DAGScheduler: ResultStage 2 (json at NativeMethodAccessorImpl.java:0) finished in 0.334 s
[2024-01-05T01:27:23.990+0000] {spark_submit.py:536} INFO - 24/01/05 01:27:23 INFO DAGScheduler: Job 2 is finished. Cancelling potential speculative or zombie tasks for this job
[2024-01-05T01:27:23.990+0000] {spark_submit.py:536} INFO - 24/01/05 01:27:23 INFO TaskSchedulerImpl: Killing all running tasks in stage 2: Stage finished
[2024-01-05T01:27:23.993+0000] {spark_submit.py:536} INFO - 24/01/05 01:27:23 INFO DAGScheduler: Job 2 finished: json at NativeMethodAccessorImpl.java:0, took 0.367586 s
[2024-01-05T01:27:24.012+0000] {spark_submit.py:536} INFO - 24/01/05 01:27:24 INFO FileFormatWriter: Write Job 56727e33-ae2a-4aa3-a164-70fe50f6e455 committed.
[2024-01-05T01:27:24.012+0000] {spark_submit.py:536} INFO - 24/01/05 01:27:24 INFO FileFormatWriter: Finished processing stats for write job 56727e33-ae2a-4aa3-a164-70fe50f6e455.
[2024-01-05T01:27:24.073+0000] {spark_submit.py:536} INFO - 24/01/05 01:27:24 INFO SparkContext: Invoking stop() from shutdown hook
[2024-01-05T01:27:24.097+0000] {spark_submit.py:536} INFO - 24/01/05 01:27:24 INFO SparkUI: Stopped Spark web UI at http://10.0.2.15:4041
[2024-01-05T01:27:24.185+0000] {spark_submit.py:536} INFO - 24/01/05 01:27:24 INFO MapOutputTrackerMasterEndpoint: MapOutputTrackerMasterEndpoint stopped!
[2024-01-05T01:27:24.221+0000] {spark_submit.py:536} INFO - 24/01/05 01:27:24 INFO MemoryStore: MemoryStore cleared
[2024-01-05T01:27:24.246+0000] {spark_submit.py:536} INFO - 24/01/05 01:27:24 INFO BlockManager: BlockManager stopped
[2024-01-05T01:27:24.273+0000] {spark_submit.py:536} INFO - 24/01/05 01:27:24 INFO BlockManagerMaster: BlockManagerMaster stopped
[2024-01-05T01:27:24.279+0000] {spark_submit.py:536} INFO - 24/01/05 01:27:24 INFO OutputCommitCoordinator$OutputCommitCoordinatorEndpoint: OutputCommitCoordinator stopped!
[2024-01-05T01:27:24.291+0000] {spark_submit.py:536} INFO - 24/01/05 01:27:24 INFO SparkContext: Successfully stopped SparkContext
[2024-01-05T01:27:24.292+0000] {spark_submit.py:536} INFO - 24/01/05 01:27:24 INFO ShutdownHookManager: Shutdown hook called
[2024-01-05T01:27:24.293+0000] {spark_submit.py:536} INFO - 24/01/05 01:27:24 INFO ShutdownHookManager: Deleting directory /tmp/spark-b7f034dd-3033-4e4e-ace2-e43d85da66f8
[2024-01-05T01:27:24.299+0000] {spark_submit.py:536} INFO - 24/01/05 01:27:24 INFO ShutdownHookManager: Deleting directory /tmp/spark-b7f034dd-3033-4e4e-ace2-e43d85da66f8/pyspark-71258666-e7b0-4818-a33b-4214f229e803
[2024-01-05T01:27:24.318+0000] {spark_submit.py:536} INFO - 24/01/05 01:27:24 INFO ShutdownHookManager: Deleting directory /tmp/spark-697b1960-ce54-4ca0-aee9-5ebe73e2e47d
[2024-01-05T01:27:24.441+0000] {taskinstance.py:1138} INFO - Marking task as SUCCESS. dag_id=TwitterDAG, task_id=transform_twitter_datascience, execution_date=20240104T000000, start_date=20240105T012704, end_date=20240105T012724
[2024-01-05T01:27:24.486+0000] {local_task_job_runner.py:234} INFO - Task exited with return code 0
[2024-01-05T01:27:24.496+0000] {taskinstance.py:3281} INFO - 0 downstream tasks scheduled from follow-on schedule check
