[2024-01-05T01:16:22.309+0000] {processor.py:161} INFO - Started process (PID=23407) to work on /home/eder/Desktop/Airflow/Twitter/venv/lib/python3.9/site-packages/airflow/example_dags/subdags/subdag.py
[2024-01-05T01:16:22.310+0000] {processor.py:830} INFO - Processing file /home/eder/Desktop/Airflow/Twitter/venv/lib/python3.9/site-packages/airflow/example_dags/subdags/subdag.py for tasks to queue
[2024-01-05T01:16:22.311+0000] {logging_mixin.py:188} INFO - [2024-01-05T01:16:22.310+0000] {dagbag.py:538} INFO - Filling up the DagBag from /home/eder/Desktop/Airflow/Twitter/venv/lib/python3.9/site-packages/airflow/example_dags/subdags/subdag.py
[2024-01-05T01:16:22.313+0000] {processor.py:842} WARNING - No viable dags retrieved from /home/eder/Desktop/Airflow/Twitter/venv/lib/python3.9/site-packages/airflow/example_dags/subdags/subdag.py
[2024-01-05T01:16:22.337+0000] {processor.py:183} INFO - Processing /home/eder/Desktop/Airflow/Twitter/venv/lib/python3.9/site-packages/airflow/example_dags/subdags/subdag.py took 0.030 seconds
[2024-01-05T01:18:15.053+0000] {processor.py:161} INFO - Started process (PID=24277) to work on /home/eder/Desktop/Airflow/Twitter/venv/lib/python3.9/site-packages/airflow/example_dags/subdags/subdag.py
[2024-01-05T01:18:15.069+0000] {processor.py:830} INFO - Processing file /home/eder/Desktop/Airflow/Twitter/venv/lib/python3.9/site-packages/airflow/example_dags/subdags/subdag.py for tasks to queue
[2024-01-05T01:18:15.069+0000] {logging_mixin.py:188} INFO - [2024-01-05T01:18:15.069+0000] {dagbag.py:538} INFO - Filling up the DagBag from /home/eder/Desktop/Airflow/Twitter/venv/lib/python3.9/site-packages/airflow/example_dags/subdags/subdag.py
[2024-01-05T01:18:15.073+0000] {processor.py:842} WARNING - No viable dags retrieved from /home/eder/Desktop/Airflow/Twitter/venv/lib/python3.9/site-packages/airflow/example_dags/subdags/subdag.py
[2024-01-05T01:18:15.086+0000] {processor.py:183} INFO - Processing /home/eder/Desktop/Airflow/Twitter/venv/lib/python3.9/site-packages/airflow/example_dags/subdags/subdag.py took 0.038 seconds
[2024-01-05T01:18:59.497+0000] {processor.py:161} INFO - Started process (PID=24475) to work on /home/eder/Desktop/Airflow/Twitter/venv/lib/python3.9/site-packages/airflow/example_dags/subdags/subdag.py
[2024-01-05T01:18:59.504+0000] {processor.py:830} INFO - Processing file /home/eder/Desktop/Airflow/Twitter/venv/lib/python3.9/site-packages/airflow/example_dags/subdags/subdag.py for tasks to queue
[2024-01-05T01:18:59.505+0000] {logging_mixin.py:188} INFO - [2024-01-05T01:18:59.505+0000] {dagbag.py:538} INFO - Filling up the DagBag from /home/eder/Desktop/Airflow/Twitter/venv/lib/python3.9/site-packages/airflow/example_dags/subdags/subdag.py
[2024-01-05T01:18:59.507+0000] {processor.py:842} WARNING - No viable dags retrieved from /home/eder/Desktop/Airflow/Twitter/venv/lib/python3.9/site-packages/airflow/example_dags/subdags/subdag.py
[2024-01-05T01:18:59.517+0000] {processor.py:183} INFO - Processing /home/eder/Desktop/Airflow/Twitter/venv/lib/python3.9/site-packages/airflow/example_dags/subdags/subdag.py took 0.023 seconds
[2024-01-05T01:22:28.344+0000] {processor.py:161} INFO - Started process (PID=27546) to work on /home/eder/Desktop/Airflow/Twitter/venv/lib/python3.9/site-packages/airflow/example_dags/subdags/subdag.py
[2024-01-05T01:22:28.361+0000] {processor.py:830} INFO - Processing file /home/eder/Desktop/Airflow/Twitter/venv/lib/python3.9/site-packages/airflow/example_dags/subdags/subdag.py for tasks to queue
[2024-01-05T01:22:28.362+0000] {logging_mixin.py:188} INFO - [2024-01-05T01:22:28.361+0000] {dagbag.py:538} INFO - Filling up the DagBag from /home/eder/Desktop/Airflow/Twitter/venv/lib/python3.9/site-packages/airflow/example_dags/subdags/subdag.py
[2024-01-05T01:22:28.366+0000] {processor.py:842} WARNING - No viable dags retrieved from /home/eder/Desktop/Airflow/Twitter/venv/lib/python3.9/site-packages/airflow/example_dags/subdags/subdag.py
[2024-01-05T01:22:28.386+0000] {processor.py:183} INFO - Processing /home/eder/Desktop/Airflow/Twitter/venv/lib/python3.9/site-packages/airflow/example_dags/subdags/subdag.py took 0.046 seconds
[2024-01-05T01:23:29.136+0000] {processor.py:161} INFO - Started process (PID=28239) to work on /home/eder/Desktop/Airflow/Twitter/venv/lib/python3.9/site-packages/airflow/example_dags/subdags/subdag.py
[2024-01-05T01:23:29.157+0000] {processor.py:830} INFO - Processing file /home/eder/Desktop/Airflow/Twitter/venv/lib/python3.9/site-packages/airflow/example_dags/subdags/subdag.py for tasks to queue
[2024-01-05T01:23:29.158+0000] {logging_mixin.py:188} INFO - [2024-01-05T01:23:29.158+0000] {dagbag.py:538} INFO - Filling up the DagBag from /home/eder/Desktop/Airflow/Twitter/venv/lib/python3.9/site-packages/airflow/example_dags/subdags/subdag.py
[2024-01-05T01:23:29.162+0000] {processor.py:842} WARNING - No viable dags retrieved from /home/eder/Desktop/Airflow/Twitter/venv/lib/python3.9/site-packages/airflow/example_dags/subdags/subdag.py
[2024-01-05T01:23:29.185+0000] {processor.py:183} INFO - Processing /home/eder/Desktop/Airflow/Twitter/venv/lib/python3.9/site-packages/airflow/example_dags/subdags/subdag.py took 0.052 seconds
[2024-01-05T01:27:34.428+0000] {processor.py:161} INFO - Started process (PID=32771) to work on /home/eder/Desktop/Airflow/Twitter/venv/lib/python3.9/site-packages/airflow/example_dags/subdags/subdag.py
[2024-01-05T01:27:34.436+0000] {processor.py:830} INFO - Processing file /home/eder/Desktop/Airflow/Twitter/venv/lib/python3.9/site-packages/airflow/example_dags/subdags/subdag.py for tasks to queue
[2024-01-05T01:27:34.437+0000] {logging_mixin.py:188} INFO - [2024-01-05T01:27:34.436+0000] {dagbag.py:538} INFO - Filling up the DagBag from /home/eder/Desktop/Airflow/Twitter/venv/lib/python3.9/site-packages/airflow/example_dags/subdags/subdag.py
[2024-01-05T01:27:34.441+0000] {processor.py:842} WARNING - No viable dags retrieved from /home/eder/Desktop/Airflow/Twitter/venv/lib/python3.9/site-packages/airflow/example_dags/subdags/subdag.py
[2024-01-05T01:27:34.468+0000] {processor.py:183} INFO - Processing /home/eder/Desktop/Airflow/Twitter/venv/lib/python3.9/site-packages/airflow/example_dags/subdags/subdag.py took 0.046 seconds
[2024-01-05T01:28:27.105+0000] {processor.py:161} INFO - Started process (PID=32945) to work on /home/eder/Desktop/Airflow/Twitter/venv/lib/python3.9/site-packages/airflow/example_dags/subdags/subdag.py
[2024-01-05T01:28:27.125+0000] {processor.py:830} INFO - Processing file /home/eder/Desktop/Airflow/Twitter/venv/lib/python3.9/site-packages/airflow/example_dags/subdags/subdag.py for tasks to queue
[2024-01-05T01:28:27.129+0000] {logging_mixin.py:188} INFO - [2024-01-05T01:28:27.126+0000] {dagbag.py:538} INFO - Filling up the DagBag from /home/eder/Desktop/Airflow/Twitter/venv/lib/python3.9/site-packages/airflow/example_dags/subdags/subdag.py
[2024-01-05T01:28:27.132+0000] {processor.py:842} WARNING - No viable dags retrieved from /home/eder/Desktop/Airflow/Twitter/venv/lib/python3.9/site-packages/airflow/example_dags/subdags/subdag.py
[2024-01-05T01:28:27.157+0000] {processor.py:183} INFO - Processing /home/eder/Desktop/Airflow/Twitter/venv/lib/python3.9/site-packages/airflow/example_dags/subdags/subdag.py took 0.055 seconds
[2024-01-05T01:29:22.401+0000] {processor.py:161} INFO - Started process (PID=33094) to work on /home/eder/Desktop/Airflow/Twitter/venv/lib/python3.9/site-packages/airflow/example_dags/subdags/subdag.py
[2024-01-05T01:29:22.416+0000] {processor.py:830} INFO - Processing file /home/eder/Desktop/Airflow/Twitter/venv/lib/python3.9/site-packages/airflow/example_dags/subdags/subdag.py for tasks to queue
[2024-01-05T01:29:22.417+0000] {logging_mixin.py:188} INFO - [2024-01-05T01:29:22.417+0000] {dagbag.py:538} INFO - Filling up the DagBag from /home/eder/Desktop/Airflow/Twitter/venv/lib/python3.9/site-packages/airflow/example_dags/subdags/subdag.py
[2024-01-05T01:29:22.421+0000] {processor.py:842} WARNING - No viable dags retrieved from /home/eder/Desktop/Airflow/Twitter/venv/lib/python3.9/site-packages/airflow/example_dags/subdags/subdag.py
[2024-01-05T01:29:22.447+0000] {processor.py:183} INFO - Processing /home/eder/Desktop/Airflow/Twitter/venv/lib/python3.9/site-packages/airflow/example_dags/subdags/subdag.py took 0.058 seconds
[2024-01-05T01:30:14.133+0000] {processor.py:161} INFO - Started process (PID=33195) to work on /home/eder/Desktop/Airflow/Twitter/venv/lib/python3.9/site-packages/airflow/example_dags/subdags/subdag.py
[2024-01-05T01:30:14.135+0000] {processor.py:830} INFO - Processing file /home/eder/Desktop/Airflow/Twitter/venv/lib/python3.9/site-packages/airflow/example_dags/subdags/subdag.py for tasks to queue
[2024-01-05T01:30:14.136+0000] {logging_mixin.py:188} INFO - [2024-01-05T01:30:14.135+0000] {dagbag.py:538} INFO - Filling up the DagBag from /home/eder/Desktop/Airflow/Twitter/venv/lib/python3.9/site-packages/airflow/example_dags/subdags/subdag.py
[2024-01-05T01:30:14.137+0000] {processor.py:842} WARNING - No viable dags retrieved from /home/eder/Desktop/Airflow/Twitter/venv/lib/python3.9/site-packages/airflow/example_dags/subdags/subdag.py
[2024-01-05T01:30:14.149+0000] {processor.py:183} INFO - Processing /home/eder/Desktop/Airflow/Twitter/venv/lib/python3.9/site-packages/airflow/example_dags/subdags/subdag.py took 0.019 seconds
[2024-01-05T01:31:00.932+0000] {processor.py:161} INFO - Started process (PID=33334) to work on /home/eder/Desktop/Airflow/Twitter/venv/lib/python3.9/site-packages/airflow/example_dags/subdags/subdag.py
[2024-01-05T01:31:00.941+0000] {processor.py:830} INFO - Processing file /home/eder/Desktop/Airflow/Twitter/venv/lib/python3.9/site-packages/airflow/example_dags/subdags/subdag.py for tasks to queue
[2024-01-05T01:31:00.942+0000] {logging_mixin.py:188} INFO - [2024-01-05T01:31:00.941+0000] {dagbag.py:538} INFO - Filling up the DagBag from /home/eder/Desktop/Airflow/Twitter/venv/lib/python3.9/site-packages/airflow/example_dags/subdags/subdag.py
[2024-01-05T01:31:00.944+0000] {processor.py:842} WARNING - No viable dags retrieved from /home/eder/Desktop/Airflow/Twitter/venv/lib/python3.9/site-packages/airflow/example_dags/subdags/subdag.py
[2024-01-05T01:31:00.953+0000] {processor.py:183} INFO - Processing /home/eder/Desktop/Airflow/Twitter/venv/lib/python3.9/site-packages/airflow/example_dags/subdags/subdag.py took 0.025 seconds
[2024-01-05T01:31:53.977+0000] {processor.py:161} INFO - Started process (PID=33484) to work on /home/eder/Desktop/Airflow/Twitter/venv/lib/python3.9/site-packages/airflow/example_dags/subdags/subdag.py
[2024-01-05T01:31:54.008+0000] {processor.py:830} INFO - Processing file /home/eder/Desktop/Airflow/Twitter/venv/lib/python3.9/site-packages/airflow/example_dags/subdags/subdag.py for tasks to queue
[2024-01-05T01:31:54.009+0000] {logging_mixin.py:188} INFO - [2024-01-05T01:31:54.009+0000] {dagbag.py:538} INFO - Filling up the DagBag from /home/eder/Desktop/Airflow/Twitter/venv/lib/python3.9/site-packages/airflow/example_dags/subdags/subdag.py
[2024-01-05T01:31:54.013+0000] {processor.py:842} WARNING - No viable dags retrieved from /home/eder/Desktop/Airflow/Twitter/venv/lib/python3.9/site-packages/airflow/example_dags/subdags/subdag.py
[2024-01-05T01:31:54.037+0000] {processor.py:183} INFO - Processing /home/eder/Desktop/Airflow/Twitter/venv/lib/python3.9/site-packages/airflow/example_dags/subdags/subdag.py took 0.063 seconds
[2024-01-05T01:32:48.380+0000] {processor.py:161} INFO - Started process (PID=33767) to work on /home/eder/Desktop/Airflow/Twitter/venv/lib/python3.9/site-packages/airflow/example_dags/subdags/subdag.py
[2024-01-05T01:32:48.383+0000] {processor.py:830} INFO - Processing file /home/eder/Desktop/Airflow/Twitter/venv/lib/python3.9/site-packages/airflow/example_dags/subdags/subdag.py for tasks to queue
[2024-01-05T01:32:48.383+0000] {logging_mixin.py:188} INFO - [2024-01-05T01:32:48.383+0000] {dagbag.py:538} INFO - Filling up the DagBag from /home/eder/Desktop/Airflow/Twitter/venv/lib/python3.9/site-packages/airflow/example_dags/subdags/subdag.py
[2024-01-05T01:32:48.387+0000] {processor.py:842} WARNING - No viable dags retrieved from /home/eder/Desktop/Airflow/Twitter/venv/lib/python3.9/site-packages/airflow/example_dags/subdags/subdag.py
[2024-01-05T01:32:48.397+0000] {processor.py:183} INFO - Processing /home/eder/Desktop/Airflow/Twitter/venv/lib/python3.9/site-packages/airflow/example_dags/subdags/subdag.py took 0.019 seconds
[2024-01-05T01:33:36.852+0000] {processor.py:161} INFO - Started process (PID=33914) to work on /home/eder/Desktop/Airflow/Twitter/venv/lib/python3.9/site-packages/airflow/example_dags/subdags/subdag.py
[2024-01-05T01:33:36.860+0000] {processor.py:830} INFO - Processing file /home/eder/Desktop/Airflow/Twitter/venv/lib/python3.9/site-packages/airflow/example_dags/subdags/subdag.py for tasks to queue
[2024-01-05T01:33:36.861+0000] {logging_mixin.py:188} INFO - [2024-01-05T01:33:36.860+0000] {dagbag.py:538} INFO - Filling up the DagBag from /home/eder/Desktop/Airflow/Twitter/venv/lib/python3.9/site-packages/airflow/example_dags/subdags/subdag.py
[2024-01-05T01:33:36.864+0000] {processor.py:842} WARNING - No viable dags retrieved from /home/eder/Desktop/Airflow/Twitter/venv/lib/python3.9/site-packages/airflow/example_dags/subdags/subdag.py
[2024-01-05T01:33:36.873+0000] {processor.py:183} INFO - Processing /home/eder/Desktop/Airflow/Twitter/venv/lib/python3.9/site-packages/airflow/example_dags/subdags/subdag.py took 0.023 seconds
[2024-01-05T01:34:31.997+0000] {processor.py:161} INFO - Started process (PID=34089) to work on /home/eder/Desktop/Airflow/Twitter/venv/lib/python3.9/site-packages/airflow/example_dags/subdags/subdag.py
[2024-01-05T01:34:31.999+0000] {processor.py:830} INFO - Processing file /home/eder/Desktop/Airflow/Twitter/venv/lib/python3.9/site-packages/airflow/example_dags/subdags/subdag.py for tasks to queue
[2024-01-05T01:34:32.000+0000] {logging_mixin.py:188} INFO - [2024-01-05T01:34:31.999+0000] {dagbag.py:538} INFO - Filling up the DagBag from /home/eder/Desktop/Airflow/Twitter/venv/lib/python3.9/site-packages/airflow/example_dags/subdags/subdag.py
[2024-01-05T01:34:32.002+0000] {processor.py:842} WARNING - No viable dags retrieved from /home/eder/Desktop/Airflow/Twitter/venv/lib/python3.9/site-packages/airflow/example_dags/subdags/subdag.py
[2024-01-05T01:34:32.014+0000] {processor.py:183} INFO - Processing /home/eder/Desktop/Airflow/Twitter/venv/lib/python3.9/site-packages/airflow/example_dags/subdags/subdag.py took 0.020 seconds
[2024-01-05T01:35:27.992+0000] {processor.py:161} INFO - Started process (PID=34253) to work on /home/eder/Desktop/Airflow/Twitter/venv/lib/python3.9/site-packages/airflow/example_dags/subdags/subdag.py
[2024-01-05T01:35:28.002+0000] {processor.py:830} INFO - Processing file /home/eder/Desktop/Airflow/Twitter/venv/lib/python3.9/site-packages/airflow/example_dags/subdags/subdag.py for tasks to queue
[2024-01-05T01:35:28.003+0000] {logging_mixin.py:188} INFO - [2024-01-05T01:35:28.003+0000] {dagbag.py:538} INFO - Filling up the DagBag from /home/eder/Desktop/Airflow/Twitter/venv/lib/python3.9/site-packages/airflow/example_dags/subdags/subdag.py
[2024-01-05T01:35:28.005+0000] {processor.py:842} WARNING - No viable dags retrieved from /home/eder/Desktop/Airflow/Twitter/venv/lib/python3.9/site-packages/airflow/example_dags/subdags/subdag.py
[2024-01-05T01:35:28.015+0000] {processor.py:183} INFO - Processing /home/eder/Desktop/Airflow/Twitter/venv/lib/python3.9/site-packages/airflow/example_dags/subdags/subdag.py took 0.025 seconds
[2024-01-05T01:36:19.381+0000] {processor.py:161} INFO - Started process (PID=34370) to work on /home/eder/Desktop/Airflow/Twitter/venv/lib/python3.9/site-packages/airflow/example_dags/subdags/subdag.py
[2024-01-05T01:36:19.384+0000] {processor.py:830} INFO - Processing file /home/eder/Desktop/Airflow/Twitter/venv/lib/python3.9/site-packages/airflow/example_dags/subdags/subdag.py for tasks to queue
[2024-01-05T01:36:19.385+0000] {logging_mixin.py:188} INFO - [2024-01-05T01:36:19.385+0000] {dagbag.py:538} INFO - Filling up the DagBag from /home/eder/Desktop/Airflow/Twitter/venv/lib/python3.9/site-packages/airflow/example_dags/subdags/subdag.py
[2024-01-05T01:36:19.387+0000] {processor.py:842} WARNING - No viable dags retrieved from /home/eder/Desktop/Airflow/Twitter/venv/lib/python3.9/site-packages/airflow/example_dags/subdags/subdag.py
[2024-01-05T01:36:19.413+0000] {processor.py:183} INFO - Processing /home/eder/Desktop/Airflow/Twitter/venv/lib/python3.9/site-packages/airflow/example_dags/subdags/subdag.py took 0.034 seconds
[2024-01-05T01:37:13.156+0000] {processor.py:161} INFO - Started process (PID=34577) to work on /home/eder/Desktop/Airflow/Twitter/venv/lib/python3.9/site-packages/airflow/example_dags/subdags/subdag.py
[2024-01-05T01:37:13.165+0000] {processor.py:830} INFO - Processing file /home/eder/Desktop/Airflow/Twitter/venv/lib/python3.9/site-packages/airflow/example_dags/subdags/subdag.py for tasks to queue
[2024-01-05T01:37:13.166+0000] {logging_mixin.py:188} INFO - [2024-01-05T01:37:13.166+0000] {dagbag.py:538} INFO - Filling up the DagBag from /home/eder/Desktop/Airflow/Twitter/venv/lib/python3.9/site-packages/airflow/example_dags/subdags/subdag.py
[2024-01-05T01:37:13.168+0000] {processor.py:842} WARNING - No viable dags retrieved from /home/eder/Desktop/Airflow/Twitter/venv/lib/python3.9/site-packages/airflow/example_dags/subdags/subdag.py
[2024-01-05T01:37:13.178+0000] {processor.py:183} INFO - Processing /home/eder/Desktop/Airflow/Twitter/venv/lib/python3.9/site-packages/airflow/example_dags/subdags/subdag.py took 0.024 seconds
[2024-01-05T01:38:05.750+0000] {processor.py:161} INFO - Started process (PID=34856) to work on /home/eder/Desktop/Airflow/Twitter/venv/lib/python3.9/site-packages/airflow/example_dags/subdags/subdag.py
[2024-01-05T01:38:05.765+0000] {processor.py:830} INFO - Processing file /home/eder/Desktop/Airflow/Twitter/venv/lib/python3.9/site-packages/airflow/example_dags/subdags/subdag.py for tasks to queue
[2024-01-05T01:38:05.766+0000] {logging_mixin.py:188} INFO - [2024-01-05T01:38:05.766+0000] {dagbag.py:538} INFO - Filling up the DagBag from /home/eder/Desktop/Airflow/Twitter/venv/lib/python3.9/site-packages/airflow/example_dags/subdags/subdag.py
[2024-01-05T01:38:05.769+0000] {processor.py:842} WARNING - No viable dags retrieved from /home/eder/Desktop/Airflow/Twitter/venv/lib/python3.9/site-packages/airflow/example_dags/subdags/subdag.py
[2024-01-05T01:38:05.779+0000] {processor.py:183} INFO - Processing /home/eder/Desktop/Airflow/Twitter/venv/lib/python3.9/site-packages/airflow/example_dags/subdags/subdag.py took 0.035 seconds
[2024-01-05T15:15:47.551+0000] {processor.py:161} INFO - Started process (PID=4533) to work on /home/eder/Desktop/Airflow/Twitter/venv/lib/python3.9/site-packages/airflow/example_dags/subdags/subdag.py
[2024-01-05T15:15:47.563+0000] {processor.py:830} INFO - Processing file /home/eder/Desktop/Airflow/Twitter/venv/lib/python3.9/site-packages/airflow/example_dags/subdags/subdag.py for tasks to queue
[2024-01-05T15:15:47.564+0000] {logging_mixin.py:188} INFO - [2024-01-05T15:15:47.564+0000] {dagbag.py:538} INFO - Filling up the DagBag from /home/eder/Desktop/Airflow/Twitter/venv/lib/python3.9/site-packages/airflow/example_dags/subdags/subdag.py
[2024-01-05T15:15:47.571+0000] {processor.py:842} WARNING - No viable dags retrieved from /home/eder/Desktop/Airflow/Twitter/venv/lib/python3.9/site-packages/airflow/example_dags/subdags/subdag.py
[2024-01-05T15:15:47.589+0000] {processor.py:183} INFO - Processing /home/eder/Desktop/Airflow/Twitter/venv/lib/python3.9/site-packages/airflow/example_dags/subdags/subdag.py took 0.044 seconds
[2024-01-05T15:16:45.941+0000] {processor.py:161} INFO - Started process (PID=4675) to work on /home/eder/Desktop/Airflow/Twitter/venv/lib/python3.9/site-packages/airflow/example_dags/subdags/subdag.py
[2024-01-05T15:16:45.951+0000] {processor.py:830} INFO - Processing file /home/eder/Desktop/Airflow/Twitter/venv/lib/python3.9/site-packages/airflow/example_dags/subdags/subdag.py for tasks to queue
[2024-01-05T15:16:45.953+0000] {logging_mixin.py:188} INFO - [2024-01-05T15:16:45.952+0000] {dagbag.py:538} INFO - Filling up the DagBag from /home/eder/Desktop/Airflow/Twitter/venv/lib/python3.9/site-packages/airflow/example_dags/subdags/subdag.py
[2024-01-05T15:16:45.957+0000] {processor.py:842} WARNING - No viable dags retrieved from /home/eder/Desktop/Airflow/Twitter/venv/lib/python3.9/site-packages/airflow/example_dags/subdags/subdag.py
[2024-01-05T15:16:45.972+0000] {processor.py:183} INFO - Processing /home/eder/Desktop/Airflow/Twitter/venv/lib/python3.9/site-packages/airflow/example_dags/subdags/subdag.py took 0.036 seconds
[2024-01-05T15:18:16.342+0000] {processor.py:161} INFO - Started process (PID=6020) to work on /home/eder/Desktop/Airflow/Twitter/venv/lib/python3.9/site-packages/airflow/example_dags/subdags/subdag.py
[2024-01-05T15:18:16.371+0000] {processor.py:830} INFO - Processing file /home/eder/Desktop/Airflow/Twitter/venv/lib/python3.9/site-packages/airflow/example_dags/subdags/subdag.py for tasks to queue
[2024-01-05T15:18:16.372+0000] {logging_mixin.py:188} INFO - [2024-01-05T15:18:16.371+0000] {dagbag.py:538} INFO - Filling up the DagBag from /home/eder/Desktop/Airflow/Twitter/venv/lib/python3.9/site-packages/airflow/example_dags/subdags/subdag.py
[2024-01-05T15:18:16.377+0000] {processor.py:842} WARNING - No viable dags retrieved from /home/eder/Desktop/Airflow/Twitter/venv/lib/python3.9/site-packages/airflow/example_dags/subdags/subdag.py
[2024-01-05T15:18:16.401+0000] {processor.py:183} INFO - Processing /home/eder/Desktop/Airflow/Twitter/venv/lib/python3.9/site-packages/airflow/example_dags/subdags/subdag.py took 0.062 seconds
[2024-01-05T15:20:11.146+0000] {processor.py:161} INFO - Started process (PID=7549) to work on /home/eder/Desktop/Airflow/Twitter/venv/lib/python3.9/site-packages/airflow/example_dags/subdags/subdag.py
[2024-01-05T15:20:11.155+0000] {processor.py:830} INFO - Processing file /home/eder/Desktop/Airflow/Twitter/venv/lib/python3.9/site-packages/airflow/example_dags/subdags/subdag.py for tasks to queue
[2024-01-05T15:20:11.157+0000] {logging_mixin.py:188} INFO - [2024-01-05T15:20:11.156+0000] {dagbag.py:538} INFO - Filling up the DagBag from /home/eder/Desktop/Airflow/Twitter/venv/lib/python3.9/site-packages/airflow/example_dags/subdags/subdag.py
[2024-01-05T15:20:11.160+0000] {processor.py:842} WARNING - No viable dags retrieved from /home/eder/Desktop/Airflow/Twitter/venv/lib/python3.9/site-packages/airflow/example_dags/subdags/subdag.py
[2024-01-05T15:20:11.178+0000] {processor.py:183} INFO - Processing /home/eder/Desktop/Airflow/Twitter/venv/lib/python3.9/site-packages/airflow/example_dags/subdags/subdag.py took 0.036 seconds
[2024-01-05T15:21:06.700+0000] {processor.py:161} INFO - Started process (PID=7750) to work on /home/eder/Desktop/Airflow/Twitter/venv/lib/python3.9/site-packages/airflow/example_dags/subdags/subdag.py
[2024-01-05T15:21:06.708+0000] {processor.py:830} INFO - Processing file /home/eder/Desktop/Airflow/Twitter/venv/lib/python3.9/site-packages/airflow/example_dags/subdags/subdag.py for tasks to queue
[2024-01-05T15:21:06.710+0000] {logging_mixin.py:188} INFO - [2024-01-05T15:21:06.709+0000] {dagbag.py:538} INFO - Filling up the DagBag from /home/eder/Desktop/Airflow/Twitter/venv/lib/python3.9/site-packages/airflow/example_dags/subdags/subdag.py
[2024-01-05T15:21:06.719+0000] {processor.py:842} WARNING - No viable dags retrieved from /home/eder/Desktop/Airflow/Twitter/venv/lib/python3.9/site-packages/airflow/example_dags/subdags/subdag.py
[2024-01-05T15:21:06.734+0000] {processor.py:183} INFO - Processing /home/eder/Desktop/Airflow/Twitter/venv/lib/python3.9/site-packages/airflow/example_dags/subdags/subdag.py took 0.039 seconds
[2024-01-05T15:21:58.589+0000] {processor.py:161} INFO - Started process (PID=7888) to work on /home/eder/Desktop/Airflow/Twitter/venv/lib/python3.9/site-packages/airflow/example_dags/subdags/subdag.py
[2024-01-05T15:21:58.592+0000] {processor.py:830} INFO - Processing file /home/eder/Desktop/Airflow/Twitter/venv/lib/python3.9/site-packages/airflow/example_dags/subdags/subdag.py for tasks to queue
[2024-01-05T15:21:58.595+0000] {logging_mixin.py:188} INFO - [2024-01-05T15:21:58.594+0000] {dagbag.py:538} INFO - Filling up the DagBag from /home/eder/Desktop/Airflow/Twitter/venv/lib/python3.9/site-packages/airflow/example_dags/subdags/subdag.py
[2024-01-05T15:21:58.599+0000] {processor.py:842} WARNING - No viable dags retrieved from /home/eder/Desktop/Airflow/Twitter/venv/lib/python3.9/site-packages/airflow/example_dags/subdags/subdag.py
[2024-01-05T15:21:58.614+0000] {processor.py:183} INFO - Processing /home/eder/Desktop/Airflow/Twitter/venv/lib/python3.9/site-packages/airflow/example_dags/subdags/subdag.py took 0.029 seconds
[2024-01-05T15:22:52.985+0000] {processor.py:161} INFO - Started process (PID=8032) to work on /home/eder/Desktop/Airflow/Twitter/venv/lib/python3.9/site-packages/airflow/example_dags/subdags/subdag.py
[2024-01-05T15:22:52.988+0000] {processor.py:830} INFO - Processing file /home/eder/Desktop/Airflow/Twitter/venv/lib/python3.9/site-packages/airflow/example_dags/subdags/subdag.py for tasks to queue
[2024-01-05T15:22:52.994+0000] {logging_mixin.py:188} INFO - [2024-01-05T15:22:52.994+0000] {dagbag.py:538} INFO - Filling up the DagBag from /home/eder/Desktop/Airflow/Twitter/venv/lib/python3.9/site-packages/airflow/example_dags/subdags/subdag.py
[2024-01-05T15:22:52.999+0000] {processor.py:842} WARNING - No viable dags retrieved from /home/eder/Desktop/Airflow/Twitter/venv/lib/python3.9/site-packages/airflow/example_dags/subdags/subdag.py
[2024-01-05T15:22:53.024+0000] {processor.py:183} INFO - Processing /home/eder/Desktop/Airflow/Twitter/venv/lib/python3.9/site-packages/airflow/example_dags/subdags/subdag.py took 0.044 seconds
[2024-01-05T15:23:43.572+0000] {processor.py:161} INFO - Started process (PID=8164) to work on /home/eder/Desktop/Airflow/Twitter/venv/lib/python3.9/site-packages/airflow/example_dags/subdags/subdag.py
[2024-01-05T15:23:43.580+0000] {processor.py:830} INFO - Processing file /home/eder/Desktop/Airflow/Twitter/venv/lib/python3.9/site-packages/airflow/example_dags/subdags/subdag.py for tasks to queue
[2024-01-05T15:23:43.583+0000] {logging_mixin.py:188} INFO - [2024-01-05T15:23:43.583+0000] {dagbag.py:538} INFO - Filling up the DagBag from /home/eder/Desktop/Airflow/Twitter/venv/lib/python3.9/site-packages/airflow/example_dags/subdags/subdag.py
[2024-01-05T15:23:43.586+0000] {processor.py:842} WARNING - No viable dags retrieved from /home/eder/Desktop/Airflow/Twitter/venv/lib/python3.9/site-packages/airflow/example_dags/subdags/subdag.py
[2024-01-05T15:23:43.601+0000] {processor.py:183} INFO - Processing /home/eder/Desktop/Airflow/Twitter/venv/lib/python3.9/site-packages/airflow/example_dags/subdags/subdag.py took 0.033 seconds
[2024-01-05T15:24:36.157+0000] {processor.py:161} INFO - Started process (PID=8240) to work on /home/eder/Desktop/Airflow/Twitter/venv/lib/python3.9/site-packages/airflow/example_dags/subdags/subdag.py
[2024-01-05T15:24:36.168+0000] {processor.py:830} INFO - Processing file /home/eder/Desktop/Airflow/Twitter/venv/lib/python3.9/site-packages/airflow/example_dags/subdags/subdag.py for tasks to queue
[2024-01-05T15:24:36.170+0000] {logging_mixin.py:188} INFO - [2024-01-05T15:24:36.169+0000] {dagbag.py:538} INFO - Filling up the DagBag from /home/eder/Desktop/Airflow/Twitter/venv/lib/python3.9/site-packages/airflow/example_dags/subdags/subdag.py
[2024-01-05T15:24:36.174+0000] {processor.py:842} WARNING - No viable dags retrieved from /home/eder/Desktop/Airflow/Twitter/venv/lib/python3.9/site-packages/airflow/example_dags/subdags/subdag.py
[2024-01-05T15:24:36.191+0000] {processor.py:183} INFO - Processing /home/eder/Desktop/Airflow/Twitter/venv/lib/python3.9/site-packages/airflow/example_dags/subdags/subdag.py took 0.039 seconds
[2024-01-05T15:25:28.593+0000] {processor.py:161} INFO - Started process (PID=8380) to work on /home/eder/Desktop/Airflow/Twitter/venv/lib/python3.9/site-packages/airflow/example_dags/subdags/subdag.py
[2024-01-05T15:25:28.602+0000] {processor.py:830} INFO - Processing file /home/eder/Desktop/Airflow/Twitter/venv/lib/python3.9/site-packages/airflow/example_dags/subdags/subdag.py for tasks to queue
[2024-01-05T15:25:28.604+0000] {logging_mixin.py:188} INFO - [2024-01-05T15:25:28.603+0000] {dagbag.py:538} INFO - Filling up the DagBag from /home/eder/Desktop/Airflow/Twitter/venv/lib/python3.9/site-packages/airflow/example_dags/subdags/subdag.py
[2024-01-05T15:25:28.608+0000] {processor.py:842} WARNING - No viable dags retrieved from /home/eder/Desktop/Airflow/Twitter/venv/lib/python3.9/site-packages/airflow/example_dags/subdags/subdag.py
[2024-01-05T15:25:28.625+0000] {processor.py:183} INFO - Processing /home/eder/Desktop/Airflow/Twitter/venv/lib/python3.9/site-packages/airflow/example_dags/subdags/subdag.py took 0.038 seconds
[2024-01-05T15:26:18.546+0000] {processor.py:161} INFO - Started process (PID=8573) to work on /home/eder/Desktop/Airflow/Twitter/venv/lib/python3.9/site-packages/airflow/example_dags/subdags/subdag.py
[2024-01-05T15:26:18.555+0000] {processor.py:830} INFO - Processing file /home/eder/Desktop/Airflow/Twitter/venv/lib/python3.9/site-packages/airflow/example_dags/subdags/subdag.py for tasks to queue
[2024-01-05T15:26:18.559+0000] {logging_mixin.py:188} INFO - [2024-01-05T15:26:18.558+0000] {dagbag.py:538} INFO - Filling up the DagBag from /home/eder/Desktop/Airflow/Twitter/venv/lib/python3.9/site-packages/airflow/example_dags/subdags/subdag.py
[2024-01-05T15:26:18.563+0000] {processor.py:842} WARNING - No viable dags retrieved from /home/eder/Desktop/Airflow/Twitter/venv/lib/python3.9/site-packages/airflow/example_dags/subdags/subdag.py
[2024-01-05T15:26:18.579+0000] {processor.py:183} INFO - Processing /home/eder/Desktop/Airflow/Twitter/venv/lib/python3.9/site-packages/airflow/example_dags/subdags/subdag.py took 0.039 seconds
[2024-01-05T15:27:08.823+0000] {processor.py:161} INFO - Started process (PID=8772) to work on /home/eder/Desktop/Airflow/Twitter/venv/lib/python3.9/site-packages/airflow/example_dags/subdags/subdag.py
[2024-01-05T15:27:08.833+0000] {processor.py:830} INFO - Processing file /home/eder/Desktop/Airflow/Twitter/venv/lib/python3.9/site-packages/airflow/example_dags/subdags/subdag.py for tasks to queue
[2024-01-05T15:27:08.835+0000] {logging_mixin.py:188} INFO - [2024-01-05T15:27:08.835+0000] {dagbag.py:538} INFO - Filling up the DagBag from /home/eder/Desktop/Airflow/Twitter/venv/lib/python3.9/site-packages/airflow/example_dags/subdags/subdag.py
[2024-01-05T15:27:08.840+0000] {processor.py:842} WARNING - No viable dags retrieved from /home/eder/Desktop/Airflow/Twitter/venv/lib/python3.9/site-packages/airflow/example_dags/subdags/subdag.py
[2024-01-05T15:27:08.860+0000] {processor.py:183} INFO - Processing /home/eder/Desktop/Airflow/Twitter/venv/lib/python3.9/site-packages/airflow/example_dags/subdags/subdag.py took 0.041 seconds
[2024-01-05T15:27:59.437+0000] {processor.py:161} INFO - Started process (PID=8911) to work on /home/eder/Desktop/Airflow/Twitter/venv/lib/python3.9/site-packages/airflow/example_dags/subdags/subdag.py
[2024-01-05T15:27:59.447+0000] {processor.py:830} INFO - Processing file /home/eder/Desktop/Airflow/Twitter/venv/lib/python3.9/site-packages/airflow/example_dags/subdags/subdag.py for tasks to queue
[2024-01-05T15:27:59.448+0000] {logging_mixin.py:188} INFO - [2024-01-05T15:27:59.448+0000] {dagbag.py:538} INFO - Filling up the DagBag from /home/eder/Desktop/Airflow/Twitter/venv/lib/python3.9/site-packages/airflow/example_dags/subdags/subdag.py
[2024-01-05T15:27:59.454+0000] {processor.py:842} WARNING - No viable dags retrieved from /home/eder/Desktop/Airflow/Twitter/venv/lib/python3.9/site-packages/airflow/example_dags/subdags/subdag.py
[2024-01-05T15:27:59.474+0000] {processor.py:183} INFO - Processing /home/eder/Desktop/Airflow/Twitter/venv/lib/python3.9/site-packages/airflow/example_dags/subdags/subdag.py took 0.043 seconds
[2024-01-05T15:28:49.134+0000] {processor.py:161} INFO - Started process (PID=9043) to work on /home/eder/Desktop/Airflow/Twitter/venv/lib/python3.9/site-packages/airflow/example_dags/subdags/subdag.py
[2024-01-05T15:28:49.152+0000] {processor.py:830} INFO - Processing file /home/eder/Desktop/Airflow/Twitter/venv/lib/python3.9/site-packages/airflow/example_dags/subdags/subdag.py for tasks to queue
[2024-01-05T15:28:49.156+0000] {logging_mixin.py:188} INFO - [2024-01-05T15:28:49.155+0000] {dagbag.py:538} INFO - Filling up the DagBag from /home/eder/Desktop/Airflow/Twitter/venv/lib/python3.9/site-packages/airflow/example_dags/subdags/subdag.py
[2024-01-05T15:28:49.163+0000] {processor.py:842} WARNING - No viable dags retrieved from /home/eder/Desktop/Airflow/Twitter/venv/lib/python3.9/site-packages/airflow/example_dags/subdags/subdag.py
[2024-01-05T15:28:49.180+0000] {processor.py:183} INFO - Processing /home/eder/Desktop/Airflow/Twitter/venv/lib/python3.9/site-packages/airflow/example_dags/subdags/subdag.py took 0.051 seconds
[2024-01-05T15:29:42.574+0000] {processor.py:161} INFO - Started process (PID=9316) to work on /home/eder/Desktop/Airflow/Twitter/venv/lib/python3.9/site-packages/airflow/example_dags/subdags/subdag.py
[2024-01-05T15:29:42.584+0000] {processor.py:830} INFO - Processing file /home/eder/Desktop/Airflow/Twitter/venv/lib/python3.9/site-packages/airflow/example_dags/subdags/subdag.py for tasks to queue
[2024-01-05T15:29:42.586+0000] {logging_mixin.py:188} INFO - [2024-01-05T15:29:42.586+0000] {dagbag.py:538} INFO - Filling up the DagBag from /home/eder/Desktop/Airflow/Twitter/venv/lib/python3.9/site-packages/airflow/example_dags/subdags/subdag.py
[2024-01-05T15:29:42.590+0000] {processor.py:842} WARNING - No viable dags retrieved from /home/eder/Desktop/Airflow/Twitter/venv/lib/python3.9/site-packages/airflow/example_dags/subdags/subdag.py
[2024-01-05T15:29:42.608+0000] {processor.py:183} INFO - Processing /home/eder/Desktop/Airflow/Twitter/venv/lib/python3.9/site-packages/airflow/example_dags/subdags/subdag.py took 0.040 seconds
[2024-01-05T15:30:35.396+0000] {processor.py:161} INFO - Started process (PID=9400) to work on /home/eder/Desktop/Airflow/Twitter/venv/lib/python3.9/site-packages/airflow/example_dags/subdags/subdag.py
[2024-01-05T15:30:35.404+0000] {processor.py:830} INFO - Processing file /home/eder/Desktop/Airflow/Twitter/venv/lib/python3.9/site-packages/airflow/example_dags/subdags/subdag.py for tasks to queue
[2024-01-05T15:30:35.405+0000] {logging_mixin.py:188} INFO - [2024-01-05T15:30:35.404+0000] {dagbag.py:538} INFO - Filling up the DagBag from /home/eder/Desktop/Airflow/Twitter/venv/lib/python3.9/site-packages/airflow/example_dags/subdags/subdag.py
[2024-01-05T15:30:35.408+0000] {processor.py:842} WARNING - No viable dags retrieved from /home/eder/Desktop/Airflow/Twitter/venv/lib/python3.9/site-packages/airflow/example_dags/subdags/subdag.py
[2024-01-05T15:30:35.427+0000] {processor.py:183} INFO - Processing /home/eder/Desktop/Airflow/Twitter/venv/lib/python3.9/site-packages/airflow/example_dags/subdags/subdag.py took 0.035 seconds
[2024-01-05T15:31:27.116+0000] {processor.py:161} INFO - Started process (PID=9591) to work on /home/eder/Desktop/Airflow/Twitter/venv/lib/python3.9/site-packages/airflow/example_dags/subdags/subdag.py
[2024-01-05T15:31:27.124+0000] {processor.py:830} INFO - Processing file /home/eder/Desktop/Airflow/Twitter/venv/lib/python3.9/site-packages/airflow/example_dags/subdags/subdag.py for tasks to queue
[2024-01-05T15:31:27.126+0000] {logging_mixin.py:188} INFO - [2024-01-05T15:31:27.125+0000] {dagbag.py:538} INFO - Filling up the DagBag from /home/eder/Desktop/Airflow/Twitter/venv/lib/python3.9/site-packages/airflow/example_dags/subdags/subdag.py
[2024-01-05T15:31:27.130+0000] {processor.py:842} WARNING - No viable dags retrieved from /home/eder/Desktop/Airflow/Twitter/venv/lib/python3.9/site-packages/airflow/example_dags/subdags/subdag.py
[2024-01-05T15:31:27.146+0000] {processor.py:183} INFO - Processing /home/eder/Desktop/Airflow/Twitter/venv/lib/python3.9/site-packages/airflow/example_dags/subdags/subdag.py took 0.035 seconds
[2024-01-05T15:32:17.629+0000] {processor.py:161} INFO - Started process (PID=9789) to work on /home/eder/Desktop/Airflow/Twitter/venv/lib/python3.9/site-packages/airflow/example_dags/subdags/subdag.py
[2024-01-05T15:32:17.639+0000] {processor.py:830} INFO - Processing file /home/eder/Desktop/Airflow/Twitter/venv/lib/python3.9/site-packages/airflow/example_dags/subdags/subdag.py for tasks to queue
[2024-01-05T15:32:17.640+0000] {logging_mixin.py:188} INFO - [2024-01-05T15:32:17.639+0000] {dagbag.py:538} INFO - Filling up the DagBag from /home/eder/Desktop/Airflow/Twitter/venv/lib/python3.9/site-packages/airflow/example_dags/subdags/subdag.py
[2024-01-05T15:32:17.643+0000] {processor.py:842} WARNING - No viable dags retrieved from /home/eder/Desktop/Airflow/Twitter/venv/lib/python3.9/site-packages/airflow/example_dags/subdags/subdag.py
[2024-01-05T15:32:17.660+0000] {processor.py:183} INFO - Processing /home/eder/Desktop/Airflow/Twitter/venv/lib/python3.9/site-packages/airflow/example_dags/subdags/subdag.py took 0.036 seconds
[2024-01-05T15:33:06.964+0000] {processor.py:161} INFO - Started process (PID=9928) to work on /home/eder/Desktop/Airflow/Twitter/venv/lib/python3.9/site-packages/airflow/example_dags/subdags/subdag.py
[2024-01-05T15:33:06.971+0000] {processor.py:830} INFO - Processing file /home/eder/Desktop/Airflow/Twitter/venv/lib/python3.9/site-packages/airflow/example_dags/subdags/subdag.py for tasks to queue
[2024-01-05T15:33:06.972+0000] {logging_mixin.py:188} INFO - [2024-01-05T15:33:06.972+0000] {dagbag.py:538} INFO - Filling up the DagBag from /home/eder/Desktop/Airflow/Twitter/venv/lib/python3.9/site-packages/airflow/example_dags/subdags/subdag.py
[2024-01-05T15:33:06.976+0000] {processor.py:842} WARNING - No viable dags retrieved from /home/eder/Desktop/Airflow/Twitter/venv/lib/python3.9/site-packages/airflow/example_dags/subdags/subdag.py
[2024-01-05T15:33:06.990+0000] {processor.py:183} INFO - Processing /home/eder/Desktop/Airflow/Twitter/venv/lib/python3.9/site-packages/airflow/example_dags/subdags/subdag.py took 0.030 seconds
[2024-01-05T15:33:56.746+0000] {processor.py:161} INFO - Started process (PID=10059) to work on /home/eder/Desktop/Airflow/Twitter/venv/lib/python3.9/site-packages/airflow/example_dags/subdags/subdag.py
[2024-01-05T15:33:56.755+0000] {processor.py:830} INFO - Processing file /home/eder/Desktop/Airflow/Twitter/venv/lib/python3.9/site-packages/airflow/example_dags/subdags/subdag.py for tasks to queue
[2024-01-05T15:33:56.757+0000] {logging_mixin.py:188} INFO - [2024-01-05T15:33:56.756+0000] {dagbag.py:538} INFO - Filling up the DagBag from /home/eder/Desktop/Airflow/Twitter/venv/lib/python3.9/site-packages/airflow/example_dags/subdags/subdag.py
[2024-01-05T15:33:56.762+0000] {processor.py:842} WARNING - No viable dags retrieved from /home/eder/Desktop/Airflow/Twitter/venv/lib/python3.9/site-packages/airflow/example_dags/subdags/subdag.py
[2024-01-05T15:33:56.780+0000] {processor.py:183} INFO - Processing /home/eder/Desktop/Airflow/Twitter/venv/lib/python3.9/site-packages/airflow/example_dags/subdags/subdag.py took 0.038 seconds
[2024-01-05T15:34:46.462+0000] {processor.py:161} INFO - Started process (PID=10196) to work on /home/eder/Desktop/Airflow/Twitter/venv/lib/python3.9/site-packages/airflow/example_dags/subdags/subdag.py
[2024-01-05T15:34:46.471+0000] {processor.py:830} INFO - Processing file /home/eder/Desktop/Airflow/Twitter/venv/lib/python3.9/site-packages/airflow/example_dags/subdags/subdag.py for tasks to queue
[2024-01-05T15:34:46.473+0000] {logging_mixin.py:188} INFO - [2024-01-05T15:34:46.472+0000] {dagbag.py:538} INFO - Filling up the DagBag from /home/eder/Desktop/Airflow/Twitter/venv/lib/python3.9/site-packages/airflow/example_dags/subdags/subdag.py
[2024-01-05T15:34:46.476+0000] {processor.py:842} WARNING - No viable dags retrieved from /home/eder/Desktop/Airflow/Twitter/venv/lib/python3.9/site-packages/airflow/example_dags/subdags/subdag.py
[2024-01-05T15:34:46.491+0000] {processor.py:183} INFO - Processing /home/eder/Desktop/Airflow/Twitter/venv/lib/python3.9/site-packages/airflow/example_dags/subdags/subdag.py took 0.037 seconds
[2024-01-05T15:35:35.557+0000] {processor.py:161} INFO - Started process (PID=10329) to work on /home/eder/Desktop/Airflow/Twitter/venv/lib/python3.9/site-packages/airflow/example_dags/subdags/subdag.py
[2024-01-05T15:35:35.561+0000] {processor.py:830} INFO - Processing file /home/eder/Desktop/Airflow/Twitter/venv/lib/python3.9/site-packages/airflow/example_dags/subdags/subdag.py for tasks to queue
[2024-01-05T15:35:35.565+0000] {logging_mixin.py:188} INFO - [2024-01-05T15:35:35.564+0000] {dagbag.py:538} INFO - Filling up the DagBag from /home/eder/Desktop/Airflow/Twitter/venv/lib/python3.9/site-packages/airflow/example_dags/subdags/subdag.py
[2024-01-05T15:35:35.589+0000] {processor.py:842} WARNING - No viable dags retrieved from /home/eder/Desktop/Airflow/Twitter/venv/lib/python3.9/site-packages/airflow/example_dags/subdags/subdag.py
[2024-01-05T15:35:35.610+0000] {processor.py:183} INFO - Processing /home/eder/Desktop/Airflow/Twitter/venv/lib/python3.9/site-packages/airflow/example_dags/subdags/subdag.py took 0.059 seconds
[2024-01-05T15:36:29.309+0000] {processor.py:161} INFO - Started process (PID=10591) to work on /home/eder/Desktop/Airflow/Twitter/venv/lib/python3.9/site-packages/airflow/example_dags/subdags/subdag.py
[2024-01-05T15:36:29.319+0000] {processor.py:830} INFO - Processing file /home/eder/Desktop/Airflow/Twitter/venv/lib/python3.9/site-packages/airflow/example_dags/subdags/subdag.py for tasks to queue
[2024-01-05T15:36:29.321+0000] {logging_mixin.py:188} INFO - [2024-01-05T15:36:29.320+0000] {dagbag.py:538} INFO - Filling up the DagBag from /home/eder/Desktop/Airflow/Twitter/venv/lib/python3.9/site-packages/airflow/example_dags/subdags/subdag.py
[2024-01-05T15:36:29.325+0000] {processor.py:842} WARNING - No viable dags retrieved from /home/eder/Desktop/Airflow/Twitter/venv/lib/python3.9/site-packages/airflow/example_dags/subdags/subdag.py
[2024-01-05T15:36:29.343+0000] {processor.py:183} INFO - Processing /home/eder/Desktop/Airflow/Twitter/venv/lib/python3.9/site-packages/airflow/example_dags/subdags/subdag.py took 0.039 seconds
[2024-01-05T15:37:22.669+0000] {processor.py:161} INFO - Started process (PID=10727) to work on /home/eder/Desktop/Airflow/Twitter/venv/lib/python3.9/site-packages/airflow/example_dags/subdags/subdag.py
[2024-01-05T15:37:22.680+0000] {processor.py:830} INFO - Processing file /home/eder/Desktop/Airflow/Twitter/venv/lib/python3.9/site-packages/airflow/example_dags/subdags/subdag.py for tasks to queue
[2024-01-05T15:37:22.682+0000] {logging_mixin.py:188} INFO - [2024-01-05T15:37:22.681+0000] {dagbag.py:538} INFO - Filling up the DagBag from /home/eder/Desktop/Airflow/Twitter/venv/lib/python3.9/site-packages/airflow/example_dags/subdags/subdag.py
[2024-01-05T15:37:22.686+0000] {processor.py:842} WARNING - No viable dags retrieved from /home/eder/Desktop/Airflow/Twitter/venv/lib/python3.9/site-packages/airflow/example_dags/subdags/subdag.py
[2024-01-05T15:37:22.703+0000] {processor.py:183} INFO - Processing /home/eder/Desktop/Airflow/Twitter/venv/lib/python3.9/site-packages/airflow/example_dags/subdags/subdag.py took 0.037 seconds
[2024-01-05T15:38:11.084+0000] {processor.py:161} INFO - Started process (PID=10858) to work on /home/eder/Desktop/Airflow/Twitter/venv/lib/python3.9/site-packages/airflow/example_dags/subdags/subdag.py
[2024-01-05T15:38:11.096+0000] {processor.py:830} INFO - Processing file /home/eder/Desktop/Airflow/Twitter/venv/lib/python3.9/site-packages/airflow/example_dags/subdags/subdag.py for tasks to queue
[2024-01-05T15:38:11.099+0000] {logging_mixin.py:188} INFO - [2024-01-05T15:38:11.099+0000] {dagbag.py:538} INFO - Filling up the DagBag from /home/eder/Desktop/Airflow/Twitter/venv/lib/python3.9/site-packages/airflow/example_dags/subdags/subdag.py
[2024-01-05T15:38:11.104+0000] {processor.py:842} WARNING - No viable dags retrieved from /home/eder/Desktop/Airflow/Twitter/venv/lib/python3.9/site-packages/airflow/example_dags/subdags/subdag.py
[2024-01-05T15:38:11.121+0000] {processor.py:183} INFO - Processing /home/eder/Desktop/Airflow/Twitter/venv/lib/python3.9/site-packages/airflow/example_dags/subdags/subdag.py took 0.039 seconds
[2024-01-05T15:38:58.530+0000] {processor.py:161} INFO - Started process (PID=10987) to work on /home/eder/Desktop/Airflow/Twitter/venv/lib/python3.9/site-packages/airflow/example_dags/subdags/subdag.py
[2024-01-05T15:38:58.532+0000] {processor.py:830} INFO - Processing file /home/eder/Desktop/Airflow/Twitter/venv/lib/python3.9/site-packages/airflow/example_dags/subdags/subdag.py for tasks to queue
[2024-01-05T15:38:58.534+0000] {logging_mixin.py:188} INFO - [2024-01-05T15:38:58.533+0000] {dagbag.py:538} INFO - Filling up the DagBag from /home/eder/Desktop/Airflow/Twitter/venv/lib/python3.9/site-packages/airflow/example_dags/subdags/subdag.py
[2024-01-05T15:38:58.539+0000] {processor.py:842} WARNING - No viable dags retrieved from /home/eder/Desktop/Airflow/Twitter/venv/lib/python3.9/site-packages/airflow/example_dags/subdags/subdag.py
[2024-01-05T15:38:58.556+0000] {processor.py:183} INFO - Processing /home/eder/Desktop/Airflow/Twitter/venv/lib/python3.9/site-packages/airflow/example_dags/subdags/subdag.py took 0.034 seconds
                                                                                                                                                                                                                                                                                                                                                                                                                                                                                                                                                                                                                                                                                                                                                                                                                                                                                                                                                                                                                                                                                  [2024-01-05T16:31:16.306+0000] {processor.py:161} INFO - Started process (PID=4367) to work on /home/eder/Desktop/Airflow/Twitter/venv/lib/python3.9/site-packages/airflow/example_dags/subdags/subdag.py
[2024-01-05T16:31:16.310+0000] {processor.py:830} INFO - Processing file /home/eder/Desktop/Airflow/Twitter/venv/lib/python3.9/site-packages/airflow/example_dags/subdags/subdag.py for tasks to queue
[2024-01-05T16:31:16.311+0000] {logging_mixin.py:188} INFO - [2024-01-05T16:31:16.311+0000] {dagbag.py:538} INFO - Filling up the DagBag from /home/eder/Desktop/Airflow/Twitter/venv/lib/python3.9/site-packages/airflow/example_dags/subdags/subdag.py
[2024-01-05T16:31:16.314+0000] {processor.py:842} WARNING - No viable dags retrieved from /home/eder/Desktop/Airflow/Twitter/venv/lib/python3.9/site-packages/airflow/example_dags/subdags/subdag.py
[2024-01-05T16:31:16.323+0000] {processor.py:183} INFO - Processing /home/eder/Desktop/Airflow/Twitter/venv/lib/python3.9/site-packages/airflow/example_dags/subdags/subdag.py took 0.020 seconds
[2024-01-05T16:32:20.034+0000] {processor.py:161} INFO - Started process (PID=5411) to work on /home/eder/Desktop/Airflow/Twitter/venv/lib/python3.9/site-packages/airflow/example_dags/subdags/subdag.py
[2024-01-05T16:32:20.059+0000] {processor.py:830} INFO - Processing file /home/eder/Desktop/Airflow/Twitter/venv/lib/python3.9/site-packages/airflow/example_dags/subdags/subdag.py for tasks to queue
[2024-01-05T16:32:20.063+0000] {logging_mixin.py:188} INFO - [2024-01-05T16:32:20.063+0000] {dagbag.py:538} INFO - Filling up the DagBag from /home/eder/Desktop/Airflow/Twitter/venv/lib/python3.9/site-packages/airflow/example_dags/subdags/subdag.py
[2024-01-05T16:32:20.071+0000] {processor.py:842} WARNING - No viable dags retrieved from /home/eder/Desktop/Airflow/Twitter/venv/lib/python3.9/site-packages/airflow/example_dags/subdags/subdag.py
[2024-01-05T16:32:20.116+0000] {processor.py:183} INFO - Processing /home/eder/Desktop/Airflow/Twitter/venv/lib/python3.9/site-packages/airflow/example_dags/subdags/subdag.py took 0.086 seconds
[2024-01-05T16:33:41.455+0000] {processor.py:161} INFO - Started process (PID=6193) to work on /home/eder/Desktop/Airflow/Twitter/venv/lib/python3.9/site-packages/airflow/example_dags/subdags/subdag.py
[2024-01-05T16:33:41.471+0000] {processor.py:830} INFO - Processing file /home/eder/Desktop/Airflow/Twitter/venv/lib/python3.9/site-packages/airflow/example_dags/subdags/subdag.py for tasks to queue
[2024-01-05T16:33:41.479+0000] {logging_mixin.py:188} INFO - [2024-01-05T16:33:41.479+0000] {dagbag.py:538} INFO - Filling up the DagBag from /home/eder/Desktop/Airflow/Twitter/venv/lib/python3.9/site-packages/airflow/example_dags/subdags/subdag.py
[2024-01-05T16:33:41.483+0000] {processor.py:842} WARNING - No viable dags retrieved from /home/eder/Desktop/Airflow/Twitter/venv/lib/python3.9/site-packages/airflow/example_dags/subdags/subdag.py
[2024-01-05T16:33:41.507+0000] {processor.py:183} INFO - Processing /home/eder/Desktop/Airflow/Twitter/venv/lib/python3.9/site-packages/airflow/example_dags/subdags/subdag.py took 0.062 seconds
[2024-01-05T16:38:15.007+0000] {processor.py:161} INFO - Started process (PID=7011) to work on /home/eder/Desktop/Airflow/Twitter/venv/lib/python3.9/site-packages/airflow/example_dags/subdags/subdag.py
[2024-01-05T16:38:15.014+0000] {processor.py:830} INFO - Processing file /home/eder/Desktop/Airflow/Twitter/venv/lib/python3.9/site-packages/airflow/example_dags/subdags/subdag.py for tasks to queue
[2024-01-05T16:38:15.014+0000] {logging_mixin.py:188} INFO - [2024-01-05T16:38:15.014+0000] {dagbag.py:538} INFO - Filling up the DagBag from /home/eder/Desktop/Airflow/Twitter/venv/lib/python3.9/site-packages/airflow/example_dags/subdags/subdag.py
[2024-01-05T16:38:15.018+0000] {processor.py:842} WARNING - No viable dags retrieved from /home/eder/Desktop/Airflow/Twitter/venv/lib/python3.9/site-packages/airflow/example_dags/subdags/subdag.py
[2024-01-05T16:38:15.044+0000] {processor.py:183} INFO - Processing /home/eder/Desktop/Airflow/Twitter/venv/lib/python3.9/site-packages/airflow/example_dags/subdags/subdag.py took 0.044 seconds
[2024-01-05T16:39:06.849+0000] {processor.py:161} INFO - Started process (PID=7206) to work on /home/eder/Desktop/Airflow/Twitter/venv/lib/python3.9/site-packages/airflow/example_dags/subdags/subdag.py
[2024-01-05T16:39:06.861+0000] {processor.py:830} INFO - Processing file /home/eder/Desktop/Airflow/Twitter/venv/lib/python3.9/site-packages/airflow/example_dags/subdags/subdag.py for tasks to queue
[2024-01-05T16:39:06.862+0000] {logging_mixin.py:188} INFO - [2024-01-05T16:39:06.861+0000] {dagbag.py:538} INFO - Filling up the DagBag from /home/eder/Desktop/Airflow/Twitter/venv/lib/python3.9/site-packages/airflow/example_dags/subdags/subdag.py
[2024-01-05T16:39:06.864+0000] {processor.py:842} WARNING - No viable dags retrieved from /home/eder/Desktop/Airflow/Twitter/venv/lib/python3.9/site-packages/airflow/example_dags/subdags/subdag.py
[2024-01-05T16:39:06.873+0000] {processor.py:183} INFO - Processing /home/eder/Desktop/Airflow/Twitter/venv/lib/python3.9/site-packages/airflow/example_dags/subdags/subdag.py took 0.026 seconds
[2024-01-05T16:40:06.919+0000] {processor.py:161} INFO - Started process (PID=7643) to work on /home/eder/Desktop/Airflow/Twitter/venv/lib/python3.9/site-packages/airflow/example_dags/subdags/subdag.py
[2024-01-05T16:40:06.928+0000] {processor.py:830} INFO - Processing file /home/eder/Desktop/Airflow/Twitter/venv/lib/python3.9/site-packages/airflow/example_dags/subdags/subdag.py for tasks to queue
[2024-01-05T16:40:06.931+0000] {logging_mixin.py:188} INFO - [2024-01-05T16:40:06.931+0000] {dagbag.py:538} INFO - Filling up the DagBag from /home/eder/Desktop/Airflow/Twitter/venv/lib/python3.9/site-packages/airflow/example_dags/subdags/subdag.py
[2024-01-05T16:40:06.933+0000] {processor.py:842} WARNING - No viable dags retrieved from /home/eder/Desktop/Airflow/Twitter/venv/lib/python3.9/site-packages/airflow/example_dags/subdags/subdag.py
[2024-01-05T16:40:06.942+0000] {processor.py:183} INFO - Processing /home/eder/Desktop/Airflow/Twitter/venv/lib/python3.9/site-packages/airflow/example_dags/subdags/subdag.py took 0.026 seconds
[2024-01-05T16:40:58.136+0000] {processor.py:161} INFO - Started process (PID=7768) to work on /home/eder/Desktop/Airflow/Twitter/venv/lib/python3.9/site-packages/airflow/example_dags/subdags/subdag.py
[2024-01-05T16:40:58.166+0000] {processor.py:830} INFO - Processing file /home/eder/Desktop/Airflow/Twitter/venv/lib/python3.9/site-packages/airflow/example_dags/subdags/subdag.py for tasks to queue
[2024-01-05T16:40:58.167+0000] {logging_mixin.py:188} INFO - [2024-01-05T16:40:58.166+0000] {dagbag.py:538} INFO - Filling up the DagBag from /home/eder/Desktop/Airflow/Twitter/venv/lib/python3.9/site-packages/airflow/example_dags/subdags/subdag.py
[2024-01-05T16:40:58.170+0000] {processor.py:842} WARNING - No viable dags retrieved from /home/eder/Desktop/Airflow/Twitter/venv/lib/python3.9/site-packages/airflow/example_dags/subdags/subdag.py
[2024-01-05T16:40:58.206+0000] {processor.py:183} INFO - Processing /home/eder/Desktop/Airflow/Twitter/venv/lib/python3.9/site-packages/airflow/example_dags/subdags/subdag.py took 0.075 seconds
[2024-01-05T16:41:53.252+0000] {processor.py:161} INFO - Started process (PID=7935) to work on /home/eder/Desktop/Airflow/Twitter/venv/lib/python3.9/site-packages/airflow/example_dags/subdags/subdag.py
[2024-01-05T16:41:53.259+0000] {processor.py:830} INFO - Processing file /home/eder/Desktop/Airflow/Twitter/venv/lib/python3.9/site-packages/airflow/example_dags/subdags/subdag.py for tasks to queue
[2024-01-05T16:41:53.263+0000] {logging_mixin.py:188} INFO - [2024-01-05T16:41:53.263+0000] {dagbag.py:538} INFO - Filling up the DagBag from /home/eder/Desktop/Airflow/Twitter/venv/lib/python3.9/site-packages/airflow/example_dags/subdags/subdag.py
[2024-01-05T16:41:53.267+0000] {processor.py:842} WARNING - No viable dags retrieved from /home/eder/Desktop/Airflow/Twitter/venv/lib/python3.9/site-packages/airflow/example_dags/subdags/subdag.py
[2024-01-05T16:41:53.290+0000] {processor.py:183} INFO - Processing /home/eder/Desktop/Airflow/Twitter/venv/lib/python3.9/site-packages/airflow/example_dags/subdags/subdag.py took 0.041 seconds
[2024-01-05T16:42:48.731+0000] {processor.py:161} INFO - Started process (PID=8097) to work on /home/eder/Desktop/Airflow/Twitter/venv/lib/python3.9/site-packages/airflow/example_dags/subdags/subdag.py
[2024-01-05T16:42:48.733+0000] {processor.py:830} INFO - Processing file /home/eder/Desktop/Airflow/Twitter/venv/lib/python3.9/site-packages/airflow/example_dags/subdags/subdag.py for tasks to queue
[2024-01-05T16:42:48.734+0000] {logging_mixin.py:188} INFO - [2024-01-05T16:42:48.734+0000] {dagbag.py:538} INFO - Filling up the DagBag from /home/eder/Desktop/Airflow/Twitter/venv/lib/python3.9/site-packages/airflow/example_dags/subdags/subdag.py
[2024-01-05T16:42:48.736+0000] {processor.py:842} WARNING - No viable dags retrieved from /home/eder/Desktop/Airflow/Twitter/venv/lib/python3.9/site-packages/airflow/example_dags/subdags/subdag.py
[2024-01-05T16:42:48.746+0000] {processor.py:183} INFO - Processing /home/eder/Desktop/Airflow/Twitter/venv/lib/python3.9/site-packages/airflow/example_dags/subdags/subdag.py took 0.017 seconds
[2024-01-05T16:43:41.870+0000] {processor.py:161} INFO - Started process (PID=8374) to work on /home/eder/Desktop/Airflow/Twitter/venv/lib/python3.9/site-packages/airflow/example_dags/subdags/subdag.py
[2024-01-05T16:43:41.893+0000] {processor.py:830} INFO - Processing file /home/eder/Desktop/Airflow/Twitter/venv/lib/python3.9/site-packages/airflow/example_dags/subdags/subdag.py for tasks to queue
[2024-01-05T16:43:41.894+0000] {logging_mixin.py:188} INFO - [2024-01-05T16:43:41.894+0000] {dagbag.py:538} INFO - Filling up the DagBag from /home/eder/Desktop/Airflow/Twitter/venv/lib/python3.9/site-packages/airflow/example_dags/subdags/subdag.py
[2024-01-05T16:43:41.896+0000] {processor.py:842} WARNING - No viable dags retrieved from /home/eder/Desktop/Airflow/Twitter/venv/lib/python3.9/site-packages/airflow/example_dags/subdags/subdag.py
[2024-01-05T16:43:41.922+0000] {processor.py:183} INFO - Processing /home/eder/Desktop/Airflow/Twitter/venv/lib/python3.9/site-packages/airflow/example_dags/subdags/subdag.py took 0.055 seconds
[2024-01-05T16:44:55.383+0000] {processor.py:161} INFO - Started process (PID=8942) to work on /home/eder/Desktop/Airflow/Twitter/venv/lib/python3.9/site-packages/airflow/example_dags/subdags/subdag.py
[2024-01-05T16:44:55.394+0000] {processor.py:830} INFO - Processing file /home/eder/Desktop/Airflow/Twitter/venv/lib/python3.9/site-packages/airflow/example_dags/subdags/subdag.py for tasks to queue
[2024-01-05T16:44:55.396+0000] {logging_mixin.py:188} INFO - [2024-01-05T16:44:55.395+0000] {dagbag.py:538} INFO - Filling up the DagBag from /home/eder/Desktop/Airflow/Twitter/venv/lib/python3.9/site-packages/airflow/example_dags/subdags/subdag.py
[2024-01-05T16:44:55.407+0000] {processor.py:842} WARNING - No viable dags retrieved from /home/eder/Desktop/Airflow/Twitter/venv/lib/python3.9/site-packages/airflow/example_dags/subdags/subdag.py
[2024-01-05T16:44:55.427+0000] {processor.py:183} INFO - Processing /home/eder/Desktop/Airflow/Twitter/venv/lib/python3.9/site-packages/airflow/example_dags/subdags/subdag.py took 0.059 seconds
[2024-01-05T16:52:22.506+0000] {processor.py:161} INFO - Started process (PID=16484) to work on /home/eder/Desktop/Airflow/Twitter/venv/lib/python3.9/site-packages/airflow/example_dags/subdags/subdag.py
[2024-01-05T16:52:22.508+0000] {processor.py:830} INFO - Processing file /home/eder/Desktop/Airflow/Twitter/venv/lib/python3.9/site-packages/airflow/example_dags/subdags/subdag.py for tasks to queue
[2024-01-05T16:52:22.509+0000] {logging_mixin.py:188} INFO - [2024-01-05T16:52:22.509+0000] {dagbag.py:538} INFO - Filling up the DagBag from /home/eder/Desktop/Airflow/Twitter/venv/lib/python3.9/site-packages/airflow/example_dags/subdags/subdag.py
[2024-01-05T16:52:22.513+0000] {processor.py:842} WARNING - No viable dags retrieved from /home/eder/Desktop/Airflow/Twitter/venv/lib/python3.9/site-packages/airflow/example_dags/subdags/subdag.py
[2024-01-05T16:52:22.540+0000] {processor.py:183} INFO - Processing /home/eder/Desktop/Airflow/Twitter/venv/lib/python3.9/site-packages/airflow/example_dags/subdags/subdag.py took 0.040 seconds
[2024-01-05T16:53:24.098+0000] {processor.py:161} INFO - Started process (PID=16655) to work on /home/eder/Desktop/Airflow/Twitter/venv/lib/python3.9/site-packages/airflow/example_dags/subdags/subdag.py
[2024-01-05T16:53:24.115+0000] {processor.py:830} INFO - Processing file /home/eder/Desktop/Airflow/Twitter/venv/lib/python3.9/site-packages/airflow/example_dags/subdags/subdag.py for tasks to queue
[2024-01-05T16:53:24.116+0000] {logging_mixin.py:188} INFO - [2024-01-05T16:53:24.116+0000] {dagbag.py:538} INFO - Filling up the DagBag from /home/eder/Desktop/Airflow/Twitter/venv/lib/python3.9/site-packages/airflow/example_dags/subdags/subdag.py
[2024-01-05T16:53:24.124+0000] {processor.py:842} WARNING - No viable dags retrieved from /home/eder/Desktop/Airflow/Twitter/venv/lib/python3.9/site-packages/airflow/example_dags/subdags/subdag.py
[2024-01-05T16:53:24.151+0000] {processor.py:183} INFO - Processing /home/eder/Desktop/Airflow/Twitter/venv/lib/python3.9/site-packages/airflow/example_dags/subdags/subdag.py took 0.060 seconds
[2024-01-05T16:54:21.971+0000] {processor.py:161} INFO - Started process (PID=16877) to work on /home/eder/Desktop/Airflow/Twitter/venv/lib/python3.9/site-packages/airflow/example_dags/subdags/subdag.py
[2024-01-05T16:54:21.983+0000] {processor.py:830} INFO - Processing file /home/eder/Desktop/Airflow/Twitter/venv/lib/python3.9/site-packages/airflow/example_dags/subdags/subdag.py for tasks to queue
[2024-01-05T16:54:21.984+0000] {logging_mixin.py:188} INFO - [2024-01-05T16:54:21.984+0000] {dagbag.py:538} INFO - Filling up the DagBag from /home/eder/Desktop/Airflow/Twitter/venv/lib/python3.9/site-packages/airflow/example_dags/subdags/subdag.py
[2024-01-05T16:54:21.990+0000] {processor.py:842} WARNING - No viable dags retrieved from /home/eder/Desktop/Airflow/Twitter/venv/lib/python3.9/site-packages/airflow/example_dags/subdags/subdag.py
[2024-01-05T16:54:22.001+0000] {processor.py:183} INFO - Processing /home/eder/Desktop/Airflow/Twitter/venv/lib/python3.9/site-packages/airflow/example_dags/subdags/subdag.py took 0.046 seconds
[2024-01-05T16:55:15.746+0000] {processor.py:161} INFO - Started process (PID=17052) to work on /home/eder/Desktop/Airflow/Twitter/venv/lib/python3.9/site-packages/airflow/example_dags/subdags/subdag.py
[2024-01-05T16:55:15.778+0000] {processor.py:830} INFO - Processing file /home/eder/Desktop/Airflow/Twitter/venv/lib/python3.9/site-packages/airflow/example_dags/subdags/subdag.py for tasks to queue
[2024-01-05T16:55:15.787+0000] {logging_mixin.py:188} INFO - [2024-01-05T16:55:15.784+0000] {dagbag.py:538} INFO - Filling up the DagBag from /home/eder/Desktop/Airflow/Twitter/venv/lib/python3.9/site-packages/airflow/example_dags/subdags/subdag.py
[2024-01-05T16:55:15.789+0000] {processor.py:842} WARNING - No viable dags retrieved from /home/eder/Desktop/Airflow/Twitter/venv/lib/python3.9/site-packages/airflow/example_dags/subdags/subdag.py
[2024-01-05T16:55:15.808+0000] {processor.py:183} INFO - Processing /home/eder/Desktop/Airflow/Twitter/venv/lib/python3.9/site-packages/airflow/example_dags/subdags/subdag.py took 0.068 seconds
[2024-01-05T16:56:14.578+0000] {processor.py:161} INFO - Started process (PID=17213) to work on /home/eder/Desktop/Airflow/Twitter/venv/lib/python3.9/site-packages/airflow/example_dags/subdags/subdag.py
[2024-01-05T16:56:14.592+0000] {processor.py:830} INFO - Processing file /home/eder/Desktop/Airflow/Twitter/venv/lib/python3.9/site-packages/airflow/example_dags/subdags/subdag.py for tasks to queue
[2024-01-05T16:56:14.594+0000] {logging_mixin.py:188} INFO - [2024-01-05T16:56:14.592+0000] {dagbag.py:538} INFO - Filling up the DagBag from /home/eder/Desktop/Airflow/Twitter/venv/lib/python3.9/site-packages/airflow/example_dags/subdags/subdag.py
[2024-01-05T16:56:14.596+0000] {processor.py:842} WARNING - No viable dags retrieved from /home/eder/Desktop/Airflow/Twitter/venv/lib/python3.9/site-packages/airflow/example_dags/subdags/subdag.py
[2024-01-05T16:56:14.612+0000] {processor.py:183} INFO - Processing /home/eder/Desktop/Airflow/Twitter/venv/lib/python3.9/site-packages/airflow/example_dags/subdags/subdag.py took 0.041 seconds
[2024-01-05T16:57:19.806+0000] {processor.py:161} INFO - Started process (PID=17397) to work on /home/eder/Desktop/Airflow/Twitter/venv/lib/python3.9/site-packages/airflow/example_dags/subdags/subdag.py
[2024-01-05T16:57:19.829+0000] {processor.py:830} INFO - Processing file /home/eder/Desktop/Airflow/Twitter/venv/lib/python3.9/site-packages/airflow/example_dags/subdags/subdag.py for tasks to queue
[2024-01-05T16:57:19.830+0000] {logging_mixin.py:188} INFO - [2024-01-05T16:57:19.829+0000] {dagbag.py:538} INFO - Filling up the DagBag from /home/eder/Desktop/Airflow/Twitter/venv/lib/python3.9/site-packages/airflow/example_dags/subdags/subdag.py
[2024-01-05T16:57:19.832+0000] {processor.py:842} WARNING - No viable dags retrieved from /home/eder/Desktop/Airflow/Twitter/venv/lib/python3.9/site-packages/airflow/example_dags/subdags/subdag.py
[2024-01-05T16:57:19.852+0000] {processor.py:183} INFO - Processing /home/eder/Desktop/Airflow/Twitter/venv/lib/python3.9/site-packages/airflow/example_dags/subdags/subdag.py took 0.049 seconds
[2024-01-05T16:58:18.112+0000] {processor.py:161} INFO - Started process (PID=17561) to work on /home/eder/Desktop/Airflow/Twitter/venv/lib/python3.9/site-packages/airflow/example_dags/subdags/subdag.py
[2024-01-05T16:58:18.143+0000] {processor.py:830} INFO - Processing file /home/eder/Desktop/Airflow/Twitter/venv/lib/python3.9/site-packages/airflow/example_dags/subdags/subdag.py for tasks to queue
[2024-01-05T16:58:18.146+0000] {logging_mixin.py:188} INFO - [2024-01-05T16:58:18.144+0000] {dagbag.py:538} INFO - Filling up the DagBag from /home/eder/Desktop/Airflow/Twitter/venv/lib/python3.9/site-packages/airflow/example_dags/subdags/subdag.py
[2024-01-05T16:58:18.156+0000] {processor.py:842} WARNING - No viable dags retrieved from /home/eder/Desktop/Airflow/Twitter/venv/lib/python3.9/site-packages/airflow/example_dags/subdags/subdag.py
[2024-01-05T16:58:18.191+0000] {processor.py:183} INFO - Processing /home/eder/Desktop/Airflow/Twitter/venv/lib/python3.9/site-packages/airflow/example_dags/subdags/subdag.py took 0.087 seconds
[2024-01-05T16:59:20.268+0000] {processor.py:161} INFO - Started process (PID=17793) to work on /home/eder/Desktop/Airflow/Twitter/venv/lib/python3.9/site-packages/airflow/example_dags/subdags/subdag.py
[2024-01-05T16:59:20.306+0000] {processor.py:830} INFO - Processing file /home/eder/Desktop/Airflow/Twitter/venv/lib/python3.9/site-packages/airflow/example_dags/subdags/subdag.py for tasks to queue
[2024-01-05T16:59:20.307+0000] {logging_mixin.py:188} INFO - [2024-01-05T16:59:20.307+0000] {dagbag.py:538} INFO - Filling up the DagBag from /home/eder/Desktop/Airflow/Twitter/venv/lib/python3.9/site-packages/airflow/example_dags/subdags/subdag.py
[2024-01-05T16:59:20.312+0000] {processor.py:842} WARNING - No viable dags retrieved from /home/eder/Desktop/Airflow/Twitter/venv/lib/python3.9/site-packages/airflow/example_dags/subdags/subdag.py
[2024-01-05T16:59:20.339+0000] {processor.py:183} INFO - Processing /home/eder/Desktop/Airflow/Twitter/venv/lib/python3.9/site-packages/airflow/example_dags/subdags/subdag.py took 0.074 seconds
[2024-01-05T17:00:25.090+0000] {processor.py:161} INFO - Started process (PID=17961) to work on /home/eder/Desktop/Airflow/Twitter/venv/lib/python3.9/site-packages/airflow/example_dags/subdags/subdag.py
[2024-01-05T17:00:25.093+0000] {processor.py:830} INFO - Processing file /home/eder/Desktop/Airflow/Twitter/venv/lib/python3.9/site-packages/airflow/example_dags/subdags/subdag.py for tasks to queue
[2024-01-05T17:00:25.094+0000] {logging_mixin.py:188} INFO - [2024-01-05T17:00:25.094+0000] {dagbag.py:538} INFO - Filling up the DagBag from /home/eder/Desktop/Airflow/Twitter/venv/lib/python3.9/site-packages/airflow/example_dags/subdags/subdag.py
[2024-01-05T17:00:25.099+0000] {processor.py:842} WARNING - No viable dags retrieved from /home/eder/Desktop/Airflow/Twitter/venv/lib/python3.9/site-packages/airflow/example_dags/subdags/subdag.py
[2024-01-05T17:00:25.123+0000] {processor.py:183} INFO - Processing /home/eder/Desktop/Airflow/Twitter/venv/lib/python3.9/site-packages/airflow/example_dags/subdags/subdag.py took 0.044 seconds
[2024-01-05T17:01:29.132+0000] {processor.py:161} INFO - Started process (PID=18150) to work on /home/eder/Desktop/Airflow/Twitter/venv/lib/python3.9/site-packages/airflow/example_dags/subdags/subdag.py
[2024-01-05T17:01:29.155+0000] {processor.py:830} INFO - Processing file /home/eder/Desktop/Airflow/Twitter/venv/lib/python3.9/site-packages/airflow/example_dags/subdags/subdag.py for tasks to queue
[2024-01-05T17:01:29.155+0000] {logging_mixin.py:188} INFO - [2024-01-05T17:01:29.155+0000] {dagbag.py:538} INFO - Filling up the DagBag from /home/eder/Desktop/Airflow/Twitter/venv/lib/python3.9/site-packages/airflow/example_dags/subdags/subdag.py
[2024-01-05T17:01:29.159+0000] {processor.py:842} WARNING - No viable dags retrieved from /home/eder/Desktop/Airflow/Twitter/venv/lib/python3.9/site-packages/airflow/example_dags/subdags/subdag.py
[2024-01-05T17:01:29.202+0000] {processor.py:183} INFO - Processing /home/eder/Desktop/Airflow/Twitter/venv/lib/python3.9/site-packages/airflow/example_dags/subdags/subdag.py took 0.077 seconds
[2024-01-05T17:02:30.321+0000] {processor.py:161} INFO - Started process (PID=18318) to work on /home/eder/Desktop/Airflow/Twitter/venv/lib/python3.9/site-packages/airflow/example_dags/subdags/subdag.py
[2024-01-05T17:02:30.328+0000] {processor.py:830} INFO - Processing file /home/eder/Desktop/Airflow/Twitter/venv/lib/python3.9/site-packages/airflow/example_dags/subdags/subdag.py for tasks to queue
[2024-01-05T17:02:30.329+0000] {logging_mixin.py:188} INFO - [2024-01-05T17:02:30.329+0000] {dagbag.py:538} INFO - Filling up the DagBag from /home/eder/Desktop/Airflow/Twitter/venv/lib/python3.9/site-packages/airflow/example_dags/subdags/subdag.py
[2024-01-05T17:02:30.331+0000] {processor.py:842} WARNING - No viable dags retrieved from /home/eder/Desktop/Airflow/Twitter/venv/lib/python3.9/site-packages/airflow/example_dags/subdags/subdag.py
[2024-01-05T17:02:30.342+0000] {processor.py:183} INFO - Processing /home/eder/Desktop/Airflow/Twitter/venv/lib/python3.9/site-packages/airflow/example_dags/subdags/subdag.py took 0.024 seconds
[2024-01-05T17:03:31.908+0000] {processor.py:161} INFO - Started process (PID=18484) to work on /home/eder/Desktop/Airflow/Twitter/venv/lib/python3.9/site-packages/airflow/example_dags/subdags/subdag.py
[2024-01-05T17:03:31.932+0000] {processor.py:830} INFO - Processing file /home/eder/Desktop/Airflow/Twitter/venv/lib/python3.9/site-packages/airflow/example_dags/subdags/subdag.py for tasks to queue
[2024-01-05T17:03:31.935+0000] {logging_mixin.py:188} INFO - [2024-01-05T17:03:31.934+0000] {dagbag.py:538} INFO - Filling up the DagBag from /home/eder/Desktop/Airflow/Twitter/venv/lib/python3.9/site-packages/airflow/example_dags/subdags/subdag.py
[2024-01-05T17:03:31.939+0000] {processor.py:842} WARNING - No viable dags retrieved from /home/eder/Desktop/Airflow/Twitter/venv/lib/python3.9/site-packages/airflow/example_dags/subdags/subdag.py
[2024-01-05T17:03:31.964+0000] {processor.py:183} INFO - Processing /home/eder/Desktop/Airflow/Twitter/venv/lib/python3.9/site-packages/airflow/example_dags/subdags/subdag.py took 0.059 seconds
[2024-01-05T17:04:29.508+0000] {processor.py:161} INFO - Started process (PID=18715) to work on /home/eder/Desktop/Airflow/Twitter/venv/lib/python3.9/site-packages/airflow/example_dags/subdags/subdag.py
[2024-01-05T17:04:29.515+0000] {processor.py:830} INFO - Processing file /home/eder/Desktop/Airflow/Twitter/venv/lib/python3.9/site-packages/airflow/example_dags/subdags/subdag.py for tasks to queue
[2024-01-05T17:04:29.516+0000] {logging_mixin.py:188} INFO - [2024-01-05T17:04:29.516+0000] {dagbag.py:538} INFO - Filling up the DagBag from /home/eder/Desktop/Airflow/Twitter/venv/lib/python3.9/site-packages/airflow/example_dags/subdags/subdag.py
[2024-01-05T17:04:29.519+0000] {processor.py:842} WARNING - No viable dags retrieved from /home/eder/Desktop/Airflow/Twitter/venv/lib/python3.9/site-packages/airflow/example_dags/subdags/subdag.py
[2024-01-05T17:04:29.530+0000] {processor.py:183} INFO - Processing /home/eder/Desktop/Airflow/Twitter/venv/lib/python3.9/site-packages/airflow/example_dags/subdags/subdag.py took 0.025 seconds
[2024-01-05T17:05:17.550+0000] {processor.py:161} INFO - Started process (PID=18860) to work on /home/eder/Desktop/Airflow/Twitter/venv/lib/python3.9/site-packages/airflow/example_dags/subdags/subdag.py
[2024-01-05T17:05:17.572+0000] {processor.py:830} INFO - Processing file /home/eder/Desktop/Airflow/Twitter/venv/lib/python3.9/site-packages/airflow/example_dags/subdags/subdag.py for tasks to queue
[2024-01-05T17:05:17.574+0000] {logging_mixin.py:188} INFO - [2024-01-05T17:05:17.572+0000] {dagbag.py:538} INFO - Filling up the DagBag from /home/eder/Desktop/Airflow/Twitter/venv/lib/python3.9/site-packages/airflow/example_dags/subdags/subdag.py
[2024-01-05T17:05:17.576+0000] {processor.py:842} WARNING - No viable dags retrieved from /home/eder/Desktop/Airflow/Twitter/venv/lib/python3.9/site-packages/airflow/example_dags/subdags/subdag.py
[2024-01-05T17:05:17.603+0000] {processor.py:183} INFO - Processing /home/eder/Desktop/Airflow/Twitter/venv/lib/python3.9/site-packages/airflow/example_dags/subdags/subdag.py took 0.061 seconds
[2024-01-05T17:06:01.344+0000] {processor.py:161} INFO - Started process (PID=18939) to work on /home/eder/Desktop/Airflow/Twitter/venv/lib/python3.9/site-packages/airflow/example_dags/subdags/subdag.py
[2024-01-05T17:06:01.359+0000] {processor.py:830} INFO - Processing file /home/eder/Desktop/Airflow/Twitter/venv/lib/python3.9/site-packages/airflow/example_dags/subdags/subdag.py for tasks to queue
[2024-01-05T17:06:01.368+0000] {logging_mixin.py:188} INFO - [2024-01-05T17:06:01.367+0000] {dagbag.py:538} INFO - Filling up the DagBag from /home/eder/Desktop/Airflow/Twitter/venv/lib/python3.9/site-packages/airflow/example_dags/subdags/subdag.py
[2024-01-05T17:06:01.380+0000] {processor.py:842} WARNING - No viable dags retrieved from /home/eder/Desktop/Airflow/Twitter/venv/lib/python3.9/site-packages/airflow/example_dags/subdags/subdag.py
[2024-01-05T17:06:01.408+0000] {processor.py:183} INFO - Processing /home/eder/Desktop/Airflow/Twitter/venv/lib/python3.9/site-packages/airflow/example_dags/subdags/subdag.py took 0.069 seconds
[2024-01-05T17:06:47.372+0000] {processor.py:161} INFO - Started process (PID=19084) to work on /home/eder/Desktop/Airflow/Twitter/venv/lib/python3.9/site-packages/airflow/example_dags/subdags/subdag.py
[2024-01-05T17:06:47.382+0000] {processor.py:830} INFO - Processing file /home/eder/Desktop/Airflow/Twitter/venv/lib/python3.9/site-packages/airflow/example_dags/subdags/subdag.py for tasks to queue
[2024-01-05T17:06:47.391+0000] {logging_mixin.py:188} INFO - [2024-01-05T17:06:47.391+0000] {dagbag.py:538} INFO - Filling up the DagBag from /home/eder/Desktop/Airflow/Twitter/venv/lib/python3.9/site-packages/airflow/example_dags/subdags/subdag.py
[2024-01-05T17:06:47.396+0000] {processor.py:842} WARNING - No viable dags retrieved from /home/eder/Desktop/Airflow/Twitter/venv/lib/python3.9/site-packages/airflow/example_dags/subdags/subdag.py
[2024-01-05T17:06:47.415+0000] {processor.py:183} INFO - Processing /home/eder/Desktop/Airflow/Twitter/venv/lib/python3.9/site-packages/airflow/example_dags/subdags/subdag.py took 0.043 seconds
[2024-01-05T17:07:34.453+0000] {processor.py:161} INFO - Started process (PID=19241) to work on /home/eder/Desktop/Airflow/Twitter/venv/lib/python3.9/site-packages/airflow/example_dags/subdags/subdag.py
[2024-01-05T17:07:34.456+0000] {processor.py:830} INFO - Processing file /home/eder/Desktop/Airflow/Twitter/venv/lib/python3.9/site-packages/airflow/example_dags/subdags/subdag.py for tasks to queue
[2024-01-05T17:07:34.457+0000] {logging_mixin.py:188} INFO - [2024-01-05T17:07:34.456+0000] {dagbag.py:538} INFO - Filling up the DagBag from /home/eder/Desktop/Airflow/Twitter/venv/lib/python3.9/site-packages/airflow/example_dags/subdags/subdag.py
[2024-01-05T17:07:34.459+0000] {processor.py:842} WARNING - No viable dags retrieved from /home/eder/Desktop/Airflow/Twitter/venv/lib/python3.9/site-packages/airflow/example_dags/subdags/subdag.py
[2024-01-05T17:07:34.469+0000] {processor.py:183} INFO - Processing /home/eder/Desktop/Airflow/Twitter/venv/lib/python3.9/site-packages/airflow/example_dags/subdags/subdag.py took 0.018 seconds
[2024-01-05T17:08:17.175+0000] {processor.py:161} INFO - Started process (PID=19371) to work on /home/eder/Desktop/Airflow/Twitter/venv/lib/python3.9/site-packages/airflow/example_dags/subdags/subdag.py
[2024-01-05T17:08:17.200+0000] {processor.py:830} INFO - Processing file /home/eder/Desktop/Airflow/Twitter/venv/lib/python3.9/site-packages/airflow/example_dags/subdags/subdag.py for tasks to queue
[2024-01-05T17:08:17.204+0000] {logging_mixin.py:188} INFO - [2024-01-05T17:08:17.203+0000] {dagbag.py:538} INFO - Filling up the DagBag from /home/eder/Desktop/Airflow/Twitter/venv/lib/python3.9/site-packages/airflow/example_dags/subdags/subdag.py
[2024-01-05T17:08:17.215+0000] {processor.py:842} WARNING - No viable dags retrieved from /home/eder/Desktop/Airflow/Twitter/venv/lib/python3.9/site-packages/airflow/example_dags/subdags/subdag.py
[2024-01-05T17:08:17.251+0000] {processor.py:183} INFO - Processing /home/eder/Desktop/Airflow/Twitter/venv/lib/python3.9/site-packages/airflow/example_dags/subdags/subdag.py took 0.088 seconds
[2024-01-05T17:36:24.048+0000] {processor.py:161} INFO - Started process (PID=20085) to work on /home/eder/Desktop/Airflow/Twitter/venv/lib/python3.9/site-packages/airflow/example_dags/subdags/subdag.py
[2024-01-05T17:36:24.055+0000] {processor.py:830} INFO - Processing file /home/eder/Desktop/Airflow/Twitter/venv/lib/python3.9/site-packages/airflow/example_dags/subdags/subdag.py for tasks to queue
[2024-01-05T17:36:24.057+0000] {logging_mixin.py:188} INFO - [2024-01-05T17:36:24.056+0000] {dagbag.py:538} INFO - Filling up the DagBag from /home/eder/Desktop/Airflow/Twitter/venv/lib/python3.9/site-packages/airflow/example_dags/subdags/subdag.py
[2024-01-05T17:36:24.059+0000] {processor.py:842} WARNING - No viable dags retrieved from /home/eder/Desktop/Airflow/Twitter/venv/lib/python3.9/site-packages/airflow/example_dags/subdags/subdag.py
[2024-01-05T17:36:24.068+0000] {processor.py:183} INFO - Processing /home/eder/Desktop/Airflow/Twitter/venv/lib/python3.9/site-packages/airflow/example_dags/subdags/subdag.py took 0.025 seconds
[2024-01-05T17:37:27.907+0000] {processor.py:161} INFO - Started process (PID=20784) to work on /home/eder/Desktop/Airflow/Twitter/venv/lib/python3.9/site-packages/airflow/example_dags/subdags/subdag.py
[2024-01-05T17:37:27.915+0000] {processor.py:830} INFO - Processing file /home/eder/Desktop/Airflow/Twitter/venv/lib/python3.9/site-packages/airflow/example_dags/subdags/subdag.py for tasks to queue
[2024-01-05T17:37:27.916+0000] {logging_mixin.py:188} INFO - [2024-01-05T17:37:27.916+0000] {dagbag.py:538} INFO - Filling up the DagBag from /home/eder/Desktop/Airflow/Twitter/venv/lib/python3.9/site-packages/airflow/example_dags/subdags/subdag.py
[2024-01-05T17:37:27.918+0000] {processor.py:842} WARNING - No viable dags retrieved from /home/eder/Desktop/Airflow/Twitter/venv/lib/python3.9/site-packages/airflow/example_dags/subdags/subdag.py
[2024-01-05T17:37:27.928+0000] {processor.py:183} INFO - Processing /home/eder/Desktop/Airflow/Twitter/venv/lib/python3.9/site-packages/airflow/example_dags/subdags/subdag.py took 0.024 seconds
[2024-01-05T17:38:20.517+0000] {processor.py:161} INFO - Started process (PID=21061) to work on /home/eder/Desktop/Airflow/Twitter/venv/lib/python3.9/site-packages/airflow/example_dags/subdags/subdag.py
[2024-01-05T17:38:20.526+0000] {processor.py:830} INFO - Processing file /home/eder/Desktop/Airflow/Twitter/venv/lib/python3.9/site-packages/airflow/example_dags/subdags/subdag.py for tasks to queue
[2024-01-05T17:38:20.526+0000] {logging_mixin.py:188} INFO - [2024-01-05T17:38:20.526+0000] {dagbag.py:538} INFO - Filling up the DagBag from /home/eder/Desktop/Airflow/Twitter/venv/lib/python3.9/site-packages/airflow/example_dags/subdags/subdag.py
[2024-01-05T17:38:20.529+0000] {processor.py:842} WARNING - No viable dags retrieved from /home/eder/Desktop/Airflow/Twitter/venv/lib/python3.9/site-packages/airflow/example_dags/subdags/subdag.py
[2024-01-05T17:38:20.539+0000] {processor.py:183} INFO - Processing /home/eder/Desktop/Airflow/Twitter/venv/lib/python3.9/site-packages/airflow/example_dags/subdags/subdag.py took 0.024 seconds
[2024-01-05T17:39:00.738+0000] {processor.py:161} INFO - Started process (PID=21124) to work on /home/eder/Desktop/Airflow/Twitter/venv/lib/python3.9/site-packages/airflow/example_dags/subdags/subdag.py
[2024-01-05T17:39:00.746+0000] {processor.py:830} INFO - Processing file /home/eder/Desktop/Airflow/Twitter/venv/lib/python3.9/site-packages/airflow/example_dags/subdags/subdag.py for tasks to queue
[2024-01-05T17:39:00.747+0000] {logging_mixin.py:188} INFO - [2024-01-05T17:39:00.747+0000] {dagbag.py:538} INFO - Filling up the DagBag from /home/eder/Desktop/Airflow/Twitter/venv/lib/python3.9/site-packages/airflow/example_dags/subdags/subdag.py
[2024-01-05T17:39:00.750+0000] {processor.py:842} WARNING - No viable dags retrieved from /home/eder/Desktop/Airflow/Twitter/venv/lib/python3.9/site-packages/airflow/example_dags/subdags/subdag.py
[2024-01-05T17:39:00.760+0000] {processor.py:183} INFO - Processing /home/eder/Desktop/Airflow/Twitter/venv/lib/python3.9/site-packages/airflow/example_dags/subdags/subdag.py took 0.024 seconds
[2024-01-05T17:39:50.844+0000] {processor.py:161} INFO - Started process (PID=21268) to work on /home/eder/Desktop/Airflow/Twitter/venv/lib/python3.9/site-packages/airflow/example_dags/subdags/subdag.py
[2024-01-05T17:39:50.856+0000] {processor.py:830} INFO - Processing file /home/eder/Desktop/Airflow/Twitter/venv/lib/python3.9/site-packages/airflow/example_dags/subdags/subdag.py for tasks to queue
[2024-01-05T17:39:50.857+0000] {logging_mixin.py:188} INFO - [2024-01-05T17:39:50.856+0000] {dagbag.py:538} INFO - Filling up the DagBag from /home/eder/Desktop/Airflow/Twitter/venv/lib/python3.9/site-packages/airflow/example_dags/subdags/subdag.py
[2024-01-05T17:39:50.861+0000] {processor.py:842} WARNING - No viable dags retrieved from /home/eder/Desktop/Airflow/Twitter/venv/lib/python3.9/site-packages/airflow/example_dags/subdags/subdag.py
[2024-01-05T17:39:50.871+0000] {processor.py:183} INFO - Processing /home/eder/Desktop/Airflow/Twitter/venv/lib/python3.9/site-packages/airflow/example_dags/subdags/subdag.py took 0.032 seconds
[2024-01-05T17:50:28.638+0000] {processor.py:161} INFO - Started process (PID=32400) to work on /home/eder/Desktop/Airflow/Twitter/venv/lib/python3.9/site-packages/airflow/example_dags/subdags/subdag.py
[2024-01-05T17:50:28.649+0000] {processor.py:830} INFO - Processing file /home/eder/Desktop/Airflow/Twitter/venv/lib/python3.9/site-packages/airflow/example_dags/subdags/subdag.py for tasks to queue
[2024-01-05T17:50:28.650+0000] {logging_mixin.py:188} INFO - [2024-01-05T17:50:28.650+0000] {dagbag.py:538} INFO - Filling up the DagBag from /home/eder/Desktop/Airflow/Twitter/venv/lib/python3.9/site-packages/airflow/example_dags/subdags/subdag.py
[2024-01-05T17:50:28.652+0000] {processor.py:842} WARNING - No viable dags retrieved from /home/eder/Desktop/Airflow/Twitter/venv/lib/python3.9/site-packages/airflow/example_dags/subdags/subdag.py
[2024-01-05T17:50:28.667+0000] {processor.py:183} INFO - Processing /home/eder/Desktop/Airflow/Twitter/venv/lib/python3.9/site-packages/airflow/example_dags/subdags/subdag.py took 0.032 seconds
[2024-01-05T17:51:19.338+0000] {processor.py:161} INFO - Started process (PID=32546) to work on /home/eder/Desktop/Airflow/Twitter/venv/lib/python3.9/site-packages/airflow/example_dags/subdags/subdag.py
[2024-01-05T17:51:19.355+0000] {processor.py:830} INFO - Processing file /home/eder/Desktop/Airflow/Twitter/venv/lib/python3.9/site-packages/airflow/example_dags/subdags/subdag.py for tasks to queue
[2024-01-05T17:51:19.356+0000] {logging_mixin.py:188} INFO - [2024-01-05T17:51:19.356+0000] {dagbag.py:538} INFO - Filling up the DagBag from /home/eder/Desktop/Airflow/Twitter/venv/lib/python3.9/site-packages/airflow/example_dags/subdags/subdag.py
[2024-01-05T17:51:19.359+0000] {processor.py:842} WARNING - No viable dags retrieved from /home/eder/Desktop/Airflow/Twitter/venv/lib/python3.9/site-packages/airflow/example_dags/subdags/subdag.py
[2024-01-05T17:51:19.380+0000] {processor.py:183} INFO - Processing /home/eder/Desktop/Airflow/Twitter/venv/lib/python3.9/site-packages/airflow/example_dags/subdags/subdag.py took 0.048 seconds
[2024-01-05T17:52:02.682+0000] {processor.py:161} INFO - Started process (PID=32644) to work on /home/eder/Desktop/Airflow/Twitter/venv/lib/python3.9/site-packages/airflow/example_dags/subdags/subdag.py
[2024-01-05T17:52:02.691+0000] {processor.py:830} INFO - Processing file /home/eder/Desktop/Airflow/Twitter/venv/lib/python3.9/site-packages/airflow/example_dags/subdags/subdag.py for tasks to queue
[2024-01-05T17:52:02.692+0000] {logging_mixin.py:188} INFO - [2024-01-05T17:52:02.692+0000] {dagbag.py:538} INFO - Filling up the DagBag from /home/eder/Desktop/Airflow/Twitter/venv/lib/python3.9/site-packages/airflow/example_dags/subdags/subdag.py
[2024-01-05T17:52:02.694+0000] {processor.py:842} WARNING - No viable dags retrieved from /home/eder/Desktop/Airflow/Twitter/venv/lib/python3.9/site-packages/airflow/example_dags/subdags/subdag.py
[2024-01-05T17:52:02.706+0000] {processor.py:183} INFO - Processing /home/eder/Desktop/Airflow/Twitter/venv/lib/python3.9/site-packages/airflow/example_dags/subdags/subdag.py took 0.027 seconds
[2024-01-05T17:52:50.132+0000] {processor.py:161} INFO - Started process (PID=32853) to work on /home/eder/Desktop/Airflow/Twitter/venv/lib/python3.9/site-packages/airflow/example_dags/subdags/subdag.py
[2024-01-05T17:52:50.141+0000] {processor.py:830} INFO - Processing file /home/eder/Desktop/Airflow/Twitter/venv/lib/python3.9/site-packages/airflow/example_dags/subdags/subdag.py for tasks to queue
[2024-01-05T17:52:50.142+0000] {logging_mixin.py:188} INFO - [2024-01-05T17:52:50.141+0000] {dagbag.py:538} INFO - Filling up the DagBag from /home/eder/Desktop/Airflow/Twitter/venv/lib/python3.9/site-packages/airflow/example_dags/subdags/subdag.py
[2024-01-05T17:52:50.146+0000] {processor.py:842} WARNING - No viable dags retrieved from /home/eder/Desktop/Airflow/Twitter/venv/lib/python3.9/site-packages/airflow/example_dags/subdags/subdag.py
[2024-01-05T17:52:50.167+0000] {processor.py:183} INFO - Processing /home/eder/Desktop/Airflow/Twitter/venv/lib/python3.9/site-packages/airflow/example_dags/subdags/subdag.py took 0.064 seconds
[2024-01-05T17:53:45.807+0000] {processor.py:161} INFO - Started process (PID=33032) to work on /home/eder/Desktop/Airflow/Twitter/venv/lib/python3.9/site-packages/airflow/example_dags/subdags/subdag.py
[2024-01-05T17:53:45.827+0000] {processor.py:830} INFO - Processing file /home/eder/Desktop/Airflow/Twitter/venv/lib/python3.9/site-packages/airflow/example_dags/subdags/subdag.py for tasks to queue
[2024-01-05T17:53:45.828+0000] {logging_mixin.py:188} INFO - [2024-01-05T17:53:45.827+0000] {dagbag.py:538} INFO - Filling up the DagBag from /home/eder/Desktop/Airflow/Twitter/venv/lib/python3.9/site-packages/airflow/example_dags/subdags/subdag.py
[2024-01-05T17:53:45.832+0000] {processor.py:842} WARNING - No viable dags retrieved from /home/eder/Desktop/Airflow/Twitter/venv/lib/python3.9/site-packages/airflow/example_dags/subdags/subdag.py
[2024-01-05T17:53:45.867+0000] {processor.py:183} INFO - Processing /home/eder/Desktop/Airflow/Twitter/venv/lib/python3.9/site-packages/airflow/example_dags/subdags/subdag.py took 0.067 seconds
[2024-01-05T17:54:44.616+0000] {processor.py:161} INFO - Started process (PID=33188) to work on /home/eder/Desktop/Airflow/Twitter/venv/lib/python3.9/site-packages/airflow/example_dags/subdags/subdag.py
[2024-01-05T17:54:44.641+0000] {processor.py:830} INFO - Processing file /home/eder/Desktop/Airflow/Twitter/venv/lib/python3.9/site-packages/airflow/example_dags/subdags/subdag.py for tasks to queue
[2024-01-05T17:54:44.656+0000] {logging_mixin.py:188} INFO - [2024-01-05T17:54:44.652+0000] {dagbag.py:538} INFO - Filling up the DagBag from /home/eder/Desktop/Airflow/Twitter/venv/lib/python3.9/site-packages/airflow/example_dags/subdags/subdag.py
[2024-01-05T17:54:44.664+0000] {processor.py:842} WARNING - No viable dags retrieved from /home/eder/Desktop/Airflow/Twitter/venv/lib/python3.9/site-packages/airflow/example_dags/subdags/subdag.py
[2024-01-05T17:54:44.709+0000] {processor.py:183} INFO - Processing /home/eder/Desktop/Airflow/Twitter/venv/lib/python3.9/site-packages/airflow/example_dags/subdags/subdag.py took 0.098 seconds
[2024-01-05T17:55:46.023+0000] {processor.py:161} INFO - Started process (PID=33379) to work on /home/eder/Desktop/Airflow/Twitter/venv/lib/python3.9/site-packages/airflow/example_dags/subdags/subdag.py
[2024-01-05T17:55:46.037+0000] {processor.py:830} INFO - Processing file /home/eder/Desktop/Airflow/Twitter/venv/lib/python3.9/site-packages/airflow/example_dags/subdags/subdag.py for tasks to queue
[2024-01-05T17:55:46.038+0000] {logging_mixin.py:188} INFO - [2024-01-05T17:55:46.038+0000] {dagbag.py:538} INFO - Filling up the DagBag from /home/eder/Desktop/Airflow/Twitter/venv/lib/python3.9/site-packages/airflow/example_dags/subdags/subdag.py
[2024-01-05T17:55:46.040+0000] {processor.py:842} WARNING - No viable dags retrieved from /home/eder/Desktop/Airflow/Twitter/venv/lib/python3.9/site-packages/airflow/example_dags/subdags/subdag.py
[2024-01-05T17:55:46.068+0000] {processor.py:183} INFO - Processing /home/eder/Desktop/Airflow/Twitter/venv/lib/python3.9/site-packages/airflow/example_dags/subdags/subdag.py took 0.052 seconds
[2024-01-05T17:59:43.200+0000] {processor.py:161} INFO - Started process (PID=33870) to work on /home/eder/Desktop/Airflow/Twitter/venv/lib/python3.9/site-packages/airflow/example_dags/subdags/subdag.py
[2024-01-05T17:59:43.217+0000] {processor.py:830} INFO - Processing file /home/eder/Desktop/Airflow/Twitter/venv/lib/python3.9/site-packages/airflow/example_dags/subdags/subdag.py for tasks to queue
[2024-01-05T17:59:43.217+0000] {logging_mixin.py:188} INFO - [2024-01-05T17:59:43.217+0000] {dagbag.py:538} INFO - Filling up the DagBag from /home/eder/Desktop/Airflow/Twitter/venv/lib/python3.9/site-packages/airflow/example_dags/subdags/subdag.py
[2024-01-05T17:59:43.219+0000] {processor.py:842} WARNING - No viable dags retrieved from /home/eder/Desktop/Airflow/Twitter/venv/lib/python3.9/site-packages/airflow/example_dags/subdags/subdag.py
[2024-01-05T17:59:43.239+0000] {processor.py:183} INFO - Processing /home/eder/Desktop/Airflow/Twitter/venv/lib/python3.9/site-packages/airflow/example_dags/subdags/subdag.py took 0.047 seconds
[2024-01-05T18:00:52.127+0000] {processor.py:161} INFO - Started process (PID=34368) to work on /home/eder/Desktop/Airflow/Twitter/venv/lib/python3.9/site-packages/airflow/example_dags/subdags/subdag.py
[2024-01-05T18:00:52.135+0000] {processor.py:830} INFO - Processing file /home/eder/Desktop/Airflow/Twitter/venv/lib/python3.9/site-packages/airflow/example_dags/subdags/subdag.py for tasks to queue
[2024-01-05T18:00:52.146+0000] {logging_mixin.py:188} INFO - [2024-01-05T18:00:52.144+0000] {dagbag.py:538} INFO - Filling up the DagBag from /home/eder/Desktop/Airflow/Twitter/venv/lib/python3.9/site-packages/airflow/example_dags/subdags/subdag.py
[2024-01-05T18:00:52.151+0000] {processor.py:842} WARNING - No viable dags retrieved from /home/eder/Desktop/Airflow/Twitter/venv/lib/python3.9/site-packages/airflow/example_dags/subdags/subdag.py
[2024-01-05T18:00:52.172+0000] {processor.py:183} INFO - Processing /home/eder/Desktop/Airflow/Twitter/venv/lib/python3.9/site-packages/airflow/example_dags/subdags/subdag.py took 0.048 seconds
