[2024-01-05T16:49:24.583+0000] {taskinstance.py:1957} INFO - Dependencies all met for dep_context=non-requeueable deps ti=<TaskInstance: TwitterDAG.get_raw_data_twitter scheduled__2024-01-02T00:00:00+00:00 [queued]>
[2024-01-05T16:49:24.595+0000] {taskinstance.py:1957} INFO - Dependencies all met for dep_context=requeueable deps ti=<TaskInstance: TwitterDAG.get_raw_data_twitter scheduled__2024-01-02T00:00:00+00:00 [queued]>
[2024-01-05T16:49:24.595+0000] {taskinstance.py:2171} INFO - Starting attempt 1 of 1
[2024-01-05T16:49:24.899+0000] {taskinstance.py:2192} INFO - Executing <Task(TwitterOperator): get_raw_data_twitter> on 2024-01-02 00:00:00+00:00
[2024-01-05T16:49:24.908+0000] {standard_task_runner.py:60} INFO - Started process 13502 to run task
[2024-01-05T16:49:24.915+0000] {standard_task_runner.py:87} INFO - Running: ['airflow', 'tasks', 'run', 'TwitterDAG', 'get_raw_data_twitter', 'scheduled__2024-01-02T00:00:00+00:00', '--job-id', '50', '--raw', '--subdir', 'DAGS_FOLDER/twitter_dag.py', '--cfg-path', '/tmp/tmp9m1c50kj']
[2024-01-05T16:49:24.915+0000] {standard_task_runner.py:88} INFO - Job 50: Subtask get_raw_data_twitter
[2024-01-05T16:49:25.139+0000] {task_command.py:423} INFO - Running <TaskInstance: TwitterDAG.get_raw_data_twitter scheduled__2024-01-02T00:00:00+00:00 [running]> on host airflow.vm.local
[2024-01-05T16:49:25.545+0000] {taskinstance.py:2481} INFO - Exporting env vars: AIRFLOW_CTX_DAG_OWNER='airflow' AIRFLOW_CTX_DAG_ID='TwitterDAG' AIRFLOW_CTX_TASK_ID='get_raw_data_twitter' AIRFLOW_CTX_EXECUTION_DATE='2024-01-02T00:00:00+00:00' AIRFLOW_CTX_TRY_NUMBER='1' AIRFLOW_CTX_DAG_RUN_ID='scheduled__2024-01-02T00:00:00+00:00'
[2024-01-05T16:49:25.564+0000] {base.py:83} INFO - Using connection ID 'twitter_default' for task execution.
[2024-01-05T16:49:25.582+0000] {twitter_dag.py:38} INFO - URL: https://labdados.com/2//tweets/search/recent?query=data science&tweet.fields=author_id,created_at,lang,public_metrics,source,text,withheld&expansions=author_id&user.fields=created_at,description,location,name,public_metrics,username,verified,withheld&start_time=2024-01-02T00:00:00.00Z&end_time=2024-01-03T00:00:00.00Z
[2024-01-05T16:49:26.200+0000] {twitter_dag.py:38} INFO - URL: https://labdados.com/2//tweets/search/recent?query=data science&tweet.fields=author_id,created_at,lang,public_metrics,source,text,withheld&expansions=author_id&user.fields=created_at,description,location,name,public_metrics,username,verified,withheld&start_time=2024-01-02T00:00:00.00Z&end_time=2024-01-03T00:00:00.00Z&next_token=1234567890abcdef
[2024-01-05T16:49:26.348+0000] {twitter_dag.py:38} INFO - URL: https://labdados.com/2//tweets/search/recent?query=data science&tweet.fields=author_id,created_at,lang,public_metrics,source,text,withheld&expansions=author_id&user.fields=created_at,description,location,name,public_metrics,username,verified,withheld&start_time=2024-01-02T00:00:00.00Z&end_time=2024-01-03T00:00:00.00Z&next_token=1234567890abcdef
[2024-01-05T16:49:26.557+0000] {taskinstance.py:1138} INFO - Marking task as SUCCESS. dag_id=TwitterDAG, task_id=get_raw_data_twitter, execution_date=20240102T000000, start_date=20240105T164924, end_date=20240105T164926
[2024-01-05T16:49:26.864+0000] {local_task_job_runner.py:234} INFO - Task exited with return code 0
[2024-01-05T16:49:26.899+0000] {taskinstance.py:3281} INFO - 1 downstream tasks scheduled from follow-on schedule check
[2024-01-05T17:44:45.787+0000] {taskinstance.py:1957} INFO - Dependencies all met for dep_context=non-requeueable deps ti=<TaskInstance: TwitterDAG.get_raw_data_twitter scheduled__2024-01-02T00:00:00+00:00 [queued]>
[2024-01-05T17:44:45.793+0000] {taskinstance.py:1957} INFO - Dependencies all met for dep_context=requeueable deps ti=<TaskInstance: TwitterDAG.get_raw_data_twitter scheduled__2024-01-02T00:00:00+00:00 [queued]>
[2024-01-05T17:44:45.799+0000] {taskinstance.py:2171} INFO - Starting attempt 1 of 1
[2024-01-05T17:44:45.855+0000] {taskinstance.py:2192} INFO - Executing <Task(TwitterOperator): get_raw_data_twitter> on 2024-01-02 00:00:00+00:00
[2024-01-05T17:44:45.864+0000] {standard_task_runner.py:60} INFO - Started process 26226 to run task
[2024-01-05T17:44:45.868+0000] {standard_task_runner.py:87} INFO - Running: ['airflow', 'tasks', 'run', 'TwitterDAG', 'get_raw_data_twitter', 'scheduled__2024-01-02T00:00:00+00:00', '--job-id', '70', '--raw', '--subdir', 'DAGS_FOLDER/twitter_dag.py', '--cfg-path', '/tmp/tmp7wcvklfw']
[2024-01-05T17:44:45.872+0000] {standard_task_runner.py:88} INFO - Job 70: Subtask get_raw_data_twitter
[2024-01-05T17:44:46.059+0000] {task_command.py:423} INFO - Running <TaskInstance: TwitterDAG.get_raw_data_twitter scheduled__2024-01-02T00:00:00+00:00 [running]> on host airflow.vm.local
[2024-01-05T17:44:46.475+0000] {taskinstance.py:2481} INFO - Exporting env vars: AIRFLOW_CTX_DAG_OWNER='airflow' AIRFLOW_CTX_DAG_ID='TwitterDAG' AIRFLOW_CTX_TASK_ID='get_raw_data_twitter' AIRFLOW_CTX_EXECUTION_DATE='2024-01-02T00:00:00+00:00' AIRFLOW_CTX_TRY_NUMBER='1' AIRFLOW_CTX_DAG_RUN_ID='scheduled__2024-01-02T00:00:00+00:00'
[2024-01-05T17:44:46.495+0000] {base.py:83} INFO - Using connection ID 'twitter_default' for task execution.
[2024-01-05T17:44:46.498+0000] {twitter_dag.py:38} INFO - URL: https://labdados.com/2//tweets/search/recent?query=data science&tweet.fields=author_id,created_at,lang,public_metrics,source,text,withheld&expansions=author_id&user.fields=created_at,description,location,name,public_metrics,username,verified,withheld&start_time=2024-01-02T00:00:00.00Z&end_time=2024-01-03T00:00:00.00Z
[2024-01-05T17:44:46.998+0000] {twitter_dag.py:38} INFO - URL: https://labdados.com/2//tweets/search/recent?query=data science&tweet.fields=author_id,created_at,lang,public_metrics,source,text,withheld&expansions=author_id&user.fields=created_at,description,location,name,public_metrics,username,verified,withheld&start_time=2024-01-02T00:00:00.00Z&end_time=2024-01-03T00:00:00.00Z&next_token=1234567890abcdef
[2024-01-05T17:44:47.116+0000] {twitter_dag.py:38} INFO - URL: https://labdados.com/2//tweets/search/recent?query=data science&tweet.fields=author_id,created_at,lang,public_metrics,source,text,withheld&expansions=author_id&user.fields=created_at,description,location,name,public_metrics,username,verified,withheld&start_time=2024-01-02T00:00:00.00Z&end_time=2024-01-03T00:00:00.00Z&next_token=1234567890abcdef
[2024-01-05T17:44:47.236+0000] {twitter_dag.py:38} INFO - URL: https://labdados.com/2//tweets/search/recent?query=data science&tweet.fields=author_id,created_at,lang,public_metrics,source,text,withheld&expansions=author_id&user.fields=created_at,description,location,name,public_metrics,username,verified,withheld&start_time=2024-01-02T00:00:00.00Z&end_time=2024-01-03T00:00:00.00Z&next_token=1234567890abcdef
[2024-01-05T17:44:47.347+0000] {twitter_dag.py:38} INFO - URL: https://labdados.com/2//tweets/search/recent?query=data science&tweet.fields=author_id,created_at,lang,public_metrics,source,text,withheld&expansions=author_id&user.fields=created_at,description,location,name,public_metrics,username,verified,withheld&start_time=2024-01-02T00:00:00.00Z&end_time=2024-01-03T00:00:00.00Z&next_token=1234567890abcdef
[2024-01-05T17:44:47.457+0000] {twitter_dag.py:38} INFO - URL: https://labdados.com/2//tweets/search/recent?query=data science&tweet.fields=author_id,created_at,lang,public_metrics,source,text,withheld&expansions=author_id&user.fields=created_at,description,location,name,public_metrics,username,verified,withheld&start_time=2024-01-02T00:00:00.00Z&end_time=2024-01-03T00:00:00.00Z&next_token=1234567890abcdef
[2024-01-05T17:44:47.566+0000] {twitter_dag.py:38} INFO - URL: https://labdados.com/2//tweets/search/recent?query=data science&tweet.fields=author_id,created_at,lang,public_metrics,source,text,withheld&expansions=author_id&user.fields=created_at,description,location,name,public_metrics,username,verified,withheld&start_time=2024-01-02T00:00:00.00Z&end_time=2024-01-03T00:00:00.00Z&next_token=1234567890abcdef
[2024-01-05T17:44:47.709+0000] {taskinstance.py:1138} INFO - Marking task as SUCCESS. dag_id=TwitterDAG, task_id=get_raw_data_twitter, execution_date=20240102T000000, start_date=20240105T174445, end_date=20240105T174447
[2024-01-05T17:44:47.776+0000] {local_task_job_runner.py:234} INFO - Task exited with return code 0
[2024-01-05T17:44:47.818+0000] {taskinstance.py:3281} INFO - 1 downstream tasks scheduled from follow-on schedule check
[2024-01-05T18:04:32.887+0000] {taskinstance.py:1957} INFO - Dependencies all met for dep_context=non-requeueable deps ti=<TaskInstance: TwitterDAG.get_raw_data_twitter scheduled__2024-01-02T00:00:00+00:00 [queued]>
[2024-01-05T18:04:32.928+0000] {taskinstance.py:1957} INFO - Dependencies all met for dep_context=requeueable deps ti=<TaskInstance: TwitterDAG.get_raw_data_twitter scheduled__2024-01-02T00:00:00+00:00 [queued]>
[2024-01-05T18:04:32.931+0000] {taskinstance.py:2171} INFO - Starting attempt 1 of 1
[2024-01-05T18:04:33.075+0000] {taskinstance.py:2192} INFO - Executing <Task(TwitterOperator): get_raw_data_twitter> on 2024-01-02 00:00:00+00:00
[2024-01-05T18:04:33.079+0000] {standard_task_runner.py:60} INFO - Started process 37805 to run task
[2024-01-05T18:04:33.103+0000] {standard_task_runner.py:87} INFO - Running: ['airflow', 'tasks', 'run', 'TwitterDAG', 'get_raw_data_twitter', 'scheduled__2024-01-02T00:00:00+00:00', '--job-id', '93', '--raw', '--subdir', 'DAGS_FOLDER/twitter_dag.py', '--cfg-path', '/tmp/tmpojajbyc_']
[2024-01-05T18:04:33.104+0000] {standard_task_runner.py:88} INFO - Job 93: Subtask get_raw_data_twitter
[2024-01-05T18:04:33.311+0000] {task_command.py:423} INFO - Running <TaskInstance: TwitterDAG.get_raw_data_twitter scheduled__2024-01-02T00:00:00+00:00 [running]> on host airflow.vm.local
[2024-01-05T18:04:33.391+0000] {taskinstance.py:2481} INFO - Exporting env vars: AIRFLOW_CTX_DAG_OWNER='airflow' AIRFLOW_CTX_DAG_ID='TwitterDAG' AIRFLOW_CTX_TASK_ID='get_raw_data_twitter' AIRFLOW_CTX_EXECUTION_DATE='2024-01-02T00:00:00+00:00' AIRFLOW_CTX_TRY_NUMBER='1' AIRFLOW_CTX_DAG_RUN_ID='scheduled__2024-01-02T00:00:00+00:00'
[2024-01-05T18:04:33.399+0000] {base.py:83} INFO - Using connection ID 'twitter_default' for task execution.
[2024-01-05T18:04:33.400+0000] {twitter_dag.py:38} INFO - URL: https://labdados.com/2//tweets/search/recent?query=data science&tweet.fields=author_id,created_at,lang,public_metrics,source,text,withheld&expansions=author_id&user.fields=created_at,description,location,name,public_metrics,username,verified,withheld&start_time=2024-01-02T00:00:00.00Z&end_time=2024-01-03T00:00:00.00Z
[2024-01-05T18:04:34.062+0000] {twitter_dag.py:38} INFO - URL: https://labdados.com/2//tweets/search/recent?query=data science&tweet.fields=author_id,created_at,lang,public_metrics,source,text,withheld&expansions=author_id&user.fields=created_at,description,location,name,public_metrics,username,verified,withheld&start_time=2024-01-02T00:00:00.00Z&end_time=2024-01-03T00:00:00.00Z&next_token=1234567890abcdef
[2024-01-05T18:04:34.182+0000] {twitter_dag.py:38} INFO - URL: https://labdados.com/2//tweets/search/recent?query=data science&tweet.fields=author_id,created_at,lang,public_metrics,source,text,withheld&expansions=author_id&user.fields=created_at,description,location,name,public_metrics,username,verified,withheld&start_time=2024-01-02T00:00:00.00Z&end_time=2024-01-03T00:00:00.00Z&next_token=1234567890abcdef
[2024-01-05T18:04:34.363+0000] {taskinstance.py:1138} INFO - Marking task as SUCCESS. dag_id=TwitterDAG, task_id=get_raw_data_twitter, execution_date=20240102T000000, start_date=20240105T180432, end_date=20240105T180434
[2024-01-05T18:04:34.409+0000] {local_task_job_runner.py:234} INFO - Task exited with return code 0
[2024-01-05T18:04:34.424+0000] {taskinstance.py:3281} INFO - 1 downstream tasks scheduled from follow-on schedule check
