[2024-01-05T01:16:25.759+0000] {processor.py:161} INFO - Started process (PID=23437) to work on /home/eder/Desktop/Airflow/Twitter/venv/lib/python3.9/site-packages/airflow/example_dags/plugins/event_listener.py
[2024-01-05T01:16:25.760+0000] {processor.py:830} INFO - Processing file /home/eder/Desktop/Airflow/Twitter/venv/lib/python3.9/site-packages/airflow/example_dags/plugins/event_listener.py for tasks to queue
[2024-01-05T01:16:25.761+0000] {logging_mixin.py:188} INFO - [2024-01-05T01:16:25.760+0000] {dagbag.py:538} INFO - Filling up the DagBag from /home/eder/Desktop/Airflow/Twitter/venv/lib/python3.9/site-packages/airflow/example_dags/plugins/event_listener.py
[2024-01-05T01:16:25.763+0000] {processor.py:842} WARNING - No viable dags retrieved from /home/eder/Desktop/Airflow/Twitter/venv/lib/python3.9/site-packages/airflow/example_dags/plugins/event_listener.py
[2024-01-05T01:16:25.773+0000] {processor.py:183} INFO - Processing /home/eder/Desktop/Airflow/Twitter/venv/lib/python3.9/site-packages/airflow/example_dags/plugins/event_listener.py took 0.017 seconds
[2024-01-05T01:18:18.653+0000] {processor.py:161} INFO - Started process (PID=24388) to work on /home/eder/Desktop/Airflow/Twitter/venv/lib/python3.9/site-packages/airflow/example_dags/plugins/event_listener.py
[2024-01-05T01:18:18.663+0000] {processor.py:830} INFO - Processing file /home/eder/Desktop/Airflow/Twitter/venv/lib/python3.9/site-packages/airflow/example_dags/plugins/event_listener.py for tasks to queue
[2024-01-05T01:18:18.663+0000] {logging_mixin.py:188} INFO - [2024-01-05T01:18:18.663+0000] {dagbag.py:538} INFO - Filling up the DagBag from /home/eder/Desktop/Airflow/Twitter/venv/lib/python3.9/site-packages/airflow/example_dags/plugins/event_listener.py
[2024-01-05T01:18:18.666+0000] {processor.py:842} WARNING - No viable dags retrieved from /home/eder/Desktop/Airflow/Twitter/venv/lib/python3.9/site-packages/airflow/example_dags/plugins/event_listener.py
[2024-01-05T01:18:18.675+0000] {processor.py:183} INFO - Processing /home/eder/Desktop/Airflow/Twitter/venv/lib/python3.9/site-packages/airflow/example_dags/plugins/event_listener.py took 0.026 seconds
[2024-01-05T01:19:01.332+0000] {processor.py:161} INFO - Started process (PID=24478) to work on /home/eder/Desktop/Airflow/Twitter/venv/lib/python3.9/site-packages/airflow/example_dags/plugins/event_listener.py
[2024-01-05T01:19:01.340+0000] {processor.py:830} INFO - Processing file /home/eder/Desktop/Airflow/Twitter/venv/lib/python3.9/site-packages/airflow/example_dags/plugins/event_listener.py for tasks to queue
[2024-01-05T01:19:01.340+0000] {logging_mixin.py:188} INFO - [2024-01-05T01:19:01.340+0000] {dagbag.py:538} INFO - Filling up the DagBag from /home/eder/Desktop/Airflow/Twitter/venv/lib/python3.9/site-packages/airflow/example_dags/plugins/event_listener.py
[2024-01-05T01:19:01.343+0000] {processor.py:842} WARNING - No viable dags retrieved from /home/eder/Desktop/Airflow/Twitter/venv/lib/python3.9/site-packages/airflow/example_dags/plugins/event_listener.py
[2024-01-05T01:19:01.352+0000] {processor.py:183} INFO - Processing /home/eder/Desktop/Airflow/Twitter/venv/lib/python3.9/site-packages/airflow/example_dags/plugins/event_listener.py took 0.024 seconds
[2024-01-05T01:22:31.726+0000] {processor.py:161} INFO - Started process (PID=27607) to work on /home/eder/Desktop/Airflow/Twitter/venv/lib/python3.9/site-packages/airflow/example_dags/plugins/event_listener.py
[2024-01-05T01:22:31.737+0000] {processor.py:830} INFO - Processing file /home/eder/Desktop/Airflow/Twitter/venv/lib/python3.9/site-packages/airflow/example_dags/plugins/event_listener.py for tasks to queue
[2024-01-05T01:22:31.738+0000] {logging_mixin.py:188} INFO - [2024-01-05T01:22:31.738+0000] {dagbag.py:538} INFO - Filling up the DagBag from /home/eder/Desktop/Airflow/Twitter/venv/lib/python3.9/site-packages/airflow/example_dags/plugins/event_listener.py
[2024-01-05T01:22:31.740+0000] {processor.py:842} WARNING - No viable dags retrieved from /home/eder/Desktop/Airflow/Twitter/venv/lib/python3.9/site-packages/airflow/example_dags/plugins/event_listener.py
[2024-01-05T01:22:31.751+0000] {processor.py:183} INFO - Processing /home/eder/Desktop/Airflow/Twitter/venv/lib/python3.9/site-packages/airflow/example_dags/plugins/event_listener.py took 0.029 seconds
[2024-01-05T01:23:31.983+0000] {processor.py:161} INFO - Started process (PID=28272) to work on /home/eder/Desktop/Airflow/Twitter/venv/lib/python3.9/site-packages/airflow/example_dags/plugins/event_listener.py
[2024-01-05T01:23:31.988+0000] {processor.py:830} INFO - Processing file /home/eder/Desktop/Airflow/Twitter/venv/lib/python3.9/site-packages/airflow/example_dags/plugins/event_listener.py for tasks to queue
[2024-01-05T01:23:31.989+0000] {logging_mixin.py:188} INFO - [2024-01-05T01:23:31.988+0000] {dagbag.py:538} INFO - Filling up the DagBag from /home/eder/Desktop/Airflow/Twitter/venv/lib/python3.9/site-packages/airflow/example_dags/plugins/event_listener.py
[2024-01-05T01:23:31.995+0000] {processor.py:842} WARNING - No viable dags retrieved from /home/eder/Desktop/Airflow/Twitter/venv/lib/python3.9/site-packages/airflow/example_dags/plugins/event_listener.py
[2024-01-05T01:23:32.008+0000] {processor.py:183} INFO - Processing /home/eder/Desktop/Airflow/Twitter/venv/lib/python3.9/site-packages/airflow/example_dags/plugins/event_listener.py took 0.028 seconds
[2024-01-05T01:27:36.656+0000] {processor.py:161} INFO - Started process (PID=32775) to work on /home/eder/Desktop/Airflow/Twitter/venv/lib/python3.9/site-packages/airflow/example_dags/plugins/event_listener.py
[2024-01-05T01:27:36.663+0000] {processor.py:830} INFO - Processing file /home/eder/Desktop/Airflow/Twitter/venv/lib/python3.9/site-packages/airflow/example_dags/plugins/event_listener.py for tasks to queue
[2024-01-05T01:27:36.664+0000] {logging_mixin.py:188} INFO - [2024-01-05T01:27:36.663+0000] {dagbag.py:538} INFO - Filling up the DagBag from /home/eder/Desktop/Airflow/Twitter/venv/lib/python3.9/site-packages/airflow/example_dags/plugins/event_listener.py
[2024-01-05T01:27:36.666+0000] {processor.py:842} WARNING - No viable dags retrieved from /home/eder/Desktop/Airflow/Twitter/venv/lib/python3.9/site-packages/airflow/example_dags/plugins/event_listener.py
[2024-01-05T01:27:36.676+0000] {processor.py:183} INFO - Processing /home/eder/Desktop/Airflow/Twitter/venv/lib/python3.9/site-packages/airflow/example_dags/plugins/event_listener.py took 0.023 seconds
[2024-01-05T01:28:30.236+0000] {processor.py:161} INFO - Started process (PID=32948) to work on /home/eder/Desktop/Airflow/Twitter/venv/lib/python3.9/site-packages/airflow/example_dags/plugins/event_listener.py
[2024-01-05T01:28:30.245+0000] {processor.py:830} INFO - Processing file /home/eder/Desktop/Airflow/Twitter/venv/lib/python3.9/site-packages/airflow/example_dags/plugins/event_listener.py for tasks to queue
[2024-01-05T01:28:30.249+0000] {logging_mixin.py:188} INFO - [2024-01-05T01:28:30.249+0000] {dagbag.py:538} INFO - Filling up the DagBag from /home/eder/Desktop/Airflow/Twitter/venv/lib/python3.9/site-packages/airflow/example_dags/plugins/event_listener.py
[2024-01-05T01:28:30.254+0000] {processor.py:842} WARNING - No viable dags retrieved from /home/eder/Desktop/Airflow/Twitter/venv/lib/python3.9/site-packages/airflow/example_dags/plugins/event_listener.py
[2024-01-05T01:28:30.278+0000] {processor.py:183} INFO - Processing /home/eder/Desktop/Airflow/Twitter/venv/lib/python3.9/site-packages/airflow/example_dags/plugins/event_listener.py took 0.052 seconds
[2024-01-05T01:29:25.936+0000] {processor.py:161} INFO - Started process (PID=33103) to work on /home/eder/Desktop/Airflow/Twitter/venv/lib/python3.9/site-packages/airflow/example_dags/plugins/event_listener.py
[2024-01-05T01:29:25.940+0000] {processor.py:830} INFO - Processing file /home/eder/Desktop/Airflow/Twitter/venv/lib/python3.9/site-packages/airflow/example_dags/plugins/event_listener.py for tasks to queue
[2024-01-05T01:29:25.941+0000] {logging_mixin.py:188} INFO - [2024-01-05T01:29:25.941+0000] {dagbag.py:538} INFO - Filling up the DagBag from /home/eder/Desktop/Airflow/Twitter/venv/lib/python3.9/site-packages/airflow/example_dags/plugins/event_listener.py
[2024-01-05T01:29:25.944+0000] {processor.py:842} WARNING - No viable dags retrieved from /home/eder/Desktop/Airflow/Twitter/venv/lib/python3.9/site-packages/airflow/example_dags/plugins/event_listener.py
[2024-01-05T01:29:25.957+0000] {processor.py:183} INFO - Processing /home/eder/Desktop/Airflow/Twitter/venv/lib/python3.9/site-packages/airflow/example_dags/plugins/event_listener.py took 0.022 seconds
[2024-01-05T01:30:17.025+0000] {processor.py:161} INFO - Started process (PID=33198) to work on /home/eder/Desktop/Airflow/Twitter/venv/lib/python3.9/site-packages/airflow/example_dags/plugins/event_listener.py
[2024-01-05T01:30:17.036+0000] {processor.py:830} INFO - Processing file /home/eder/Desktop/Airflow/Twitter/venv/lib/python3.9/site-packages/airflow/example_dags/plugins/event_listener.py for tasks to queue
[2024-01-05T01:30:17.044+0000] {logging_mixin.py:188} INFO - [2024-01-05T01:30:17.041+0000] {dagbag.py:538} INFO - Filling up the DagBag from /home/eder/Desktop/Airflow/Twitter/venv/lib/python3.9/site-packages/airflow/example_dags/plugins/event_listener.py
[2024-01-05T01:30:17.046+0000] {processor.py:842} WARNING - No viable dags retrieved from /home/eder/Desktop/Airflow/Twitter/venv/lib/python3.9/site-packages/airflow/example_dags/plugins/event_listener.py
[2024-01-05T01:30:17.063+0000] {processor.py:183} INFO - Processing /home/eder/Desktop/Airflow/Twitter/venv/lib/python3.9/site-packages/airflow/example_dags/plugins/event_listener.py took 0.043 seconds
[2024-01-05T01:31:04.276+0000] {processor.py:161} INFO - Started process (PID=33337) to work on /home/eder/Desktop/Airflow/Twitter/venv/lib/python3.9/site-packages/airflow/example_dags/plugins/event_listener.py
[2024-01-05T01:31:04.301+0000] {processor.py:830} INFO - Processing file /home/eder/Desktop/Airflow/Twitter/venv/lib/python3.9/site-packages/airflow/example_dags/plugins/event_listener.py for tasks to queue
[2024-01-05T01:31:04.302+0000] {logging_mixin.py:188} INFO - [2024-01-05T01:31:04.302+0000] {dagbag.py:538} INFO - Filling up the DagBag from /home/eder/Desktop/Airflow/Twitter/venv/lib/python3.9/site-packages/airflow/example_dags/plugins/event_listener.py
[2024-01-05T01:31:04.304+0000] {processor.py:842} WARNING - No viable dags retrieved from /home/eder/Desktop/Airflow/Twitter/venv/lib/python3.9/site-packages/airflow/example_dags/plugins/event_listener.py
[2024-01-05T01:31:04.360+0000] {processor.py:183} INFO - Processing /home/eder/Desktop/Airflow/Twitter/venv/lib/python3.9/site-packages/airflow/example_dags/plugins/event_listener.py took 0.103 seconds
[2024-01-05T01:31:57.502+0000] {processor.py:161} INFO - Started process (PID=33494) to work on /home/eder/Desktop/Airflow/Twitter/venv/lib/python3.9/site-packages/airflow/example_dags/plugins/event_listener.py
[2024-01-05T01:31:57.517+0000] {processor.py:830} INFO - Processing file /home/eder/Desktop/Airflow/Twitter/venv/lib/python3.9/site-packages/airflow/example_dags/plugins/event_listener.py for tasks to queue
[2024-01-05T01:31:57.525+0000] {logging_mixin.py:188} INFO - [2024-01-05T01:31:57.522+0000] {dagbag.py:538} INFO - Filling up the DagBag from /home/eder/Desktop/Airflow/Twitter/venv/lib/python3.9/site-packages/airflow/example_dags/plugins/event_listener.py
[2024-01-05T01:31:57.532+0000] {processor.py:842} WARNING - No viable dags retrieved from /home/eder/Desktop/Airflow/Twitter/venv/lib/python3.9/site-packages/airflow/example_dags/plugins/event_listener.py
[2024-01-05T01:31:57.548+0000] {processor.py:183} INFO - Processing /home/eder/Desktop/Airflow/Twitter/venv/lib/python3.9/site-packages/airflow/example_dags/plugins/event_listener.py took 0.048 seconds
[2024-01-05T01:32:51.106+0000] {processor.py:161} INFO - Started process (PID=33770) to work on /home/eder/Desktop/Airflow/Twitter/venv/lib/python3.9/site-packages/airflow/example_dags/plugins/event_listener.py
[2024-01-05T01:32:51.109+0000] {processor.py:830} INFO - Processing file /home/eder/Desktop/Airflow/Twitter/venv/lib/python3.9/site-packages/airflow/example_dags/plugins/event_listener.py for tasks to queue
[2024-01-05T01:32:51.110+0000] {logging_mixin.py:188} INFO - [2024-01-05T01:32:51.109+0000] {dagbag.py:538} INFO - Filling up the DagBag from /home/eder/Desktop/Airflow/Twitter/venv/lib/python3.9/site-packages/airflow/example_dags/plugins/event_listener.py
[2024-01-05T01:32:51.114+0000] {processor.py:842} WARNING - No viable dags retrieved from /home/eder/Desktop/Airflow/Twitter/venv/lib/python3.9/site-packages/airflow/example_dags/plugins/event_listener.py
[2024-01-05T01:32:51.125+0000] {processor.py:183} INFO - Processing /home/eder/Desktop/Airflow/Twitter/venv/lib/python3.9/site-packages/airflow/example_dags/plugins/event_listener.py took 0.021 seconds
[2024-01-05T01:33:40.310+0000] {processor.py:161} INFO - Started process (PID=33919) to work on /home/eder/Desktop/Airflow/Twitter/venv/lib/python3.9/site-packages/airflow/example_dags/plugins/event_listener.py
[2024-01-05T01:33:40.376+0000] {processor.py:830} INFO - Processing file /home/eder/Desktop/Airflow/Twitter/venv/lib/python3.9/site-packages/airflow/example_dags/plugins/event_listener.py for tasks to queue
[2024-01-05T01:33:40.380+0000] {logging_mixin.py:188} INFO - [2024-01-05T01:33:40.380+0000] {dagbag.py:538} INFO - Filling up the DagBag from /home/eder/Desktop/Airflow/Twitter/venv/lib/python3.9/site-packages/airflow/example_dags/plugins/event_listener.py
[2024-01-05T01:33:40.382+0000] {processor.py:842} WARNING - No viable dags retrieved from /home/eder/Desktop/Airflow/Twitter/venv/lib/python3.9/site-packages/airflow/example_dags/plugins/event_listener.py
[2024-01-05T01:33:40.408+0000] {processor.py:183} INFO - Processing /home/eder/Desktop/Airflow/Twitter/venv/lib/python3.9/site-packages/airflow/example_dags/plugins/event_listener.py took 0.103 seconds
[2024-01-05T01:34:34.136+0000] {processor.py:161} INFO - Started process (PID=34094) to work on /home/eder/Desktop/Airflow/Twitter/venv/lib/python3.9/site-packages/airflow/example_dags/plugins/event_listener.py
[2024-01-05T01:34:34.154+0000] {processor.py:830} INFO - Processing file /home/eder/Desktop/Airflow/Twitter/venv/lib/python3.9/site-packages/airflow/example_dags/plugins/event_listener.py for tasks to queue
[2024-01-05T01:34:34.157+0000] {logging_mixin.py:188} INFO - [2024-01-05T01:34:34.156+0000] {dagbag.py:538} INFO - Filling up the DagBag from /home/eder/Desktop/Airflow/Twitter/venv/lib/python3.9/site-packages/airflow/example_dags/plugins/event_listener.py
[2024-01-05T01:34:34.161+0000] {processor.py:842} WARNING - No viable dags retrieved from /home/eder/Desktop/Airflow/Twitter/venv/lib/python3.9/site-packages/airflow/example_dags/plugins/event_listener.py
[2024-01-05T01:34:34.189+0000] {processor.py:183} INFO - Processing /home/eder/Desktop/Airflow/Twitter/venv/lib/python3.9/site-packages/airflow/example_dags/plugins/event_listener.py took 0.059 seconds
[2024-01-05T01:35:31.428+0000] {processor.py:161} INFO - Started process (PID=34256) to work on /home/eder/Desktop/Airflow/Twitter/venv/lib/python3.9/site-packages/airflow/example_dags/plugins/event_listener.py
[2024-01-05T01:35:31.436+0000] {processor.py:830} INFO - Processing file /home/eder/Desktop/Airflow/Twitter/venv/lib/python3.9/site-packages/airflow/example_dags/plugins/event_listener.py for tasks to queue
[2024-01-05T01:35:31.437+0000] {logging_mixin.py:188} INFO - [2024-01-05T01:35:31.436+0000] {dagbag.py:538} INFO - Filling up the DagBag from /home/eder/Desktop/Airflow/Twitter/venv/lib/python3.9/site-packages/airflow/example_dags/plugins/event_listener.py
[2024-01-05T01:35:31.439+0000] {processor.py:842} WARNING - No viable dags retrieved from /home/eder/Desktop/Airflow/Twitter/venv/lib/python3.9/site-packages/airflow/example_dags/plugins/event_listener.py
[2024-01-05T01:35:31.458+0000] {processor.py:183} INFO - Processing /home/eder/Desktop/Airflow/Twitter/venv/lib/python3.9/site-packages/airflow/example_dags/plugins/event_listener.py took 0.033 seconds
[2024-01-05T01:36:22.877+0000] {processor.py:161} INFO - Started process (PID=34424) to work on /home/eder/Desktop/Airflow/Twitter/venv/lib/python3.9/site-packages/airflow/example_dags/plugins/event_listener.py
[2024-01-05T01:36:22.898+0000] {processor.py:830} INFO - Processing file /home/eder/Desktop/Airflow/Twitter/venv/lib/python3.9/site-packages/airflow/example_dags/plugins/event_listener.py for tasks to queue
[2024-01-05T01:36:22.901+0000] {logging_mixin.py:188} INFO - [2024-01-05T01:36:22.901+0000] {dagbag.py:538} INFO - Filling up the DagBag from /home/eder/Desktop/Airflow/Twitter/venv/lib/python3.9/site-packages/airflow/example_dags/plugins/event_listener.py
[2024-01-05T01:36:22.908+0000] {processor.py:842} WARNING - No viable dags retrieved from /home/eder/Desktop/Airflow/Twitter/venv/lib/python3.9/site-packages/airflow/example_dags/plugins/event_listener.py
[2024-01-05T01:36:22.926+0000] {processor.py:183} INFO - Processing /home/eder/Desktop/Airflow/Twitter/venv/lib/python3.9/site-packages/airflow/example_dags/plugins/event_listener.py took 0.053 seconds
[2024-01-05T01:37:16.677+0000] {processor.py:161} INFO - Started process (PID=34580) to work on /home/eder/Desktop/Airflow/Twitter/venv/lib/python3.9/site-packages/airflow/example_dags/plugins/event_listener.py
[2024-01-05T01:37:16.692+0000] {processor.py:830} INFO - Processing file /home/eder/Desktop/Airflow/Twitter/venv/lib/python3.9/site-packages/airflow/example_dags/plugins/event_listener.py for tasks to queue
[2024-01-05T01:37:16.693+0000] {logging_mixin.py:188} INFO - [2024-01-05T01:37:16.693+0000] {dagbag.py:538} INFO - Filling up the DagBag from /home/eder/Desktop/Airflow/Twitter/venv/lib/python3.9/site-packages/airflow/example_dags/plugins/event_listener.py
[2024-01-05T01:37:16.708+0000] {processor.py:842} WARNING - No viable dags retrieved from /home/eder/Desktop/Airflow/Twitter/venv/lib/python3.9/site-packages/airflow/example_dags/plugins/event_listener.py
[2024-01-05T01:37:16.716+0000] {processor.py:183} INFO - Processing /home/eder/Desktop/Airflow/Twitter/venv/lib/python3.9/site-packages/airflow/example_dags/plugins/event_listener.py took 0.042 seconds
[2024-01-05T01:38:07.651+0000] {processor.py:161} INFO - Started process (PID=34859) to work on /home/eder/Desktop/Airflow/Twitter/venv/lib/python3.9/site-packages/airflow/example_dags/plugins/event_listener.py
[2024-01-05T01:38:07.659+0000] {processor.py:830} INFO - Processing file /home/eder/Desktop/Airflow/Twitter/venv/lib/python3.9/site-packages/airflow/example_dags/plugins/event_listener.py for tasks to queue
[2024-01-05T01:38:07.660+0000] {logging_mixin.py:188} INFO - [2024-01-05T01:38:07.659+0000] {dagbag.py:538} INFO - Filling up the DagBag from /home/eder/Desktop/Airflow/Twitter/venv/lib/python3.9/site-packages/airflow/example_dags/plugins/event_listener.py
[2024-01-05T01:38:07.662+0000] {processor.py:842} WARNING - No viable dags retrieved from /home/eder/Desktop/Airflow/Twitter/venv/lib/python3.9/site-packages/airflow/example_dags/plugins/event_listener.py
[2024-01-05T01:38:07.677+0000] {processor.py:183} INFO - Processing /home/eder/Desktop/Airflow/Twitter/venv/lib/python3.9/site-packages/airflow/example_dags/plugins/event_listener.py took 0.028 seconds
[2024-01-05T15:15:50.285+0000] {processor.py:161} INFO - Started process (PID=4544) to work on /home/eder/Desktop/Airflow/Twitter/venv/lib/python3.9/site-packages/airflow/example_dags/plugins/event_listener.py
[2024-01-05T15:15:50.288+0000] {processor.py:830} INFO - Processing file /home/eder/Desktop/Airflow/Twitter/venv/lib/python3.9/site-packages/airflow/example_dags/plugins/event_listener.py for tasks to queue
[2024-01-05T15:15:50.290+0000] {logging_mixin.py:188} INFO - [2024-01-05T15:15:50.289+0000] {dagbag.py:538} INFO - Filling up the DagBag from /home/eder/Desktop/Airflow/Twitter/venv/lib/python3.9/site-packages/airflow/example_dags/plugins/event_listener.py
[2024-01-05T15:15:50.296+0000] {processor.py:842} WARNING - No viable dags retrieved from /home/eder/Desktop/Airflow/Twitter/venv/lib/python3.9/site-packages/airflow/example_dags/plugins/event_listener.py
[2024-01-05T15:15:50.319+0000] {processor.py:183} INFO - Processing /home/eder/Desktop/Airflow/Twitter/venv/lib/python3.9/site-packages/airflow/example_dags/plugins/event_listener.py took 0.038 seconds
[2024-01-05T15:16:48.570+0000] {processor.py:161} INFO - Started process (PID=4683) to work on /home/eder/Desktop/Airflow/Twitter/venv/lib/python3.9/site-packages/airflow/example_dags/plugins/event_listener.py
[2024-01-05T15:16:48.579+0000] {processor.py:830} INFO - Processing file /home/eder/Desktop/Airflow/Twitter/venv/lib/python3.9/site-packages/airflow/example_dags/plugins/event_listener.py for tasks to queue
[2024-01-05T15:16:48.581+0000] {logging_mixin.py:188} INFO - [2024-01-05T15:16:48.580+0000] {dagbag.py:538} INFO - Filling up the DagBag from /home/eder/Desktop/Airflow/Twitter/venv/lib/python3.9/site-packages/airflow/example_dags/plugins/event_listener.py
[2024-01-05T15:16:48.585+0000] {processor.py:842} WARNING - No viable dags retrieved from /home/eder/Desktop/Airflow/Twitter/venv/lib/python3.9/site-packages/airflow/example_dags/plugins/event_listener.py
[2024-01-05T15:16:48.603+0000] {processor.py:183} INFO - Processing /home/eder/Desktop/Airflow/Twitter/venv/lib/python3.9/site-packages/airflow/example_dags/plugins/event_listener.py took 0.038 seconds
[2024-01-05T15:18:18.479+0000] {processor.py:161} INFO - Started process (PID=6024) to work on /home/eder/Desktop/Airflow/Twitter/venv/lib/python3.9/site-packages/airflow/example_dags/plugins/event_listener.py
[2024-01-05T15:18:18.482+0000] {processor.py:830} INFO - Processing file /home/eder/Desktop/Airflow/Twitter/venv/lib/python3.9/site-packages/airflow/example_dags/plugins/event_listener.py for tasks to queue
[2024-01-05T15:18:18.483+0000] {logging_mixin.py:188} INFO - [2024-01-05T15:18:18.483+0000] {dagbag.py:538} INFO - Filling up the DagBag from /home/eder/Desktop/Airflow/Twitter/venv/lib/python3.9/site-packages/airflow/example_dags/plugins/event_listener.py
[2024-01-05T15:18:18.487+0000] {processor.py:842} WARNING - No viable dags retrieved from /home/eder/Desktop/Airflow/Twitter/venv/lib/python3.9/site-packages/airflow/example_dags/plugins/event_listener.py
[2024-01-05T15:18:18.505+0000] {processor.py:183} INFO - Processing /home/eder/Desktop/Airflow/Twitter/venv/lib/python3.9/site-packages/airflow/example_dags/plugins/event_listener.py took 0.033 seconds
[2024-01-05T15:20:13.873+0000] {processor.py:161} INFO - Started process (PID=7552) to work on /home/eder/Desktop/Airflow/Twitter/venv/lib/python3.9/site-packages/airflow/example_dags/plugins/event_listener.py
[2024-01-05T15:20:13.886+0000] {processor.py:830} INFO - Processing file /home/eder/Desktop/Airflow/Twitter/venv/lib/python3.9/site-packages/airflow/example_dags/plugins/event_listener.py for tasks to queue
[2024-01-05T15:20:13.888+0000] {logging_mixin.py:188} INFO - [2024-01-05T15:20:13.888+0000] {dagbag.py:538} INFO - Filling up the DagBag from /home/eder/Desktop/Airflow/Twitter/venv/lib/python3.9/site-packages/airflow/example_dags/plugins/event_listener.py
[2024-01-05T15:20:13.895+0000] {processor.py:842} WARNING - No viable dags retrieved from /home/eder/Desktop/Airflow/Twitter/venv/lib/python3.9/site-packages/airflow/example_dags/plugins/event_listener.py
[2024-01-05T15:20:13.915+0000] {processor.py:183} INFO - Processing /home/eder/Desktop/Airflow/Twitter/venv/lib/python3.9/site-packages/airflow/example_dags/plugins/event_listener.py took 0.044 seconds
[2024-01-05T15:21:09.425+0000] {processor.py:161} INFO - Started process (PID=7754) to work on /home/eder/Desktop/Airflow/Twitter/venv/lib/python3.9/site-packages/airflow/example_dags/plugins/event_listener.py
[2024-01-05T15:21:09.435+0000] {processor.py:830} INFO - Processing file /home/eder/Desktop/Airflow/Twitter/venv/lib/python3.9/site-packages/airflow/example_dags/plugins/event_listener.py for tasks to queue
[2024-01-05T15:21:09.437+0000] {logging_mixin.py:188} INFO - [2024-01-05T15:21:09.436+0000] {dagbag.py:538} INFO - Filling up the DagBag from /home/eder/Desktop/Airflow/Twitter/venv/lib/python3.9/site-packages/airflow/example_dags/plugins/event_listener.py
[2024-01-05T15:21:09.442+0000] {processor.py:842} WARNING - No viable dags retrieved from /home/eder/Desktop/Airflow/Twitter/venv/lib/python3.9/site-packages/airflow/example_dags/plugins/event_listener.py
[2024-01-05T15:21:09.459+0000] {processor.py:183} INFO - Processing /home/eder/Desktop/Airflow/Twitter/venv/lib/python3.9/site-packages/airflow/example_dags/plugins/event_listener.py took 0.039 seconds
[2024-01-05T15:22:01.425+0000] {processor.py:161} INFO - Started process (PID=7892) to work on /home/eder/Desktop/Airflow/Twitter/venv/lib/python3.9/site-packages/airflow/example_dags/plugins/event_listener.py
[2024-01-05T15:22:01.427+0000] {processor.py:830} INFO - Processing file /home/eder/Desktop/Airflow/Twitter/venv/lib/python3.9/site-packages/airflow/example_dags/plugins/event_listener.py for tasks to queue
[2024-01-05T15:22:01.429+0000] {logging_mixin.py:188} INFO - [2024-01-05T15:22:01.428+0000] {dagbag.py:538} INFO - Filling up the DagBag from /home/eder/Desktop/Airflow/Twitter/venv/lib/python3.9/site-packages/airflow/example_dags/plugins/event_listener.py
[2024-01-05T15:22:01.435+0000] {processor.py:842} WARNING - No viable dags retrieved from /home/eder/Desktop/Airflow/Twitter/venv/lib/python3.9/site-packages/airflow/example_dags/plugins/event_listener.py
[2024-01-05T15:22:01.452+0000] {processor.py:183} INFO - Processing /home/eder/Desktop/Airflow/Twitter/venv/lib/python3.9/site-packages/airflow/example_dags/plugins/event_listener.py took 0.032 seconds
[2024-01-05T15:22:56.495+0000] {processor.py:161} INFO - Started process (PID=8035) to work on /home/eder/Desktop/Airflow/Twitter/venv/lib/python3.9/site-packages/airflow/example_dags/plugins/event_listener.py
[2024-01-05T15:22:56.497+0000] {processor.py:830} INFO - Processing file /home/eder/Desktop/Airflow/Twitter/venv/lib/python3.9/site-packages/airflow/example_dags/plugins/event_listener.py for tasks to queue
[2024-01-05T15:22:56.499+0000] {logging_mixin.py:188} INFO - [2024-01-05T15:22:56.498+0000] {dagbag.py:538} INFO - Filling up the DagBag from /home/eder/Desktop/Airflow/Twitter/venv/lib/python3.9/site-packages/airflow/example_dags/plugins/event_listener.py
[2024-01-05T15:22:56.502+0000] {processor.py:842} WARNING - No viable dags retrieved from /home/eder/Desktop/Airflow/Twitter/venv/lib/python3.9/site-packages/airflow/example_dags/plugins/event_listener.py
[2024-01-05T15:22:56.519+0000] {processor.py:183} INFO - Processing /home/eder/Desktop/Airflow/Twitter/venv/lib/python3.9/site-packages/airflow/example_dags/plugins/event_listener.py took 0.029 seconds
[2024-01-05T15:23:46.207+0000] {processor.py:161} INFO - Started process (PID=8173) to work on /home/eder/Desktop/Airflow/Twitter/venv/lib/python3.9/site-packages/airflow/example_dags/plugins/event_listener.py
[2024-01-05T15:23:46.209+0000] {processor.py:830} INFO - Processing file /home/eder/Desktop/Airflow/Twitter/venv/lib/python3.9/site-packages/airflow/example_dags/plugins/event_listener.py for tasks to queue
[2024-01-05T15:23:46.210+0000] {logging_mixin.py:188} INFO - [2024-01-05T15:23:46.210+0000] {dagbag.py:538} INFO - Filling up the DagBag from /home/eder/Desktop/Airflow/Twitter/venv/lib/python3.9/site-packages/airflow/example_dags/plugins/event_listener.py
[2024-01-05T15:23:46.225+0000] {processor.py:842} WARNING - No viable dags retrieved from /home/eder/Desktop/Airflow/Twitter/venv/lib/python3.9/site-packages/airflow/example_dags/plugins/event_listener.py
[2024-01-05T15:23:46.241+0000] {processor.py:183} INFO - Processing /home/eder/Desktop/Airflow/Twitter/venv/lib/python3.9/site-packages/airflow/example_dags/plugins/event_listener.py took 0.038 seconds
[2024-01-05T15:24:39.181+0000] {processor.py:161} INFO - Started process (PID=8268) to work on /home/eder/Desktop/Airflow/Twitter/venv/lib/python3.9/site-packages/airflow/example_dags/plugins/event_listener.py
[2024-01-05T15:24:39.184+0000] {processor.py:830} INFO - Processing file /home/eder/Desktop/Airflow/Twitter/venv/lib/python3.9/site-packages/airflow/example_dags/plugins/event_listener.py for tasks to queue
[2024-01-05T15:24:39.186+0000] {logging_mixin.py:188} INFO - [2024-01-05T15:24:39.185+0000] {dagbag.py:538} INFO - Filling up the DagBag from /home/eder/Desktop/Airflow/Twitter/venv/lib/python3.9/site-packages/airflow/example_dags/plugins/event_listener.py
[2024-01-05T15:24:39.189+0000] {processor.py:842} WARNING - No viable dags retrieved from /home/eder/Desktop/Airflow/Twitter/venv/lib/python3.9/site-packages/airflow/example_dags/plugins/event_listener.py
[2024-01-05T15:24:39.202+0000] {processor.py:183} INFO - Processing /home/eder/Desktop/Airflow/Twitter/venv/lib/python3.9/site-packages/airflow/example_dags/plugins/event_listener.py took 0.027 seconds
[2024-01-05T15:25:31.834+0000] {processor.py:161} INFO - Started process (PID=8383) to work on /home/eder/Desktop/Airflow/Twitter/venv/lib/python3.9/site-packages/airflow/example_dags/plugins/event_listener.py
[2024-01-05T15:25:31.844+0000] {processor.py:830} INFO - Processing file /home/eder/Desktop/Airflow/Twitter/venv/lib/python3.9/site-packages/airflow/example_dags/plugins/event_listener.py for tasks to queue
[2024-01-05T15:25:31.847+0000] {logging_mixin.py:188} INFO - [2024-01-05T15:25:31.846+0000] {dagbag.py:538} INFO - Filling up the DagBag from /home/eder/Desktop/Airflow/Twitter/venv/lib/python3.9/site-packages/airflow/example_dags/plugins/event_listener.py
[2024-01-05T15:25:31.852+0000] {processor.py:842} WARNING - No viable dags retrieved from /home/eder/Desktop/Airflow/Twitter/venv/lib/python3.9/site-packages/airflow/example_dags/plugins/event_listener.py
[2024-01-05T15:25:31.870+0000] {processor.py:183} INFO - Processing /home/eder/Desktop/Airflow/Twitter/venv/lib/python3.9/site-packages/airflow/example_dags/plugins/event_listener.py took 0.042 seconds
[2024-01-05T15:26:21.765+0000] {processor.py:161} INFO - Started process (PID=8577) to work on /home/eder/Desktop/Airflow/Twitter/venv/lib/python3.9/site-packages/airflow/example_dags/plugins/event_listener.py
[2024-01-05T15:26:21.775+0000] {processor.py:830} INFO - Processing file /home/eder/Desktop/Airflow/Twitter/venv/lib/python3.9/site-packages/airflow/example_dags/plugins/event_listener.py for tasks to queue
[2024-01-05T15:26:21.784+0000] {logging_mixin.py:188} INFO - [2024-01-05T15:26:21.781+0000] {dagbag.py:538} INFO - Filling up the DagBag from /home/eder/Desktop/Airflow/Twitter/venv/lib/python3.9/site-packages/airflow/example_dags/plugins/event_listener.py
[2024-01-05T15:26:21.794+0000] {processor.py:842} WARNING - No viable dags retrieved from /home/eder/Desktop/Airflow/Twitter/venv/lib/python3.9/site-packages/airflow/example_dags/plugins/event_listener.py
[2024-01-05T15:26:21.812+0000] {processor.py:183} INFO - Processing /home/eder/Desktop/Airflow/Twitter/venv/lib/python3.9/site-packages/airflow/example_dags/plugins/event_listener.py took 0.051 seconds
[2024-01-05T15:27:11.601+0000] {processor.py:161} INFO - Started process (PID=8782) to work on /home/eder/Desktop/Airflow/Twitter/venv/lib/python3.9/site-packages/airflow/example_dags/plugins/event_listener.py
[2024-01-05T15:27:11.611+0000] {processor.py:830} INFO - Processing file /home/eder/Desktop/Airflow/Twitter/venv/lib/python3.9/site-packages/airflow/example_dags/plugins/event_listener.py for tasks to queue
[2024-01-05T15:27:11.612+0000] {logging_mixin.py:188} INFO - [2024-01-05T15:27:11.612+0000] {dagbag.py:538} INFO - Filling up the DagBag from /home/eder/Desktop/Airflow/Twitter/venv/lib/python3.9/site-packages/airflow/example_dags/plugins/event_listener.py
[2024-01-05T15:27:11.616+0000] {processor.py:842} WARNING - No viable dags retrieved from /home/eder/Desktop/Airflow/Twitter/venv/lib/python3.9/site-packages/airflow/example_dags/plugins/event_listener.py
[2024-01-05T15:27:11.636+0000] {processor.py:183} INFO - Processing /home/eder/Desktop/Airflow/Twitter/venv/lib/python3.9/site-packages/airflow/example_dags/plugins/event_listener.py took 0.039 seconds
[2024-01-05T15:28:01.255+0000] {processor.py:161} INFO - Started process (PID=8914) to work on /home/eder/Desktop/Airflow/Twitter/venv/lib/python3.9/site-packages/airflow/example_dags/plugins/event_listener.py
[2024-01-05T15:28:01.264+0000] {processor.py:830} INFO - Processing file /home/eder/Desktop/Airflow/Twitter/venv/lib/python3.9/site-packages/airflow/example_dags/plugins/event_listener.py for tasks to queue
[2024-01-05T15:28:01.266+0000] {logging_mixin.py:188} INFO - [2024-01-05T15:28:01.265+0000] {dagbag.py:538} INFO - Filling up the DagBag from /home/eder/Desktop/Airflow/Twitter/venv/lib/python3.9/site-packages/airflow/example_dags/plugins/event_listener.py
[2024-01-05T15:28:01.270+0000] {processor.py:842} WARNING - No viable dags retrieved from /home/eder/Desktop/Airflow/Twitter/venv/lib/python3.9/site-packages/airflow/example_dags/plugins/event_listener.py
[2024-01-05T15:28:01.286+0000] {processor.py:183} INFO - Processing /home/eder/Desktop/Airflow/Twitter/venv/lib/python3.9/site-packages/airflow/example_dags/plugins/event_listener.py took 0.036 seconds
[2024-01-05T15:28:51.973+0000] {processor.py:161} INFO - Started process (PID=9052) to work on /home/eder/Desktop/Airflow/Twitter/venv/lib/python3.9/site-packages/airflow/example_dags/plugins/event_listener.py
[2024-01-05T15:28:51.983+0000] {processor.py:830} INFO - Processing file /home/eder/Desktop/Airflow/Twitter/venv/lib/python3.9/site-packages/airflow/example_dags/plugins/event_listener.py for tasks to queue
[2024-01-05T15:28:51.984+0000] {logging_mixin.py:188} INFO - [2024-01-05T15:28:51.984+0000] {dagbag.py:538} INFO - Filling up the DagBag from /home/eder/Desktop/Airflow/Twitter/venv/lib/python3.9/site-packages/airflow/example_dags/plugins/event_listener.py
[2024-01-05T15:28:51.995+0000] {processor.py:842} WARNING - No viable dags retrieved from /home/eder/Desktop/Airflow/Twitter/venv/lib/python3.9/site-packages/airflow/example_dags/plugins/event_listener.py
[2024-01-05T15:28:52.013+0000] {processor.py:183} INFO - Processing /home/eder/Desktop/Airflow/Twitter/venv/lib/python3.9/site-packages/airflow/example_dags/plugins/event_listener.py took 0.044 seconds
[2024-01-05T15:29:45.344+0000] {processor.py:161} INFO - Started process (PID=9319) to work on /home/eder/Desktop/Airflow/Twitter/venv/lib/python3.9/site-packages/airflow/example_dags/plugins/event_listener.py
[2024-01-05T15:29:45.353+0000] {processor.py:830} INFO - Processing file /home/eder/Desktop/Airflow/Twitter/venv/lib/python3.9/site-packages/airflow/example_dags/plugins/event_listener.py for tasks to queue
[2024-01-05T15:29:45.355+0000] {logging_mixin.py:188} INFO - [2024-01-05T15:29:45.354+0000] {dagbag.py:538} INFO - Filling up the DagBag from /home/eder/Desktop/Airflow/Twitter/venv/lib/python3.9/site-packages/airflow/example_dags/plugins/event_listener.py
[2024-01-05T15:29:45.358+0000] {processor.py:842} WARNING - No viable dags retrieved from /home/eder/Desktop/Airflow/Twitter/venv/lib/python3.9/site-packages/airflow/example_dags/plugins/event_listener.py
[2024-01-05T15:29:45.376+0000] {processor.py:183} INFO - Processing /home/eder/Desktop/Airflow/Twitter/venv/lib/python3.9/site-packages/airflow/example_dags/plugins/event_listener.py took 0.038 seconds
[2024-01-05T15:30:38.775+0000] {processor.py:161} INFO - Started process (PID=9464) to work on /home/eder/Desktop/Airflow/Twitter/venv/lib/python3.9/site-packages/airflow/example_dags/plugins/event_listener.py
[2024-01-05T15:30:38.785+0000] {processor.py:830} INFO - Processing file /home/eder/Desktop/Airflow/Twitter/venv/lib/python3.9/site-packages/airflow/example_dags/plugins/event_listener.py for tasks to queue
[2024-01-05T15:30:38.787+0000] {logging_mixin.py:188} INFO - [2024-01-05T15:30:38.787+0000] {dagbag.py:538} INFO - Filling up the DagBag from /home/eder/Desktop/Airflow/Twitter/venv/lib/python3.9/site-packages/airflow/example_dags/plugins/event_listener.py
[2024-01-05T15:30:38.792+0000] {processor.py:842} WARNING - No viable dags retrieved from /home/eder/Desktop/Airflow/Twitter/venv/lib/python3.9/site-packages/airflow/example_dags/plugins/event_listener.py
[2024-01-05T15:30:38.809+0000] {processor.py:183} INFO - Processing /home/eder/Desktop/Airflow/Twitter/venv/lib/python3.9/site-packages/airflow/example_dags/plugins/event_listener.py took 0.040 seconds
[2024-01-05T15:31:29.857+0000] {processor.py:161} INFO - Started process (PID=9595) to work on /home/eder/Desktop/Airflow/Twitter/venv/lib/python3.9/site-packages/airflow/example_dags/plugins/event_listener.py
[2024-01-05T15:31:29.870+0000] {processor.py:830} INFO - Processing file /home/eder/Desktop/Airflow/Twitter/venv/lib/python3.9/site-packages/airflow/example_dags/plugins/event_listener.py for tasks to queue
[2024-01-05T15:31:29.872+0000] {logging_mixin.py:188} INFO - [2024-01-05T15:31:29.871+0000] {dagbag.py:538} INFO - Filling up the DagBag from /home/eder/Desktop/Airflow/Twitter/venv/lib/python3.9/site-packages/airflow/example_dags/plugins/event_listener.py
[2024-01-05T15:31:29.877+0000] {processor.py:842} WARNING - No viable dags retrieved from /home/eder/Desktop/Airflow/Twitter/venv/lib/python3.9/site-packages/airflow/example_dags/plugins/event_listener.py
[2024-01-05T15:31:29.895+0000] {processor.py:183} INFO - Processing /home/eder/Desktop/Airflow/Twitter/venv/lib/python3.9/site-packages/airflow/example_dags/plugins/event_listener.py took 0.038 seconds
[2024-01-05T15:32:21.099+0000] {processor.py:161} INFO - Started process (PID=9792) to work on /home/eder/Desktop/Airflow/Twitter/venv/lib/python3.9/site-packages/airflow/example_dags/plugins/event_listener.py
[2024-01-05T15:32:21.108+0000] {processor.py:830} INFO - Processing file /home/eder/Desktop/Airflow/Twitter/venv/lib/python3.9/site-packages/airflow/example_dags/plugins/event_listener.py for tasks to queue
[2024-01-05T15:32:21.111+0000] {logging_mixin.py:188} INFO - [2024-01-05T15:32:21.110+0000] {dagbag.py:538} INFO - Filling up the DagBag from /home/eder/Desktop/Airflow/Twitter/venv/lib/python3.9/site-packages/airflow/example_dags/plugins/event_listener.py
[2024-01-05T15:32:21.116+0000] {processor.py:842} WARNING - No viable dags retrieved from /home/eder/Desktop/Airflow/Twitter/venv/lib/python3.9/site-packages/airflow/example_dags/plugins/event_listener.py
[2024-01-05T15:32:21.134+0000] {processor.py:183} INFO - Processing /home/eder/Desktop/Airflow/Twitter/venv/lib/python3.9/site-packages/airflow/example_dags/plugins/event_listener.py took 0.042 seconds
[2024-01-05T15:33:09.627+0000] {processor.py:161} INFO - Started process (PID=9931) to work on /home/eder/Desktop/Airflow/Twitter/venv/lib/python3.9/site-packages/airflow/example_dags/plugins/event_listener.py
[2024-01-05T15:33:09.639+0000] {processor.py:830} INFO - Processing file /home/eder/Desktop/Airflow/Twitter/venv/lib/python3.9/site-packages/airflow/example_dags/plugins/event_listener.py for tasks to queue
[2024-01-05T15:33:09.640+0000] {logging_mixin.py:188} INFO - [2024-01-05T15:33:09.639+0000] {dagbag.py:538} INFO - Filling up the DagBag from /home/eder/Desktop/Airflow/Twitter/venv/lib/python3.9/site-packages/airflow/example_dags/plugins/event_listener.py
[2024-01-05T15:33:09.644+0000] {processor.py:842} WARNING - No viable dags retrieved from /home/eder/Desktop/Airflow/Twitter/venv/lib/python3.9/site-packages/airflow/example_dags/plugins/event_listener.py
[2024-01-05T15:33:09.659+0000] {processor.py:183} INFO - Processing /home/eder/Desktop/Airflow/Twitter/venv/lib/python3.9/site-packages/airflow/example_dags/plugins/event_listener.py took 0.036 seconds
[2024-01-05T15:33:59.280+0000] {processor.py:161} INFO - Started process (PID=10067) to work on /home/eder/Desktop/Airflow/Twitter/venv/lib/python3.9/site-packages/airflow/example_dags/plugins/event_listener.py
[2024-01-05T15:33:59.289+0000] {processor.py:830} INFO - Processing file /home/eder/Desktop/Airflow/Twitter/venv/lib/python3.9/site-packages/airflow/example_dags/plugins/event_listener.py for tasks to queue
[2024-01-05T15:33:59.291+0000] {logging_mixin.py:188} INFO - [2024-01-05T15:33:59.290+0000] {dagbag.py:538} INFO - Filling up the DagBag from /home/eder/Desktop/Airflow/Twitter/venv/lib/python3.9/site-packages/airflow/example_dags/plugins/event_listener.py
[2024-01-05T15:33:59.299+0000] {processor.py:842} WARNING - No viable dags retrieved from /home/eder/Desktop/Airflow/Twitter/venv/lib/python3.9/site-packages/airflow/example_dags/plugins/event_listener.py
[2024-01-05T15:33:59.316+0000] {processor.py:183} INFO - Processing /home/eder/Desktop/Airflow/Twitter/venv/lib/python3.9/site-packages/airflow/example_dags/plugins/event_listener.py took 0.041 seconds
[2024-01-05T15:34:49.046+0000] {processor.py:161} INFO - Started process (PID=10199) to work on /home/eder/Desktop/Airflow/Twitter/venv/lib/python3.9/site-packages/airflow/example_dags/plugins/event_listener.py
[2024-01-05T15:34:49.056+0000] {processor.py:830} INFO - Processing file /home/eder/Desktop/Airflow/Twitter/venv/lib/python3.9/site-packages/airflow/example_dags/plugins/event_listener.py for tasks to queue
[2024-01-05T15:34:49.059+0000] {logging_mixin.py:188} INFO - [2024-01-05T15:34:49.057+0000] {dagbag.py:538} INFO - Filling up the DagBag from /home/eder/Desktop/Airflow/Twitter/venv/lib/python3.9/site-packages/airflow/example_dags/plugins/event_listener.py
[2024-01-05T15:34:49.062+0000] {processor.py:842} WARNING - No viable dags retrieved from /home/eder/Desktop/Airflow/Twitter/venv/lib/python3.9/site-packages/airflow/example_dags/plugins/event_listener.py
[2024-01-05T15:34:49.078+0000] {processor.py:183} INFO - Processing /home/eder/Desktop/Airflow/Twitter/venv/lib/python3.9/site-packages/airflow/example_dags/plugins/event_listener.py took 0.037 seconds
[2024-01-05T15:35:39.071+0000] {processor.py:161} INFO - Started process (PID=10393) to work on /home/eder/Desktop/Airflow/Twitter/venv/lib/python3.9/site-packages/airflow/example_dags/plugins/event_listener.py
[2024-01-05T15:35:39.082+0000] {processor.py:830} INFO - Processing file /home/eder/Desktop/Airflow/Twitter/venv/lib/python3.9/site-packages/airflow/example_dags/plugins/event_listener.py for tasks to queue
[2024-01-05T15:35:39.083+0000] {logging_mixin.py:188} INFO - [2024-01-05T15:35:39.083+0000] {dagbag.py:538} INFO - Filling up the DagBag from /home/eder/Desktop/Airflow/Twitter/venv/lib/python3.9/site-packages/airflow/example_dags/plugins/event_listener.py
[2024-01-05T15:35:39.091+0000] {processor.py:842} WARNING - No viable dags retrieved from /home/eder/Desktop/Airflow/Twitter/venv/lib/python3.9/site-packages/airflow/example_dags/plugins/event_listener.py
[2024-01-05T15:35:39.108+0000] {processor.py:183} INFO - Processing /home/eder/Desktop/Airflow/Twitter/venv/lib/python3.9/site-packages/airflow/example_dags/plugins/event_listener.py took 0.047 seconds
[2024-01-05T15:36:32.037+0000] {processor.py:161} INFO - Started process (PID=10594) to work on /home/eder/Desktop/Airflow/Twitter/venv/lib/python3.9/site-packages/airflow/example_dags/plugins/event_listener.py
[2024-01-05T15:36:32.049+0000] {processor.py:830} INFO - Processing file /home/eder/Desktop/Airflow/Twitter/venv/lib/python3.9/site-packages/airflow/example_dags/plugins/event_listener.py for tasks to queue
[2024-01-05T15:36:32.051+0000] {logging_mixin.py:188} INFO - [2024-01-05T15:36:32.050+0000] {dagbag.py:538} INFO - Filling up the DagBag from /home/eder/Desktop/Airflow/Twitter/venv/lib/python3.9/site-packages/airflow/example_dags/plugins/event_listener.py
[2024-01-05T15:36:32.055+0000] {processor.py:842} WARNING - No viable dags retrieved from /home/eder/Desktop/Airflow/Twitter/venv/lib/python3.9/site-packages/airflow/example_dags/plugins/event_listener.py
[2024-01-05T15:36:32.073+0000] {processor.py:183} INFO - Processing /home/eder/Desktop/Airflow/Twitter/venv/lib/python3.9/site-packages/airflow/example_dags/plugins/event_listener.py took 0.037 seconds
[2024-01-05T15:37:25.276+0000] {processor.py:161} INFO - Started process (PID=10731) to work on /home/eder/Desktop/Airflow/Twitter/venv/lib/python3.9/site-packages/airflow/example_dags/plugins/event_listener.py
[2024-01-05T15:37:25.295+0000] {processor.py:830} INFO - Processing file /home/eder/Desktop/Airflow/Twitter/venv/lib/python3.9/site-packages/airflow/example_dags/plugins/event_listener.py for tasks to queue
[2024-01-05T15:37:25.297+0000] {logging_mixin.py:188} INFO - [2024-01-05T15:37:25.296+0000] {dagbag.py:538} INFO - Filling up the DagBag from /home/eder/Desktop/Airflow/Twitter/venv/lib/python3.9/site-packages/airflow/example_dags/plugins/event_listener.py
[2024-01-05T15:37:25.301+0000] {processor.py:842} WARNING - No viable dags retrieved from /home/eder/Desktop/Airflow/Twitter/venv/lib/python3.9/site-packages/airflow/example_dags/plugins/event_listener.py
[2024-01-05T15:37:25.315+0000] {processor.py:183} INFO - Processing /home/eder/Desktop/Airflow/Twitter/venv/lib/python3.9/site-packages/airflow/example_dags/plugins/event_listener.py took 0.044 seconds
[2024-01-05T15:38:13.547+0000] {processor.py:161} INFO - Started process (PID=10861) to work on /home/eder/Desktop/Airflow/Twitter/venv/lib/python3.9/site-packages/airflow/example_dags/plugins/event_listener.py
[2024-01-05T15:38:13.550+0000] {processor.py:830} INFO - Processing file /home/eder/Desktop/Airflow/Twitter/venv/lib/python3.9/site-packages/airflow/example_dags/plugins/event_listener.py for tasks to queue
[2024-01-05T15:38:13.552+0000] {logging_mixin.py:188} INFO - [2024-01-05T15:38:13.552+0000] {dagbag.py:538} INFO - Filling up the DagBag from /home/eder/Desktop/Airflow/Twitter/venv/lib/python3.9/site-packages/airflow/example_dags/plugins/event_listener.py
[2024-01-05T15:38:13.556+0000] {processor.py:842} WARNING - No viable dags retrieved from /home/eder/Desktop/Airflow/Twitter/venv/lib/python3.9/site-packages/airflow/example_dags/plugins/event_listener.py
[2024-01-05T15:38:13.571+0000] {processor.py:183} INFO - Processing /home/eder/Desktop/Airflow/Twitter/venv/lib/python3.9/site-packages/airflow/example_dags/plugins/event_listener.py took 0.031 seconds
[2024-01-05T15:39:01.588+0000] {processor.py:161} INFO - Started process (PID=10996) to work on /home/eder/Desktop/Airflow/Twitter/venv/lib/python3.9/site-packages/airflow/example_dags/plugins/event_listener.py
[2024-01-05T15:39:01.591+0000] {processor.py:830} INFO - Processing file /home/eder/Desktop/Airflow/Twitter/venv/lib/python3.9/site-packages/airflow/example_dags/plugins/event_listener.py for tasks to queue
[2024-01-05T15:39:01.592+0000] {logging_mixin.py:188} INFO - [2024-01-05T15:39:01.591+0000] {dagbag.py:538} INFO - Filling up the DagBag from /home/eder/Desktop/Airflow/Twitter/venv/lib/python3.9/site-packages/airflow/example_dags/plugins/event_listener.py
[2024-01-05T15:39:01.596+0000] {processor.py:842} WARNING - No viable dags retrieved from /home/eder/Desktop/Airflow/Twitter/venv/lib/python3.9/site-packages/airflow/example_dags/plugins/event_listener.py
[2024-01-05T15:39:01.610+0000] {processor.py:183} INFO - Processing /home/eder/Desktop/Airflow/Twitter/venv/lib/python3.9/site-packages/airflow/example_dags/plugins/event_listener.py took 0.029 seconds
                                                                                                                                                                                                                                                                                                                                                                                                                                                                                                                                                                                                                                                                                                                                                                                                                                                                                                                                                                                                                                                                                                                          [2024-01-05T16:31:18.851+0000] {processor.py:161} INFO - Started process (PID=4370) to work on /home/eder/Desktop/Airflow/Twitter/venv/lib/python3.9/site-packages/airflow/example_dags/plugins/event_listener.py
[2024-01-05T16:31:18.861+0000] {processor.py:830} INFO - Processing file /home/eder/Desktop/Airflow/Twitter/venv/lib/python3.9/site-packages/airflow/example_dags/plugins/event_listener.py for tasks to queue
[2024-01-05T16:31:18.862+0000] {logging_mixin.py:188} INFO - [2024-01-05T16:31:18.861+0000] {dagbag.py:538} INFO - Filling up the DagBag from /home/eder/Desktop/Airflow/Twitter/venv/lib/python3.9/site-packages/airflow/example_dags/plugins/event_listener.py
[2024-01-05T16:31:18.864+0000] {processor.py:842} WARNING - No viable dags retrieved from /home/eder/Desktop/Airflow/Twitter/venv/lib/python3.9/site-packages/airflow/example_dags/plugins/event_listener.py
[2024-01-05T16:31:18.872+0000] {processor.py:183} INFO - Processing /home/eder/Desktop/Airflow/Twitter/venv/lib/python3.9/site-packages/airflow/example_dags/plugins/event_listener.py took 0.024 seconds
[2024-01-05T16:32:23.039+0000] {processor.py:161} INFO - Started process (PID=5452) to work on /home/eder/Desktop/Airflow/Twitter/venv/lib/python3.9/site-packages/airflow/example_dags/plugins/event_listener.py
[2024-01-05T16:32:23.063+0000] {processor.py:830} INFO - Processing file /home/eder/Desktop/Airflow/Twitter/venv/lib/python3.9/site-packages/airflow/example_dags/plugins/event_listener.py for tasks to queue
[2024-01-05T16:32:23.063+0000] {logging_mixin.py:188} INFO - [2024-01-05T16:32:23.063+0000] {dagbag.py:538} INFO - Filling up the DagBag from /home/eder/Desktop/Airflow/Twitter/venv/lib/python3.9/site-packages/airflow/example_dags/plugins/event_listener.py
[2024-01-05T16:32:23.068+0000] {processor.py:842} WARNING - No viable dags retrieved from /home/eder/Desktop/Airflow/Twitter/venv/lib/python3.9/site-packages/airflow/example_dags/plugins/event_listener.py
[2024-01-05T16:32:23.087+0000] {processor.py:183} INFO - Processing /home/eder/Desktop/Airflow/Twitter/venv/lib/python3.9/site-packages/airflow/example_dags/plugins/event_listener.py took 0.051 seconds
[2024-01-05T16:33:44.829+0000] {processor.py:161} INFO - Started process (PID=6197) to work on /home/eder/Desktop/Airflow/Twitter/venv/lib/python3.9/site-packages/airflow/example_dags/plugins/event_listener.py
[2024-01-05T16:33:44.831+0000] {processor.py:830} INFO - Processing file /home/eder/Desktop/Airflow/Twitter/venv/lib/python3.9/site-packages/airflow/example_dags/plugins/event_listener.py for tasks to queue
[2024-01-05T16:33:44.835+0000] {logging_mixin.py:188} INFO - [2024-01-05T16:33:44.834+0000] {dagbag.py:538} INFO - Filling up the DagBag from /home/eder/Desktop/Airflow/Twitter/venv/lib/python3.9/site-packages/airflow/example_dags/plugins/event_listener.py
[2024-01-05T16:33:44.843+0000] {processor.py:842} WARNING - No viable dags retrieved from /home/eder/Desktop/Airflow/Twitter/venv/lib/python3.9/site-packages/airflow/example_dags/plugins/event_listener.py
[2024-01-05T16:33:44.864+0000] {processor.py:183} INFO - Processing /home/eder/Desktop/Airflow/Twitter/venv/lib/python3.9/site-packages/airflow/example_dags/plugins/event_listener.py took 0.038 seconds
[2024-01-05T16:38:18.733+0000] {processor.py:161} INFO - Started process (PID=7067) to work on /home/eder/Desktop/Airflow/Twitter/venv/lib/python3.9/site-packages/airflow/example_dags/plugins/event_listener.py
[2024-01-05T16:38:18.735+0000] {processor.py:830} INFO - Processing file /home/eder/Desktop/Airflow/Twitter/venv/lib/python3.9/site-packages/airflow/example_dags/plugins/event_listener.py for tasks to queue
[2024-01-05T16:38:18.736+0000] {logging_mixin.py:188} INFO - [2024-01-05T16:38:18.736+0000] {dagbag.py:538} INFO - Filling up the DagBag from /home/eder/Desktop/Airflow/Twitter/venv/lib/python3.9/site-packages/airflow/example_dags/plugins/event_listener.py
[2024-01-05T16:38:18.738+0000] {processor.py:842} WARNING - No viable dags retrieved from /home/eder/Desktop/Airflow/Twitter/venv/lib/python3.9/site-packages/airflow/example_dags/plugins/event_listener.py
[2024-01-05T16:38:18.746+0000] {processor.py:183} INFO - Processing /home/eder/Desktop/Airflow/Twitter/venv/lib/python3.9/site-packages/airflow/example_dags/plugins/event_listener.py took 0.015 seconds
[2024-01-05T16:39:10.331+0000] {processor.py:161} INFO - Started process (PID=7209) to work on /home/eder/Desktop/Airflow/Twitter/venv/lib/python3.9/site-packages/airflow/example_dags/plugins/event_listener.py
[2024-01-05T16:39:10.333+0000] {processor.py:830} INFO - Processing file /home/eder/Desktop/Airflow/Twitter/venv/lib/python3.9/site-packages/airflow/example_dags/plugins/event_listener.py for tasks to queue
[2024-01-05T16:39:10.333+0000] {logging_mixin.py:188} INFO - [2024-01-05T16:39:10.333+0000] {dagbag.py:538} INFO - Filling up the DagBag from /home/eder/Desktop/Airflow/Twitter/venv/lib/python3.9/site-packages/airflow/example_dags/plugins/event_listener.py
[2024-01-05T16:39:10.335+0000] {processor.py:842} WARNING - No viable dags retrieved from /home/eder/Desktop/Airflow/Twitter/venv/lib/python3.9/site-packages/airflow/example_dags/plugins/event_listener.py
[2024-01-05T16:39:10.344+0000] {processor.py:183} INFO - Processing /home/eder/Desktop/Airflow/Twitter/venv/lib/python3.9/site-packages/airflow/example_dags/plugins/event_listener.py took 0.017 seconds
[2024-01-05T16:40:10.357+0000] {processor.py:161} INFO - Started process (PID=7681) to work on /home/eder/Desktop/Airflow/Twitter/venv/lib/python3.9/site-packages/airflow/example_dags/plugins/event_listener.py
[2024-01-05T16:40:10.362+0000] {processor.py:830} INFO - Processing file /home/eder/Desktop/Airflow/Twitter/venv/lib/python3.9/site-packages/airflow/example_dags/plugins/event_listener.py for tasks to queue
[2024-01-05T16:40:10.362+0000] {logging_mixin.py:188} INFO - [2024-01-05T16:40:10.362+0000] {dagbag.py:538} INFO - Filling up the DagBag from /home/eder/Desktop/Airflow/Twitter/venv/lib/python3.9/site-packages/airflow/example_dags/plugins/event_listener.py
[2024-01-05T16:40:10.371+0000] {processor.py:842} WARNING - No viable dags retrieved from /home/eder/Desktop/Airflow/Twitter/venv/lib/python3.9/site-packages/airflow/example_dags/plugins/event_listener.py
[2024-01-05T16:40:10.390+0000] {processor.py:183} INFO - Processing /home/eder/Desktop/Airflow/Twitter/venv/lib/python3.9/site-packages/airflow/example_dags/plugins/event_listener.py took 0.033 seconds
[2024-01-05T16:41:01.583+0000] {processor.py:161} INFO - Started process (PID=7771) to work on /home/eder/Desktop/Airflow/Twitter/venv/lib/python3.9/site-packages/airflow/example_dags/plugins/event_listener.py
[2024-01-05T16:41:01.586+0000] {processor.py:830} INFO - Processing file /home/eder/Desktop/Airflow/Twitter/venv/lib/python3.9/site-packages/airflow/example_dags/plugins/event_listener.py for tasks to queue
[2024-01-05T16:41:01.587+0000] {logging_mixin.py:188} INFO - [2024-01-05T16:41:01.587+0000] {dagbag.py:538} INFO - Filling up the DagBag from /home/eder/Desktop/Airflow/Twitter/venv/lib/python3.9/site-packages/airflow/example_dags/plugins/event_listener.py
[2024-01-05T16:41:01.590+0000] {processor.py:842} WARNING - No viable dags retrieved from /home/eder/Desktop/Airflow/Twitter/venv/lib/python3.9/site-packages/airflow/example_dags/plugins/event_listener.py
[2024-01-05T16:41:01.604+0000] {processor.py:183} INFO - Processing /home/eder/Desktop/Airflow/Twitter/venv/lib/python3.9/site-packages/airflow/example_dags/plugins/event_listener.py took 0.024 seconds
[2024-01-05T16:41:56.367+0000] {processor.py:161} INFO - Started process (PID=7944) to work on /home/eder/Desktop/Airflow/Twitter/venv/lib/python3.9/site-packages/airflow/example_dags/plugins/event_listener.py
[2024-01-05T16:41:56.385+0000] {processor.py:830} INFO - Processing file /home/eder/Desktop/Airflow/Twitter/venv/lib/python3.9/site-packages/airflow/example_dags/plugins/event_listener.py for tasks to queue
[2024-01-05T16:41:56.387+0000] {logging_mixin.py:188} INFO - [2024-01-05T16:41:56.386+0000] {dagbag.py:538} INFO - Filling up the DagBag from /home/eder/Desktop/Airflow/Twitter/venv/lib/python3.9/site-packages/airflow/example_dags/plugins/event_listener.py
[2024-01-05T16:41:56.392+0000] {processor.py:842} WARNING - No viable dags retrieved from /home/eder/Desktop/Airflow/Twitter/venv/lib/python3.9/site-packages/airflow/example_dags/plugins/event_listener.py
[2024-01-05T16:41:56.407+0000] {processor.py:183} INFO - Processing /home/eder/Desktop/Airflow/Twitter/venv/lib/python3.9/site-packages/airflow/example_dags/plugins/event_listener.py took 0.046 seconds
[2024-01-05T16:42:51.879+0000] {processor.py:161} INFO - Started process (PID=8105) to work on /home/eder/Desktop/Airflow/Twitter/venv/lib/python3.9/site-packages/airflow/example_dags/plugins/event_listener.py
[2024-01-05T16:42:51.892+0000] {processor.py:830} INFO - Processing file /home/eder/Desktop/Airflow/Twitter/venv/lib/python3.9/site-packages/airflow/example_dags/plugins/event_listener.py for tasks to queue
[2024-01-05T16:42:51.893+0000] {logging_mixin.py:188} INFO - [2024-01-05T16:42:51.892+0000] {dagbag.py:538} INFO - Filling up the DagBag from /home/eder/Desktop/Airflow/Twitter/venv/lib/python3.9/site-packages/airflow/example_dags/plugins/event_listener.py
[2024-01-05T16:42:51.895+0000] {processor.py:842} WARNING - No viable dags retrieved from /home/eder/Desktop/Airflow/Twitter/venv/lib/python3.9/site-packages/airflow/example_dags/plugins/event_listener.py
[2024-01-05T16:42:51.912+0000] {processor.py:183} INFO - Processing /home/eder/Desktop/Airflow/Twitter/venv/lib/python3.9/site-packages/airflow/example_dags/plugins/event_listener.py took 0.037 seconds
[2024-01-05T16:43:45.648+0000] {processor.py:161} INFO - Started process (PID=8383) to work on /home/eder/Desktop/Airflow/Twitter/venv/lib/python3.9/site-packages/airflow/example_dags/plugins/event_listener.py
[2024-01-05T16:43:45.672+0000] {processor.py:830} INFO - Processing file /home/eder/Desktop/Airflow/Twitter/venv/lib/python3.9/site-packages/airflow/example_dags/plugins/event_listener.py for tasks to queue
[2024-01-05T16:43:45.674+0000] {logging_mixin.py:188} INFO - [2024-01-05T16:43:45.672+0000] {dagbag.py:538} INFO - Filling up the DagBag from /home/eder/Desktop/Airflow/Twitter/venv/lib/python3.9/site-packages/airflow/example_dags/plugins/event_listener.py
[2024-01-05T16:43:45.676+0000] {processor.py:842} WARNING - No viable dags retrieved from /home/eder/Desktop/Airflow/Twitter/venv/lib/python3.9/site-packages/airflow/example_dags/plugins/event_listener.py
[2024-01-05T16:43:45.689+0000] {processor.py:183} INFO - Processing /home/eder/Desktop/Airflow/Twitter/venv/lib/python3.9/site-packages/airflow/example_dags/plugins/event_listener.py took 0.046 seconds
[2024-01-05T16:45:04.741+0000] {processor.py:161} INFO - Started process (PID=9049) to work on /home/eder/Desktop/Airflow/Twitter/venv/lib/python3.9/site-packages/airflow/example_dags/plugins/event_listener.py
[2024-01-05T16:45:04.743+0000] {processor.py:830} INFO - Processing file /home/eder/Desktop/Airflow/Twitter/venv/lib/python3.9/site-packages/airflow/example_dags/plugins/event_listener.py for tasks to queue
[2024-01-05T16:45:04.747+0000] {logging_mixin.py:188} INFO - [2024-01-05T16:45:04.744+0000] {dagbag.py:538} INFO - Filling up the DagBag from /home/eder/Desktop/Airflow/Twitter/venv/lib/python3.9/site-packages/airflow/example_dags/plugins/event_listener.py
[2024-01-05T16:45:04.751+0000] {processor.py:842} WARNING - No viable dags retrieved from /home/eder/Desktop/Airflow/Twitter/venv/lib/python3.9/site-packages/airflow/example_dags/plugins/event_listener.py
[2024-01-05T16:45:04.784+0000] {processor.py:183} INFO - Processing /home/eder/Desktop/Airflow/Twitter/venv/lib/python3.9/site-packages/airflow/example_dags/plugins/event_listener.py took 0.046 seconds
[2024-01-05T16:52:25.112+0000] {processor.py:161} INFO - Started process (PID=16487) to work on /home/eder/Desktop/Airflow/Twitter/venv/lib/python3.9/site-packages/airflow/example_dags/plugins/event_listener.py
[2024-01-05T16:52:25.147+0000] {processor.py:830} INFO - Processing file /home/eder/Desktop/Airflow/Twitter/venv/lib/python3.9/site-packages/airflow/example_dags/plugins/event_listener.py for tasks to queue
[2024-01-05T16:52:25.151+0000] {logging_mixin.py:188} INFO - [2024-01-05T16:52:25.150+0000] {dagbag.py:538} INFO - Filling up the DagBag from /home/eder/Desktop/Airflow/Twitter/venv/lib/python3.9/site-packages/airflow/example_dags/plugins/event_listener.py
[2024-01-05T16:52:25.154+0000] {processor.py:842} WARNING - No viable dags retrieved from /home/eder/Desktop/Airflow/Twitter/venv/lib/python3.9/site-packages/airflow/example_dags/plugins/event_listener.py
[2024-01-05T16:52:25.179+0000] {processor.py:183} INFO - Processing /home/eder/Desktop/Airflow/Twitter/venv/lib/python3.9/site-packages/airflow/example_dags/plugins/event_listener.py took 0.071 seconds
[2024-01-05T16:53:27.591+0000] {processor.py:161} INFO - Started process (PID=16664) to work on /home/eder/Desktop/Airflow/Twitter/venv/lib/python3.9/site-packages/airflow/example_dags/plugins/event_listener.py
[2024-01-05T16:53:27.598+0000] {processor.py:830} INFO - Processing file /home/eder/Desktop/Airflow/Twitter/venv/lib/python3.9/site-packages/airflow/example_dags/plugins/event_listener.py for tasks to queue
[2024-01-05T16:53:27.599+0000] {logging_mixin.py:188} INFO - [2024-01-05T16:53:27.599+0000] {dagbag.py:538} INFO - Filling up the DagBag from /home/eder/Desktop/Airflow/Twitter/venv/lib/python3.9/site-packages/airflow/example_dags/plugins/event_listener.py
[2024-01-05T16:53:27.604+0000] {processor.py:842} WARNING - No viable dags retrieved from /home/eder/Desktop/Airflow/Twitter/venv/lib/python3.9/site-packages/airflow/example_dags/plugins/event_listener.py
[2024-01-05T16:53:27.631+0000] {processor.py:183} INFO - Processing /home/eder/Desktop/Airflow/Twitter/venv/lib/python3.9/site-packages/airflow/example_dags/plugins/event_listener.py took 0.045 seconds
[2024-01-05T16:54:24.731+0000] {processor.py:161} INFO - Started process (PID=16886) to work on /home/eder/Desktop/Airflow/Twitter/venv/lib/python3.9/site-packages/airflow/example_dags/plugins/event_listener.py
[2024-01-05T16:54:24.757+0000] {processor.py:830} INFO - Processing file /home/eder/Desktop/Airflow/Twitter/venv/lib/python3.9/site-packages/airflow/example_dags/plugins/event_listener.py for tasks to queue
[2024-01-05T16:54:24.759+0000] {logging_mixin.py:188} INFO - [2024-01-05T16:54:24.758+0000] {dagbag.py:538} INFO - Filling up the DagBag from /home/eder/Desktop/Airflow/Twitter/venv/lib/python3.9/site-packages/airflow/example_dags/plugins/event_listener.py
[2024-01-05T16:54:24.763+0000] {processor.py:842} WARNING - No viable dags retrieved from /home/eder/Desktop/Airflow/Twitter/venv/lib/python3.9/site-packages/airflow/example_dags/plugins/event_listener.py
[2024-01-05T16:54:24.789+0000] {processor.py:183} INFO - Processing /home/eder/Desktop/Airflow/Twitter/venv/lib/python3.9/site-packages/airflow/example_dags/plugins/event_listener.py took 0.066 seconds
[2024-01-05T16:55:18.411+0000] {processor.py:161} INFO - Started process (PID=17058) to work on /home/eder/Desktop/Airflow/Twitter/venv/lib/python3.9/site-packages/airflow/example_dags/plugins/event_listener.py
[2024-01-05T16:55:18.427+0000] {processor.py:830} INFO - Processing file /home/eder/Desktop/Airflow/Twitter/venv/lib/python3.9/site-packages/airflow/example_dags/plugins/event_listener.py for tasks to queue
[2024-01-05T16:55:18.427+0000] {logging_mixin.py:188} INFO - [2024-01-05T16:55:18.427+0000] {dagbag.py:538} INFO - Filling up the DagBag from /home/eder/Desktop/Airflow/Twitter/venv/lib/python3.9/site-packages/airflow/example_dags/plugins/event_listener.py
[2024-01-05T16:55:18.431+0000] {processor.py:842} WARNING - No viable dags retrieved from /home/eder/Desktop/Airflow/Twitter/venv/lib/python3.9/site-packages/airflow/example_dags/plugins/event_listener.py
[2024-01-05T16:55:18.455+0000] {processor.py:183} INFO - Processing /home/eder/Desktop/Airflow/Twitter/venv/lib/python3.9/site-packages/airflow/example_dags/plugins/event_listener.py took 0.048 seconds
[2024-01-05T16:56:18.144+0000] {processor.py:161} INFO - Started process (PID=17218) to work on /home/eder/Desktop/Airflow/Twitter/venv/lib/python3.9/site-packages/airflow/example_dags/plugins/event_listener.py
[2024-01-05T16:56:18.168+0000] {processor.py:830} INFO - Processing file /home/eder/Desktop/Airflow/Twitter/venv/lib/python3.9/site-packages/airflow/example_dags/plugins/event_listener.py for tasks to queue
[2024-01-05T16:56:18.173+0000] {logging_mixin.py:188} INFO - [2024-01-05T16:56:18.173+0000] {dagbag.py:538} INFO - Filling up the DagBag from /home/eder/Desktop/Airflow/Twitter/venv/lib/python3.9/site-packages/airflow/example_dags/plugins/event_listener.py
[2024-01-05T16:56:18.192+0000] {processor.py:842} WARNING - No viable dags retrieved from /home/eder/Desktop/Airflow/Twitter/venv/lib/python3.9/site-packages/airflow/example_dags/plugins/event_listener.py
[2024-01-05T16:56:18.212+0000] {processor.py:183} INFO - Processing /home/eder/Desktop/Airflow/Twitter/venv/lib/python3.9/site-packages/airflow/example_dags/plugins/event_listener.py took 0.073 seconds
[2024-01-05T16:57:23.363+0000] {processor.py:161} INFO - Started process (PID=17406) to work on /home/eder/Desktop/Airflow/Twitter/venv/lib/python3.9/site-packages/airflow/example_dags/plugins/event_listener.py
[2024-01-05T16:57:23.365+0000] {processor.py:830} INFO - Processing file /home/eder/Desktop/Airflow/Twitter/venv/lib/python3.9/site-packages/airflow/example_dags/plugins/event_listener.py for tasks to queue
[2024-01-05T16:57:23.366+0000] {logging_mixin.py:188} INFO - [2024-01-05T16:57:23.366+0000] {dagbag.py:538} INFO - Filling up the DagBag from /home/eder/Desktop/Airflow/Twitter/venv/lib/python3.9/site-packages/airflow/example_dags/plugins/event_listener.py
[2024-01-05T16:57:23.372+0000] {processor.py:842} WARNING - No viable dags retrieved from /home/eder/Desktop/Airflow/Twitter/venv/lib/python3.9/site-packages/airflow/example_dags/plugins/event_listener.py
[2024-01-05T16:57:23.384+0000] {processor.py:183} INFO - Processing /home/eder/Desktop/Airflow/Twitter/venv/lib/python3.9/site-packages/airflow/example_dags/plugins/event_listener.py took 0.024 seconds
[2024-01-05T16:58:21.791+0000] {processor.py:161} INFO - Started process (PID=17571) to work on /home/eder/Desktop/Airflow/Twitter/venv/lib/python3.9/site-packages/airflow/example_dags/plugins/event_listener.py
[2024-01-05T16:58:21.799+0000] {processor.py:830} INFO - Processing file /home/eder/Desktop/Airflow/Twitter/venv/lib/python3.9/site-packages/airflow/example_dags/plugins/event_listener.py for tasks to queue
[2024-01-05T16:58:21.801+0000] {logging_mixin.py:188} INFO - [2024-01-05T16:58:21.800+0000] {dagbag.py:538} INFO - Filling up the DagBag from /home/eder/Desktop/Airflow/Twitter/venv/lib/python3.9/site-packages/airflow/example_dags/plugins/event_listener.py
[2024-01-05T16:58:21.803+0000] {processor.py:842} WARNING - No viable dags retrieved from /home/eder/Desktop/Airflow/Twitter/venv/lib/python3.9/site-packages/airflow/example_dags/plugins/event_listener.py
[2024-01-05T16:58:21.812+0000] {processor.py:183} INFO - Processing /home/eder/Desktop/Airflow/Twitter/venv/lib/python3.9/site-packages/airflow/example_dags/plugins/event_listener.py took 0.023 seconds
[2024-01-05T16:59:23.924+0000] {processor.py:161} INFO - Started process (PID=17797) to work on /home/eder/Desktop/Airflow/Twitter/venv/lib/python3.9/site-packages/airflow/example_dags/plugins/event_listener.py
[2024-01-05T16:59:23.943+0000] {processor.py:830} INFO - Processing file /home/eder/Desktop/Airflow/Twitter/venv/lib/python3.9/site-packages/airflow/example_dags/plugins/event_listener.py for tasks to queue
[2024-01-05T16:59:23.944+0000] {logging_mixin.py:188} INFO - [2024-01-05T16:59:23.944+0000] {dagbag.py:538} INFO - Filling up the DagBag from /home/eder/Desktop/Airflow/Twitter/venv/lib/python3.9/site-packages/airflow/example_dags/plugins/event_listener.py
[2024-01-05T16:59:23.948+0000] {processor.py:842} WARNING - No viable dags retrieved from /home/eder/Desktop/Airflow/Twitter/venv/lib/python3.9/site-packages/airflow/example_dags/plugins/event_listener.py
[2024-01-05T16:59:23.964+0000] {processor.py:183} INFO - Processing /home/eder/Desktop/Airflow/Twitter/venv/lib/python3.9/site-packages/airflow/example_dags/plugins/event_listener.py took 0.042 seconds
[2024-01-05T17:00:28.142+0000] {processor.py:161} INFO - Started process (PID=17966) to work on /home/eder/Desktop/Airflow/Twitter/venv/lib/python3.9/site-packages/airflow/example_dags/plugins/event_listener.py
[2024-01-05T17:00:28.163+0000] {processor.py:830} INFO - Processing file /home/eder/Desktop/Airflow/Twitter/venv/lib/python3.9/site-packages/airflow/example_dags/plugins/event_listener.py for tasks to queue
[2024-01-05T17:00:28.168+0000] {logging_mixin.py:188} INFO - [2024-01-05T17:00:28.167+0000] {dagbag.py:538} INFO - Filling up the DagBag from /home/eder/Desktop/Airflow/Twitter/venv/lib/python3.9/site-packages/airflow/example_dags/plugins/event_listener.py
[2024-01-05T17:00:28.175+0000] {processor.py:842} WARNING - No viable dags retrieved from /home/eder/Desktop/Airflow/Twitter/venv/lib/python3.9/site-packages/airflow/example_dags/plugins/event_listener.py
[2024-01-05T17:00:28.198+0000] {processor.py:183} INFO - Processing /home/eder/Desktop/Airflow/Twitter/venv/lib/python3.9/site-packages/airflow/example_dags/plugins/event_listener.py took 0.063 seconds
[2024-01-05T17:01:32.784+0000] {processor.py:161} INFO - Started process (PID=18155) to work on /home/eder/Desktop/Airflow/Twitter/venv/lib/python3.9/site-packages/airflow/example_dags/plugins/event_listener.py
[2024-01-05T17:01:32.793+0000] {processor.py:830} INFO - Processing file /home/eder/Desktop/Airflow/Twitter/venv/lib/python3.9/site-packages/airflow/example_dags/plugins/event_listener.py for tasks to queue
[2024-01-05T17:01:32.795+0000] {logging_mixin.py:188} INFO - [2024-01-05T17:01:32.795+0000] {dagbag.py:538} INFO - Filling up the DagBag from /home/eder/Desktop/Airflow/Twitter/venv/lib/python3.9/site-packages/airflow/example_dags/plugins/event_listener.py
[2024-01-05T17:01:32.798+0000] {processor.py:842} WARNING - No viable dags retrieved from /home/eder/Desktop/Airflow/Twitter/venv/lib/python3.9/site-packages/airflow/example_dags/plugins/event_listener.py
[2024-01-05T17:01:32.809+0000] {processor.py:183} INFO - Processing /home/eder/Desktop/Airflow/Twitter/venv/lib/python3.9/site-packages/airflow/example_dags/plugins/event_listener.py took 0.027 seconds
[2024-01-05T17:02:33.997+0000] {processor.py:161} INFO - Started process (PID=18322) to work on /home/eder/Desktop/Airflow/Twitter/venv/lib/python3.9/site-packages/airflow/example_dags/plugins/event_listener.py
[2024-01-05T17:02:34.029+0000] {processor.py:830} INFO - Processing file /home/eder/Desktop/Airflow/Twitter/venv/lib/python3.9/site-packages/airflow/example_dags/plugins/event_listener.py for tasks to queue
[2024-01-05T17:02:34.030+0000] {logging_mixin.py:188} INFO - [2024-01-05T17:02:34.029+0000] {dagbag.py:538} INFO - Filling up the DagBag from /home/eder/Desktop/Airflow/Twitter/venv/lib/python3.9/site-packages/airflow/example_dags/plugins/event_listener.py
[2024-01-05T17:02:34.043+0000] {processor.py:842} WARNING - No viable dags retrieved from /home/eder/Desktop/Airflow/Twitter/venv/lib/python3.9/site-packages/airflow/example_dags/plugins/event_listener.py
[2024-01-05T17:02:34.068+0000] {processor.py:183} INFO - Processing /home/eder/Desktop/Airflow/Twitter/venv/lib/python3.9/site-packages/airflow/example_dags/plugins/event_listener.py took 0.073 seconds
[2024-01-05T17:03:35.195+0000] {processor.py:161} INFO - Started process (PID=18564) to work on /home/eder/Desktop/Airflow/Twitter/venv/lib/python3.9/site-packages/airflow/example_dags/plugins/event_listener.py
[2024-01-05T17:03:35.204+0000] {processor.py:830} INFO - Processing file /home/eder/Desktop/Airflow/Twitter/venv/lib/python3.9/site-packages/airflow/example_dags/plugins/event_listener.py for tasks to queue
[2024-01-05T17:03:35.208+0000] {logging_mixin.py:188} INFO - [2024-01-05T17:03:35.207+0000] {dagbag.py:538} INFO - Filling up the DagBag from /home/eder/Desktop/Airflow/Twitter/venv/lib/python3.9/site-packages/airflow/example_dags/plugins/event_listener.py
[2024-01-05T17:03:35.214+0000] {processor.py:842} WARNING - No viable dags retrieved from /home/eder/Desktop/Airflow/Twitter/venv/lib/python3.9/site-packages/airflow/example_dags/plugins/event_listener.py
[2024-01-05T17:03:35.238+0000] {processor.py:183} INFO - Processing /home/eder/Desktop/Airflow/Twitter/venv/lib/python3.9/site-packages/airflow/example_dags/plugins/event_listener.py took 0.057 seconds
[2024-01-05T17:04:32.985+0000] {processor.py:161} INFO - Started process (PID=18718) to work on /home/eder/Desktop/Airflow/Twitter/venv/lib/python3.9/site-packages/airflow/example_dags/plugins/event_listener.py
[2024-01-05T17:04:32.994+0000] {processor.py:830} INFO - Processing file /home/eder/Desktop/Airflow/Twitter/venv/lib/python3.9/site-packages/airflow/example_dags/plugins/event_listener.py for tasks to queue
[2024-01-05T17:04:32.996+0000] {logging_mixin.py:188} INFO - [2024-01-05T17:04:32.995+0000] {dagbag.py:538} INFO - Filling up the DagBag from /home/eder/Desktop/Airflow/Twitter/venv/lib/python3.9/site-packages/airflow/example_dags/plugins/event_listener.py
[2024-01-05T17:04:32.998+0000] {processor.py:842} WARNING - No viable dags retrieved from /home/eder/Desktop/Airflow/Twitter/venv/lib/python3.9/site-packages/airflow/example_dags/plugins/event_listener.py
[2024-01-05T17:04:33.017+0000] {processor.py:183} INFO - Processing /home/eder/Desktop/Airflow/Twitter/venv/lib/python3.9/site-packages/airflow/example_dags/plugins/event_listener.py took 0.039 seconds
[2024-01-05T17:05:21.000+0000] {processor.py:161} INFO - Started process (PID=18863) to work on /home/eder/Desktop/Airflow/Twitter/venv/lib/python3.9/site-packages/airflow/example_dags/plugins/event_listener.py
[2024-01-05T17:05:21.008+0000] {processor.py:830} INFO - Processing file /home/eder/Desktop/Airflow/Twitter/venv/lib/python3.9/site-packages/airflow/example_dags/plugins/event_listener.py for tasks to queue
[2024-01-05T17:05:21.009+0000] {logging_mixin.py:188} INFO - [2024-01-05T17:05:21.009+0000] {dagbag.py:538} INFO - Filling up the DagBag from /home/eder/Desktop/Airflow/Twitter/venv/lib/python3.9/site-packages/airflow/example_dags/plugins/event_listener.py
[2024-01-05T17:05:21.011+0000] {processor.py:842} WARNING - No viable dags retrieved from /home/eder/Desktop/Airflow/Twitter/venv/lib/python3.9/site-packages/airflow/example_dags/plugins/event_listener.py
[2024-01-05T17:05:21.020+0000] {processor.py:183} INFO - Processing /home/eder/Desktop/Airflow/Twitter/venv/lib/python3.9/site-packages/airflow/example_dags/plugins/event_listener.py took 0.023 seconds
[2024-01-05T17:06:04.081+0000] {processor.py:161} INFO - Started process (PID=18942) to work on /home/eder/Desktop/Airflow/Twitter/venv/lib/python3.9/site-packages/airflow/example_dags/plugins/event_listener.py
[2024-01-05T17:06:04.099+0000] {processor.py:830} INFO - Processing file /home/eder/Desktop/Airflow/Twitter/venv/lib/python3.9/site-packages/airflow/example_dags/plugins/event_listener.py for tasks to queue
[2024-01-05T17:06:04.101+0000] {logging_mixin.py:188} INFO - [2024-01-05T17:06:04.100+0000] {dagbag.py:538} INFO - Filling up the DagBag from /home/eder/Desktop/Airflow/Twitter/venv/lib/python3.9/site-packages/airflow/example_dags/plugins/event_listener.py
[2024-01-05T17:06:04.103+0000] {processor.py:842} WARNING - No viable dags retrieved from /home/eder/Desktop/Airflow/Twitter/venv/lib/python3.9/site-packages/airflow/example_dags/plugins/event_listener.py
[2024-01-05T17:06:04.112+0000] {processor.py:183} INFO - Processing /home/eder/Desktop/Airflow/Twitter/venv/lib/python3.9/site-packages/airflow/example_dags/plugins/event_listener.py took 0.041 seconds
[2024-01-05T17:06:50.792+0000] {processor.py:161} INFO - Started process (PID=19087) to work on /home/eder/Desktop/Airflow/Twitter/venv/lib/python3.9/site-packages/airflow/example_dags/plugins/event_listener.py
[2024-01-05T17:06:50.797+0000] {processor.py:830} INFO - Processing file /home/eder/Desktop/Airflow/Twitter/venv/lib/python3.9/site-packages/airflow/example_dags/plugins/event_listener.py for tasks to queue
[2024-01-05T17:06:50.798+0000] {logging_mixin.py:188} INFO - [2024-01-05T17:06:50.797+0000] {dagbag.py:538} INFO - Filling up the DagBag from /home/eder/Desktop/Airflow/Twitter/venv/lib/python3.9/site-packages/airflow/example_dags/plugins/event_listener.py
[2024-01-05T17:06:50.805+0000] {processor.py:842} WARNING - No viable dags retrieved from /home/eder/Desktop/Airflow/Twitter/venv/lib/python3.9/site-packages/airflow/example_dags/plugins/event_listener.py
[2024-01-05T17:06:50.816+0000] {processor.py:183} INFO - Processing /home/eder/Desktop/Airflow/Twitter/venv/lib/python3.9/site-packages/airflow/example_dags/plugins/event_listener.py took 0.025 seconds
[2024-01-05T17:07:37.925+0000] {processor.py:161} INFO - Started process (PID=19244) to work on /home/eder/Desktop/Airflow/Twitter/venv/lib/python3.9/site-packages/airflow/example_dags/plugins/event_listener.py
[2024-01-05T17:07:37.933+0000] {processor.py:830} INFO - Processing file /home/eder/Desktop/Airflow/Twitter/venv/lib/python3.9/site-packages/airflow/example_dags/plugins/event_listener.py for tasks to queue
[2024-01-05T17:07:37.934+0000] {logging_mixin.py:188} INFO - [2024-01-05T17:07:37.934+0000] {dagbag.py:538} INFO - Filling up the DagBag from /home/eder/Desktop/Airflow/Twitter/venv/lib/python3.9/site-packages/airflow/example_dags/plugins/event_listener.py
[2024-01-05T17:07:37.936+0000] {processor.py:842} WARNING - No viable dags retrieved from /home/eder/Desktop/Airflow/Twitter/venv/lib/python3.9/site-packages/airflow/example_dags/plugins/event_listener.py
[2024-01-05T17:07:37.947+0000] {processor.py:183} INFO - Processing /home/eder/Desktop/Airflow/Twitter/venv/lib/python3.9/site-packages/airflow/example_dags/plugins/event_listener.py took 0.025 seconds
[2024-01-05T17:08:20.347+0000] {processor.py:161} INFO - Started process (PID=19375) to work on /home/eder/Desktop/Airflow/Twitter/venv/lib/python3.9/site-packages/airflow/example_dags/plugins/event_listener.py
[2024-01-05T17:08:20.356+0000] {processor.py:830} INFO - Processing file /home/eder/Desktop/Airflow/Twitter/venv/lib/python3.9/site-packages/airflow/example_dags/plugins/event_listener.py for tasks to queue
[2024-01-05T17:08:20.358+0000] {logging_mixin.py:188} INFO - [2024-01-05T17:08:20.356+0000] {dagbag.py:538} INFO - Filling up the DagBag from /home/eder/Desktop/Airflow/Twitter/venv/lib/python3.9/site-packages/airflow/example_dags/plugins/event_listener.py
[2024-01-05T17:08:20.361+0000] {processor.py:842} WARNING - No viable dags retrieved from /home/eder/Desktop/Airflow/Twitter/venv/lib/python3.9/site-packages/airflow/example_dags/plugins/event_listener.py
[2024-01-05T17:08:20.392+0000] {processor.py:183} INFO - Processing /home/eder/Desktop/Airflow/Twitter/venv/lib/python3.9/site-packages/airflow/example_dags/plugins/event_listener.py took 0.049 seconds
[2024-01-05T17:36:27.499+0000] {processor.py:161} INFO - Started process (PID=20131) to work on /home/eder/Desktop/Airflow/Twitter/venv/lib/python3.9/site-packages/airflow/example_dags/plugins/event_listener.py
[2024-01-05T17:36:27.508+0000] {processor.py:830} INFO - Processing file /home/eder/Desktop/Airflow/Twitter/venv/lib/python3.9/site-packages/airflow/example_dags/plugins/event_listener.py for tasks to queue
[2024-01-05T17:36:27.510+0000] {logging_mixin.py:188} INFO - [2024-01-05T17:36:27.510+0000] {dagbag.py:538} INFO - Filling up the DagBag from /home/eder/Desktop/Airflow/Twitter/venv/lib/python3.9/site-packages/airflow/example_dags/plugins/event_listener.py
[2024-01-05T17:36:27.513+0000] {processor.py:842} WARNING - No viable dags retrieved from /home/eder/Desktop/Airflow/Twitter/venv/lib/python3.9/site-packages/airflow/example_dags/plugins/event_listener.py
[2024-01-05T17:36:27.524+0000] {processor.py:183} INFO - Processing /home/eder/Desktop/Airflow/Twitter/venv/lib/python3.9/site-packages/airflow/example_dags/plugins/event_listener.py took 0.028 seconds
[2024-01-05T17:37:30.955+0000] {processor.py:161} INFO - Started process (PID=20787) to work on /home/eder/Desktop/Airflow/Twitter/venv/lib/python3.9/site-packages/airflow/example_dags/plugins/event_listener.py
[2024-01-05T17:37:30.964+0000] {processor.py:830} INFO - Processing file /home/eder/Desktop/Airflow/Twitter/venv/lib/python3.9/site-packages/airflow/example_dags/plugins/event_listener.py for tasks to queue
[2024-01-05T17:37:30.965+0000] {logging_mixin.py:188} INFO - [2024-01-05T17:37:30.964+0000] {dagbag.py:538} INFO - Filling up the DagBag from /home/eder/Desktop/Airflow/Twitter/venv/lib/python3.9/site-packages/airflow/example_dags/plugins/event_listener.py
[2024-01-05T17:37:30.967+0000] {processor.py:842} WARNING - No viable dags retrieved from /home/eder/Desktop/Airflow/Twitter/venv/lib/python3.9/site-packages/airflow/example_dags/plugins/event_listener.py
[2024-01-05T17:37:30.976+0000] {processor.py:183} INFO - Processing /home/eder/Desktop/Airflow/Twitter/venv/lib/python3.9/site-packages/airflow/example_dags/plugins/event_listener.py took 0.024 seconds
[2024-01-05T17:38:23.015+0000] {processor.py:161} INFO - Started process (PID=21064) to work on /home/eder/Desktop/Airflow/Twitter/venv/lib/python3.9/site-packages/airflow/example_dags/plugins/event_listener.py
[2024-01-05T17:38:23.031+0000] {processor.py:830} INFO - Processing file /home/eder/Desktop/Airflow/Twitter/venv/lib/python3.9/site-packages/airflow/example_dags/plugins/event_listener.py for tasks to queue
[2024-01-05T17:38:23.032+0000] {logging_mixin.py:188} INFO - [2024-01-05T17:38:23.031+0000] {dagbag.py:538} INFO - Filling up the DagBag from /home/eder/Desktop/Airflow/Twitter/venv/lib/python3.9/site-packages/airflow/example_dags/plugins/event_listener.py
[2024-01-05T17:38:23.034+0000] {processor.py:842} WARNING - No viable dags retrieved from /home/eder/Desktop/Airflow/Twitter/venv/lib/python3.9/site-packages/airflow/example_dags/plugins/event_listener.py
[2024-01-05T17:38:23.050+0000] {processor.py:183} INFO - Processing /home/eder/Desktop/Airflow/Twitter/venv/lib/python3.9/site-packages/airflow/example_dags/plugins/event_listener.py took 0.040 seconds
[2024-01-05T17:39:12.262+0000] {processor.py:161} INFO - Started process (PID=21142) to work on /home/eder/Desktop/Airflow/Twitter/venv/lib/python3.9/site-packages/airflow/example_dags/plugins/event_listener.py
[2024-01-05T17:39:12.271+0000] {processor.py:830} INFO - Processing file /home/eder/Desktop/Airflow/Twitter/venv/lib/python3.9/site-packages/airflow/example_dags/plugins/event_listener.py for tasks to queue
[2024-01-05T17:39:12.272+0000] {logging_mixin.py:188} INFO - [2024-01-05T17:39:12.271+0000] {dagbag.py:538} INFO - Filling up the DagBag from /home/eder/Desktop/Airflow/Twitter/venv/lib/python3.9/site-packages/airflow/example_dags/plugins/event_listener.py
[2024-01-05T17:39:12.275+0000] {processor.py:842} WARNING - No viable dags retrieved from /home/eder/Desktop/Airflow/Twitter/venv/lib/python3.9/site-packages/airflow/example_dags/plugins/event_listener.py
[2024-01-05T17:39:12.292+0000] {processor.py:183} INFO - Processing /home/eder/Desktop/Airflow/Twitter/venv/lib/python3.9/site-packages/airflow/example_dags/plugins/event_listener.py took 0.032 seconds
[2024-01-05T17:39:53.715+0000] {processor.py:161} INFO - Started process (PID=21271) to work on /home/eder/Desktop/Airflow/Twitter/venv/lib/python3.9/site-packages/airflow/example_dags/plugins/event_listener.py
[2024-01-05T17:39:53.722+0000] {processor.py:830} INFO - Processing file /home/eder/Desktop/Airflow/Twitter/venv/lib/python3.9/site-packages/airflow/example_dags/plugins/event_listener.py for tasks to queue
[2024-01-05T17:39:53.723+0000] {logging_mixin.py:188} INFO - [2024-01-05T17:39:53.723+0000] {dagbag.py:538} INFO - Filling up the DagBag from /home/eder/Desktop/Airflow/Twitter/venv/lib/python3.9/site-packages/airflow/example_dags/plugins/event_listener.py
[2024-01-05T17:39:53.726+0000] {processor.py:842} WARNING - No viable dags retrieved from /home/eder/Desktop/Airflow/Twitter/venv/lib/python3.9/site-packages/airflow/example_dags/plugins/event_listener.py
[2024-01-05T17:39:53.735+0000] {processor.py:183} INFO - Processing /home/eder/Desktop/Airflow/Twitter/venv/lib/python3.9/site-packages/airflow/example_dags/plugins/event_listener.py took 0.023 seconds
[2024-01-05T17:50:31.484+0000] {processor.py:161} INFO - Started process (PID=32410) to work on /home/eder/Desktop/Airflow/Twitter/venv/lib/python3.9/site-packages/airflow/example_dags/plugins/event_listener.py
[2024-01-05T17:50:31.492+0000] {processor.py:830} INFO - Processing file /home/eder/Desktop/Airflow/Twitter/venv/lib/python3.9/site-packages/airflow/example_dags/plugins/event_listener.py for tasks to queue
[2024-01-05T17:50:31.493+0000] {logging_mixin.py:188} INFO - [2024-01-05T17:50:31.493+0000] {dagbag.py:538} INFO - Filling up the DagBag from /home/eder/Desktop/Airflow/Twitter/venv/lib/python3.9/site-packages/airflow/example_dags/plugins/event_listener.py
[2024-01-05T17:50:31.495+0000] {processor.py:842} WARNING - No viable dags retrieved from /home/eder/Desktop/Airflow/Twitter/venv/lib/python3.9/site-packages/airflow/example_dags/plugins/event_listener.py
[2024-01-05T17:50:31.504+0000] {processor.py:183} INFO - Processing /home/eder/Desktop/Airflow/Twitter/venv/lib/python3.9/site-packages/airflow/example_dags/plugins/event_listener.py took 0.023 seconds
[2024-01-05T17:51:22.188+0000] {processor.py:161} INFO - Started process (PID=32563) to work on /home/eder/Desktop/Airflow/Twitter/venv/lib/python3.9/site-packages/airflow/example_dags/plugins/event_listener.py
[2024-01-05T17:51:22.190+0000] {processor.py:830} INFO - Processing file /home/eder/Desktop/Airflow/Twitter/venv/lib/python3.9/site-packages/airflow/example_dags/plugins/event_listener.py for tasks to queue
[2024-01-05T17:51:22.191+0000] {logging_mixin.py:188} INFO - [2024-01-05T17:51:22.191+0000] {dagbag.py:538} INFO - Filling up the DagBag from /home/eder/Desktop/Airflow/Twitter/venv/lib/python3.9/site-packages/airflow/example_dags/plugins/event_listener.py
[2024-01-05T17:51:22.194+0000] {processor.py:842} WARNING - No viable dags retrieved from /home/eder/Desktop/Airflow/Twitter/venv/lib/python3.9/site-packages/airflow/example_dags/plugins/event_listener.py
[2024-01-05T17:51:22.204+0000] {processor.py:183} INFO - Processing /home/eder/Desktop/Airflow/Twitter/venv/lib/python3.9/site-packages/airflow/example_dags/plugins/event_listener.py took 0.019 seconds
[2024-01-05T17:52:05.031+0000] {processor.py:161} INFO - Started process (PID=32647) to work on /home/eder/Desktop/Airflow/Twitter/venv/lib/python3.9/site-packages/airflow/example_dags/plugins/event_listener.py
[2024-01-05T17:52:05.039+0000] {processor.py:830} INFO - Processing file /home/eder/Desktop/Airflow/Twitter/venv/lib/python3.9/site-packages/airflow/example_dags/plugins/event_listener.py for tasks to queue
[2024-01-05T17:52:05.040+0000] {logging_mixin.py:188} INFO - [2024-01-05T17:52:05.040+0000] {dagbag.py:538} INFO - Filling up the DagBag from /home/eder/Desktop/Airflow/Twitter/venv/lib/python3.9/site-packages/airflow/example_dags/plugins/event_listener.py
[2024-01-05T17:52:05.047+0000] {processor.py:842} WARNING - No viable dags retrieved from /home/eder/Desktop/Airflow/Twitter/venv/lib/python3.9/site-packages/airflow/example_dags/plugins/event_listener.py
[2024-01-05T17:52:05.064+0000] {processor.py:183} INFO - Processing /home/eder/Desktop/Airflow/Twitter/venv/lib/python3.9/site-packages/airflow/example_dags/plugins/event_listener.py took 0.037 seconds
[2024-01-05T17:52:52.098+0000] {processor.py:161} INFO - Started process (PID=32856) to work on /home/eder/Desktop/Airflow/Twitter/venv/lib/python3.9/site-packages/airflow/example_dags/plugins/event_listener.py
[2024-01-05T17:52:52.114+0000] {processor.py:830} INFO - Processing file /home/eder/Desktop/Airflow/Twitter/venv/lib/python3.9/site-packages/airflow/example_dags/plugins/event_listener.py for tasks to queue
[2024-01-05T17:52:52.123+0000] {logging_mixin.py:188} INFO - [2024-01-05T17:52:52.123+0000] {dagbag.py:538} INFO - Filling up the DagBag from /home/eder/Desktop/Airflow/Twitter/venv/lib/python3.9/site-packages/airflow/example_dags/plugins/event_listener.py
[2024-01-05T17:52:52.127+0000] {processor.py:842} WARNING - No viable dags retrieved from /home/eder/Desktop/Airflow/Twitter/venv/lib/python3.9/site-packages/airflow/example_dags/plugins/event_listener.py
[2024-01-05T17:52:52.137+0000] {processor.py:183} INFO - Processing /home/eder/Desktop/Airflow/Twitter/venv/lib/python3.9/site-packages/airflow/example_dags/plugins/event_listener.py took 0.041 seconds
[2024-01-05T17:53:48.841+0000] {processor.py:161} INFO - Started process (PID=33038) to work on /home/eder/Desktop/Airflow/Twitter/venv/lib/python3.9/site-packages/airflow/example_dags/plugins/event_listener.py
[2024-01-05T17:53:48.859+0000] {processor.py:830} INFO - Processing file /home/eder/Desktop/Airflow/Twitter/venv/lib/python3.9/site-packages/airflow/example_dags/plugins/event_listener.py for tasks to queue
[2024-01-05T17:53:48.863+0000] {logging_mixin.py:188} INFO - [2024-01-05T17:53:48.863+0000] {dagbag.py:538} INFO - Filling up the DagBag from /home/eder/Desktop/Airflow/Twitter/venv/lib/python3.9/site-packages/airflow/example_dags/plugins/event_listener.py
[2024-01-05T17:53:48.867+0000] {processor.py:842} WARNING - No viable dags retrieved from /home/eder/Desktop/Airflow/Twitter/venv/lib/python3.9/site-packages/airflow/example_dags/plugins/event_listener.py
[2024-01-05T17:53:48.887+0000] {processor.py:183} INFO - Processing /home/eder/Desktop/Airflow/Twitter/venv/lib/python3.9/site-packages/airflow/example_dags/plugins/event_listener.py took 0.051 seconds
[2024-01-05T17:54:48.341+0000] {processor.py:161} INFO - Started process (PID=33192) to work on /home/eder/Desktop/Airflow/Twitter/venv/lib/python3.9/site-packages/airflow/example_dags/plugins/event_listener.py
[2024-01-05T17:54:48.349+0000] {processor.py:830} INFO - Processing file /home/eder/Desktop/Airflow/Twitter/venv/lib/python3.9/site-packages/airflow/example_dags/plugins/event_listener.py for tasks to queue
[2024-01-05T17:54:48.350+0000] {logging_mixin.py:188} INFO - [2024-01-05T17:54:48.350+0000] {dagbag.py:538} INFO - Filling up the DagBag from /home/eder/Desktop/Airflow/Twitter/venv/lib/python3.9/site-packages/airflow/example_dags/plugins/event_listener.py
[2024-01-05T17:54:48.353+0000] {processor.py:842} WARNING - No viable dags retrieved from /home/eder/Desktop/Airflow/Twitter/venv/lib/python3.9/site-packages/airflow/example_dags/plugins/event_listener.py
[2024-01-05T17:54:48.362+0000] {processor.py:183} INFO - Processing /home/eder/Desktop/Airflow/Twitter/venv/lib/python3.9/site-packages/airflow/example_dags/plugins/event_listener.py took 0.025 seconds
[2024-01-05T17:55:49.450+0000] {processor.py:161} INFO - Started process (PID=33382) to work on /home/eder/Desktop/Airflow/Twitter/venv/lib/python3.9/site-packages/airflow/example_dags/plugins/event_listener.py
[2024-01-05T17:55:49.471+0000] {processor.py:830} INFO - Processing file /home/eder/Desktop/Airflow/Twitter/venv/lib/python3.9/site-packages/airflow/example_dags/plugins/event_listener.py for tasks to queue
[2024-01-05T17:55:49.477+0000] {logging_mixin.py:188} INFO - [2024-01-05T17:55:49.476+0000] {dagbag.py:538} INFO - Filling up the DagBag from /home/eder/Desktop/Airflow/Twitter/venv/lib/python3.9/site-packages/airflow/example_dags/plugins/event_listener.py
[2024-01-05T17:55:49.483+0000] {processor.py:842} WARNING - No viable dags retrieved from /home/eder/Desktop/Airflow/Twitter/venv/lib/python3.9/site-packages/airflow/example_dags/plugins/event_listener.py
[2024-01-05T17:55:49.500+0000] {processor.py:183} INFO - Processing /home/eder/Desktop/Airflow/Twitter/venv/lib/python3.9/site-packages/airflow/example_dags/plugins/event_listener.py took 0.064 seconds
[2024-01-05T17:59:46.659+0000] {processor.py:161} INFO - Started process (PID=33876) to work on /home/eder/Desktop/Airflow/Twitter/venv/lib/python3.9/site-packages/airflow/example_dags/plugins/event_listener.py
[2024-01-05T17:59:46.669+0000] {processor.py:830} INFO - Processing file /home/eder/Desktop/Airflow/Twitter/venv/lib/python3.9/site-packages/airflow/example_dags/plugins/event_listener.py for tasks to queue
[2024-01-05T17:59:46.670+0000] {logging_mixin.py:188} INFO - [2024-01-05T17:59:46.670+0000] {dagbag.py:538} INFO - Filling up the DagBag from /home/eder/Desktop/Airflow/Twitter/venv/lib/python3.9/site-packages/airflow/example_dags/plugins/event_listener.py
[2024-01-05T17:59:46.672+0000] {processor.py:842} WARNING - No viable dags retrieved from /home/eder/Desktop/Airflow/Twitter/venv/lib/python3.9/site-packages/airflow/example_dags/plugins/event_listener.py
[2024-01-05T17:59:46.681+0000] {processor.py:183} INFO - Processing /home/eder/Desktop/Airflow/Twitter/venv/lib/python3.9/site-packages/airflow/example_dags/plugins/event_listener.py took 0.026 seconds
[2024-01-05T18:00:55.066+0000] {processor.py:161} INFO - Started process (PID=34377) to work on /home/eder/Desktop/Airflow/Twitter/venv/lib/python3.9/site-packages/airflow/example_dags/plugins/event_listener.py
[2024-01-05T18:00:55.090+0000] {processor.py:830} INFO - Processing file /home/eder/Desktop/Airflow/Twitter/venv/lib/python3.9/site-packages/airflow/example_dags/plugins/event_listener.py for tasks to queue
[2024-01-05T18:00:55.090+0000] {logging_mixin.py:188} INFO - [2024-01-05T18:00:55.090+0000] {dagbag.py:538} INFO - Filling up the DagBag from /home/eder/Desktop/Airflow/Twitter/venv/lib/python3.9/site-packages/airflow/example_dags/plugins/event_listener.py
[2024-01-05T18:00:55.098+0000] {processor.py:842} WARNING - No viable dags retrieved from /home/eder/Desktop/Airflow/Twitter/venv/lib/python3.9/site-packages/airflow/example_dags/plugins/event_listener.py
[2024-01-05T18:00:55.120+0000] {processor.py:183} INFO - Processing /home/eder/Desktop/Airflow/Twitter/venv/lib/python3.9/site-packages/airflow/example_dags/plugins/event_listener.py took 0.058 seconds
