[2024-01-05T01:16:24.619+0000] {processor.py:161} INFO - Started process (PID=23411) to work on /home/eder/Desktop/Airflow/Twitter/venv/lib/python3.9/site-packages/airflow/example_dags/plugins/listener_plugin.py
[2024-01-05T01:16:24.627+0000] {processor.py:830} INFO - Processing file /home/eder/Desktop/Airflow/Twitter/venv/lib/python3.9/site-packages/airflow/example_dags/plugins/listener_plugin.py for tasks to queue
[2024-01-05T01:16:24.628+0000] {logging_mixin.py:188} INFO - [2024-01-05T01:16:24.627+0000] {dagbag.py:538} INFO - Filling up the DagBag from /home/eder/Desktop/Airflow/Twitter/venv/lib/python3.9/site-packages/airflow/example_dags/plugins/listener_plugin.py
[2024-01-05T01:16:24.630+0000] {processor.py:842} WARNING - No viable dags retrieved from /home/eder/Desktop/Airflow/Twitter/venv/lib/python3.9/site-packages/airflow/example_dags/plugins/listener_plugin.py
[2024-01-05T01:16:24.652+0000] {processor.py:183} INFO - Processing /home/eder/Desktop/Airflow/Twitter/venv/lib/python3.9/site-packages/airflow/example_dags/plugins/listener_plugin.py took 0.036 seconds
[2024-01-05T01:18:17.497+0000] {processor.py:161} INFO - Started process (PID=24378) to work on /home/eder/Desktop/Airflow/Twitter/venv/lib/python3.9/site-packages/airflow/example_dags/plugins/listener_plugin.py
[2024-01-05T01:18:17.508+0000] {processor.py:830} INFO - Processing file /home/eder/Desktop/Airflow/Twitter/venv/lib/python3.9/site-packages/airflow/example_dags/plugins/listener_plugin.py for tasks to queue
[2024-01-05T01:18:17.509+0000] {logging_mixin.py:188} INFO - [2024-01-05T01:18:17.509+0000] {dagbag.py:538} INFO - Filling up the DagBag from /home/eder/Desktop/Airflow/Twitter/venv/lib/python3.9/site-packages/airflow/example_dags/plugins/listener_plugin.py
[2024-01-05T01:18:17.518+0000] {processor.py:842} WARNING - No viable dags retrieved from /home/eder/Desktop/Airflow/Twitter/venv/lib/python3.9/site-packages/airflow/example_dags/plugins/listener_plugin.py
[2024-01-05T01:18:17.537+0000] {processor.py:183} INFO - Processing /home/eder/Desktop/Airflow/Twitter/venv/lib/python3.9/site-packages/airflow/example_dags/plugins/listener_plugin.py took 0.050 seconds
[2024-01-05T01:19:00.183+0000] {processor.py:161} INFO - Started process (PID=24477) to work on /home/eder/Desktop/Airflow/Twitter/venv/lib/python3.9/site-packages/airflow/example_dags/plugins/listener_plugin.py
[2024-01-05T01:19:00.184+0000] {processor.py:830} INFO - Processing file /home/eder/Desktop/Airflow/Twitter/venv/lib/python3.9/site-packages/airflow/example_dags/plugins/listener_plugin.py for tasks to queue
[2024-01-05T01:19:00.185+0000] {logging_mixin.py:188} INFO - [2024-01-05T01:19:00.185+0000] {dagbag.py:538} INFO - Filling up the DagBag from /home/eder/Desktop/Airflow/Twitter/venv/lib/python3.9/site-packages/airflow/example_dags/plugins/listener_plugin.py
[2024-01-05T01:19:00.189+0000] {processor.py:842} WARNING - No viable dags retrieved from /home/eder/Desktop/Airflow/Twitter/venv/lib/python3.9/site-packages/airflow/example_dags/plugins/listener_plugin.py
[2024-01-05T01:19:00.200+0000] {processor.py:183} INFO - Processing /home/eder/Desktop/Airflow/Twitter/venv/lib/python3.9/site-packages/airflow/example_dags/plugins/listener_plugin.py took 0.020 seconds
[2024-01-05T01:22:30.458+0000] {processor.py:161} INFO - Started process (PID=27605) to work on /home/eder/Desktop/Airflow/Twitter/venv/lib/python3.9/site-packages/airflow/example_dags/plugins/listener_plugin.py
[2024-01-05T01:22:30.474+0000] {processor.py:830} INFO - Processing file /home/eder/Desktop/Airflow/Twitter/venv/lib/python3.9/site-packages/airflow/example_dags/plugins/listener_plugin.py for tasks to queue
[2024-01-05T01:22:30.478+0000] {logging_mixin.py:188} INFO - [2024-01-05T01:22:30.477+0000] {dagbag.py:538} INFO - Filling up the DagBag from /home/eder/Desktop/Airflow/Twitter/venv/lib/python3.9/site-packages/airflow/example_dags/plugins/listener_plugin.py
[2024-01-05T01:22:30.484+0000] {processor.py:842} WARNING - No viable dags retrieved from /home/eder/Desktop/Airflow/Twitter/venv/lib/python3.9/site-packages/airflow/example_dags/plugins/listener_plugin.py
[2024-01-05T01:22:30.638+0000] {processor.py:183} INFO - Processing /home/eder/Desktop/Airflow/Twitter/venv/lib/python3.9/site-packages/airflow/example_dags/plugins/listener_plugin.py took 0.188 seconds
[2024-01-05T01:23:30.838+0000] {processor.py:161} INFO - Started process (PID=28271) to work on /home/eder/Desktop/Airflow/Twitter/venv/lib/python3.9/site-packages/airflow/example_dags/plugins/listener_plugin.py
[2024-01-05T01:23:30.847+0000] {processor.py:830} INFO - Processing file /home/eder/Desktop/Airflow/Twitter/venv/lib/python3.9/site-packages/airflow/example_dags/plugins/listener_plugin.py for tasks to queue
[2024-01-05T01:23:30.848+0000] {logging_mixin.py:188} INFO - [2024-01-05T01:23:30.847+0000] {dagbag.py:538} INFO - Filling up the DagBag from /home/eder/Desktop/Airflow/Twitter/venv/lib/python3.9/site-packages/airflow/example_dags/plugins/listener_plugin.py
[2024-01-05T01:23:30.851+0000] {processor.py:842} WARNING - No viable dags retrieved from /home/eder/Desktop/Airflow/Twitter/venv/lib/python3.9/site-packages/airflow/example_dags/plugins/listener_plugin.py
[2024-01-05T01:23:30.869+0000] {processor.py:183} INFO - Processing /home/eder/Desktop/Airflow/Twitter/venv/lib/python3.9/site-packages/airflow/example_dags/plugins/listener_plugin.py took 0.034 seconds
[2024-01-05T01:27:35.366+0000] {processor.py:161} INFO - Started process (PID=32773) to work on /home/eder/Desktop/Airflow/Twitter/venv/lib/python3.9/site-packages/airflow/example_dags/plugins/listener_plugin.py
[2024-01-05T01:27:35.371+0000] {processor.py:830} INFO - Processing file /home/eder/Desktop/Airflow/Twitter/venv/lib/python3.9/site-packages/airflow/example_dags/plugins/listener_plugin.py for tasks to queue
[2024-01-05T01:27:35.371+0000] {logging_mixin.py:188} INFO - [2024-01-05T01:27:35.371+0000] {dagbag.py:538} INFO - Filling up the DagBag from /home/eder/Desktop/Airflow/Twitter/venv/lib/python3.9/site-packages/airflow/example_dags/plugins/listener_plugin.py
[2024-01-05T01:27:35.374+0000] {processor.py:842} WARNING - No viable dags retrieved from /home/eder/Desktop/Airflow/Twitter/venv/lib/python3.9/site-packages/airflow/example_dags/plugins/listener_plugin.py
[2024-01-05T01:27:35.383+0000] {processor.py:183} INFO - Processing /home/eder/Desktop/Airflow/Twitter/venv/lib/python3.9/site-packages/airflow/example_dags/plugins/listener_plugin.py took 0.018 seconds
[2024-01-05T01:28:28.848+0000] {processor.py:161} INFO - Started process (PID=32947) to work on /home/eder/Desktop/Airflow/Twitter/venv/lib/python3.9/site-packages/airflow/example_dags/plugins/listener_plugin.py
[2024-01-05T01:28:28.850+0000] {processor.py:830} INFO - Processing file /home/eder/Desktop/Airflow/Twitter/venv/lib/python3.9/site-packages/airflow/example_dags/plugins/listener_plugin.py for tasks to queue
[2024-01-05T01:28:28.851+0000] {logging_mixin.py:188} INFO - [2024-01-05T01:28:28.851+0000] {dagbag.py:538} INFO - Filling up the DagBag from /home/eder/Desktop/Airflow/Twitter/venv/lib/python3.9/site-packages/airflow/example_dags/plugins/listener_plugin.py
[2024-01-05T01:28:28.853+0000] {processor.py:842} WARNING - No viable dags retrieved from /home/eder/Desktop/Airflow/Twitter/venv/lib/python3.9/site-packages/airflow/example_dags/plugins/listener_plugin.py
[2024-01-05T01:28:28.865+0000] {processor.py:183} INFO - Processing /home/eder/Desktop/Airflow/Twitter/venv/lib/python3.9/site-packages/airflow/example_dags/plugins/listener_plugin.py took 0.020 seconds
[2024-01-05T01:29:24.774+0000] {processor.py:161} INFO - Started process (PID=33102) to work on /home/eder/Desktop/Airflow/Twitter/venv/lib/python3.9/site-packages/airflow/example_dags/plugins/listener_plugin.py
[2024-01-05T01:29:24.795+0000] {processor.py:830} INFO - Processing file /home/eder/Desktop/Airflow/Twitter/venv/lib/python3.9/site-packages/airflow/example_dags/plugins/listener_plugin.py for tasks to queue
[2024-01-05T01:29:24.795+0000] {logging_mixin.py:188} INFO - [2024-01-05T01:29:24.795+0000] {dagbag.py:538} INFO - Filling up the DagBag from /home/eder/Desktop/Airflow/Twitter/venv/lib/python3.9/site-packages/airflow/example_dags/plugins/listener_plugin.py
[2024-01-05T01:29:24.798+0000] {processor.py:842} WARNING - No viable dags retrieved from /home/eder/Desktop/Airflow/Twitter/venv/lib/python3.9/site-packages/airflow/example_dags/plugins/listener_plugin.py
[2024-01-05T01:29:24.824+0000] {processor.py:183} INFO - Processing /home/eder/Desktop/Airflow/Twitter/venv/lib/python3.9/site-packages/airflow/example_dags/plugins/listener_plugin.py took 0.053 seconds
[2024-01-05T01:30:15.695+0000] {processor.py:161} INFO - Started process (PID=33197) to work on /home/eder/Desktop/Airflow/Twitter/venv/lib/python3.9/site-packages/airflow/example_dags/plugins/listener_plugin.py
[2024-01-05T01:30:15.697+0000] {processor.py:830} INFO - Processing file /home/eder/Desktop/Airflow/Twitter/venv/lib/python3.9/site-packages/airflow/example_dags/plugins/listener_plugin.py for tasks to queue
[2024-01-05T01:30:15.699+0000] {logging_mixin.py:188} INFO - [2024-01-05T01:30:15.698+0000] {dagbag.py:538} INFO - Filling up the DagBag from /home/eder/Desktop/Airflow/Twitter/venv/lib/python3.9/site-packages/airflow/example_dags/plugins/listener_plugin.py
[2024-01-05T01:30:15.701+0000] {processor.py:842} WARNING - No viable dags retrieved from /home/eder/Desktop/Airflow/Twitter/venv/lib/python3.9/site-packages/airflow/example_dags/plugins/listener_plugin.py
[2024-01-05T01:30:15.710+0000] {processor.py:183} INFO - Processing /home/eder/Desktop/Airflow/Twitter/venv/lib/python3.9/site-packages/airflow/example_dags/plugins/listener_plugin.py took 0.018 seconds
[2024-01-05T01:31:03.260+0000] {processor.py:161} INFO - Started process (PID=33336) to work on /home/eder/Desktop/Airflow/Twitter/venv/lib/python3.9/site-packages/airflow/example_dags/plugins/listener_plugin.py
[2024-01-05T01:31:03.269+0000] {processor.py:830} INFO - Processing file /home/eder/Desktop/Airflow/Twitter/venv/lib/python3.9/site-packages/airflow/example_dags/plugins/listener_plugin.py for tasks to queue
[2024-01-05T01:31:03.270+0000] {logging_mixin.py:188} INFO - [2024-01-05T01:31:03.270+0000] {dagbag.py:538} INFO - Filling up the DagBag from /home/eder/Desktop/Airflow/Twitter/venv/lib/python3.9/site-packages/airflow/example_dags/plugins/listener_plugin.py
[2024-01-05T01:31:03.273+0000] {processor.py:842} WARNING - No viable dags retrieved from /home/eder/Desktop/Airflow/Twitter/venv/lib/python3.9/site-packages/airflow/example_dags/plugins/listener_plugin.py
[2024-01-05T01:31:03.285+0000] {processor.py:183} INFO - Processing /home/eder/Desktop/Airflow/Twitter/venv/lib/python3.9/site-packages/airflow/example_dags/plugins/listener_plugin.py took 0.027 seconds
[2024-01-05T01:31:56.294+0000] {processor.py:161} INFO - Started process (PID=33493) to work on /home/eder/Desktop/Airflow/Twitter/venv/lib/python3.9/site-packages/airflow/example_dags/plugins/listener_plugin.py
[2024-01-05T01:31:56.320+0000] {processor.py:830} INFO - Processing file /home/eder/Desktop/Airflow/Twitter/venv/lib/python3.9/site-packages/airflow/example_dags/plugins/listener_plugin.py for tasks to queue
[2024-01-05T01:31:56.321+0000] {logging_mixin.py:188} INFO - [2024-01-05T01:31:56.321+0000] {dagbag.py:538} INFO - Filling up the DagBag from /home/eder/Desktop/Airflow/Twitter/venv/lib/python3.9/site-packages/airflow/example_dags/plugins/listener_plugin.py
[2024-01-05T01:31:56.329+0000] {processor.py:842} WARNING - No viable dags retrieved from /home/eder/Desktop/Airflow/Twitter/venv/lib/python3.9/site-packages/airflow/example_dags/plugins/listener_plugin.py
[2024-01-05T01:31:56.361+0000] {processor.py:183} INFO - Processing /home/eder/Desktop/Airflow/Twitter/venv/lib/python3.9/site-packages/airflow/example_dags/plugins/listener_plugin.py took 0.073 seconds
[2024-01-05T01:32:50.681+0000] {processor.py:161} INFO - Started process (PID=33769) to work on /home/eder/Desktop/Airflow/Twitter/venv/lib/python3.9/site-packages/airflow/example_dags/plugins/listener_plugin.py
[2024-01-05T01:32:50.685+0000] {processor.py:830} INFO - Processing file /home/eder/Desktop/Airflow/Twitter/venv/lib/python3.9/site-packages/airflow/example_dags/plugins/listener_plugin.py for tasks to queue
[2024-01-05T01:32:50.686+0000] {logging_mixin.py:188} INFO - [2024-01-05T01:32:50.686+0000] {dagbag.py:538} INFO - Filling up the DagBag from /home/eder/Desktop/Airflow/Twitter/venv/lib/python3.9/site-packages/airflow/example_dags/plugins/listener_plugin.py
[2024-01-05T01:32:50.689+0000] {processor.py:842} WARNING - No viable dags retrieved from /home/eder/Desktop/Airflow/Twitter/venv/lib/python3.9/site-packages/airflow/example_dags/plugins/listener_plugin.py
[2024-01-05T01:32:50.697+0000] {processor.py:183} INFO - Processing /home/eder/Desktop/Airflow/Twitter/venv/lib/python3.9/site-packages/airflow/example_dags/plugins/listener_plugin.py took 0.018 seconds
[2024-01-05T01:33:38.966+0000] {processor.py:161} INFO - Started process (PID=33917) to work on /home/eder/Desktop/Airflow/Twitter/venv/lib/python3.9/site-packages/airflow/example_dags/plugins/listener_plugin.py
[2024-01-05T01:33:38.981+0000] {processor.py:830} INFO - Processing file /home/eder/Desktop/Airflow/Twitter/venv/lib/python3.9/site-packages/airflow/example_dags/plugins/listener_plugin.py for tasks to queue
[2024-01-05T01:33:38.982+0000] {logging_mixin.py:188} INFO - [2024-01-05T01:33:38.981+0000] {dagbag.py:538} INFO - Filling up the DagBag from /home/eder/Desktop/Airflow/Twitter/venv/lib/python3.9/site-packages/airflow/example_dags/plugins/listener_plugin.py
[2024-01-05T01:33:38.985+0000] {processor.py:842} WARNING - No viable dags retrieved from /home/eder/Desktop/Airflow/Twitter/venv/lib/python3.9/site-packages/airflow/example_dags/plugins/listener_plugin.py
[2024-01-05T01:33:38.997+0000] {processor.py:183} INFO - Processing /home/eder/Desktop/Airflow/Twitter/venv/lib/python3.9/site-packages/airflow/example_dags/plugins/listener_plugin.py took 0.033 seconds
[2024-01-05T01:34:33.397+0000] {processor.py:161} INFO - Started process (PID=34091) to work on /home/eder/Desktop/Airflow/Twitter/venv/lib/python3.9/site-packages/airflow/example_dags/plugins/listener_plugin.py
[2024-01-05T01:34:33.399+0000] {processor.py:830} INFO - Processing file /home/eder/Desktop/Airflow/Twitter/venv/lib/python3.9/site-packages/airflow/example_dags/plugins/listener_plugin.py for tasks to queue
[2024-01-05T01:34:33.400+0000] {logging_mixin.py:188} INFO - [2024-01-05T01:34:33.399+0000] {dagbag.py:538} INFO - Filling up the DagBag from /home/eder/Desktop/Airflow/Twitter/venv/lib/python3.9/site-packages/airflow/example_dags/plugins/listener_plugin.py
[2024-01-05T01:34:33.402+0000] {processor.py:842} WARNING - No viable dags retrieved from /home/eder/Desktop/Airflow/Twitter/venv/lib/python3.9/site-packages/airflow/example_dags/plugins/listener_plugin.py
[2024-01-05T01:34:33.412+0000] {processor.py:183} INFO - Processing /home/eder/Desktop/Airflow/Twitter/venv/lib/python3.9/site-packages/airflow/example_dags/plugins/listener_plugin.py took 0.018 seconds
[2024-01-05T01:35:30.278+0000] {processor.py:161} INFO - Started process (PID=34255) to work on /home/eder/Desktop/Airflow/Twitter/venv/lib/python3.9/site-packages/airflow/example_dags/plugins/listener_plugin.py
[2024-01-05T01:35:30.279+0000] {processor.py:830} INFO - Processing file /home/eder/Desktop/Airflow/Twitter/venv/lib/python3.9/site-packages/airflow/example_dags/plugins/listener_plugin.py for tasks to queue
[2024-01-05T01:35:30.280+0000] {logging_mixin.py:188} INFO - [2024-01-05T01:35:30.280+0000] {dagbag.py:538} INFO - Filling up the DagBag from /home/eder/Desktop/Airflow/Twitter/venv/lib/python3.9/site-packages/airflow/example_dags/plugins/listener_plugin.py
[2024-01-05T01:35:30.284+0000] {processor.py:842} WARNING - No viable dags retrieved from /home/eder/Desktop/Airflow/Twitter/venv/lib/python3.9/site-packages/airflow/example_dags/plugins/listener_plugin.py
[2024-01-05T01:35:30.294+0000] {processor.py:183} INFO - Processing /home/eder/Desktop/Airflow/Twitter/venv/lib/python3.9/site-packages/airflow/example_dags/plugins/listener_plugin.py took 0.019 seconds
[2024-01-05T01:36:21.729+0000] {processor.py:161} INFO - Started process (PID=34421) to work on /home/eder/Desktop/Airflow/Twitter/venv/lib/python3.9/site-packages/airflow/example_dags/plugins/listener_plugin.py
[2024-01-05T01:36:21.740+0000] {processor.py:830} INFO - Processing file /home/eder/Desktop/Airflow/Twitter/venv/lib/python3.9/site-packages/airflow/example_dags/plugins/listener_plugin.py for tasks to queue
[2024-01-05T01:36:21.741+0000] {logging_mixin.py:188} INFO - [2024-01-05T01:36:21.741+0000] {dagbag.py:538} INFO - Filling up the DagBag from /home/eder/Desktop/Airflow/Twitter/venv/lib/python3.9/site-packages/airflow/example_dags/plugins/listener_plugin.py
[2024-01-05T01:36:21.744+0000] {processor.py:842} WARNING - No viable dags retrieved from /home/eder/Desktop/Airflow/Twitter/venv/lib/python3.9/site-packages/airflow/example_dags/plugins/listener_plugin.py
[2024-01-05T01:36:21.753+0000] {processor.py:183} INFO - Processing /home/eder/Desktop/Airflow/Twitter/venv/lib/python3.9/site-packages/airflow/example_dags/plugins/listener_plugin.py took 0.036 seconds
[2024-01-05T01:37:15.510+0000] {processor.py:161} INFO - Started process (PID=34579) to work on /home/eder/Desktop/Airflow/Twitter/venv/lib/python3.9/site-packages/airflow/example_dags/plugins/listener_plugin.py
[2024-01-05T01:37:15.520+0000] {processor.py:830} INFO - Processing file /home/eder/Desktop/Airflow/Twitter/venv/lib/python3.9/site-packages/airflow/example_dags/plugins/listener_plugin.py for tasks to queue
[2024-01-05T01:37:15.521+0000] {logging_mixin.py:188} INFO - [2024-01-05T01:37:15.521+0000] {dagbag.py:538} INFO - Filling up the DagBag from /home/eder/Desktop/Airflow/Twitter/venv/lib/python3.9/site-packages/airflow/example_dags/plugins/listener_plugin.py
[2024-01-05T01:37:15.525+0000] {processor.py:842} WARNING - No viable dags retrieved from /home/eder/Desktop/Airflow/Twitter/venv/lib/python3.9/site-packages/airflow/example_dags/plugins/listener_plugin.py
[2024-01-05T01:37:15.537+0000] {processor.py:183} INFO - Processing /home/eder/Desktop/Airflow/Twitter/venv/lib/python3.9/site-packages/airflow/example_dags/plugins/listener_plugin.py took 0.032 seconds
[2024-01-05T01:38:07.244+0000] {processor.py:161} INFO - Started process (PID=34858) to work on /home/eder/Desktop/Airflow/Twitter/venv/lib/python3.9/site-packages/airflow/example_dags/plugins/listener_plugin.py
[2024-01-05T01:38:07.251+0000] {processor.py:830} INFO - Processing file /home/eder/Desktop/Airflow/Twitter/venv/lib/python3.9/site-packages/airflow/example_dags/plugins/listener_plugin.py for tasks to queue
[2024-01-05T01:38:07.252+0000] {logging_mixin.py:188} INFO - [2024-01-05T01:38:07.252+0000] {dagbag.py:538} INFO - Filling up the DagBag from /home/eder/Desktop/Airflow/Twitter/venv/lib/python3.9/site-packages/airflow/example_dags/plugins/listener_plugin.py
[2024-01-05T01:38:07.255+0000] {processor.py:842} WARNING - No viable dags retrieved from /home/eder/Desktop/Airflow/Twitter/venv/lib/python3.9/site-packages/airflow/example_dags/plugins/listener_plugin.py
[2024-01-05T01:38:07.264+0000] {processor.py:183} INFO - Processing /home/eder/Desktop/Airflow/Twitter/venv/lib/python3.9/site-packages/airflow/example_dags/plugins/listener_plugin.py took 0.023 seconds
[2024-01-05T15:15:49.813+0000] {processor.py:161} INFO - Started process (PID=4543) to work on /home/eder/Desktop/Airflow/Twitter/venv/lib/python3.9/site-packages/airflow/example_dags/plugins/listener_plugin.py
[2024-01-05T15:15:49.821+0000] {processor.py:830} INFO - Processing file /home/eder/Desktop/Airflow/Twitter/venv/lib/python3.9/site-packages/airflow/example_dags/plugins/listener_plugin.py for tasks to queue
[2024-01-05T15:15:49.822+0000] {logging_mixin.py:188} INFO - [2024-01-05T15:15:49.822+0000] {dagbag.py:538} INFO - Filling up the DagBag from /home/eder/Desktop/Airflow/Twitter/venv/lib/python3.9/site-packages/airflow/example_dags/plugins/listener_plugin.py
[2024-01-05T15:15:49.827+0000] {processor.py:842} WARNING - No viable dags retrieved from /home/eder/Desktop/Airflow/Twitter/venv/lib/python3.9/site-packages/airflow/example_dags/plugins/listener_plugin.py
[2024-01-05T15:15:49.843+0000] {processor.py:183} INFO - Processing /home/eder/Desktop/Airflow/Twitter/venv/lib/python3.9/site-packages/airflow/example_dags/plugins/listener_plugin.py took 0.042 seconds
[2024-01-05T15:16:48.048+0000] {processor.py:161} INFO - Started process (PID=4682) to work on /home/eder/Desktop/Airflow/Twitter/venv/lib/python3.9/site-packages/airflow/example_dags/plugins/listener_plugin.py
[2024-01-05T15:16:48.056+0000] {processor.py:830} INFO - Processing file /home/eder/Desktop/Airflow/Twitter/venv/lib/python3.9/site-packages/airflow/example_dags/plugins/listener_plugin.py for tasks to queue
[2024-01-05T15:16:48.059+0000] {logging_mixin.py:188} INFO - [2024-01-05T15:16:48.058+0000] {dagbag.py:538} INFO - Filling up the DagBag from /home/eder/Desktop/Airflow/Twitter/venv/lib/python3.9/site-packages/airflow/example_dags/plugins/listener_plugin.py
[2024-01-05T15:16:48.064+0000] {processor.py:842} WARNING - No viable dags retrieved from /home/eder/Desktop/Airflow/Twitter/venv/lib/python3.9/site-packages/airflow/example_dags/plugins/listener_plugin.py
[2024-01-05T15:16:48.080+0000] {processor.py:183} INFO - Processing /home/eder/Desktop/Airflow/Twitter/venv/lib/python3.9/site-packages/airflow/example_dags/plugins/listener_plugin.py took 0.037 seconds
[2024-01-05T15:18:17.279+0000] {processor.py:161} INFO - Started process (PID=6022) to work on /home/eder/Desktop/Airflow/Twitter/venv/lib/python3.9/site-packages/airflow/example_dags/plugins/listener_plugin.py
[2024-01-05T15:18:17.287+0000] {processor.py:830} INFO - Processing file /home/eder/Desktop/Airflow/Twitter/venv/lib/python3.9/site-packages/airflow/example_dags/plugins/listener_plugin.py for tasks to queue
[2024-01-05T15:18:17.302+0000] {logging_mixin.py:188} INFO - [2024-01-05T15:18:17.301+0000] {dagbag.py:538} INFO - Filling up the DagBag from /home/eder/Desktop/Airflow/Twitter/venv/lib/python3.9/site-packages/airflow/example_dags/plugins/listener_plugin.py
[2024-01-05T15:18:17.308+0000] {processor.py:842} WARNING - No viable dags retrieved from /home/eder/Desktop/Airflow/Twitter/venv/lib/python3.9/site-packages/airflow/example_dags/plugins/listener_plugin.py
[2024-01-05T15:18:17.324+0000] {processor.py:183} INFO - Processing /home/eder/Desktop/Airflow/Twitter/venv/lib/python3.9/site-packages/airflow/example_dags/plugins/listener_plugin.py took 0.049 seconds
[2024-01-05T15:20:13.504+0000] {processor.py:161} INFO - Started process (PID=7551) to work on /home/eder/Desktop/Airflow/Twitter/venv/lib/python3.9/site-packages/airflow/example_dags/plugins/listener_plugin.py
[2024-01-05T15:20:13.511+0000] {processor.py:830} INFO - Processing file /home/eder/Desktop/Airflow/Twitter/venv/lib/python3.9/site-packages/airflow/example_dags/plugins/listener_plugin.py for tasks to queue
[2024-01-05T15:20:13.512+0000] {logging_mixin.py:188} INFO - [2024-01-05T15:20:13.512+0000] {dagbag.py:538} INFO - Filling up the DagBag from /home/eder/Desktop/Airflow/Twitter/venv/lib/python3.9/site-packages/airflow/example_dags/plugins/listener_plugin.py
[2024-01-05T15:20:13.525+0000] {processor.py:842} WARNING - No viable dags retrieved from /home/eder/Desktop/Airflow/Twitter/venv/lib/python3.9/site-packages/airflow/example_dags/plugins/listener_plugin.py
[2024-01-05T15:20:13.545+0000] {processor.py:183} INFO - Processing /home/eder/Desktop/Airflow/Twitter/venv/lib/python3.9/site-packages/airflow/example_dags/plugins/listener_plugin.py took 0.046 seconds
[2024-01-05T15:21:08.260+0000] {processor.py:161} INFO - Started process (PID=7752) to work on /home/eder/Desktop/Airflow/Twitter/venv/lib/python3.9/site-packages/airflow/example_dags/plugins/listener_plugin.py
[2024-01-05T15:21:08.268+0000] {processor.py:830} INFO - Processing file /home/eder/Desktop/Airflow/Twitter/venv/lib/python3.9/site-packages/airflow/example_dags/plugins/listener_plugin.py for tasks to queue
[2024-01-05T15:21:08.271+0000] {logging_mixin.py:188} INFO - [2024-01-05T15:21:08.270+0000] {dagbag.py:538} INFO - Filling up the DagBag from /home/eder/Desktop/Airflow/Twitter/venv/lib/python3.9/site-packages/airflow/example_dags/plugins/listener_plugin.py
[2024-01-05T15:21:08.275+0000] {processor.py:842} WARNING - No viable dags retrieved from /home/eder/Desktop/Airflow/Twitter/venv/lib/python3.9/site-packages/airflow/example_dags/plugins/listener_plugin.py
[2024-01-05T15:21:08.291+0000] {processor.py:183} INFO - Processing /home/eder/Desktop/Airflow/Twitter/venv/lib/python3.9/site-packages/airflow/example_dags/plugins/listener_plugin.py took 0.037 seconds
[2024-01-05T15:22:00.611+0000] {processor.py:161} INFO - Started process (PID=7890) to work on /home/eder/Desktop/Airflow/Twitter/venv/lib/python3.9/site-packages/airflow/example_dags/plugins/listener_plugin.py
[2024-01-05T15:22:00.613+0000] {processor.py:830} INFO - Processing file /home/eder/Desktop/Airflow/Twitter/venv/lib/python3.9/site-packages/airflow/example_dags/plugins/listener_plugin.py for tasks to queue
[2024-01-05T15:22:00.615+0000] {logging_mixin.py:188} INFO - [2024-01-05T15:22:00.614+0000] {dagbag.py:538} INFO - Filling up the DagBag from /home/eder/Desktop/Airflow/Twitter/venv/lib/python3.9/site-packages/airflow/example_dags/plugins/listener_plugin.py
[2024-01-05T15:22:00.621+0000] {processor.py:842} WARNING - No viable dags retrieved from /home/eder/Desktop/Airflow/Twitter/venv/lib/python3.9/site-packages/airflow/example_dags/plugins/listener_plugin.py
[2024-01-05T15:22:00.638+0000] {processor.py:183} INFO - Processing /home/eder/Desktop/Airflow/Twitter/venv/lib/python3.9/site-packages/airflow/example_dags/plugins/listener_plugin.py took 0.031 seconds
[2024-01-05T15:22:55.345+0000] {processor.py:161} INFO - Started process (PID=8034) to work on /home/eder/Desktop/Airflow/Twitter/venv/lib/python3.9/site-packages/airflow/example_dags/plugins/listener_plugin.py
[2024-01-05T15:22:55.348+0000] {processor.py:830} INFO - Processing file /home/eder/Desktop/Airflow/Twitter/venv/lib/python3.9/site-packages/airflow/example_dags/plugins/listener_plugin.py for tasks to queue
[2024-01-05T15:22:55.351+0000] {logging_mixin.py:188} INFO - [2024-01-05T15:22:55.350+0000] {dagbag.py:538} INFO - Filling up the DagBag from /home/eder/Desktop/Airflow/Twitter/venv/lib/python3.9/site-packages/airflow/example_dags/plugins/listener_plugin.py
[2024-01-05T15:22:55.360+0000] {processor.py:842} WARNING - No viable dags retrieved from /home/eder/Desktop/Airflow/Twitter/venv/lib/python3.9/site-packages/airflow/example_dags/plugins/listener_plugin.py
[2024-01-05T15:22:55.382+0000] {processor.py:183} INFO - Processing /home/eder/Desktop/Airflow/Twitter/venv/lib/python3.9/site-packages/airflow/example_dags/plugins/listener_plugin.py took 0.043 seconds
[2024-01-05T15:23:45.024+0000] {processor.py:161} INFO - Started process (PID=8172) to work on /home/eder/Desktop/Airflow/Twitter/venv/lib/python3.9/site-packages/airflow/example_dags/plugins/listener_plugin.py
[2024-01-05T15:23:45.026+0000] {processor.py:830} INFO - Processing file /home/eder/Desktop/Airflow/Twitter/venv/lib/python3.9/site-packages/airflow/example_dags/plugins/listener_plugin.py for tasks to queue
[2024-01-05T15:23:45.028+0000] {logging_mixin.py:188} INFO - [2024-01-05T15:23:45.027+0000] {dagbag.py:538} INFO - Filling up the DagBag from /home/eder/Desktop/Airflow/Twitter/venv/lib/python3.9/site-packages/airflow/example_dags/plugins/listener_plugin.py
[2024-01-05T15:23:45.032+0000] {processor.py:842} WARNING - No viable dags retrieved from /home/eder/Desktop/Airflow/Twitter/venv/lib/python3.9/site-packages/airflow/example_dags/plugins/listener_plugin.py
[2024-01-05T15:23:45.050+0000] {processor.py:183} INFO - Processing /home/eder/Desktop/Airflow/Twitter/venv/lib/python3.9/site-packages/airflow/example_dags/plugins/listener_plugin.py took 0.031 seconds
[2024-01-05T15:24:38.013+0000] {processor.py:161} INFO - Started process (PID=8242) to work on /home/eder/Desktop/Airflow/Twitter/venv/lib/python3.9/site-packages/airflow/example_dags/plugins/listener_plugin.py
[2024-01-05T15:24:38.016+0000] {processor.py:830} INFO - Processing file /home/eder/Desktop/Airflow/Twitter/venv/lib/python3.9/site-packages/airflow/example_dags/plugins/listener_plugin.py for tasks to queue
[2024-01-05T15:24:38.018+0000] {logging_mixin.py:188} INFO - [2024-01-05T15:24:38.017+0000] {dagbag.py:538} INFO - Filling up the DagBag from /home/eder/Desktop/Airflow/Twitter/venv/lib/python3.9/site-packages/airflow/example_dags/plugins/listener_plugin.py
[2024-01-05T15:24:38.023+0000] {processor.py:842} WARNING - No viable dags retrieved from /home/eder/Desktop/Airflow/Twitter/venv/lib/python3.9/site-packages/airflow/example_dags/plugins/listener_plugin.py
[2024-01-05T15:24:38.038+0000] {processor.py:183} INFO - Processing /home/eder/Desktop/Airflow/Twitter/venv/lib/python3.9/site-packages/airflow/example_dags/plugins/listener_plugin.py took 0.029 seconds
[2024-01-05T15:25:30.666+0000] {processor.py:161} INFO - Started process (PID=8382) to work on /home/eder/Desktop/Airflow/Twitter/venv/lib/python3.9/site-packages/airflow/example_dags/plugins/listener_plugin.py
[2024-01-05T15:25:30.678+0000] {processor.py:830} INFO - Processing file /home/eder/Desktop/Airflow/Twitter/venv/lib/python3.9/site-packages/airflow/example_dags/plugins/listener_plugin.py for tasks to queue
[2024-01-05T15:25:30.680+0000] {logging_mixin.py:188} INFO - [2024-01-05T15:25:30.679+0000] {dagbag.py:538} INFO - Filling up the DagBag from /home/eder/Desktop/Airflow/Twitter/venv/lib/python3.9/site-packages/airflow/example_dags/plugins/listener_plugin.py
[2024-01-05T15:25:30.685+0000] {processor.py:842} WARNING - No viable dags retrieved from /home/eder/Desktop/Airflow/Twitter/venv/lib/python3.9/site-packages/airflow/example_dags/plugins/listener_plugin.py
[2024-01-05T15:25:30.700+0000] {processor.py:183} INFO - Processing /home/eder/Desktop/Airflow/Twitter/venv/lib/python3.9/site-packages/airflow/example_dags/plugins/listener_plugin.py took 0.039 seconds
[2024-01-05T15:26:20.593+0000] {processor.py:161} INFO - Started process (PID=8575) to work on /home/eder/Desktop/Airflow/Twitter/venv/lib/python3.9/site-packages/airflow/example_dags/plugins/listener_plugin.py
[2024-01-05T15:26:20.606+0000] {processor.py:830} INFO - Processing file /home/eder/Desktop/Airflow/Twitter/venv/lib/python3.9/site-packages/airflow/example_dags/plugins/listener_plugin.py for tasks to queue
[2024-01-05T15:26:20.608+0000] {logging_mixin.py:188} INFO - [2024-01-05T15:26:20.607+0000] {dagbag.py:538} INFO - Filling up the DagBag from /home/eder/Desktop/Airflow/Twitter/venv/lib/python3.9/site-packages/airflow/example_dags/plugins/listener_plugin.py
[2024-01-05T15:26:20.612+0000] {processor.py:842} WARNING - No viable dags retrieved from /home/eder/Desktop/Airflow/Twitter/venv/lib/python3.9/site-packages/airflow/example_dags/plugins/listener_plugin.py
[2024-01-05T15:26:20.627+0000] {processor.py:183} INFO - Processing /home/eder/Desktop/Airflow/Twitter/venv/lib/python3.9/site-packages/airflow/example_dags/plugins/listener_plugin.py took 0.037 seconds
[2024-01-05T15:27:10.451+0000] {processor.py:161} INFO - Started process (PID=8781) to work on /home/eder/Desktop/Airflow/Twitter/venv/lib/python3.9/site-packages/airflow/example_dags/plugins/listener_plugin.py
[2024-01-05T15:27:10.461+0000] {processor.py:830} INFO - Processing file /home/eder/Desktop/Airflow/Twitter/venv/lib/python3.9/site-packages/airflow/example_dags/plugins/listener_plugin.py for tasks to queue
[2024-01-05T15:27:10.462+0000] {logging_mixin.py:188} INFO - [2024-01-05T15:27:10.461+0000] {dagbag.py:538} INFO - Filling up the DagBag from /home/eder/Desktop/Airflow/Twitter/venv/lib/python3.9/site-packages/airflow/example_dags/plugins/listener_plugin.py
[2024-01-05T15:27:10.467+0000] {processor.py:842} WARNING - No viable dags retrieved from /home/eder/Desktop/Airflow/Twitter/venv/lib/python3.9/site-packages/airflow/example_dags/plugins/listener_plugin.py
[2024-01-05T15:27:10.480+0000] {processor.py:183} INFO - Processing /home/eder/Desktop/Airflow/Twitter/venv/lib/python3.9/site-packages/airflow/example_dags/plugins/listener_plugin.py took 0.033 seconds
[2024-01-05T15:28:00.377+0000] {processor.py:161} INFO - Started process (PID=8913) to work on /home/eder/Desktop/Airflow/Twitter/venv/lib/python3.9/site-packages/airflow/example_dags/plugins/listener_plugin.py
[2024-01-05T15:28:00.387+0000] {processor.py:830} INFO - Processing file /home/eder/Desktop/Airflow/Twitter/venv/lib/python3.9/site-packages/airflow/example_dags/plugins/listener_plugin.py for tasks to queue
[2024-01-05T15:28:00.389+0000] {logging_mixin.py:188} INFO - [2024-01-05T15:28:00.388+0000] {dagbag.py:538} INFO - Filling up the DagBag from /home/eder/Desktop/Airflow/Twitter/venv/lib/python3.9/site-packages/airflow/example_dags/plugins/listener_plugin.py
[2024-01-05T15:28:00.394+0000] {processor.py:842} WARNING - No viable dags retrieved from /home/eder/Desktop/Airflow/Twitter/venv/lib/python3.9/site-packages/airflow/example_dags/plugins/listener_plugin.py
[2024-01-05T15:28:00.409+0000] {processor.py:183} INFO - Processing /home/eder/Desktop/Airflow/Twitter/venv/lib/python3.9/site-packages/airflow/example_dags/plugins/listener_plugin.py took 0.036 seconds
[2024-01-05T15:28:51.192+0000] {processor.py:161} INFO - Started process (PID=9051) to work on /home/eder/Desktop/Airflow/Twitter/venv/lib/python3.9/site-packages/airflow/example_dags/plugins/listener_plugin.py
[2024-01-05T15:28:51.195+0000] {processor.py:830} INFO - Processing file /home/eder/Desktop/Airflow/Twitter/venv/lib/python3.9/site-packages/airflow/example_dags/plugins/listener_plugin.py for tasks to queue
[2024-01-05T15:28:51.198+0000] {logging_mixin.py:188} INFO - [2024-01-05T15:28:51.196+0000] {dagbag.py:538} INFO - Filling up the DagBag from /home/eder/Desktop/Airflow/Twitter/venv/lib/python3.9/site-packages/airflow/example_dags/plugins/listener_plugin.py
[2024-01-05T15:28:51.206+0000] {processor.py:842} WARNING - No viable dags retrieved from /home/eder/Desktop/Airflow/Twitter/venv/lib/python3.9/site-packages/airflow/example_dags/plugins/listener_plugin.py
[2024-01-05T15:28:51.224+0000] {processor.py:183} INFO - Processing /home/eder/Desktop/Airflow/Twitter/venv/lib/python3.9/site-packages/airflow/example_dags/plugins/listener_plugin.py took 0.036 seconds
[2024-01-05T15:29:44.900+0000] {processor.py:161} INFO - Started process (PID=9318) to work on /home/eder/Desktop/Airflow/Twitter/venv/lib/python3.9/site-packages/airflow/example_dags/plugins/listener_plugin.py
[2024-01-05T15:29:44.910+0000] {processor.py:830} INFO - Processing file /home/eder/Desktop/Airflow/Twitter/venv/lib/python3.9/site-packages/airflow/example_dags/plugins/listener_plugin.py for tasks to queue
[2024-01-05T15:29:44.912+0000] {logging_mixin.py:188} INFO - [2024-01-05T15:29:44.911+0000] {dagbag.py:538} INFO - Filling up the DagBag from /home/eder/Desktop/Airflow/Twitter/venv/lib/python3.9/site-packages/airflow/example_dags/plugins/listener_plugin.py
[2024-01-05T15:29:44.920+0000] {processor.py:842} WARNING - No viable dags retrieved from /home/eder/Desktop/Airflow/Twitter/venv/lib/python3.9/site-packages/airflow/example_dags/plugins/listener_plugin.py
[2024-01-05T15:29:44.939+0000] {processor.py:183} INFO - Processing /home/eder/Desktop/Airflow/Twitter/venv/lib/python3.9/site-packages/airflow/example_dags/plugins/listener_plugin.py took 0.044 seconds
[2024-01-05T15:30:37.560+0000] {processor.py:161} INFO - Started process (PID=9427) to work on /home/eder/Desktop/Airflow/Twitter/venv/lib/python3.9/site-packages/airflow/example_dags/plugins/listener_plugin.py
[2024-01-05T15:30:37.570+0000] {processor.py:830} INFO - Processing file /home/eder/Desktop/Airflow/Twitter/venv/lib/python3.9/site-packages/airflow/example_dags/plugins/listener_plugin.py for tasks to queue
[2024-01-05T15:30:37.571+0000] {logging_mixin.py:188} INFO - [2024-01-05T15:30:37.571+0000] {dagbag.py:538} INFO - Filling up the DagBag from /home/eder/Desktop/Airflow/Twitter/venv/lib/python3.9/site-packages/airflow/example_dags/plugins/listener_plugin.py
[2024-01-05T15:30:37.576+0000] {processor.py:842} WARNING - No viable dags retrieved from /home/eder/Desktop/Airflow/Twitter/venv/lib/python3.9/site-packages/airflow/example_dags/plugins/listener_plugin.py
[2024-01-05T15:30:37.591+0000] {processor.py:183} INFO - Processing /home/eder/Desktop/Airflow/Twitter/venv/lib/python3.9/site-packages/airflow/example_dags/plugins/listener_plugin.py took 0.035 seconds
[2024-01-05T15:31:29.444+0000] {processor.py:161} INFO - Started process (PID=9594) to work on /home/eder/Desktop/Airflow/Twitter/venv/lib/python3.9/site-packages/airflow/example_dags/plugins/listener_plugin.py
[2024-01-05T15:31:29.452+0000] {processor.py:830} INFO - Processing file /home/eder/Desktop/Airflow/Twitter/venv/lib/python3.9/site-packages/airflow/example_dags/plugins/listener_plugin.py for tasks to queue
[2024-01-05T15:31:29.455+0000] {logging_mixin.py:188} INFO - [2024-01-05T15:31:29.455+0000] {dagbag.py:538} INFO - Filling up the DagBag from /home/eder/Desktop/Airflow/Twitter/venv/lib/python3.9/site-packages/airflow/example_dags/plugins/listener_plugin.py
[2024-01-05T15:31:29.460+0000] {processor.py:842} WARNING - No viable dags retrieved from /home/eder/Desktop/Airflow/Twitter/venv/lib/python3.9/site-packages/airflow/example_dags/plugins/listener_plugin.py
[2024-01-05T15:31:29.479+0000] {processor.py:183} INFO - Processing /home/eder/Desktop/Airflow/Twitter/venv/lib/python3.9/site-packages/airflow/example_dags/plugins/listener_plugin.py took 0.041 seconds
[2024-01-05T15:32:19.926+0000] {processor.py:161} INFO - Started process (PID=9791) to work on /home/eder/Desktop/Airflow/Twitter/venv/lib/python3.9/site-packages/airflow/example_dags/plugins/listener_plugin.py
[2024-01-05T15:32:19.935+0000] {processor.py:830} INFO - Processing file /home/eder/Desktop/Airflow/Twitter/venv/lib/python3.9/site-packages/airflow/example_dags/plugins/listener_plugin.py for tasks to queue
[2024-01-05T15:32:19.937+0000] {logging_mixin.py:188} INFO - [2024-01-05T15:32:19.936+0000] {dagbag.py:538} INFO - Filling up the DagBag from /home/eder/Desktop/Airflow/Twitter/venv/lib/python3.9/site-packages/airflow/example_dags/plugins/listener_plugin.py
[2024-01-05T15:32:19.943+0000] {processor.py:842} WARNING - No viable dags retrieved from /home/eder/Desktop/Airflow/Twitter/venv/lib/python3.9/site-packages/airflow/example_dags/plugins/listener_plugin.py
[2024-01-05T15:32:19.958+0000] {processor.py:183} INFO - Processing /home/eder/Desktop/Airflow/Twitter/venv/lib/python3.9/site-packages/airflow/example_dags/plugins/listener_plugin.py took 0.037 seconds
[2024-01-05T15:33:08.432+0000] {processor.py:161} INFO - Started process (PID=9930) to work on /home/eder/Desktop/Airflow/Twitter/venv/lib/python3.9/site-packages/airflow/example_dags/plugins/listener_plugin.py
[2024-01-05T15:33:08.441+0000] {processor.py:830} INFO - Processing file /home/eder/Desktop/Airflow/Twitter/venv/lib/python3.9/site-packages/airflow/example_dags/plugins/listener_plugin.py for tasks to queue
[2024-01-05T15:33:08.443+0000] {logging_mixin.py:188} INFO - [2024-01-05T15:33:08.443+0000] {dagbag.py:538} INFO - Filling up the DagBag from /home/eder/Desktop/Airflow/Twitter/venv/lib/python3.9/site-packages/airflow/example_dags/plugins/listener_plugin.py
[2024-01-05T15:33:08.448+0000] {processor.py:842} WARNING - No viable dags retrieved from /home/eder/Desktop/Airflow/Twitter/venv/lib/python3.9/site-packages/airflow/example_dags/plugins/listener_plugin.py
[2024-01-05T15:33:08.502+0000] {processor.py:183} INFO - Processing /home/eder/Desktop/Airflow/Twitter/venv/lib/python3.9/site-packages/airflow/example_dags/plugins/listener_plugin.py took 0.074 seconds
[2024-01-05T15:33:58.116+0000] {processor.py:161} INFO - Started process (PID=10066) to work on /home/eder/Desktop/Airflow/Twitter/venv/lib/python3.9/site-packages/airflow/example_dags/plugins/listener_plugin.py
[2024-01-05T15:33:58.120+0000] {processor.py:830} INFO - Processing file /home/eder/Desktop/Airflow/Twitter/venv/lib/python3.9/site-packages/airflow/example_dags/plugins/listener_plugin.py for tasks to queue
[2024-01-05T15:33:58.122+0000] {logging_mixin.py:188} INFO - [2024-01-05T15:33:58.121+0000] {dagbag.py:538} INFO - Filling up the DagBag from /home/eder/Desktop/Airflow/Twitter/venv/lib/python3.9/site-packages/airflow/example_dags/plugins/listener_plugin.py
[2024-01-05T15:33:58.126+0000] {processor.py:842} WARNING - No viable dags retrieved from /home/eder/Desktop/Airflow/Twitter/venv/lib/python3.9/site-packages/airflow/example_dags/plugins/listener_plugin.py
[2024-01-05T15:33:58.140+0000] {processor.py:183} INFO - Processing /home/eder/Desktop/Airflow/Twitter/venv/lib/python3.9/site-packages/airflow/example_dags/plugins/listener_plugin.py took 0.029 seconds
[2024-01-05T15:34:47.902+0000] {processor.py:161} INFO - Started process (PID=10198) to work on /home/eder/Desktop/Airflow/Twitter/venv/lib/python3.9/site-packages/airflow/example_dags/plugins/listener_plugin.py
[2024-01-05T15:34:47.912+0000] {processor.py:830} INFO - Processing file /home/eder/Desktop/Airflow/Twitter/venv/lib/python3.9/site-packages/airflow/example_dags/plugins/listener_plugin.py for tasks to queue
[2024-01-05T15:34:47.913+0000] {logging_mixin.py:188} INFO - [2024-01-05T15:34:47.913+0000] {dagbag.py:538} INFO - Filling up the DagBag from /home/eder/Desktop/Airflow/Twitter/venv/lib/python3.9/site-packages/airflow/example_dags/plugins/listener_plugin.py
[2024-01-05T15:34:47.918+0000] {processor.py:842} WARNING - No viable dags retrieved from /home/eder/Desktop/Airflow/Twitter/venv/lib/python3.9/site-packages/airflow/example_dags/plugins/listener_plugin.py
[2024-01-05T15:34:47.936+0000] {processor.py:183} INFO - Processing /home/eder/Desktop/Airflow/Twitter/venv/lib/python3.9/site-packages/airflow/example_dags/plugins/listener_plugin.py took 0.038 seconds
[2024-01-05T15:35:37.904+0000] {processor.py:161} INFO - Started process (PID=10356) to work on /home/eder/Desktop/Airflow/Twitter/venv/lib/python3.9/site-packages/airflow/example_dags/plugins/listener_plugin.py
[2024-01-05T15:35:37.913+0000] {processor.py:830} INFO - Processing file /home/eder/Desktop/Airflow/Twitter/venv/lib/python3.9/site-packages/airflow/example_dags/plugins/listener_plugin.py for tasks to queue
[2024-01-05T15:35:37.916+0000] {logging_mixin.py:188} INFO - [2024-01-05T15:35:37.915+0000] {dagbag.py:538} INFO - Filling up the DagBag from /home/eder/Desktop/Airflow/Twitter/venv/lib/python3.9/site-packages/airflow/example_dags/plugins/listener_plugin.py
[2024-01-05T15:35:37.920+0000] {processor.py:842} WARNING - No viable dags retrieved from /home/eder/Desktop/Airflow/Twitter/venv/lib/python3.9/site-packages/airflow/example_dags/plugins/listener_plugin.py
[2024-01-05T15:35:37.934+0000] {processor.py:183} INFO - Processing /home/eder/Desktop/Airflow/Twitter/venv/lib/python3.9/site-packages/airflow/example_dags/plugins/listener_plugin.py took 0.035 seconds
[2024-01-05T15:36:31.631+0000] {processor.py:161} INFO - Started process (PID=10593) to work on /home/eder/Desktop/Airflow/Twitter/venv/lib/python3.9/site-packages/airflow/example_dags/plugins/listener_plugin.py
[2024-01-05T15:36:31.642+0000] {processor.py:830} INFO - Processing file /home/eder/Desktop/Airflow/Twitter/venv/lib/python3.9/site-packages/airflow/example_dags/plugins/listener_plugin.py for tasks to queue
[2024-01-05T15:36:31.644+0000] {logging_mixin.py:188} INFO - [2024-01-05T15:36:31.643+0000] {dagbag.py:538} INFO - Filling up the DagBag from /home/eder/Desktop/Airflow/Twitter/venv/lib/python3.9/site-packages/airflow/example_dags/plugins/listener_plugin.py
[2024-01-05T15:36:31.649+0000] {processor.py:842} WARNING - No viable dags retrieved from /home/eder/Desktop/Airflow/Twitter/venv/lib/python3.9/site-packages/airflow/example_dags/plugins/listener_plugin.py
[2024-01-05T15:36:31.667+0000] {processor.py:183} INFO - Processing /home/eder/Desktop/Airflow/Twitter/venv/lib/python3.9/site-packages/airflow/example_dags/plugins/listener_plugin.py took 0.045 seconds
[2024-01-05T15:37:24.085+0000] {processor.py:161} INFO - Started process (PID=10730) to work on /home/eder/Desktop/Airflow/Twitter/venv/lib/python3.9/site-packages/airflow/example_dags/plugins/listener_plugin.py
[2024-01-05T15:37:24.095+0000] {processor.py:830} INFO - Processing file /home/eder/Desktop/Airflow/Twitter/venv/lib/python3.9/site-packages/airflow/example_dags/plugins/listener_plugin.py for tasks to queue
[2024-01-05T15:37:24.097+0000] {logging_mixin.py:188} INFO - [2024-01-05T15:37:24.096+0000] {dagbag.py:538} INFO - Filling up the DagBag from /home/eder/Desktop/Airflow/Twitter/venv/lib/python3.9/site-packages/airflow/example_dags/plugins/listener_plugin.py
[2024-01-05T15:37:24.101+0000] {processor.py:842} WARNING - No viable dags retrieved from /home/eder/Desktop/Airflow/Twitter/venv/lib/python3.9/site-packages/airflow/example_dags/plugins/listener_plugin.py
[2024-01-05T15:37:24.117+0000] {processor.py:183} INFO - Processing /home/eder/Desktop/Airflow/Twitter/venv/lib/python3.9/site-packages/airflow/example_dags/plugins/listener_plugin.py took 0.035 seconds
[2024-01-05T15:38:12.465+0000] {processor.py:161} INFO - Started process (PID=10860) to work on /home/eder/Desktop/Airflow/Twitter/venv/lib/python3.9/site-packages/airflow/example_dags/plugins/listener_plugin.py
[2024-01-05T15:38:12.477+0000] {processor.py:830} INFO - Processing file /home/eder/Desktop/Airflow/Twitter/venv/lib/python3.9/site-packages/airflow/example_dags/plugins/listener_plugin.py for tasks to queue
[2024-01-05T15:38:12.479+0000] {logging_mixin.py:188} INFO - [2024-01-05T15:38:12.478+0000] {dagbag.py:538} INFO - Filling up the DagBag from /home/eder/Desktop/Airflow/Twitter/venv/lib/python3.9/site-packages/airflow/example_dags/plugins/listener_plugin.py
[2024-01-05T15:38:12.487+0000] {processor.py:842} WARNING - No viable dags retrieved from /home/eder/Desktop/Airflow/Twitter/venv/lib/python3.9/site-packages/airflow/example_dags/plugins/listener_plugin.py
[2024-01-05T15:38:12.502+0000] {processor.py:183} INFO - Processing /home/eder/Desktop/Airflow/Twitter/venv/lib/python3.9/site-packages/airflow/example_dags/plugins/listener_plugin.py took 0.038 seconds
[2024-01-05T15:39:00.864+0000] {processor.py:161} INFO - Started process (PID=10995) to work on /home/eder/Desktop/Airflow/Twitter/venv/lib/python3.9/site-packages/airflow/example_dags/plugins/listener_plugin.py
[2024-01-05T15:39:00.866+0000] {processor.py:830} INFO - Processing file /home/eder/Desktop/Airflow/Twitter/venv/lib/python3.9/site-packages/airflow/example_dags/plugins/listener_plugin.py for tasks to queue
[2024-01-05T15:39:00.867+0000] {logging_mixin.py:188} INFO - [2024-01-05T15:39:00.867+0000] {dagbag.py:538} INFO - Filling up the DagBag from /home/eder/Desktop/Airflow/Twitter/venv/lib/python3.9/site-packages/airflow/example_dags/plugins/listener_plugin.py
[2024-01-05T15:39:00.872+0000] {processor.py:842} WARNING - No viable dags retrieved from /home/eder/Desktop/Airflow/Twitter/venv/lib/python3.9/site-packages/airflow/example_dags/plugins/listener_plugin.py
[2024-01-05T15:39:00.888+0000] {processor.py:183} INFO - Processing /home/eder/Desktop/Airflow/Twitter/venv/lib/python3.9/site-packages/airflow/example_dags/plugins/listener_plugin.py took 0.031 seconds
                                                                                                                                                                                                                                                                                                                                                                                                                                                                                                                                                                                                                                                                                                                                                                                                                                                                                                                                                                                                                                                                                                                               [2024-01-05T16:31:17.710+0000] {processor.py:161} INFO - Started process (PID=4369) to work on /home/eder/Desktop/Airflow/Twitter/venv/lib/python3.9/site-packages/airflow/example_dags/plugins/listener_plugin.py
[2024-01-05T16:31:17.719+0000] {processor.py:830} INFO - Processing file /home/eder/Desktop/Airflow/Twitter/venv/lib/python3.9/site-packages/airflow/example_dags/plugins/listener_plugin.py for tasks to queue
[2024-01-05T16:31:17.720+0000] {logging_mixin.py:188} INFO - [2024-01-05T16:31:17.720+0000] {dagbag.py:538} INFO - Filling up the DagBag from /home/eder/Desktop/Airflow/Twitter/venv/lib/python3.9/site-packages/airflow/example_dags/plugins/listener_plugin.py
[2024-01-05T16:31:17.723+0000] {processor.py:842} WARNING - No viable dags retrieved from /home/eder/Desktop/Airflow/Twitter/venv/lib/python3.9/site-packages/airflow/example_dags/plugins/listener_plugin.py
[2024-01-05T16:31:17.731+0000] {processor.py:183} INFO - Processing /home/eder/Desktop/Airflow/Twitter/venv/lib/python3.9/site-packages/airflow/example_dags/plugins/listener_plugin.py took 0.024 seconds
[2024-01-05T16:32:22.424+0000] {processor.py:161} INFO - Started process (PID=5450) to work on /home/eder/Desktop/Airflow/Twitter/venv/lib/python3.9/site-packages/airflow/example_dags/plugins/listener_plugin.py
[2024-01-05T16:32:22.436+0000] {processor.py:830} INFO - Processing file /home/eder/Desktop/Airflow/Twitter/venv/lib/python3.9/site-packages/airflow/example_dags/plugins/listener_plugin.py for tasks to queue
[2024-01-05T16:32:22.440+0000] {logging_mixin.py:188} INFO - [2024-01-05T16:32:22.439+0000] {dagbag.py:538} INFO - Filling up the DagBag from /home/eder/Desktop/Airflow/Twitter/venv/lib/python3.9/site-packages/airflow/example_dags/plugins/listener_plugin.py
[2024-01-05T16:32:22.443+0000] {processor.py:842} WARNING - No viable dags retrieved from /home/eder/Desktop/Airflow/Twitter/venv/lib/python3.9/site-packages/airflow/example_dags/plugins/listener_plugin.py
[2024-01-05T16:32:22.459+0000] {processor.py:183} INFO - Processing /home/eder/Desktop/Airflow/Twitter/venv/lib/python3.9/site-packages/airflow/example_dags/plugins/listener_plugin.py took 0.041 seconds
[2024-01-05T16:33:43.762+0000] {processor.py:161} INFO - Started process (PID=6196) to work on /home/eder/Desktop/Airflow/Twitter/venv/lib/python3.9/site-packages/airflow/example_dags/plugins/listener_plugin.py
[2024-01-05T16:33:43.769+0000] {processor.py:830} INFO - Processing file /home/eder/Desktop/Airflow/Twitter/venv/lib/python3.9/site-packages/airflow/example_dags/plugins/listener_plugin.py for tasks to queue
[2024-01-05T16:33:43.770+0000] {logging_mixin.py:188} INFO - [2024-01-05T16:33:43.770+0000] {dagbag.py:538} INFO - Filling up the DagBag from /home/eder/Desktop/Airflow/Twitter/venv/lib/python3.9/site-packages/airflow/example_dags/plugins/listener_plugin.py
[2024-01-05T16:33:43.773+0000] {processor.py:842} WARNING - No viable dags retrieved from /home/eder/Desktop/Airflow/Twitter/venv/lib/python3.9/site-packages/airflow/example_dags/plugins/listener_plugin.py
[2024-01-05T16:33:43.782+0000] {processor.py:183} INFO - Processing /home/eder/Desktop/Airflow/Twitter/venv/lib/python3.9/site-packages/airflow/example_dags/plugins/listener_plugin.py took 0.023 seconds
[2024-01-05T16:38:17.552+0000] {processor.py:161} INFO - Started process (PID=7060) to work on /home/eder/Desktop/Airflow/Twitter/venv/lib/python3.9/site-packages/airflow/example_dags/plugins/listener_plugin.py
[2024-01-05T16:38:17.579+0000] {processor.py:830} INFO - Processing file /home/eder/Desktop/Airflow/Twitter/venv/lib/python3.9/site-packages/airflow/example_dags/plugins/listener_plugin.py for tasks to queue
[2024-01-05T16:38:17.580+0000] {logging_mixin.py:188} INFO - [2024-01-05T16:38:17.580+0000] {dagbag.py:538} INFO - Filling up the DagBag from /home/eder/Desktop/Airflow/Twitter/venv/lib/python3.9/site-packages/airflow/example_dags/plugins/listener_plugin.py
[2024-01-05T16:38:17.584+0000] {processor.py:842} WARNING - No viable dags retrieved from /home/eder/Desktop/Airflow/Twitter/venv/lib/python3.9/site-packages/airflow/example_dags/plugins/listener_plugin.py
[2024-01-05T16:38:17.613+0000] {processor.py:183} INFO - Processing /home/eder/Desktop/Airflow/Twitter/venv/lib/python3.9/site-packages/airflow/example_dags/plugins/listener_plugin.py took 0.062 seconds
[2024-01-05T16:39:09.196+0000] {processor.py:161} INFO - Started process (PID=7208) to work on /home/eder/Desktop/Airflow/Twitter/venv/lib/python3.9/site-packages/airflow/example_dags/plugins/listener_plugin.py
[2024-01-05T16:39:09.210+0000] {processor.py:830} INFO - Processing file /home/eder/Desktop/Airflow/Twitter/venv/lib/python3.9/site-packages/airflow/example_dags/plugins/listener_plugin.py for tasks to queue
[2024-01-05T16:39:09.212+0000] {logging_mixin.py:188} INFO - [2024-01-05T16:39:09.212+0000] {dagbag.py:538} INFO - Filling up the DagBag from /home/eder/Desktop/Airflow/Twitter/venv/lib/python3.9/site-packages/airflow/example_dags/plugins/listener_plugin.py
[2024-01-05T16:39:09.222+0000] {processor.py:842} WARNING - No viable dags retrieved from /home/eder/Desktop/Airflow/Twitter/venv/lib/python3.9/site-packages/airflow/example_dags/plugins/listener_plugin.py
[2024-01-05T16:39:09.232+0000] {processor.py:183} INFO - Processing /home/eder/Desktop/Airflow/Twitter/venv/lib/python3.9/site-packages/airflow/example_dags/plugins/listener_plugin.py took 0.041 seconds
[2024-01-05T16:40:09.202+0000] {processor.py:161} INFO - Started process (PID=7680) to work on /home/eder/Desktop/Airflow/Twitter/venv/lib/python3.9/site-packages/airflow/example_dags/plugins/listener_plugin.py
[2024-01-05T16:40:09.207+0000] {processor.py:830} INFO - Processing file /home/eder/Desktop/Airflow/Twitter/venv/lib/python3.9/site-packages/airflow/example_dags/plugins/listener_plugin.py for tasks to queue
[2024-01-05T16:40:09.208+0000] {logging_mixin.py:188} INFO - [2024-01-05T16:40:09.208+0000] {dagbag.py:538} INFO - Filling up the DagBag from /home/eder/Desktop/Airflow/Twitter/venv/lib/python3.9/site-packages/airflow/example_dags/plugins/listener_plugin.py
[2024-01-05T16:40:09.211+0000] {processor.py:842} WARNING - No viable dags retrieved from /home/eder/Desktop/Airflow/Twitter/venv/lib/python3.9/site-packages/airflow/example_dags/plugins/listener_plugin.py
[2024-01-05T16:40:09.223+0000] {processor.py:183} INFO - Processing /home/eder/Desktop/Airflow/Twitter/venv/lib/python3.9/site-packages/airflow/example_dags/plugins/listener_plugin.py took 0.024 seconds
[2024-01-05T16:41:00.448+0000] {processor.py:161} INFO - Started process (PID=7770) to work on /home/eder/Desktop/Airflow/Twitter/venv/lib/python3.9/site-packages/airflow/example_dags/plugins/listener_plugin.py
[2024-01-05T16:41:00.456+0000] {processor.py:830} INFO - Processing file /home/eder/Desktop/Airflow/Twitter/venv/lib/python3.9/site-packages/airflow/example_dags/plugins/listener_plugin.py for tasks to queue
[2024-01-05T16:41:00.459+0000] {logging_mixin.py:188} INFO - [2024-01-05T16:41:00.458+0000] {dagbag.py:538} INFO - Filling up the DagBag from /home/eder/Desktop/Airflow/Twitter/venv/lib/python3.9/site-packages/airflow/example_dags/plugins/listener_plugin.py
[2024-01-05T16:41:00.479+0000] {processor.py:842} WARNING - No viable dags retrieved from /home/eder/Desktop/Airflow/Twitter/venv/lib/python3.9/site-packages/airflow/example_dags/plugins/listener_plugin.py
[2024-01-05T16:41:00.489+0000] {processor.py:183} INFO - Processing /home/eder/Desktop/Airflow/Twitter/venv/lib/python3.9/site-packages/airflow/example_dags/plugins/listener_plugin.py took 0.045 seconds
[2024-01-05T16:41:55.192+0000] {processor.py:161} INFO - Started process (PID=7938) to work on /home/eder/Desktop/Airflow/Twitter/venv/lib/python3.9/site-packages/airflow/example_dags/plugins/listener_plugin.py
[2024-01-05T16:41:55.215+0000] {processor.py:830} INFO - Processing file /home/eder/Desktop/Airflow/Twitter/venv/lib/python3.9/site-packages/airflow/example_dags/plugins/listener_plugin.py for tasks to queue
[2024-01-05T16:41:55.216+0000] {logging_mixin.py:188} INFO - [2024-01-05T16:41:55.216+0000] {dagbag.py:538} INFO - Filling up the DagBag from /home/eder/Desktop/Airflow/Twitter/venv/lib/python3.9/site-packages/airflow/example_dags/plugins/listener_plugin.py
[2024-01-05T16:41:55.220+0000] {processor.py:842} WARNING - No viable dags retrieved from /home/eder/Desktop/Airflow/Twitter/venv/lib/python3.9/site-packages/airflow/example_dags/plugins/listener_plugin.py
[2024-01-05T16:41:55.236+0000] {processor.py:183} INFO - Processing /home/eder/Desktop/Airflow/Twitter/venv/lib/python3.9/site-packages/airflow/example_dags/plugins/listener_plugin.py took 0.053 seconds
[2024-01-05T16:42:50.435+0000] {processor.py:161} INFO - Started process (PID=8103) to work on /home/eder/Desktop/Airflow/Twitter/venv/lib/python3.9/site-packages/airflow/example_dags/plugins/listener_plugin.py
[2024-01-05T16:42:50.451+0000] {processor.py:830} INFO - Processing file /home/eder/Desktop/Airflow/Twitter/venv/lib/python3.9/site-packages/airflow/example_dags/plugins/listener_plugin.py for tasks to queue
[2024-01-05T16:42:50.451+0000] {logging_mixin.py:188} INFO - [2024-01-05T16:42:50.451+0000] {dagbag.py:538} INFO - Filling up the DagBag from /home/eder/Desktop/Airflow/Twitter/venv/lib/python3.9/site-packages/airflow/example_dags/plugins/listener_plugin.py
[2024-01-05T16:42:50.459+0000] {processor.py:842} WARNING - No viable dags retrieved from /home/eder/Desktop/Airflow/Twitter/venv/lib/python3.9/site-packages/airflow/example_dags/plugins/listener_plugin.py
[2024-01-05T16:42:50.494+0000] {processor.py:183} INFO - Processing /home/eder/Desktop/Airflow/Twitter/venv/lib/python3.9/site-packages/airflow/example_dags/plugins/listener_plugin.py took 0.063 seconds
[2024-01-05T16:43:44.279+0000] {processor.py:161} INFO - Started process (PID=8382) to work on /home/eder/Desktop/Airflow/Twitter/venv/lib/python3.9/site-packages/airflow/example_dags/plugins/listener_plugin.py
[2024-01-05T16:43:44.296+0000] {processor.py:830} INFO - Processing file /home/eder/Desktop/Airflow/Twitter/venv/lib/python3.9/site-packages/airflow/example_dags/plugins/listener_plugin.py for tasks to queue
[2024-01-05T16:43:44.307+0000] {logging_mixin.py:188} INFO - [2024-01-05T16:43:44.306+0000] {dagbag.py:538} INFO - Filling up the DagBag from /home/eder/Desktop/Airflow/Twitter/venv/lib/python3.9/site-packages/airflow/example_dags/plugins/listener_plugin.py
[2024-01-05T16:43:44.312+0000] {processor.py:842} WARNING - No viable dags retrieved from /home/eder/Desktop/Airflow/Twitter/venv/lib/python3.9/site-packages/airflow/example_dags/plugins/listener_plugin.py
[2024-01-05T16:43:44.336+0000] {processor.py:183} INFO - Processing /home/eder/Desktop/Airflow/Twitter/venv/lib/python3.9/site-packages/airflow/example_dags/plugins/listener_plugin.py took 0.062 seconds
[2024-01-05T16:44:57.196+0000] {processor.py:161} INFO - Started process (PID=8945) to work on /home/eder/Desktop/Airflow/Twitter/venv/lib/python3.9/site-packages/airflow/example_dags/plugins/listener_plugin.py
[2024-01-05T16:44:57.217+0000] {processor.py:830} INFO - Processing file /home/eder/Desktop/Airflow/Twitter/venv/lib/python3.9/site-packages/airflow/example_dags/plugins/listener_plugin.py for tasks to queue
[2024-01-05T16:44:57.218+0000] {logging_mixin.py:188} INFO - [2024-01-05T16:44:57.217+0000] {dagbag.py:538} INFO - Filling up the DagBag from /home/eder/Desktop/Airflow/Twitter/venv/lib/python3.9/site-packages/airflow/example_dags/plugins/listener_plugin.py
[2024-01-05T16:44:57.221+0000] {processor.py:842} WARNING - No viable dags retrieved from /home/eder/Desktop/Airflow/Twitter/venv/lib/python3.9/site-packages/airflow/example_dags/plugins/listener_plugin.py
[2024-01-05T16:44:57.247+0000] {processor.py:183} INFO - Processing /home/eder/Desktop/Airflow/Twitter/venv/lib/python3.9/site-packages/airflow/example_dags/plugins/listener_plugin.py took 0.053 seconds
[2024-01-05T16:52:24.171+0000] {processor.py:161} INFO - Started process (PID=16486) to work on /home/eder/Desktop/Airflow/Twitter/venv/lib/python3.9/site-packages/airflow/example_dags/plugins/listener_plugin.py
[2024-01-05T16:52:24.192+0000] {processor.py:830} INFO - Processing file /home/eder/Desktop/Airflow/Twitter/venv/lib/python3.9/site-packages/airflow/example_dags/plugins/listener_plugin.py for tasks to queue
[2024-01-05T16:52:24.199+0000] {logging_mixin.py:188} INFO - [2024-01-05T16:52:24.198+0000] {dagbag.py:538} INFO - Filling up the DagBag from /home/eder/Desktop/Airflow/Twitter/venv/lib/python3.9/site-packages/airflow/example_dags/plugins/listener_plugin.py
[2024-01-05T16:52:24.202+0000] {processor.py:842} WARNING - No viable dags retrieved from /home/eder/Desktop/Airflow/Twitter/venv/lib/python3.9/site-packages/airflow/example_dags/plugins/listener_plugin.py
[2024-01-05T16:52:24.231+0000] {processor.py:183} INFO - Processing /home/eder/Desktop/Airflow/Twitter/venv/lib/python3.9/site-packages/airflow/example_dags/plugins/listener_plugin.py took 0.068 seconds
[2024-01-05T16:53:26.392+0000] {processor.py:161} INFO - Started process (PID=16658) to work on /home/eder/Desktop/Airflow/Twitter/venv/lib/python3.9/site-packages/airflow/example_dags/plugins/listener_plugin.py
[2024-01-05T16:53:26.418+0000] {processor.py:830} INFO - Processing file /home/eder/Desktop/Airflow/Twitter/venv/lib/python3.9/site-packages/airflow/example_dags/plugins/listener_plugin.py for tasks to queue
[2024-01-05T16:53:26.419+0000] {logging_mixin.py:188} INFO - [2024-01-05T16:53:26.419+0000] {dagbag.py:538} INFO - Filling up the DagBag from /home/eder/Desktop/Airflow/Twitter/venv/lib/python3.9/site-packages/airflow/example_dags/plugins/listener_plugin.py
[2024-01-05T16:53:26.427+0000] {processor.py:842} WARNING - No viable dags retrieved from /home/eder/Desktop/Airflow/Twitter/venv/lib/python3.9/site-packages/airflow/example_dags/plugins/listener_plugin.py
[2024-01-05T16:53:26.444+0000] {processor.py:183} INFO - Processing /home/eder/Desktop/Airflow/Twitter/venv/lib/python3.9/site-packages/airflow/example_dags/plugins/listener_plugin.py took 0.056 seconds
[2024-01-05T16:54:24.312+0000] {processor.py:161} INFO - Started process (PID=16885) to work on /home/eder/Desktop/Airflow/Twitter/venv/lib/python3.9/site-packages/airflow/example_dags/plugins/listener_plugin.py
[2024-01-05T16:54:24.328+0000] {processor.py:830} INFO - Processing file /home/eder/Desktop/Airflow/Twitter/venv/lib/python3.9/site-packages/airflow/example_dags/plugins/listener_plugin.py for tasks to queue
[2024-01-05T16:54:24.335+0000] {logging_mixin.py:188} INFO - [2024-01-05T16:54:24.335+0000] {dagbag.py:538} INFO - Filling up the DagBag from /home/eder/Desktop/Airflow/Twitter/venv/lib/python3.9/site-packages/airflow/example_dags/plugins/listener_plugin.py
[2024-01-05T16:54:24.343+0000] {processor.py:842} WARNING - No viable dags retrieved from /home/eder/Desktop/Airflow/Twitter/venv/lib/python3.9/site-packages/airflow/example_dags/plugins/listener_plugin.py
[2024-01-05T16:54:24.372+0000] {processor.py:183} INFO - Processing /home/eder/Desktop/Airflow/Twitter/venv/lib/python3.9/site-packages/airflow/example_dags/plugins/listener_plugin.py took 0.064 seconds
[2024-01-05T16:55:17.224+0000] {processor.py:161} INFO - Started process (PID=17057) to work on /home/eder/Desktop/Airflow/Twitter/venv/lib/python3.9/site-packages/airflow/example_dags/plugins/listener_plugin.py
[2024-01-05T16:55:17.247+0000] {processor.py:830} INFO - Processing file /home/eder/Desktop/Airflow/Twitter/venv/lib/python3.9/site-packages/airflow/example_dags/plugins/listener_plugin.py for tasks to queue
[2024-01-05T16:55:17.248+0000] {logging_mixin.py:188} INFO - [2024-01-05T16:55:17.247+0000] {dagbag.py:538} INFO - Filling up the DagBag from /home/eder/Desktop/Airflow/Twitter/venv/lib/python3.9/site-packages/airflow/example_dags/plugins/listener_plugin.py
[2024-01-05T16:55:17.251+0000] {processor.py:842} WARNING - No viable dags retrieved from /home/eder/Desktop/Airflow/Twitter/venv/lib/python3.9/site-packages/airflow/example_dags/plugins/listener_plugin.py
[2024-01-05T16:55:17.283+0000] {processor.py:183} INFO - Processing /home/eder/Desktop/Airflow/Twitter/venv/lib/python3.9/site-packages/airflow/example_dags/plugins/listener_plugin.py took 0.067 seconds
[2024-01-05T16:56:16.964+0000] {processor.py:161} INFO - Started process (PID=17217) to work on /home/eder/Desktop/Airflow/Twitter/venv/lib/python3.9/site-packages/airflow/example_dags/plugins/listener_plugin.py
[2024-01-05T16:56:17.008+0000] {processor.py:830} INFO - Processing file /home/eder/Desktop/Airflow/Twitter/venv/lib/python3.9/site-packages/airflow/example_dags/plugins/listener_plugin.py for tasks to queue
[2024-01-05T16:56:17.008+0000] {logging_mixin.py:188} INFO - [2024-01-05T16:56:17.008+0000] {dagbag.py:538} INFO - Filling up the DagBag from /home/eder/Desktop/Airflow/Twitter/venv/lib/python3.9/site-packages/airflow/example_dags/plugins/listener_plugin.py
[2024-01-05T16:56:17.015+0000] {processor.py:842} WARNING - No viable dags retrieved from /home/eder/Desktop/Airflow/Twitter/venv/lib/python3.9/site-packages/airflow/example_dags/plugins/listener_plugin.py
[2024-01-05T16:56:17.037+0000] {processor.py:183} INFO - Processing /home/eder/Desktop/Airflow/Twitter/venv/lib/python3.9/site-packages/airflow/example_dags/plugins/listener_plugin.py took 0.075 seconds
[2024-01-05T16:57:22.199+0000] {processor.py:161} INFO - Started process (PID=17405) to work on /home/eder/Desktop/Airflow/Twitter/venv/lib/python3.9/site-packages/airflow/example_dags/plugins/listener_plugin.py
[2024-01-05T16:57:22.216+0000] {processor.py:830} INFO - Processing file /home/eder/Desktop/Airflow/Twitter/venv/lib/python3.9/site-packages/airflow/example_dags/plugins/listener_plugin.py for tasks to queue
[2024-01-05T16:57:22.220+0000] {logging_mixin.py:188} INFO - [2024-01-05T16:57:22.220+0000] {dagbag.py:538} INFO - Filling up the DagBag from /home/eder/Desktop/Airflow/Twitter/venv/lib/python3.9/site-packages/airflow/example_dags/plugins/listener_plugin.py
[2024-01-05T16:57:22.234+0000] {processor.py:842} WARNING - No viable dags retrieved from /home/eder/Desktop/Airflow/Twitter/venv/lib/python3.9/site-packages/airflow/example_dags/plugins/listener_plugin.py
[2024-01-05T16:57:22.260+0000] {processor.py:183} INFO - Processing /home/eder/Desktop/Airflow/Twitter/venv/lib/python3.9/site-packages/airflow/example_dags/plugins/listener_plugin.py took 0.069 seconds
[2024-01-05T16:58:20.647+0000] {processor.py:161} INFO - Started process (PID=17565) to work on /home/eder/Desktop/Airflow/Twitter/venv/lib/python3.9/site-packages/airflow/example_dags/plugins/listener_plugin.py
[2024-01-05T16:58:20.655+0000] {processor.py:830} INFO - Processing file /home/eder/Desktop/Airflow/Twitter/venv/lib/python3.9/site-packages/airflow/example_dags/plugins/listener_plugin.py for tasks to queue
[2024-01-05T16:58:20.657+0000] {logging_mixin.py:188} INFO - [2024-01-05T16:58:20.656+0000] {dagbag.py:538} INFO - Filling up the DagBag from /home/eder/Desktop/Airflow/Twitter/venv/lib/python3.9/site-packages/airflow/example_dags/plugins/listener_plugin.py
[2024-01-05T16:58:20.660+0000] {processor.py:842} WARNING - No viable dags retrieved from /home/eder/Desktop/Airflow/Twitter/venv/lib/python3.9/site-packages/airflow/example_dags/plugins/listener_plugin.py
[2024-01-05T16:58:20.673+0000] {processor.py:183} INFO - Processing /home/eder/Desktop/Airflow/Twitter/venv/lib/python3.9/site-packages/airflow/example_dags/plugins/listener_plugin.py took 0.029 seconds
[2024-01-05T16:59:22.600+0000] {processor.py:161} INFO - Started process (PID=17795) to work on /home/eder/Desktop/Airflow/Twitter/venv/lib/python3.9/site-packages/airflow/example_dags/plugins/listener_plugin.py
[2024-01-05T16:59:22.611+0000] {processor.py:830} INFO - Processing file /home/eder/Desktop/Airflow/Twitter/venv/lib/python3.9/site-packages/airflow/example_dags/plugins/listener_plugin.py for tasks to queue
[2024-01-05T16:59:22.612+0000] {logging_mixin.py:188} INFO - [2024-01-05T16:59:22.612+0000] {dagbag.py:538} INFO - Filling up the DagBag from /home/eder/Desktop/Airflow/Twitter/venv/lib/python3.9/site-packages/airflow/example_dags/plugins/listener_plugin.py
[2024-01-05T16:59:22.618+0000] {processor.py:842} WARNING - No viable dags retrieved from /home/eder/Desktop/Airflow/Twitter/venv/lib/python3.9/site-packages/airflow/example_dags/plugins/listener_plugin.py
[2024-01-05T16:59:22.643+0000] {processor.py:183} INFO - Processing /home/eder/Desktop/Airflow/Twitter/venv/lib/python3.9/site-packages/airflow/example_dags/plugins/listener_plugin.py took 0.046 seconds
[2024-01-05T17:00:26.812+0000] {processor.py:161} INFO - Started process (PID=17963) to work on /home/eder/Desktop/Airflow/Twitter/venv/lib/python3.9/site-packages/airflow/example_dags/plugins/listener_plugin.py
[2024-01-05T17:00:26.843+0000] {processor.py:830} INFO - Processing file /home/eder/Desktop/Airflow/Twitter/venv/lib/python3.9/site-packages/airflow/example_dags/plugins/listener_plugin.py for tasks to queue
[2024-01-05T17:00:26.854+0000] {logging_mixin.py:188} INFO - [2024-01-05T17:00:26.844+0000] {dagbag.py:538} INFO - Filling up the DagBag from /home/eder/Desktop/Airflow/Twitter/venv/lib/python3.9/site-packages/airflow/example_dags/plugins/listener_plugin.py
[2024-01-05T17:00:26.860+0000] {processor.py:842} WARNING - No viable dags retrieved from /home/eder/Desktop/Airflow/Twitter/venv/lib/python3.9/site-packages/airflow/example_dags/plugins/listener_plugin.py
[2024-01-05T17:00:26.879+0000] {processor.py:183} INFO - Processing /home/eder/Desktop/Airflow/Twitter/venv/lib/python3.9/site-packages/airflow/example_dags/plugins/listener_plugin.py took 0.072 seconds
[2024-01-05T17:01:31.544+0000] {processor.py:161} INFO - Started process (PID=18154) to work on /home/eder/Desktop/Airflow/Twitter/venv/lib/python3.9/site-packages/airflow/example_dags/plugins/listener_plugin.py
[2024-01-05T17:01:31.568+0000] {processor.py:830} INFO - Processing file /home/eder/Desktop/Airflow/Twitter/venv/lib/python3.9/site-packages/airflow/example_dags/plugins/listener_plugin.py for tasks to queue
[2024-01-05T17:01:31.574+0000] {logging_mixin.py:188} INFO - [2024-01-05T17:01:31.572+0000] {dagbag.py:538} INFO - Filling up the DagBag from /home/eder/Desktop/Airflow/Twitter/venv/lib/python3.9/site-packages/airflow/example_dags/plugins/listener_plugin.py
[2024-01-05T17:01:31.577+0000] {processor.py:842} WARNING - No viable dags retrieved from /home/eder/Desktop/Airflow/Twitter/venv/lib/python3.9/site-packages/airflow/example_dags/plugins/listener_plugin.py
[2024-01-05T17:01:31.594+0000] {processor.py:183} INFO - Processing /home/eder/Desktop/Airflow/Twitter/venv/lib/python3.9/site-packages/airflow/example_dags/plugins/listener_plugin.py took 0.055 seconds
[2024-01-05T17:02:32.708+0000] {processor.py:161} INFO - Started process (PID=18320) to work on /home/eder/Desktop/Airflow/Twitter/venv/lib/python3.9/site-packages/airflow/example_dags/plugins/listener_plugin.py
[2024-01-05T17:02:32.727+0000] {processor.py:830} INFO - Processing file /home/eder/Desktop/Airflow/Twitter/venv/lib/python3.9/site-packages/airflow/example_dags/plugins/listener_plugin.py for tasks to queue
[2024-01-05T17:02:32.728+0000] {logging_mixin.py:188} INFO - [2024-01-05T17:02:32.727+0000] {dagbag.py:538} INFO - Filling up the DagBag from /home/eder/Desktop/Airflow/Twitter/venv/lib/python3.9/site-packages/airflow/example_dags/plugins/listener_plugin.py
[2024-01-05T17:02:32.735+0000] {processor.py:842} WARNING - No viable dags retrieved from /home/eder/Desktop/Airflow/Twitter/venv/lib/python3.9/site-packages/airflow/example_dags/plugins/listener_plugin.py
[2024-01-05T17:02:32.844+0000] {processor.py:183} INFO - Processing /home/eder/Desktop/Airflow/Twitter/venv/lib/python3.9/site-packages/airflow/example_dags/plugins/listener_plugin.py took 0.141 seconds
[2024-01-05T17:03:34.303+0000] {processor.py:161} INFO - Started process (PID=18548) to work on /home/eder/Desktop/Airflow/Twitter/venv/lib/python3.9/site-packages/airflow/example_dags/plugins/listener_plugin.py
[2024-01-05T17:03:34.323+0000] {processor.py:830} INFO - Processing file /home/eder/Desktop/Airflow/Twitter/venv/lib/python3.9/site-packages/airflow/example_dags/plugins/listener_plugin.py for tasks to queue
[2024-01-05T17:03:34.323+0000] {logging_mixin.py:188} INFO - [2024-01-05T17:03:34.323+0000] {dagbag.py:538} INFO - Filling up the DagBag from /home/eder/Desktop/Airflow/Twitter/venv/lib/python3.9/site-packages/airflow/example_dags/plugins/listener_plugin.py
[2024-01-05T17:03:34.331+0000] {processor.py:842} WARNING - No viable dags retrieved from /home/eder/Desktop/Airflow/Twitter/venv/lib/python3.9/site-packages/airflow/example_dags/plugins/listener_plugin.py
[2024-01-05T17:03:34.347+0000] {processor.py:183} INFO - Processing /home/eder/Desktop/Airflow/Twitter/venv/lib/python3.9/site-packages/airflow/example_dags/plugins/listener_plugin.py took 0.048 seconds
[2024-01-05T17:04:31.823+0000] {processor.py:161} INFO - Started process (PID=18717) to work on /home/eder/Desktop/Airflow/Twitter/venv/lib/python3.9/site-packages/airflow/example_dags/plugins/listener_plugin.py
[2024-01-05T17:04:31.831+0000] {processor.py:830} INFO - Processing file /home/eder/Desktop/Airflow/Twitter/venv/lib/python3.9/site-packages/airflow/example_dags/plugins/listener_plugin.py for tasks to queue
[2024-01-05T17:04:31.832+0000] {logging_mixin.py:188} INFO - [2024-01-05T17:04:31.832+0000] {dagbag.py:538} INFO - Filling up the DagBag from /home/eder/Desktop/Airflow/Twitter/venv/lib/python3.9/site-packages/airflow/example_dags/plugins/listener_plugin.py
[2024-01-05T17:04:31.835+0000] {processor.py:842} WARNING - No viable dags retrieved from /home/eder/Desktop/Airflow/Twitter/venv/lib/python3.9/site-packages/airflow/example_dags/plugins/listener_plugin.py
[2024-01-05T17:04:31.845+0000] {processor.py:183} INFO - Processing /home/eder/Desktop/Airflow/Twitter/venv/lib/python3.9/site-packages/airflow/example_dags/plugins/listener_plugin.py took 0.024 seconds
[2024-01-05T17:05:19.862+0000] {processor.py:161} INFO - Started process (PID=18862) to work on /home/eder/Desktop/Airflow/Twitter/venv/lib/python3.9/site-packages/airflow/example_dags/plugins/listener_plugin.py
[2024-01-05T17:05:19.869+0000] {processor.py:830} INFO - Processing file /home/eder/Desktop/Airflow/Twitter/venv/lib/python3.9/site-packages/airflow/example_dags/plugins/listener_plugin.py for tasks to queue
[2024-01-05T17:05:19.870+0000] {logging_mixin.py:188} INFO - [2024-01-05T17:05:19.870+0000] {dagbag.py:538} INFO - Filling up the DagBag from /home/eder/Desktop/Airflow/Twitter/venv/lib/python3.9/site-packages/airflow/example_dags/plugins/listener_plugin.py
[2024-01-05T17:05:19.874+0000] {processor.py:842} WARNING - No viable dags retrieved from /home/eder/Desktop/Airflow/Twitter/venv/lib/python3.9/site-packages/airflow/example_dags/plugins/listener_plugin.py
[2024-01-05T17:05:19.883+0000] {processor.py:183} INFO - Processing /home/eder/Desktop/Airflow/Twitter/venv/lib/python3.9/site-packages/airflow/example_dags/plugins/listener_plugin.py took 0.028 seconds
[2024-01-05T17:06:03.643+0000] {processor.py:161} INFO - Started process (PID=18941) to work on /home/eder/Desktop/Airflow/Twitter/venv/lib/python3.9/site-packages/airflow/example_dags/plugins/listener_plugin.py
[2024-01-05T17:06:03.645+0000] {processor.py:830} INFO - Processing file /home/eder/Desktop/Airflow/Twitter/venv/lib/python3.9/site-packages/airflow/example_dags/plugins/listener_plugin.py for tasks to queue
[2024-01-05T17:06:03.646+0000] {logging_mixin.py:188} INFO - [2024-01-05T17:06:03.645+0000] {dagbag.py:538} INFO - Filling up the DagBag from /home/eder/Desktop/Airflow/Twitter/venv/lib/python3.9/site-packages/airflow/example_dags/plugins/listener_plugin.py
[2024-01-05T17:06:03.655+0000] {processor.py:842} WARNING - No viable dags retrieved from /home/eder/Desktop/Airflow/Twitter/venv/lib/python3.9/site-packages/airflow/example_dags/plugins/listener_plugin.py
[2024-01-05T17:06:03.675+0000] {processor.py:183} INFO - Processing /home/eder/Desktop/Airflow/Twitter/venv/lib/python3.9/site-packages/airflow/example_dags/plugins/listener_plugin.py took 0.035 seconds
[2024-01-05T17:06:49.657+0000] {processor.py:161} INFO - Started process (PID=19086) to work on /home/eder/Desktop/Airflow/Twitter/venv/lib/python3.9/site-packages/airflow/example_dags/plugins/listener_plugin.py
[2024-01-05T17:06:49.668+0000] {processor.py:830} INFO - Processing file /home/eder/Desktop/Airflow/Twitter/venv/lib/python3.9/site-packages/airflow/example_dags/plugins/listener_plugin.py for tasks to queue
[2024-01-05T17:06:49.669+0000] {logging_mixin.py:188} INFO - [2024-01-05T17:06:49.668+0000] {dagbag.py:538} INFO - Filling up the DagBag from /home/eder/Desktop/Airflow/Twitter/venv/lib/python3.9/site-packages/airflow/example_dags/plugins/listener_plugin.py
[2024-01-05T17:06:49.672+0000] {processor.py:842} WARNING - No viable dags retrieved from /home/eder/Desktop/Airflow/Twitter/venv/lib/python3.9/site-packages/airflow/example_dags/plugins/listener_plugin.py
[2024-01-05T17:06:49.682+0000] {processor.py:183} INFO - Processing /home/eder/Desktop/Airflow/Twitter/venv/lib/python3.9/site-packages/airflow/example_dags/plugins/listener_plugin.py took 0.027 seconds
[2024-01-05T17:07:36.786+0000] {processor.py:161} INFO - Started process (PID=19243) to work on /home/eder/Desktop/Airflow/Twitter/venv/lib/python3.9/site-packages/airflow/example_dags/plugins/listener_plugin.py
[2024-01-05T17:07:36.794+0000] {processor.py:830} INFO - Processing file /home/eder/Desktop/Airflow/Twitter/venv/lib/python3.9/site-packages/airflow/example_dags/plugins/listener_plugin.py for tasks to queue
[2024-01-05T17:07:36.803+0000] {logging_mixin.py:188} INFO - [2024-01-05T17:07:36.803+0000] {dagbag.py:538} INFO - Filling up the DagBag from /home/eder/Desktop/Airflow/Twitter/venv/lib/python3.9/site-packages/airflow/example_dags/plugins/listener_plugin.py
[2024-01-05T17:07:36.811+0000] {processor.py:842} WARNING - No viable dags retrieved from /home/eder/Desktop/Airflow/Twitter/venv/lib/python3.9/site-packages/airflow/example_dags/plugins/listener_plugin.py
[2024-01-05T17:07:36.834+0000] {processor.py:183} INFO - Processing /home/eder/Desktop/Airflow/Twitter/venv/lib/python3.9/site-packages/airflow/example_dags/plugins/listener_plugin.py took 0.051 seconds
[2024-01-05T17:08:19.156+0000] {processor.py:161} INFO - Started process (PID=19373) to work on /home/eder/Desktop/Airflow/Twitter/venv/lib/python3.9/site-packages/airflow/example_dags/plugins/listener_plugin.py
[2024-01-05T17:08:19.184+0000] {processor.py:830} INFO - Processing file /home/eder/Desktop/Airflow/Twitter/venv/lib/python3.9/site-packages/airflow/example_dags/plugins/listener_plugin.py for tasks to queue
[2024-01-05T17:08:19.187+0000] {logging_mixin.py:188} INFO - [2024-01-05T17:08:19.184+0000] {dagbag.py:538} INFO - Filling up the DagBag from /home/eder/Desktop/Airflow/Twitter/venv/lib/python3.9/site-packages/airflow/example_dags/plugins/listener_plugin.py
[2024-01-05T17:08:19.199+0000] {processor.py:842} WARNING - No viable dags retrieved from /home/eder/Desktop/Airflow/Twitter/venv/lib/python3.9/site-packages/airflow/example_dags/plugins/listener_plugin.py
[2024-01-05T17:08:19.223+0000] {processor.py:183} INFO - Processing /home/eder/Desktop/Airflow/Twitter/venv/lib/python3.9/site-packages/airflow/example_dags/plugins/listener_plugin.py took 0.072 seconds
[2024-01-05T17:36:26.354+0000] {processor.py:161} INFO - Started process (PID=20125) to work on /home/eder/Desktop/Airflow/Twitter/venv/lib/python3.9/site-packages/airflow/example_dags/plugins/listener_plugin.py
[2024-01-05T17:36:26.357+0000] {processor.py:830} INFO - Processing file /home/eder/Desktop/Airflow/Twitter/venv/lib/python3.9/site-packages/airflow/example_dags/plugins/listener_plugin.py for tasks to queue
[2024-01-05T17:36:26.358+0000] {logging_mixin.py:188} INFO - [2024-01-05T17:36:26.358+0000] {dagbag.py:538} INFO - Filling up the DagBag from /home/eder/Desktop/Airflow/Twitter/venv/lib/python3.9/site-packages/airflow/example_dags/plugins/listener_plugin.py
[2024-01-05T17:36:26.361+0000] {processor.py:842} WARNING - No viable dags retrieved from /home/eder/Desktop/Airflow/Twitter/venv/lib/python3.9/site-packages/airflow/example_dags/plugins/listener_plugin.py
[2024-01-05T17:36:26.370+0000] {processor.py:183} INFO - Processing /home/eder/Desktop/Airflow/Twitter/venv/lib/python3.9/site-packages/airflow/example_dags/plugins/listener_plugin.py took 0.018 seconds
[2024-01-05T17:37:30.082+0000] {processor.py:161} INFO - Started process (PID=20786) to work on /home/eder/Desktop/Airflow/Twitter/venv/lib/python3.9/site-packages/airflow/example_dags/plugins/listener_plugin.py
[2024-01-05T17:37:30.093+0000] {processor.py:830} INFO - Processing file /home/eder/Desktop/Airflow/Twitter/venv/lib/python3.9/site-packages/airflow/example_dags/plugins/listener_plugin.py for tasks to queue
[2024-01-05T17:37:30.094+0000] {logging_mixin.py:188} INFO - [2024-01-05T17:37:30.094+0000] {dagbag.py:538} INFO - Filling up the DagBag from /home/eder/Desktop/Airflow/Twitter/venv/lib/python3.9/site-packages/airflow/example_dags/plugins/listener_plugin.py
[2024-01-05T17:37:30.097+0000] {processor.py:842} WARNING - No viable dags retrieved from /home/eder/Desktop/Airflow/Twitter/venv/lib/python3.9/site-packages/airflow/example_dags/plugins/listener_plugin.py
[2024-01-05T17:37:30.111+0000] {processor.py:183} INFO - Processing /home/eder/Desktop/Airflow/Twitter/venv/lib/python3.9/site-packages/airflow/example_dags/plugins/listener_plugin.py took 0.036 seconds
[2024-01-05T17:38:22.800+0000] {processor.py:161} INFO - Started process (PID=21063) to work on /home/eder/Desktop/Airflow/Twitter/venv/lib/python3.9/site-packages/airflow/example_dags/plugins/listener_plugin.py
[2024-01-05T17:38:22.812+0000] {processor.py:830} INFO - Processing file /home/eder/Desktop/Airflow/Twitter/venv/lib/python3.9/site-packages/airflow/example_dags/plugins/listener_plugin.py for tasks to queue
[2024-01-05T17:38:22.813+0000] {logging_mixin.py:188} INFO - [2024-01-05T17:38:22.813+0000] {dagbag.py:538} INFO - Filling up the DagBag from /home/eder/Desktop/Airflow/Twitter/venv/lib/python3.9/site-packages/airflow/example_dags/plugins/listener_plugin.py
[2024-01-05T17:38:22.816+0000] {processor.py:842} WARNING - No viable dags retrieved from /home/eder/Desktop/Airflow/Twitter/venv/lib/python3.9/site-packages/airflow/example_dags/plugins/listener_plugin.py
[2024-01-05T17:38:22.825+0000] {processor.py:183} INFO - Processing /home/eder/Desktop/Airflow/Twitter/venv/lib/python3.9/site-packages/airflow/example_dags/plugins/listener_plugin.py took 0.028 seconds
[2024-01-05T17:39:11.115+0000] {processor.py:161} INFO - Started process (PID=21141) to work on /home/eder/Desktop/Airflow/Twitter/venv/lib/python3.9/site-packages/airflow/example_dags/plugins/listener_plugin.py
[2024-01-05T17:39:11.126+0000] {processor.py:830} INFO - Processing file /home/eder/Desktop/Airflow/Twitter/venv/lib/python3.9/site-packages/airflow/example_dags/plugins/listener_plugin.py for tasks to queue
[2024-01-05T17:39:11.127+0000] {logging_mixin.py:188} INFO - [2024-01-05T17:39:11.126+0000] {dagbag.py:538} INFO - Filling up the DagBag from /home/eder/Desktop/Airflow/Twitter/venv/lib/python3.9/site-packages/airflow/example_dags/plugins/listener_plugin.py
[2024-01-05T17:39:11.136+0000] {processor.py:842} WARNING - No viable dags retrieved from /home/eder/Desktop/Airflow/Twitter/venv/lib/python3.9/site-packages/airflow/example_dags/plugins/listener_plugin.py
[2024-01-05T17:39:11.148+0000] {processor.py:183} INFO - Processing /home/eder/Desktop/Airflow/Twitter/venv/lib/python3.9/site-packages/airflow/example_dags/plugins/listener_plugin.py took 0.036 seconds
[2024-01-05T17:39:52.574+0000] {processor.py:161} INFO - Started process (PID=21270) to work on /home/eder/Desktop/Airflow/Twitter/venv/lib/python3.9/site-packages/airflow/example_dags/plugins/listener_plugin.py
[2024-01-05T17:39:52.584+0000] {processor.py:830} INFO - Processing file /home/eder/Desktop/Airflow/Twitter/venv/lib/python3.9/site-packages/airflow/example_dags/plugins/listener_plugin.py for tasks to queue
[2024-01-05T17:39:52.588+0000] {logging_mixin.py:188} INFO - [2024-01-05T17:39:52.588+0000] {dagbag.py:538} INFO - Filling up the DagBag from /home/eder/Desktop/Airflow/Twitter/venv/lib/python3.9/site-packages/airflow/example_dags/plugins/listener_plugin.py
[2024-01-05T17:39:52.603+0000] {processor.py:842} WARNING - No viable dags retrieved from /home/eder/Desktop/Airflow/Twitter/venv/lib/python3.9/site-packages/airflow/example_dags/plugins/listener_plugin.py
[2024-01-05T17:39:52.615+0000] {processor.py:183} INFO - Processing /home/eder/Desktop/Airflow/Twitter/venv/lib/python3.9/site-packages/airflow/example_dags/plugins/listener_plugin.py took 0.043 seconds
[2024-01-05T17:50:30.333+0000] {processor.py:161} INFO - Started process (PID=32403) to work on /home/eder/Desktop/Airflow/Twitter/venv/lib/python3.9/site-packages/airflow/example_dags/plugins/listener_plugin.py
[2024-01-05T17:50:30.341+0000] {processor.py:830} INFO - Processing file /home/eder/Desktop/Airflow/Twitter/venv/lib/python3.9/site-packages/airflow/example_dags/plugins/listener_plugin.py for tasks to queue
[2024-01-05T17:50:30.342+0000] {logging_mixin.py:188} INFO - [2024-01-05T17:50:30.341+0000] {dagbag.py:538} INFO - Filling up the DagBag from /home/eder/Desktop/Airflow/Twitter/venv/lib/python3.9/site-packages/airflow/example_dags/plugins/listener_plugin.py
[2024-01-05T17:50:30.347+0000] {processor.py:842} WARNING - No viable dags retrieved from /home/eder/Desktop/Airflow/Twitter/venv/lib/python3.9/site-packages/airflow/example_dags/plugins/listener_plugin.py
[2024-01-05T17:50:30.362+0000] {processor.py:183} INFO - Processing /home/eder/Desktop/Airflow/Twitter/venv/lib/python3.9/site-packages/airflow/example_dags/plugins/listener_plugin.py took 0.031 seconds
[2024-01-05T17:51:21.677+0000] {processor.py:161} INFO - Started process (PID=32562) to work on /home/eder/Desktop/Airflow/Twitter/venv/lib/python3.9/site-packages/airflow/example_dags/plugins/listener_plugin.py
[2024-01-05T17:51:21.684+0000] {processor.py:830} INFO - Processing file /home/eder/Desktop/Airflow/Twitter/venv/lib/python3.9/site-packages/airflow/example_dags/plugins/listener_plugin.py for tasks to queue
[2024-01-05T17:51:21.694+0000] {logging_mixin.py:188} INFO - [2024-01-05T17:51:21.693+0000] {dagbag.py:538} INFO - Filling up the DagBag from /home/eder/Desktop/Airflow/Twitter/venv/lib/python3.9/site-packages/airflow/example_dags/plugins/listener_plugin.py
[2024-01-05T17:51:21.699+0000] {processor.py:842} WARNING - No viable dags retrieved from /home/eder/Desktop/Airflow/Twitter/venv/lib/python3.9/site-packages/airflow/example_dags/plugins/listener_plugin.py
[2024-01-05T17:51:21.717+0000] {processor.py:183} INFO - Processing /home/eder/Desktop/Airflow/Twitter/venv/lib/python3.9/site-packages/airflow/example_dags/plugins/listener_plugin.py took 0.042 seconds
[2024-01-05T17:52:04.757+0000] {processor.py:161} INFO - Started process (PID=32646) to work on /home/eder/Desktop/Airflow/Twitter/venv/lib/python3.9/site-packages/airflow/example_dags/plugins/listener_plugin.py
[2024-01-05T17:52:04.765+0000] {processor.py:830} INFO - Processing file /home/eder/Desktop/Airflow/Twitter/venv/lib/python3.9/site-packages/airflow/example_dags/plugins/listener_plugin.py for tasks to queue
[2024-01-05T17:52:04.766+0000] {logging_mixin.py:188} INFO - [2024-01-05T17:52:04.766+0000] {dagbag.py:538} INFO - Filling up the DagBag from /home/eder/Desktop/Airflow/Twitter/venv/lib/python3.9/site-packages/airflow/example_dags/plugins/listener_plugin.py
[2024-01-05T17:52:04.769+0000] {processor.py:842} WARNING - No viable dags retrieved from /home/eder/Desktop/Airflow/Twitter/venv/lib/python3.9/site-packages/airflow/example_dags/plugins/listener_plugin.py
[2024-01-05T17:52:04.779+0000] {processor.py:183} INFO - Processing /home/eder/Desktop/Airflow/Twitter/venv/lib/python3.9/site-packages/airflow/example_dags/plugins/listener_plugin.py took 0.025 seconds
[2024-01-05T17:52:51.925+0000] {processor.py:161} INFO - Started process (PID=32855) to work on /home/eder/Desktop/Airflow/Twitter/venv/lib/python3.9/site-packages/airflow/example_dags/plugins/listener_plugin.py
[2024-01-05T17:52:51.932+0000] {processor.py:830} INFO - Processing file /home/eder/Desktop/Airflow/Twitter/venv/lib/python3.9/site-packages/airflow/example_dags/plugins/listener_plugin.py for tasks to queue
[2024-01-05T17:52:51.933+0000] {logging_mixin.py:188} INFO - [2024-01-05T17:52:51.933+0000] {dagbag.py:538} INFO - Filling up the DagBag from /home/eder/Desktop/Airflow/Twitter/venv/lib/python3.9/site-packages/airflow/example_dags/plugins/listener_plugin.py
[2024-01-05T17:52:51.936+0000] {processor.py:842} WARNING - No viable dags retrieved from /home/eder/Desktop/Airflow/Twitter/venv/lib/python3.9/site-packages/airflow/example_dags/plugins/listener_plugin.py
[2024-01-05T17:52:51.946+0000] {processor.py:183} INFO - Processing /home/eder/Desktop/Airflow/Twitter/venv/lib/python3.9/site-packages/airflow/example_dags/plugins/listener_plugin.py took 0.024 seconds
[2024-01-05T17:53:47.634+0000] {processor.py:161} INFO - Started process (PID=33037) to work on /home/eder/Desktop/Airflow/Twitter/venv/lib/python3.9/site-packages/airflow/example_dags/plugins/listener_plugin.py
[2024-01-05T17:53:47.652+0000] {processor.py:830} INFO - Processing file /home/eder/Desktop/Airflow/Twitter/venv/lib/python3.9/site-packages/airflow/example_dags/plugins/listener_plugin.py for tasks to queue
[2024-01-05T17:53:47.658+0000] {logging_mixin.py:188} INFO - [2024-01-05T17:53:47.658+0000] {dagbag.py:538} INFO - Filling up the DagBag from /home/eder/Desktop/Airflow/Twitter/venv/lib/python3.9/site-packages/airflow/example_dags/plugins/listener_plugin.py
[2024-01-05T17:53:47.662+0000] {processor.py:842} WARNING - No viable dags retrieved from /home/eder/Desktop/Airflow/Twitter/venv/lib/python3.9/site-packages/airflow/example_dags/plugins/listener_plugin.py
[2024-01-05T17:53:47.683+0000] {processor.py:183} INFO - Processing /home/eder/Desktop/Airflow/Twitter/venv/lib/python3.9/site-packages/airflow/example_dags/plugins/listener_plugin.py took 0.051 seconds
[2024-01-05T17:54:47.164+0000] {processor.py:161} INFO - Started process (PID=33190) to work on /home/eder/Desktop/Airflow/Twitter/venv/lib/python3.9/site-packages/airflow/example_dags/plugins/listener_plugin.py
[2024-01-05T17:54:47.195+0000] {processor.py:830} INFO - Processing file /home/eder/Desktop/Airflow/Twitter/venv/lib/python3.9/site-packages/airflow/example_dags/plugins/listener_plugin.py for tasks to queue
[2024-01-05T17:54:47.199+0000] {logging_mixin.py:188} INFO - [2024-01-05T17:54:47.199+0000] {dagbag.py:538} INFO - Filling up the DagBag from /home/eder/Desktop/Airflow/Twitter/venv/lib/python3.9/site-packages/airflow/example_dags/plugins/listener_plugin.py
[2024-01-05T17:54:47.207+0000] {processor.py:842} WARNING - No viable dags retrieved from /home/eder/Desktop/Airflow/Twitter/venv/lib/python3.9/site-packages/airflow/example_dags/plugins/listener_plugin.py
[2024-01-05T17:54:47.252+0000] {processor.py:183} INFO - Processing /home/eder/Desktop/Airflow/Twitter/venv/lib/python3.9/site-packages/airflow/example_dags/plugins/listener_plugin.py took 0.092 seconds
[2024-01-05T17:55:48.251+0000] {processor.py:161} INFO - Started process (PID=33381) to work on /home/eder/Desktop/Airflow/Twitter/venv/lib/python3.9/site-packages/airflow/example_dags/plugins/listener_plugin.py
[2024-01-05T17:55:48.265+0000] {processor.py:830} INFO - Processing file /home/eder/Desktop/Airflow/Twitter/venv/lib/python3.9/site-packages/airflow/example_dags/plugins/listener_plugin.py for tasks to queue
[2024-01-05T17:55:48.266+0000] {logging_mixin.py:188} INFO - [2024-01-05T17:55:48.266+0000] {dagbag.py:538} INFO - Filling up the DagBag from /home/eder/Desktop/Airflow/Twitter/venv/lib/python3.9/site-packages/airflow/example_dags/plugins/listener_plugin.py
[2024-01-05T17:55:48.269+0000] {processor.py:842} WARNING - No viable dags retrieved from /home/eder/Desktop/Airflow/Twitter/venv/lib/python3.9/site-packages/airflow/example_dags/plugins/listener_plugin.py
[2024-01-05T17:55:48.303+0000] {processor.py:183} INFO - Processing /home/eder/Desktop/Airflow/Twitter/venv/lib/python3.9/site-packages/airflow/example_dags/plugins/listener_plugin.py took 0.056 seconds
[2024-01-05T17:59:45.521+0000] {processor.py:161} INFO - Started process (PID=33872) to work on /home/eder/Desktop/Airflow/Twitter/venv/lib/python3.9/site-packages/airflow/example_dags/plugins/listener_plugin.py
[2024-01-05T17:59:45.529+0000] {processor.py:830} INFO - Processing file /home/eder/Desktop/Airflow/Twitter/venv/lib/python3.9/site-packages/airflow/example_dags/plugins/listener_plugin.py for tasks to queue
[2024-01-05T17:59:45.530+0000] {logging_mixin.py:188} INFO - [2024-01-05T17:59:45.530+0000] {dagbag.py:538} INFO - Filling up the DagBag from /home/eder/Desktop/Airflow/Twitter/venv/lib/python3.9/site-packages/airflow/example_dags/plugins/listener_plugin.py
[2024-01-05T17:59:45.533+0000] {processor.py:842} WARNING - No viable dags retrieved from /home/eder/Desktop/Airflow/Twitter/venv/lib/python3.9/site-packages/airflow/example_dags/plugins/listener_plugin.py
[2024-01-05T17:59:45.543+0000] {processor.py:183} INFO - Processing /home/eder/Desktop/Airflow/Twitter/venv/lib/python3.9/site-packages/airflow/example_dags/plugins/listener_plugin.py took 0.025 seconds
[2024-01-05T18:00:54.527+0000] {processor.py:161} INFO - Started process (PID=34376) to work on /home/eder/Desktop/Airflow/Twitter/venv/lib/python3.9/site-packages/airflow/example_dags/plugins/listener_plugin.py
[2024-01-05T18:00:54.529+0000] {processor.py:830} INFO - Processing file /home/eder/Desktop/Airflow/Twitter/venv/lib/python3.9/site-packages/airflow/example_dags/plugins/listener_plugin.py for tasks to queue
[2024-01-05T18:00:54.530+0000] {logging_mixin.py:188} INFO - [2024-01-05T18:00:54.530+0000] {dagbag.py:538} INFO - Filling up the DagBag from /home/eder/Desktop/Airflow/Twitter/venv/lib/python3.9/site-packages/airflow/example_dags/plugins/listener_plugin.py
[2024-01-05T18:00:54.534+0000] {processor.py:842} WARNING - No viable dags retrieved from /home/eder/Desktop/Airflow/Twitter/venv/lib/python3.9/site-packages/airflow/example_dags/plugins/listener_plugin.py
[2024-01-05T18:00:54.564+0000] {processor.py:183} INFO - Processing /home/eder/Desktop/Airflow/Twitter/venv/lib/python3.9/site-packages/airflow/example_dags/plugins/listener_plugin.py took 0.042 seconds
