[2024-01-06 12:03:03,935] {taskinstance.py:1159} INFO - Dependencies all met for <TaskInstance: get_stocks_dag.TSLA scheduled__2024-01-02T00:00:00+00:00 [queued]>
[2024-01-06 12:03:03,947] {taskinstance.py:1159} INFO - Dependencies all met for <TaskInstance: get_stocks_dag.TSLA scheduled__2024-01-02T00:00:00+00:00 [queued]>
[2024-01-06 12:03:03,947] {taskinstance.py:1356} INFO - 
--------------------------------------------------------------------------------
[2024-01-06 12:03:03,947] {taskinstance.py:1357} INFO - Starting attempt 1 of 1
[2024-01-06 12:03:03,947] {taskinstance.py:1358} INFO - 
--------------------------------------------------------------------------------
[2024-01-06 12:03:03,973] {taskinstance.py:1377} INFO - Executing <Task(_PythonDecoratedOperator): TSLA> on 2024-01-02 00:00:00+00:00
[2024-01-06 12:03:04,027] {standard_task_runner.py:52} INFO - Started process 27331 to run task
[2024-01-06 12:03:04,133] {standard_task_runner.py:79} INFO - Running: ['airflow', 'tasks', 'run', 'get_stocks_dag', 'TSLA', 'scheduled__2024-01-02T00:00:00+00:00', '--job-id', '9', '--raw', '--subdir', 'DAGS_FOLDER/get_stocks.py', '--cfg-path', '/tmp/tmpupaur1dv', '--error-file', '/tmp/tmpd5b1ncnp']
[2024-01-06 12:03:04,135] {standard_task_runner.py:80} INFO - Job 9: Subtask TSLA
[2024-01-06 12:03:04,650] {task_command.py:370} INFO - Running <TaskInstance: get_stocks_dag.TSLA scheduled__2024-01-02T00:00:00+00:00 [running]> on host airflow.vm.local
[2024-01-06 12:03:04,885] {taskinstance.py:1569} INFO - Exporting the following env vars:
AIRFLOW_CTX_DAG_OWNER=airflow
AIRFLOW_CTX_DAG_ID=get_stocks_dag
AIRFLOW_CTX_TASK_ID=TSLA
AIRFLOW_CTX_EXECUTION_DATE=2024-01-02T00:00:00+00:00
AIRFLOW_CTX_TRY_NUMBER=1
AIRFLOW_CTX_DAG_RUN_ID=scheduled__2024-01-02T00:00:00+00:00
[2024-01-06 12:04:25,501] {base.py:288} ERROR - TSLA: No price data found, symbol may be delisted (1h 2024-01-01 -> 2024-01-02)
[2024-01-06 12:04:25,506] {python.py:173} INFO - Done. Returned value was: None
[2024-01-06 12:04:25,558] {taskinstance.py:1395} INFO - Marking task as SUCCESS. dag_id=get_stocks_dag, task_id=TSLA, execution_date=20240102T000000, start_date=20240106T120303, end_date=20240106T120425
[2024-01-06 12:04:25,630] {local_task_job.py:156} INFO - Task exited with return code 0
[2024-01-06 12:04:25,757] {local_task_job.py:273} INFO - 0 downstream tasks scheduled from follow-on schedule check
