[2024-01-05T16:46:45.438+0000] {taskinstance.py:1957} INFO - Dependencies all met for dep_context=non-requeueable deps ti=<TaskInstance: TwitterDAG.get_raw_data_twitter scheduled__2023-12-31T00:00:00+00:00 [queued]>
[2024-01-05T16:46:45.447+0000] {taskinstance.py:1957} INFO - Dependencies all met for dep_context=requeueable deps ti=<TaskInstance: TwitterDAG.get_raw_data_twitter scheduled__2023-12-31T00:00:00+00:00 [queued]>
[2024-01-05T16:46:45.447+0000] {taskinstance.py:2171} INFO - Starting attempt 1 of 1
[2024-01-05T16:46:45.493+0000] {taskinstance.py:2192} INFO - Executing <Task(TwitterOperator): get_raw_data_twitter> on 2023-12-31 00:00:00+00:00
[2024-01-05T16:46:45.508+0000] {standard_task_runner.py:60} INFO - Started process 10719 to run task
[2024-01-05T16:46:45.516+0000] {standard_task_runner.py:87} INFO - Running: ['airflow', 'tasks', 'run', 'TwitterDAG', 'get_raw_data_twitter', 'scheduled__2023-12-31T00:00:00+00:00', '--job-id', '45', '--raw', '--subdir', 'DAGS_FOLDER/twitter_dag.py', '--cfg-path', '/tmp/tmprfc54wai']
[2024-01-05T16:46:45.519+0000] {standard_task_runner.py:88} INFO - Job 45: Subtask get_raw_data_twitter
[2024-01-05T16:46:45.723+0000] {task_command.py:423} INFO - Running <TaskInstance: TwitterDAG.get_raw_data_twitter scheduled__2023-12-31T00:00:00+00:00 [running]> on host airflow.vm.local
[2024-01-05T16:46:46.185+0000] {taskinstance.py:2481} INFO - Exporting env vars: AIRFLOW_CTX_DAG_OWNER='airflow' AIRFLOW_CTX_DAG_ID='TwitterDAG' AIRFLOW_CTX_TASK_ID='get_raw_data_twitter' AIRFLOW_CTX_EXECUTION_DATE='2023-12-31T00:00:00+00:00' AIRFLOW_CTX_TRY_NUMBER='1' AIRFLOW_CTX_DAG_RUN_ID='scheduled__2023-12-31T00:00:00+00:00'
[2024-01-05T16:46:46.216+0000] {base.py:83} INFO - Using connection ID 'twitter_default' for task execution.
[2024-01-05T16:46:46.221+0000] {twitter_dag.py:38} INFO - URL: https://labdados.com/2//tweets/search/recent?query=data science&tweet.fields=author_id,created_at,lang,public_metrics,source,text,withheld&expansions=author_id&user.fields=created_at,description,location,name,public_metrics,username,verified,withheld&start_time=2023-12-31T00:00:00.00Z&end_time=2024-01-01T00:00:00.00Z
[2024-01-05T16:46:46.750+0000] {twitter_dag.py:38} INFO - URL: https://labdados.com/2//tweets/search/recent?query=data science&tweet.fields=author_id,created_at,lang,public_metrics,source,text,withheld&expansions=author_id&user.fields=created_at,description,location,name,public_metrics,username,verified,withheld&start_time=2023-12-31T00:00:00.00Z&end_time=2024-01-01T00:00:00.00Z&next_token=1234567890abcdef
[2024-01-05T16:46:46.860+0000] {twitter_dag.py:38} INFO - URL: https://labdados.com/2//tweets/search/recent?query=data science&tweet.fields=author_id,created_at,lang,public_metrics,source,text,withheld&expansions=author_id&user.fields=created_at,description,location,name,public_metrics,username,verified,withheld&start_time=2023-12-31T00:00:00.00Z&end_time=2024-01-01T00:00:00.00Z&next_token=1234567890abcdef
[2024-01-05T16:46:46.992+0000] {twitter_dag.py:38} INFO - URL: https://labdados.com/2//tweets/search/recent?query=data science&tweet.fields=author_id,created_at,lang,public_metrics,source,text,withheld&expansions=author_id&user.fields=created_at,description,location,name,public_metrics,username,verified,withheld&start_time=2023-12-31T00:00:00.00Z&end_time=2024-01-01T00:00:00.00Z&next_token=1234567890abcdef
[2024-01-05T16:46:47.132+0000] {twitter_dag.py:38} INFO - URL: https://labdados.com/2//tweets/search/recent?query=data science&tweet.fields=author_id,created_at,lang,public_metrics,source,text,withheld&expansions=author_id&user.fields=created_at,description,location,name,public_metrics,username,verified,withheld&start_time=2023-12-31T00:00:00.00Z&end_time=2024-01-01T00:00:00.00Z&next_token=1234567890abcdef
[2024-01-05T16:46:47.428+0000] {taskinstance.py:1138} INFO - Marking task as SUCCESS. dag_id=TwitterDAG, task_id=get_raw_data_twitter, execution_date=20231231T000000, start_date=20240105T164645, end_date=20240105T164647
[2024-01-05T16:46:47.680+0000] {local_task_job_runner.py:234} INFO - Task exited with return code 0
[2024-01-05T16:46:47.727+0000] {taskinstance.py:3281} INFO - 1 downstream tasks scheduled from follow-on schedule check
[2024-01-05T17:41:42.419+0000] {taskinstance.py:1957} INFO - Dependencies all met for dep_context=non-requeueable deps ti=<TaskInstance: TwitterDAG.get_raw_data_twitter scheduled__2023-12-31T00:00:00+00:00 [queued]>
[2024-01-05T17:41:42.456+0000] {taskinstance.py:1957} INFO - Dependencies all met for dep_context=requeueable deps ti=<TaskInstance: TwitterDAG.get_raw_data_twitter scheduled__2023-12-31T00:00:00+00:00 [queued]>
[2024-01-05T17:41:42.465+0000] {taskinstance.py:2171} INFO - Starting attempt 1 of 1
[2024-01-05T17:41:42.623+0000] {taskinstance.py:2192} INFO - Executing <Task(TwitterOperator): get_raw_data_twitter> on 2023-12-31 00:00:00+00:00
[2024-01-05T17:41:42.638+0000] {standard_task_runner.py:60} INFO - Started process 22851 to run task
[2024-01-05T17:41:42.641+0000] {standard_task_runner.py:87} INFO - Running: ['airflow', 'tasks', 'run', 'TwitterDAG', 'get_raw_data_twitter', 'scheduled__2023-12-31T00:00:00+00:00', '--job-id', '63', '--raw', '--subdir', 'DAGS_FOLDER/twitter_dag.py', '--cfg-path', '/tmp/tmpmtvys3hc']
[2024-01-05T17:41:42.642+0000] {standard_task_runner.py:88} INFO - Job 63: Subtask get_raw_data_twitter
[2024-01-05T17:41:42.867+0000] {task_command.py:423} INFO - Running <TaskInstance: TwitterDAG.get_raw_data_twitter scheduled__2023-12-31T00:00:00+00:00 [running]> on host airflow.vm.local
[2024-01-05T17:41:43.123+0000] {taskinstance.py:2481} INFO - Exporting env vars: AIRFLOW_CTX_DAG_OWNER='airflow' AIRFLOW_CTX_DAG_ID='TwitterDAG' AIRFLOW_CTX_TASK_ID='get_raw_data_twitter' AIRFLOW_CTX_EXECUTION_DATE='2023-12-31T00:00:00+00:00' AIRFLOW_CTX_TRY_NUMBER='1' AIRFLOW_CTX_DAG_RUN_ID='scheduled__2023-12-31T00:00:00+00:00'
[2024-01-05T17:41:43.136+0000] {base.py:83} INFO - Using connection ID 'twitter_default' for task execution.
[2024-01-05T17:41:43.143+0000] {twitter_dag.py:38} INFO - URL: https://labdados.com/2//tweets/search/recent?query=data science&tweet.fields=author_id,created_at,lang,public_metrics,source,text,withheld&expansions=author_id&user.fields=created_at,description,location,name,public_metrics,username,verified,withheld&start_time=2023-12-31T00:00:00.00Z&end_time=2024-01-01T00:00:00.00Z
[2024-01-05T17:41:43.726+0000] {twitter_dag.py:38} INFO - URL: https://labdados.com/2//tweets/search/recent?query=data science&tweet.fields=author_id,created_at,lang,public_metrics,source,text,withheld&expansions=author_id&user.fields=created_at,description,location,name,public_metrics,username,verified,withheld&start_time=2023-12-31T00:00:00.00Z&end_time=2024-01-01T00:00:00.00Z&next_token=1234567890abcdef
[2024-01-05T17:41:43.851+0000] {twitter_dag.py:38} INFO - URL: https://labdados.com/2//tweets/search/recent?query=data science&tweet.fields=author_id,created_at,lang,public_metrics,source,text,withheld&expansions=author_id&user.fields=created_at,description,location,name,public_metrics,username,verified,withheld&start_time=2023-12-31T00:00:00.00Z&end_time=2024-01-01T00:00:00.00Z&next_token=1234567890abcdef
[2024-01-05T17:41:44.264+0000] {taskinstance.py:1138} INFO - Marking task as SUCCESS. dag_id=TwitterDAG, task_id=get_raw_data_twitter, execution_date=20231231T000000, start_date=20240105T174142, end_date=20240105T174144
[2024-01-05T17:41:44.455+0000] {local_task_job_runner.py:234} INFO - Task exited with return code 0
[2024-01-05T17:41:44.743+0000] {taskinstance.py:3281} INFO - 1 downstream tasks scheduled from follow-on schedule check
[2024-01-05T18:02:20.447+0000] {taskinstance.py:1957} INFO - Dependencies all met for dep_context=non-requeueable deps ti=<TaskInstance: TwitterDAG.get_raw_data_twitter scheduled__2023-12-31T00:00:00+00:00 [queued]>
[2024-01-05T18:02:20.466+0000] {taskinstance.py:1957} INFO - Dependencies all met for dep_context=requeueable deps ti=<TaskInstance: TwitterDAG.get_raw_data_twitter scheduled__2023-12-31T00:00:00+00:00 [queued]>
[2024-01-05T18:02:20.466+0000] {taskinstance.py:2171} INFO - Starting attempt 1 of 1
[2024-01-05T18:02:20.585+0000] {taskinstance.py:2192} INFO - Executing <Task(TwitterOperator): get_raw_data_twitter> on 2023-12-31 00:00:00+00:00
[2024-01-05T18:02:20.588+0000] {standard_task_runner.py:60} INFO - Started process 35353 to run task
[2024-01-05T18:02:20.601+0000] {standard_task_runner.py:87} INFO - Running: ['airflow', 'tasks', 'run', 'TwitterDAG', 'get_raw_data_twitter', 'scheduled__2023-12-31T00:00:00+00:00', '--job-id', '87', '--raw', '--subdir', 'DAGS_FOLDER/twitter_dag.py', '--cfg-path', '/tmp/tmplkl8vy3b']
[2024-01-05T18:02:20.602+0000] {standard_task_runner.py:88} INFO - Job 87: Subtask get_raw_data_twitter
[2024-01-05T18:02:20.763+0000] {task_command.py:423} INFO - Running <TaskInstance: TwitterDAG.get_raw_data_twitter scheduled__2023-12-31T00:00:00+00:00 [running]> on host airflow.vm.local
[2024-01-05T18:02:20.835+0000] {taskinstance.py:2481} INFO - Exporting env vars: AIRFLOW_CTX_DAG_OWNER='airflow' AIRFLOW_CTX_DAG_ID='TwitterDAG' AIRFLOW_CTX_TASK_ID='get_raw_data_twitter' AIRFLOW_CTX_EXECUTION_DATE='2023-12-31T00:00:00+00:00' AIRFLOW_CTX_TRY_NUMBER='1' AIRFLOW_CTX_DAG_RUN_ID='scheduled__2023-12-31T00:00:00+00:00'
[2024-01-05T18:02:20.847+0000] {base.py:83} INFO - Using connection ID 'twitter_default' for task execution.
[2024-01-05T18:02:20.849+0000] {twitter_dag.py:38} INFO - URL: https://labdados.com/2//tweets/search/recent?query=data science&tweet.fields=author_id,created_at,lang,public_metrics,source,text,withheld&expansions=author_id&user.fields=created_at,description,location,name,public_metrics,username,verified,withheld&start_time=2023-12-31T00:00:00.00Z&end_time=2024-01-01T00:00:00.00Z
[2024-01-05T18:02:21.262+0000] {twitter_dag.py:38} INFO - URL: https://labdados.com/2//tweets/search/recent?query=data science&tweet.fields=author_id,created_at,lang,public_metrics,source,text,withheld&expansions=author_id&user.fields=created_at,description,location,name,public_metrics,username,verified,withheld&start_time=2023-12-31T00:00:00.00Z&end_time=2024-01-01T00:00:00.00Z&next_token=1234567890abcdef
[2024-01-05T18:02:21.373+0000] {twitter_dag.py:38} INFO - URL: https://labdados.com/2//tweets/search/recent?query=data science&tweet.fields=author_id,created_at,lang,public_metrics,source,text,withheld&expansions=author_id&user.fields=created_at,description,location,name,public_metrics,username,verified,withheld&start_time=2023-12-31T00:00:00.00Z&end_time=2024-01-01T00:00:00.00Z&next_token=1234567890abcdef
[2024-01-05T18:02:21.484+0000] {twitter_dag.py:38} INFO - URL: https://labdados.com/2//tweets/search/recent?query=data science&tweet.fields=author_id,created_at,lang,public_metrics,source,text,withheld&expansions=author_id&user.fields=created_at,description,location,name,public_metrics,username,verified,withheld&start_time=2023-12-31T00:00:00.00Z&end_time=2024-01-01T00:00:00.00Z&next_token=1234567890abcdef
[2024-01-05T18:02:21.679+0000] {taskinstance.py:1138} INFO - Marking task as SUCCESS. dag_id=TwitterDAG, task_id=get_raw_data_twitter, execution_date=20231231T000000, start_date=20240105T180220, end_date=20240105T180221
[2024-01-05T18:02:21.887+0000] {local_task_job_runner.py:234} INFO - Task exited with return code 0
[2024-01-05T18:02:21.907+0000] {taskinstance.py:3281} INFO - 1 downstream tasks scheduled from follow-on schedule check
