[2024-01-06 12:03:04,726] {taskinstance.py:1159} INFO - Dependencies all met for <TaskInstance: get_stocks_dag.GOOG scheduled__2024-01-02T00:00:00+00:00 [queued]>
[2024-01-06 12:03:04,742] {taskinstance.py:1159} INFO - Dependencies all met for <TaskInstance: get_stocks_dag.GOOG scheduled__2024-01-02T00:00:00+00:00 [queued]>
[2024-01-06 12:03:04,742] {taskinstance.py:1356} INFO - 
--------------------------------------------------------------------------------
[2024-01-06 12:03:04,742] {taskinstance.py:1357} INFO - Starting attempt 1 of 1
[2024-01-06 12:03:04,742] {taskinstance.py:1358} INFO - 
--------------------------------------------------------------------------------
[2024-01-06 12:03:04,771] {taskinstance.py:1377} INFO - Executing <Task(_PythonDecoratedOperator): GOOG> on 2024-01-02 00:00:00+00:00
[2024-01-06 12:03:04,783] {standard_task_runner.py:52} INFO - Started process 27363 to run task
[2024-01-06 12:03:04,792] {standard_task_runner.py:79} INFO - Running: ['airflow', 'tasks', 'run', 'get_stocks_dag', 'GOOG', 'scheduled__2024-01-02T00:00:00+00:00', '--job-id', '10', '--raw', '--subdir', 'DAGS_FOLDER/get_stocks.py', '--cfg-path', '/tmp/tmp22wcogxs', '--error-file', '/tmp/tmppqe5wiet']
[2024-01-06 12:03:04,793] {standard_task_runner.py:80} INFO - Job 10: Subtask GOOG
[2024-01-06 12:03:04,942] {task_command.py:370} INFO - Running <TaskInstance: get_stocks_dag.GOOG scheduled__2024-01-02T00:00:00+00:00 [running]> on host airflow.vm.local
[2024-01-06 12:03:05,159] {taskinstance.py:1569} INFO - Exporting the following env vars:
AIRFLOW_CTX_DAG_OWNER=airflow
AIRFLOW_CTX_DAG_ID=get_stocks_dag
AIRFLOW_CTX_TASK_ID=GOOG
AIRFLOW_CTX_EXECUTION_DATE=2024-01-02T00:00:00+00:00
AIRFLOW_CTX_TRY_NUMBER=1
AIRFLOW_CTX_DAG_RUN_ID=scheduled__2024-01-02T00:00:00+00:00
[2024-01-06 12:04:25,881] {base.py:288} ERROR - GOOG: No price data found, symbol may be delisted (1h 2024-01-01 -> 2024-01-02)
[2024-01-06 12:04:25,886] {python.py:173} INFO - Done. Returned value was: None
[2024-01-06 12:04:25,918] {taskinstance.py:1395} INFO - Marking task as SUCCESS. dag_id=get_stocks_dag, task_id=GOOG, execution_date=20240102T000000, start_date=20240106T120304, end_date=20240106T120425
[2024-01-06 12:04:25,978] {local_task_job.py:156} INFO - Task exited with return code 0
[2024-01-06 12:04:26,114] {local_task_job.py:273} INFO - 0 downstream tasks scheduled from follow-on schedule check
