[2024-01-05T01:18:00.333+0000] {processor.py:161} INFO - Started process (PID=24179) to work on /home/eder/Desktop/Airflow/Twitter/venv/lib/python3.9/site-packages/airflow/example_dags/example_branch_labels.py
[2024-01-05T01:18:00.337+0000] {processor.py:830} INFO - Processing file /home/eder/Desktop/Airflow/Twitter/venv/lib/python3.9/site-packages/airflow/example_dags/example_branch_labels.py for tasks to queue
[2024-01-05T01:18:00.338+0000] {logging_mixin.py:188} INFO - [2024-01-05T01:18:00.338+0000] {dagbag.py:538} INFO - Filling up the DagBag from /home/eder/Desktop/Airflow/Twitter/venv/lib/python3.9/site-packages/airflow/example_dags/example_branch_labels.py
[2024-01-05T01:18:00.353+0000] {processor.py:840} INFO - DAG(s) 'example_branch_labels' retrieved from /home/eder/Desktop/Airflow/Twitter/venv/lib/python3.9/site-packages/airflow/example_dags/example_branch_labels.py
[2024-01-05T01:18:00.781+0000] {logging_mixin.py:188} INFO - [2024-01-05T01:18:00.781+0000] {override.py:1769} INFO - Created Permission View: can read on DAG:example_branch_labels
[2024-01-05T01:18:00.869+0000] {logging_mixin.py:188} INFO - [2024-01-05T01:18:00.868+0000] {override.py:1769} INFO - Created Permission View: can delete on DAG:example_branch_labels
[2024-01-05T01:18:00.976+0000] {logging_mixin.py:188} INFO - [2024-01-05T01:18:00.976+0000] {override.py:1769} INFO - Created Permission View: can edit on DAG:example_branch_labels
[2024-01-05T01:18:00.977+0000] {logging_mixin.py:188} INFO - [2024-01-05T01:18:00.976+0000] {dag.py:3033} INFO - Sync 1 DAGs
[2024-01-05T01:18:00.987+0000] {logging_mixin.py:188} INFO - [2024-01-05T01:18:00.987+0000] {dag.py:3055} INFO - Creating ORM DAG for example_branch_labels
[2024-01-05T01:18:01.010+0000] {logging_mixin.py:188} INFO - [2024-01-05T01:18:01.010+0000] {dag.py:3820} INFO - Setting next_dagrun for example_branch_labels to 2024-01-04T00:00:00+00:00, run_after=2024-01-05T00:00:00+00:00
[2024-01-05T01:18:01.121+0000] {processor.py:183} INFO - Processing /home/eder/Desktop/Airflow/Twitter/venv/lib/python3.9/site-packages/airflow/example_dags/example_branch_labels.py took 0.799 seconds
[2024-01-05T01:19:11.630+0000] {processor.py:161} INFO - Started process (PID=24621) to work on /home/eder/Desktop/Airflow/Twitter/venv/lib/python3.9/site-packages/airflow/example_dags/example_branch_labels.py
[2024-01-05T01:19:11.633+0000] {processor.py:830} INFO - Processing file /home/eder/Desktop/Airflow/Twitter/venv/lib/python3.9/site-packages/airflow/example_dags/example_branch_labels.py for tasks to queue
[2024-01-05T01:19:11.637+0000] {logging_mixin.py:188} INFO - [2024-01-05T01:19:11.633+0000] {dagbag.py:538} INFO - Filling up the DagBag from /home/eder/Desktop/Airflow/Twitter/venv/lib/python3.9/site-packages/airflow/example_dags/example_branch_labels.py
[2024-01-05T01:19:11.650+0000] {processor.py:840} INFO - DAG(s) 'example_branch_labels' retrieved from /home/eder/Desktop/Airflow/Twitter/venv/lib/python3.9/site-packages/airflow/example_dags/example_branch_labels.py
[2024-01-05T01:19:12.346+0000] {logging_mixin.py:188} INFO - [2024-01-05T01:19:12.345+0000] {dag.py:3033} INFO - Sync 1 DAGs
[2024-01-05T01:19:12.516+0000] {logging_mixin.py:188} INFO - [2024-01-05T01:19:12.516+0000] {dag.py:3820} INFO - Setting next_dagrun for example_branch_labels to 2024-01-04T00:00:00+00:00, run_after=2024-01-05T00:00:00+00:00
[2024-01-05T01:19:12.622+0000] {processor.py:183} INFO - Processing /home/eder/Desktop/Airflow/Twitter/venv/lib/python3.9/site-packages/airflow/example_dags/example_branch_labels.py took 0.992 seconds
[2024-01-05T01:23:12.996+0000] {processor.py:161} INFO - Started process (PID=28057) to work on /home/eder/Desktop/Airflow/Twitter/venv/lib/python3.9/site-packages/airflow/example_dags/example_branch_labels.py
[2024-01-05T01:23:12.998+0000] {processor.py:830} INFO - Processing file /home/eder/Desktop/Airflow/Twitter/venv/lib/python3.9/site-packages/airflow/example_dags/example_branch_labels.py for tasks to queue
[2024-01-05T01:23:12.999+0000] {logging_mixin.py:188} INFO - [2024-01-05T01:23:12.999+0000] {dagbag.py:538} INFO - Filling up the DagBag from /home/eder/Desktop/Airflow/Twitter/venv/lib/python3.9/site-packages/airflow/example_dags/example_branch_labels.py
[2024-01-05T01:23:13.009+0000] {processor.py:840} INFO - DAG(s) 'example_branch_labels' retrieved from /home/eder/Desktop/Airflow/Twitter/venv/lib/python3.9/site-packages/airflow/example_dags/example_branch_labels.py
[2024-01-05T01:23:13.146+0000] {logging_mixin.py:188} INFO - [2024-01-05T01:23:13.145+0000] {dag.py:3033} INFO - Sync 1 DAGs
[2024-01-05T01:23:13.173+0000] {logging_mixin.py:188} INFO - [2024-01-05T01:23:13.173+0000] {dag.py:3820} INFO - Setting next_dagrun for example_branch_labels to 2024-01-04T00:00:00+00:00, run_after=2024-01-05T00:00:00+00:00
[2024-01-05T01:23:13.260+0000] {processor.py:183} INFO - Processing /home/eder/Desktop/Airflow/Twitter/venv/lib/python3.9/site-packages/airflow/example_dags/example_branch_labels.py took 0.268 seconds
[2024-01-05T01:28:11.923+0000] {processor.py:161} INFO - Started process (PID=32853) to work on /home/eder/Desktop/Airflow/Twitter/venv/lib/python3.9/site-packages/airflow/example_dags/example_branch_labels.py
[2024-01-05T01:28:11.931+0000] {processor.py:830} INFO - Processing file /home/eder/Desktop/Airflow/Twitter/venv/lib/python3.9/site-packages/airflow/example_dags/example_branch_labels.py for tasks to queue
[2024-01-05T01:28:11.932+0000] {logging_mixin.py:188} INFO - [2024-01-05T01:28:11.932+0000] {dagbag.py:538} INFO - Filling up the DagBag from /home/eder/Desktop/Airflow/Twitter/venv/lib/python3.9/site-packages/airflow/example_dags/example_branch_labels.py
[2024-01-05T01:28:11.938+0000] {processor.py:840} INFO - DAG(s) 'example_branch_labels' retrieved from /home/eder/Desktop/Airflow/Twitter/venv/lib/python3.9/site-packages/airflow/example_dags/example_branch_labels.py
[2024-01-05T01:28:11.955+0000] {logging_mixin.py:188} INFO - [2024-01-05T01:28:11.954+0000] {dag.py:3033} INFO - Sync 1 DAGs
[2024-01-05T01:28:11.969+0000] {logging_mixin.py:188} INFO - [2024-01-05T01:28:11.969+0000] {dag.py:3820} INFO - Setting next_dagrun for example_branch_labels to 2024-01-04T00:00:00+00:00, run_after=2024-01-05T00:00:00+00:00
[2024-01-05T01:28:12.059+0000] {processor.py:183} INFO - Processing /home/eder/Desktop/Airflow/Twitter/venv/lib/python3.9/site-packages/airflow/example_dags/example_branch_labels.py took 0.139 seconds
[2024-01-05T01:29:08.545+0000] {processor.py:161} INFO - Started process (PID=33009) to work on /home/eder/Desktop/Airflow/Twitter/venv/lib/python3.9/site-packages/airflow/example_dags/example_branch_labels.py
[2024-01-05T01:29:08.570+0000] {processor.py:830} INFO - Processing file /home/eder/Desktop/Airflow/Twitter/venv/lib/python3.9/site-packages/airflow/example_dags/example_branch_labels.py for tasks to queue
[2024-01-05T01:29:08.571+0000] {logging_mixin.py:188} INFO - [2024-01-05T01:29:08.571+0000] {dagbag.py:538} INFO - Filling up the DagBag from /home/eder/Desktop/Airflow/Twitter/venv/lib/python3.9/site-packages/airflow/example_dags/example_branch_labels.py
[2024-01-05T01:29:08.585+0000] {processor.py:840} INFO - DAG(s) 'example_branch_labels' retrieved from /home/eder/Desktop/Airflow/Twitter/venv/lib/python3.9/site-packages/airflow/example_dags/example_branch_labels.py
[2024-01-05T01:29:08.622+0000] {logging_mixin.py:188} INFO - [2024-01-05T01:29:08.622+0000] {dag.py:3033} INFO - Sync 1 DAGs
[2024-01-05T01:29:08.656+0000] {logging_mixin.py:188} INFO - [2024-01-05T01:29:08.656+0000] {dag.py:3820} INFO - Setting next_dagrun for example_branch_labels to 2024-01-04T00:00:00+00:00, run_after=2024-01-05T00:00:00+00:00
[2024-01-05T01:29:08.812+0000] {processor.py:183} INFO - Processing /home/eder/Desktop/Airflow/Twitter/venv/lib/python3.9/site-packages/airflow/example_dags/example_branch_labels.py took 0.272 seconds
[2024-01-05T01:30:26.140+0000] {processor.py:161} INFO - Started process (PID=33273) to work on /home/eder/Desktop/Airflow/Twitter/venv/lib/python3.9/site-packages/airflow/example_dags/example_branch_labels.py
[2024-01-05T01:30:26.142+0000] {processor.py:830} INFO - Processing file /home/eder/Desktop/Airflow/Twitter/venv/lib/python3.9/site-packages/airflow/example_dags/example_branch_labels.py for tasks to queue
[2024-01-05T01:30:26.143+0000] {logging_mixin.py:188} INFO - [2024-01-05T01:30:26.143+0000] {dagbag.py:538} INFO - Filling up the DagBag from /home/eder/Desktop/Airflow/Twitter/venv/lib/python3.9/site-packages/airflow/example_dags/example_branch_labels.py
[2024-01-05T01:30:26.149+0000] {processor.py:840} INFO - DAG(s) 'example_branch_labels' retrieved from /home/eder/Desktop/Airflow/Twitter/venv/lib/python3.9/site-packages/airflow/example_dags/example_branch_labels.py
[2024-01-05T01:30:26.165+0000] {logging_mixin.py:188} INFO - [2024-01-05T01:30:26.164+0000] {dag.py:3033} INFO - Sync 1 DAGs
[2024-01-05T01:30:26.180+0000] {logging_mixin.py:188} INFO - [2024-01-05T01:30:26.180+0000] {dag.py:3820} INFO - Setting next_dagrun for example_branch_labels to 2024-01-04T00:00:00+00:00, run_after=2024-01-05T00:00:00+00:00
[2024-01-05T01:30:26.239+0000] {processor.py:183} INFO - Processing /home/eder/Desktop/Airflow/Twitter/venv/lib/python3.9/site-packages/airflow/example_dags/example_branch_labels.py took 0.102 seconds
[2024-01-05T01:31:40.727+0000] {processor.py:161} INFO - Started process (PID=33463) to work on /home/eder/Desktop/Airflow/Twitter/venv/lib/python3.9/site-packages/airflow/example_dags/example_branch_labels.py
[2024-01-05T01:31:40.729+0000] {processor.py:830} INFO - Processing file /home/eder/Desktop/Airflow/Twitter/venv/lib/python3.9/site-packages/airflow/example_dags/example_branch_labels.py for tasks to queue
[2024-01-05T01:31:40.732+0000] {logging_mixin.py:188} INFO - [2024-01-05T01:31:40.732+0000] {dagbag.py:538} INFO - Filling up the DagBag from /home/eder/Desktop/Airflow/Twitter/venv/lib/python3.9/site-packages/airflow/example_dags/example_branch_labels.py
[2024-01-05T01:31:40.738+0000] {processor.py:840} INFO - DAG(s) 'example_branch_labels' retrieved from /home/eder/Desktop/Airflow/Twitter/venv/lib/python3.9/site-packages/airflow/example_dags/example_branch_labels.py
[2024-01-05T01:31:40.753+0000] {logging_mixin.py:188} INFO - [2024-01-05T01:31:40.753+0000] {dag.py:3033} INFO - Sync 1 DAGs
[2024-01-05T01:31:40.769+0000] {logging_mixin.py:188} INFO - [2024-01-05T01:31:40.768+0000] {dag.py:3820} INFO - Setting next_dagrun for example_branch_labels to 2024-01-04T00:00:00+00:00, run_after=2024-01-05T00:00:00+00:00
[2024-01-05T01:31:40.795+0000] {processor.py:183} INFO - Processing /home/eder/Desktop/Airflow/Twitter/venv/lib/python3.9/site-packages/airflow/example_dags/example_branch_labels.py took 0.070 seconds
[2024-01-05T01:32:36.793+0000] {processor.py:161} INFO - Started process (PID=33750) to work on /home/eder/Desktop/Airflow/Twitter/venv/lib/python3.9/site-packages/airflow/example_dags/example_branch_labels.py
[2024-01-05T01:32:36.796+0000] {processor.py:830} INFO - Processing file /home/eder/Desktop/Airflow/Twitter/venv/lib/python3.9/site-packages/airflow/example_dags/example_branch_labels.py for tasks to queue
[2024-01-05T01:32:36.797+0000] {logging_mixin.py:188} INFO - [2024-01-05T01:32:36.797+0000] {dagbag.py:538} INFO - Filling up the DagBag from /home/eder/Desktop/Airflow/Twitter/venv/lib/python3.9/site-packages/airflow/example_dags/example_branch_labels.py
[2024-01-05T01:32:36.804+0000] {processor.py:840} INFO - DAG(s) 'example_branch_labels' retrieved from /home/eder/Desktop/Airflow/Twitter/venv/lib/python3.9/site-packages/airflow/example_dags/example_branch_labels.py
[2024-01-05T01:32:36.819+0000] {logging_mixin.py:188} INFO - [2024-01-05T01:32:36.819+0000] {dag.py:3033} INFO - Sync 1 DAGs
[2024-01-05T01:32:36.834+0000] {logging_mixin.py:188} INFO - [2024-01-05T01:32:36.834+0000] {dag.py:3820} INFO - Setting next_dagrun for example_branch_labels to 2024-01-04T00:00:00+00:00, run_after=2024-01-05T00:00:00+00:00
[2024-01-05T01:32:36.857+0000] {processor.py:183} INFO - Processing /home/eder/Desktop/Airflow/Twitter/venv/lib/python3.9/site-packages/airflow/example_dags/example_branch_labels.py took 0.066 seconds
[2024-01-05T01:33:52.539+0000] {processor.py:161} INFO - Started process (PID=33947) to work on /home/eder/Desktop/Airflow/Twitter/venv/lib/python3.9/site-packages/airflow/example_dags/example_branch_labels.py
[2024-01-05T01:33:52.546+0000] {processor.py:830} INFO - Processing file /home/eder/Desktop/Airflow/Twitter/venv/lib/python3.9/site-packages/airflow/example_dags/example_branch_labels.py for tasks to queue
[2024-01-05T01:33:52.548+0000] {logging_mixin.py:188} INFO - [2024-01-05T01:33:52.548+0000] {dagbag.py:538} INFO - Filling up the DagBag from /home/eder/Desktop/Airflow/Twitter/venv/lib/python3.9/site-packages/airflow/example_dags/example_branch_labels.py
[2024-01-05T01:33:52.559+0000] {processor.py:840} INFO - DAG(s) 'example_branch_labels' retrieved from /home/eder/Desktop/Airflow/Twitter/venv/lib/python3.9/site-packages/airflow/example_dags/example_branch_labels.py
[2024-01-05T01:33:52.576+0000] {logging_mixin.py:188} INFO - [2024-01-05T01:33:52.576+0000] {dag.py:3033} INFO - Sync 1 DAGs
[2024-01-05T01:33:52.591+0000] {logging_mixin.py:188} INFO - [2024-01-05T01:33:52.590+0000] {dag.py:3820} INFO - Setting next_dagrun for example_branch_labels to 2024-01-04T00:00:00+00:00, run_after=2024-01-05T00:00:00+00:00
[2024-01-05T01:33:52.618+0000] {processor.py:183} INFO - Processing /home/eder/Desktop/Airflow/Twitter/venv/lib/python3.9/site-packages/airflow/example_dags/example_branch_labels.py took 0.081 seconds
[2024-01-05T01:35:15.217+0000] {processor.py:161} INFO - Started process (PID=34168) to work on /home/eder/Desktop/Airflow/Twitter/venv/lib/python3.9/site-packages/airflow/example_dags/example_branch_labels.py
[2024-01-05T01:35:15.259+0000] {processor.py:830} INFO - Processing file /home/eder/Desktop/Airflow/Twitter/venv/lib/python3.9/site-packages/airflow/example_dags/example_branch_labels.py for tasks to queue
[2024-01-05T01:35:15.260+0000] {logging_mixin.py:188} INFO - [2024-01-05T01:35:15.259+0000] {dagbag.py:538} INFO - Filling up the DagBag from /home/eder/Desktop/Airflow/Twitter/venv/lib/python3.9/site-packages/airflow/example_dags/example_branch_labels.py
[2024-01-05T01:35:15.267+0000] {processor.py:840} INFO - DAG(s) 'example_branch_labels' retrieved from /home/eder/Desktop/Airflow/Twitter/venv/lib/python3.9/site-packages/airflow/example_dags/example_branch_labels.py
[2024-01-05T01:35:15.285+0000] {logging_mixin.py:188} INFO - [2024-01-05T01:35:15.285+0000] {dag.py:3033} INFO - Sync 1 DAGs
[2024-01-05T01:35:15.304+0000] {logging_mixin.py:188} INFO - [2024-01-05T01:35:15.303+0000] {dag.py:3820} INFO - Setting next_dagrun for example_branch_labels to 2024-01-04T00:00:00+00:00, run_after=2024-01-05T00:00:00+00:00
[2024-01-05T01:35:15.434+0000] {processor.py:183} INFO - Processing /home/eder/Desktop/Airflow/Twitter/venv/lib/python3.9/site-packages/airflow/example_dags/example_branch_labels.py took 0.226 seconds
[2024-01-05T01:36:33.517+0000] {processor.py:161} INFO - Started process (PID=34496) to work on /home/eder/Desktop/Airflow/Twitter/venv/lib/python3.9/site-packages/airflow/example_dags/example_branch_labels.py
[2024-01-05T01:36:33.532+0000] {processor.py:830} INFO - Processing file /home/eder/Desktop/Airflow/Twitter/venv/lib/python3.9/site-packages/airflow/example_dags/example_branch_labels.py for tasks to queue
[2024-01-05T01:36:33.533+0000] {logging_mixin.py:188} INFO - [2024-01-05T01:36:33.532+0000] {dagbag.py:538} INFO - Filling up the DagBag from /home/eder/Desktop/Airflow/Twitter/venv/lib/python3.9/site-packages/airflow/example_dags/example_branch_labels.py
[2024-01-05T01:36:33.546+0000] {processor.py:840} INFO - DAG(s) 'example_branch_labels' retrieved from /home/eder/Desktop/Airflow/Twitter/venv/lib/python3.9/site-packages/airflow/example_dags/example_branch_labels.py
[2024-01-05T01:36:33.580+0000] {logging_mixin.py:188} INFO - [2024-01-05T01:36:33.580+0000] {dag.py:3033} INFO - Sync 1 DAGs
[2024-01-05T01:36:33.608+0000] {logging_mixin.py:188} INFO - [2024-01-05T01:36:33.608+0000] {dag.py:3820} INFO - Setting next_dagrun for example_branch_labels to 2024-01-04T00:00:00+00:00, run_after=2024-01-05T00:00:00+00:00
[2024-01-05T01:36:33.742+0000] {processor.py:183} INFO - Processing /home/eder/Desktop/Airflow/Twitter/venv/lib/python3.9/site-packages/airflow/example_dags/example_branch_labels.py took 0.227 seconds
[2024-01-05T01:37:53.282+0000] {processor.py:161} INFO - Started process (PID=34825) to work on /home/eder/Desktop/Airflow/Twitter/venv/lib/python3.9/site-packages/airflow/example_dags/example_branch_labels.py
[2024-01-05T01:37:53.305+0000] {processor.py:830} INFO - Processing file /home/eder/Desktop/Airflow/Twitter/venv/lib/python3.9/site-packages/airflow/example_dags/example_branch_labels.py for tasks to queue
[2024-01-05T01:37:53.306+0000] {logging_mixin.py:188} INFO - [2024-01-05T01:37:53.305+0000] {dagbag.py:538} INFO - Filling up the DagBag from /home/eder/Desktop/Airflow/Twitter/venv/lib/python3.9/site-packages/airflow/example_dags/example_branch_labels.py
[2024-01-05T01:37:53.325+0000] {processor.py:840} INFO - DAG(s) 'example_branch_labels' retrieved from /home/eder/Desktop/Airflow/Twitter/venv/lib/python3.9/site-packages/airflow/example_dags/example_branch_labels.py
[2024-01-05T01:37:53.359+0000] {logging_mixin.py:188} INFO - [2024-01-05T01:37:53.354+0000] {dag.py:3033} INFO - Sync 1 DAGs
[2024-01-05T01:37:53.403+0000] {logging_mixin.py:188} INFO - [2024-01-05T01:37:53.403+0000] {dag.py:3820} INFO - Setting next_dagrun for example_branch_labels to 2024-01-04T00:00:00+00:00, run_after=2024-01-05T00:00:00+00:00
[2024-01-05T01:37:53.601+0000] {processor.py:183} INFO - Processing /home/eder/Desktop/Airflow/Twitter/venv/lib/python3.9/site-packages/airflow/example_dags/example_branch_labels.py took 0.324 seconds
[2024-01-05T15:16:31.130+0000] {processor.py:161} INFO - Started process (PID=4596) to work on /home/eder/Desktop/Airflow/Twitter/venv/lib/python3.9/site-packages/airflow/example_dags/example_branch_labels.py
[2024-01-05T15:16:31.154+0000] {processor.py:830} INFO - Processing file /home/eder/Desktop/Airflow/Twitter/venv/lib/python3.9/site-packages/airflow/example_dags/example_branch_labels.py for tasks to queue
[2024-01-05T15:16:31.156+0000] {logging_mixin.py:188} INFO - [2024-01-05T15:16:31.155+0000] {dagbag.py:538} INFO - Filling up the DagBag from /home/eder/Desktop/Airflow/Twitter/venv/lib/python3.9/site-packages/airflow/example_dags/example_branch_labels.py
[2024-01-05T15:16:31.170+0000] {processor.py:840} INFO - DAG(s) 'example_branch_labels' retrieved from /home/eder/Desktop/Airflow/Twitter/venv/lib/python3.9/site-packages/airflow/example_dags/example_branch_labels.py
[2024-01-05T15:16:31.303+0000] {logging_mixin.py:188} INFO - [2024-01-05T15:16:31.302+0000] {dag.py:3033} INFO - Sync 1 DAGs
[2024-01-05T15:16:31.327+0000] {logging_mixin.py:188} INFO - [2024-01-05T15:16:31.326+0000] {dag.py:3820} INFO - Setting next_dagrun for example_branch_labels to 2024-01-04T00:00:00+00:00, run_after=2024-01-05T00:00:00+00:00
[2024-01-05T15:16:31.396+0000] {processor.py:183} INFO - Processing /home/eder/Desktop/Airflow/Twitter/venv/lib/python3.9/site-packages/airflow/example_dags/example_branch_labels.py took 0.272 seconds
[2024-01-05T15:17:47.145+0000] {processor.py:161} INFO - Started process (PID=5480) to work on /home/eder/Desktop/Airflow/Twitter/venv/lib/python3.9/site-packages/airflow/example_dags/example_branch_labels.py
[2024-01-05T15:17:47.195+0000] {processor.py:830} INFO - Processing file /home/eder/Desktop/Airflow/Twitter/venv/lib/python3.9/site-packages/airflow/example_dags/example_branch_labels.py for tasks to queue
[2024-01-05T15:17:47.200+0000] {logging_mixin.py:188} INFO - [2024-01-05T15:17:47.199+0000] {dagbag.py:538} INFO - Filling up the DagBag from /home/eder/Desktop/Airflow/Twitter/venv/lib/python3.9/site-packages/airflow/example_dags/example_branch_labels.py
[2024-01-05T15:17:47.231+0000] {processor.py:840} INFO - DAG(s) 'example_branch_labels' retrieved from /home/eder/Desktop/Airflow/Twitter/venv/lib/python3.9/site-packages/airflow/example_dags/example_branch_labels.py
[2024-01-05T15:17:47.320+0000] {logging_mixin.py:188} INFO - [2024-01-05T15:17:47.320+0000] {dag.py:3033} INFO - Sync 1 DAGs
[2024-01-05T15:17:47.473+0000] {logging_mixin.py:188} INFO - [2024-01-05T15:17:47.473+0000] {dag.py:3820} INFO - Setting next_dagrun for example_branch_labels to 2024-01-04T00:00:00+00:00, run_after=2024-01-05T00:00:00+00:00
[2024-01-05T15:17:47.640+0000] {processor.py:183} INFO - Processing /home/eder/Desktop/Airflow/Twitter/venv/lib/python3.9/site-packages/airflow/example_dags/example_branch_labels.py took 0.523 seconds
[2024-01-05T15:20:53.957+0000] {processor.py:161} INFO - Started process (PID=7732) to work on /home/eder/Desktop/Airflow/Twitter/venv/lib/python3.9/site-packages/airflow/example_dags/example_branch_labels.py
[2024-01-05T15:20:53.967+0000] {processor.py:830} INFO - Processing file /home/eder/Desktop/Airflow/Twitter/venv/lib/python3.9/site-packages/airflow/example_dags/example_branch_labels.py for tasks to queue
[2024-01-05T15:20:53.968+0000] {logging_mixin.py:188} INFO - [2024-01-05T15:20:53.968+0000] {dagbag.py:538} INFO - Filling up the DagBag from /home/eder/Desktop/Airflow/Twitter/venv/lib/python3.9/site-packages/airflow/example_dags/example_branch_labels.py
[2024-01-05T15:20:53.978+0000] {processor.py:840} INFO - DAG(s) 'example_branch_labels' retrieved from /home/eder/Desktop/Airflow/Twitter/venv/lib/python3.9/site-packages/airflow/example_dags/example_branch_labels.py
[2024-01-05T15:20:54.001+0000] {logging_mixin.py:188} INFO - [2024-01-05T15:20:54.001+0000] {dag.py:3033} INFO - Sync 1 DAGs
[2024-01-05T15:20:54.021+0000] {logging_mixin.py:188} INFO - [2024-01-05T15:20:54.021+0000] {dag.py:3820} INFO - Setting next_dagrun for example_branch_labels to 2024-01-04T00:00:00+00:00, run_after=2024-01-05T00:00:00+00:00
[2024-01-05T15:20:54.055+0000] {processor.py:183} INFO - Processing /home/eder/Desktop/Airflow/Twitter/venv/lib/python3.9/site-packages/airflow/example_dags/example_branch_labels.py took 0.104 seconds
[2024-01-05T15:22:14.114+0000] {processor.py:161} INFO - Started process (PID=7914) to work on /home/eder/Desktop/Airflow/Twitter/venv/lib/python3.9/site-packages/airflow/example_dags/example_branch_labels.py
[2024-01-05T15:22:14.116+0000] {processor.py:830} INFO - Processing file /home/eder/Desktop/Airflow/Twitter/venv/lib/python3.9/site-packages/airflow/example_dags/example_branch_labels.py for tasks to queue
[2024-01-05T15:22:14.119+0000] {logging_mixin.py:188} INFO - [2024-01-05T15:22:14.118+0000] {dagbag.py:538} INFO - Filling up the DagBag from /home/eder/Desktop/Airflow/Twitter/venv/lib/python3.9/site-packages/airflow/example_dags/example_branch_labels.py
[2024-01-05T15:22:14.136+0000] {processor.py:840} INFO - DAG(s) 'example_branch_labels' retrieved from /home/eder/Desktop/Airflow/Twitter/venv/lib/python3.9/site-packages/airflow/example_dags/example_branch_labels.py
[2024-01-05T15:22:14.163+0000] {logging_mixin.py:188} INFO - [2024-01-05T15:22:14.162+0000] {dag.py:3033} INFO - Sync 1 DAGs
[2024-01-05T15:22:14.197+0000] {logging_mixin.py:188} INFO - [2024-01-05T15:22:14.197+0000] {dag.py:3820} INFO - Setting next_dagrun for example_branch_labels to 2024-01-04T00:00:00+00:00, run_after=2024-01-05T00:00:00+00:00
[2024-01-05T15:22:14.242+0000] {processor.py:183} INFO - Processing /home/eder/Desktop/Airflow/Twitter/venv/lib/python3.9/site-packages/airflow/example_dags/example_branch_labels.py took 0.134 seconds
[2024-01-05T15:23:29.188+0000] {processor.py:161} INFO - Started process (PID=8085) to work on /home/eder/Desktop/Airflow/Twitter/venv/lib/python3.9/site-packages/airflow/example_dags/example_branch_labels.py
[2024-01-05T15:23:29.196+0000] {processor.py:830} INFO - Processing file /home/eder/Desktop/Airflow/Twitter/venv/lib/python3.9/site-packages/airflow/example_dags/example_branch_labels.py for tasks to queue
[2024-01-05T15:23:29.199+0000] {logging_mixin.py:188} INFO - [2024-01-05T15:23:29.198+0000] {dagbag.py:538} INFO - Filling up the DagBag from /home/eder/Desktop/Airflow/Twitter/venv/lib/python3.9/site-packages/airflow/example_dags/example_branch_labels.py
[2024-01-05T15:23:29.208+0000] {processor.py:840} INFO - DAG(s) 'example_branch_labels' retrieved from /home/eder/Desktop/Airflow/Twitter/venv/lib/python3.9/site-packages/airflow/example_dags/example_branch_labels.py
[2024-01-05T15:23:29.231+0000] {logging_mixin.py:188} INFO - [2024-01-05T15:23:29.231+0000] {dag.py:3033} INFO - Sync 1 DAGs
[2024-01-05T15:23:29.252+0000] {logging_mixin.py:188} INFO - [2024-01-05T15:23:29.251+0000] {dag.py:3820} INFO - Setting next_dagrun for example_branch_labels to 2024-01-04T00:00:00+00:00, run_after=2024-01-05T00:00:00+00:00
[2024-01-05T15:23:29.293+0000] {processor.py:183} INFO - Processing /home/eder/Desktop/Airflow/Twitter/venv/lib/python3.9/site-packages/airflow/example_dags/example_branch_labels.py took 0.110 seconds
[2024-01-05T15:24:48.985+0000] {processor.py:161} INFO - Started process (PID=8321) to work on /home/eder/Desktop/Airflow/Twitter/venv/lib/python3.9/site-packages/airflow/example_dags/example_branch_labels.py
[2024-01-05T15:24:48.995+0000] {processor.py:830} INFO - Processing file /home/eder/Desktop/Airflow/Twitter/venv/lib/python3.9/site-packages/airflow/example_dags/example_branch_labels.py for tasks to queue
[2024-01-05T15:24:48.997+0000] {logging_mixin.py:188} INFO - [2024-01-05T15:24:48.996+0000] {dagbag.py:538} INFO - Filling up the DagBag from /home/eder/Desktop/Airflow/Twitter/venv/lib/python3.9/site-packages/airflow/example_dags/example_branch_labels.py
[2024-01-05T15:24:49.008+0000] {processor.py:840} INFO - DAG(s) 'example_branch_labels' retrieved from /home/eder/Desktop/Airflow/Twitter/venv/lib/python3.9/site-packages/airflow/example_dags/example_branch_labels.py
[2024-01-05T15:24:49.031+0000] {logging_mixin.py:188} INFO - [2024-01-05T15:24:49.029+0000] {dag.py:3033} INFO - Sync 1 DAGs
[2024-01-05T15:24:49.051+0000] {logging_mixin.py:188} INFO - [2024-01-05T15:24:49.051+0000] {dag.py:3820} INFO - Setting next_dagrun for example_branch_labels to 2024-01-04T00:00:00+00:00, run_after=2024-01-05T00:00:00+00:00
[2024-01-05T15:24:49.113+0000] {processor.py:183} INFO - Processing /home/eder/Desktop/Airflow/Twitter/venv/lib/python3.9/site-packages/airflow/example_dags/example_branch_labels.py took 0.131 seconds
[2024-01-05T15:26:05.428+0000] {processor.py:161} INFO - Started process (PID=8555) to work on /home/eder/Desktop/Airflow/Twitter/venv/lib/python3.9/site-packages/airflow/example_dags/example_branch_labels.py
[2024-01-05T15:26:05.441+0000] {processor.py:830} INFO - Processing file /home/eder/Desktop/Airflow/Twitter/venv/lib/python3.9/site-packages/airflow/example_dags/example_branch_labels.py for tasks to queue
[2024-01-05T15:26:05.444+0000] {logging_mixin.py:188} INFO - [2024-01-05T15:26:05.441+0000] {dagbag.py:538} INFO - Filling up the DagBag from /home/eder/Desktop/Airflow/Twitter/venv/lib/python3.9/site-packages/airflow/example_dags/example_branch_labels.py
[2024-01-05T15:26:05.456+0000] {processor.py:840} INFO - DAG(s) 'example_branch_labels' retrieved from /home/eder/Desktop/Airflow/Twitter/venv/lib/python3.9/site-packages/airflow/example_dags/example_branch_labels.py
[2024-01-05T15:26:05.478+0000] {logging_mixin.py:188} INFO - [2024-01-05T15:26:05.477+0000] {dag.py:3033} INFO - Sync 1 DAGs
[2024-01-05T15:26:05.499+0000] {logging_mixin.py:188} INFO - [2024-01-05T15:26:05.498+0000] {dag.py:3820} INFO - Setting next_dagrun for example_branch_labels to 2024-01-04T00:00:00+00:00, run_after=2024-01-05T00:00:00+00:00
[2024-01-05T15:26:05.536+0000] {processor.py:183} INFO - Processing /home/eder/Desktop/Airflow/Twitter/venv/lib/python3.9/site-packages/airflow/example_dags/example_branch_labels.py took 0.112 seconds
[2024-01-05T15:27:20.335+0000] {processor.py:161} INFO - Started process (PID=8791) to work on /home/eder/Desktop/Airflow/Twitter/venv/lib/python3.9/site-packages/airflow/example_dags/example_branch_labels.py
[2024-01-05T15:27:20.344+0000] {processor.py:830} INFO - Processing file /home/eder/Desktop/Airflow/Twitter/venv/lib/python3.9/site-packages/airflow/example_dags/example_branch_labels.py for tasks to queue
[2024-01-05T15:27:20.347+0000] {logging_mixin.py:188} INFO - [2024-01-05T15:27:20.346+0000] {dagbag.py:538} INFO - Filling up the DagBag from /home/eder/Desktop/Airflow/Twitter/venv/lib/python3.9/site-packages/airflow/example_dags/example_branch_labels.py
[2024-01-05T15:27:20.356+0000] {processor.py:840} INFO - DAG(s) 'example_branch_labels' retrieved from /home/eder/Desktop/Airflow/Twitter/venv/lib/python3.9/site-packages/airflow/example_dags/example_branch_labels.py
[2024-01-05T15:27:20.380+0000] {logging_mixin.py:188} INFO - [2024-01-05T15:27:20.380+0000] {dag.py:3033} INFO - Sync 1 DAGs
[2024-01-05T15:27:20.407+0000] {logging_mixin.py:188} INFO - [2024-01-05T15:27:20.407+0000] {dag.py:3820} INFO - Setting next_dagrun for example_branch_labels to 2024-01-04T00:00:00+00:00, run_after=2024-01-05T00:00:00+00:00
[2024-01-05T15:27:20.443+0000] {processor.py:183} INFO - Processing /home/eder/Desktop/Airflow/Twitter/venv/lib/python3.9/site-packages/airflow/example_dags/example_branch_labels.py took 0.116 seconds
[2024-01-05T15:28:36.031+0000] {processor.py:161} INFO - Started process (PID=8965) to work on /home/eder/Desktop/Airflow/Twitter/venv/lib/python3.9/site-packages/airflow/example_dags/example_branch_labels.py
[2024-01-05T15:28:36.035+0000] {processor.py:830} INFO - Processing file /home/eder/Desktop/Airflow/Twitter/venv/lib/python3.9/site-packages/airflow/example_dags/example_branch_labels.py for tasks to queue
[2024-01-05T15:28:36.036+0000] {logging_mixin.py:188} INFO - [2024-01-05T15:28:36.035+0000] {dagbag.py:538} INFO - Filling up the DagBag from /home/eder/Desktop/Airflow/Twitter/venv/lib/python3.9/site-packages/airflow/example_dags/example_branch_labels.py
[2024-01-05T15:28:36.045+0000] {processor.py:840} INFO - DAG(s) 'example_branch_labels' retrieved from /home/eder/Desktop/Airflow/Twitter/venv/lib/python3.9/site-packages/airflow/example_dags/example_branch_labels.py
[2024-01-05T15:28:36.067+0000] {logging_mixin.py:188} INFO - [2024-01-05T15:28:36.066+0000] {dag.py:3033} INFO - Sync 1 DAGs
[2024-01-05T15:28:36.087+0000] {logging_mixin.py:188} INFO - [2024-01-05T15:28:36.087+0000] {dag.py:3820} INFO - Setting next_dagrun for example_branch_labels to 2024-01-04T00:00:00+00:00, run_after=2024-01-05T00:00:00+00:00
[2024-01-05T15:28:36.131+0000] {processor.py:183} INFO - Processing /home/eder/Desktop/Airflow/Twitter/venv/lib/python3.9/site-packages/airflow/example_dags/example_branch_labels.py took 0.104 seconds
[2024-01-05T15:29:55.907+0000] {processor.py:161} INFO - Started process (PID=9340) to work on /home/eder/Desktop/Airflow/Twitter/venv/lib/python3.9/site-packages/airflow/example_dags/example_branch_labels.py
[2024-01-05T15:29:55.915+0000] {processor.py:830} INFO - Processing file /home/eder/Desktop/Airflow/Twitter/venv/lib/python3.9/site-packages/airflow/example_dags/example_branch_labels.py for tasks to queue
[2024-01-05T15:29:55.916+0000] {logging_mixin.py:188} INFO - [2024-01-05T15:29:55.915+0000] {dagbag.py:538} INFO - Filling up the DagBag from /home/eder/Desktop/Airflow/Twitter/venv/lib/python3.9/site-packages/airflow/example_dags/example_branch_labels.py
[2024-01-05T15:29:55.927+0000] {processor.py:840} INFO - DAG(s) 'example_branch_labels' retrieved from /home/eder/Desktop/Airflow/Twitter/venv/lib/python3.9/site-packages/airflow/example_dags/example_branch_labels.py
[2024-01-05T15:29:55.949+0000] {logging_mixin.py:188} INFO - [2024-01-05T15:29:55.949+0000] {dag.py:3033} INFO - Sync 1 DAGs
[2024-01-05T15:29:55.972+0000] {logging_mixin.py:188} INFO - [2024-01-05T15:29:55.971+0000] {dag.py:3820} INFO - Setting next_dagrun for example_branch_labels to 2024-01-04T00:00:00+00:00, run_after=2024-01-05T00:00:00+00:00
[2024-01-05T15:29:56.008+0000] {processor.py:183} INFO - Processing /home/eder/Desktop/Airflow/Twitter/venv/lib/python3.9/site-packages/airflow/example_dags/example_branch_labels.py took 0.105 seconds
[2024-01-05T15:31:12.981+0000] {processor.py:161} INFO - Started process (PID=9573) to work on /home/eder/Desktop/Airflow/Twitter/venv/lib/python3.9/site-packages/airflow/example_dags/example_branch_labels.py
[2024-01-05T15:31:12.991+0000] {processor.py:830} INFO - Processing file /home/eder/Desktop/Airflow/Twitter/venv/lib/python3.9/site-packages/airflow/example_dags/example_branch_labels.py for tasks to queue
[2024-01-05T15:31:12.992+0000] {logging_mixin.py:188} INFO - [2024-01-05T15:31:12.992+0000] {dagbag.py:538} INFO - Filling up the DagBag from /home/eder/Desktop/Airflow/Twitter/venv/lib/python3.9/site-packages/airflow/example_dags/example_branch_labels.py
[2024-01-05T15:31:13.004+0000] {processor.py:840} INFO - DAG(s) 'example_branch_labels' retrieved from /home/eder/Desktop/Airflow/Twitter/venv/lib/python3.9/site-packages/airflow/example_dags/example_branch_labels.py
[2024-01-05T15:31:13.029+0000] {logging_mixin.py:188} INFO - [2024-01-05T15:31:13.029+0000] {dag.py:3033} INFO - Sync 1 DAGs
[2024-01-05T15:31:13.051+0000] {logging_mixin.py:188} INFO - [2024-01-05T15:31:13.051+0000] {dag.py:3820} INFO - Setting next_dagrun for example_branch_labels to 2024-01-04T00:00:00+00:00, run_after=2024-01-05T00:00:00+00:00
[2024-01-05T15:31:13.088+0000] {processor.py:183} INFO - Processing /home/eder/Desktop/Airflow/Twitter/venv/lib/python3.9/site-packages/airflow/example_dags/example_branch_labels.py took 0.112 seconds
[2024-01-05T15:32:28.080+0000] {processor.py:161} INFO - Started process (PID=9806) to work on /home/eder/Desktop/Airflow/Twitter/venv/lib/python3.9/site-packages/airflow/example_dags/example_branch_labels.py
[2024-01-05T15:32:28.087+0000] {processor.py:830} INFO - Processing file /home/eder/Desktop/Airflow/Twitter/venv/lib/python3.9/site-packages/airflow/example_dags/example_branch_labels.py for tasks to queue
[2024-01-05T15:32:28.089+0000] {logging_mixin.py:188} INFO - [2024-01-05T15:32:28.088+0000] {dagbag.py:538} INFO - Filling up the DagBag from /home/eder/Desktop/Airflow/Twitter/venv/lib/python3.9/site-packages/airflow/example_dags/example_branch_labels.py
[2024-01-05T15:32:28.100+0000] {processor.py:840} INFO - DAG(s) 'example_branch_labels' retrieved from /home/eder/Desktop/Airflow/Twitter/venv/lib/python3.9/site-packages/airflow/example_dags/example_branch_labels.py
[2024-01-05T15:32:28.124+0000] {logging_mixin.py:188} INFO - [2024-01-05T15:32:28.124+0000] {dag.py:3033} INFO - Sync 1 DAGs
[2024-01-05T15:32:28.145+0000] {logging_mixin.py:188} INFO - [2024-01-05T15:32:28.145+0000] {dag.py:3820} INFO - Setting next_dagrun for example_branch_labels to 2024-01-04T00:00:00+00:00, run_after=2024-01-05T00:00:00+00:00
[2024-01-05T15:32:28.359+0000] {processor.py:183} INFO - Processing /home/eder/Desktop/Airflow/Twitter/venv/lib/python3.9/site-packages/airflow/example_dags/example_branch_labels.py took 0.284 seconds
[2024-01-05T15:33:41.779+0000] {processor.py:161} INFO - Started process (PID=10040) to work on /home/eder/Desktop/Airflow/Twitter/venv/lib/python3.9/site-packages/airflow/example_dags/example_branch_labels.py
[2024-01-05T15:33:41.786+0000] {processor.py:830} INFO - Processing file /home/eder/Desktop/Airflow/Twitter/venv/lib/python3.9/site-packages/airflow/example_dags/example_branch_labels.py for tasks to queue
[2024-01-05T15:33:41.788+0000] {logging_mixin.py:188} INFO - [2024-01-05T15:33:41.787+0000] {dagbag.py:538} INFO - Filling up the DagBag from /home/eder/Desktop/Airflow/Twitter/venv/lib/python3.9/site-packages/airflow/example_dags/example_branch_labels.py
[2024-01-05T15:33:41.798+0000] {processor.py:840} INFO - DAG(s) 'example_branch_labels' retrieved from /home/eder/Desktop/Airflow/Twitter/venv/lib/python3.9/site-packages/airflow/example_dags/example_branch_labels.py
[2024-01-05T15:33:41.823+0000] {logging_mixin.py:188} INFO - [2024-01-05T15:33:41.822+0000] {dag.py:3033} INFO - Sync 1 DAGs
[2024-01-05T15:33:41.844+0000] {logging_mixin.py:188} INFO - [2024-01-05T15:33:41.844+0000] {dag.py:3820} INFO - Setting next_dagrun for example_branch_labels to 2024-01-04T00:00:00+00:00, run_after=2024-01-05T00:00:00+00:00
[2024-01-05T15:33:41.878+0000] {processor.py:183} INFO - Processing /home/eder/Desktop/Airflow/Twitter/venv/lib/python3.9/site-packages/airflow/example_dags/example_branch_labels.py took 0.105 seconds
[2024-01-05T15:34:56.810+0000] {processor.py:161} INFO - Started process (PID=10212) to work on /home/eder/Desktop/Airflow/Twitter/venv/lib/python3.9/site-packages/airflow/example_dags/example_branch_labels.py
[2024-01-05T15:34:56.820+0000] {processor.py:830} INFO - Processing file /home/eder/Desktop/Airflow/Twitter/venv/lib/python3.9/site-packages/airflow/example_dags/example_branch_labels.py for tasks to queue
[2024-01-05T15:34:56.827+0000] {logging_mixin.py:188} INFO - [2024-01-05T15:34:56.821+0000] {dagbag.py:538} INFO - Filling up the DagBag from /home/eder/Desktop/Airflow/Twitter/venv/lib/python3.9/site-packages/airflow/example_dags/example_branch_labels.py
[2024-01-05T15:34:56.844+0000] {processor.py:840} INFO - DAG(s) 'example_branch_labels' retrieved from /home/eder/Desktop/Airflow/Twitter/venv/lib/python3.9/site-packages/airflow/example_dags/example_branch_labels.py
[2024-01-05T15:34:56.867+0000] {logging_mixin.py:188} INFO - [2024-01-05T15:34:56.867+0000] {dag.py:3033} INFO - Sync 1 DAGs
[2024-01-05T15:34:56.890+0000] {logging_mixin.py:188} INFO - [2024-01-05T15:34:56.889+0000] {dag.py:3820} INFO - Setting next_dagrun for example_branch_labels to 2024-01-04T00:00:00+00:00, run_after=2024-01-05T00:00:00+00:00
[2024-01-05T15:34:56.922+0000] {processor.py:183} INFO - Processing /home/eder/Desktop/Airflow/Twitter/venv/lib/python3.9/site-packages/airflow/example_dags/example_branch_labels.py took 0.117 seconds
[2024-01-05T15:36:15.460+0000] {processor.py:161} INFO - Started process (PID=10573) to work on /home/eder/Desktop/Airflow/Twitter/venv/lib/python3.9/site-packages/airflow/example_dags/example_branch_labels.py
[2024-01-05T15:36:15.470+0000] {processor.py:830} INFO - Processing file /home/eder/Desktop/Airflow/Twitter/venv/lib/python3.9/site-packages/airflow/example_dags/example_branch_labels.py for tasks to queue
[2024-01-05T15:36:15.472+0000] {logging_mixin.py:188} INFO - [2024-01-05T15:36:15.472+0000] {dagbag.py:538} INFO - Filling up the DagBag from /home/eder/Desktop/Airflow/Twitter/venv/lib/python3.9/site-packages/airflow/example_dags/example_branch_labels.py
[2024-01-05T15:36:15.483+0000] {processor.py:840} INFO - DAG(s) 'example_branch_labels' retrieved from /home/eder/Desktop/Airflow/Twitter/venv/lib/python3.9/site-packages/airflow/example_dags/example_branch_labels.py
[2024-01-05T15:36:15.504+0000] {logging_mixin.py:188} INFO - [2024-01-05T15:36:15.503+0000] {dag.py:3033} INFO - Sync 1 DAGs
[2024-01-05T15:36:15.526+0000] {logging_mixin.py:188} INFO - [2024-01-05T15:36:15.525+0000] {dag.py:3820} INFO - Setting next_dagrun for example_branch_labels to 2024-01-04T00:00:00+00:00, run_after=2024-01-05T00:00:00+00:00
[2024-01-05T15:36:15.558+0000] {processor.py:183} INFO - Processing /home/eder/Desktop/Airflow/Twitter/venv/lib/python3.9/site-packages/airflow/example_dags/example_branch_labels.py took 0.101 seconds
[2024-01-05T15:37:10.982+0000] {processor.py:161} INFO - Started process (PID=10712) to work on /home/eder/Desktop/Airflow/Twitter/venv/lib/python3.9/site-packages/airflow/example_dags/example_branch_labels.py
[2024-01-05T15:37:10.990+0000] {processor.py:830} INFO - Processing file /home/eder/Desktop/Airflow/Twitter/venv/lib/python3.9/site-packages/airflow/example_dags/example_branch_labels.py for tasks to queue
[2024-01-05T15:37:10.992+0000] {logging_mixin.py:188} INFO - [2024-01-05T15:37:10.991+0000] {dagbag.py:538} INFO - Filling up the DagBag from /home/eder/Desktop/Airflow/Twitter/venv/lib/python3.9/site-packages/airflow/example_dags/example_branch_labels.py
[2024-01-05T15:37:11.002+0000] {processor.py:840} INFO - DAG(s) 'example_branch_labels' retrieved from /home/eder/Desktop/Airflow/Twitter/venv/lib/python3.9/site-packages/airflow/example_dags/example_branch_labels.py
[2024-01-05T15:37:11.025+0000] {logging_mixin.py:188} INFO - [2024-01-05T15:37:11.025+0000] {dag.py:3033} INFO - Sync 1 DAGs
[2024-01-05T15:37:11.050+0000] {logging_mixin.py:188} INFO - [2024-01-05T15:37:11.049+0000] {dag.py:3820} INFO - Setting next_dagrun for example_branch_labels to 2024-01-04T00:00:00+00:00, run_after=2024-01-05T00:00:00+00:00
[2024-01-05T15:37:11.089+0000] {processor.py:183} INFO - Processing /home/eder/Desktop/Airflow/Twitter/venv/lib/python3.9/site-packages/airflow/example_dags/example_branch_labels.py took 0.112 seconds
[2024-01-05T15:38:23.710+0000] {processor.py:161} INFO - Started process (PID=10877) to work on /home/eder/Desktop/Airflow/Twitter/venv/lib/python3.9/site-packages/airflow/example_dags/example_branch_labels.py
[2024-01-05T15:38:23.713+0000] {processor.py:830} INFO - Processing file /home/eder/Desktop/Airflow/Twitter/venv/lib/python3.9/site-packages/airflow/example_dags/example_branch_labels.py for tasks to queue
[2024-01-05T15:38:23.719+0000] {logging_mixin.py:188} INFO - [2024-01-05T15:38:23.717+0000] {dagbag.py:538} INFO - Filling up the DagBag from /home/eder/Desktop/Airflow/Twitter/venv/lib/python3.9/site-packages/airflow/example_dags/example_branch_labels.py
[2024-01-05T15:38:23.731+0000] {processor.py:840} INFO - DAG(s) 'example_branch_labels' retrieved from /home/eder/Desktop/Airflow/Twitter/venv/lib/python3.9/site-packages/airflow/example_dags/example_branch_labels.py
[2024-01-05T15:38:23.758+0000] {logging_mixin.py:188} INFO - [2024-01-05T15:38:23.758+0000] {dag.py:3033} INFO - Sync 1 DAGs
[2024-01-05T15:38:23.780+0000] {logging_mixin.py:188} INFO - [2024-01-05T15:38:23.780+0000] {dag.py:3820} INFO - Setting next_dagrun for example_branch_labels to 2024-01-04T00:00:00+00:00, run_after=2024-01-05T00:00:00+00:00
[2024-01-05T15:38:23.822+0000] {processor.py:183} INFO - Processing /home/eder/Desktop/Airflow/Twitter/venv/lib/python3.9/site-packages/airflow/example_dags/example_branch_labels.py took 0.118 seconds
[2024-01-05T15:39:36.694+0000] {processor.py:161} INFO - Started process (PID=11049) to work on /home/eder/Desktop/Airflow/Twitter/venv/lib/python3.9/site-packages/airflow/example_dags/example_branch_labels.py
[2024-01-05T15:39:36.703+0000] {processor.py:830} INFO - Processing file /home/eder/Desktop/Airflow/Twitter/venv/lib/python3.9/site-packages/airflow/example_dags/example_branch_labels.py for tasks to queue
[2024-01-05T15:39:36.704+0000] {logging_mixin.py:188} INFO - [2024-01-05T15:39:36.704+0000] {dagbag.py:538} INFO - Filling up the DagBag from /home/eder/Desktop/Airflow/Twitter/venv/lib/python3.9/site-packages/airflow/example_dags/example_branch_labels.py
[2024-01-05T15:39:36.716+0000] {processor.py:840} INFO - DAG(s) 'example_branch_labels' retrieved from /home/eder/Desktop/Airflow/Twitter/venv/lib/python3.9/site-packages/airflow/example_dags/example_branch_labels.py
[2024-01-05T15:39:36.738+0000] {logging_mixin.py:188} INFO - [2024-01-05T15:39:36.738+0000] {dag.py:3033} INFO - Sync 1 DAGs
[2024-01-05T15:39:36.761+0000] {logging_mixin.py:188} INFO - [2024-01-05T15:39:36.760+0000] {dag.py:3820} INFO - Setting next_dagrun for example_branch_labels to 2024-01-04T00:00:00+00:00, run_after=2024-01-05T00:00:00+00:00
[2024-01-05T15:39:36.794+0000] {processor.py:183} INFO - Processing /home/eder/Desktop/Airflow/Twitter/venv/lib/python3.9/site-packages/airflow/example_dags/example_branch_labels.py took 0.106 seconds
[2024-01-05T16:31:54.334+0000] {processor.py:161} INFO - Started process (PID=5001) to work on /home/eder/Desktop/Airflow/Twitter/venv/lib/python3.9/site-packages/airflow/example_dags/example_branch_labels.py
[2024-01-05T16:31:54.343+0000] {processor.py:830} INFO - Processing file /home/eder/Desktop/Airflow/Twitter/venv/lib/python3.9/site-packages/airflow/example_dags/example_branch_labels.py for tasks to queue
[2024-01-05T16:31:54.345+0000] {logging_mixin.py:188} INFO - [2024-01-05T16:31:54.344+0000] {dagbag.py:538} INFO - Filling up the DagBag from /home/eder/Desktop/Airflow/Twitter/venv/lib/python3.9/site-packages/airflow/example_dags/example_branch_labels.py
[2024-01-05T16:31:54.357+0000] {processor.py:840} INFO - DAG(s) 'example_branch_labels' retrieved from /home/eder/Desktop/Airflow/Twitter/venv/lib/python3.9/site-packages/airflow/example_dags/example_branch_labels.py
[2024-01-05T16:31:54.572+0000] {logging_mixin.py:188} INFO - [2024-01-05T16:31:54.564+0000] {dag.py:3033} INFO - Sync 1 DAGs
[2024-01-05T16:31:54.618+0000] {logging_mixin.py:188} INFO - [2024-01-05T16:31:54.618+0000] {dag.py:3820} INFO - Setting next_dagrun for example_branch_labels to 2024-01-04T00:00:00+00:00, run_after=2024-01-05T00:00:00+00:00
[2024-01-05T16:31:54.723+0000] {processor.py:183} INFO - Processing /home/eder/Desktop/Airflow/Twitter/venv/lib/python3.9/site-packages/airflow/example_dags/example_branch_labels.py took 0.392 seconds
[2024-01-05T16:33:27.108+0000] {processor.py:161} INFO - Started process (PID=6073) to work on /home/eder/Desktop/Airflow/Twitter/venv/lib/python3.9/site-packages/airflow/example_dags/example_branch_labels.py
[2024-01-05T16:33:27.131+0000] {processor.py:830} INFO - Processing file /home/eder/Desktop/Airflow/Twitter/venv/lib/python3.9/site-packages/airflow/example_dags/example_branch_labels.py for tasks to queue
[2024-01-05T16:33:27.134+0000] {logging_mixin.py:188} INFO - [2024-01-05T16:33:27.132+0000] {dagbag.py:538} INFO - Filling up the DagBag from /home/eder/Desktop/Airflow/Twitter/venv/lib/python3.9/site-packages/airflow/example_dags/example_branch_labels.py
[2024-01-05T16:33:27.151+0000] {processor.py:840} INFO - DAG(s) 'example_branch_labels' retrieved from /home/eder/Desktop/Airflow/Twitter/venv/lib/python3.9/site-packages/airflow/example_dags/example_branch_labels.py
[2024-01-05T16:33:27.191+0000] {logging_mixin.py:188} INFO - [2024-01-05T16:33:27.188+0000] {dag.py:3033} INFO - Sync 1 DAGs
[2024-01-05T16:33:27.231+0000] {logging_mixin.py:188} INFO - [2024-01-05T16:33:27.230+0000] {dag.py:3820} INFO - Setting next_dagrun for example_branch_labels to 2024-01-04T00:00:00+00:00, run_after=2024-01-05T00:00:00+00:00
[2024-01-05T16:33:27.352+0000] {processor.py:183} INFO - Processing /home/eder/Desktop/Airflow/Twitter/venv/lib/python3.9/site-packages/airflow/example_dags/example_branch_labels.py took 0.256 seconds
[2024-01-05T16:38:53.751+0000] {processor.py:161} INFO - Started process (PID=7126) to work on /home/eder/Desktop/Airflow/Twitter/venv/lib/python3.9/site-packages/airflow/example_dags/example_branch_labels.py
[2024-01-05T16:38:53.760+0000] {processor.py:830} INFO - Processing file /home/eder/Desktop/Airflow/Twitter/venv/lib/python3.9/site-packages/airflow/example_dags/example_branch_labels.py for tasks to queue
[2024-01-05T16:38:53.763+0000] {logging_mixin.py:188} INFO - [2024-01-05T16:38:53.763+0000] {dagbag.py:538} INFO - Filling up the DagBag from /home/eder/Desktop/Airflow/Twitter/venv/lib/python3.9/site-packages/airflow/example_dags/example_branch_labels.py
[2024-01-05T16:38:53.770+0000] {processor.py:840} INFO - DAG(s) 'example_branch_labels' retrieved from /home/eder/Desktop/Airflow/Twitter/venv/lib/python3.9/site-packages/airflow/example_dags/example_branch_labels.py
[2024-01-05T16:38:53.837+0000] {logging_mixin.py:188} INFO - [2024-01-05T16:38:53.836+0000] {dag.py:3033} INFO - Sync 1 DAGs
[2024-01-05T16:38:53.850+0000] {logging_mixin.py:188} INFO - [2024-01-05T16:38:53.849+0000] {dag.py:3820} INFO - Setting next_dagrun for example_branch_labels to 2024-01-04T00:00:00+00:00, run_after=2024-01-05T00:00:00+00:00
[2024-01-05T16:38:53.872+0000] {processor.py:183} INFO - Processing /home/eder/Desktop/Airflow/Twitter/venv/lib/python3.9/site-packages/airflow/example_dags/example_branch_labels.py took 0.123 seconds
[2024-01-05T16:40:23.928+0000] {processor.py:161} INFO - Started process (PID=7705) to work on /home/eder/Desktop/Airflow/Twitter/venv/lib/python3.9/site-packages/airflow/example_dags/example_branch_labels.py
[2024-01-05T16:40:23.939+0000] {processor.py:830} INFO - Processing file /home/eder/Desktop/Airflow/Twitter/venv/lib/python3.9/site-packages/airflow/example_dags/example_branch_labels.py for tasks to queue
[2024-01-05T16:40:23.939+0000] {logging_mixin.py:188} INFO - [2024-01-05T16:40:23.939+0000] {dagbag.py:538} INFO - Filling up the DagBag from /home/eder/Desktop/Airflow/Twitter/venv/lib/python3.9/site-packages/airflow/example_dags/example_branch_labels.py
[2024-01-05T16:40:23.951+0000] {processor.py:840} INFO - DAG(s) 'example_branch_labels' retrieved from /home/eder/Desktop/Airflow/Twitter/venv/lib/python3.9/site-packages/airflow/example_dags/example_branch_labels.py
[2024-01-05T16:40:23.964+0000] {logging_mixin.py:188} INFO - [2024-01-05T16:40:23.964+0000] {dag.py:3033} INFO - Sync 1 DAGs
[2024-01-05T16:40:23.983+0000] {logging_mixin.py:188} INFO - [2024-01-05T16:40:23.982+0000] {dag.py:3820} INFO - Setting next_dagrun for example_branch_labels to 2024-01-04T00:00:00+00:00, run_after=2024-01-05T00:00:00+00:00
[2024-01-05T16:40:24.003+0000] {processor.py:183} INFO - Processing /home/eder/Desktop/Airflow/Twitter/venv/lib/python3.9/site-packages/airflow/example_dags/example_branch_labels.py took 0.076 seconds
[2024-01-05T16:41:40.761+0000] {processor.py:161} INFO - Started process (PID=7901) to work on /home/eder/Desktop/Airflow/Twitter/venv/lib/python3.9/site-packages/airflow/example_dags/example_branch_labels.py
[2024-01-05T16:41:40.779+0000] {processor.py:830} INFO - Processing file /home/eder/Desktop/Airflow/Twitter/venv/lib/python3.9/site-packages/airflow/example_dags/example_branch_labels.py for tasks to queue
[2024-01-05T16:41:40.780+0000] {logging_mixin.py:188} INFO - [2024-01-05T16:41:40.779+0000] {dagbag.py:538} INFO - Filling up the DagBag from /home/eder/Desktop/Airflow/Twitter/venv/lib/python3.9/site-packages/airflow/example_dags/example_branch_labels.py
[2024-01-05T16:41:40.789+0000] {processor.py:840} INFO - DAG(s) 'example_branch_labels' retrieved from /home/eder/Desktop/Airflow/Twitter/venv/lib/python3.9/site-packages/airflow/example_dags/example_branch_labels.py
[2024-01-05T16:41:40.809+0000] {logging_mixin.py:188} INFO - [2024-01-05T16:41:40.808+0000] {dag.py:3033} INFO - Sync 1 DAGs
[2024-01-05T16:41:40.823+0000] {logging_mixin.py:188} INFO - [2024-01-05T16:41:40.823+0000] {dag.py:3820} INFO - Setting next_dagrun for example_branch_labels to 2024-01-04T00:00:00+00:00, run_after=2024-01-05T00:00:00+00:00
[2024-01-05T16:41:41.008+0000] {processor.py:183} INFO - Processing /home/eder/Desktop/Airflow/Twitter/venv/lib/python3.9/site-packages/airflow/example_dags/example_branch_labels.py took 0.250 seconds
[2024-01-05T16:42:40.171+0000] {processor.py:161} INFO - Started process (PID=8080) to work on /home/eder/Desktop/Airflow/Twitter/venv/lib/python3.9/site-packages/airflow/example_dags/example_branch_labels.py
[2024-01-05T16:42:40.178+0000] {processor.py:830} INFO - Processing file /home/eder/Desktop/Airflow/Twitter/venv/lib/python3.9/site-packages/airflow/example_dags/example_branch_labels.py for tasks to queue
[2024-01-05T16:42:40.179+0000] {logging_mixin.py:188} INFO - [2024-01-05T16:42:40.179+0000] {dagbag.py:538} INFO - Filling up the DagBag from /home/eder/Desktop/Airflow/Twitter/venv/lib/python3.9/site-packages/airflow/example_dags/example_branch_labels.py
[2024-01-05T16:42:40.186+0000] {processor.py:840} INFO - DAG(s) 'example_branch_labels' retrieved from /home/eder/Desktop/Airflow/Twitter/venv/lib/python3.9/site-packages/airflow/example_dags/example_branch_labels.py
[2024-01-05T16:42:40.201+0000] {logging_mixin.py:188} INFO - [2024-01-05T16:42:40.200+0000] {dag.py:3033} INFO - Sync 1 DAGs
[2024-01-05T16:42:40.216+0000] {logging_mixin.py:188} INFO - [2024-01-05T16:42:40.216+0000] {dag.py:3820} INFO - Setting next_dagrun for example_branch_labels to 2024-01-04T00:00:00+00:00, run_after=2024-01-05T00:00:00+00:00
[2024-01-05T16:42:40.238+0000] {processor.py:183} INFO - Processing /home/eder/Desktop/Airflow/Twitter/venv/lib/python3.9/site-packages/airflow/example_dags/example_branch_labels.py took 0.071 seconds
[2024-01-05T16:44:02.900+0000] {processor.py:161} INFO - Started process (PID=8413) to work on /home/eder/Desktop/Airflow/Twitter/venv/lib/python3.9/site-packages/airflow/example_dags/example_branch_labels.py
[2024-01-05T16:44:02.926+0000] {processor.py:830} INFO - Processing file /home/eder/Desktop/Airflow/Twitter/venv/lib/python3.9/site-packages/airflow/example_dags/example_branch_labels.py for tasks to queue
[2024-01-05T16:44:02.927+0000] {logging_mixin.py:188} INFO - [2024-01-05T16:44:02.926+0000] {dagbag.py:538} INFO - Filling up the DagBag from /home/eder/Desktop/Airflow/Twitter/venv/lib/python3.9/site-packages/airflow/example_dags/example_branch_labels.py
[2024-01-05T16:44:02.951+0000] {processor.py:840} INFO - DAG(s) 'example_branch_labels' retrieved from /home/eder/Desktop/Airflow/Twitter/venv/lib/python3.9/site-packages/airflow/example_dags/example_branch_labels.py
[2024-01-05T16:44:02.987+0000] {logging_mixin.py:188} INFO - [2024-01-05T16:44:02.984+0000] {dag.py:3033} INFO - Sync 1 DAGs
[2024-01-05T16:44:03.018+0000] {logging_mixin.py:188} INFO - [2024-01-05T16:44:03.018+0000] {dag.py:3820} INFO - Setting next_dagrun for example_branch_labels to 2024-01-04T00:00:00+00:00, run_after=2024-01-05T00:00:00+00:00
[2024-01-05T16:44:03.224+0000] {processor.py:183} INFO - Processing /home/eder/Desktop/Airflow/Twitter/venv/lib/python3.9/site-packages/airflow/example_dags/example_branch_labels.py took 0.328 seconds
[2024-01-05T16:53:09.916+0000] {processor.py:161} INFO - Started process (PID=16575) to work on /home/eder/Desktop/Airflow/Twitter/venv/lib/python3.9/site-packages/airflow/example_dags/example_branch_labels.py
[2024-01-05T16:53:09.938+0000] {processor.py:830} INFO - Processing file /home/eder/Desktop/Airflow/Twitter/venv/lib/python3.9/site-packages/airflow/example_dags/example_branch_labels.py for tasks to queue
[2024-01-05T16:53:09.939+0000] {logging_mixin.py:188} INFO - [2024-01-05T16:53:09.938+0000] {dagbag.py:538} INFO - Filling up the DagBag from /home/eder/Desktop/Airflow/Twitter/venv/lib/python3.9/site-packages/airflow/example_dags/example_branch_labels.py
[2024-01-05T16:53:09.946+0000] {processor.py:840} INFO - DAG(s) 'example_branch_labels' retrieved from /home/eder/Desktop/Airflow/Twitter/venv/lib/python3.9/site-packages/airflow/example_dags/example_branch_labels.py
[2024-01-05T16:53:09.967+0000] {logging_mixin.py:188} INFO - [2024-01-05T16:53:09.967+0000] {dag.py:3033} INFO - Sync 1 DAGs
[2024-01-05T16:53:10.000+0000] {logging_mixin.py:188} INFO - [2024-01-05T16:53:10.000+0000] {dag.py:3820} INFO - Setting next_dagrun for example_branch_labels to 2024-01-04T00:00:00+00:00, run_after=2024-01-05T00:00:00+00:00
[2024-01-05T16:53:10.119+0000] {processor.py:183} INFO - Processing /home/eder/Desktop/Airflow/Twitter/venv/lib/python3.9/site-packages/airflow/example_dags/example_branch_labels.py took 0.205 seconds
[2024-01-05T16:54:09.147+0000] {processor.py:161} INFO - Started process (PID=16797) to work on /home/eder/Desktop/Airflow/Twitter/venv/lib/python3.9/site-packages/airflow/example_dags/example_branch_labels.py
[2024-01-05T16:54:09.166+0000] {processor.py:830} INFO - Processing file /home/eder/Desktop/Airflow/Twitter/venv/lib/python3.9/site-packages/airflow/example_dags/example_branch_labels.py for tasks to queue
[2024-01-05T16:54:09.167+0000] {logging_mixin.py:188} INFO - [2024-01-05T16:54:09.167+0000] {dagbag.py:538} INFO - Filling up the DagBag from /home/eder/Desktop/Airflow/Twitter/venv/lib/python3.9/site-packages/airflow/example_dags/example_branch_labels.py
[2024-01-05T16:54:09.183+0000] {processor.py:840} INFO - DAG(s) 'example_branch_labels' retrieved from /home/eder/Desktop/Airflow/Twitter/venv/lib/python3.9/site-packages/airflow/example_dags/example_branch_labels.py
[2024-01-05T16:54:09.222+0000] {logging_mixin.py:188} INFO - [2024-01-05T16:54:09.222+0000] {dag.py:3033} INFO - Sync 1 DAGs
[2024-01-05T16:54:09.244+0000] {logging_mixin.py:188} INFO - [2024-01-05T16:54:09.243+0000] {dag.py:3820} INFO - Setting next_dagrun for example_branch_labels to 2024-01-04T00:00:00+00:00, run_after=2024-01-05T00:00:00+00:00
[2024-01-05T16:54:09.358+0000] {processor.py:183} INFO - Processing /home/eder/Desktop/Airflow/Twitter/venv/lib/python3.9/site-packages/airflow/example_dags/example_branch_labels.py took 0.230 seconds
[2024-01-05T16:55:06.938+0000] {processor.py:161} INFO - Started process (PID=16976) to work on /home/eder/Desktop/Airflow/Twitter/venv/lib/python3.9/site-packages/airflow/example_dags/example_branch_labels.py
[2024-01-05T16:55:06.940+0000] {processor.py:830} INFO - Processing file /home/eder/Desktop/Airflow/Twitter/venv/lib/python3.9/site-packages/airflow/example_dags/example_branch_labels.py for tasks to queue
[2024-01-05T16:55:06.942+0000] {logging_mixin.py:188} INFO - [2024-01-05T16:55:06.941+0000] {dagbag.py:538} INFO - Filling up the DagBag from /home/eder/Desktop/Airflow/Twitter/venv/lib/python3.9/site-packages/airflow/example_dags/example_branch_labels.py
[2024-01-05T16:55:06.947+0000] {processor.py:840} INFO - DAG(s) 'example_branch_labels' retrieved from /home/eder/Desktop/Airflow/Twitter/venv/lib/python3.9/site-packages/airflow/example_dags/example_branch_labels.py
[2024-01-05T16:55:06.964+0000] {logging_mixin.py:188} INFO - [2024-01-05T16:55:06.963+0000] {dag.py:3033} INFO - Sync 1 DAGs
[2024-01-05T16:55:06.977+0000] {logging_mixin.py:188} INFO - [2024-01-05T16:55:06.977+0000] {dag.py:3820} INFO - Setting next_dagrun for example_branch_labels to 2024-01-04T00:00:00+00:00, run_after=2024-01-05T00:00:00+00:00
[2024-01-05T16:55:06.998+0000] {processor.py:183} INFO - Processing /home/eder/Desktop/Airflow/Twitter/venv/lib/python3.9/site-packages/airflow/example_dags/example_branch_labels.py took 0.063 seconds
[2024-01-05T16:56:31.863+0000] {processor.py:161} INFO - Started process (PID=17239) to work on /home/eder/Desktop/Airflow/Twitter/venv/lib/python3.9/site-packages/airflow/example_dags/example_branch_labels.py
[2024-01-05T16:56:31.884+0000] {processor.py:830} INFO - Processing file /home/eder/Desktop/Airflow/Twitter/venv/lib/python3.9/site-packages/airflow/example_dags/example_branch_labels.py for tasks to queue
[2024-01-05T16:56:31.886+0000] {logging_mixin.py:188} INFO - [2024-01-05T16:56:31.884+0000] {dagbag.py:538} INFO - Filling up the DagBag from /home/eder/Desktop/Airflow/Twitter/venv/lib/python3.9/site-packages/airflow/example_dags/example_branch_labels.py
[2024-01-05T16:56:31.908+0000] {processor.py:840} INFO - DAG(s) 'example_branch_labels' retrieved from /home/eder/Desktop/Airflow/Twitter/venv/lib/python3.9/site-packages/airflow/example_dags/example_branch_labels.py
[2024-01-05T16:56:31.951+0000] {logging_mixin.py:188} INFO - [2024-01-05T16:56:31.951+0000] {dag.py:3033} INFO - Sync 1 DAGs
[2024-01-05T16:56:31.989+0000] {logging_mixin.py:188} INFO - [2024-01-05T16:56:31.989+0000] {dag.py:3820} INFO - Setting next_dagrun for example_branch_labels to 2024-01-04T00:00:00+00:00, run_after=2024-01-05T00:00:00+00:00
[2024-01-05T16:56:32.184+0000] {processor.py:183} INFO - Processing /home/eder/Desktop/Airflow/Twitter/venv/lib/python3.9/site-packages/airflow/example_dags/example_branch_labels.py took 0.328 seconds
[2024-01-05T16:57:38.875+0000] {processor.py:161} INFO - Started process (PID=17433) to work on /home/eder/Desktop/Airflow/Twitter/venv/lib/python3.9/site-packages/airflow/example_dags/example_branch_labels.py
[2024-01-05T16:57:38.892+0000] {processor.py:830} INFO - Processing file /home/eder/Desktop/Airflow/Twitter/venv/lib/python3.9/site-packages/airflow/example_dags/example_branch_labels.py for tasks to queue
[2024-01-05T16:57:38.894+0000] {logging_mixin.py:188} INFO - [2024-01-05T16:57:38.892+0000] {dagbag.py:538} INFO - Filling up the DagBag from /home/eder/Desktop/Airflow/Twitter/venv/lib/python3.9/site-packages/airflow/example_dags/example_branch_labels.py
[2024-01-05T16:57:38.912+0000] {processor.py:840} INFO - DAG(s) 'example_branch_labels' retrieved from /home/eder/Desktop/Airflow/Twitter/venv/lib/python3.9/site-packages/airflow/example_dags/example_branch_labels.py
[2024-01-05T16:57:38.948+0000] {logging_mixin.py:188} INFO - [2024-01-05T16:57:38.947+0000] {dag.py:3033} INFO - Sync 1 DAGs
[2024-01-05T16:57:38.979+0000] {logging_mixin.py:188} INFO - [2024-01-05T16:57:38.979+0000] {dag.py:3820} INFO - Setting next_dagrun for example_branch_labels to 2024-01-04T00:00:00+00:00, run_after=2024-01-05T00:00:00+00:00
[2024-01-05T16:57:39.172+0000] {processor.py:183} INFO - Processing /home/eder/Desktop/Airflow/Twitter/venv/lib/python3.9/site-packages/airflow/example_dags/example_branch_labels.py took 0.305 seconds
[2024-01-05T16:58:38.342+0000] {processor.py:161} INFO - Started process (PID=17658) to work on /home/eder/Desktop/Airflow/Twitter/venv/lib/python3.9/site-packages/airflow/example_dags/example_branch_labels.py
[2024-01-05T16:58:38.360+0000] {processor.py:830} INFO - Processing file /home/eder/Desktop/Airflow/Twitter/venv/lib/python3.9/site-packages/airflow/example_dags/example_branch_labels.py for tasks to queue
[2024-01-05T16:58:38.363+0000] {logging_mixin.py:188} INFO - [2024-01-05T16:58:38.360+0000] {dagbag.py:538} INFO - Filling up the DagBag from /home/eder/Desktop/Airflow/Twitter/venv/lib/python3.9/site-packages/airflow/example_dags/example_branch_labels.py
[2024-01-05T16:58:38.380+0000] {processor.py:840} INFO - DAG(s) 'example_branch_labels' retrieved from /home/eder/Desktop/Airflow/Twitter/venv/lib/python3.9/site-packages/airflow/example_dags/example_branch_labels.py
[2024-01-05T16:58:38.476+0000] {logging_mixin.py:188} INFO - [2024-01-05T16:58:38.476+0000] {dag.py:3033} INFO - Sync 1 DAGs
[2024-01-05T16:58:38.518+0000] {logging_mixin.py:188} INFO - [2024-01-05T16:58:38.516+0000] {dag.py:3820} INFO - Setting next_dagrun for example_branch_labels to 2024-01-04T00:00:00+00:00, run_after=2024-01-05T00:00:00+00:00
[2024-01-05T16:58:38.683+0000] {processor.py:183} INFO - Processing /home/eder/Desktop/Airflow/Twitter/venv/lib/python3.9/site-packages/airflow/example_dags/example_branch_labels.py took 0.347 seconds
[2024-01-05T16:59:40.020+0000] {processor.py:161} INFO - Started process (PID=17821) to work on /home/eder/Desktop/Airflow/Twitter/venv/lib/python3.9/site-packages/airflow/example_dags/example_branch_labels.py
[2024-01-05T16:59:40.043+0000] {processor.py:830} INFO - Processing file /home/eder/Desktop/Airflow/Twitter/venv/lib/python3.9/site-packages/airflow/example_dags/example_branch_labels.py for tasks to queue
[2024-01-05T16:59:40.044+0000] {logging_mixin.py:188} INFO - [2024-01-05T16:59:40.043+0000] {dagbag.py:538} INFO - Filling up the DagBag from /home/eder/Desktop/Airflow/Twitter/venv/lib/python3.9/site-packages/airflow/example_dags/example_branch_labels.py
[2024-01-05T16:59:40.071+0000] {processor.py:840} INFO - DAG(s) 'example_branch_labels' retrieved from /home/eder/Desktop/Airflow/Twitter/venv/lib/python3.9/site-packages/airflow/example_dags/example_branch_labels.py
[2024-01-05T16:59:40.176+0000] {logging_mixin.py:188} INFO - [2024-01-05T16:59:40.176+0000] {dag.py:3033} INFO - Sync 1 DAGs
[2024-01-05T16:59:40.238+0000] {logging_mixin.py:188} INFO - [2024-01-05T16:59:40.238+0000] {dag.py:3820} INFO - Setting next_dagrun for example_branch_labels to 2024-01-04T00:00:00+00:00, run_after=2024-01-05T00:00:00+00:00
[2024-01-05T16:59:40.419+0000] {processor.py:183} INFO - Processing /home/eder/Desktop/Airflow/Twitter/venv/lib/python3.9/site-packages/airflow/example_dags/example_branch_labels.py took 0.404 seconds
[2024-01-05T17:00:46.707+0000] {processor.py:161} INFO - Started process (PID=18000) to work on /home/eder/Desktop/Airflow/Twitter/venv/lib/python3.9/site-packages/airflow/example_dags/example_branch_labels.py
[2024-01-05T17:00:46.727+0000] {processor.py:830} INFO - Processing file /home/eder/Desktop/Airflow/Twitter/venv/lib/python3.9/site-packages/airflow/example_dags/example_branch_labels.py for tasks to queue
[2024-01-05T17:00:46.730+0000] {logging_mixin.py:188} INFO - [2024-01-05T17:00:46.728+0000] {dagbag.py:538} INFO - Filling up the DagBag from /home/eder/Desktop/Airflow/Twitter/venv/lib/python3.9/site-packages/airflow/example_dags/example_branch_labels.py
[2024-01-05T17:00:46.753+0000] {processor.py:840} INFO - DAG(s) 'example_branch_labels' retrieved from /home/eder/Desktop/Airflow/Twitter/venv/lib/python3.9/site-packages/airflow/example_dags/example_branch_labels.py
[2024-01-05T17:00:46.795+0000] {logging_mixin.py:188} INFO - [2024-01-05T17:00:46.794+0000] {dag.py:3033} INFO - Sync 1 DAGs
[2024-01-05T17:00:46.824+0000] {logging_mixin.py:188} INFO - [2024-01-05T17:00:46.824+0000] {dag.py:3820} INFO - Setting next_dagrun for example_branch_labels to 2024-01-04T00:00:00+00:00, run_after=2024-01-05T00:00:00+00:00
[2024-01-05T17:00:47.028+0000] {processor.py:183} INFO - Processing /home/eder/Desktop/Airflow/Twitter/venv/lib/python3.9/site-packages/airflow/example_dags/example_branch_labels.py took 0.333 seconds
[2024-01-05T17:01:49.484+0000] {processor.py:161} INFO - Started process (PID=18178) to work on /home/eder/Desktop/Airflow/Twitter/venv/lib/python3.9/site-packages/airflow/example_dags/example_branch_labels.py
[2024-01-05T17:01:49.499+0000] {processor.py:830} INFO - Processing file /home/eder/Desktop/Airflow/Twitter/venv/lib/python3.9/site-packages/airflow/example_dags/example_branch_labels.py for tasks to queue
[2024-01-05T17:01:49.502+0000] {logging_mixin.py:188} INFO - [2024-01-05T17:01:49.500+0000] {dagbag.py:538} INFO - Filling up the DagBag from /home/eder/Desktop/Airflow/Twitter/venv/lib/python3.9/site-packages/airflow/example_dags/example_branch_labels.py
[2024-01-05T17:01:49.508+0000] {processor.py:840} INFO - DAG(s) 'example_branch_labels' retrieved from /home/eder/Desktop/Airflow/Twitter/venv/lib/python3.9/site-packages/airflow/example_dags/example_branch_labels.py
[2024-01-05T17:01:49.564+0000] {logging_mixin.py:188} INFO - [2024-01-05T17:01:49.564+0000] {dag.py:3033} INFO - Sync 1 DAGs
[2024-01-05T17:01:49.603+0000] {logging_mixin.py:188} INFO - [2024-01-05T17:01:49.603+0000] {dag.py:3820} INFO - Setting next_dagrun for example_branch_labels to 2024-01-04T00:00:00+00:00, run_after=2024-01-05T00:00:00+00:00
[2024-01-05T17:01:49.767+0000] {processor.py:183} INFO - Processing /home/eder/Desktop/Airflow/Twitter/venv/lib/python3.9/site-packages/airflow/example_dags/example_branch_labels.py took 0.287 seconds
[2024-01-05T17:02:50.544+0000] {processor.py:161} INFO - Started process (PID=18348) to work on /home/eder/Desktop/Airflow/Twitter/venv/lib/python3.9/site-packages/airflow/example_dags/example_branch_labels.py
[2024-01-05T17:02:50.547+0000] {processor.py:830} INFO - Processing file /home/eder/Desktop/Airflow/Twitter/venv/lib/python3.9/site-packages/airflow/example_dags/example_branch_labels.py for tasks to queue
[2024-01-05T17:02:50.551+0000] {logging_mixin.py:188} INFO - [2024-01-05T17:02:50.548+0000] {dagbag.py:538} INFO - Filling up the DagBag from /home/eder/Desktop/Airflow/Twitter/venv/lib/python3.9/site-packages/airflow/example_dags/example_branch_labels.py
[2024-01-05T17:02:50.567+0000] {processor.py:840} INFO - DAG(s) 'example_branch_labels' retrieved from /home/eder/Desktop/Airflow/Twitter/venv/lib/python3.9/site-packages/airflow/example_dags/example_branch_labels.py
[2024-01-05T17:02:50.600+0000] {logging_mixin.py:188} INFO - [2024-01-05T17:02:50.600+0000] {dag.py:3033} INFO - Sync 1 DAGs
[2024-01-05T17:02:50.652+0000] {logging_mixin.py:188} INFO - [2024-01-05T17:02:50.651+0000] {dag.py:3820} INFO - Setting next_dagrun for example_branch_labels to 2024-01-04T00:00:00+00:00, run_after=2024-01-05T00:00:00+00:00
[2024-01-05T17:02:50.863+0000] {processor.py:183} INFO - Processing /home/eder/Desktop/Airflow/Twitter/venv/lib/python3.9/site-packages/airflow/example_dags/example_branch_labels.py took 0.321 seconds
[2024-01-05T17:03:51.904+0000] {processor.py:161} INFO - Started process (PID=18594) to work on /home/eder/Desktop/Airflow/Twitter/venv/lib/python3.9/site-packages/airflow/example_dags/example_branch_labels.py
[2024-01-05T17:03:51.915+0000] {processor.py:830} INFO - Processing file /home/eder/Desktop/Airflow/Twitter/venv/lib/python3.9/site-packages/airflow/example_dags/example_branch_labels.py for tasks to queue
[2024-01-05T17:03:51.916+0000] {logging_mixin.py:188} INFO - [2024-01-05T17:03:51.915+0000] {dagbag.py:538} INFO - Filling up the DagBag from /home/eder/Desktop/Airflow/Twitter/venv/lib/python3.9/site-packages/airflow/example_dags/example_branch_labels.py
[2024-01-05T17:03:51.928+0000] {processor.py:840} INFO - DAG(s) 'example_branch_labels' retrieved from /home/eder/Desktop/Airflow/Twitter/venv/lib/python3.9/site-packages/airflow/example_dags/example_branch_labels.py
[2024-01-05T17:03:51.968+0000] {logging_mixin.py:188} INFO - [2024-01-05T17:03:51.968+0000] {dag.py:3033} INFO - Sync 1 DAGs
[2024-01-05T17:03:52.000+0000] {logging_mixin.py:188} INFO - [2024-01-05T17:03:52.000+0000] {dag.py:3820} INFO - Setting next_dagrun for example_branch_labels to 2024-01-04T00:00:00+00:00, run_after=2024-01-05T00:00:00+00:00
[2024-01-05T17:03:52.179+0000] {processor.py:183} INFO - Processing /home/eder/Desktop/Airflow/Twitter/venv/lib/python3.9/site-packages/airflow/example_dags/example_branch_labels.py took 0.278 seconds
[2024-01-05T17:04:46.947+0000] {processor.py:161} INFO - Started process (PID=18742) to work on /home/eder/Desktop/Airflow/Twitter/venv/lib/python3.9/site-packages/airflow/example_dags/example_branch_labels.py
[2024-01-05T17:04:46.955+0000] {processor.py:830} INFO - Processing file /home/eder/Desktop/Airflow/Twitter/venv/lib/python3.9/site-packages/airflow/example_dags/example_branch_labels.py for tasks to queue
[2024-01-05T17:04:46.956+0000] {logging_mixin.py:188} INFO - [2024-01-05T17:04:46.955+0000] {dagbag.py:538} INFO - Filling up the DagBag from /home/eder/Desktop/Airflow/Twitter/venv/lib/python3.9/site-packages/airflow/example_dags/example_branch_labels.py
[2024-01-05T17:04:46.961+0000] {processor.py:840} INFO - DAG(s) 'example_branch_labels' retrieved from /home/eder/Desktop/Airflow/Twitter/venv/lib/python3.9/site-packages/airflow/example_dags/example_branch_labels.py
[2024-01-05T17:04:46.976+0000] {logging_mixin.py:188} INFO - [2024-01-05T17:04:46.975+0000] {dag.py:3033} INFO - Sync 1 DAGs
[2024-01-05T17:04:46.989+0000] {logging_mixin.py:188} INFO - [2024-01-05T17:04:46.988+0000] {dag.py:3820} INFO - Setting next_dagrun for example_branch_labels to 2024-01-04T00:00:00+00:00, run_after=2024-01-05T00:00:00+00:00
[2024-01-05T17:04:47.008+0000] {processor.py:183} INFO - Processing /home/eder/Desktop/Airflow/Twitter/venv/lib/python3.9/site-packages/airflow/example_dags/example_branch_labels.py took 0.064 seconds
[2024-01-05T17:05:53.320+0000] {processor.py:161} INFO - Started process (PID=18922) to work on /home/eder/Desktop/Airflow/Twitter/venv/lib/python3.9/site-packages/airflow/example_dags/example_branch_labels.py
[2024-01-05T17:05:53.322+0000] {processor.py:830} INFO - Processing file /home/eder/Desktop/Airflow/Twitter/venv/lib/python3.9/site-packages/airflow/example_dags/example_branch_labels.py for tasks to queue
[2024-01-05T17:05:53.323+0000] {logging_mixin.py:188} INFO - [2024-01-05T17:05:53.322+0000] {dagbag.py:538} INFO - Filling up the DagBag from /home/eder/Desktop/Airflow/Twitter/venv/lib/python3.9/site-packages/airflow/example_dags/example_branch_labels.py
[2024-01-05T17:05:53.328+0000] {processor.py:840} INFO - DAG(s) 'example_branch_labels' retrieved from /home/eder/Desktop/Airflow/Twitter/venv/lib/python3.9/site-packages/airflow/example_dags/example_branch_labels.py
[2024-01-05T17:05:53.342+0000] {logging_mixin.py:188} INFO - [2024-01-05T17:05:53.342+0000] {dag.py:3033} INFO - Sync 1 DAGs
[2024-01-05T17:05:53.356+0000] {logging_mixin.py:188} INFO - [2024-01-05T17:05:53.356+0000] {dag.py:3820} INFO - Setting next_dagrun for example_branch_labels to 2024-01-04T00:00:00+00:00, run_after=2024-01-05T00:00:00+00:00
[2024-01-05T17:05:53.385+0000] {processor.py:183} INFO - Processing /home/eder/Desktop/Airflow/Twitter/venv/lib/python3.9/site-packages/airflow/example_dags/example_branch_labels.py took 0.069 seconds
[2024-01-05T17:07:04.933+0000] {processor.py:161} INFO - Started process (PID=19114) to work on /home/eder/Desktop/Airflow/Twitter/venv/lib/python3.9/site-packages/airflow/example_dags/example_branch_labels.py
[2024-01-05T17:07:04.942+0000] {processor.py:830} INFO - Processing file /home/eder/Desktop/Airflow/Twitter/venv/lib/python3.9/site-packages/airflow/example_dags/example_branch_labels.py for tasks to queue
[2024-01-05T17:07:04.943+0000] {logging_mixin.py:188} INFO - [2024-01-05T17:07:04.943+0000] {dagbag.py:538} INFO - Filling up the DagBag from /home/eder/Desktop/Airflow/Twitter/venv/lib/python3.9/site-packages/airflow/example_dags/example_branch_labels.py
[2024-01-05T17:07:04.953+0000] {processor.py:840} INFO - DAG(s) 'example_branch_labels' retrieved from /home/eder/Desktop/Airflow/Twitter/venv/lib/python3.9/site-packages/airflow/example_dags/example_branch_labels.py
[2024-01-05T17:07:04.967+0000] {logging_mixin.py:188} INFO - [2024-01-05T17:07:04.967+0000] {dag.py:3033} INFO - Sync 1 DAGs
[2024-01-05T17:07:04.980+0000] {logging_mixin.py:188} INFO - [2024-01-05T17:07:04.979+0000] {dag.py:3820} INFO - Setting next_dagrun for example_branch_labels to 2024-01-04T00:00:00+00:00, run_after=2024-01-05T00:00:00+00:00
[2024-01-05T17:07:05.014+0000] {processor.py:183} INFO - Processing /home/eder/Desktop/Airflow/Twitter/venv/lib/python3.9/site-packages/airflow/example_dags/example_branch_labels.py took 0.084 seconds
[2024-01-05T17:08:10.132+0000] {processor.py:161} INFO - Started process (PID=19295) to work on /home/eder/Desktop/Airflow/Twitter/venv/lib/python3.9/site-packages/airflow/example_dags/example_branch_labels.py
[2024-01-05T17:08:10.135+0000] {processor.py:830} INFO - Processing file /home/eder/Desktop/Airflow/Twitter/venv/lib/python3.9/site-packages/airflow/example_dags/example_branch_labels.py for tasks to queue
[2024-01-05T17:08:10.135+0000] {logging_mixin.py:188} INFO - [2024-01-05T17:08:10.135+0000] {dagbag.py:538} INFO - Filling up the DagBag from /home/eder/Desktop/Airflow/Twitter/venv/lib/python3.9/site-packages/airflow/example_dags/example_branch_labels.py
[2024-01-05T17:08:10.141+0000] {processor.py:840} INFO - DAG(s) 'example_branch_labels' retrieved from /home/eder/Desktop/Airflow/Twitter/venv/lib/python3.9/site-packages/airflow/example_dags/example_branch_labels.py
[2024-01-05T17:08:10.156+0000] {logging_mixin.py:188} INFO - [2024-01-05T17:08:10.156+0000] {dag.py:3033} INFO - Sync 1 DAGs
[2024-01-05T17:08:10.174+0000] {logging_mixin.py:188} INFO - [2024-01-05T17:08:10.174+0000] {dag.py:3820} INFO - Setting next_dagrun for example_branch_labels to 2024-01-04T00:00:00+00:00, run_after=2024-01-05T00:00:00+00:00
[2024-01-05T17:08:10.203+0000] {processor.py:183} INFO - Processing /home/eder/Desktop/Airflow/Twitter/venv/lib/python3.9/site-packages/airflow/example_dags/example_branch_labels.py took 0.073 seconds
[2024-01-05T17:37:15.163+0000] {processor.py:161} INFO - Started process (PID=20705) to work on /home/eder/Desktop/Airflow/Twitter/venv/lib/python3.9/site-packages/airflow/example_dags/example_branch_labels.py
[2024-01-05T17:37:15.166+0000] {processor.py:830} INFO - Processing file /home/eder/Desktop/Airflow/Twitter/venv/lib/python3.9/site-packages/airflow/example_dags/example_branch_labels.py for tasks to queue
[2024-01-05T17:37:15.167+0000] {logging_mixin.py:188} INFO - [2024-01-05T17:37:15.166+0000] {dagbag.py:538} INFO - Filling up the DagBag from /home/eder/Desktop/Airflow/Twitter/venv/lib/python3.9/site-packages/airflow/example_dags/example_branch_labels.py
[2024-01-05T17:37:15.175+0000] {processor.py:840} INFO - DAG(s) 'example_branch_labels' retrieved from /home/eder/Desktop/Airflow/Twitter/venv/lib/python3.9/site-packages/airflow/example_dags/example_branch_labels.py
[2024-01-05T17:37:15.243+0000] {logging_mixin.py:188} INFO - [2024-01-05T17:37:15.240+0000] {dag.py:3033} INFO - Sync 1 DAGs
[2024-01-05T17:37:15.255+0000] {logging_mixin.py:188} INFO - [2024-01-05T17:37:15.255+0000] {dag.py:3820} INFO - Setting next_dagrun for example_branch_labels to 2024-01-04T00:00:00+00:00, run_after=2024-01-05T00:00:00+00:00
[2024-01-05T17:37:15.284+0000] {processor.py:183} INFO - Processing /home/eder/Desktop/Airflow/Twitter/venv/lib/python3.9/site-packages/airflow/example_dags/example_branch_labels.py took 0.124 seconds
[2024-01-05T17:38:10.355+0000] {processor.py:161} INFO - Started process (PID=20982) to work on /home/eder/Desktop/Airflow/Twitter/venv/lib/python3.9/site-packages/airflow/example_dags/example_branch_labels.py
[2024-01-05T17:38:10.364+0000] {processor.py:830} INFO - Processing file /home/eder/Desktop/Airflow/Twitter/venv/lib/python3.9/site-packages/airflow/example_dags/example_branch_labels.py for tasks to queue
[2024-01-05T17:38:10.366+0000] {logging_mixin.py:188} INFO - [2024-01-05T17:38:10.366+0000] {dagbag.py:538} INFO - Filling up the DagBag from /home/eder/Desktop/Airflow/Twitter/venv/lib/python3.9/site-packages/airflow/example_dags/example_branch_labels.py
[2024-01-05T17:38:10.375+0000] {processor.py:840} INFO - DAG(s) 'example_branch_labels' retrieved from /home/eder/Desktop/Airflow/Twitter/venv/lib/python3.9/site-packages/airflow/example_dags/example_branch_labels.py
[2024-01-05T17:38:10.392+0000] {logging_mixin.py:188} INFO - [2024-01-05T17:38:10.392+0000] {dag.py:3033} INFO - Sync 1 DAGs
[2024-01-05T17:38:10.412+0000] {logging_mixin.py:188} INFO - [2024-01-05T17:38:10.411+0000] {dag.py:3820} INFO - Setting next_dagrun for example_branch_labels to 2024-01-04T00:00:00+00:00, run_after=2024-01-05T00:00:00+00:00
[2024-01-05T17:38:10.438+0000] {processor.py:183} INFO - Processing /home/eder/Desktop/Airflow/Twitter/venv/lib/python3.9/site-packages/airflow/example_dags/example_branch_labels.py took 0.087 seconds
[2024-01-05T17:39:07.192+0000] {processor.py:161} INFO - Started process (PID=21137) to work on /home/eder/Desktop/Airflow/Twitter/venv/lib/python3.9/site-packages/airflow/example_dags/example_branch_labels.py
[2024-01-05T17:39:07.201+0000] {processor.py:830} INFO - Processing file /home/eder/Desktop/Airflow/Twitter/venv/lib/python3.9/site-packages/airflow/example_dags/example_branch_labels.py for tasks to queue
[2024-01-05T17:39:07.202+0000] {logging_mixin.py:188} INFO - [2024-01-05T17:39:07.201+0000] {dagbag.py:538} INFO - Filling up the DagBag from /home/eder/Desktop/Airflow/Twitter/venv/lib/python3.9/site-packages/airflow/example_dags/example_branch_labels.py
[2024-01-05T17:39:07.210+0000] {processor.py:840} INFO - DAG(s) 'example_branch_labels' retrieved from /home/eder/Desktop/Airflow/Twitter/venv/lib/python3.9/site-packages/airflow/example_dags/example_branch_labels.py
[2024-01-05T17:39:07.224+0000] {logging_mixin.py:188} INFO - [2024-01-05T17:39:07.224+0000] {dag.py:3033} INFO - Sync 1 DAGs
[2024-01-05T17:39:07.238+0000] {logging_mixin.py:188} INFO - [2024-01-05T17:39:07.238+0000] {dag.py:3820} INFO - Setting next_dagrun for example_branch_labels to 2024-01-04T00:00:00+00:00, run_after=2024-01-05T00:00:00+00:00
[2024-01-05T17:39:07.262+0000] {processor.py:183} INFO - Processing /home/eder/Desktop/Airflow/Twitter/venv/lib/python3.9/site-packages/airflow/example_dags/example_branch_labels.py took 0.075 seconds
[2024-01-05T17:40:04.039+0000] {processor.py:161} INFO - Started process (PID=21290) to work on /home/eder/Desktop/Airflow/Twitter/venv/lib/python3.9/site-packages/airflow/example_dags/example_branch_labels.py
[2024-01-05T17:40:04.048+0000] {processor.py:830} INFO - Processing file /home/eder/Desktop/Airflow/Twitter/venv/lib/python3.9/site-packages/airflow/example_dags/example_branch_labels.py for tasks to queue
[2024-01-05T17:40:04.050+0000] {logging_mixin.py:188} INFO - [2024-01-05T17:40:04.050+0000] {dagbag.py:538} INFO - Filling up the DagBag from /home/eder/Desktop/Airflow/Twitter/venv/lib/python3.9/site-packages/airflow/example_dags/example_branch_labels.py
[2024-01-05T17:40:04.058+0000] {processor.py:840} INFO - DAG(s) 'example_branch_labels' retrieved from /home/eder/Desktop/Airflow/Twitter/venv/lib/python3.9/site-packages/airflow/example_dags/example_branch_labels.py
[2024-01-05T17:40:04.073+0000] {logging_mixin.py:188} INFO - [2024-01-05T17:40:04.073+0000] {dag.py:3033} INFO - Sync 1 DAGs
[2024-01-05T17:40:04.091+0000] {logging_mixin.py:188} INFO - [2024-01-05T17:40:04.091+0000] {dag.py:3820} INFO - Setting next_dagrun for example_branch_labels to 2024-01-04T00:00:00+00:00, run_after=2024-01-05T00:00:00+00:00
[2024-01-05T17:40:04.113+0000] {processor.py:183} INFO - Processing /home/eder/Desktop/Airflow/Twitter/venv/lib/python3.9/site-packages/airflow/example_dags/example_branch_labels.py took 0.076 seconds
[2024-01-05T17:51:07.520+0000] {processor.py:161} INFO - Started process (PID=32477) to work on /home/eder/Desktop/Airflow/Twitter/venv/lib/python3.9/site-packages/airflow/example_dags/example_branch_labels.py
[2024-01-05T17:51:07.528+0000] {processor.py:830} INFO - Processing file /home/eder/Desktop/Airflow/Twitter/venv/lib/python3.9/site-packages/airflow/example_dags/example_branch_labels.py for tasks to queue
[2024-01-05T17:51:07.532+0000] {logging_mixin.py:188} INFO - [2024-01-05T17:51:07.532+0000] {dagbag.py:538} INFO - Filling up the DagBag from /home/eder/Desktop/Airflow/Twitter/venv/lib/python3.9/site-packages/airflow/example_dags/example_branch_labels.py
[2024-01-05T17:51:07.538+0000] {processor.py:840} INFO - DAG(s) 'example_branch_labels' retrieved from /home/eder/Desktop/Airflow/Twitter/venv/lib/python3.9/site-packages/airflow/example_dags/example_branch_labels.py
[2024-01-05T17:51:07.561+0000] {logging_mixin.py:188} INFO - [2024-01-05T17:51:07.561+0000] {dag.py:3033} INFO - Sync 1 DAGs
[2024-01-05T17:51:07.576+0000] {logging_mixin.py:188} INFO - [2024-01-05T17:51:07.575+0000] {dag.py:3820} INFO - Setting next_dagrun for example_branch_labels to 2024-01-04T00:00:00+00:00, run_after=2024-01-05T00:00:00+00:00
[2024-01-05T17:51:07.597+0000] {processor.py:183} INFO - Processing /home/eder/Desktop/Airflow/Twitter/venv/lib/python3.9/site-packages/airflow/example_dags/example_branch_labels.py took 0.080 seconds
[2024-01-05T17:52:12.037+0000] {processor.py:161} INFO - Started process (PID=32722) to work on /home/eder/Desktop/Airflow/Twitter/venv/lib/python3.9/site-packages/airflow/example_dags/example_branch_labels.py
[2024-01-05T17:52:12.040+0000] {processor.py:830} INFO - Processing file /home/eder/Desktop/Airflow/Twitter/venv/lib/python3.9/site-packages/airflow/example_dags/example_branch_labels.py for tasks to queue
[2024-01-05T17:52:12.041+0000] {logging_mixin.py:188} INFO - [2024-01-05T17:52:12.041+0000] {dagbag.py:538} INFO - Filling up the DagBag from /home/eder/Desktop/Airflow/Twitter/venv/lib/python3.9/site-packages/airflow/example_dags/example_branch_labels.py
[2024-01-05T17:52:12.048+0000] {processor.py:840} INFO - DAG(s) 'example_branch_labels' retrieved from /home/eder/Desktop/Airflow/Twitter/venv/lib/python3.9/site-packages/airflow/example_dags/example_branch_labels.py
[2024-01-05T17:52:12.062+0000] {logging_mixin.py:188} INFO - [2024-01-05T17:52:12.062+0000] {dag.py:3033} INFO - Sync 1 DAGs
[2024-01-05T17:52:12.075+0000] {logging_mixin.py:188} INFO - [2024-01-05T17:52:12.075+0000] {dag.py:3820} INFO - Setting next_dagrun for example_branch_labels to 2024-01-04T00:00:00+00:00, run_after=2024-01-05T00:00:00+00:00
[2024-01-05T17:52:12.099+0000] {processor.py:183} INFO - Processing /home/eder/Desktop/Airflow/Twitter/venv/lib/python3.9/site-packages/airflow/example_dags/example_branch_labels.py took 0.065 seconds
[2024-01-05T17:53:29.771+0000] {processor.py:161} INFO - Started process (PID=32981) to work on /home/eder/Desktop/Airflow/Twitter/venv/lib/python3.9/site-packages/airflow/example_dags/example_branch_labels.py
[2024-01-05T17:53:29.779+0000] {processor.py:830} INFO - Processing file /home/eder/Desktop/Airflow/Twitter/venv/lib/python3.9/site-packages/airflow/example_dags/example_branch_labels.py for tasks to queue
[2024-01-05T17:53:29.780+0000] {logging_mixin.py:188} INFO - [2024-01-05T17:53:29.780+0000] {dagbag.py:538} INFO - Filling up the DagBag from /home/eder/Desktop/Airflow/Twitter/venv/lib/python3.9/site-packages/airflow/example_dags/example_branch_labels.py
[2024-01-05T17:53:29.787+0000] {processor.py:840} INFO - DAG(s) 'example_branch_labels' retrieved from /home/eder/Desktop/Airflow/Twitter/venv/lib/python3.9/site-packages/airflow/example_dags/example_branch_labels.py
[2024-01-05T17:53:29.801+0000] {logging_mixin.py:188} INFO - [2024-01-05T17:53:29.801+0000] {dag.py:3033} INFO - Sync 1 DAGs
[2024-01-05T17:53:29.815+0000] {logging_mixin.py:188} INFO - [2024-01-05T17:53:29.815+0000] {dag.py:3820} INFO - Setting next_dagrun for example_branch_labels to 2024-01-04T00:00:00+00:00, run_after=2024-01-05T00:00:00+00:00
[2024-01-05T17:53:29.844+0000] {processor.py:183} INFO - Processing /home/eder/Desktop/Airflow/Twitter/venv/lib/python3.9/site-packages/airflow/example_dags/example_branch_labels.py took 0.075 seconds
[2024-01-05T17:54:29.911+0000] {processor.py:161} INFO - Started process (PID=33162) to work on /home/eder/Desktop/Airflow/Twitter/venv/lib/python3.9/site-packages/airflow/example_dags/example_branch_labels.py
[2024-01-05T17:54:29.920+0000] {processor.py:830} INFO - Processing file /home/eder/Desktop/Airflow/Twitter/venv/lib/python3.9/site-packages/airflow/example_dags/example_branch_labels.py for tasks to queue
[2024-01-05T17:54:29.921+0000] {logging_mixin.py:188} INFO - [2024-01-05T17:54:29.921+0000] {dagbag.py:538} INFO - Filling up the DagBag from /home/eder/Desktop/Airflow/Twitter/venv/lib/python3.9/site-packages/airflow/example_dags/example_branch_labels.py
[2024-01-05T17:54:29.928+0000] {processor.py:840} INFO - DAG(s) 'example_branch_labels' retrieved from /home/eder/Desktop/Airflow/Twitter/venv/lib/python3.9/site-packages/airflow/example_dags/example_branch_labels.py
[2024-01-05T17:54:29.943+0000] {logging_mixin.py:188} INFO - [2024-01-05T17:54:29.943+0000] {dag.py:3033} INFO - Sync 1 DAGs
[2024-01-05T17:54:29.956+0000] {logging_mixin.py:188} INFO - [2024-01-05T17:54:29.956+0000] {dag.py:3820} INFO - Setting next_dagrun for example_branch_labels to 2024-01-04T00:00:00+00:00, run_after=2024-01-05T00:00:00+00:00
[2024-01-05T17:54:30.097+0000] {processor.py:183} INFO - Processing /home/eder/Desktop/Airflow/Twitter/venv/lib/python3.9/site-packages/airflow/example_dags/example_branch_labels.py took 0.189 seconds
[2024-01-05T17:55:30.663+0000] {processor.py:161} INFO - Started process (PID=33354) to work on /home/eder/Desktop/Airflow/Twitter/venv/lib/python3.9/site-packages/airflow/example_dags/example_branch_labels.py
[2024-01-05T17:55:30.674+0000] {processor.py:830} INFO - Processing file /home/eder/Desktop/Airflow/Twitter/venv/lib/python3.9/site-packages/airflow/example_dags/example_branch_labels.py for tasks to queue
[2024-01-05T17:55:30.675+0000] {logging_mixin.py:188} INFO - [2024-01-05T17:55:30.674+0000] {dagbag.py:538} INFO - Filling up the DagBag from /home/eder/Desktop/Airflow/Twitter/venv/lib/python3.9/site-packages/airflow/example_dags/example_branch_labels.py
[2024-01-05T17:55:30.695+0000] {processor.py:840} INFO - DAG(s) 'example_branch_labels' retrieved from /home/eder/Desktop/Airflow/Twitter/venv/lib/python3.9/site-packages/airflow/example_dags/example_branch_labels.py
[2024-01-05T17:55:30.738+0000] {logging_mixin.py:188} INFO - [2024-01-05T17:55:30.737+0000] {dag.py:3033} INFO - Sync 1 DAGs
[2024-01-05T17:55:30.774+0000] {logging_mixin.py:188} INFO - [2024-01-05T17:55:30.774+0000] {dag.py:3820} INFO - Setting next_dagrun for example_branch_labels to 2024-01-04T00:00:00+00:00, run_after=2024-01-05T00:00:00+00:00
[2024-01-05T17:55:30.923+0000] {processor.py:183} INFO - Processing /home/eder/Desktop/Airflow/Twitter/venv/lib/python3.9/site-packages/airflow/example_dags/example_branch_labels.py took 0.264 seconds
[2024-01-05T17:56:35.292+0000] {processor.py:161} INFO - Started process (PID=33529) to work on /home/eder/Desktop/Airflow/Twitter/venv/lib/python3.9/site-packages/airflow/example_dags/example_branch_labels.py
[2024-01-05T17:56:35.312+0000] {processor.py:830} INFO - Processing file /home/eder/Desktop/Airflow/Twitter/venv/lib/python3.9/site-packages/airflow/example_dags/example_branch_labels.py for tasks to queue
[2024-01-05T17:56:35.317+0000] {logging_mixin.py:188} INFO - [2024-01-05T17:56:35.317+0000] {dagbag.py:538} INFO - Filling up the DagBag from /home/eder/Desktop/Airflow/Twitter/venv/lib/python3.9/site-packages/airflow/example_dags/example_branch_labels.py
[2024-01-05T17:56:35.332+0000] {processor.py:840} INFO - DAG(s) 'example_branch_labels' retrieved from /home/eder/Desktop/Airflow/Twitter/venv/lib/python3.9/site-packages/airflow/example_dags/example_branch_labels.py
[2024-01-05T17:56:35.364+0000] {logging_mixin.py:188} INFO - [2024-01-05T17:56:35.363+0000] {dag.py:3033} INFO - Sync 1 DAGs
[2024-01-05T17:56:35.391+0000] {logging_mixin.py:188} INFO - [2024-01-05T17:56:35.391+0000] {dag.py:3820} INFO - Setting next_dagrun for example_branch_labels to 2024-01-04T00:00:00+00:00, run_after=2024-01-05T00:00:00+00:00
[2024-01-05T17:56:35.460+0000] {processor.py:183} INFO - Processing /home/eder/Desktop/Airflow/Twitter/venv/lib/python3.9/site-packages/airflow/example_dags/example_branch_labels.py took 0.172 seconds
[2024-01-05T18:00:32.007+0000] {processor.py:161} INFO - Started process (PID=34150) to work on /home/eder/Desktop/Airflow/Twitter/venv/lib/python3.9/site-packages/airflow/example_dags/example_branch_labels.py
[2024-01-05T18:00:32.024+0000] {processor.py:830} INFO - Processing file /home/eder/Desktop/Airflow/Twitter/venv/lib/python3.9/site-packages/airflow/example_dags/example_branch_labels.py for tasks to queue
[2024-01-05T18:00:32.040+0000] {logging_mixin.py:188} INFO - [2024-01-05T18:00:32.039+0000] {dagbag.py:538} INFO - Filling up the DagBag from /home/eder/Desktop/Airflow/Twitter/venv/lib/python3.9/site-packages/airflow/example_dags/example_branch_labels.py
[2024-01-05T18:00:32.065+0000] {processor.py:840} INFO - DAG(s) 'example_branch_labels' retrieved from /home/eder/Desktop/Airflow/Twitter/venv/lib/python3.9/site-packages/airflow/example_dags/example_branch_labels.py
[2024-01-05T18:00:32.215+0000] {logging_mixin.py:188} INFO - [2024-01-05T18:00:32.215+0000] {dag.py:3033} INFO - Sync 1 DAGs
[2024-01-05T18:00:32.243+0000] {logging_mixin.py:188} INFO - [2024-01-05T18:00:32.243+0000] {dag.py:3820} INFO - Setting next_dagrun for example_branch_labels to 2024-01-04T00:00:00+00:00, run_after=2024-01-05T00:00:00+00:00
[2024-01-05T18:00:32.368+0000] {processor.py:183} INFO - Processing /home/eder/Desktop/Airflow/Twitter/venv/lib/python3.9/site-packages/airflow/example_dags/example_branch_labels.py took 0.365 seconds
