[2024-01-05T01:17:44.174+0000] {processor.py:161} INFO - Started process (PID=23974) to work on /home/eder/Desktop/Airflow/Twitter/venv/lib/python3.9/site-packages/airflow/example_dags/example_dag_decorator.py
[2024-01-05T01:17:44.177+0000] {processor.py:830} INFO - Processing file /home/eder/Desktop/Airflow/Twitter/venv/lib/python3.9/site-packages/airflow/example_dags/example_dag_decorator.py for tasks to queue
[2024-01-05T01:17:44.181+0000] {logging_mixin.py:188} INFO - [2024-01-05T01:17:44.178+0000] {dagbag.py:538} INFO - Filling up the DagBag from /home/eder/Desktop/Airflow/Twitter/venv/lib/python3.9/site-packages/airflow/example_dags/example_dag_decorator.py
[2024-01-05T01:17:44.206+0000] {processor.py:840} INFO - DAG(s) 'example_dag_decorator' retrieved from /home/eder/Desktop/Airflow/Twitter/venv/lib/python3.9/site-packages/airflow/example_dags/example_dag_decorator.py
[2024-01-05T01:17:44.656+0000] {logging_mixin.py:188} INFO - [2024-01-05T01:17:44.655+0000] {override.py:1769} INFO - Created Permission View: can read on DAG:example_dag_decorator
[2024-01-05T01:17:44.955+0000] {logging_mixin.py:188} INFO - [2024-01-05T01:17:44.955+0000] {override.py:1769} INFO - Created Permission View: can delete on DAG:example_dag_decorator
[2024-01-05T01:17:45.014+0000] {logging_mixin.py:188} INFO - [2024-01-05T01:17:45.013+0000] {override.py:1769} INFO - Created Permission View: can edit on DAG:example_dag_decorator
[2024-01-05T01:17:45.015+0000] {logging_mixin.py:188} INFO - [2024-01-05T01:17:45.014+0000] {dag.py:3033} INFO - Sync 1 DAGs
[2024-01-05T01:17:45.034+0000] {logging_mixin.py:188} INFO - [2024-01-05T01:17:45.034+0000] {dag.py:3055} INFO - Creating ORM DAG for example_dag_decorator
[2024-01-05T01:17:45.035+0000] {logging_mixin.py:188} INFO - [2024-01-05T01:17:45.035+0000] {dag.py:3820} INFO - Setting next_dagrun for example_dag_decorator to None, run_after=None
[2024-01-05T01:17:45.206+0000] {processor.py:183} INFO - Processing /home/eder/Desktop/Airflow/Twitter/venv/lib/python3.9/site-packages/airflow/example_dags/example_dag_decorator.py took 1.043 seconds
[2024-01-05T01:19:05.509+0000] {processor.py:161} INFO - Started process (PID=24514) to work on /home/eder/Desktop/Airflow/Twitter/venv/lib/python3.9/site-packages/airflow/example_dags/example_dag_decorator.py
[2024-01-05T01:19:05.515+0000] {processor.py:830} INFO - Processing file /home/eder/Desktop/Airflow/Twitter/venv/lib/python3.9/site-packages/airflow/example_dags/example_dag_decorator.py for tasks to queue
[2024-01-05T01:19:05.516+0000] {logging_mixin.py:188} INFO - [2024-01-05T01:19:05.515+0000] {dagbag.py:538} INFO - Filling up the DagBag from /home/eder/Desktop/Airflow/Twitter/venv/lib/python3.9/site-packages/airflow/example_dags/example_dag_decorator.py
[2024-01-05T01:19:05.530+0000] {processor.py:840} INFO - DAG(s) 'example_dag_decorator' retrieved from /home/eder/Desktop/Airflow/Twitter/venv/lib/python3.9/site-packages/airflow/example_dags/example_dag_decorator.py
[2024-01-05T01:19:05.977+0000] {logging_mixin.py:188} INFO - [2024-01-05T01:19:05.977+0000] {dag.py:3033} INFO - Sync 1 DAGs
[2024-01-05T01:19:05.992+0000] {logging_mixin.py:188} INFO - [2024-01-05T01:19:05.992+0000] {dag.py:3820} INFO - Setting next_dagrun for example_dag_decorator to None, run_after=None
[2024-01-05T01:19:06.062+0000] {processor.py:183} INFO - Processing /home/eder/Desktop/Airflow/Twitter/venv/lib/python3.9/site-packages/airflow/example_dags/example_dag_decorator.py took 0.572 seconds
[2024-01-05T01:23:07.633+0000] {processor.py:161} INFO - Started process (PID=27986) to work on /home/eder/Desktop/Airflow/Twitter/venv/lib/python3.9/site-packages/airflow/example_dags/example_dag_decorator.py
[2024-01-05T01:23:07.657+0000] {processor.py:830} INFO - Processing file /home/eder/Desktop/Airflow/Twitter/venv/lib/python3.9/site-packages/airflow/example_dags/example_dag_decorator.py for tasks to queue
[2024-01-05T01:23:07.658+0000] {logging_mixin.py:188} INFO - [2024-01-05T01:23:07.658+0000] {dagbag.py:538} INFO - Filling up the DagBag from /home/eder/Desktop/Airflow/Twitter/venv/lib/python3.9/site-packages/airflow/example_dags/example_dag_decorator.py
[2024-01-05T01:23:07.677+0000] {processor.py:840} INFO - DAG(s) 'example_dag_decorator' retrieved from /home/eder/Desktop/Airflow/Twitter/venv/lib/python3.9/site-packages/airflow/example_dags/example_dag_decorator.py
[2024-01-05T01:23:07.909+0000] {logging_mixin.py:188} INFO - [2024-01-05T01:23:07.908+0000] {dag.py:3033} INFO - Sync 1 DAGs
[2024-01-05T01:23:07.929+0000] {logging_mixin.py:188} INFO - [2024-01-05T01:23:07.929+0000] {dag.py:3820} INFO - Setting next_dagrun for example_dag_decorator to None, run_after=None
[2024-01-05T01:23:08.069+0000] {processor.py:183} INFO - Processing /home/eder/Desktop/Airflow/Twitter/venv/lib/python3.9/site-packages/airflow/example_dags/example_dag_decorator.py took 0.441 seconds
[2024-01-05T01:28:06.757+0000] {processor.py:161} INFO - Started process (PID=32839) to work on /home/eder/Desktop/Airflow/Twitter/venv/lib/python3.9/site-packages/airflow/example_dags/example_dag_decorator.py
[2024-01-05T01:28:06.766+0000] {processor.py:830} INFO - Processing file /home/eder/Desktop/Airflow/Twitter/venv/lib/python3.9/site-packages/airflow/example_dags/example_dag_decorator.py for tasks to queue
[2024-01-05T01:28:06.767+0000] {logging_mixin.py:188} INFO - [2024-01-05T01:28:06.767+0000] {dagbag.py:538} INFO - Filling up the DagBag from /home/eder/Desktop/Airflow/Twitter/venv/lib/python3.9/site-packages/airflow/example_dags/example_dag_decorator.py
[2024-01-05T01:28:06.777+0000] {processor.py:840} INFO - DAG(s) 'example_dag_decorator' retrieved from /home/eder/Desktop/Airflow/Twitter/venv/lib/python3.9/site-packages/airflow/example_dags/example_dag_decorator.py
[2024-01-05T01:28:06.852+0000] {logging_mixin.py:188} INFO - [2024-01-05T01:28:06.851+0000] {dag.py:3033} INFO - Sync 1 DAGs
[2024-01-05T01:28:06.862+0000] {logging_mixin.py:188} INFO - [2024-01-05T01:28:06.862+0000] {dag.py:3820} INFO - Setting next_dagrun for example_dag_decorator to None, run_after=None
[2024-01-05T01:28:06.892+0000] {processor.py:183} INFO - Processing /home/eder/Desktop/Airflow/Twitter/venv/lib/python3.9/site-packages/airflow/example_dags/example_dag_decorator.py took 0.139 seconds
[2024-01-05T01:29:02.582+0000] {processor.py:161} INFO - Started process (PID=33001) to work on /home/eder/Desktop/Airflow/Twitter/venv/lib/python3.9/site-packages/airflow/example_dags/example_dag_decorator.py
[2024-01-05T01:29:02.584+0000] {processor.py:830} INFO - Processing file /home/eder/Desktop/Airflow/Twitter/venv/lib/python3.9/site-packages/airflow/example_dags/example_dag_decorator.py for tasks to queue
[2024-01-05T01:29:02.584+0000] {logging_mixin.py:188} INFO - [2024-01-05T01:29:02.584+0000] {dagbag.py:538} INFO - Filling up the DagBag from /home/eder/Desktop/Airflow/Twitter/venv/lib/python3.9/site-packages/airflow/example_dags/example_dag_decorator.py
[2024-01-05T01:29:02.597+0000] {processor.py:840} INFO - DAG(s) 'example_dag_decorator' retrieved from /home/eder/Desktop/Airflow/Twitter/venv/lib/python3.9/site-packages/airflow/example_dags/example_dag_decorator.py
[2024-01-05T01:29:02.696+0000] {logging_mixin.py:188} INFO - [2024-01-05T01:29:02.696+0000] {dag.py:3033} INFO - Sync 1 DAGs
[2024-01-05T01:29:02.717+0000] {logging_mixin.py:188} INFO - [2024-01-05T01:29:02.717+0000] {dag.py:3820} INFO - Setting next_dagrun for example_dag_decorator to None, run_after=None
[2024-01-05T01:29:02.886+0000] {processor.py:183} INFO - Processing /home/eder/Desktop/Airflow/Twitter/venv/lib/python3.9/site-packages/airflow/example_dags/example_dag_decorator.py took 0.307 seconds
[2024-01-05T01:29:58.697+0000] {processor.py:161} INFO - Started process (PID=33166) to work on /home/eder/Desktop/Airflow/Twitter/venv/lib/python3.9/site-packages/airflow/example_dags/example_dag_decorator.py
[2024-01-05T01:29:58.706+0000] {processor.py:830} INFO - Processing file /home/eder/Desktop/Airflow/Twitter/venv/lib/python3.9/site-packages/airflow/example_dags/example_dag_decorator.py for tasks to queue
[2024-01-05T01:29:58.709+0000] {logging_mixin.py:188} INFO - [2024-01-05T01:29:58.709+0000] {dagbag.py:538} INFO - Filling up the DagBag from /home/eder/Desktop/Airflow/Twitter/venv/lib/python3.9/site-packages/airflow/example_dags/example_dag_decorator.py
[2024-01-05T01:29:58.725+0000] {processor.py:840} INFO - DAG(s) 'example_dag_decorator' retrieved from /home/eder/Desktop/Airflow/Twitter/venv/lib/python3.9/site-packages/airflow/example_dags/example_dag_decorator.py
[2024-01-05T01:29:58.799+0000] {logging_mixin.py:188} INFO - [2024-01-05T01:29:58.799+0000] {dag.py:3033} INFO - Sync 1 DAGs
[2024-01-05T01:29:58.808+0000] {logging_mixin.py:188} INFO - [2024-01-05T01:29:58.807+0000] {dag.py:3820} INFO - Setting next_dagrun for example_dag_decorator to None, run_after=None
[2024-01-05T01:29:58.918+0000] {processor.py:183} INFO - Processing /home/eder/Desktop/Airflow/Twitter/venv/lib/python3.9/site-packages/airflow/example_dags/example_dag_decorator.py took 0.229 seconds
[2024-01-05T01:31:09.693+0000] {processor.py:161} INFO - Started process (PID=33353) to work on /home/eder/Desktop/Airflow/Twitter/venv/lib/python3.9/site-packages/airflow/example_dags/example_dag_decorator.py
[2024-01-05T01:31:09.701+0000] {processor.py:830} INFO - Processing file /home/eder/Desktop/Airflow/Twitter/venv/lib/python3.9/site-packages/airflow/example_dags/example_dag_decorator.py for tasks to queue
[2024-01-05T01:31:09.705+0000] {logging_mixin.py:188} INFO - [2024-01-05T01:31:09.701+0000] {dagbag.py:538} INFO - Filling up the DagBag from /home/eder/Desktop/Airflow/Twitter/venv/lib/python3.9/site-packages/airflow/example_dags/example_dag_decorator.py
[2024-01-05T01:31:09.714+0000] {processor.py:840} INFO - DAG(s) 'example_dag_decorator' retrieved from /home/eder/Desktop/Airflow/Twitter/venv/lib/python3.9/site-packages/airflow/example_dags/example_dag_decorator.py
[2024-01-05T01:31:09.783+0000] {logging_mixin.py:188} INFO - [2024-01-05T01:31:09.783+0000] {dag.py:3033} INFO - Sync 1 DAGs
[2024-01-05T01:31:09.790+0000] {logging_mixin.py:188} INFO - [2024-01-05T01:31:09.790+0000] {dag.py:3820} INFO - Setting next_dagrun for example_dag_decorator to None, run_after=None
[2024-01-05T01:31:09.825+0000] {processor.py:183} INFO - Processing /home/eder/Desktop/Airflow/Twitter/venv/lib/python3.9/site-packages/airflow/example_dags/example_dag_decorator.py took 0.135 seconds
[2024-01-05T01:32:06.310+0000] {processor.py:161} INFO - Started process (PID=33517) to work on /home/eder/Desktop/Airflow/Twitter/venv/lib/python3.9/site-packages/airflow/example_dags/example_dag_decorator.py
[2024-01-05T01:32:06.316+0000] {processor.py:830} INFO - Processing file /home/eder/Desktop/Airflow/Twitter/venv/lib/python3.9/site-packages/airflow/example_dags/example_dag_decorator.py for tasks to queue
[2024-01-05T01:32:06.318+0000] {logging_mixin.py:188} INFO - [2024-01-05T01:32:06.317+0000] {dagbag.py:538} INFO - Filling up the DagBag from /home/eder/Desktop/Airflow/Twitter/venv/lib/python3.9/site-packages/airflow/example_dags/example_dag_decorator.py
[2024-01-05T01:32:06.340+0000] {processor.py:840} INFO - DAG(s) 'example_dag_decorator' retrieved from /home/eder/Desktop/Airflow/Twitter/venv/lib/python3.9/site-packages/airflow/example_dags/example_dag_decorator.py
[2024-01-05T01:32:06.532+0000] {logging_mixin.py:188} INFO - [2024-01-05T01:32:06.531+0000] {dag.py:3033} INFO - Sync 1 DAGs
[2024-01-05T01:32:06.564+0000] {logging_mixin.py:188} INFO - [2024-01-05T01:32:06.562+0000] {dag.py:3820} INFO - Setting next_dagrun for example_dag_decorator to None, run_after=None
[2024-01-05T01:32:06.677+0000] {processor.py:183} INFO - Processing /home/eder/Desktop/Airflow/Twitter/venv/lib/python3.9/site-packages/airflow/example_dags/example_dag_decorator.py took 0.376 seconds
[2024-01-05T01:33:00.415+0000] {processor.py:161} INFO - Started process (PID=33786) to work on /home/eder/Desktop/Airflow/Twitter/venv/lib/python3.9/site-packages/airflow/example_dags/example_dag_decorator.py
[2024-01-05T01:33:00.424+0000] {processor.py:830} INFO - Processing file /home/eder/Desktop/Airflow/Twitter/venv/lib/python3.9/site-packages/airflow/example_dags/example_dag_decorator.py for tasks to queue
[2024-01-05T01:33:00.425+0000] {logging_mixin.py:188} INFO - [2024-01-05T01:33:00.424+0000] {dagbag.py:538} INFO - Filling up the DagBag from /home/eder/Desktop/Airflow/Twitter/venv/lib/python3.9/site-packages/airflow/example_dags/example_dag_decorator.py
[2024-01-05T01:33:00.435+0000] {processor.py:840} INFO - DAG(s) 'example_dag_decorator' retrieved from /home/eder/Desktop/Airflow/Twitter/venv/lib/python3.9/site-packages/airflow/example_dags/example_dag_decorator.py
[2024-01-05T01:33:00.520+0000] {logging_mixin.py:188} INFO - [2024-01-05T01:33:00.519+0000] {dag.py:3033} INFO - Sync 1 DAGs
[2024-01-05T01:33:00.526+0000] {logging_mixin.py:188} INFO - [2024-01-05T01:33:00.525+0000] {dag.py:3820} INFO - Setting next_dagrun for example_dag_decorator to None, run_after=None
[2024-01-05T01:33:00.594+0000] {processor.py:183} INFO - Processing /home/eder/Desktop/Airflow/Twitter/venv/lib/python3.9/site-packages/airflow/example_dags/example_dag_decorator.py took 0.182 seconds
[2024-01-05T01:34:16.437+0000] {processor.py:161} INFO - Started process (PID=33991) to work on /home/eder/Desktop/Airflow/Twitter/venv/lib/python3.9/site-packages/airflow/example_dags/example_dag_decorator.py
[2024-01-05T01:34:16.460+0000] {processor.py:830} INFO - Processing file /home/eder/Desktop/Airflow/Twitter/venv/lib/python3.9/site-packages/airflow/example_dags/example_dag_decorator.py for tasks to queue
[2024-01-05T01:34:16.461+0000] {logging_mixin.py:188} INFO - [2024-01-05T01:34:16.461+0000] {dagbag.py:538} INFO - Filling up the DagBag from /home/eder/Desktop/Airflow/Twitter/venv/lib/python3.9/site-packages/airflow/example_dags/example_dag_decorator.py
[2024-01-05T01:34:16.486+0000] {processor.py:840} INFO - DAG(s) 'example_dag_decorator' retrieved from /home/eder/Desktop/Airflow/Twitter/venv/lib/python3.9/site-packages/airflow/example_dags/example_dag_decorator.py
[2024-01-05T01:34:16.665+0000] {logging_mixin.py:188} INFO - [2024-01-05T01:34:16.665+0000] {dag.py:3033} INFO - Sync 1 DAGs
[2024-01-05T01:34:16.680+0000] {logging_mixin.py:188} INFO - [2024-01-05T01:34:16.680+0000] {dag.py:3820} INFO - Setting next_dagrun for example_dag_decorator to None, run_after=None
[2024-01-05T01:34:16.812+0000] {processor.py:183} INFO - Processing /home/eder/Desktop/Airflow/Twitter/venv/lib/python3.9/site-packages/airflow/example_dags/example_dag_decorator.py took 0.387 seconds
[2024-01-05T01:35:12.467+0000] {processor.py:161} INFO - Started process (PID=34159) to work on /home/eder/Desktop/Airflow/Twitter/venv/lib/python3.9/site-packages/airflow/example_dags/example_dag_decorator.py
[2024-01-05T01:35:12.475+0000] {processor.py:830} INFO - Processing file /home/eder/Desktop/Airflow/Twitter/venv/lib/python3.9/site-packages/airflow/example_dags/example_dag_decorator.py for tasks to queue
[2024-01-05T01:35:12.476+0000] {logging_mixin.py:188} INFO - [2024-01-05T01:35:12.475+0000] {dagbag.py:538} INFO - Filling up the DagBag from /home/eder/Desktop/Airflow/Twitter/venv/lib/python3.9/site-packages/airflow/example_dags/example_dag_decorator.py
[2024-01-05T01:35:12.489+0000] {processor.py:840} INFO - DAG(s) 'example_dag_decorator' retrieved from /home/eder/Desktop/Airflow/Twitter/venv/lib/python3.9/site-packages/airflow/example_dags/example_dag_decorator.py
[2024-01-05T01:35:12.604+0000] {logging_mixin.py:188} INFO - [2024-01-05T01:35:12.604+0000] {dag.py:3033} INFO - Sync 1 DAGs
[2024-01-05T01:35:12.611+0000] {logging_mixin.py:188} INFO - [2024-01-05T01:35:12.611+0000] {dag.py:3820} INFO - Setting next_dagrun for example_dag_decorator to None, run_after=None
[2024-01-05T01:35:12.640+0000] {processor.py:183} INFO - Processing /home/eder/Desktop/Airflow/Twitter/venv/lib/python3.9/site-packages/airflow/example_dags/example_dag_decorator.py took 0.176 seconds
[2024-01-05T01:36:05.781+0000] {processor.py:161} INFO - Started process (PID=34315) to work on /home/eder/Desktop/Airflow/Twitter/venv/lib/python3.9/site-packages/airflow/example_dags/example_dag_decorator.py
[2024-01-05T01:36:05.785+0000] {processor.py:830} INFO - Processing file /home/eder/Desktop/Airflow/Twitter/venv/lib/python3.9/site-packages/airflow/example_dags/example_dag_decorator.py for tasks to queue
[2024-01-05T01:36:05.787+0000] {logging_mixin.py:188} INFO - [2024-01-05T01:36:05.787+0000] {dagbag.py:538} INFO - Filling up the DagBag from /home/eder/Desktop/Airflow/Twitter/venv/lib/python3.9/site-packages/airflow/example_dags/example_dag_decorator.py
[2024-01-05T01:36:05.797+0000] {processor.py:840} INFO - DAG(s) 'example_dag_decorator' retrieved from /home/eder/Desktop/Airflow/Twitter/venv/lib/python3.9/site-packages/airflow/example_dags/example_dag_decorator.py
[2024-01-05T01:36:05.875+0000] {logging_mixin.py:188} INFO - [2024-01-05T01:36:05.875+0000] {dag.py:3033} INFO - Sync 1 DAGs
[2024-01-05T01:36:05.883+0000] {logging_mixin.py:188} INFO - [2024-01-05T01:36:05.883+0000] {dag.py:3820} INFO - Setting next_dagrun for example_dag_decorator to None, run_after=None
[2024-01-05T01:36:05.919+0000] {processor.py:183} INFO - Processing /home/eder/Desktop/Airflow/Twitter/venv/lib/python3.9/site-packages/airflow/example_dags/example_dag_decorator.py took 0.140 seconds
[2024-01-05T01:37:24.931+0000] {processor.py:161} INFO - Started process (PID=34685) to work on /home/eder/Desktop/Airflow/Twitter/venv/lib/python3.9/site-packages/airflow/example_dags/example_dag_decorator.py
[2024-01-05T01:37:24.932+0000] {processor.py:830} INFO - Processing file /home/eder/Desktop/Airflow/Twitter/venv/lib/python3.9/site-packages/airflow/example_dags/example_dag_decorator.py for tasks to queue
[2024-01-05T01:37:24.933+0000] {logging_mixin.py:188} INFO - [2024-01-05T01:37:24.932+0000] {dagbag.py:538} INFO - Filling up the DagBag from /home/eder/Desktop/Airflow/Twitter/venv/lib/python3.9/site-packages/airflow/example_dags/example_dag_decorator.py
[2024-01-05T01:37:24.949+0000] {processor.py:840} INFO - DAG(s) 'example_dag_decorator' retrieved from /home/eder/Desktop/Airflow/Twitter/venv/lib/python3.9/site-packages/airflow/example_dags/example_dag_decorator.py
[2024-01-05T01:37:25.057+0000] {logging_mixin.py:188} INFO - [2024-01-05T01:37:25.057+0000] {dag.py:3033} INFO - Sync 1 DAGs
[2024-01-05T01:37:25.065+0000] {logging_mixin.py:188} INFO - [2024-01-05T01:37:25.065+0000] {dag.py:3820} INFO - Setting next_dagrun for example_dag_decorator to None, run_after=None
[2024-01-05T01:37:25.110+0000] {processor.py:183} INFO - Processing /home/eder/Desktop/Airflow/Twitter/venv/lib/python3.9/site-packages/airflow/example_dags/example_dag_decorator.py took 0.182 seconds
[2024-01-05T15:16:25.781+0000] {processor.py:161} INFO - Started process (PID=4591) to work on /home/eder/Desktop/Airflow/Twitter/venv/lib/python3.9/site-packages/airflow/example_dags/example_dag_decorator.py
[2024-01-05T15:16:25.792+0000] {processor.py:830} INFO - Processing file /home/eder/Desktop/Airflow/Twitter/venv/lib/python3.9/site-packages/airflow/example_dags/example_dag_decorator.py for tasks to queue
[2024-01-05T15:16:25.794+0000] {logging_mixin.py:188} INFO - [2024-01-05T15:16:25.793+0000] {dagbag.py:538} INFO - Filling up the DagBag from /home/eder/Desktop/Airflow/Twitter/venv/lib/python3.9/site-packages/airflow/example_dags/example_dag_decorator.py
[2024-01-05T15:16:25.812+0000] {processor.py:840} INFO - DAG(s) 'example_dag_decorator' retrieved from /home/eder/Desktop/Airflow/Twitter/venv/lib/python3.9/site-packages/airflow/example_dags/example_dag_decorator.py
[2024-01-05T15:16:25.956+0000] {logging_mixin.py:188} INFO - [2024-01-05T15:16:25.955+0000] {dag.py:3033} INFO - Sync 1 DAGs
[2024-01-05T15:16:25.968+0000] {logging_mixin.py:188} INFO - [2024-01-05T15:16:25.967+0000] {dag.py:3820} INFO - Setting next_dagrun for example_dag_decorator to None, run_after=None
[2024-01-05T15:16:26.010+0000] {processor.py:183} INFO - Processing /home/eder/Desktop/Airflow/Twitter/venv/lib/python3.9/site-packages/airflow/example_dags/example_dag_decorator.py took 0.233 seconds
[2024-01-05T15:17:36.981+0000] {processor.py:161} INFO - Started process (PID=5324) to work on /home/eder/Desktop/Airflow/Twitter/venv/lib/python3.9/site-packages/airflow/example_dags/example_dag_decorator.py
[2024-01-05T15:17:37.024+0000] {processor.py:830} INFO - Processing file /home/eder/Desktop/Airflow/Twitter/venv/lib/python3.9/site-packages/airflow/example_dags/example_dag_decorator.py for tasks to queue
[2024-01-05T15:17:37.025+0000] {logging_mixin.py:188} INFO - [2024-01-05T15:17:37.025+0000] {dagbag.py:538} INFO - Filling up the DagBag from /home/eder/Desktop/Airflow/Twitter/venv/lib/python3.9/site-packages/airflow/example_dags/example_dag_decorator.py
[2024-01-05T15:17:37.099+0000] {processor.py:840} INFO - DAG(s) 'example_dag_decorator' retrieved from /home/eder/Desktop/Airflow/Twitter/venv/lib/python3.9/site-packages/airflow/example_dags/example_dag_decorator.py
[2024-01-05T15:17:37.913+0000] {logging_mixin.py:188} INFO - [2024-01-05T15:17:37.912+0000] {dag.py:3033} INFO - Sync 1 DAGs
[2024-01-05T15:17:37.944+0000] {logging_mixin.py:188} INFO - [2024-01-05T15:17:37.944+0000] {dag.py:3820} INFO - Setting next_dagrun for example_dag_decorator to None, run_after=None
[2024-01-05T15:17:38.501+0000] {processor.py:183} INFO - Processing /home/eder/Desktop/Airflow/Twitter/venv/lib/python3.9/site-packages/airflow/example_dags/example_dag_decorator.py took 1.529 seconds
[2024-01-05T15:20:48.652+0000] {processor.py:161} INFO - Started process (PID=7721) to work on /home/eder/Desktop/Airflow/Twitter/venv/lib/python3.9/site-packages/airflow/example_dags/example_dag_decorator.py
[2024-01-05T15:20:48.662+0000] {processor.py:830} INFO - Processing file /home/eder/Desktop/Airflow/Twitter/venv/lib/python3.9/site-packages/airflow/example_dags/example_dag_decorator.py for tasks to queue
[2024-01-05T15:20:48.664+0000] {logging_mixin.py:188} INFO - [2024-01-05T15:20:48.663+0000] {dagbag.py:538} INFO - Filling up the DagBag from /home/eder/Desktop/Airflow/Twitter/venv/lib/python3.9/site-packages/airflow/example_dags/example_dag_decorator.py
[2024-01-05T15:20:48.681+0000] {processor.py:840} INFO - DAG(s) 'example_dag_decorator' retrieved from /home/eder/Desktop/Airflow/Twitter/venv/lib/python3.9/site-packages/airflow/example_dags/example_dag_decorator.py
[2024-01-05T15:20:48.804+0000] {logging_mixin.py:188} INFO - [2024-01-05T15:20:48.804+0000] {dag.py:3033} INFO - Sync 1 DAGs
[2024-01-05T15:20:48.819+0000] {logging_mixin.py:188} INFO - [2024-01-05T15:20:48.819+0000] {dag.py:3820} INFO - Setting next_dagrun for example_dag_decorator to None, run_after=None
[2024-01-05T15:20:48.860+0000] {processor.py:183} INFO - Processing /home/eder/Desktop/Airflow/Twitter/venv/lib/python3.9/site-packages/airflow/example_dags/example_dag_decorator.py took 0.212 seconds
[2024-01-05T15:21:44.704+0000] {processor.py:161} INFO - Started process (PID=7867) to work on /home/eder/Desktop/Airflow/Twitter/venv/lib/python3.9/site-packages/airflow/example_dags/example_dag_decorator.py
[2024-01-05T15:21:44.713+0000] {processor.py:830} INFO - Processing file /home/eder/Desktop/Airflow/Twitter/venv/lib/python3.9/site-packages/airflow/example_dags/example_dag_decorator.py for tasks to queue
[2024-01-05T15:21:44.715+0000] {logging_mixin.py:188} INFO - [2024-01-05T15:21:44.714+0000] {dagbag.py:538} INFO - Filling up the DagBag from /home/eder/Desktop/Airflow/Twitter/venv/lib/python3.9/site-packages/airflow/example_dags/example_dag_decorator.py
[2024-01-05T15:21:44.734+0000] {processor.py:840} INFO - DAG(s) 'example_dag_decorator' retrieved from /home/eder/Desktop/Airflow/Twitter/venv/lib/python3.9/site-packages/airflow/example_dags/example_dag_decorator.py
[2024-01-05T15:21:44.863+0000] {logging_mixin.py:188} INFO - [2024-01-05T15:21:44.862+0000] {dag.py:3033} INFO - Sync 1 DAGs
[2024-01-05T15:21:44.878+0000] {logging_mixin.py:188} INFO - [2024-01-05T15:21:44.877+0000] {dag.py:3820} INFO - Setting next_dagrun for example_dag_decorator to None, run_after=None
[2024-01-05T15:21:44.912+0000] {processor.py:183} INFO - Processing /home/eder/Desktop/Airflow/Twitter/venv/lib/python3.9/site-packages/airflow/example_dags/example_dag_decorator.py took 0.211 seconds
[2024-01-05T15:22:39.766+0000] {processor.py:161} INFO - Started process (PID=8013) to work on /home/eder/Desktop/Airflow/Twitter/venv/lib/python3.9/site-packages/airflow/example_dags/example_dag_decorator.py
[2024-01-05T15:22:39.776+0000] {processor.py:830} INFO - Processing file /home/eder/Desktop/Airflow/Twitter/venv/lib/python3.9/site-packages/airflow/example_dags/example_dag_decorator.py for tasks to queue
[2024-01-05T15:22:39.779+0000] {logging_mixin.py:188} INFO - [2024-01-05T15:22:39.778+0000] {dagbag.py:538} INFO - Filling up the DagBag from /home/eder/Desktop/Airflow/Twitter/venv/lib/python3.9/site-packages/airflow/example_dags/example_dag_decorator.py
[2024-01-05T15:22:39.794+0000] {processor.py:840} INFO - DAG(s) 'example_dag_decorator' retrieved from /home/eder/Desktop/Airflow/Twitter/venv/lib/python3.9/site-packages/airflow/example_dags/example_dag_decorator.py
[2024-01-05T15:22:39.971+0000] {logging_mixin.py:188} INFO - [2024-01-05T15:22:39.971+0000] {dag.py:3033} INFO - Sync 1 DAGs
[2024-01-05T15:22:39.996+0000] {logging_mixin.py:188} INFO - [2024-01-05T15:22:39.994+0000] {dag.py:3820} INFO - Setting next_dagrun for example_dag_decorator to None, run_after=None
[2024-01-05T15:22:40.037+0000] {processor.py:183} INFO - Processing /home/eder/Desktop/Airflow/Twitter/venv/lib/python3.9/site-packages/airflow/example_dags/example_dag_decorator.py took 0.277 seconds
[2024-01-05T15:23:55.319+0000] {processor.py:161} INFO - Started process (PID=8181) to work on /home/eder/Desktop/Airflow/Twitter/venv/lib/python3.9/site-packages/airflow/example_dags/example_dag_decorator.py
[2024-01-05T15:23:55.331+0000] {processor.py:830} INFO - Processing file /home/eder/Desktop/Airflow/Twitter/venv/lib/python3.9/site-packages/airflow/example_dags/example_dag_decorator.py for tasks to queue
[2024-01-05T15:23:55.333+0000] {logging_mixin.py:188} INFO - [2024-01-05T15:23:55.332+0000] {dagbag.py:538} INFO - Filling up the DagBag from /home/eder/Desktop/Airflow/Twitter/venv/lib/python3.9/site-packages/airflow/example_dags/example_dag_decorator.py
[2024-01-05T15:23:55.356+0000] {processor.py:840} INFO - DAG(s) 'example_dag_decorator' retrieved from /home/eder/Desktop/Airflow/Twitter/venv/lib/python3.9/site-packages/airflow/example_dags/example_dag_decorator.py
[2024-01-05T15:23:55.488+0000] {logging_mixin.py:188} INFO - [2024-01-05T15:23:55.485+0000] {dag.py:3033} INFO - Sync 1 DAGs
[2024-01-05T15:23:55.502+0000] {logging_mixin.py:188} INFO - [2024-01-05T15:23:55.502+0000] {dag.py:3820} INFO - Setting next_dagrun for example_dag_decorator to None, run_after=None
[2024-01-05T15:23:55.549+0000] {processor.py:183} INFO - Processing /home/eder/Desktop/Airflow/Twitter/venv/lib/python3.9/site-packages/airflow/example_dags/example_dag_decorator.py took 0.234 seconds
[2024-01-05T15:24:47.509+0000] {processor.py:161} INFO - Started process (PID=8320) to work on /home/eder/Desktop/Airflow/Twitter/venv/lib/python3.9/site-packages/airflow/example_dags/example_dag_decorator.py
[2024-01-05T15:24:47.520+0000] {processor.py:830} INFO - Processing file /home/eder/Desktop/Airflow/Twitter/venv/lib/python3.9/site-packages/airflow/example_dags/example_dag_decorator.py for tasks to queue
[2024-01-05T15:24:47.523+0000] {logging_mixin.py:188} INFO - [2024-01-05T15:24:47.523+0000] {dagbag.py:538} INFO - Filling up the DagBag from /home/eder/Desktop/Airflow/Twitter/venv/lib/python3.9/site-packages/airflow/example_dags/example_dag_decorator.py
[2024-01-05T15:24:47.544+0000] {processor.py:840} INFO - DAG(s) 'example_dag_decorator' retrieved from /home/eder/Desktop/Airflow/Twitter/venv/lib/python3.9/site-packages/airflow/example_dags/example_dag_decorator.py
[2024-01-05T15:24:47.686+0000] {logging_mixin.py:188} INFO - [2024-01-05T15:24:47.685+0000] {dag.py:3033} INFO - Sync 1 DAGs
[2024-01-05T15:24:47.704+0000] {logging_mixin.py:188} INFO - [2024-01-05T15:24:47.703+0000] {dag.py:3820} INFO - Setting next_dagrun for example_dag_decorator to None, run_after=None
[2024-01-05T15:24:47.754+0000] {processor.py:183} INFO - Processing /home/eder/Desktop/Airflow/Twitter/venv/lib/python3.9/site-packages/airflow/example_dags/example_dag_decorator.py took 0.249 seconds
[2024-01-05T15:25:39.989+0000] {processor.py:161} INFO - Started process (PID=8460) to work on /home/eder/Desktop/Airflow/Twitter/venv/lib/python3.9/site-packages/airflow/example_dags/example_dag_decorator.py
[2024-01-05T15:25:40.003+0000] {processor.py:830} INFO - Processing file /home/eder/Desktop/Airflow/Twitter/venv/lib/python3.9/site-packages/airflow/example_dags/example_dag_decorator.py for tasks to queue
[2024-01-05T15:25:40.005+0000] {logging_mixin.py:188} INFO - [2024-01-05T15:25:40.004+0000] {dagbag.py:538} INFO - Filling up the DagBag from /home/eder/Desktop/Airflow/Twitter/venv/lib/python3.9/site-packages/airflow/example_dags/example_dag_decorator.py
[2024-01-05T15:25:40.036+0000] {processor.py:840} INFO - DAG(s) 'example_dag_decorator' retrieved from /home/eder/Desktop/Airflow/Twitter/venv/lib/python3.9/site-packages/airflow/example_dags/example_dag_decorator.py
[2024-01-05T15:25:40.163+0000] {logging_mixin.py:188} INFO - [2024-01-05T15:25:40.162+0000] {dag.py:3033} INFO - Sync 1 DAGs
[2024-01-05T15:25:40.177+0000] {logging_mixin.py:188} INFO - [2024-01-05T15:25:40.177+0000] {dag.py:3820} INFO - Setting next_dagrun for example_dag_decorator to None, run_after=None
[2024-01-05T15:25:40.213+0000] {processor.py:183} INFO - Processing /home/eder/Desktop/Airflow/Twitter/venv/lib/python3.9/site-packages/airflow/example_dags/example_dag_decorator.py took 0.229 seconds
[2024-01-05T15:26:54.883+0000] {processor.py:161} INFO - Started process (PID=8753) to work on /home/eder/Desktop/Airflow/Twitter/venv/lib/python3.9/site-packages/airflow/example_dags/example_dag_decorator.py
[2024-01-05T15:26:54.890+0000] {processor.py:830} INFO - Processing file /home/eder/Desktop/Airflow/Twitter/venv/lib/python3.9/site-packages/airflow/example_dags/example_dag_decorator.py for tasks to queue
[2024-01-05T15:26:54.892+0000] {logging_mixin.py:188} INFO - [2024-01-05T15:26:54.891+0000] {dagbag.py:538} INFO - Filling up the DagBag from /home/eder/Desktop/Airflow/Twitter/venv/lib/python3.9/site-packages/airflow/example_dags/example_dag_decorator.py
[2024-01-05T15:26:54.910+0000] {processor.py:840} INFO - DAG(s) 'example_dag_decorator' retrieved from /home/eder/Desktop/Airflow/Twitter/venv/lib/python3.9/site-packages/airflow/example_dags/example_dag_decorator.py
[2024-01-05T15:26:55.030+0000] {logging_mixin.py:188} INFO - [2024-01-05T15:26:55.029+0000] {dag.py:3033} INFO - Sync 1 DAGs
[2024-01-05T15:26:55.042+0000] {logging_mixin.py:188} INFO - [2024-01-05T15:26:55.041+0000] {dag.py:3820} INFO - Setting next_dagrun for example_dag_decorator to None, run_after=None
[2024-01-05T15:26:55.088+0000] {processor.py:183} INFO - Processing /home/eder/Desktop/Airflow/Twitter/venv/lib/python3.9/site-packages/airflow/example_dags/example_dag_decorator.py took 0.211 seconds
[2024-01-05T15:28:10.219+0000] {processor.py:161} INFO - Started process (PID=8929) to work on /home/eder/Desktop/Airflow/Twitter/venv/lib/python3.9/site-packages/airflow/example_dags/example_dag_decorator.py
[2024-01-05T15:28:10.230+0000] {processor.py:830} INFO - Processing file /home/eder/Desktop/Airflow/Twitter/venv/lib/python3.9/site-packages/airflow/example_dags/example_dag_decorator.py for tasks to queue
[2024-01-05T15:28:10.231+0000] {logging_mixin.py:188} INFO - [2024-01-05T15:28:10.231+0000] {dagbag.py:538} INFO - Filling up the DagBag from /home/eder/Desktop/Airflow/Twitter/venv/lib/python3.9/site-packages/airflow/example_dags/example_dag_decorator.py
[2024-01-05T15:28:10.247+0000] {processor.py:840} INFO - DAG(s) 'example_dag_decorator' retrieved from /home/eder/Desktop/Airflow/Twitter/venv/lib/python3.9/site-packages/airflow/example_dags/example_dag_decorator.py
[2024-01-05T15:28:10.396+0000] {logging_mixin.py:188} INFO - [2024-01-05T15:28:10.396+0000] {dag.py:3033} INFO - Sync 1 DAGs
[2024-01-05T15:28:10.408+0000] {logging_mixin.py:188} INFO - [2024-01-05T15:28:10.408+0000] {dag.py:3820} INFO - Setting next_dagrun for example_dag_decorator to None, run_after=None
[2024-01-05T15:28:10.453+0000] {processor.py:183} INFO - Processing /home/eder/Desktop/Airflow/Twitter/venv/lib/python3.9/site-packages/airflow/example_dags/example_dag_decorator.py took 0.238 seconds
[2024-01-05T15:29:28.356+0000] {processor.py:161} INFO - Started process (PID=9235) to work on /home/eder/Desktop/Airflow/Twitter/venv/lib/python3.9/site-packages/airflow/example_dags/example_dag_decorator.py
[2024-01-05T15:29:28.367+0000] {processor.py:830} INFO - Processing file /home/eder/Desktop/Airflow/Twitter/venv/lib/python3.9/site-packages/airflow/example_dags/example_dag_decorator.py for tasks to queue
[2024-01-05T15:29:28.369+0000] {logging_mixin.py:188} INFO - [2024-01-05T15:29:28.368+0000] {dagbag.py:538} INFO - Filling up the DagBag from /home/eder/Desktop/Airflow/Twitter/venv/lib/python3.9/site-packages/airflow/example_dags/example_dag_decorator.py
[2024-01-05T15:29:28.392+0000] {processor.py:840} INFO - DAG(s) 'example_dag_decorator' retrieved from /home/eder/Desktop/Airflow/Twitter/venv/lib/python3.9/site-packages/airflow/example_dags/example_dag_decorator.py
[2024-01-05T15:29:28.515+0000] {logging_mixin.py:188} INFO - [2024-01-05T15:29:28.515+0000] {dag.py:3033} INFO - Sync 1 DAGs
[2024-01-05T15:29:28.526+0000] {logging_mixin.py:188} INFO - [2024-01-05T15:29:28.526+0000] {dag.py:3820} INFO - Setting next_dagrun for example_dag_decorator to None, run_after=None
[2024-01-05T15:29:28.566+0000] {processor.py:183} INFO - Processing /home/eder/Desktop/Airflow/Twitter/venv/lib/python3.9/site-packages/airflow/example_dags/example_dag_decorator.py took 0.217 seconds
[2024-01-05T15:30:20.824+0000] {processor.py:161} INFO - Started process (PID=9376) to work on /home/eder/Desktop/Airflow/Twitter/venv/lib/python3.9/site-packages/airflow/example_dags/example_dag_decorator.py
[2024-01-05T15:30:20.833+0000] {processor.py:830} INFO - Processing file /home/eder/Desktop/Airflow/Twitter/venv/lib/python3.9/site-packages/airflow/example_dags/example_dag_decorator.py for tasks to queue
[2024-01-05T15:30:20.837+0000] {logging_mixin.py:188} INFO - [2024-01-05T15:30:20.833+0000] {dagbag.py:538} INFO - Filling up the DagBag from /home/eder/Desktop/Airflow/Twitter/venv/lib/python3.9/site-packages/airflow/example_dags/example_dag_decorator.py
[2024-01-05T15:30:20.857+0000] {processor.py:840} INFO - DAG(s) 'example_dag_decorator' retrieved from /home/eder/Desktop/Airflow/Twitter/venv/lib/python3.9/site-packages/airflow/example_dags/example_dag_decorator.py
[2024-01-05T15:30:20.979+0000] {logging_mixin.py:188} INFO - [2024-01-05T15:30:20.979+0000] {dag.py:3033} INFO - Sync 1 DAGs
[2024-01-05T15:30:20.988+0000] {logging_mixin.py:188} INFO - [2024-01-05T15:30:20.988+0000] {dag.py:3820} INFO - Setting next_dagrun for example_dag_decorator to None, run_after=None
[2024-01-05T15:30:21.029+0000] {processor.py:183} INFO - Processing /home/eder/Desktop/Airflow/Twitter/venv/lib/python3.9/site-packages/airflow/example_dags/example_dag_decorator.py took 0.209 seconds
[2024-01-05T15:31:39.534+0000] {processor.py:161} INFO - Started process (PID=9608) to work on /home/eder/Desktop/Airflow/Twitter/venv/lib/python3.9/site-packages/airflow/example_dags/example_dag_decorator.py
[2024-01-05T15:31:39.543+0000] {processor.py:830} INFO - Processing file /home/eder/Desktop/Airflow/Twitter/venv/lib/python3.9/site-packages/airflow/example_dags/example_dag_decorator.py for tasks to queue
[2024-01-05T15:31:39.545+0000] {logging_mixin.py:188} INFO - [2024-01-05T15:31:39.544+0000] {dagbag.py:538} INFO - Filling up the DagBag from /home/eder/Desktop/Airflow/Twitter/venv/lib/python3.9/site-packages/airflow/example_dags/example_dag_decorator.py
[2024-01-05T15:31:39.562+0000] {processor.py:840} INFO - DAG(s) 'example_dag_decorator' retrieved from /home/eder/Desktop/Airflow/Twitter/venv/lib/python3.9/site-packages/airflow/example_dags/example_dag_decorator.py
[2024-01-05T15:31:39.688+0000] {logging_mixin.py:188} INFO - [2024-01-05T15:31:39.688+0000] {dag.py:3033} INFO - Sync 1 DAGs
[2024-01-05T15:31:39.699+0000] {logging_mixin.py:188} INFO - [2024-01-05T15:31:39.698+0000] {dag.py:3820} INFO - Setting next_dagrun for example_dag_decorator to None, run_after=None
[2024-01-05T15:31:39.737+0000] {processor.py:183} INFO - Processing /home/eder/Desktop/Airflow/Twitter/venv/lib/python3.9/site-packages/airflow/example_dags/example_dag_decorator.py took 0.208 seconds
[2024-01-05T15:32:54.177+0000] {processor.py:161} INFO - Started process (PID=9901) to work on /home/eder/Desktop/Airflow/Twitter/venv/lib/python3.9/site-packages/airflow/example_dags/example_dag_decorator.py
[2024-01-05T15:32:54.183+0000] {processor.py:830} INFO - Processing file /home/eder/Desktop/Airflow/Twitter/venv/lib/python3.9/site-packages/airflow/example_dags/example_dag_decorator.py for tasks to queue
[2024-01-05T15:32:54.184+0000] {logging_mixin.py:188} INFO - [2024-01-05T15:32:54.184+0000] {dagbag.py:538} INFO - Filling up the DagBag from /home/eder/Desktop/Airflow/Twitter/venv/lib/python3.9/site-packages/airflow/example_dags/example_dag_decorator.py
[2024-01-05T15:32:54.201+0000] {processor.py:840} INFO - DAG(s) 'example_dag_decorator' retrieved from /home/eder/Desktop/Airflow/Twitter/venv/lib/python3.9/site-packages/airflow/example_dags/example_dag_decorator.py
[2024-01-05T15:32:54.343+0000] {logging_mixin.py:188} INFO - [2024-01-05T15:32:54.342+0000] {dag.py:3033} INFO - Sync 1 DAGs
[2024-01-05T15:32:54.355+0000] {logging_mixin.py:188} INFO - [2024-01-05T15:32:54.355+0000] {dag.py:3820} INFO - Setting next_dagrun for example_dag_decorator to None, run_after=None
[2024-01-05T15:32:54.399+0000] {processor.py:183} INFO - Processing /home/eder/Desktop/Airflow/Twitter/venv/lib/python3.9/site-packages/airflow/example_dags/example_dag_decorator.py took 0.223 seconds
[2024-01-05T15:34:07.326+0000] {processor.py:161} INFO - Started process (PID=10075) to work on /home/eder/Desktop/Airflow/Twitter/venv/lib/python3.9/site-packages/airflow/example_dags/example_dag_decorator.py
[2024-01-05T15:34:07.328+0000] {processor.py:830} INFO - Processing file /home/eder/Desktop/Airflow/Twitter/venv/lib/python3.9/site-packages/airflow/example_dags/example_dag_decorator.py for tasks to queue
[2024-01-05T15:34:07.331+0000] {logging_mixin.py:188} INFO - [2024-01-05T15:34:07.330+0000] {dagbag.py:538} INFO - Filling up the DagBag from /home/eder/Desktop/Airflow/Twitter/venv/lib/python3.9/site-packages/airflow/example_dags/example_dag_decorator.py
[2024-01-05T15:34:07.350+0000] {processor.py:840} INFO - DAG(s) 'example_dag_decorator' retrieved from /home/eder/Desktop/Airflow/Twitter/venv/lib/python3.9/site-packages/airflow/example_dags/example_dag_decorator.py
[2024-01-05T15:34:07.466+0000] {logging_mixin.py:188} INFO - [2024-01-05T15:34:07.466+0000] {dag.py:3033} INFO - Sync 1 DAGs
[2024-01-05T15:34:07.477+0000] {logging_mixin.py:188} INFO - [2024-01-05T15:34:07.477+0000] {dag.py:3820} INFO - Setting next_dagrun for example_dag_decorator to None, run_after=None
[2024-01-05T15:34:07.527+0000] {processor.py:183} INFO - Processing /home/eder/Desktop/Airflow/Twitter/venv/lib/python3.9/site-packages/airflow/example_dags/example_dag_decorator.py took 0.207 seconds
[2024-01-05T15:35:22.540+0000] {processor.py:161} INFO - Started process (PID=10311) to work on /home/eder/Desktop/Airflow/Twitter/venv/lib/python3.9/site-packages/airflow/example_dags/example_dag_decorator.py
[2024-01-05T15:35:22.543+0000] {processor.py:830} INFO - Processing file /home/eder/Desktop/Airflow/Twitter/venv/lib/python3.9/site-packages/airflow/example_dags/example_dag_decorator.py for tasks to queue
[2024-01-05T15:35:22.546+0000] {logging_mixin.py:188} INFO - [2024-01-05T15:35:22.544+0000] {dagbag.py:538} INFO - Filling up the DagBag from /home/eder/Desktop/Airflow/Twitter/venv/lib/python3.9/site-packages/airflow/example_dags/example_dag_decorator.py
[2024-01-05T15:35:22.564+0000] {processor.py:840} INFO - DAG(s) 'example_dag_decorator' retrieved from /home/eder/Desktop/Airflow/Twitter/venv/lib/python3.9/site-packages/airflow/example_dags/example_dag_decorator.py
[2024-01-05T15:35:22.712+0000] {logging_mixin.py:188} INFO - [2024-01-05T15:35:22.712+0000] {dag.py:3033} INFO - Sync 1 DAGs
[2024-01-05T15:35:22.723+0000] {logging_mixin.py:188} INFO - [2024-01-05T15:35:22.722+0000] {dag.py:3820} INFO - Setting next_dagrun for example_dag_decorator to None, run_after=None
[2024-01-05T15:35:22.804+0000] {processor.py:183} INFO - Processing /home/eder/Desktop/Airflow/Twitter/venv/lib/python3.9/site-packages/airflow/example_dags/example_dag_decorator.py took 0.271 seconds
[2024-01-05T15:36:42.306+0000] {processor.py:161} INFO - Started process (PID=10648) to work on /home/eder/Desktop/Airflow/Twitter/venv/lib/python3.9/site-packages/airflow/example_dags/example_dag_decorator.py
[2024-01-05T15:36:42.323+0000] {processor.py:830} INFO - Processing file /home/eder/Desktop/Airflow/Twitter/venv/lib/python3.9/site-packages/airflow/example_dags/example_dag_decorator.py for tasks to queue
[2024-01-05T15:36:42.325+0000] {logging_mixin.py:188} INFO - [2024-01-05T15:36:42.324+0000] {dagbag.py:538} INFO - Filling up the DagBag from /home/eder/Desktop/Airflow/Twitter/venv/lib/python3.9/site-packages/airflow/example_dags/example_dag_decorator.py
[2024-01-05T15:36:42.359+0000] {processor.py:840} INFO - DAG(s) 'example_dag_decorator' retrieved from /home/eder/Desktop/Airflow/Twitter/venv/lib/python3.9/site-packages/airflow/example_dags/example_dag_decorator.py
[2024-01-05T15:36:42.501+0000] {logging_mixin.py:188} INFO - [2024-01-05T15:36:42.501+0000] {dag.py:3033} INFO - Sync 1 DAGs
[2024-01-05T15:36:42.511+0000] {logging_mixin.py:188} INFO - [2024-01-05T15:36:42.511+0000] {dag.py:3820} INFO - Setting next_dagrun for example_dag_decorator to None, run_after=None
[2024-01-05T15:36:42.557+0000] {processor.py:183} INFO - Processing /home/eder/Desktop/Airflow/Twitter/venv/lib/python3.9/site-packages/airflow/example_dags/example_dag_decorator.py took 0.257 seconds
[2024-01-05T15:37:59.365+0000] {processor.py:161} INFO - Started process (PID=10840) to work on /home/eder/Desktop/Airflow/Twitter/venv/lib/python3.9/site-packages/airflow/example_dags/example_dag_decorator.py
[2024-01-05T15:37:59.377+0000] {processor.py:830} INFO - Processing file /home/eder/Desktop/Airflow/Twitter/venv/lib/python3.9/site-packages/airflow/example_dags/example_dag_decorator.py for tasks to queue
[2024-01-05T15:37:59.379+0000] {logging_mixin.py:188} INFO - [2024-01-05T15:37:59.378+0000] {dagbag.py:538} INFO - Filling up the DagBag from /home/eder/Desktop/Airflow/Twitter/venv/lib/python3.9/site-packages/airflow/example_dags/example_dag_decorator.py
[2024-01-05T15:37:59.394+0000] {processor.py:840} INFO - DAG(s) 'example_dag_decorator' retrieved from /home/eder/Desktop/Airflow/Twitter/venv/lib/python3.9/site-packages/airflow/example_dags/example_dag_decorator.py
[2024-01-05T15:37:59.520+0000] {logging_mixin.py:188} INFO - [2024-01-05T15:37:59.519+0000] {dag.py:3033} INFO - Sync 1 DAGs
[2024-01-05T15:37:59.531+0000] {logging_mixin.py:188} INFO - [2024-01-05T15:37:59.530+0000] {dag.py:3820} INFO - Setting next_dagrun for example_dag_decorator to None, run_after=None
[2024-01-05T15:37:59.570+0000] {processor.py:183} INFO - Processing /home/eder/Desktop/Airflow/Twitter/venv/lib/python3.9/site-packages/airflow/example_dags/example_dag_decorator.py took 0.208 seconds
[2024-01-05T15:39:10.293+0000] {processor.py:161} INFO - Started process (PID=11004) to work on /home/eder/Desktop/Airflow/Twitter/venv/lib/python3.9/site-packages/airflow/example_dags/example_dag_decorator.py
[2024-01-05T15:39:10.302+0000] {processor.py:830} INFO - Processing file /home/eder/Desktop/Airflow/Twitter/venv/lib/python3.9/site-packages/airflow/example_dags/example_dag_decorator.py for tasks to queue
[2024-01-05T15:39:10.304+0000] {logging_mixin.py:188} INFO - [2024-01-05T15:39:10.303+0000] {dagbag.py:538} INFO - Filling up the DagBag from /home/eder/Desktop/Airflow/Twitter/venv/lib/python3.9/site-packages/airflow/example_dags/example_dag_decorator.py
[2024-01-05T15:39:10.322+0000] {processor.py:840} INFO - DAG(s) 'example_dag_decorator' retrieved from /home/eder/Desktop/Airflow/Twitter/venv/lib/python3.9/site-packages/airflow/example_dags/example_dag_decorator.py
[2024-01-05T15:39:10.444+0000] {logging_mixin.py:188} INFO - [2024-01-05T15:39:10.444+0000] {dag.py:3033} INFO - Sync 1 DAGs
[2024-01-05T15:39:10.454+0000] {logging_mixin.py:188} INFO - [2024-01-05T15:39:10.454+0000] {dag.py:3820} INFO - Setting next_dagrun for example_dag_decorator to None, run_after=None
[2024-01-05T15:39:10.495+0000] {processor.py:183} INFO - Processing /home/eder/Desktop/Airflow/Twitter/venv/lib/python3.9/site-packages/airflow/example_dags/example_dag_decorator.py took 0.208 seconds
[2024-01-05T16:31:49.052+0000] {processor.py:161} INFO - Started process (PID=4982) to work on /home/eder/Desktop/Airflow/Twitter/venv/lib/python3.9/site-packages/airflow/example_dags/example_dag_decorator.py
[2024-01-05T16:31:49.065+0000] {processor.py:830} INFO - Processing file /home/eder/Desktop/Airflow/Twitter/venv/lib/python3.9/site-packages/airflow/example_dags/example_dag_decorator.py for tasks to queue
[2024-01-05T16:31:49.066+0000] {logging_mixin.py:188} INFO - [2024-01-05T16:31:49.066+0000] {dagbag.py:538} INFO - Filling up the DagBag from /home/eder/Desktop/Airflow/Twitter/venv/lib/python3.9/site-packages/airflow/example_dags/example_dag_decorator.py
[2024-01-05T16:31:49.077+0000] {processor.py:840} INFO - DAG(s) 'example_dag_decorator' retrieved from /home/eder/Desktop/Airflow/Twitter/venv/lib/python3.9/site-packages/airflow/example_dags/example_dag_decorator.py
[2024-01-05T16:31:49.157+0000] {logging_mixin.py:188} INFO - [2024-01-05T16:31:49.157+0000] {dag.py:3033} INFO - Sync 1 DAGs
[2024-01-05T16:31:49.165+0000] {logging_mixin.py:188} INFO - [2024-01-05T16:31:49.164+0000] {dag.py:3820} INFO - Setting next_dagrun for example_dag_decorator to None, run_after=None
[2024-01-05T16:31:49.187+0000] {processor.py:183} INFO - Processing /home/eder/Desktop/Airflow/Twitter/venv/lib/python3.9/site-packages/airflow/example_dags/example_dag_decorator.py took 0.135 seconds
[2024-01-05T16:33:17.147+0000] {processor.py:161} INFO - Started process (PID=5968) to work on /home/eder/Desktop/Airflow/Twitter/venv/lib/python3.9/site-packages/airflow/example_dags/example_dag_decorator.py
[2024-01-05T16:33:17.168+0000] {processor.py:830} INFO - Processing file /home/eder/Desktop/Airflow/Twitter/venv/lib/python3.9/site-packages/airflow/example_dags/example_dag_decorator.py for tasks to queue
[2024-01-05T16:33:17.173+0000] {logging_mixin.py:188} INFO - [2024-01-05T16:33:17.172+0000] {dagbag.py:538} INFO - Filling up the DagBag from /home/eder/Desktop/Airflow/Twitter/venv/lib/python3.9/site-packages/airflow/example_dags/example_dag_decorator.py
[2024-01-05T16:33:17.183+0000] {processor.py:840} INFO - DAG(s) 'example_dag_decorator' retrieved from /home/eder/Desktop/Airflow/Twitter/venv/lib/python3.9/site-packages/airflow/example_dags/example_dag_decorator.py
[2024-01-05T16:33:17.358+0000] {logging_mixin.py:188} INFO - [2024-01-05T16:33:17.358+0000] {dag.py:3033} INFO - Sync 1 DAGs
[2024-01-05T16:33:17.375+0000] {logging_mixin.py:188} INFO - [2024-01-05T16:33:17.374+0000] {dag.py:3820} INFO - Setting next_dagrun for example_dag_decorator to None, run_after=None
[2024-01-05T16:33:17.493+0000] {processor.py:183} INFO - Processing /home/eder/Desktop/Airflow/Twitter/venv/lib/python3.9/site-packages/airflow/example_dags/example_dag_decorator.py took 0.349 seconds
[2024-01-05T16:38:48.482+0000] {processor.py:161} INFO - Started process (PID=7113) to work on /home/eder/Desktop/Airflow/Twitter/venv/lib/python3.9/site-packages/airflow/example_dags/example_dag_decorator.py
[2024-01-05T16:38:48.485+0000] {processor.py:830} INFO - Processing file /home/eder/Desktop/Airflow/Twitter/venv/lib/python3.9/site-packages/airflow/example_dags/example_dag_decorator.py for tasks to queue
[2024-01-05T16:38:48.486+0000] {logging_mixin.py:188} INFO - [2024-01-05T16:38:48.485+0000] {dagbag.py:538} INFO - Filling up the DagBag from /home/eder/Desktop/Airflow/Twitter/venv/lib/python3.9/site-packages/airflow/example_dags/example_dag_decorator.py
[2024-01-05T16:38:48.496+0000] {processor.py:840} INFO - DAG(s) 'example_dag_decorator' retrieved from /home/eder/Desktop/Airflow/Twitter/venv/lib/python3.9/site-packages/airflow/example_dags/example_dag_decorator.py
[2024-01-05T16:38:48.564+0000] {logging_mixin.py:188} INFO - [2024-01-05T16:38:48.564+0000] {dag.py:3033} INFO - Sync 1 DAGs
[2024-01-05T16:38:48.571+0000] {logging_mixin.py:188} INFO - [2024-01-05T16:38:48.571+0000] {dag.py:3820} INFO - Setting next_dagrun for example_dag_decorator to None, run_after=None
[2024-01-05T16:38:48.607+0000] {processor.py:183} INFO - Processing /home/eder/Desktop/Airflow/Twitter/venv/lib/python3.9/site-packages/airflow/example_dags/example_dag_decorator.py took 0.132 seconds
[2024-01-05T16:39:48.159+0000] {processor.py:161} INFO - Started process (PID=7386) to work on /home/eder/Desktop/Airflow/Twitter/venv/lib/python3.9/site-packages/airflow/example_dags/example_dag_decorator.py
[2024-01-05T16:39:48.162+0000] {processor.py:830} INFO - Processing file /home/eder/Desktop/Airflow/Twitter/venv/lib/python3.9/site-packages/airflow/example_dags/example_dag_decorator.py for tasks to queue
[2024-01-05T16:39:48.163+0000] {logging_mixin.py:188} INFO - [2024-01-05T16:39:48.162+0000] {dagbag.py:538} INFO - Filling up the DagBag from /home/eder/Desktop/Airflow/Twitter/venv/lib/python3.9/site-packages/airflow/example_dags/example_dag_decorator.py
[2024-01-05T16:39:48.232+0000] {processor.py:840} INFO - DAG(s) 'example_dag_decorator' retrieved from /home/eder/Desktop/Airflow/Twitter/venv/lib/python3.9/site-packages/airflow/example_dags/example_dag_decorator.py
[2024-01-05T16:39:48.424+0000] {logging_mixin.py:188} INFO - [2024-01-05T16:39:48.424+0000] {dag.py:3033} INFO - Sync 1 DAGs
[2024-01-05T16:39:48.456+0000] {logging_mixin.py:188} INFO - [2024-01-05T16:39:48.455+0000] {dag.py:3820} INFO - Setting next_dagrun for example_dag_decorator to None, run_after=None
[2024-01-05T16:39:48.527+0000] {processor.py:183} INFO - Processing /home/eder/Desktop/Airflow/Twitter/venv/lib/python3.9/site-packages/airflow/example_dags/example_dag_decorator.py took 0.372 seconds
[2024-01-05T16:40:50.082+0000] {processor.py:161} INFO - Started process (PID=7753) to work on /home/eder/Desktop/Airflow/Twitter/venv/lib/python3.9/site-packages/airflow/example_dags/example_dag_decorator.py
[2024-01-05T16:40:50.090+0000] {processor.py:830} INFO - Processing file /home/eder/Desktop/Airflow/Twitter/venv/lib/python3.9/site-packages/airflow/example_dags/example_dag_decorator.py for tasks to queue
[2024-01-05T16:40:50.091+0000] {logging_mixin.py:188} INFO - [2024-01-05T16:40:50.090+0000] {dagbag.py:538} INFO - Filling up the DagBag from /home/eder/Desktop/Airflow/Twitter/venv/lib/python3.9/site-packages/airflow/example_dags/example_dag_decorator.py
[2024-01-05T16:40:50.101+0000] {processor.py:840} INFO - DAG(s) 'example_dag_decorator' retrieved from /home/eder/Desktop/Airflow/Twitter/venv/lib/python3.9/site-packages/airflow/example_dags/example_dag_decorator.py
[2024-01-05T16:40:50.175+0000] {logging_mixin.py:188} INFO - [2024-01-05T16:40:50.175+0000] {dag.py:3033} INFO - Sync 1 DAGs
[2024-01-05T16:40:50.183+0000] {logging_mixin.py:188} INFO - [2024-01-05T16:40:50.183+0000] {dag.py:3820} INFO - Setting next_dagrun for example_dag_decorator to None, run_after=None
[2024-01-05T16:40:50.244+0000] {processor.py:183} INFO - Processing /home/eder/Desktop/Airflow/Twitter/venv/lib/python3.9/site-packages/airflow/example_dags/example_dag_decorator.py took 0.164 seconds
[2024-01-05T16:42:12.933+0000] {processor.py:161} INFO - Started process (PID=8035) to work on /home/eder/Desktop/Airflow/Twitter/venv/lib/python3.9/site-packages/airflow/example_dags/example_dag_decorator.py
[2024-01-05T16:42:12.942+0000] {processor.py:830} INFO - Processing file /home/eder/Desktop/Airflow/Twitter/venv/lib/python3.9/site-packages/airflow/example_dags/example_dag_decorator.py for tasks to queue
[2024-01-05T16:42:12.943+0000] {logging_mixin.py:188} INFO - [2024-01-05T16:42:12.943+0000] {dagbag.py:538} INFO - Filling up the DagBag from /home/eder/Desktop/Airflow/Twitter/venv/lib/python3.9/site-packages/airflow/example_dags/example_dag_decorator.py
[2024-01-05T16:42:12.952+0000] {processor.py:840} INFO - DAG(s) 'example_dag_decorator' retrieved from /home/eder/Desktop/Airflow/Twitter/venv/lib/python3.9/site-packages/airflow/example_dags/example_dag_decorator.py
[2024-01-05T16:42:13.026+0000] {logging_mixin.py:188} INFO - [2024-01-05T16:42:13.026+0000] {dag.py:3033} INFO - Sync 1 DAGs
[2024-01-05T16:42:13.033+0000] {logging_mixin.py:188} INFO - [2024-01-05T16:42:13.032+0000] {dag.py:3820} INFO - Setting next_dagrun for example_dag_decorator to None, run_after=None
[2024-01-05T16:42:13.066+0000] {processor.py:183} INFO - Processing /home/eder/Desktop/Airflow/Twitter/venv/lib/python3.9/site-packages/airflow/example_dags/example_dag_decorator.py took 0.135 seconds
[2024-01-05T16:43:06.906+0000] {processor.py:161} INFO - Started process (PID=8251) to work on /home/eder/Desktop/Airflow/Twitter/venv/lib/python3.9/site-packages/airflow/example_dags/example_dag_decorator.py
[2024-01-05T16:43:06.916+0000] {processor.py:830} INFO - Processing file /home/eder/Desktop/Airflow/Twitter/venv/lib/python3.9/site-packages/airflow/example_dags/example_dag_decorator.py for tasks to queue
[2024-01-05T16:43:06.920+0000] {logging_mixin.py:188} INFO - [2024-01-05T16:43:06.916+0000] {dagbag.py:538} INFO - Filling up the DagBag from /home/eder/Desktop/Airflow/Twitter/venv/lib/python3.9/site-packages/airflow/example_dags/example_dag_decorator.py
[2024-01-05T16:43:06.943+0000] {processor.py:840} INFO - DAG(s) 'example_dag_decorator' retrieved from /home/eder/Desktop/Airflow/Twitter/venv/lib/python3.9/site-packages/airflow/example_dags/example_dag_decorator.py
[2024-01-05T16:43:07.031+0000] {logging_mixin.py:188} INFO - [2024-01-05T16:43:07.031+0000] {dag.py:3033} INFO - Sync 1 DAGs
[2024-01-05T16:43:07.041+0000] {logging_mixin.py:188} INFO - [2024-01-05T16:43:07.040+0000] {dag.py:3820} INFO - Setting next_dagrun for example_dag_decorator to None, run_after=None
[2024-01-05T16:43:07.067+0000] {processor.py:183} INFO - Processing /home/eder/Desktop/Airflow/Twitter/venv/lib/python3.9/site-packages/airflow/example_dags/example_dag_decorator.py took 0.164 seconds
[2024-01-05T16:44:31.992+0000] {processor.py:161} INFO - Started process (PID=8595) to work on /home/eder/Desktop/Airflow/Twitter/venv/lib/python3.9/site-packages/airflow/example_dags/example_dag_decorator.py
[2024-01-05T16:44:32.004+0000] {processor.py:830} INFO - Processing file /home/eder/Desktop/Airflow/Twitter/venv/lib/python3.9/site-packages/airflow/example_dags/example_dag_decorator.py for tasks to queue
[2024-01-05T16:44:32.008+0000] {logging_mixin.py:188} INFO - [2024-01-05T16:44:32.007+0000] {dagbag.py:538} INFO - Filling up the DagBag from /home/eder/Desktop/Airflow/Twitter/venv/lib/python3.9/site-packages/airflow/example_dags/example_dag_decorator.py
[2024-01-05T16:44:32.024+0000] {processor.py:840} INFO - DAG(s) 'example_dag_decorator' retrieved from /home/eder/Desktop/Airflow/Twitter/venv/lib/python3.9/site-packages/airflow/example_dags/example_dag_decorator.py
[2024-01-05T16:44:34.024+0000] {logging_mixin.py:188} INFO - [2024-01-05T16:44:34.024+0000] {dag.py:3033} INFO - Sync 1 DAGs
[2024-01-05T16:44:34.095+0000] {logging_mixin.py:188} INFO - [2024-01-05T16:44:34.094+0000] {dag.py:3820} INFO - Setting next_dagrun for example_dag_decorator to None, run_after=None
[2024-01-05T16:44:34.427+0000] {processor.py:183} INFO - Processing /home/eder/Desktop/Airflow/Twitter/venv/lib/python3.9/site-packages/airflow/example_dags/example_dag_decorator.py took 2.439 seconds
[2024-01-05T16:53:03.157+0000] {processor.py:161} INFO - Started process (PID=16558) to work on /home/eder/Desktop/Airflow/Twitter/venv/lib/python3.9/site-packages/airflow/example_dags/example_dag_decorator.py
[2024-01-05T16:53:03.180+0000] {processor.py:830} INFO - Processing file /home/eder/Desktop/Airflow/Twitter/venv/lib/python3.9/site-packages/airflow/example_dags/example_dag_decorator.py for tasks to queue
[2024-01-05T16:53:03.184+0000] {logging_mixin.py:188} INFO - [2024-01-05T16:53:03.183+0000] {dagbag.py:538} INFO - Filling up the DagBag from /home/eder/Desktop/Airflow/Twitter/venv/lib/python3.9/site-packages/airflow/example_dags/example_dag_decorator.py
[2024-01-05T16:53:03.204+0000] {processor.py:840} INFO - DAG(s) 'example_dag_decorator' retrieved from /home/eder/Desktop/Airflow/Twitter/venv/lib/python3.9/site-packages/airflow/example_dags/example_dag_decorator.py
[2024-01-05T16:53:03.370+0000] {logging_mixin.py:188} INFO - [2024-01-05T16:53:03.370+0000] {dag.py:3033} INFO - Sync 1 DAGs
[2024-01-05T16:53:03.380+0000] {logging_mixin.py:188} INFO - [2024-01-05T16:53:03.380+0000] {dag.py:3820} INFO - Setting next_dagrun for example_dag_decorator to None, run_after=None
[2024-01-05T16:53:03.519+0000] {processor.py:183} INFO - Processing /home/eder/Desktop/Airflow/Twitter/venv/lib/python3.9/site-packages/airflow/example_dags/example_dag_decorator.py took 0.372 seconds
[2024-01-05T16:54:02.416+0000] {processor.py:161} INFO - Started process (PID=16789) to work on /home/eder/Desktop/Airflow/Twitter/venv/lib/python3.9/site-packages/airflow/example_dags/example_dag_decorator.py
[2024-01-05T16:54:02.426+0000] {processor.py:830} INFO - Processing file /home/eder/Desktop/Airflow/Twitter/venv/lib/python3.9/site-packages/airflow/example_dags/example_dag_decorator.py for tasks to queue
[2024-01-05T16:54:02.440+0000] {logging_mixin.py:188} INFO - [2024-01-05T16:54:02.430+0000] {dagbag.py:538} INFO - Filling up the DagBag from /home/eder/Desktop/Airflow/Twitter/venv/lib/python3.9/site-packages/airflow/example_dags/example_dag_decorator.py
[2024-01-05T16:54:02.452+0000] {processor.py:840} INFO - DAG(s) 'example_dag_decorator' retrieved from /home/eder/Desktop/Airflow/Twitter/venv/lib/python3.9/site-packages/airflow/example_dags/example_dag_decorator.py
[2024-01-05T16:54:02.616+0000] {logging_mixin.py:188} INFO - [2024-01-05T16:54:02.615+0000] {dag.py:3033} INFO - Sync 1 DAGs
[2024-01-05T16:54:02.644+0000] {logging_mixin.py:188} INFO - [2024-01-05T16:54:02.644+0000] {dag.py:3820} INFO - Setting next_dagrun for example_dag_decorator to None, run_after=None
[2024-01-05T16:54:02.787+0000] {processor.py:183} INFO - Processing /home/eder/Desktop/Airflow/Twitter/venv/lib/python3.9/site-packages/airflow/example_dags/example_dag_decorator.py took 0.368 seconds
[2024-01-05T16:55:01.232+0000] {processor.py:161} INFO - Started process (PID=16962) to work on /home/eder/Desktop/Airflow/Twitter/venv/lib/python3.9/site-packages/airflow/example_dags/example_dag_decorator.py
[2024-01-05T16:55:01.254+0000] {processor.py:830} INFO - Processing file /home/eder/Desktop/Airflow/Twitter/venv/lib/python3.9/site-packages/airflow/example_dags/example_dag_decorator.py for tasks to queue
[2024-01-05T16:55:01.255+0000] {logging_mixin.py:188} INFO - [2024-01-05T16:55:01.255+0000] {dagbag.py:538} INFO - Filling up the DagBag from /home/eder/Desktop/Airflow/Twitter/venv/lib/python3.9/site-packages/airflow/example_dags/example_dag_decorator.py
[2024-01-05T16:55:01.271+0000] {processor.py:840} INFO - DAG(s) 'example_dag_decorator' retrieved from /home/eder/Desktop/Airflow/Twitter/venv/lib/python3.9/site-packages/airflow/example_dags/example_dag_decorator.py
[2024-01-05T16:55:01.362+0000] {logging_mixin.py:188} INFO - [2024-01-05T16:55:01.362+0000] {dag.py:3033} INFO - Sync 1 DAGs
[2024-01-05T16:55:01.374+0000] {logging_mixin.py:188} INFO - [2024-01-05T16:55:01.374+0000] {dag.py:3820} INFO - Setting next_dagrun for example_dag_decorator to None, run_after=None
[2024-01-05T16:55:01.423+0000] {processor.py:183} INFO - Processing /home/eder/Desktop/Airflow/Twitter/venv/lib/python3.9/site-packages/airflow/example_dags/example_dag_decorator.py took 0.195 seconds
[2024-01-05T16:56:00.444+0000] {processor.py:161} INFO - Started process (PID=17130) to work on /home/eder/Desktop/Airflow/Twitter/venv/lib/python3.9/site-packages/airflow/example_dags/example_dag_decorator.py
[2024-01-05T16:56:00.453+0000] {processor.py:830} INFO - Processing file /home/eder/Desktop/Airflow/Twitter/venv/lib/python3.9/site-packages/airflow/example_dags/example_dag_decorator.py for tasks to queue
[2024-01-05T16:56:00.454+0000] {logging_mixin.py:188} INFO - [2024-01-05T16:56:00.454+0000] {dagbag.py:538} INFO - Filling up the DagBag from /home/eder/Desktop/Airflow/Twitter/venv/lib/python3.9/site-packages/airflow/example_dags/example_dag_decorator.py
[2024-01-05T16:56:00.495+0000] {processor.py:840} INFO - DAG(s) 'example_dag_decorator' retrieved from /home/eder/Desktop/Airflow/Twitter/venv/lib/python3.9/site-packages/airflow/example_dags/example_dag_decorator.py
[2024-01-05T16:56:00.652+0000] {logging_mixin.py:188} INFO - [2024-01-05T16:56:00.652+0000] {dag.py:3033} INFO - Sync 1 DAGs
[2024-01-05T16:56:00.676+0000] {logging_mixin.py:188} INFO - [2024-01-05T16:56:00.676+0000] {dag.py:3820} INFO - Setting next_dagrun for example_dag_decorator to None, run_after=None
[2024-01-05T16:56:00.762+0000] {processor.py:183} INFO - Processing /home/eder/Desktop/Airflow/Twitter/venv/lib/python3.9/site-packages/airflow/example_dags/example_dag_decorator.py took 0.323 seconds
[2024-01-05T16:57:01.660+0000] {processor.py:161} INFO - Started process (PID=17305) to work on /home/eder/Desktop/Airflow/Twitter/venv/lib/python3.9/site-packages/airflow/example_dags/example_dag_decorator.py
[2024-01-05T16:57:01.720+0000] {processor.py:830} INFO - Processing file /home/eder/Desktop/Airflow/Twitter/venv/lib/python3.9/site-packages/airflow/example_dags/example_dag_decorator.py for tasks to queue
[2024-01-05T16:57:01.722+0000] {logging_mixin.py:188} INFO - [2024-01-05T16:57:01.720+0000] {dagbag.py:538} INFO - Filling up the DagBag from /home/eder/Desktop/Airflow/Twitter/venv/lib/python3.9/site-packages/airflow/example_dags/example_dag_decorator.py
[2024-01-05T16:57:01.745+0000] {processor.py:840} INFO - DAG(s) 'example_dag_decorator' retrieved from /home/eder/Desktop/Airflow/Twitter/venv/lib/python3.9/site-packages/airflow/example_dags/example_dag_decorator.py
[2024-01-05T16:57:01.915+0000] {logging_mixin.py:188} INFO - [2024-01-05T16:57:01.915+0000] {dag.py:3033} INFO - Sync 1 DAGs
[2024-01-05T16:57:01.921+0000] {logging_mixin.py:188} INFO - [2024-01-05T16:57:01.921+0000] {dag.py:3820} INFO - Setting next_dagrun for example_dag_decorator to None, run_after=None
[2024-01-05T16:57:02.036+0000] {processor.py:183} INFO - Processing /home/eder/Desktop/Airflow/Twitter/venv/lib/python3.9/site-packages/airflow/example_dags/example_dag_decorator.py took 0.381 seconds
[2024-01-05T16:58:07.416+0000] {processor.py:161} INFO - Started process (PID=17476) to work on /home/eder/Desktop/Airflow/Twitter/venv/lib/python3.9/site-packages/airflow/example_dags/example_dag_decorator.py
[2024-01-05T16:58:07.425+0000] {processor.py:830} INFO - Processing file /home/eder/Desktop/Airflow/Twitter/venv/lib/python3.9/site-packages/airflow/example_dags/example_dag_decorator.py for tasks to queue
[2024-01-05T16:58:07.425+0000] {logging_mixin.py:188} INFO - [2024-01-05T16:58:07.425+0000] {dagbag.py:538} INFO - Filling up the DagBag from /home/eder/Desktop/Airflow/Twitter/venv/lib/python3.9/site-packages/airflow/example_dags/example_dag_decorator.py
[2024-01-05T16:58:07.435+0000] {processor.py:840} INFO - DAG(s) 'example_dag_decorator' retrieved from /home/eder/Desktop/Airflow/Twitter/venv/lib/python3.9/site-packages/airflow/example_dags/example_dag_decorator.py
[2024-01-05T16:58:07.510+0000] {logging_mixin.py:188} INFO - [2024-01-05T16:58:07.510+0000] {dag.py:3033} INFO - Sync 1 DAGs
[2024-01-05T16:58:07.519+0000] {logging_mixin.py:188} INFO - [2024-01-05T16:58:07.519+0000] {dag.py:3820} INFO - Setting next_dagrun for example_dag_decorator to None, run_after=None
[2024-01-05T16:58:07.544+0000] {processor.py:183} INFO - Processing /home/eder/Desktop/Airflow/Twitter/venv/lib/python3.9/site-packages/airflow/example_dags/example_dag_decorator.py took 0.130 seconds
[2024-01-05T16:59:07.660+0000] {processor.py:161} INFO - Started process (PID=17710) to work on /home/eder/Desktop/Airflow/Twitter/venv/lib/python3.9/site-packages/airflow/example_dags/example_dag_decorator.py
[2024-01-05T16:59:07.705+0000] {processor.py:830} INFO - Processing file /home/eder/Desktop/Airflow/Twitter/venv/lib/python3.9/site-packages/airflow/example_dags/example_dag_decorator.py for tasks to queue
[2024-01-05T16:59:07.706+0000] {logging_mixin.py:188} INFO - [2024-01-05T16:59:07.705+0000] {dagbag.py:538} INFO - Filling up the DagBag from /home/eder/Desktop/Airflow/Twitter/venv/lib/python3.9/site-packages/airflow/example_dags/example_dag_decorator.py
[2024-01-05T16:59:07.747+0000] {processor.py:840} INFO - DAG(s) 'example_dag_decorator' retrieved from /home/eder/Desktop/Airflow/Twitter/venv/lib/python3.9/site-packages/airflow/example_dags/example_dag_decorator.py
[2024-01-05T16:59:07.904+0000] {logging_mixin.py:188} INFO - [2024-01-05T16:59:07.904+0000] {dag.py:3033} INFO - Sync 1 DAGs
[2024-01-05T16:59:08.171+0000] {logging_mixin.py:188} INFO - [2024-01-05T16:59:08.171+0000] {dag.py:3820} INFO - Setting next_dagrun for example_dag_decorator to None, run_after=None
[2024-01-05T16:59:08.352+0000] {processor.py:183} INFO - Processing /home/eder/Desktop/Airflow/Twitter/venv/lib/python3.9/site-packages/airflow/example_dags/example_dag_decorator.py took 0.700 seconds
[2024-01-05T17:00:09.139+0000] {processor.py:161} INFO - Started process (PID=17875) to work on /home/eder/Desktop/Airflow/Twitter/venv/lib/python3.9/site-packages/airflow/example_dags/example_dag_decorator.py
[2024-01-05T17:00:09.147+0000] {processor.py:830} INFO - Processing file /home/eder/Desktop/Airflow/Twitter/venv/lib/python3.9/site-packages/airflow/example_dags/example_dag_decorator.py for tasks to queue
[2024-01-05T17:00:09.153+0000] {logging_mixin.py:188} INFO - [2024-01-05T17:00:09.152+0000] {dagbag.py:538} INFO - Filling up the DagBag from /home/eder/Desktop/Airflow/Twitter/venv/lib/python3.9/site-packages/airflow/example_dags/example_dag_decorator.py
[2024-01-05T17:00:09.167+0000] {processor.py:840} INFO - DAG(s) 'example_dag_decorator' retrieved from /home/eder/Desktop/Airflow/Twitter/venv/lib/python3.9/site-packages/airflow/example_dags/example_dag_decorator.py
[2024-01-05T17:00:09.237+0000] {logging_mixin.py:188} INFO - [2024-01-05T17:00:09.236+0000] {dag.py:3033} INFO - Sync 1 DAGs
[2024-01-05T17:00:09.243+0000] {logging_mixin.py:188} INFO - [2024-01-05T17:00:09.243+0000] {dag.py:3820} INFO - Setting next_dagrun for example_dag_decorator to None, run_after=None
[2024-01-05T17:00:09.268+0000] {processor.py:183} INFO - Processing /home/eder/Desktop/Airflow/Twitter/venv/lib/python3.9/site-packages/airflow/example_dags/example_dag_decorator.py took 0.132 seconds
[2024-01-05T17:01:16.715+0000] {processor.py:161} INFO - Started process (PID=18121) to work on /home/eder/Desktop/Airflow/Twitter/venv/lib/python3.9/site-packages/airflow/example_dags/example_dag_decorator.py
[2024-01-05T17:01:16.739+0000] {processor.py:830} INFO - Processing file /home/eder/Desktop/Airflow/Twitter/venv/lib/python3.9/site-packages/airflow/example_dags/example_dag_decorator.py for tasks to queue
[2024-01-05T17:01:16.743+0000] {logging_mixin.py:188} INFO - [2024-01-05T17:01:16.740+0000] {dagbag.py:538} INFO - Filling up the DagBag from /home/eder/Desktop/Airflow/Twitter/venv/lib/python3.9/site-packages/airflow/example_dags/example_dag_decorator.py
[2024-01-05T17:01:16.759+0000] {processor.py:840} INFO - DAG(s) 'example_dag_decorator' retrieved from /home/eder/Desktop/Airflow/Twitter/venv/lib/python3.9/site-packages/airflow/example_dags/example_dag_decorator.py
[2024-01-05T17:01:16.931+0000] {logging_mixin.py:188} INFO - [2024-01-05T17:01:16.930+0000] {dag.py:3033} INFO - Sync 1 DAGs
[2024-01-05T17:01:16.967+0000] {logging_mixin.py:188} INFO - [2024-01-05T17:01:16.966+0000] {dag.py:3820} INFO - Setting next_dagrun for example_dag_decorator to None, run_after=None
[2024-01-05T17:01:17.156+0000] {processor.py:183} INFO - Processing /home/eder/Desktop/Airflow/Twitter/venv/lib/python3.9/site-packages/airflow/example_dags/example_dag_decorator.py took 0.445 seconds
[2024-01-05T17:02:17.977+0000] {processor.py:161} INFO - Started process (PID=18297) to work on /home/eder/Desktop/Airflow/Twitter/venv/lib/python3.9/site-packages/airflow/example_dags/example_dag_decorator.py
[2024-01-05T17:02:17.980+0000] {processor.py:830} INFO - Processing file /home/eder/Desktop/Airflow/Twitter/venv/lib/python3.9/site-packages/airflow/example_dags/example_dag_decorator.py for tasks to queue
[2024-01-05T17:02:17.989+0000] {logging_mixin.py:188} INFO - [2024-01-05T17:02:17.989+0000] {dagbag.py:538} INFO - Filling up the DagBag from /home/eder/Desktop/Airflow/Twitter/venv/lib/python3.9/site-packages/airflow/example_dags/example_dag_decorator.py
[2024-01-05T17:02:18.020+0000] {processor.py:840} INFO - DAG(s) 'example_dag_decorator' retrieved from /home/eder/Desktop/Airflow/Twitter/venv/lib/python3.9/site-packages/airflow/example_dags/example_dag_decorator.py
[2024-01-05T17:02:18.364+0000] {logging_mixin.py:188} INFO - [2024-01-05T17:02:18.363+0000] {dag.py:3033} INFO - Sync 1 DAGs
[2024-01-05T17:02:18.369+0000] {logging_mixin.py:188} INFO - [2024-01-05T17:02:18.369+0000] {dag.py:3820} INFO - Setting next_dagrun for example_dag_decorator to None, run_after=None
[2024-01-05T17:02:18.396+0000] {processor.py:183} INFO - Processing /home/eder/Desktop/Airflow/Twitter/venv/lib/python3.9/site-packages/airflow/example_dags/example_dag_decorator.py took 0.423 seconds
[2024-01-05T17:03:19.872+0000] {processor.py:161} INFO - Started process (PID=18455) to work on /home/eder/Desktop/Airflow/Twitter/venv/lib/python3.9/site-packages/airflow/example_dags/example_dag_decorator.py
[2024-01-05T17:03:19.881+0000] {processor.py:830} INFO - Processing file /home/eder/Desktop/Airflow/Twitter/venv/lib/python3.9/site-packages/airflow/example_dags/example_dag_decorator.py for tasks to queue
[2024-01-05T17:03:19.882+0000] {logging_mixin.py:188} INFO - [2024-01-05T17:03:19.881+0000] {dagbag.py:538} INFO - Filling up the DagBag from /home/eder/Desktop/Airflow/Twitter/venv/lib/python3.9/site-packages/airflow/example_dags/example_dag_decorator.py
[2024-01-05T17:03:19.892+0000] {processor.py:840} INFO - DAG(s) 'example_dag_decorator' retrieved from /home/eder/Desktop/Airflow/Twitter/venv/lib/python3.9/site-packages/airflow/example_dags/example_dag_decorator.py
[2024-01-05T17:03:19.967+0000] {logging_mixin.py:188} INFO - [2024-01-05T17:03:19.966+0000] {dag.py:3033} INFO - Sync 1 DAGs
[2024-01-05T17:03:20.086+0000] {logging_mixin.py:188} INFO - [2024-01-05T17:03:20.085+0000] {dag.py:3820} INFO - Setting next_dagrun for example_dag_decorator to None, run_after=None
[2024-01-05T17:03:20.236+0000] {processor.py:183} INFO - Processing /home/eder/Desktop/Airflow/Twitter/venv/lib/python3.9/site-packages/airflow/example_dags/example_dag_decorator.py took 0.367 seconds
[2024-01-05T17:04:18.687+0000] {processor.py:161} INFO - Started process (PID=18696) to work on /home/eder/Desktop/Airflow/Twitter/venv/lib/python3.9/site-packages/airflow/example_dags/example_dag_decorator.py
[2024-01-05T17:04:18.699+0000] {processor.py:830} INFO - Processing file /home/eder/Desktop/Airflow/Twitter/venv/lib/python3.9/site-packages/airflow/example_dags/example_dag_decorator.py for tasks to queue
[2024-01-05T17:04:18.700+0000] {logging_mixin.py:188} INFO - [2024-01-05T17:04:18.700+0000] {dagbag.py:538} INFO - Filling up the DagBag from /home/eder/Desktop/Airflow/Twitter/venv/lib/python3.9/site-packages/airflow/example_dags/example_dag_decorator.py
[2024-01-05T17:04:18.716+0000] {processor.py:840} INFO - DAG(s) 'example_dag_decorator' retrieved from /home/eder/Desktop/Airflow/Twitter/venv/lib/python3.9/site-packages/airflow/example_dags/example_dag_decorator.py
[2024-01-05T17:04:18.852+0000] {logging_mixin.py:188} INFO - [2024-01-05T17:04:18.852+0000] {dag.py:3033} INFO - Sync 1 DAGs
[2024-01-05T17:04:18.858+0000] {logging_mixin.py:188} INFO - [2024-01-05T17:04:18.858+0000] {dag.py:3820} INFO - Setting next_dagrun for example_dag_decorator to None, run_after=None
[2024-01-05T17:04:18.880+0000] {processor.py:183} INFO - Processing /home/eder/Desktop/Airflow/Twitter/venv/lib/python3.9/site-packages/airflow/example_dags/example_dag_decorator.py took 0.201 seconds
[2024-01-05T17:05:10.592+0000] {processor.py:161} INFO - Started process (PID=18788) to work on /home/eder/Desktop/Airflow/Twitter/venv/lib/python3.9/site-packages/airflow/example_dags/example_dag_decorator.py
[2024-01-05T17:05:10.595+0000] {processor.py:830} INFO - Processing file /home/eder/Desktop/Airflow/Twitter/venv/lib/python3.9/site-packages/airflow/example_dags/example_dag_decorator.py for tasks to queue
[2024-01-05T17:05:10.595+0000] {logging_mixin.py:188} INFO - [2024-01-05T17:05:10.595+0000] {dagbag.py:538} INFO - Filling up the DagBag from /home/eder/Desktop/Airflow/Twitter/venv/lib/python3.9/site-packages/airflow/example_dags/example_dag_decorator.py
[2024-01-05T17:05:10.615+0000] {processor.py:840} INFO - DAG(s) 'example_dag_decorator' retrieved from /home/eder/Desktop/Airflow/Twitter/venv/lib/python3.9/site-packages/airflow/example_dags/example_dag_decorator.py
[2024-01-05T17:05:10.910+0000] {logging_mixin.py:188} INFO - [2024-01-05T17:05:10.910+0000] {dag.py:3033} INFO - Sync 1 DAGs
[2024-01-05T17:05:10.915+0000] {logging_mixin.py:188} INFO - [2024-01-05T17:05:10.914+0000] {dag.py:3820} INFO - Setting next_dagrun for example_dag_decorator to None, run_after=None
[2024-01-05T17:05:10.972+0000] {processor.py:183} INFO - Processing /home/eder/Desktop/Airflow/Twitter/venv/lib/python3.9/site-packages/airflow/example_dags/example_dag_decorator.py took 0.382 seconds
[2024-01-05T17:06:14.483+0000] {processor.py:161} INFO - Started process (PID=18986) to work on /home/eder/Desktop/Airflow/Twitter/venv/lib/python3.9/site-packages/airflow/example_dags/example_dag_decorator.py
[2024-01-05T17:06:14.504+0000] {processor.py:830} INFO - Processing file /home/eder/Desktop/Airflow/Twitter/venv/lib/python3.9/site-packages/airflow/example_dags/example_dag_decorator.py for tasks to queue
[2024-01-05T17:06:14.511+0000] {logging_mixin.py:188} INFO - [2024-01-05T17:06:14.510+0000] {dagbag.py:538} INFO - Filling up the DagBag from /home/eder/Desktop/Airflow/Twitter/venv/lib/python3.9/site-packages/airflow/example_dags/example_dag_decorator.py
[2024-01-05T17:06:14.528+0000] {processor.py:840} INFO - DAG(s) 'example_dag_decorator' retrieved from /home/eder/Desktop/Airflow/Twitter/venv/lib/python3.9/site-packages/airflow/example_dags/example_dag_decorator.py
[2024-01-05T17:06:14.722+0000] {logging_mixin.py:188} INFO - [2024-01-05T17:06:14.722+0000] {dag.py:3033} INFO - Sync 1 DAGs
[2024-01-05T17:06:14.727+0000] {logging_mixin.py:188} INFO - [2024-01-05T17:06:14.727+0000] {dag.py:3820} INFO - Setting next_dagrun for example_dag_decorator to None, run_after=None
[2024-01-05T17:06:14.765+0000] {processor.py:183} INFO - Processing /home/eder/Desktop/Airflow/Twitter/venv/lib/python3.9/site-packages/airflow/example_dags/example_dag_decorator.py took 0.288 seconds
[2024-01-05T17:07:27.565+0000] {processor.py:161} INFO - Started process (PID=19222) to work on /home/eder/Desktop/Airflow/Twitter/venv/lib/python3.9/site-packages/airflow/example_dags/example_dag_decorator.py
[2024-01-05T17:07:27.574+0000] {processor.py:830} INFO - Processing file /home/eder/Desktop/Airflow/Twitter/venv/lib/python3.9/site-packages/airflow/example_dags/example_dag_decorator.py for tasks to queue
[2024-01-05T17:07:27.575+0000] {logging_mixin.py:188} INFO - [2024-01-05T17:07:27.575+0000] {dagbag.py:538} INFO - Filling up the DagBag from /home/eder/Desktop/Airflow/Twitter/venv/lib/python3.9/site-packages/airflow/example_dags/example_dag_decorator.py
[2024-01-05T17:07:27.585+0000] {processor.py:840} INFO - DAG(s) 'example_dag_decorator' retrieved from /home/eder/Desktop/Airflow/Twitter/venv/lib/python3.9/site-packages/airflow/example_dags/example_dag_decorator.py
[2024-01-05T17:07:27.773+0000] {logging_mixin.py:188} INFO - [2024-01-05T17:07:27.773+0000] {dag.py:3033} INFO - Sync 1 DAGs
[2024-01-05T17:07:27.779+0000] {logging_mixin.py:188} INFO - [2024-01-05T17:07:27.779+0000] {dag.py:3820} INFO - Setting next_dagrun for example_dag_decorator to None, run_after=None
[2024-01-05T17:07:27.810+0000] {processor.py:183} INFO - Processing /home/eder/Desktop/Airflow/Twitter/venv/lib/python3.9/site-packages/airflow/example_dags/example_dag_decorator.py took 0.249 seconds
[2024-01-05T17:37:11.163+0000] {processor.py:161} INFO - Started process (PID=20635) to work on /home/eder/Desktop/Airflow/Twitter/venv/lib/python3.9/site-packages/airflow/example_dags/example_dag_decorator.py
[2024-01-05T17:37:11.165+0000] {processor.py:830} INFO - Processing file /home/eder/Desktop/Airflow/Twitter/venv/lib/python3.9/site-packages/airflow/example_dags/example_dag_decorator.py for tasks to queue
[2024-01-05T17:37:11.166+0000] {logging_mixin.py:188} INFO - [2024-01-05T17:37:11.165+0000] {dagbag.py:538} INFO - Filling up the DagBag from /home/eder/Desktop/Airflow/Twitter/venv/lib/python3.9/site-packages/airflow/example_dags/example_dag_decorator.py
[2024-01-05T17:37:11.179+0000] {processor.py:840} INFO - DAG(s) 'example_dag_decorator' retrieved from /home/eder/Desktop/Airflow/Twitter/venv/lib/python3.9/site-packages/airflow/example_dags/example_dag_decorator.py
[2024-01-05T17:37:11.284+0000] {logging_mixin.py:188} INFO - [2024-01-05T17:37:11.284+0000] {dag.py:3033} INFO - Sync 1 DAGs
[2024-01-05T17:37:11.298+0000] {logging_mixin.py:188} INFO - [2024-01-05T17:37:11.297+0000] {dag.py:3820} INFO - Setting next_dagrun for example_dag_decorator to None, run_after=None
[2024-01-05T17:37:11.404+0000] {processor.py:183} INFO - Processing /home/eder/Desktop/Airflow/Twitter/venv/lib/python3.9/site-packages/airflow/example_dags/example_dag_decorator.py took 0.248 seconds
[2024-01-05T17:38:05.782+0000] {processor.py:161} INFO - Started process (PID=20971) to work on /home/eder/Desktop/Airflow/Twitter/venv/lib/python3.9/site-packages/airflow/example_dags/example_dag_decorator.py
[2024-01-05T17:38:05.801+0000] {processor.py:830} INFO - Processing file /home/eder/Desktop/Airflow/Twitter/venv/lib/python3.9/site-packages/airflow/example_dags/example_dag_decorator.py for tasks to queue
[2024-01-05T17:38:05.802+0000] {logging_mixin.py:188} INFO - [2024-01-05T17:38:05.801+0000] {dagbag.py:538} INFO - Filling up the DagBag from /home/eder/Desktop/Airflow/Twitter/venv/lib/python3.9/site-packages/airflow/example_dags/example_dag_decorator.py
[2024-01-05T17:38:05.817+0000] {processor.py:840} INFO - DAG(s) 'example_dag_decorator' retrieved from /home/eder/Desktop/Airflow/Twitter/venv/lib/python3.9/site-packages/airflow/example_dags/example_dag_decorator.py
[2024-01-05T17:38:05.892+0000] {logging_mixin.py:188} INFO - [2024-01-05T17:38:05.892+0000] {dag.py:3033} INFO - Sync 1 DAGs
[2024-01-05T17:38:05.907+0000] {logging_mixin.py:188} INFO - [2024-01-05T17:38:05.907+0000] {dag.py:3820} INFO - Setting next_dagrun for example_dag_decorator to None, run_after=None
[2024-01-05T17:38:05.935+0000] {processor.py:183} INFO - Processing /home/eder/Desktop/Airflow/Twitter/venv/lib/python3.9/site-packages/airflow/example_dags/example_dag_decorator.py took 0.157 seconds
[2024-01-05T17:39:02.056+0000] {processor.py:161} INFO - Started process (PID=21126) to work on /home/eder/Desktop/Airflow/Twitter/venv/lib/python3.9/site-packages/airflow/example_dags/example_dag_decorator.py
[2024-01-05T17:39:02.064+0000] {processor.py:830} INFO - Processing file /home/eder/Desktop/Airflow/Twitter/venv/lib/python3.9/site-packages/airflow/example_dags/example_dag_decorator.py for tasks to queue
[2024-01-05T17:39:02.066+0000] {logging_mixin.py:188} INFO - [2024-01-05T17:39:02.065+0000] {dagbag.py:538} INFO - Filling up the DagBag from /home/eder/Desktop/Airflow/Twitter/venv/lib/python3.9/site-packages/airflow/example_dags/example_dag_decorator.py
[2024-01-05T17:39:02.076+0000] {processor.py:840} INFO - DAG(s) 'example_dag_decorator' retrieved from /home/eder/Desktop/Airflow/Twitter/venv/lib/python3.9/site-packages/airflow/example_dags/example_dag_decorator.py
[2024-01-05T17:39:02.156+0000] {logging_mixin.py:188} INFO - [2024-01-05T17:39:02.156+0000] {dag.py:3033} INFO - Sync 1 DAGs
[2024-01-05T17:39:02.166+0000] {logging_mixin.py:188} INFO - [2024-01-05T17:39:02.166+0000] {dag.py:3820} INFO - Setting next_dagrun for example_dag_decorator to None, run_after=None
[2024-01-05T17:39:02.193+0000] {processor.py:183} INFO - Processing /home/eder/Desktop/Airflow/Twitter/venv/lib/python3.9/site-packages/airflow/example_dags/example_dag_decorator.py took 0.140 seconds
[2024-01-05T17:39:59.841+0000] {processor.py:161} INFO - Started process (PID=21284) to work on /home/eder/Desktop/Airflow/Twitter/venv/lib/python3.9/site-packages/airflow/example_dags/example_dag_decorator.py
[2024-01-05T17:39:59.849+0000] {processor.py:830} INFO - Processing file /home/eder/Desktop/Airflow/Twitter/venv/lib/python3.9/site-packages/airflow/example_dags/example_dag_decorator.py for tasks to queue
[2024-01-05T17:39:59.855+0000] {logging_mixin.py:188} INFO - [2024-01-05T17:39:59.854+0000] {dagbag.py:538} INFO - Filling up the DagBag from /home/eder/Desktop/Airflow/Twitter/venv/lib/python3.9/site-packages/airflow/example_dags/example_dag_decorator.py
[2024-01-05T17:39:59.867+0000] {processor.py:840} INFO - DAG(s) 'example_dag_decorator' retrieved from /home/eder/Desktop/Airflow/Twitter/venv/lib/python3.9/site-packages/airflow/example_dags/example_dag_decorator.py
[2024-01-05T17:39:59.948+0000] {logging_mixin.py:188} INFO - [2024-01-05T17:39:59.947+0000] {dag.py:3033} INFO - Sync 1 DAGs
[2024-01-05T17:39:59.955+0000] {logging_mixin.py:188} INFO - [2024-01-05T17:39:59.955+0000] {dag.py:3820} INFO - Setting next_dagrun for example_dag_decorator to None, run_after=None
[2024-01-05T17:39:59.996+0000] {processor.py:183} INFO - Processing /home/eder/Desktop/Airflow/Twitter/venv/lib/python3.9/site-packages/airflow/example_dags/example_dag_decorator.py took 0.158 seconds
[2024-01-05T17:51:02.327+0000] {processor.py:161} INFO - Started process (PID=32465) to work on /home/eder/Desktop/Airflow/Twitter/venv/lib/python3.9/site-packages/airflow/example_dags/example_dag_decorator.py
[2024-01-05T17:51:02.335+0000] {processor.py:830} INFO - Processing file /home/eder/Desktop/Airflow/Twitter/venv/lib/python3.9/site-packages/airflow/example_dags/example_dag_decorator.py for tasks to queue
[2024-01-05T17:51:02.337+0000] {logging_mixin.py:188} INFO - [2024-01-05T17:51:02.336+0000] {dagbag.py:538} INFO - Filling up the DagBag from /home/eder/Desktop/Airflow/Twitter/venv/lib/python3.9/site-packages/airflow/example_dags/example_dag_decorator.py
[2024-01-05T17:51:02.347+0000] {processor.py:840} INFO - DAG(s) 'example_dag_decorator' retrieved from /home/eder/Desktop/Airflow/Twitter/venv/lib/python3.9/site-packages/airflow/example_dags/example_dag_decorator.py
[2024-01-05T17:51:02.413+0000] {logging_mixin.py:188} INFO - [2024-01-05T17:51:02.413+0000] {dag.py:3033} INFO - Sync 1 DAGs
[2024-01-05T17:51:02.422+0000] {logging_mixin.py:188} INFO - [2024-01-05T17:51:02.421+0000] {dag.py:3820} INFO - Setting next_dagrun for example_dag_decorator to None, run_after=None
[2024-01-05T17:51:02.475+0000] {processor.py:183} INFO - Processing /home/eder/Desktop/Airflow/Twitter/venv/lib/python3.9/site-packages/airflow/example_dags/example_dag_decorator.py took 0.152 seconds
[2024-01-05T17:52:06.315+0000] {processor.py:161} INFO - Started process (PID=32649) to work on /home/eder/Desktop/Airflow/Twitter/venv/lib/python3.9/site-packages/airflow/example_dags/example_dag_decorator.py
[2024-01-05T17:52:06.322+0000] {processor.py:830} INFO - Processing file /home/eder/Desktop/Airflow/Twitter/venv/lib/python3.9/site-packages/airflow/example_dags/example_dag_decorator.py for tasks to queue
[2024-01-05T17:52:06.323+0000] {logging_mixin.py:188} INFO - [2024-01-05T17:52:06.323+0000] {dagbag.py:538} INFO - Filling up the DagBag from /home/eder/Desktop/Airflow/Twitter/venv/lib/python3.9/site-packages/airflow/example_dags/example_dag_decorator.py
[2024-01-05T17:52:06.334+0000] {processor.py:840} INFO - DAG(s) 'example_dag_decorator' retrieved from /home/eder/Desktop/Airflow/Twitter/venv/lib/python3.9/site-packages/airflow/example_dags/example_dag_decorator.py
[2024-01-05T17:52:06.442+0000] {logging_mixin.py:188} INFO - [2024-01-05T17:52:06.442+0000] {dag.py:3033} INFO - Sync 1 DAGs
[2024-01-05T17:52:06.448+0000] {logging_mixin.py:188} INFO - [2024-01-05T17:52:06.448+0000] {dag.py:3820} INFO - Setting next_dagrun for example_dag_decorator to None, run_after=None
[2024-01-05T17:52:06.573+0000] {processor.py:183} INFO - Processing /home/eder/Desktop/Airflow/Twitter/venv/lib/python3.9/site-packages/airflow/example_dags/example_dag_decorator.py took 0.261 seconds
[2024-01-05T17:53:02.164+0000] {processor.py:161} INFO - Started process (PID=32874) to work on /home/eder/Desktop/Airflow/Twitter/venv/lib/python3.9/site-packages/airflow/example_dags/example_dag_decorator.py
[2024-01-05T17:53:02.172+0000] {processor.py:830} INFO - Processing file /home/eder/Desktop/Airflow/Twitter/venv/lib/python3.9/site-packages/airflow/example_dags/example_dag_decorator.py for tasks to queue
[2024-01-05T17:53:02.173+0000] {logging_mixin.py:188} INFO - [2024-01-05T17:53:02.173+0000] {dagbag.py:538} INFO - Filling up the DagBag from /home/eder/Desktop/Airflow/Twitter/venv/lib/python3.9/site-packages/airflow/example_dags/example_dag_decorator.py
[2024-01-05T17:53:02.182+0000] {processor.py:840} INFO - DAG(s) 'example_dag_decorator' retrieved from /home/eder/Desktop/Airflow/Twitter/venv/lib/python3.9/site-packages/airflow/example_dags/example_dag_decorator.py
[2024-01-05T17:53:02.258+0000] {logging_mixin.py:188} INFO - [2024-01-05T17:53:02.258+0000] {dag.py:3033} INFO - Sync 1 DAGs
[2024-01-05T17:53:02.264+0000] {logging_mixin.py:188} INFO - [2024-01-05T17:53:02.264+0000] {dag.py:3820} INFO - Setting next_dagrun for example_dag_decorator to None, run_after=None
[2024-01-05T17:53:02.328+0000] {processor.py:183} INFO - Processing /home/eder/Desktop/Airflow/Twitter/venv/lib/python3.9/site-packages/airflow/example_dags/example_dag_decorator.py took 0.168 seconds
[2024-01-05T17:54:01.929+0000] {processor.py:161} INFO - Started process (PID=33059) to work on /home/eder/Desktop/Airflow/Twitter/venv/lib/python3.9/site-packages/airflow/example_dags/example_dag_decorator.py
[2024-01-05T17:54:01.947+0000] {processor.py:830} INFO - Processing file /home/eder/Desktop/Airflow/Twitter/venv/lib/python3.9/site-packages/airflow/example_dags/example_dag_decorator.py for tasks to queue
[2024-01-05T17:54:01.950+0000] {logging_mixin.py:188} INFO - [2024-01-05T17:54:01.948+0000] {dagbag.py:538} INFO - Filling up the DagBag from /home/eder/Desktop/Airflow/Twitter/venv/lib/python3.9/site-packages/airflow/example_dags/example_dag_decorator.py
[2024-01-05T17:54:01.967+0000] {processor.py:840} INFO - DAG(s) 'example_dag_decorator' retrieved from /home/eder/Desktop/Airflow/Twitter/venv/lib/python3.9/site-packages/airflow/example_dags/example_dag_decorator.py
[2024-01-05T17:54:02.144+0000] {logging_mixin.py:188} INFO - [2024-01-05T17:54:02.143+0000] {dag.py:3033} INFO - Sync 1 DAGs
[2024-01-05T17:54:02.168+0000] {logging_mixin.py:188} INFO - [2024-01-05T17:54:02.168+0000] {dag.py:3820} INFO - Setting next_dagrun for example_dag_decorator to None, run_after=None
[2024-01-05T17:54:02.555+0000] {processor.py:183} INFO - Processing /home/eder/Desktop/Airflow/Twitter/venv/lib/python3.9/site-packages/airflow/example_dags/example_dag_decorator.py took 0.628 seconds
[2024-01-05T17:55:00.451+0000] {processor.py:161} INFO - Started process (PID=33213) to work on /home/eder/Desktop/Airflow/Twitter/venv/lib/python3.9/site-packages/airflow/example_dags/example_dag_decorator.py
[2024-01-05T17:55:00.472+0000] {processor.py:830} INFO - Processing file /home/eder/Desktop/Airflow/Twitter/venv/lib/python3.9/site-packages/airflow/example_dags/example_dag_decorator.py for tasks to queue
[2024-01-05T17:55:00.479+0000] {logging_mixin.py:188} INFO - [2024-01-05T17:55:00.476+0000] {dagbag.py:538} INFO - Filling up the DagBag from /home/eder/Desktop/Airflow/Twitter/venv/lib/python3.9/site-packages/airflow/example_dags/example_dag_decorator.py
[2024-01-05T17:55:00.510+0000] {processor.py:840} INFO - DAG(s) 'example_dag_decorator' retrieved from /home/eder/Desktop/Airflow/Twitter/venv/lib/python3.9/site-packages/airflow/example_dags/example_dag_decorator.py
[2024-01-05T17:55:00.676+0000] {logging_mixin.py:188} INFO - [2024-01-05T17:55:00.676+0000] {dag.py:3033} INFO - Sync 1 DAGs
[2024-01-05T17:55:00.683+0000] {logging_mixin.py:188} INFO - [2024-01-05T17:55:00.683+0000] {dag.py:3820} INFO - Setting next_dagrun for example_dag_decorator to None, run_after=None
[2024-01-05T17:55:00.755+0000] {processor.py:183} INFO - Processing /home/eder/Desktop/Airflow/Twitter/venv/lib/python3.9/site-packages/airflow/example_dags/example_dag_decorator.py took 0.307 seconds
[2024-01-05T17:56:05.628+0000] {processor.py:161} INFO - Started process (PID=33415) to work on /home/eder/Desktop/Airflow/Twitter/venv/lib/python3.9/site-packages/airflow/example_dags/example_dag_decorator.py
[2024-01-05T17:56:05.664+0000] {processor.py:830} INFO - Processing file /home/eder/Desktop/Airflow/Twitter/venv/lib/python3.9/site-packages/airflow/example_dags/example_dag_decorator.py for tasks to queue
[2024-01-05T17:56:05.665+0000] {logging_mixin.py:188} INFO - [2024-01-05T17:56:05.665+0000] {dagbag.py:538} INFO - Filling up the DagBag from /home/eder/Desktop/Airflow/Twitter/venv/lib/python3.9/site-packages/airflow/example_dags/example_dag_decorator.py
[2024-01-05T17:56:05.698+0000] {processor.py:840} INFO - DAG(s) 'example_dag_decorator' retrieved from /home/eder/Desktop/Airflow/Twitter/venv/lib/python3.9/site-packages/airflow/example_dags/example_dag_decorator.py
[2024-01-05T17:56:05.867+0000] {logging_mixin.py:188} INFO - [2024-01-05T17:56:05.864+0000] {dag.py:3033} INFO - Sync 1 DAGs
[2024-01-05T17:56:05.884+0000] {logging_mixin.py:188} INFO - [2024-01-05T17:56:05.884+0000] {dag.py:3820} INFO - Setting next_dagrun for example_dag_decorator to None, run_after=None
[2024-01-05T17:56:06.003+0000] {processor.py:183} INFO - Processing /home/eder/Desktop/Airflow/Twitter/venv/lib/python3.9/site-packages/airflow/example_dags/example_dag_decorator.py took 0.377 seconds
[2024-01-05T18:00:25.713+0000] {processor.py:161} INFO - Started process (PID=34070) to work on /home/eder/Desktop/Airflow/Twitter/venv/lib/python3.9/site-packages/airflow/example_dags/example_dag_decorator.py
[2024-01-05T18:00:25.715+0000] {processor.py:830} INFO - Processing file /home/eder/Desktop/Airflow/Twitter/venv/lib/python3.9/site-packages/airflow/example_dags/example_dag_decorator.py for tasks to queue
[2024-01-05T18:00:25.719+0000] {logging_mixin.py:188} INFO - [2024-01-05T18:00:25.719+0000] {dagbag.py:538} INFO - Filling up the DagBag from /home/eder/Desktop/Airflow/Twitter/venv/lib/python3.9/site-packages/airflow/example_dags/example_dag_decorator.py
[2024-01-05T18:00:25.744+0000] {processor.py:840} INFO - DAG(s) 'example_dag_decorator' retrieved from /home/eder/Desktop/Airflow/Twitter/venv/lib/python3.9/site-packages/airflow/example_dags/example_dag_decorator.py
[2024-01-05T18:00:25.951+0000] {logging_mixin.py:188} INFO - [2024-01-05T18:00:25.951+0000] {dag.py:3033} INFO - Sync 1 DAGs
[2024-01-05T18:00:25.967+0000] {logging_mixin.py:188} INFO - [2024-01-05T18:00:25.967+0000] {dag.py:3820} INFO - Setting next_dagrun for example_dag_decorator to None, run_after=None
[2024-01-05T18:00:26.123+0000] {processor.py:183} INFO - Processing /home/eder/Desktop/Airflow/Twitter/venv/lib/python3.9/site-packages/airflow/example_dags/example_dag_decorator.py took 0.413 seconds
