[2024-01-05T01:18:02.251+0000] {processor.py:161} INFO - Started process (PID=24206) to work on /home/eder/Desktop/Airflow/Twitter/venv/lib/python3.9/site-packages/airflow/example_dags/example_bash_operator.py
[2024-01-05T01:18:02.251+0000] {processor.py:830} INFO - Processing file /home/eder/Desktop/Airflow/Twitter/venv/lib/python3.9/site-packages/airflow/example_dags/example_bash_operator.py for tasks to queue
[2024-01-05T01:18:02.252+0000] {logging_mixin.py:188} INFO - [2024-01-05T01:18:02.252+0000] {dagbag.py:538} INFO - Filling up the DagBag from /home/eder/Desktop/Airflow/Twitter/venv/lib/python3.9/site-packages/airflow/example_dags/example_bash_operator.py
[2024-01-05T01:18:02.270+0000] {processor.py:840} INFO - DAG(s) 'example_bash_operator' retrieved from /home/eder/Desktop/Airflow/Twitter/venv/lib/python3.9/site-packages/airflow/example_dags/example_bash_operator.py
[2024-01-05T01:18:02.584+0000] {logging_mixin.py:188} INFO - [2024-01-05T01:18:02.583+0000] {override.py:1769} INFO - Created Permission View: can read on DAG:example_bash_operator
[2024-01-05T01:18:02.605+0000] {logging_mixin.py:188} INFO - [2024-01-05T01:18:02.605+0000] {override.py:1769} INFO - Created Permission View: can delete on DAG:example_bash_operator
[2024-01-05T01:18:02.636+0000] {logging_mixin.py:188} INFO - [2024-01-05T01:18:02.636+0000] {override.py:1769} INFO - Created Permission View: can edit on DAG:example_bash_operator
[2024-01-05T01:18:02.637+0000] {logging_mixin.py:188} INFO - [2024-01-05T01:18:02.637+0000] {dag.py:3033} INFO - Sync 1 DAGs
[2024-01-05T01:18:02.664+0000] {logging_mixin.py:188} INFO - [2024-01-05T01:18:02.662+0000] {dag.py:3055} INFO - Creating ORM DAG for example_bash_operator
[2024-01-05T01:18:02.674+0000] {logging_mixin.py:188} INFO - [2024-01-05T01:18:02.674+0000] {dag.py:3820} INFO - Setting next_dagrun for example_bash_operator to 2024-01-04T00:00:00+00:00, run_after=2024-01-05T00:00:00+00:00
[2024-01-05T01:18:02.738+0000] {processor.py:183} INFO - Processing /home/eder/Desktop/Airflow/Twitter/venv/lib/python3.9/site-packages/airflow/example_dags/example_bash_operator.py took 0.496 seconds
[2024-01-05T01:19:13.071+0000] {processor.py:161} INFO - Started process (PID=24623) to work on /home/eder/Desktop/Airflow/Twitter/venv/lib/python3.9/site-packages/airflow/example_dags/example_bash_operator.py
[2024-01-05T01:19:13.089+0000] {processor.py:830} INFO - Processing file /home/eder/Desktop/Airflow/Twitter/venv/lib/python3.9/site-packages/airflow/example_dags/example_bash_operator.py for tasks to queue
[2024-01-05T01:19:13.090+0000] {logging_mixin.py:188} INFO - [2024-01-05T01:19:13.090+0000] {dagbag.py:538} INFO - Filling up the DagBag from /home/eder/Desktop/Airflow/Twitter/venv/lib/python3.9/site-packages/airflow/example_dags/example_bash_operator.py
[2024-01-05T01:19:13.113+0000] {processor.py:840} INFO - DAG(s) 'example_bash_operator' retrieved from /home/eder/Desktop/Airflow/Twitter/venv/lib/python3.9/site-packages/airflow/example_dags/example_bash_operator.py
[2024-01-05T01:19:13.153+0000] {logging_mixin.py:188} INFO - [2024-01-05T01:19:13.152+0000] {dag.py:3033} INFO - Sync 1 DAGs
[2024-01-05T01:19:13.182+0000] {logging_mixin.py:188} INFO - [2024-01-05T01:19:13.182+0000] {dag.py:3820} INFO - Setting next_dagrun for example_bash_operator to 2024-01-04T00:00:00+00:00, run_after=2024-01-05T00:00:00+00:00
[2024-01-05T01:19:13.212+0000] {processor.py:183} INFO - Processing /home/eder/Desktop/Airflow/Twitter/venv/lib/python3.9/site-packages/airflow/example_dags/example_bash_operator.py took 0.151 seconds
[2024-01-05T01:23:14.269+0000] {processor.py:161} INFO - Started process (PID=28089) to work on /home/eder/Desktop/Airflow/Twitter/venv/lib/python3.9/site-packages/airflow/example_dags/example_bash_operator.py
[2024-01-05T01:23:14.283+0000] {processor.py:830} INFO - Processing file /home/eder/Desktop/Airflow/Twitter/venv/lib/python3.9/site-packages/airflow/example_dags/example_bash_operator.py for tasks to queue
[2024-01-05T01:23:14.284+0000] {logging_mixin.py:188} INFO - [2024-01-05T01:23:14.284+0000] {dagbag.py:538} INFO - Filling up the DagBag from /home/eder/Desktop/Airflow/Twitter/venv/lib/python3.9/site-packages/airflow/example_dags/example_bash_operator.py
[2024-01-05T01:23:14.305+0000] {processor.py:840} INFO - DAG(s) 'example_bash_operator' retrieved from /home/eder/Desktop/Airflow/Twitter/venv/lib/python3.9/site-packages/airflow/example_dags/example_bash_operator.py
[2024-01-05T01:23:14.481+0000] {logging_mixin.py:188} INFO - [2024-01-05T01:23:14.480+0000] {dag.py:3033} INFO - Sync 1 DAGs
[2024-01-05T01:23:14.526+0000] {logging_mixin.py:188} INFO - [2024-01-05T01:23:14.526+0000] {dag.py:3820} INFO - Setting next_dagrun for example_bash_operator to 2024-01-04T00:00:00+00:00, run_after=2024-01-05T00:00:00+00:00
[2024-01-05T01:23:14.700+0000] {processor.py:183} INFO - Processing /home/eder/Desktop/Airflow/Twitter/venv/lib/python3.9/site-packages/airflow/example_dags/example_bash_operator.py took 0.433 seconds
[2024-01-05T01:28:12.648+0000] {processor.py:161} INFO - Started process (PID=32856) to work on /home/eder/Desktop/Airflow/Twitter/venv/lib/python3.9/site-packages/airflow/example_dags/example_bash_operator.py
[2024-01-05T01:28:12.666+0000] {processor.py:830} INFO - Processing file /home/eder/Desktop/Airflow/Twitter/venv/lib/python3.9/site-packages/airflow/example_dags/example_bash_operator.py for tasks to queue
[2024-01-05T01:28:12.667+0000] {logging_mixin.py:188} INFO - [2024-01-05T01:28:12.667+0000] {dagbag.py:538} INFO - Filling up the DagBag from /home/eder/Desktop/Airflow/Twitter/venv/lib/python3.9/site-packages/airflow/example_dags/example_bash_operator.py
[2024-01-05T01:28:12.682+0000] {processor.py:840} INFO - DAG(s) 'example_bash_operator' retrieved from /home/eder/Desktop/Airflow/Twitter/venv/lib/python3.9/site-packages/airflow/example_dags/example_bash_operator.py
[2024-01-05T01:28:12.724+0000] {logging_mixin.py:188} INFO - [2024-01-05T01:28:12.724+0000] {dag.py:3033} INFO - Sync 1 DAGs
[2024-01-05T01:28:12.762+0000] {logging_mixin.py:188} INFO - [2024-01-05T01:28:12.761+0000] {dag.py:3820} INFO - Setting next_dagrun for example_bash_operator to 2024-01-04T00:00:00+00:00, run_after=2024-01-05T00:00:00+00:00
[2024-01-05T01:28:12.898+0000] {processor.py:183} INFO - Processing /home/eder/Desktop/Airflow/Twitter/venv/lib/python3.9/site-packages/airflow/example_dags/example_bash_operator.py took 0.256 seconds
[2024-01-05T01:29:09.949+0000] {processor.py:161} INFO - Started process (PID=33011) to work on /home/eder/Desktop/Airflow/Twitter/venv/lib/python3.9/site-packages/airflow/example_dags/example_bash_operator.py
[2024-01-05T01:29:09.972+0000] {processor.py:830} INFO - Processing file /home/eder/Desktop/Airflow/Twitter/venv/lib/python3.9/site-packages/airflow/example_dags/example_bash_operator.py for tasks to queue
[2024-01-05T01:29:09.974+0000] {logging_mixin.py:188} INFO - [2024-01-05T01:29:09.973+0000] {dagbag.py:538} INFO - Filling up the DagBag from /home/eder/Desktop/Airflow/Twitter/venv/lib/python3.9/site-packages/airflow/example_dags/example_bash_operator.py
[2024-01-05T01:29:09.997+0000] {processor.py:840} INFO - DAG(s) 'example_bash_operator' retrieved from /home/eder/Desktop/Airflow/Twitter/venv/lib/python3.9/site-packages/airflow/example_dags/example_bash_operator.py
[2024-01-05T01:29:10.037+0000] {logging_mixin.py:188} INFO - [2024-01-05T01:29:10.037+0000] {dag.py:3033} INFO - Sync 1 DAGs
[2024-01-05T01:29:10.084+0000] {logging_mixin.py:188} INFO - [2024-01-05T01:29:10.084+0000] {dag.py:3820} INFO - Setting next_dagrun for example_bash_operator to 2024-01-04T00:00:00+00:00, run_after=2024-01-05T00:00:00+00:00
[2024-01-05T01:29:10.166+0000] {processor.py:183} INFO - Processing /home/eder/Desktop/Airflow/Twitter/venv/lib/python3.9/site-packages/airflow/example_dags/example_bash_operator.py took 0.225 seconds
[2024-01-05T01:30:27.513+0000] {processor.py:161} INFO - Started process (PID=33275) to work on /home/eder/Desktop/Airflow/Twitter/venv/lib/python3.9/site-packages/airflow/example_dags/example_bash_operator.py
[2024-01-05T01:30:27.530+0000] {processor.py:830} INFO - Processing file /home/eder/Desktop/Airflow/Twitter/venv/lib/python3.9/site-packages/airflow/example_dags/example_bash_operator.py for tasks to queue
[2024-01-05T01:30:27.549+0000] {logging_mixin.py:188} INFO - [2024-01-05T01:30:27.538+0000] {dagbag.py:538} INFO - Filling up the DagBag from /home/eder/Desktop/Airflow/Twitter/venv/lib/python3.9/site-packages/airflow/example_dags/example_bash_operator.py
[2024-01-05T01:30:27.573+0000] {processor.py:840} INFO - DAG(s) 'example_bash_operator' retrieved from /home/eder/Desktop/Airflow/Twitter/venv/lib/python3.9/site-packages/airflow/example_dags/example_bash_operator.py
[2024-01-05T01:30:27.626+0000] {logging_mixin.py:188} INFO - [2024-01-05T01:30:27.625+0000] {dag.py:3033} INFO - Sync 1 DAGs
[2024-01-05T01:30:27.657+0000] {logging_mixin.py:188} INFO - [2024-01-05T01:30:27.657+0000] {dag.py:3820} INFO - Setting next_dagrun for example_bash_operator to 2024-01-04T00:00:00+00:00, run_after=2024-01-05T00:00:00+00:00
[2024-01-05T01:30:27.893+0000] {processor.py:183} INFO - Processing /home/eder/Desktop/Airflow/Twitter/venv/lib/python3.9/site-packages/airflow/example_dags/example_bash_operator.py took 0.385 seconds
[2024-01-05T01:31:41.917+0000] {processor.py:161} INFO - Started process (PID=33464) to work on /home/eder/Desktop/Airflow/Twitter/venv/lib/python3.9/site-packages/airflow/example_dags/example_bash_operator.py
[2024-01-05T01:31:41.929+0000] {processor.py:830} INFO - Processing file /home/eder/Desktop/Airflow/Twitter/venv/lib/python3.9/site-packages/airflow/example_dags/example_bash_operator.py for tasks to queue
[2024-01-05T01:31:41.931+0000] {logging_mixin.py:188} INFO - [2024-01-05T01:31:41.930+0000] {dagbag.py:538} INFO - Filling up the DagBag from /home/eder/Desktop/Airflow/Twitter/venv/lib/python3.9/site-packages/airflow/example_dags/example_bash_operator.py
[2024-01-05T01:31:41.944+0000] {processor.py:840} INFO - DAG(s) 'example_bash_operator' retrieved from /home/eder/Desktop/Airflow/Twitter/venv/lib/python3.9/site-packages/airflow/example_dags/example_bash_operator.py
[2024-01-05T01:31:41.966+0000] {logging_mixin.py:188} INFO - [2024-01-05T01:31:41.966+0000] {dag.py:3033} INFO - Sync 1 DAGs
[2024-01-05T01:31:41.988+0000] {logging_mixin.py:188} INFO - [2024-01-05T01:31:41.987+0000] {dag.py:3820} INFO - Setting next_dagrun for example_bash_operator to 2024-01-04T00:00:00+00:00, run_after=2024-01-05T00:00:00+00:00
[2024-01-05T01:31:42.180+0000] {processor.py:183} INFO - Processing /home/eder/Desktop/Airflow/Twitter/venv/lib/python3.9/site-packages/airflow/example_dags/example_bash_operator.py took 0.271 seconds
[2024-01-05T01:33:01.703+0000] {processor.py:161} INFO - Started process (PID=33788) to work on /home/eder/Desktop/Airflow/Twitter/venv/lib/python3.9/site-packages/airflow/example_dags/example_bash_operator.py
[2024-01-05T01:33:01.706+0000] {processor.py:830} INFO - Processing file /home/eder/Desktop/Airflow/Twitter/venv/lib/python3.9/site-packages/airflow/example_dags/example_bash_operator.py for tasks to queue
[2024-01-05T01:33:01.707+0000] {logging_mixin.py:188} INFO - [2024-01-05T01:33:01.707+0000] {dagbag.py:538} INFO - Filling up the DagBag from /home/eder/Desktop/Airflow/Twitter/venv/lib/python3.9/site-packages/airflow/example_dags/example_bash_operator.py
[2024-01-05T01:33:01.716+0000] {processor.py:840} INFO - DAG(s) 'example_bash_operator' retrieved from /home/eder/Desktop/Airflow/Twitter/venv/lib/python3.9/site-packages/airflow/example_dags/example_bash_operator.py
[2024-01-05T01:33:01.736+0000] {logging_mixin.py:188} INFO - [2024-01-05T01:33:01.736+0000] {dag.py:3033} INFO - Sync 1 DAGs
[2024-01-05T01:33:01.757+0000] {logging_mixin.py:188} INFO - [2024-01-05T01:33:01.754+0000] {dag.py:3820} INFO - Setting next_dagrun for example_bash_operator to 2024-01-04T00:00:00+00:00, run_after=2024-01-05T00:00:00+00:00
[2024-01-05T01:33:01.787+0000] {processor.py:183} INFO - Processing /home/eder/Desktop/Airflow/Twitter/venv/lib/python3.9/site-packages/airflow/example_dags/example_bash_operator.py took 0.086 seconds
[2024-01-05T01:34:18.788+0000] {processor.py:161} INFO - Started process (PID=34023) to work on /home/eder/Desktop/Airflow/Twitter/venv/lib/python3.9/site-packages/airflow/example_dags/example_bash_operator.py
[2024-01-05T01:34:18.793+0000] {processor.py:830} INFO - Processing file /home/eder/Desktop/Airflow/Twitter/venv/lib/python3.9/site-packages/airflow/example_dags/example_bash_operator.py for tasks to queue
[2024-01-05T01:34:18.796+0000] {logging_mixin.py:188} INFO - [2024-01-05T01:34:18.793+0000] {dagbag.py:538} INFO - Filling up the DagBag from /home/eder/Desktop/Airflow/Twitter/venv/lib/python3.9/site-packages/airflow/example_dags/example_bash_operator.py
[2024-01-05T01:34:18.822+0000] {processor.py:840} INFO - DAG(s) 'example_bash_operator' retrieved from /home/eder/Desktop/Airflow/Twitter/venv/lib/python3.9/site-packages/airflow/example_dags/example_bash_operator.py
[2024-01-05T01:34:18.861+0000] {logging_mixin.py:188} INFO - [2024-01-05T01:34:18.861+0000] {dag.py:3033} INFO - Sync 1 DAGs
[2024-01-05T01:34:18.917+0000] {logging_mixin.py:188} INFO - [2024-01-05T01:34:18.917+0000] {dag.py:3820} INFO - Setting next_dagrun for example_bash_operator to 2024-01-04T00:00:00+00:00, run_after=2024-01-05T00:00:00+00:00
[2024-01-05T01:34:19.032+0000] {processor.py:183} INFO - Processing /home/eder/Desktop/Airflow/Twitter/venv/lib/python3.9/site-packages/airflow/example_dags/example_bash_operator.py took 0.248 seconds
[2024-01-05T01:35:42.811+0000] {processor.py:161} INFO - Started process (PID=34275) to work on /home/eder/Desktop/Airflow/Twitter/venv/lib/python3.9/site-packages/airflow/example_dags/example_bash_operator.py
[2024-01-05T01:35:42.813+0000] {processor.py:830} INFO - Processing file /home/eder/Desktop/Airflow/Twitter/venv/lib/python3.9/site-packages/airflow/example_dags/example_bash_operator.py for tasks to queue
[2024-01-05T01:35:42.815+0000] {logging_mixin.py:188} INFO - [2024-01-05T01:35:42.814+0000] {dagbag.py:538} INFO - Filling up the DagBag from /home/eder/Desktop/Airflow/Twitter/venv/lib/python3.9/site-packages/airflow/example_dags/example_bash_operator.py
[2024-01-05T01:35:42.825+0000] {processor.py:840} INFO - DAG(s) 'example_bash_operator' retrieved from /home/eder/Desktop/Airflow/Twitter/venv/lib/python3.9/site-packages/airflow/example_dags/example_bash_operator.py
[2024-01-05T01:35:42.845+0000] {logging_mixin.py:188} INFO - [2024-01-05T01:35:42.845+0000] {dag.py:3033} INFO - Sync 1 DAGs
[2024-01-05T01:35:42.860+0000] {logging_mixin.py:188} INFO - [2024-01-05T01:35:42.860+0000] {dag.py:3820} INFO - Setting next_dagrun for example_bash_operator to 2024-01-04T00:00:00+00:00, run_after=2024-01-05T00:00:00+00:00
[2024-01-05T01:35:42.887+0000] {processor.py:183} INFO - Processing /home/eder/Desktop/Airflow/Twitter/venv/lib/python3.9/site-packages/airflow/example_dags/example_bash_operator.py took 0.080 seconds
[2024-01-05T01:37:03.006+0000] {processor.py:161} INFO - Started process (PID=34559) to work on /home/eder/Desktop/Airflow/Twitter/venv/lib/python3.9/site-packages/airflow/example_dags/example_bash_operator.py
[2024-01-05T01:37:03.015+0000] {processor.py:830} INFO - Processing file /home/eder/Desktop/Airflow/Twitter/venv/lib/python3.9/site-packages/airflow/example_dags/example_bash_operator.py for tasks to queue
[2024-01-05T01:37:03.016+0000] {logging_mixin.py:188} INFO - [2024-01-05T01:37:03.016+0000] {dagbag.py:538} INFO - Filling up the DagBag from /home/eder/Desktop/Airflow/Twitter/venv/lib/python3.9/site-packages/airflow/example_dags/example_bash_operator.py
[2024-01-05T01:37:03.025+0000] {processor.py:840} INFO - DAG(s) 'example_bash_operator' retrieved from /home/eder/Desktop/Airflow/Twitter/venv/lib/python3.9/site-packages/airflow/example_dags/example_bash_operator.py
[2024-01-05T01:37:03.044+0000] {logging_mixin.py:188} INFO - [2024-01-05T01:37:03.044+0000] {dag.py:3033} INFO - Sync 1 DAGs
[2024-01-05T01:37:03.061+0000] {logging_mixin.py:188} INFO - [2024-01-05T01:37:03.061+0000] {dag.py:3820} INFO - Setting next_dagrun for example_bash_operator to 2024-01-04T00:00:00+00:00, run_after=2024-01-05T00:00:00+00:00
[2024-01-05T01:37:03.097+0000] {processor.py:183} INFO - Processing /home/eder/Desktop/Airflow/Twitter/venv/lib/python3.9/site-packages/airflow/example_dags/example_bash_operator.py took 0.093 seconds
[2024-01-05T01:38:19.906+0000] {processor.py:161} INFO - Started process (PID=34904) to work on /home/eder/Desktop/Airflow/Twitter/venv/lib/python3.9/site-packages/airflow/example_dags/example_bash_operator.py
[2024-01-05T01:38:19.915+0000] {processor.py:830} INFO - Processing file /home/eder/Desktop/Airflow/Twitter/venv/lib/python3.9/site-packages/airflow/example_dags/example_bash_operator.py for tasks to queue
[2024-01-05T01:38:19.916+0000] {logging_mixin.py:188} INFO - [2024-01-05T01:38:19.916+0000] {dagbag.py:538} INFO - Filling up the DagBag from /home/eder/Desktop/Airflow/Twitter/venv/lib/python3.9/site-packages/airflow/example_dags/example_bash_operator.py
[2024-01-05T01:38:19.925+0000] {processor.py:840} INFO - DAG(s) 'example_bash_operator' retrieved from /home/eder/Desktop/Airflow/Twitter/venv/lib/python3.9/site-packages/airflow/example_dags/example_bash_operator.py
[2024-01-05T01:38:19.944+0000] {logging_mixin.py:188} INFO - [2024-01-05T01:38:19.943+0000] {dag.py:3033} INFO - Sync 1 DAGs
[2024-01-05T01:38:19.958+0000] {logging_mixin.py:188} INFO - [2024-01-05T01:38:19.957+0000] {dag.py:3820} INFO - Setting next_dagrun for example_bash_operator to 2024-01-04T00:00:00+00:00, run_after=2024-01-05T00:00:00+00:00
[2024-01-05T01:38:19.978+0000] {processor.py:183} INFO - Processing /home/eder/Desktop/Airflow/Twitter/venv/lib/python3.9/site-packages/airflow/example_dags/example_bash_operator.py took 0.074 seconds
[2024-01-05T15:16:32.411+0000] {processor.py:161} INFO - Started process (PID=4597) to work on /home/eder/Desktop/Airflow/Twitter/venv/lib/python3.9/site-packages/airflow/example_dags/example_bash_operator.py
[2024-01-05T15:16:32.421+0000] {processor.py:830} INFO - Processing file /home/eder/Desktop/Airflow/Twitter/venv/lib/python3.9/site-packages/airflow/example_dags/example_bash_operator.py for tasks to queue
[2024-01-05T15:16:32.422+0000] {logging_mixin.py:188} INFO - [2024-01-05T15:16:32.422+0000] {dagbag.py:538} INFO - Filling up the DagBag from /home/eder/Desktop/Airflow/Twitter/venv/lib/python3.9/site-packages/airflow/example_dags/example_bash_operator.py
[2024-01-05T15:16:32.443+0000] {processor.py:840} INFO - DAG(s) 'example_bash_operator' retrieved from /home/eder/Desktop/Airflow/Twitter/venv/lib/python3.9/site-packages/airflow/example_dags/example_bash_operator.py
[2024-01-05T15:16:32.587+0000] {logging_mixin.py:188} INFO - [2024-01-05T15:16:32.585+0000] {dag.py:3033} INFO - Sync 1 DAGs
[2024-01-05T15:16:32.614+0000] {logging_mixin.py:188} INFO - [2024-01-05T15:16:32.613+0000] {dag.py:3820} INFO - Setting next_dagrun for example_bash_operator to 2024-01-04T00:00:00+00:00, run_after=2024-01-05T00:00:00+00:00
[2024-01-05T15:16:32.658+0000] {processor.py:183} INFO - Processing /home/eder/Desktop/Airflow/Twitter/venv/lib/python3.9/site-packages/airflow/example_dags/example_bash_operator.py took 0.251 seconds
[2024-01-05T15:17:49.111+0000] {processor.py:161} INFO - Started process (PID=5507) to work on /home/eder/Desktop/Airflow/Twitter/venv/lib/python3.9/site-packages/airflow/example_dags/example_bash_operator.py
[2024-01-05T15:17:49.128+0000] {processor.py:830} INFO - Processing file /home/eder/Desktop/Airflow/Twitter/venv/lib/python3.9/site-packages/airflow/example_dags/example_bash_operator.py for tasks to queue
[2024-01-05T15:17:49.131+0000] {logging_mixin.py:188} INFO - [2024-01-05T15:17:49.129+0000] {dagbag.py:538} INFO - Filling up the DagBag from /home/eder/Desktop/Airflow/Twitter/venv/lib/python3.9/site-packages/airflow/example_dags/example_bash_operator.py
[2024-01-05T15:17:49.168+0000] {processor.py:840} INFO - DAG(s) 'example_bash_operator' retrieved from /home/eder/Desktop/Airflow/Twitter/venv/lib/python3.9/site-packages/airflow/example_dags/example_bash_operator.py
[2024-01-05T15:17:50.220+0000] {logging_mixin.py:188} INFO - [2024-01-05T15:17:50.219+0000] {dag.py:3033} INFO - Sync 1 DAGs
[2024-01-05T15:17:51.258+0000] {logging_mixin.py:188} INFO - [2024-01-05T15:17:51.257+0000] {dag.py:3820} INFO - Setting next_dagrun for example_bash_operator to 2024-01-04T00:00:00+00:00, run_after=2024-01-05T00:00:00+00:00
[2024-01-05T15:17:54.498+0000] {processor.py:183} INFO - Processing /home/eder/Desktop/Airflow/Twitter/venv/lib/python3.9/site-packages/airflow/example_dags/example_bash_operator.py took 5.400 seconds
[2024-01-05T15:20:55.213+0000] {processor.py:161} INFO - Started process (PID=7733) to work on /home/eder/Desktop/Airflow/Twitter/venv/lib/python3.9/site-packages/airflow/example_dags/example_bash_operator.py
[2024-01-05T15:20:55.224+0000] {processor.py:830} INFO - Processing file /home/eder/Desktop/Airflow/Twitter/venv/lib/python3.9/site-packages/airflow/example_dags/example_bash_operator.py for tasks to queue
[2024-01-05T15:20:55.226+0000] {logging_mixin.py:188} INFO - [2024-01-05T15:20:55.225+0000] {dagbag.py:538} INFO - Filling up the DagBag from /home/eder/Desktop/Airflow/Twitter/venv/lib/python3.9/site-packages/airflow/example_dags/example_bash_operator.py
[2024-01-05T15:20:55.246+0000] {processor.py:840} INFO - DAG(s) 'example_bash_operator' retrieved from /home/eder/Desktop/Airflow/Twitter/venv/lib/python3.9/site-packages/airflow/example_dags/example_bash_operator.py
[2024-01-05T15:20:55.284+0000] {logging_mixin.py:188} INFO - [2024-01-05T15:20:55.284+0000] {dag.py:3033} INFO - Sync 1 DAGs
[2024-01-05T15:20:55.317+0000] {logging_mixin.py:188} INFO - [2024-01-05T15:20:55.316+0000] {dag.py:3820} INFO - Setting next_dagrun for example_bash_operator to 2024-01-04T00:00:00+00:00, run_after=2024-01-05T00:00:00+00:00
[2024-01-05T15:20:55.358+0000] {processor.py:183} INFO - Processing /home/eder/Desktop/Airflow/Twitter/venv/lib/python3.9/site-packages/airflow/example_dags/example_bash_operator.py took 0.149 seconds
[2024-01-05T15:22:15.155+0000] {processor.py:161} INFO - Started process (PID=7915) to work on /home/eder/Desktop/Airflow/Twitter/venv/lib/python3.9/site-packages/airflow/example_dags/example_bash_operator.py
[2024-01-05T15:22:15.163+0000] {processor.py:830} INFO - Processing file /home/eder/Desktop/Airflow/Twitter/venv/lib/python3.9/site-packages/airflow/example_dags/example_bash_operator.py for tasks to queue
[2024-01-05T15:22:15.164+0000] {logging_mixin.py:188} INFO - [2024-01-05T15:22:15.163+0000] {dagbag.py:538} INFO - Filling up the DagBag from /home/eder/Desktop/Airflow/Twitter/venv/lib/python3.9/site-packages/airflow/example_dags/example_bash_operator.py
[2024-01-05T15:22:15.184+0000] {processor.py:840} INFO - DAG(s) 'example_bash_operator' retrieved from /home/eder/Desktop/Airflow/Twitter/venv/lib/python3.9/site-packages/airflow/example_dags/example_bash_operator.py
[2024-01-05T15:22:15.217+0000] {logging_mixin.py:188} INFO - [2024-01-05T15:22:15.216+0000] {dag.py:3033} INFO - Sync 1 DAGs
[2024-01-05T15:22:15.239+0000] {logging_mixin.py:188} INFO - [2024-01-05T15:22:15.238+0000] {dag.py:3820} INFO - Setting next_dagrun for example_bash_operator to 2024-01-04T00:00:00+00:00, run_after=2024-01-05T00:00:00+00:00
[2024-01-05T15:22:15.278+0000] {processor.py:183} INFO - Processing /home/eder/Desktop/Airflow/Twitter/venv/lib/python3.9/site-packages/airflow/example_dags/example_bash_operator.py took 0.128 seconds
[2024-01-05T15:23:30.503+0000] {processor.py:161} INFO - Started process (PID=8086) to work on /home/eder/Desktop/Airflow/Twitter/venv/lib/python3.9/site-packages/airflow/example_dags/example_bash_operator.py
[2024-01-05T15:23:30.512+0000] {processor.py:830} INFO - Processing file /home/eder/Desktop/Airflow/Twitter/venv/lib/python3.9/site-packages/airflow/example_dags/example_bash_operator.py for tasks to queue
[2024-01-05T15:23:30.514+0000] {logging_mixin.py:188} INFO - [2024-01-05T15:23:30.513+0000] {dagbag.py:538} INFO - Filling up the DagBag from /home/eder/Desktop/Airflow/Twitter/venv/lib/python3.9/site-packages/airflow/example_dags/example_bash_operator.py
[2024-01-05T15:23:30.532+0000] {processor.py:840} INFO - DAG(s) 'example_bash_operator' retrieved from /home/eder/Desktop/Airflow/Twitter/venv/lib/python3.9/site-packages/airflow/example_dags/example_bash_operator.py
[2024-01-05T15:23:30.564+0000] {logging_mixin.py:188} INFO - [2024-01-05T15:23:30.564+0000] {dag.py:3033} INFO - Sync 1 DAGs
[2024-01-05T15:23:30.587+0000] {logging_mixin.py:188} INFO - [2024-01-05T15:23:30.587+0000] {dag.py:3820} INFO - Setting next_dagrun for example_bash_operator to 2024-01-04T00:00:00+00:00, run_after=2024-01-05T00:00:00+00:00
[2024-01-05T15:23:30.628+0000] {processor.py:183} INFO - Processing /home/eder/Desktop/Airflow/Twitter/venv/lib/python3.9/site-packages/airflow/example_dags/example_bash_operator.py took 0.130 seconds
[2024-01-05T15:24:50.269+0000] {processor.py:161} INFO - Started process (PID=8322) to work on /home/eder/Desktop/Airflow/Twitter/venv/lib/python3.9/site-packages/airflow/example_dags/example_bash_operator.py
[2024-01-05T15:24:50.279+0000] {processor.py:830} INFO - Processing file /home/eder/Desktop/Airflow/Twitter/venv/lib/python3.9/site-packages/airflow/example_dags/example_bash_operator.py for tasks to queue
[2024-01-05T15:24:50.281+0000] {logging_mixin.py:188} INFO - [2024-01-05T15:24:50.280+0000] {dagbag.py:538} INFO - Filling up the DagBag from /home/eder/Desktop/Airflow/Twitter/venv/lib/python3.9/site-packages/airflow/example_dags/example_bash_operator.py
[2024-01-05T15:24:50.298+0000] {processor.py:840} INFO - DAG(s) 'example_bash_operator' retrieved from /home/eder/Desktop/Airflow/Twitter/venv/lib/python3.9/site-packages/airflow/example_dags/example_bash_operator.py
[2024-01-05T15:24:50.336+0000] {logging_mixin.py:188} INFO - [2024-01-05T15:24:50.335+0000] {dag.py:3033} INFO - Sync 1 DAGs
[2024-01-05T15:24:50.366+0000] {logging_mixin.py:188} INFO - [2024-01-05T15:24:50.365+0000] {dag.py:3820} INFO - Setting next_dagrun for example_bash_operator to 2024-01-04T00:00:00+00:00, run_after=2024-01-05T00:00:00+00:00
[2024-01-05T15:24:50.416+0000] {processor.py:183} INFO - Processing /home/eder/Desktop/Airflow/Twitter/venv/lib/python3.9/site-packages/airflow/example_dags/example_bash_operator.py took 0.151 seconds
[2024-01-05T15:26:06.324+0000] {processor.py:161} INFO - Started process (PID=8556) to work on /home/eder/Desktop/Airflow/Twitter/venv/lib/python3.9/site-packages/airflow/example_dags/example_bash_operator.py
[2024-01-05T15:26:06.335+0000] {processor.py:830} INFO - Processing file /home/eder/Desktop/Airflow/Twitter/venv/lib/python3.9/site-packages/airflow/example_dags/example_bash_operator.py for tasks to queue
[2024-01-05T15:26:06.347+0000] {logging_mixin.py:188} INFO - [2024-01-05T15:26:06.337+0000] {dagbag.py:538} INFO - Filling up the DagBag from /home/eder/Desktop/Airflow/Twitter/venv/lib/python3.9/site-packages/airflow/example_dags/example_bash_operator.py
[2024-01-05T15:26:06.366+0000] {processor.py:840} INFO - DAG(s) 'example_bash_operator' retrieved from /home/eder/Desktop/Airflow/Twitter/venv/lib/python3.9/site-packages/airflow/example_dags/example_bash_operator.py
[2024-01-05T15:26:06.402+0000] {logging_mixin.py:188} INFO - [2024-01-05T15:26:06.401+0000] {dag.py:3033} INFO - Sync 1 DAGs
[2024-01-05T15:26:06.448+0000] {logging_mixin.py:188} INFO - [2024-01-05T15:26:06.448+0000] {dag.py:3820} INFO - Setting next_dagrun for example_bash_operator to 2024-01-04T00:00:00+00:00, run_after=2024-01-05T00:00:00+00:00
[2024-01-05T15:26:06.491+0000] {processor.py:183} INFO - Processing /home/eder/Desktop/Airflow/Twitter/venv/lib/python3.9/site-packages/airflow/example_dags/example_bash_operator.py took 0.172 seconds
[2024-01-05T15:27:21.609+0000] {processor.py:161} INFO - Started process (PID=8799) to work on /home/eder/Desktop/Airflow/Twitter/venv/lib/python3.9/site-packages/airflow/example_dags/example_bash_operator.py
[2024-01-05T15:27:21.618+0000] {processor.py:830} INFO - Processing file /home/eder/Desktop/Airflow/Twitter/venv/lib/python3.9/site-packages/airflow/example_dags/example_bash_operator.py for tasks to queue
[2024-01-05T15:27:21.620+0000] {logging_mixin.py:188} INFO - [2024-01-05T15:27:21.619+0000] {dagbag.py:538} INFO - Filling up the DagBag from /home/eder/Desktop/Airflow/Twitter/venv/lib/python3.9/site-packages/airflow/example_dags/example_bash_operator.py
[2024-01-05T15:27:21.635+0000] {processor.py:840} INFO - DAG(s) 'example_bash_operator' retrieved from /home/eder/Desktop/Airflow/Twitter/venv/lib/python3.9/site-packages/airflow/example_dags/example_bash_operator.py
[2024-01-05T15:27:21.665+0000] {logging_mixin.py:188} INFO - [2024-01-05T15:27:21.664+0000] {dag.py:3033} INFO - Sync 1 DAGs
[2024-01-05T15:27:21.686+0000] {logging_mixin.py:188} INFO - [2024-01-05T15:27:21.686+0000] {dag.py:3820} INFO - Setting next_dagrun for example_bash_operator to 2024-01-04T00:00:00+00:00, run_after=2024-01-05T00:00:00+00:00
[2024-01-05T15:27:21.722+0000] {processor.py:183} INFO - Processing /home/eder/Desktop/Airflow/Twitter/venv/lib/python3.9/site-packages/airflow/example_dags/example_bash_operator.py took 0.116 seconds
[2024-01-05T15:28:36.717+0000] {processor.py:161} INFO - Started process (PID=8966) to work on /home/eder/Desktop/Airflow/Twitter/venv/lib/python3.9/site-packages/airflow/example_dags/example_bash_operator.py
[2024-01-05T15:28:36.720+0000] {processor.py:830} INFO - Processing file /home/eder/Desktop/Airflow/Twitter/venv/lib/python3.9/site-packages/airflow/example_dags/example_bash_operator.py for tasks to queue
[2024-01-05T15:28:36.722+0000] {logging_mixin.py:188} INFO - [2024-01-05T15:28:36.721+0000] {dagbag.py:538} INFO - Filling up the DagBag from /home/eder/Desktop/Airflow/Twitter/venv/lib/python3.9/site-packages/airflow/example_dags/example_bash_operator.py
[2024-01-05T15:28:36.741+0000] {processor.py:840} INFO - DAG(s) 'example_bash_operator' retrieved from /home/eder/Desktop/Airflow/Twitter/venv/lib/python3.9/site-packages/airflow/example_dags/example_bash_operator.py
[2024-01-05T15:28:36.774+0000] {logging_mixin.py:188} INFO - [2024-01-05T15:28:36.773+0000] {dag.py:3033} INFO - Sync 1 DAGs
[2024-01-05T15:28:36.796+0000] {logging_mixin.py:188} INFO - [2024-01-05T15:28:36.796+0000] {dag.py:3820} INFO - Setting next_dagrun for example_bash_operator to 2024-01-04T00:00:00+00:00, run_after=2024-01-05T00:00:00+00:00
[2024-01-05T15:28:36.829+0000] {processor.py:183} INFO - Processing /home/eder/Desktop/Airflow/Twitter/venv/lib/python3.9/site-packages/airflow/example_dags/example_bash_operator.py took 0.118 seconds
[2024-01-05T15:29:57.193+0000] {processor.py:161} INFO - Started process (PID=9341) to work on /home/eder/Desktop/Airflow/Twitter/venv/lib/python3.9/site-packages/airflow/example_dags/example_bash_operator.py
[2024-01-05T15:29:57.203+0000] {processor.py:830} INFO - Processing file /home/eder/Desktop/Airflow/Twitter/venv/lib/python3.9/site-packages/airflow/example_dags/example_bash_operator.py for tasks to queue
[2024-01-05T15:29:57.204+0000] {logging_mixin.py:188} INFO - [2024-01-05T15:29:57.204+0000] {dagbag.py:538} INFO - Filling up the DagBag from /home/eder/Desktop/Airflow/Twitter/venv/lib/python3.9/site-packages/airflow/example_dags/example_bash_operator.py
[2024-01-05T15:29:57.223+0000] {processor.py:840} INFO - DAG(s) 'example_bash_operator' retrieved from /home/eder/Desktop/Airflow/Twitter/venv/lib/python3.9/site-packages/airflow/example_dags/example_bash_operator.py
[2024-01-05T15:29:57.253+0000] {logging_mixin.py:188} INFO - [2024-01-05T15:29:57.253+0000] {dag.py:3033} INFO - Sync 1 DAGs
[2024-01-05T15:29:57.281+0000] {logging_mixin.py:188} INFO - [2024-01-05T15:29:57.281+0000] {dag.py:3820} INFO - Setting next_dagrun for example_bash_operator to 2024-01-04T00:00:00+00:00, run_after=2024-01-05T00:00:00+00:00
[2024-01-05T15:29:57.318+0000] {processor.py:183} INFO - Processing /home/eder/Desktop/Airflow/Twitter/venv/lib/python3.9/site-packages/airflow/example_dags/example_bash_operator.py took 0.132 seconds
[2024-01-05T15:31:14.121+0000] {processor.py:161} INFO - Started process (PID=9574) to work on /home/eder/Desktop/Airflow/Twitter/venv/lib/python3.9/site-packages/airflow/example_dags/example_bash_operator.py
[2024-01-05T15:31:14.131+0000] {processor.py:830} INFO - Processing file /home/eder/Desktop/Airflow/Twitter/venv/lib/python3.9/site-packages/airflow/example_dags/example_bash_operator.py for tasks to queue
[2024-01-05T15:31:14.133+0000] {logging_mixin.py:188} INFO - [2024-01-05T15:31:14.132+0000] {dagbag.py:538} INFO - Filling up the DagBag from /home/eder/Desktop/Airflow/Twitter/venv/lib/python3.9/site-packages/airflow/example_dags/example_bash_operator.py
[2024-01-05T15:31:14.156+0000] {processor.py:840} INFO - DAG(s) 'example_bash_operator' retrieved from /home/eder/Desktop/Airflow/Twitter/venv/lib/python3.9/site-packages/airflow/example_dags/example_bash_operator.py
[2024-01-05T15:31:14.189+0000] {logging_mixin.py:188} INFO - [2024-01-05T15:31:14.189+0000] {dag.py:3033} INFO - Sync 1 DAGs
[2024-01-05T15:31:14.210+0000] {logging_mixin.py:188} INFO - [2024-01-05T15:31:14.210+0000] {dag.py:3820} INFO - Setting next_dagrun for example_bash_operator to 2024-01-04T00:00:00+00:00, run_after=2024-01-05T00:00:00+00:00
[2024-01-05T15:31:14.243+0000] {processor.py:183} INFO - Processing /home/eder/Desktop/Airflow/Twitter/venv/lib/python3.9/site-packages/airflow/example_dags/example_bash_operator.py took 0.125 seconds
[2024-01-05T15:32:29.463+0000] {processor.py:161} INFO - Started process (PID=9807) to work on /home/eder/Desktop/Airflow/Twitter/venv/lib/python3.9/site-packages/airflow/example_dags/example_bash_operator.py
[2024-01-05T15:32:29.474+0000] {processor.py:830} INFO - Processing file /home/eder/Desktop/Airflow/Twitter/venv/lib/python3.9/site-packages/airflow/example_dags/example_bash_operator.py for tasks to queue
[2024-01-05T15:32:29.476+0000] {logging_mixin.py:188} INFO - [2024-01-05T15:32:29.475+0000] {dagbag.py:538} INFO - Filling up the DagBag from /home/eder/Desktop/Airflow/Twitter/venv/lib/python3.9/site-packages/airflow/example_dags/example_bash_operator.py
[2024-01-05T15:32:29.493+0000] {processor.py:840} INFO - DAG(s) 'example_bash_operator' retrieved from /home/eder/Desktop/Airflow/Twitter/venv/lib/python3.9/site-packages/airflow/example_dags/example_bash_operator.py
[2024-01-05T15:32:29.524+0000] {logging_mixin.py:188} INFO - [2024-01-05T15:32:29.524+0000] {dag.py:3033} INFO - Sync 1 DAGs
[2024-01-05T15:32:29.545+0000] {logging_mixin.py:188} INFO - [2024-01-05T15:32:29.545+0000] {dag.py:3820} INFO - Setting next_dagrun for example_bash_operator to 2024-01-04T00:00:00+00:00, run_after=2024-01-05T00:00:00+00:00
[2024-01-05T15:32:29.583+0000] {processor.py:183} INFO - Processing /home/eder/Desktop/Airflow/Twitter/venv/lib/python3.9/site-packages/airflow/example_dags/example_bash_operator.py took 0.125 seconds
[2024-01-05T15:33:43.051+0000] {processor.py:161} INFO - Started process (PID=10041) to work on /home/eder/Desktop/Airflow/Twitter/venv/lib/python3.9/site-packages/airflow/example_dags/example_bash_operator.py
[2024-01-05T15:33:43.061+0000] {processor.py:830} INFO - Processing file /home/eder/Desktop/Airflow/Twitter/venv/lib/python3.9/site-packages/airflow/example_dags/example_bash_operator.py for tasks to queue
[2024-01-05T15:33:43.063+0000] {logging_mixin.py:188} INFO - [2024-01-05T15:33:43.062+0000] {dagbag.py:538} INFO - Filling up the DagBag from /home/eder/Desktop/Airflow/Twitter/venv/lib/python3.9/site-packages/airflow/example_dags/example_bash_operator.py
[2024-01-05T15:33:43.079+0000] {processor.py:840} INFO - DAG(s) 'example_bash_operator' retrieved from /home/eder/Desktop/Airflow/Twitter/venv/lib/python3.9/site-packages/airflow/example_dags/example_bash_operator.py
[2024-01-05T15:33:43.110+0000] {logging_mixin.py:188} INFO - [2024-01-05T15:33:43.110+0000] {dag.py:3033} INFO - Sync 1 DAGs
[2024-01-05T15:33:43.133+0000] {logging_mixin.py:188} INFO - [2024-01-05T15:33:43.132+0000] {dag.py:3820} INFO - Setting next_dagrun for example_bash_operator to 2024-01-04T00:00:00+00:00, run_after=2024-01-05T00:00:00+00:00
[2024-01-05T15:33:43.170+0000] {processor.py:183} INFO - Processing /home/eder/Desktop/Airflow/Twitter/venv/lib/python3.9/site-packages/airflow/example_dags/example_bash_operator.py took 0.125 seconds
[2024-01-05T15:34:57.902+0000] {processor.py:161} INFO - Started process (PID=10213) to work on /home/eder/Desktop/Airflow/Twitter/venv/lib/python3.9/site-packages/airflow/example_dags/example_bash_operator.py
[2024-01-05T15:34:57.907+0000] {processor.py:830} INFO - Processing file /home/eder/Desktop/Airflow/Twitter/venv/lib/python3.9/site-packages/airflow/example_dags/example_bash_operator.py for tasks to queue
[2024-01-05T15:34:57.909+0000] {logging_mixin.py:188} INFO - [2024-01-05T15:34:57.908+0000] {dagbag.py:538} INFO - Filling up the DagBag from /home/eder/Desktop/Airflow/Twitter/venv/lib/python3.9/site-packages/airflow/example_dags/example_bash_operator.py
[2024-01-05T15:34:57.934+0000] {processor.py:840} INFO - DAG(s) 'example_bash_operator' retrieved from /home/eder/Desktop/Airflow/Twitter/venv/lib/python3.9/site-packages/airflow/example_dags/example_bash_operator.py
[2024-01-05T15:34:57.963+0000] {logging_mixin.py:188} INFO - [2024-01-05T15:34:57.963+0000] {dag.py:3033} INFO - Sync 1 DAGs
[2024-01-05T15:34:57.984+0000] {logging_mixin.py:188} INFO - [2024-01-05T15:34:57.984+0000] {dag.py:3820} INFO - Setting next_dagrun for example_bash_operator to 2024-01-04T00:00:00+00:00, run_after=2024-01-05T00:00:00+00:00
[2024-01-05T15:34:58.020+0000] {processor.py:183} INFO - Processing /home/eder/Desktop/Airflow/Twitter/venv/lib/python3.9/site-packages/airflow/example_dags/example_bash_operator.py took 0.123 seconds
[2024-01-05T15:36:16.364+0000] {processor.py:161} INFO - Started process (PID=10574) to work on /home/eder/Desktop/Airflow/Twitter/venv/lib/python3.9/site-packages/airflow/example_dags/example_bash_operator.py
[2024-01-05T15:36:16.369+0000] {processor.py:830} INFO - Processing file /home/eder/Desktop/Airflow/Twitter/venv/lib/python3.9/site-packages/airflow/example_dags/example_bash_operator.py for tasks to queue
[2024-01-05T15:36:16.371+0000] {logging_mixin.py:188} INFO - [2024-01-05T15:36:16.371+0000] {dagbag.py:538} INFO - Filling up the DagBag from /home/eder/Desktop/Airflow/Twitter/venv/lib/python3.9/site-packages/airflow/example_dags/example_bash_operator.py
[2024-01-05T15:36:16.388+0000] {processor.py:840} INFO - DAG(s) 'example_bash_operator' retrieved from /home/eder/Desktop/Airflow/Twitter/venv/lib/python3.9/site-packages/airflow/example_dags/example_bash_operator.py
[2024-01-05T15:36:16.420+0000] {logging_mixin.py:188} INFO - [2024-01-05T15:36:16.420+0000] {dag.py:3033} INFO - Sync 1 DAGs
[2024-01-05T15:36:16.442+0000] {logging_mixin.py:188} INFO - [2024-01-05T15:36:16.441+0000] {dag.py:3820} INFO - Setting next_dagrun for example_bash_operator to 2024-01-04T00:00:00+00:00, run_after=2024-01-05T00:00:00+00:00
[2024-01-05T15:36:16.480+0000] {processor.py:183} INFO - Processing /home/eder/Desktop/Airflow/Twitter/venv/lib/python3.9/site-packages/airflow/example_dags/example_bash_operator.py took 0.121 seconds
[2024-01-05T15:37:34.668+0000] {processor.py:161} INFO - Started process (PID=10747) to work on /home/eder/Desktop/Airflow/Twitter/venv/lib/python3.9/site-packages/airflow/example_dags/example_bash_operator.py
[2024-01-05T15:37:34.675+0000] {processor.py:830} INFO - Processing file /home/eder/Desktop/Airflow/Twitter/venv/lib/python3.9/site-packages/airflow/example_dags/example_bash_operator.py for tasks to queue
[2024-01-05T15:37:34.676+0000] {logging_mixin.py:188} INFO - [2024-01-05T15:37:34.676+0000] {dagbag.py:538} INFO - Filling up the DagBag from /home/eder/Desktop/Airflow/Twitter/venv/lib/python3.9/site-packages/airflow/example_dags/example_bash_operator.py
[2024-01-05T15:37:34.693+0000] {processor.py:840} INFO - DAG(s) 'example_bash_operator' retrieved from /home/eder/Desktop/Airflow/Twitter/venv/lib/python3.9/site-packages/airflow/example_dags/example_bash_operator.py
[2024-01-05T15:37:34.721+0000] {logging_mixin.py:188} INFO - [2024-01-05T15:37:34.721+0000] {dag.py:3033} INFO - Sync 1 DAGs
[2024-01-05T15:37:34.742+0000] {logging_mixin.py:188} INFO - [2024-01-05T15:37:34.741+0000] {dag.py:3820} INFO - Setting next_dagrun for example_bash_operator to 2024-01-04T00:00:00+00:00, run_after=2024-01-05T00:00:00+00:00
[2024-01-05T15:37:34.787+0000] {processor.py:183} INFO - Processing /home/eder/Desktop/Airflow/Twitter/venv/lib/python3.9/site-packages/airflow/example_dags/example_bash_operator.py took 0.124 seconds
[2024-01-05T15:38:46.305+0000] {processor.py:161} INFO - Started process (PID=10970) to work on /home/eder/Desktop/Airflow/Twitter/venv/lib/python3.9/site-packages/airflow/example_dags/example_bash_operator.py
[2024-01-05T15:38:46.315+0000] {processor.py:830} INFO - Processing file /home/eder/Desktop/Airflow/Twitter/venv/lib/python3.9/site-packages/airflow/example_dags/example_bash_operator.py for tasks to queue
[2024-01-05T15:38:46.316+0000] {logging_mixin.py:188} INFO - [2024-01-05T15:38:46.316+0000] {dagbag.py:538} INFO - Filling up the DagBag from /home/eder/Desktop/Airflow/Twitter/venv/lib/python3.9/site-packages/airflow/example_dags/example_bash_operator.py
[2024-01-05T15:38:46.334+0000] {processor.py:840} INFO - DAG(s) 'example_bash_operator' retrieved from /home/eder/Desktop/Airflow/Twitter/venv/lib/python3.9/site-packages/airflow/example_dags/example_bash_operator.py
[2024-01-05T15:38:46.365+0000] {logging_mixin.py:188} INFO - [2024-01-05T15:38:46.364+0000] {dag.py:3033} INFO - Sync 1 DAGs
[2024-01-05T15:38:46.388+0000] {logging_mixin.py:188} INFO - [2024-01-05T15:38:46.387+0000] {dag.py:3820} INFO - Setting next_dagrun for example_bash_operator to 2024-01-04T00:00:00+00:00, run_after=2024-01-05T00:00:00+00:00
[2024-01-05T15:38:46.426+0000] {processor.py:183} INFO - Processing /home/eder/Desktop/Airflow/Twitter/venv/lib/python3.9/site-packages/airflow/example_dags/example_bash_operator.py took 0.125 seconds
                                                                                                                                                                                                                                                                                                                                                                                                                                                                                                                                                                                                                                                                                                                                                                                                                                                                                                                                                                                                                                                                                                                                                                                                                                                                                                                                                                                                                                                                                                [2024-01-05T16:31:56.438+0000] {processor.py:161} INFO - Started process (PID=5095) to work on /home/eder/Desktop/Airflow/Twitter/venv/lib/python3.9/site-packages/airflow/example_dags/example_bash_operator.py
[2024-01-05T16:31:56.457+0000] {processor.py:830} INFO - Processing file /home/eder/Desktop/Airflow/Twitter/venv/lib/python3.9/site-packages/airflow/example_dags/example_bash_operator.py for tasks to queue
[2024-01-05T16:31:56.458+0000] {logging_mixin.py:188} INFO - [2024-01-05T16:31:56.458+0000] {dagbag.py:538} INFO - Filling up the DagBag from /home/eder/Desktop/Airflow/Twitter/venv/lib/python3.9/site-packages/airflow/example_dags/example_bash_operator.py
[2024-01-05T16:31:56.488+0000] {processor.py:840} INFO - DAG(s) 'example_bash_operator' retrieved from /home/eder/Desktop/Airflow/Twitter/venv/lib/python3.9/site-packages/airflow/example_dags/example_bash_operator.py
[2024-01-05T16:31:57.554+0000] {logging_mixin.py:188} INFO - [2024-01-05T16:31:57.553+0000] {dag.py:3033} INFO - Sync 1 DAGs
[2024-01-05T16:31:57.863+0000] {logging_mixin.py:188} INFO - [2024-01-05T16:31:57.863+0000] {dag.py:3820} INFO - Setting next_dagrun for example_bash_operator to 2024-01-04T00:00:00+00:00, run_after=2024-01-05T00:00:00+00:00
[2024-01-05T16:31:58.274+0000] {processor.py:183} INFO - Processing /home/eder/Desktop/Airflow/Twitter/venv/lib/python3.9/site-packages/airflow/example_dags/example_bash_operator.py took 1.858 seconds
[2024-01-05T16:33:28.510+0000] {processor.py:161} INFO - Started process (PID=6111) to work on /home/eder/Desktop/Airflow/Twitter/venv/lib/python3.9/site-packages/airflow/example_dags/example_bash_operator.py
[2024-01-05T16:33:28.534+0000] {processor.py:830} INFO - Processing file /home/eder/Desktop/Airflow/Twitter/venv/lib/python3.9/site-packages/airflow/example_dags/example_bash_operator.py for tasks to queue
[2024-01-05T16:33:28.538+0000] {logging_mixin.py:188} INFO - [2024-01-05T16:33:28.536+0000] {dagbag.py:538} INFO - Filling up the DagBag from /home/eder/Desktop/Airflow/Twitter/venv/lib/python3.9/site-packages/airflow/example_dags/example_bash_operator.py
[2024-01-05T16:33:28.551+0000] {processor.py:840} INFO - DAG(s) 'example_bash_operator' retrieved from /home/eder/Desktop/Airflow/Twitter/venv/lib/python3.9/site-packages/airflow/example_dags/example_bash_operator.py
[2024-01-05T16:33:28.580+0000] {logging_mixin.py:188} INFO - [2024-01-05T16:33:28.580+0000] {dag.py:3033} INFO - Sync 1 DAGs
[2024-01-05T16:33:28.628+0000] {logging_mixin.py:188} INFO - [2024-01-05T16:33:28.628+0000] {dag.py:3820} INFO - Setting next_dagrun for example_bash_operator to 2024-01-04T00:00:00+00:00, run_after=2024-01-05T00:00:00+00:00
[2024-01-05T16:33:28.691+0000] {processor.py:183} INFO - Processing /home/eder/Desktop/Airflow/Twitter/venv/lib/python3.9/site-packages/airflow/example_dags/example_bash_operator.py took 0.192 seconds
[2024-01-05T16:38:54.999+0000] {processor.py:161} INFO - Started process (PID=7127) to work on /home/eder/Desktop/Airflow/Twitter/venv/lib/python3.9/site-packages/airflow/example_dags/example_bash_operator.py
[2024-01-05T16:38:55.007+0000] {processor.py:830} INFO - Processing file /home/eder/Desktop/Airflow/Twitter/venv/lib/python3.9/site-packages/airflow/example_dags/example_bash_operator.py for tasks to queue
[2024-01-05T16:38:55.008+0000] {logging_mixin.py:188} INFO - [2024-01-05T16:38:55.008+0000] {dagbag.py:538} INFO - Filling up the DagBag from /home/eder/Desktop/Airflow/Twitter/venv/lib/python3.9/site-packages/airflow/example_dags/example_bash_operator.py
[2024-01-05T16:38:55.018+0000] {processor.py:840} INFO - DAG(s) 'example_bash_operator' retrieved from /home/eder/Desktop/Airflow/Twitter/venv/lib/python3.9/site-packages/airflow/example_dags/example_bash_operator.py
[2024-01-05T16:38:55.091+0000] {logging_mixin.py:188} INFO - [2024-01-05T16:38:55.091+0000] {dag.py:3033} INFO - Sync 1 DAGs
[2024-01-05T16:38:55.104+0000] {logging_mixin.py:188} INFO - [2024-01-05T16:38:55.103+0000] {dag.py:3820} INFO - Setting next_dagrun for example_bash_operator to 2024-01-04T00:00:00+00:00, run_after=2024-01-05T00:00:00+00:00
[2024-01-05T16:38:55.147+0000] {processor.py:183} INFO - Processing /home/eder/Desktop/Airflow/Twitter/venv/lib/python3.9/site-packages/airflow/example_dags/example_bash_operator.py took 0.151 seconds
[2024-01-05T16:40:25.071+0000] {processor.py:161} INFO - Started process (PID=7711) to work on /home/eder/Desktop/Airflow/Twitter/venv/lib/python3.9/site-packages/airflow/example_dags/example_bash_operator.py
[2024-01-05T16:40:25.079+0000] {processor.py:830} INFO - Processing file /home/eder/Desktop/Airflow/Twitter/venv/lib/python3.9/site-packages/airflow/example_dags/example_bash_operator.py for tasks to queue
[2024-01-05T16:40:25.080+0000] {logging_mixin.py:188} INFO - [2024-01-05T16:40:25.079+0000] {dagbag.py:538} INFO - Filling up the DagBag from /home/eder/Desktop/Airflow/Twitter/venv/lib/python3.9/site-packages/airflow/example_dags/example_bash_operator.py
[2024-01-05T16:40:25.092+0000] {processor.py:840} INFO - DAG(s) 'example_bash_operator' retrieved from /home/eder/Desktop/Airflow/Twitter/venv/lib/python3.9/site-packages/airflow/example_dags/example_bash_operator.py
[2024-01-05T16:40:25.111+0000] {logging_mixin.py:188} INFO - [2024-01-05T16:40:25.110+0000] {dag.py:3033} INFO - Sync 1 DAGs
[2024-01-05T16:40:25.125+0000] {logging_mixin.py:188} INFO - [2024-01-05T16:40:25.125+0000] {dag.py:3820} INFO - Setting next_dagrun for example_bash_operator to 2024-01-04T00:00:00+00:00, run_after=2024-01-05T00:00:00+00:00
[2024-01-05T16:40:25.176+0000] {processor.py:183} INFO - Processing /home/eder/Desktop/Airflow/Twitter/venv/lib/python3.9/site-packages/airflow/example_dags/example_bash_operator.py took 0.107 seconds
[2024-01-05T16:41:42.328+0000] {processor.py:161} INFO - Started process (PID=7905) to work on /home/eder/Desktop/Airflow/Twitter/venv/lib/python3.9/site-packages/airflow/example_dags/example_bash_operator.py
[2024-01-05T16:41:42.342+0000] {processor.py:830} INFO - Processing file /home/eder/Desktop/Airflow/Twitter/venv/lib/python3.9/site-packages/airflow/example_dags/example_bash_operator.py for tasks to queue
[2024-01-05T16:41:42.344+0000] {logging_mixin.py:188} INFO - [2024-01-05T16:41:42.343+0000] {dagbag.py:538} INFO - Filling up the DagBag from /home/eder/Desktop/Airflow/Twitter/venv/lib/python3.9/site-packages/airflow/example_dags/example_bash_operator.py
[2024-01-05T16:41:42.367+0000] {processor.py:840} INFO - DAG(s) 'example_bash_operator' retrieved from /home/eder/Desktop/Airflow/Twitter/venv/lib/python3.9/site-packages/airflow/example_dags/example_bash_operator.py
[2024-01-05T16:41:42.396+0000] {logging_mixin.py:188} INFO - [2024-01-05T16:41:42.396+0000] {dag.py:3033} INFO - Sync 1 DAGs
[2024-01-05T16:41:42.412+0000] {logging_mixin.py:188} INFO - [2024-01-05T16:41:42.412+0000] {dag.py:3820} INFO - Setting next_dagrun for example_bash_operator to 2024-01-04T00:00:00+00:00, run_after=2024-01-05T00:00:00+00:00
[2024-01-05T16:41:42.484+0000] {processor.py:183} INFO - Processing /home/eder/Desktop/Airflow/Twitter/venv/lib/python3.9/site-packages/airflow/example_dags/example_bash_operator.py took 0.162 seconds
[2024-01-05T16:42:41.370+0000] {processor.py:161} INFO - Started process (PID=8082) to work on /home/eder/Desktop/Airflow/Twitter/venv/lib/python3.9/site-packages/airflow/example_dags/example_bash_operator.py
[2024-01-05T16:42:41.372+0000] {processor.py:830} INFO - Processing file /home/eder/Desktop/Airflow/Twitter/venv/lib/python3.9/site-packages/airflow/example_dags/example_bash_operator.py for tasks to queue
[2024-01-05T16:42:41.373+0000] {logging_mixin.py:188} INFO - [2024-01-05T16:42:41.373+0000] {dagbag.py:538} INFO - Filling up the DagBag from /home/eder/Desktop/Airflow/Twitter/venv/lib/python3.9/site-packages/airflow/example_dags/example_bash_operator.py
[2024-01-05T16:42:41.382+0000] {processor.py:840} INFO - DAG(s) 'example_bash_operator' retrieved from /home/eder/Desktop/Airflow/Twitter/venv/lib/python3.9/site-packages/airflow/example_dags/example_bash_operator.py
[2024-01-05T16:42:41.400+0000] {logging_mixin.py:188} INFO - [2024-01-05T16:42:41.400+0000] {dag.py:3033} INFO - Sync 1 DAGs
[2024-01-05T16:42:41.414+0000] {logging_mixin.py:188} INFO - [2024-01-05T16:42:41.414+0000] {dag.py:3820} INFO - Setting next_dagrun for example_bash_operator to 2024-01-04T00:00:00+00:00, run_after=2024-01-05T00:00:00+00:00
[2024-01-05T16:42:41.435+0000] {processor.py:183} INFO - Processing /home/eder/Desktop/Airflow/Twitter/venv/lib/python3.9/site-packages/airflow/example_dags/example_bash_operator.py took 0.069 seconds
[2024-01-05T16:44:04.434+0000] {processor.py:161} INFO - Started process (PID=8414) to work on /home/eder/Desktop/Airflow/Twitter/venv/lib/python3.9/site-packages/airflow/example_dags/example_bash_operator.py
[2024-01-05T16:44:04.461+0000] {processor.py:830} INFO - Processing file /home/eder/Desktop/Airflow/Twitter/venv/lib/python3.9/site-packages/airflow/example_dags/example_bash_operator.py for tasks to queue
[2024-01-05T16:44:04.462+0000] {logging_mixin.py:188} INFO - [2024-01-05T16:44:04.461+0000] {dagbag.py:538} INFO - Filling up the DagBag from /home/eder/Desktop/Airflow/Twitter/venv/lib/python3.9/site-packages/airflow/example_dags/example_bash_operator.py
[2024-01-05T16:44:04.479+0000] {processor.py:840} INFO - DAG(s) 'example_bash_operator' retrieved from /home/eder/Desktop/Airflow/Twitter/venv/lib/python3.9/site-packages/airflow/example_dags/example_bash_operator.py
[2024-01-05T16:44:04.527+0000] {logging_mixin.py:188} INFO - [2024-01-05T16:44:04.527+0000] {dag.py:3033} INFO - Sync 1 DAGs
[2024-01-05T16:44:04.566+0000] {logging_mixin.py:188} INFO - [2024-01-05T16:44:04.564+0000] {dag.py:3820} INFO - Setting next_dagrun for example_bash_operator to 2024-01-04T00:00:00+00:00, run_after=2024-01-05T00:00:00+00:00
[2024-01-05T16:44:04.846+0000] {processor.py:183} INFO - Processing /home/eder/Desktop/Airflow/Twitter/venv/lib/python3.9/site-packages/airflow/example_dags/example_bash_operator.py took 0.418 seconds
[2024-01-05T16:53:11.323+0000] {processor.py:161} INFO - Started process (PID=16616) to work on /home/eder/Desktop/Airflow/Twitter/venv/lib/python3.9/site-packages/airflow/example_dags/example_bash_operator.py
[2024-01-05T16:53:11.338+0000] {processor.py:830} INFO - Processing file /home/eder/Desktop/Airflow/Twitter/venv/lib/python3.9/site-packages/airflow/example_dags/example_bash_operator.py for tasks to queue
[2024-01-05T16:53:11.340+0000] {logging_mixin.py:188} INFO - [2024-01-05T16:53:11.339+0000] {dagbag.py:538} INFO - Filling up the DagBag from /home/eder/Desktop/Airflow/Twitter/venv/lib/python3.9/site-packages/airflow/example_dags/example_bash_operator.py
[2024-01-05T16:53:11.375+0000] {processor.py:840} INFO - DAG(s) 'example_bash_operator' retrieved from /home/eder/Desktop/Airflow/Twitter/venv/lib/python3.9/site-packages/airflow/example_dags/example_bash_operator.py
[2024-01-05T16:53:11.420+0000] {logging_mixin.py:188} INFO - [2024-01-05T16:53:11.420+0000] {dag.py:3033} INFO - Sync 1 DAGs
[2024-01-05T16:53:11.452+0000] {logging_mixin.py:188} INFO - [2024-01-05T16:53:11.452+0000] {dag.py:3820} INFO - Setting next_dagrun for example_bash_operator to 2024-01-04T00:00:00+00:00, run_after=2024-01-05T00:00:00+00:00
[2024-01-05T16:53:11.640+0000] {processor.py:183} INFO - Processing /home/eder/Desktop/Airflow/Twitter/venv/lib/python3.9/site-packages/airflow/example_dags/example_bash_operator.py took 0.321 seconds
[2024-01-05T16:54:10.578+0000] {processor.py:161} INFO - Started process (PID=16823) to work on /home/eder/Desktop/Airflow/Twitter/venv/lib/python3.9/site-packages/airflow/example_dags/example_bash_operator.py
[2024-01-05T16:54:10.600+0000] {processor.py:830} INFO - Processing file /home/eder/Desktop/Airflow/Twitter/venv/lib/python3.9/site-packages/airflow/example_dags/example_bash_operator.py for tasks to queue
[2024-01-05T16:54:10.603+0000] {logging_mixin.py:188} INFO - [2024-01-05T16:54:10.603+0000] {dagbag.py:538} INFO - Filling up the DagBag from /home/eder/Desktop/Airflow/Twitter/venv/lib/python3.9/site-packages/airflow/example_dags/example_bash_operator.py
[2024-01-05T16:54:10.632+0000] {processor.py:840} INFO - DAG(s) 'example_bash_operator' retrieved from /home/eder/Desktop/Airflow/Twitter/venv/lib/python3.9/site-packages/airflow/example_dags/example_bash_operator.py
[2024-01-05T16:54:10.690+0000] {logging_mixin.py:188} INFO - [2024-01-05T16:54:10.688+0000] {dag.py:3033} INFO - Sync 1 DAGs
[2024-01-05T16:54:10.728+0000] {logging_mixin.py:188} INFO - [2024-01-05T16:54:10.728+0000] {dag.py:3820} INFO - Setting next_dagrun for example_bash_operator to 2024-01-04T00:00:00+00:00, run_after=2024-01-05T00:00:00+00:00
[2024-01-05T16:54:10.875+0000] {processor.py:183} INFO - Processing /home/eder/Desktop/Airflow/Twitter/venv/lib/python3.9/site-packages/airflow/example_dags/example_bash_operator.py took 0.303 seconds
[2024-01-05T16:55:34.103+0000] {processor.py:161} INFO - Started process (PID=17091) to work on /home/eder/Desktop/Airflow/Twitter/venv/lib/python3.9/site-packages/airflow/example_dags/example_bash_operator.py
[2024-01-05T16:55:34.106+0000] {processor.py:830} INFO - Processing file /home/eder/Desktop/Airflow/Twitter/venv/lib/python3.9/site-packages/airflow/example_dags/example_bash_operator.py for tasks to queue
[2024-01-05T16:55:34.107+0000] {logging_mixin.py:188} INFO - [2024-01-05T16:55:34.106+0000] {dagbag.py:538} INFO - Filling up the DagBag from /home/eder/Desktop/Airflow/Twitter/venv/lib/python3.9/site-packages/airflow/example_dags/example_bash_operator.py
[2024-01-05T16:55:34.115+0000] {processor.py:840} INFO - DAG(s) 'example_bash_operator' retrieved from /home/eder/Desktop/Airflow/Twitter/venv/lib/python3.9/site-packages/airflow/example_dags/example_bash_operator.py
[2024-01-05T16:55:34.143+0000] {logging_mixin.py:188} INFO - [2024-01-05T16:55:34.143+0000] {dag.py:3033} INFO - Sync 1 DAGs
[2024-01-05T16:55:34.172+0000] {logging_mixin.py:188} INFO - [2024-01-05T16:55:34.172+0000] {dag.py:3820} INFO - Setting next_dagrun for example_bash_operator to 2024-01-04T00:00:00+00:00, run_after=2024-01-05T00:00:00+00:00
[2024-01-05T16:55:34.314+0000] {processor.py:183} INFO - Processing /home/eder/Desktop/Airflow/Twitter/venv/lib/python3.9/site-packages/airflow/example_dags/example_bash_operator.py took 0.215 seconds
[2024-01-05T16:56:33.331+0000] {processor.py:161} INFO - Started process (PID=17246) to work on /home/eder/Desktop/Airflow/Twitter/venv/lib/python3.9/site-packages/airflow/example_dags/example_bash_operator.py
[2024-01-05T16:56:33.338+0000] {processor.py:830} INFO - Processing file /home/eder/Desktop/Airflow/Twitter/venv/lib/python3.9/site-packages/airflow/example_dags/example_bash_operator.py for tasks to queue
[2024-01-05T16:56:33.339+0000] {logging_mixin.py:188} INFO - [2024-01-05T16:56:33.339+0000] {dagbag.py:538} INFO - Filling up the DagBag from /home/eder/Desktop/Airflow/Twitter/venv/lib/python3.9/site-packages/airflow/example_dags/example_bash_operator.py
[2024-01-05T16:56:33.348+0000] {processor.py:840} INFO - DAG(s) 'example_bash_operator' retrieved from /home/eder/Desktop/Airflow/Twitter/venv/lib/python3.9/site-packages/airflow/example_dags/example_bash_operator.py
[2024-01-05T16:56:33.371+0000] {logging_mixin.py:188} INFO - [2024-01-05T16:56:33.370+0000] {dag.py:3033} INFO - Sync 1 DAGs
[2024-01-05T16:56:33.386+0000] {logging_mixin.py:188} INFO - [2024-01-05T16:56:33.385+0000] {dag.py:3820} INFO - Setting next_dagrun for example_bash_operator to 2024-01-04T00:00:00+00:00, run_after=2024-01-05T00:00:00+00:00
[2024-01-05T16:56:33.422+0000] {processor.py:183} INFO - Processing /home/eder/Desktop/Airflow/Twitter/venv/lib/python3.9/site-packages/airflow/example_dags/example_bash_operator.py took 0.094 seconds
[2024-01-05T16:57:40.142+0000] {processor.py:161} INFO - Started process (PID=17434) to work on /home/eder/Desktop/Airflow/Twitter/venv/lib/python3.9/site-packages/airflow/example_dags/example_bash_operator.py
[2024-01-05T16:57:40.159+0000] {processor.py:830} INFO - Processing file /home/eder/Desktop/Airflow/Twitter/venv/lib/python3.9/site-packages/airflow/example_dags/example_bash_operator.py for tasks to queue
[2024-01-05T16:57:40.163+0000] {logging_mixin.py:188} INFO - [2024-01-05T16:57:40.160+0000] {dagbag.py:538} INFO - Filling up the DagBag from /home/eder/Desktop/Airflow/Twitter/venv/lib/python3.9/site-packages/airflow/example_dags/example_bash_operator.py
[2024-01-05T16:57:40.187+0000] {processor.py:840} INFO - DAG(s) 'example_bash_operator' retrieved from /home/eder/Desktop/Airflow/Twitter/venv/lib/python3.9/site-packages/airflow/example_dags/example_bash_operator.py
[2024-01-05T16:57:40.240+0000] {logging_mixin.py:188} INFO - [2024-01-05T16:57:40.240+0000] {dag.py:3033} INFO - Sync 1 DAGs
[2024-01-05T16:57:40.295+0000] {logging_mixin.py:188} INFO - [2024-01-05T16:57:40.292+0000] {dag.py:3820} INFO - Setting next_dagrun for example_bash_operator to 2024-01-04T00:00:00+00:00, run_after=2024-01-05T00:00:00+00:00
[2024-01-05T16:57:40.440+0000] {processor.py:183} INFO - Processing /home/eder/Desktop/Airflow/Twitter/venv/lib/python3.9/site-packages/airflow/example_dags/example_bash_operator.py took 0.303 seconds
[2024-01-05T16:58:39.448+0000] {processor.py:161} INFO - Started process (PID=17661) to work on /home/eder/Desktop/Airflow/Twitter/venv/lib/python3.9/site-packages/airflow/example_dags/example_bash_operator.py
[2024-01-05T16:58:39.467+0000] {processor.py:830} INFO - Processing file /home/eder/Desktop/Airflow/Twitter/venv/lib/python3.9/site-packages/airflow/example_dags/example_bash_operator.py for tasks to queue
[2024-01-05T16:58:39.468+0000] {logging_mixin.py:188} INFO - [2024-01-05T16:58:39.467+0000] {dagbag.py:538} INFO - Filling up the DagBag from /home/eder/Desktop/Airflow/Twitter/venv/lib/python3.9/site-packages/airflow/example_dags/example_bash_operator.py
[2024-01-05T16:58:39.488+0000] {processor.py:840} INFO - DAG(s) 'example_bash_operator' retrieved from /home/eder/Desktop/Airflow/Twitter/venv/lib/python3.9/site-packages/airflow/example_dags/example_bash_operator.py
[2024-01-05T16:58:39.519+0000] {logging_mixin.py:188} INFO - [2024-01-05T16:58:39.519+0000] {dag.py:3033} INFO - Sync 1 DAGs
[2024-01-05T16:58:39.543+0000] {logging_mixin.py:188} INFO - [2024-01-05T16:58:39.543+0000] {dag.py:3820} INFO - Setting next_dagrun for example_bash_operator to 2024-01-04T00:00:00+00:00, run_after=2024-01-05T00:00:00+00:00
[2024-01-05T16:58:39.659+0000] {processor.py:183} INFO - Processing /home/eder/Desktop/Airflow/Twitter/venv/lib/python3.9/site-packages/airflow/example_dags/example_bash_operator.py took 0.218 seconds
[2024-01-05T16:59:41.526+0000] {processor.py:161} INFO - Started process (PID=17823) to work on /home/eder/Desktop/Airflow/Twitter/venv/lib/python3.9/site-packages/airflow/example_dags/example_bash_operator.py
[2024-01-05T16:59:41.533+0000] {processor.py:830} INFO - Processing file /home/eder/Desktop/Airflow/Twitter/venv/lib/python3.9/site-packages/airflow/example_dags/example_bash_operator.py for tasks to queue
[2024-01-05T16:59:41.534+0000] {logging_mixin.py:188} INFO - [2024-01-05T16:59:41.534+0000] {dagbag.py:538} INFO - Filling up the DagBag from /home/eder/Desktop/Airflow/Twitter/venv/lib/python3.9/site-packages/airflow/example_dags/example_bash_operator.py
[2024-01-05T16:59:41.550+0000] {processor.py:840} INFO - DAG(s) 'example_bash_operator' retrieved from /home/eder/Desktop/Airflow/Twitter/venv/lib/python3.9/site-packages/airflow/example_dags/example_bash_operator.py
[2024-01-05T16:59:41.572+0000] {logging_mixin.py:188} INFO - [2024-01-05T16:59:41.568+0000] {dag.py:3033} INFO - Sync 1 DAGs
[2024-01-05T16:59:41.587+0000] {logging_mixin.py:188} INFO - [2024-01-05T16:59:41.587+0000] {dag.py:3820} INFO - Setting next_dagrun for example_bash_operator to 2024-01-04T00:00:00+00:00, run_after=2024-01-05T00:00:00+00:00
[2024-01-05T16:59:41.616+0000] {processor.py:183} INFO - Processing /home/eder/Desktop/Airflow/Twitter/venv/lib/python3.9/site-packages/airflow/example_dags/example_bash_operator.py took 0.093 seconds
[2024-01-05T17:00:47.499+0000] {processor.py:161} INFO - Started process (PID=18001) to work on /home/eder/Desktop/Airflow/Twitter/venv/lib/python3.9/site-packages/airflow/example_dags/example_bash_operator.py
[2024-01-05T17:00:47.513+0000] {processor.py:830} INFO - Processing file /home/eder/Desktop/Airflow/Twitter/venv/lib/python3.9/site-packages/airflow/example_dags/example_bash_operator.py for tasks to queue
[2024-01-05T17:00:47.514+0000] {logging_mixin.py:188} INFO - [2024-01-05T17:00:47.513+0000] {dagbag.py:538} INFO - Filling up the DagBag from /home/eder/Desktop/Airflow/Twitter/venv/lib/python3.9/site-packages/airflow/example_dags/example_bash_operator.py
[2024-01-05T17:00:47.526+0000] {processor.py:840} INFO - DAG(s) 'example_bash_operator' retrieved from /home/eder/Desktop/Airflow/Twitter/venv/lib/python3.9/site-packages/airflow/example_dags/example_bash_operator.py
[2024-01-05T17:00:47.567+0000] {logging_mixin.py:188} INFO - [2024-01-05T17:00:47.567+0000] {dag.py:3033} INFO - Sync 1 DAGs
[2024-01-05T17:00:47.596+0000] {logging_mixin.py:188} INFO - [2024-01-05T17:00:47.596+0000] {dag.py:3820} INFO - Setting next_dagrun for example_bash_operator to 2024-01-04T00:00:00+00:00, run_after=2024-01-05T00:00:00+00:00
[2024-01-05T17:00:47.796+0000] {processor.py:183} INFO - Processing /home/eder/Desktop/Airflow/Twitter/venv/lib/python3.9/site-packages/airflow/example_dags/example_bash_operator.py took 0.309 seconds
[2024-01-05T17:01:50.892+0000] {processor.py:161} INFO - Started process (PID=18181) to work on /home/eder/Desktop/Airflow/Twitter/venv/lib/python3.9/site-packages/airflow/example_dags/example_bash_operator.py
[2024-01-05T17:01:50.904+0000] {processor.py:830} INFO - Processing file /home/eder/Desktop/Airflow/Twitter/venv/lib/python3.9/site-packages/airflow/example_dags/example_bash_operator.py for tasks to queue
[2024-01-05T17:01:50.905+0000] {logging_mixin.py:188} INFO - [2024-01-05T17:01:50.905+0000] {dagbag.py:538} INFO - Filling up the DagBag from /home/eder/Desktop/Airflow/Twitter/venv/lib/python3.9/site-packages/airflow/example_dags/example_bash_operator.py
[2024-01-05T17:01:50.927+0000] {processor.py:840} INFO - DAG(s) 'example_bash_operator' retrieved from /home/eder/Desktop/Airflow/Twitter/venv/lib/python3.9/site-packages/airflow/example_dags/example_bash_operator.py
[2024-01-05T17:01:50.963+0000] {logging_mixin.py:188} INFO - [2024-01-05T17:01:50.963+0000] {dag.py:3033} INFO - Sync 1 DAGs
[2024-01-05T17:01:50.979+0000] {logging_mixin.py:188} INFO - [2024-01-05T17:01:50.979+0000] {dag.py:3820} INFO - Setting next_dagrun for example_bash_operator to 2024-01-04T00:00:00+00:00, run_after=2024-01-05T00:00:00+00:00
[2024-01-05T17:01:51.096+0000] {processor.py:183} INFO - Processing /home/eder/Desktop/Airflow/Twitter/venv/lib/python3.9/site-packages/airflow/example_dags/example_bash_operator.py took 0.209 seconds
[2024-01-05T17:02:51.958+0000] {processor.py:161} INFO - Started process (PID=18353) to work on /home/eder/Desktop/Airflow/Twitter/venv/lib/python3.9/site-packages/airflow/example_dags/example_bash_operator.py
[2024-01-05T17:02:51.961+0000] {processor.py:830} INFO - Processing file /home/eder/Desktop/Airflow/Twitter/venv/lib/python3.9/site-packages/airflow/example_dags/example_bash_operator.py for tasks to queue
[2024-01-05T17:02:51.962+0000] {logging_mixin.py:188} INFO - [2024-01-05T17:02:51.961+0000] {dagbag.py:538} INFO - Filling up the DagBag from /home/eder/Desktop/Airflow/Twitter/venv/lib/python3.9/site-packages/airflow/example_dags/example_bash_operator.py
[2024-01-05T17:02:51.972+0000] {processor.py:840} INFO - DAG(s) 'example_bash_operator' retrieved from /home/eder/Desktop/Airflow/Twitter/venv/lib/python3.9/site-packages/airflow/example_dags/example_bash_operator.py
[2024-01-05T17:02:51.992+0000] {logging_mixin.py:188} INFO - [2024-01-05T17:02:51.992+0000] {dag.py:3033} INFO - Sync 1 DAGs
[2024-01-05T17:02:52.006+0000] {logging_mixin.py:188} INFO - [2024-01-05T17:02:52.006+0000] {dag.py:3820} INFO - Setting next_dagrun for example_bash_operator to 2024-01-04T00:00:00+00:00, run_after=2024-01-05T00:00:00+00:00
[2024-01-05T17:02:52.050+0000] {processor.py:183} INFO - Processing /home/eder/Desktop/Airflow/Twitter/venv/lib/python3.9/site-packages/airflow/example_dags/example_bash_operator.py took 0.096 seconds
[2024-01-05T17:03:52.358+0000] {processor.py:161} INFO - Started process (PID=18595) to work on /home/eder/Desktop/Airflow/Twitter/venv/lib/python3.9/site-packages/airflow/example_dags/example_bash_operator.py
[2024-01-05T17:03:52.380+0000] {processor.py:830} INFO - Processing file /home/eder/Desktop/Airflow/Twitter/venv/lib/python3.9/site-packages/airflow/example_dags/example_bash_operator.py for tasks to queue
[2024-01-05T17:03:52.383+0000] {logging_mixin.py:188} INFO - [2024-01-05T17:03:52.380+0000] {dagbag.py:538} INFO - Filling up the DagBag from /home/eder/Desktop/Airflow/Twitter/venv/lib/python3.9/site-packages/airflow/example_dags/example_bash_operator.py
[2024-01-05T17:03:52.406+0000] {processor.py:840} INFO - DAG(s) 'example_bash_operator' retrieved from /home/eder/Desktop/Airflow/Twitter/venv/lib/python3.9/site-packages/airflow/example_dags/example_bash_operator.py
[2024-01-05T17:03:52.434+0000] {logging_mixin.py:188} INFO - [2024-01-05T17:03:52.432+0000] {dag.py:3033} INFO - Sync 1 DAGs
[2024-01-05T17:03:52.459+0000] {logging_mixin.py:188} INFO - [2024-01-05T17:03:52.459+0000] {dag.py:3820} INFO - Setting next_dagrun for example_bash_operator to 2024-01-04T00:00:00+00:00, run_after=2024-01-05T00:00:00+00:00
[2024-01-05T17:03:52.689+0000] {processor.py:183} INFO - Processing /home/eder/Desktop/Airflow/Twitter/venv/lib/python3.9/site-packages/airflow/example_dags/example_bash_operator.py took 0.338 seconds
[2024-01-05T17:04:48.130+0000] {processor.py:161} INFO - Started process (PID=18744) to work on /home/eder/Desktop/Airflow/Twitter/venv/lib/python3.9/site-packages/airflow/example_dags/example_bash_operator.py
[2024-01-05T17:04:48.170+0000] {processor.py:830} INFO - Processing file /home/eder/Desktop/Airflow/Twitter/venv/lib/python3.9/site-packages/airflow/example_dags/example_bash_operator.py for tasks to queue
[2024-01-05T17:04:48.176+0000] {logging_mixin.py:188} INFO - [2024-01-05T17:04:48.175+0000] {dagbag.py:538} INFO - Filling up the DagBag from /home/eder/Desktop/Airflow/Twitter/venv/lib/python3.9/site-packages/airflow/example_dags/example_bash_operator.py
[2024-01-05T17:04:48.208+0000] {processor.py:840} INFO - DAG(s) 'example_bash_operator' retrieved from /home/eder/Desktop/Airflow/Twitter/venv/lib/python3.9/site-packages/airflow/example_dags/example_bash_operator.py
[2024-01-05T17:04:48.249+0000] {logging_mixin.py:188} INFO - [2024-01-05T17:04:48.248+0000] {dag.py:3033} INFO - Sync 1 DAGs
[2024-01-05T17:04:48.275+0000] {logging_mixin.py:188} INFO - [2024-01-05T17:04:48.275+0000] {dag.py:3820} INFO - Setting next_dagrun for example_bash_operator to 2024-01-04T00:00:00+00:00, run_after=2024-01-05T00:00:00+00:00
[2024-01-05T17:04:48.341+0000] {processor.py:183} INFO - Processing /home/eder/Desktop/Airflow/Twitter/venv/lib/python3.9/site-packages/airflow/example_dags/example_bash_operator.py took 0.221 seconds
[2024-01-05T17:05:53.984+0000] {processor.py:161} INFO - Started process (PID=18923) to work on /home/eder/Desktop/Airflow/Twitter/venv/lib/python3.9/site-packages/airflow/example_dags/example_bash_operator.py
[2024-01-05T17:05:53.993+0000] {processor.py:830} INFO - Processing file /home/eder/Desktop/Airflow/Twitter/venv/lib/python3.9/site-packages/airflow/example_dags/example_bash_operator.py for tasks to queue
[2024-01-05T17:05:53.994+0000] {logging_mixin.py:188} INFO - [2024-01-05T17:05:53.994+0000] {dagbag.py:538} INFO - Filling up the DagBag from /home/eder/Desktop/Airflow/Twitter/venv/lib/python3.9/site-packages/airflow/example_dags/example_bash_operator.py
[2024-01-05T17:05:54.003+0000] {processor.py:840} INFO - DAG(s) 'example_bash_operator' retrieved from /home/eder/Desktop/Airflow/Twitter/venv/lib/python3.9/site-packages/airflow/example_dags/example_bash_operator.py
[2024-01-05T17:05:54.020+0000] {logging_mixin.py:188} INFO - [2024-01-05T17:05:54.020+0000] {dag.py:3033} INFO - Sync 1 DAGs
[2024-01-05T17:05:54.034+0000] {logging_mixin.py:188} INFO - [2024-01-05T17:05:54.034+0000] {dag.py:3820} INFO - Setting next_dagrun for example_bash_operator to 2024-01-04T00:00:00+00:00, run_after=2024-01-05T00:00:00+00:00
[2024-01-05T17:05:54.068+0000] {processor.py:183} INFO - Processing /home/eder/Desktop/Airflow/Twitter/venv/lib/python3.9/site-packages/airflow/example_dags/example_bash_operator.py took 0.087 seconds
[2024-01-05T17:07:06.087+0000] {processor.py:161} INFO - Started process (PID=19120) to work on /home/eder/Desktop/Airflow/Twitter/venv/lib/python3.9/site-packages/airflow/example_dags/example_bash_operator.py
[2024-01-05T17:07:06.095+0000] {processor.py:830} INFO - Processing file /home/eder/Desktop/Airflow/Twitter/venv/lib/python3.9/site-packages/airflow/example_dags/example_bash_operator.py for tasks to queue
[2024-01-05T17:07:06.095+0000] {logging_mixin.py:188} INFO - [2024-01-05T17:07:06.095+0000] {dagbag.py:538} INFO - Filling up the DagBag from /home/eder/Desktop/Airflow/Twitter/venv/lib/python3.9/site-packages/airflow/example_dags/example_bash_operator.py
[2024-01-05T17:07:06.108+0000] {processor.py:840} INFO - DAG(s) 'example_bash_operator' retrieved from /home/eder/Desktop/Airflow/Twitter/venv/lib/python3.9/site-packages/airflow/example_dags/example_bash_operator.py
[2024-01-05T17:07:06.127+0000] {logging_mixin.py:188} INFO - [2024-01-05T17:07:06.125+0000] {dag.py:3033} INFO - Sync 1 DAGs
[2024-01-05T17:07:06.142+0000] {logging_mixin.py:188} INFO - [2024-01-05T17:07:06.142+0000] {dag.py:3820} INFO - Setting next_dagrun for example_bash_operator to 2024-01-04T00:00:00+00:00, run_after=2024-01-05T00:00:00+00:00
[2024-01-05T17:07:06.170+0000] {processor.py:183} INFO - Processing /home/eder/Desktop/Airflow/Twitter/venv/lib/python3.9/site-packages/airflow/example_dags/example_bash_operator.py took 0.087 seconds
[2024-01-05T17:08:10.517+0000] {processor.py:161} INFO - Started process (PID=19297) to work on /home/eder/Desktop/Airflow/Twitter/venv/lib/python3.9/site-packages/airflow/example_dags/example_bash_operator.py
[2024-01-05T17:08:10.526+0000] {processor.py:830} INFO - Processing file /home/eder/Desktop/Airflow/Twitter/venv/lib/python3.9/site-packages/airflow/example_dags/example_bash_operator.py for tasks to queue
[2024-01-05T17:08:10.527+0000] {logging_mixin.py:188} INFO - [2024-01-05T17:08:10.527+0000] {dagbag.py:538} INFO - Filling up the DagBag from /home/eder/Desktop/Airflow/Twitter/venv/lib/python3.9/site-packages/airflow/example_dags/example_bash_operator.py
[2024-01-05T17:08:10.535+0000] {processor.py:840} INFO - DAG(s) 'example_bash_operator' retrieved from /home/eder/Desktop/Airflow/Twitter/venv/lib/python3.9/site-packages/airflow/example_dags/example_bash_operator.py
[2024-01-05T17:08:10.553+0000] {logging_mixin.py:188} INFO - [2024-01-05T17:08:10.553+0000] {dag.py:3033} INFO - Sync 1 DAGs
[2024-01-05T17:08:10.566+0000] {logging_mixin.py:188} INFO - [2024-01-05T17:08:10.566+0000] {dag.py:3820} INFO - Setting next_dagrun for example_bash_operator to 2024-01-04T00:00:00+00:00, run_after=2024-01-05T00:00:00+00:00
[2024-01-05T17:08:10.594+0000] {processor.py:183} INFO - Processing /home/eder/Desktop/Airflow/Twitter/venv/lib/python3.9/site-packages/airflow/example_dags/example_bash_operator.py took 0.079 seconds
[2024-01-05T17:37:16.410+0000] {processor.py:161} INFO - Started process (PID=20706) to work on /home/eder/Desktop/Airflow/Twitter/venv/lib/python3.9/site-packages/airflow/example_dags/example_bash_operator.py
[2024-01-05T17:37:16.418+0000] {processor.py:830} INFO - Processing file /home/eder/Desktop/Airflow/Twitter/venv/lib/python3.9/site-packages/airflow/example_dags/example_bash_operator.py for tasks to queue
[2024-01-05T17:37:16.420+0000] {logging_mixin.py:188} INFO - [2024-01-05T17:37:16.419+0000] {dagbag.py:538} INFO - Filling up the DagBag from /home/eder/Desktop/Airflow/Twitter/venv/lib/python3.9/site-packages/airflow/example_dags/example_bash_operator.py
[2024-01-05T17:37:16.429+0000] {processor.py:840} INFO - DAG(s) 'example_bash_operator' retrieved from /home/eder/Desktop/Airflow/Twitter/venv/lib/python3.9/site-packages/airflow/example_dags/example_bash_operator.py
[2024-01-05T17:37:16.504+0000] {logging_mixin.py:188} INFO - [2024-01-05T17:37:16.503+0000] {dag.py:3033} INFO - Sync 1 DAGs
[2024-01-05T17:37:16.517+0000] {logging_mixin.py:188} INFO - [2024-01-05T17:37:16.516+0000] {dag.py:3820} INFO - Setting next_dagrun for example_bash_operator to 2024-01-04T00:00:00+00:00, run_after=2024-01-05T00:00:00+00:00
[2024-01-05T17:37:16.543+0000] {processor.py:183} INFO - Processing /home/eder/Desktop/Airflow/Twitter/venv/lib/python3.9/site-packages/airflow/example_dags/example_bash_operator.py took 0.136 seconds
[2024-01-05T17:38:11.499+0000] {processor.py:161} INFO - Started process (PID=20983) to work on /home/eder/Desktop/Airflow/Twitter/venv/lib/python3.9/site-packages/airflow/example_dags/example_bash_operator.py
[2024-01-05T17:38:11.507+0000] {processor.py:830} INFO - Processing file /home/eder/Desktop/Airflow/Twitter/venv/lib/python3.9/site-packages/airflow/example_dags/example_bash_operator.py for tasks to queue
[2024-01-05T17:38:11.510+0000] {logging_mixin.py:188} INFO - [2024-01-05T17:38:11.510+0000] {dagbag.py:538} INFO - Filling up the DagBag from /home/eder/Desktop/Airflow/Twitter/venv/lib/python3.9/site-packages/airflow/example_dags/example_bash_operator.py
[2024-01-05T17:38:11.520+0000] {processor.py:840} INFO - DAG(s) 'example_bash_operator' retrieved from /home/eder/Desktop/Airflow/Twitter/venv/lib/python3.9/site-packages/airflow/example_dags/example_bash_operator.py
[2024-01-05T17:38:11.539+0000] {logging_mixin.py:188} INFO - [2024-01-05T17:38:11.539+0000] {dag.py:3033} INFO - Sync 1 DAGs
[2024-01-05T17:38:11.555+0000] {logging_mixin.py:188} INFO - [2024-01-05T17:38:11.555+0000] {dag.py:3820} INFO - Setting next_dagrun for example_bash_operator to 2024-01-04T00:00:00+00:00, run_after=2024-01-05T00:00:00+00:00
[2024-01-05T17:38:11.598+0000] {processor.py:183} INFO - Processing /home/eder/Desktop/Airflow/Twitter/venv/lib/python3.9/site-packages/airflow/example_dags/example_bash_operator.py took 0.102 seconds
[2024-01-05T17:39:08.331+0000] {processor.py:161} INFO - Started process (PID=21138) to work on /home/eder/Desktop/Airflow/Twitter/venv/lib/python3.9/site-packages/airflow/example_dags/example_bash_operator.py
[2024-01-05T17:39:08.334+0000] {processor.py:830} INFO - Processing file /home/eder/Desktop/Airflow/Twitter/venv/lib/python3.9/site-packages/airflow/example_dags/example_bash_operator.py for tasks to queue
[2024-01-05T17:39:08.335+0000] {logging_mixin.py:188} INFO - [2024-01-05T17:39:08.334+0000] {dagbag.py:538} INFO - Filling up the DagBag from /home/eder/Desktop/Airflow/Twitter/venv/lib/python3.9/site-packages/airflow/example_dags/example_bash_operator.py
[2024-01-05T17:39:08.347+0000] {processor.py:840} INFO - DAG(s) 'example_bash_operator' retrieved from /home/eder/Desktop/Airflow/Twitter/venv/lib/python3.9/site-packages/airflow/example_dags/example_bash_operator.py
[2024-01-05T17:39:08.365+0000] {logging_mixin.py:188} INFO - [2024-01-05T17:39:08.365+0000] {dag.py:3033} INFO - Sync 1 DAGs
[2024-01-05T17:39:08.380+0000] {logging_mixin.py:188} INFO - [2024-01-05T17:39:08.380+0000] {dag.py:3820} INFO - Setting next_dagrun for example_bash_operator to 2024-01-04T00:00:00+00:00, run_after=2024-01-05T00:00:00+00:00
[2024-01-05T17:39:08.404+0000] {processor.py:183} INFO - Processing /home/eder/Desktop/Airflow/Twitter/venv/lib/python3.9/site-packages/airflow/example_dags/example_bash_operator.py took 0.076 seconds
[2024-01-05T17:40:05.197+0000] {processor.py:161} INFO - Started process (PID=21291) to work on /home/eder/Desktop/Airflow/Twitter/venv/lib/python3.9/site-packages/airflow/example_dags/example_bash_operator.py
[2024-01-05T17:40:05.205+0000] {processor.py:830} INFO - Processing file /home/eder/Desktop/Airflow/Twitter/venv/lib/python3.9/site-packages/airflow/example_dags/example_bash_operator.py for tasks to queue
[2024-01-05T17:40:05.206+0000] {logging_mixin.py:188} INFO - [2024-01-05T17:40:05.205+0000] {dagbag.py:538} INFO - Filling up the DagBag from /home/eder/Desktop/Airflow/Twitter/venv/lib/python3.9/site-packages/airflow/example_dags/example_bash_operator.py
[2024-01-05T17:40:05.218+0000] {processor.py:840} INFO - DAG(s) 'example_bash_operator' retrieved from /home/eder/Desktop/Airflow/Twitter/venv/lib/python3.9/site-packages/airflow/example_dags/example_bash_operator.py
[2024-01-05T17:40:05.238+0000] {logging_mixin.py:188} INFO - [2024-01-05T17:40:05.238+0000] {dag.py:3033} INFO - Sync 1 DAGs
[2024-01-05T17:40:05.257+0000] {logging_mixin.py:188} INFO - [2024-01-05T17:40:05.256+0000] {dag.py:3820} INFO - Setting next_dagrun for example_bash_operator to 2024-01-04T00:00:00+00:00, run_after=2024-01-05T00:00:00+00:00
[2024-01-05T17:40:05.280+0000] {processor.py:183} INFO - Processing /home/eder/Desktop/Airflow/Twitter/venv/lib/python3.9/site-packages/airflow/example_dags/example_bash_operator.py took 0.086 seconds
[2024-01-05T17:51:08.660+0000] {processor.py:161} INFO - Started process (PID=32478) to work on /home/eder/Desktop/Airflow/Twitter/venv/lib/python3.9/site-packages/airflow/example_dags/example_bash_operator.py
[2024-01-05T17:51:08.671+0000] {processor.py:830} INFO - Processing file /home/eder/Desktop/Airflow/Twitter/venv/lib/python3.9/site-packages/airflow/example_dags/example_bash_operator.py for tasks to queue
[2024-01-05T17:51:08.672+0000] {logging_mixin.py:188} INFO - [2024-01-05T17:51:08.671+0000] {dagbag.py:538} INFO - Filling up the DagBag from /home/eder/Desktop/Airflow/Twitter/venv/lib/python3.9/site-packages/airflow/example_dags/example_bash_operator.py
[2024-01-05T17:51:08.681+0000] {processor.py:840} INFO - DAG(s) 'example_bash_operator' retrieved from /home/eder/Desktop/Airflow/Twitter/venv/lib/python3.9/site-packages/airflow/example_dags/example_bash_operator.py
[2024-01-05T17:51:08.700+0000] {logging_mixin.py:188} INFO - [2024-01-05T17:51:08.700+0000] {dag.py:3033} INFO - Sync 1 DAGs
[2024-01-05T17:51:08.713+0000] {logging_mixin.py:188} INFO - [2024-01-05T17:51:08.712+0000] {dag.py:3820} INFO - Setting next_dagrun for example_bash_operator to 2024-01-04T00:00:00+00:00, run_after=2024-01-05T00:00:00+00:00
[2024-01-05T17:51:08.733+0000] {processor.py:183} INFO - Processing /home/eder/Desktop/Airflow/Twitter/venv/lib/python3.9/site-packages/airflow/example_dags/example_bash_operator.py took 0.075 seconds
[2024-01-05T17:52:13.231+0000] {processor.py:161} INFO - Started process (PID=32729) to work on /home/eder/Desktop/Airflow/Twitter/venv/lib/python3.9/site-packages/airflow/example_dags/example_bash_operator.py
[2024-01-05T17:52:13.242+0000] {processor.py:830} INFO - Processing file /home/eder/Desktop/Airflow/Twitter/venv/lib/python3.9/site-packages/airflow/example_dags/example_bash_operator.py for tasks to queue
[2024-01-05T17:52:13.243+0000] {logging_mixin.py:188} INFO - [2024-01-05T17:52:13.243+0000] {dagbag.py:538} INFO - Filling up the DagBag from /home/eder/Desktop/Airflow/Twitter/venv/lib/python3.9/site-packages/airflow/example_dags/example_bash_operator.py
[2024-01-05T17:52:13.258+0000] {processor.py:840} INFO - DAG(s) 'example_bash_operator' retrieved from /home/eder/Desktop/Airflow/Twitter/venv/lib/python3.9/site-packages/airflow/example_dags/example_bash_operator.py
[2024-01-05T17:52:13.298+0000] {logging_mixin.py:188} INFO - [2024-01-05T17:52:13.298+0000] {dag.py:3033} INFO - Sync 1 DAGs
[2024-01-05T17:52:13.347+0000] {logging_mixin.py:188} INFO - [2024-01-05T17:52:13.344+0000] {dag.py:3820} INFO - Setting next_dagrun for example_bash_operator to 2024-01-04T00:00:00+00:00, run_after=2024-01-05T00:00:00+00:00
[2024-01-05T17:52:13.502+0000] {processor.py:183} INFO - Processing /home/eder/Desktop/Airflow/Twitter/venv/lib/python3.9/site-packages/airflow/example_dags/example_bash_operator.py took 0.279 seconds
[2024-01-05T17:53:31.144+0000] {processor.py:161} INFO - Started process (PID=32983) to work on /home/eder/Desktop/Airflow/Twitter/venv/lib/python3.9/site-packages/airflow/example_dags/example_bash_operator.py
[2024-01-05T17:53:31.168+0000] {processor.py:830} INFO - Processing file /home/eder/Desktop/Airflow/Twitter/venv/lib/python3.9/site-packages/airflow/example_dags/example_bash_operator.py for tasks to queue
[2024-01-05T17:53:31.176+0000] {logging_mixin.py:188} INFO - [2024-01-05T17:53:31.175+0000] {dagbag.py:538} INFO - Filling up the DagBag from /home/eder/Desktop/Airflow/Twitter/venv/lib/python3.9/site-packages/airflow/example_dags/example_bash_operator.py
[2024-01-05T17:53:31.189+0000] {processor.py:840} INFO - DAG(s) 'example_bash_operator' retrieved from /home/eder/Desktop/Airflow/Twitter/venv/lib/python3.9/site-packages/airflow/example_dags/example_bash_operator.py
[2024-01-05T17:53:31.223+0000] {logging_mixin.py:188} INFO - [2024-01-05T17:53:31.223+0000] {dag.py:3033} INFO - Sync 1 DAGs
[2024-01-05T17:53:31.255+0000] {logging_mixin.py:188} INFO - [2024-01-05T17:53:31.255+0000] {dag.py:3820} INFO - Setting next_dagrun for example_bash_operator to 2024-01-04T00:00:00+00:00, run_after=2024-01-05T00:00:00+00:00
[2024-01-05T17:53:31.408+0000] {processor.py:183} INFO - Processing /home/eder/Desktop/Airflow/Twitter/venv/lib/python3.9/site-packages/airflow/example_dags/example_bash_operator.py took 0.270 seconds
[2024-01-05T17:54:31.521+0000] {processor.py:161} INFO - Started process (PID=33168) to work on /home/eder/Desktop/Airflow/Twitter/venv/lib/python3.9/site-packages/airflow/example_dags/example_bash_operator.py
[2024-01-05T17:54:31.529+0000] {processor.py:830} INFO - Processing file /home/eder/Desktop/Airflow/Twitter/venv/lib/python3.9/site-packages/airflow/example_dags/example_bash_operator.py for tasks to queue
[2024-01-05T17:54:31.530+0000] {logging_mixin.py:188} INFO - [2024-01-05T17:54:31.530+0000] {dagbag.py:538} INFO - Filling up the DagBag from /home/eder/Desktop/Airflow/Twitter/venv/lib/python3.9/site-packages/airflow/example_dags/example_bash_operator.py
[2024-01-05T17:54:31.539+0000] {processor.py:840} INFO - DAG(s) 'example_bash_operator' retrieved from /home/eder/Desktop/Airflow/Twitter/venv/lib/python3.9/site-packages/airflow/example_dags/example_bash_operator.py
[2024-01-05T17:54:31.558+0000] {logging_mixin.py:188} INFO - [2024-01-05T17:54:31.558+0000] {dag.py:3033} INFO - Sync 1 DAGs
[2024-01-05T17:54:31.574+0000] {logging_mixin.py:188} INFO - [2024-01-05T17:54:31.574+0000] {dag.py:3820} INFO - Setting next_dagrun for example_bash_operator to 2024-01-04T00:00:00+00:00, run_after=2024-01-05T00:00:00+00:00
[2024-01-05T17:54:31.599+0000] {processor.py:183} INFO - Processing /home/eder/Desktop/Airflow/Twitter/venv/lib/python3.9/site-packages/airflow/example_dags/example_bash_operator.py took 0.081 seconds
[2024-01-05T17:55:32.053+0000] {processor.py:161} INFO - Started process (PID=33356) to work on /home/eder/Desktop/Airflow/Twitter/venv/lib/python3.9/site-packages/airflow/example_dags/example_bash_operator.py
[2024-01-05T17:55:32.064+0000] {processor.py:830} INFO - Processing file /home/eder/Desktop/Airflow/Twitter/venv/lib/python3.9/site-packages/airflow/example_dags/example_bash_operator.py for tasks to queue
[2024-01-05T17:55:32.065+0000] {logging_mixin.py:188} INFO - [2024-01-05T17:55:32.065+0000] {dagbag.py:538} INFO - Filling up the DagBag from /home/eder/Desktop/Airflow/Twitter/venv/lib/python3.9/site-packages/airflow/example_dags/example_bash_operator.py
[2024-01-05T17:55:32.084+0000] {processor.py:840} INFO - DAG(s) 'example_bash_operator' retrieved from /home/eder/Desktop/Airflow/Twitter/venv/lib/python3.9/site-packages/airflow/example_dags/example_bash_operator.py
[2024-01-05T17:55:32.126+0000] {logging_mixin.py:188} INFO - [2024-01-05T17:55:32.126+0000] {dag.py:3033} INFO - Sync 1 DAGs
[2024-01-05T17:55:32.156+0000] {logging_mixin.py:188} INFO - [2024-01-05T17:55:32.156+0000] {dag.py:3820} INFO - Setting next_dagrun for example_bash_operator to 2024-01-04T00:00:00+00:00, run_after=2024-01-05T00:00:00+00:00
[2024-01-05T17:55:32.283+0000] {processor.py:183} INFO - Processing /home/eder/Desktop/Airflow/Twitter/venv/lib/python3.9/site-packages/airflow/example_dags/example_bash_operator.py took 0.236 seconds
[2024-01-05T17:56:36.534+0000] {processor.py:161} INFO - Started process (PID=33530) to work on /home/eder/Desktop/Airflow/Twitter/venv/lib/python3.9/site-packages/airflow/example_dags/example_bash_operator.py
[2024-01-05T17:56:36.537+0000] {processor.py:830} INFO - Processing file /home/eder/Desktop/Airflow/Twitter/venv/lib/python3.9/site-packages/airflow/example_dags/example_bash_operator.py for tasks to queue
[2024-01-05T17:56:36.544+0000] {logging_mixin.py:188} INFO - [2024-01-05T17:56:36.543+0000] {dagbag.py:538} INFO - Filling up the DagBag from /home/eder/Desktop/Airflow/Twitter/venv/lib/python3.9/site-packages/airflow/example_dags/example_bash_operator.py
[2024-01-05T17:56:36.568+0000] {processor.py:840} INFO - DAG(s) 'example_bash_operator' retrieved from /home/eder/Desktop/Airflow/Twitter/venv/lib/python3.9/site-packages/airflow/example_dags/example_bash_operator.py
[2024-01-05T17:56:36.598+0000] {logging_mixin.py:188} INFO - [2024-01-05T17:56:36.598+0000] {dag.py:3033} INFO - Sync 1 DAGs
[2024-01-05T17:56:36.611+0000] {logging_mixin.py:188} INFO - [2024-01-05T17:56:36.611+0000] {dag.py:3820} INFO - Setting next_dagrun for example_bash_operator to 2024-01-04T00:00:00+00:00, run_after=2024-01-05T00:00:00+00:00
[2024-01-05T17:56:36.657+0000] {processor.py:183} INFO - Processing /home/eder/Desktop/Airflow/Twitter/venv/lib/python3.9/site-packages/airflow/example_dags/example_bash_operator.py took 0.126 seconds
[2024-01-05T18:00:32.776+0000] {processor.py:161} INFO - Started process (PID=34151) to work on /home/eder/Desktop/Airflow/Twitter/venv/lib/python3.9/site-packages/airflow/example_dags/example_bash_operator.py
[2024-01-05T18:00:32.788+0000] {processor.py:830} INFO - Processing file /home/eder/Desktop/Airflow/Twitter/venv/lib/python3.9/site-packages/airflow/example_dags/example_bash_operator.py for tasks to queue
[2024-01-05T18:00:32.795+0000] {logging_mixin.py:188} INFO - [2024-01-05T18:00:32.794+0000] {dagbag.py:538} INFO - Filling up the DagBag from /home/eder/Desktop/Airflow/Twitter/venv/lib/python3.9/site-packages/airflow/example_dags/example_bash_operator.py
[2024-01-05T18:00:32.820+0000] {processor.py:840} INFO - DAG(s) 'example_bash_operator' retrieved from /home/eder/Desktop/Airflow/Twitter/venv/lib/python3.9/site-packages/airflow/example_dags/example_bash_operator.py
[2024-01-05T18:00:35.632+0000] {logging_mixin.py:188} INFO - [2024-01-05T18:00:35.631+0000] {dag.py:3033} INFO - Sync 1 DAGs
[2024-01-05T18:00:36.227+0000] {logging_mixin.py:188} INFO - [2024-01-05T18:00:36.226+0000] {dag.py:3820} INFO - Setting next_dagrun for example_bash_operator to 2024-01-04T00:00:00+00:00, run_after=2024-01-05T00:00:00+00:00
[2024-01-05T18:00:36.739+0000] {processor.py:183} INFO - Processing /home/eder/Desktop/Airflow/Twitter/venv/lib/python3.9/site-packages/airflow/example_dags/example_bash_operator.py took 3.968 seconds
