[2024-01-05T01:17:45.775+0000] {processor.py:161} INFO - Started process (PID=23976) to work on /home/eder/Desktop/Airflow/Twitter/venv/lib/python3.9/site-packages/airflow/example_dags/example_kubernetes_executor.py
[2024-01-05T01:17:45.776+0000] {processor.py:830} INFO - Processing file /home/eder/Desktop/Airflow/Twitter/venv/lib/python3.9/site-packages/airflow/example_dags/example_kubernetes_executor.py for tasks to queue
[2024-01-05T01:17:45.778+0000] {logging_mixin.py:188} INFO - [2024-01-05T01:17:45.777+0000] {dagbag.py:538} INFO - Filling up the DagBag from /home/eder/Desktop/Airflow/Twitter/venv/lib/python3.9/site-packages/airflow/example_dags/example_kubernetes_executor.py
[2024-01-05T01:17:45.781+0000] {logging_mixin.py:188} INFO - [2024-01-05T01:17:45.781+0000] {example_kubernetes_executor.py:38} WARNING - The example_kubernetes_executor example DAG requires the kubernetes provider. Please install it with: pip install apache-airflow[cncf.kubernetes]
[2024-01-05T01:17:45.785+0000] {processor.py:842} WARNING - No viable dags retrieved from /home/eder/Desktop/Airflow/Twitter/venv/lib/python3.9/site-packages/airflow/example_dags/example_kubernetes_executor.py
[2024-01-05T01:17:45.877+0000] {processor.py:183} INFO - Processing /home/eder/Desktop/Airflow/Twitter/venv/lib/python3.9/site-packages/airflow/example_dags/example_kubernetes_executor.py took 0.129 seconds
[2024-01-05T01:19:07.205+0000] {processor.py:161} INFO - Started process (PID=24552) to work on /home/eder/Desktop/Airflow/Twitter/venv/lib/python3.9/site-packages/airflow/example_dags/example_kubernetes_executor.py
[2024-01-05T01:19:07.221+0000] {processor.py:830} INFO - Processing file /home/eder/Desktop/Airflow/Twitter/venv/lib/python3.9/site-packages/airflow/example_dags/example_kubernetes_executor.py for tasks to queue
[2024-01-05T01:19:07.222+0000] {logging_mixin.py:188} INFO - [2024-01-05T01:19:07.221+0000] {dagbag.py:538} INFO - Filling up the DagBag from /home/eder/Desktop/Airflow/Twitter/venv/lib/python3.9/site-packages/airflow/example_dags/example_kubernetes_executor.py
[2024-01-05T01:19:07.228+0000] {logging_mixin.py:188} INFO - [2024-01-05T01:19:07.228+0000] {example_kubernetes_executor.py:38} WARNING - The example_kubernetes_executor example DAG requires the kubernetes provider. Please install it with: pip install apache-airflow[cncf.kubernetes]
[2024-01-05T01:19:07.232+0000] {processor.py:842} WARNING - No viable dags retrieved from /home/eder/Desktop/Airflow/Twitter/venv/lib/python3.9/site-packages/airflow/example_dags/example_kubernetes_executor.py
[2024-01-05T01:19:07.249+0000] {processor.py:183} INFO - Processing /home/eder/Desktop/Airflow/Twitter/venv/lib/python3.9/site-packages/airflow/example_dags/example_kubernetes_executor.py took 0.046 seconds
[2024-01-05T01:23:08.598+0000] {processor.py:161} INFO - Started process (PID=28013) to work on /home/eder/Desktop/Airflow/Twitter/venv/lib/python3.9/site-packages/airflow/example_dags/example_kubernetes_executor.py
[2024-01-05T01:23:08.607+0000] {processor.py:830} INFO - Processing file /home/eder/Desktop/Airflow/Twitter/venv/lib/python3.9/site-packages/airflow/example_dags/example_kubernetes_executor.py for tasks to queue
[2024-01-05T01:23:08.608+0000] {logging_mixin.py:188} INFO - [2024-01-05T01:23:08.607+0000] {dagbag.py:538} INFO - Filling up the DagBag from /home/eder/Desktop/Airflow/Twitter/venv/lib/python3.9/site-packages/airflow/example_dags/example_kubernetes_executor.py
[2024-01-05T01:23:08.610+0000] {logging_mixin.py:188} INFO - [2024-01-05T01:23:08.610+0000] {example_kubernetes_executor.py:38} WARNING - The example_kubernetes_executor example DAG requires the kubernetes provider. Please install it with: pip install apache-airflow[cncf.kubernetes]
[2024-01-05T01:23:08.610+0000] {processor.py:842} WARNING - No viable dags retrieved from /home/eder/Desktop/Airflow/Twitter/venv/lib/python3.9/site-packages/airflow/example_dags/example_kubernetes_executor.py
[2024-01-05T01:23:08.619+0000] {processor.py:183} INFO - Processing /home/eder/Desktop/Airflow/Twitter/venv/lib/python3.9/site-packages/airflow/example_dags/example_kubernetes_executor.py took 0.023 seconds
[2024-01-05T01:28:07.462+0000] {processor.py:161} INFO - Started process (PID=32841) to work on /home/eder/Desktop/Airflow/Twitter/venv/lib/python3.9/site-packages/airflow/example_dags/example_kubernetes_executor.py
[2024-01-05T01:28:07.471+0000] {processor.py:830} INFO - Processing file /home/eder/Desktop/Airflow/Twitter/venv/lib/python3.9/site-packages/airflow/example_dags/example_kubernetes_executor.py for tasks to queue
[2024-01-05T01:28:07.471+0000] {logging_mixin.py:188} INFO - [2024-01-05T01:28:07.471+0000] {dagbag.py:538} INFO - Filling up the DagBag from /home/eder/Desktop/Airflow/Twitter/venv/lib/python3.9/site-packages/airflow/example_dags/example_kubernetes_executor.py
[2024-01-05T01:28:07.480+0000] {logging_mixin.py:188} INFO - [2024-01-05T01:28:07.479+0000] {example_kubernetes_executor.py:38} WARNING - The example_kubernetes_executor example DAG requires the kubernetes provider. Please install it with: pip install apache-airflow[cncf.kubernetes]
[2024-01-05T01:28:07.480+0000] {processor.py:842} WARNING - No viable dags retrieved from /home/eder/Desktop/Airflow/Twitter/venv/lib/python3.9/site-packages/airflow/example_dags/example_kubernetes_executor.py
[2024-01-05T01:28:07.494+0000] {processor.py:183} INFO - Processing /home/eder/Desktop/Airflow/Twitter/venv/lib/python3.9/site-packages/airflow/example_dags/example_kubernetes_executor.py took 0.035 seconds
[2024-01-05T01:29:04.040+0000] {processor.py:161} INFO - Started process (PID=33002) to work on /home/eder/Desktop/Airflow/Twitter/venv/lib/python3.9/site-packages/airflow/example_dags/example_kubernetes_executor.py
[2024-01-05T01:29:04.048+0000] {processor.py:830} INFO - Processing file /home/eder/Desktop/Airflow/Twitter/venv/lib/python3.9/site-packages/airflow/example_dags/example_kubernetes_executor.py for tasks to queue
[2024-01-05T01:29:04.049+0000] {logging_mixin.py:188} INFO - [2024-01-05T01:29:04.049+0000] {dagbag.py:538} INFO - Filling up the DagBag from /home/eder/Desktop/Airflow/Twitter/venv/lib/python3.9/site-packages/airflow/example_dags/example_kubernetes_executor.py
[2024-01-05T01:29:04.058+0000] {logging_mixin.py:188} INFO - [2024-01-05T01:29:04.058+0000] {example_kubernetes_executor.py:38} WARNING - The example_kubernetes_executor example DAG requires the kubernetes provider. Please install it with: pip install apache-airflow[cncf.kubernetes]
[2024-01-05T01:29:04.058+0000] {processor.py:842} WARNING - No viable dags retrieved from /home/eder/Desktop/Airflow/Twitter/venv/lib/python3.9/site-packages/airflow/example_dags/example_kubernetes_executor.py
[2024-01-05T01:29:04.087+0000] {processor.py:183} INFO - Processing /home/eder/Desktop/Airflow/Twitter/venv/lib/python3.9/site-packages/airflow/example_dags/example_kubernetes_executor.py took 0.050 seconds
[2024-01-05T01:29:59.124+0000] {processor.py:161} INFO - Started process (PID=33167) to work on /home/eder/Desktop/Airflow/Twitter/venv/lib/python3.9/site-packages/airflow/example_dags/example_kubernetes_executor.py
[2024-01-05T01:29:59.131+0000] {processor.py:830} INFO - Processing file /home/eder/Desktop/Airflow/Twitter/venv/lib/python3.9/site-packages/airflow/example_dags/example_kubernetes_executor.py for tasks to queue
[2024-01-05T01:29:59.132+0000] {logging_mixin.py:188} INFO - [2024-01-05T01:29:59.131+0000] {dagbag.py:538} INFO - Filling up the DagBag from /home/eder/Desktop/Airflow/Twitter/venv/lib/python3.9/site-packages/airflow/example_dags/example_kubernetes_executor.py
[2024-01-05T01:29:59.137+0000] {logging_mixin.py:188} INFO - [2024-01-05T01:29:59.137+0000] {example_kubernetes_executor.py:38} WARNING - The example_kubernetes_executor example DAG requires the kubernetes provider. Please install it with: pip install apache-airflow[cncf.kubernetes]
[2024-01-05T01:29:59.137+0000] {processor.py:842} WARNING - No viable dags retrieved from /home/eder/Desktop/Airflow/Twitter/venv/lib/python3.9/site-packages/airflow/example_dags/example_kubernetes_executor.py
[2024-01-05T01:29:59.165+0000] {processor.py:183} INFO - Processing /home/eder/Desktop/Airflow/Twitter/venv/lib/python3.9/site-packages/airflow/example_dags/example_kubernetes_executor.py took 0.044 seconds
[2024-01-05T01:31:10.971+0000] {processor.py:161} INFO - Started process (PID=33355) to work on /home/eder/Desktop/Airflow/Twitter/venv/lib/python3.9/site-packages/airflow/example_dags/example_kubernetes_executor.py
[2024-01-05T01:31:10.983+0000] {processor.py:830} INFO - Processing file /home/eder/Desktop/Airflow/Twitter/venv/lib/python3.9/site-packages/airflow/example_dags/example_kubernetes_executor.py for tasks to queue
[2024-01-05T01:31:10.984+0000] {logging_mixin.py:188} INFO - [2024-01-05T01:31:10.983+0000] {dagbag.py:538} INFO - Filling up the DagBag from /home/eder/Desktop/Airflow/Twitter/venv/lib/python3.9/site-packages/airflow/example_dags/example_kubernetes_executor.py
[2024-01-05T01:31:10.987+0000] {logging_mixin.py:188} INFO - [2024-01-05T01:31:10.987+0000] {example_kubernetes_executor.py:38} WARNING - The example_kubernetes_executor example DAG requires the kubernetes provider. Please install it with: pip install apache-airflow[cncf.kubernetes]
[2024-01-05T01:31:10.988+0000] {processor.py:842} WARNING - No viable dags retrieved from /home/eder/Desktop/Airflow/Twitter/venv/lib/python3.9/site-packages/airflow/example_dags/example_kubernetes_executor.py
[2024-01-05T01:31:11.009+0000] {processor.py:183} INFO - Processing /home/eder/Desktop/Airflow/Twitter/venv/lib/python3.9/site-packages/airflow/example_dags/example_kubernetes_executor.py took 0.043 seconds
[2024-01-05T01:32:07.806+0000] {processor.py:161} INFO - Started process (PID=33518) to work on /home/eder/Desktop/Airflow/Twitter/venv/lib/python3.9/site-packages/airflow/example_dags/example_kubernetes_executor.py
[2024-01-05T01:32:07.813+0000] {processor.py:830} INFO - Processing file /home/eder/Desktop/Airflow/Twitter/venv/lib/python3.9/site-packages/airflow/example_dags/example_kubernetes_executor.py for tasks to queue
[2024-01-05T01:32:07.814+0000] {logging_mixin.py:188} INFO - [2024-01-05T01:32:07.814+0000] {dagbag.py:538} INFO - Filling up the DagBag from /home/eder/Desktop/Airflow/Twitter/venv/lib/python3.9/site-packages/airflow/example_dags/example_kubernetes_executor.py
[2024-01-05T01:32:07.817+0000] {logging_mixin.py:188} INFO - [2024-01-05T01:32:07.817+0000] {example_kubernetes_executor.py:38} WARNING - The example_kubernetes_executor example DAG requires the kubernetes provider. Please install it with: pip install apache-airflow[cncf.kubernetes]
[2024-01-05T01:32:07.818+0000] {processor.py:842} WARNING - No viable dags retrieved from /home/eder/Desktop/Airflow/Twitter/venv/lib/python3.9/site-packages/airflow/example_dags/example_kubernetes_executor.py
[2024-01-05T01:32:07.828+0000] {processor.py:183} INFO - Processing /home/eder/Desktop/Airflow/Twitter/venv/lib/python3.9/site-packages/airflow/example_dags/example_kubernetes_executor.py took 0.025 seconds
[2024-01-05T01:33:01.113+0000] {processor.py:161} INFO - Started process (PID=33787) to work on /home/eder/Desktop/Airflow/Twitter/venv/lib/python3.9/site-packages/airflow/example_dags/example_kubernetes_executor.py
[2024-01-05T01:33:01.115+0000] {processor.py:830} INFO - Processing file /home/eder/Desktop/Airflow/Twitter/venv/lib/python3.9/site-packages/airflow/example_dags/example_kubernetes_executor.py for tasks to queue
[2024-01-05T01:33:01.116+0000] {logging_mixin.py:188} INFO - [2024-01-05T01:33:01.115+0000] {dagbag.py:538} INFO - Filling up the DagBag from /home/eder/Desktop/Airflow/Twitter/venv/lib/python3.9/site-packages/airflow/example_dags/example_kubernetes_executor.py
[2024-01-05T01:33:01.118+0000] {logging_mixin.py:188} INFO - [2024-01-05T01:33:01.118+0000] {example_kubernetes_executor.py:38} WARNING - The example_kubernetes_executor example DAG requires the kubernetes provider. Please install it with: pip install apache-airflow[cncf.kubernetes]
[2024-01-05T01:33:01.118+0000] {processor.py:842} WARNING - No viable dags retrieved from /home/eder/Desktop/Airflow/Twitter/venv/lib/python3.9/site-packages/airflow/example_dags/example_kubernetes_executor.py
[2024-01-05T01:33:01.129+0000] {processor.py:183} INFO - Processing /home/eder/Desktop/Airflow/Twitter/venv/lib/python3.9/site-packages/airflow/example_dags/example_kubernetes_executor.py took 0.019 seconds
[2024-01-05T01:34:17.381+0000] {processor.py:161} INFO - Started process (PID=33997) to work on /home/eder/Desktop/Airflow/Twitter/venv/lib/python3.9/site-packages/airflow/example_dags/example_kubernetes_executor.py
[2024-01-05T01:34:17.432+0000] {processor.py:830} INFO - Processing file /home/eder/Desktop/Airflow/Twitter/venv/lib/python3.9/site-packages/airflow/example_dags/example_kubernetes_executor.py for tasks to queue
[2024-01-05T01:34:17.435+0000] {logging_mixin.py:188} INFO - [2024-01-05T01:34:17.433+0000] {dagbag.py:538} INFO - Filling up the DagBag from /home/eder/Desktop/Airflow/Twitter/venv/lib/python3.9/site-packages/airflow/example_dags/example_kubernetes_executor.py
[2024-01-05T01:34:17.446+0000] {logging_mixin.py:188} INFO - [2024-01-05T01:34:17.446+0000] {example_kubernetes_executor.py:38} WARNING - The example_kubernetes_executor example DAG requires the kubernetes provider. Please install it with: pip install apache-airflow[cncf.kubernetes]
[2024-01-05T01:34:17.448+0000] {processor.py:842} WARNING - No viable dags retrieved from /home/eder/Desktop/Airflow/Twitter/venv/lib/python3.9/site-packages/airflow/example_dags/example_kubernetes_executor.py
[2024-01-05T01:34:17.466+0000] {processor.py:183} INFO - Processing /home/eder/Desktop/Airflow/Twitter/venv/lib/python3.9/site-packages/airflow/example_dags/example_kubernetes_executor.py took 0.087 seconds
[2024-01-05T01:35:13.732+0000] {processor.py:161} INFO - Started process (PID=34160) to work on /home/eder/Desktop/Airflow/Twitter/venv/lib/python3.9/site-packages/airflow/example_dags/example_kubernetes_executor.py
[2024-01-05T01:35:13.739+0000] {processor.py:830} INFO - Processing file /home/eder/Desktop/Airflow/Twitter/venv/lib/python3.9/site-packages/airflow/example_dags/example_kubernetes_executor.py for tasks to queue
[2024-01-05T01:35:13.740+0000] {logging_mixin.py:188} INFO - [2024-01-05T01:35:13.740+0000] {dagbag.py:538} INFO - Filling up the DagBag from /home/eder/Desktop/Airflow/Twitter/venv/lib/python3.9/site-packages/airflow/example_dags/example_kubernetes_executor.py
[2024-01-05T01:35:13.743+0000] {logging_mixin.py:188} INFO - [2024-01-05T01:35:13.743+0000] {example_kubernetes_executor.py:38} WARNING - The example_kubernetes_executor example DAG requires the kubernetes provider. Please install it with: pip install apache-airflow[cncf.kubernetes]
[2024-01-05T01:35:13.744+0000] {processor.py:842} WARNING - No viable dags retrieved from /home/eder/Desktop/Airflow/Twitter/venv/lib/python3.9/site-packages/airflow/example_dags/example_kubernetes_executor.py
[2024-01-05T01:35:13.752+0000] {processor.py:183} INFO - Processing /home/eder/Desktop/Airflow/Twitter/venv/lib/python3.9/site-packages/airflow/example_dags/example_kubernetes_executor.py took 0.024 seconds
[2024-01-05T01:36:07.031+0000] {processor.py:161} INFO - Started process (PID=34316) to work on /home/eder/Desktop/Airflow/Twitter/venv/lib/python3.9/site-packages/airflow/example_dags/example_kubernetes_executor.py
[2024-01-05T01:36:07.033+0000] {processor.py:830} INFO - Processing file /home/eder/Desktop/Airflow/Twitter/venv/lib/python3.9/site-packages/airflow/example_dags/example_kubernetes_executor.py for tasks to queue
[2024-01-05T01:36:07.033+0000] {logging_mixin.py:188} INFO - [2024-01-05T01:36:07.033+0000] {dagbag.py:538} INFO - Filling up the DagBag from /home/eder/Desktop/Airflow/Twitter/venv/lib/python3.9/site-packages/airflow/example_dags/example_kubernetes_executor.py
[2024-01-05T01:36:07.036+0000] {logging_mixin.py:188} INFO - [2024-01-05T01:36:07.036+0000] {example_kubernetes_executor.py:38} WARNING - The example_kubernetes_executor example DAG requires the kubernetes provider. Please install it with: pip install apache-airflow[cncf.kubernetes]
[2024-01-05T01:36:07.037+0000] {processor.py:842} WARNING - No viable dags retrieved from /home/eder/Desktop/Airflow/Twitter/venv/lib/python3.9/site-packages/airflow/example_dags/example_kubernetes_executor.py
[2024-01-05T01:36:07.049+0000] {processor.py:183} INFO - Processing /home/eder/Desktop/Airflow/Twitter/venv/lib/python3.9/site-packages/airflow/example_dags/example_kubernetes_executor.py took 0.021 seconds
[2024-01-05T01:37:25.329+0000] {processor.py:161} INFO - Started process (PID=34696) to work on /home/eder/Desktop/Airflow/Twitter/venv/lib/python3.9/site-packages/airflow/example_dags/example_kubernetes_executor.py
[2024-01-05T01:37:25.341+0000] {processor.py:830} INFO - Processing file /home/eder/Desktop/Airflow/Twitter/venv/lib/python3.9/site-packages/airflow/example_dags/example_kubernetes_executor.py for tasks to queue
[2024-01-05T01:37:25.344+0000] {logging_mixin.py:188} INFO - [2024-01-05T01:37:25.344+0000] {dagbag.py:538} INFO - Filling up the DagBag from /home/eder/Desktop/Airflow/Twitter/venv/lib/python3.9/site-packages/airflow/example_dags/example_kubernetes_executor.py
[2024-01-05T01:37:25.349+0000] {logging_mixin.py:188} INFO - [2024-01-05T01:37:25.349+0000] {example_kubernetes_executor.py:38} WARNING - The example_kubernetes_executor example DAG requires the kubernetes provider. Please install it with: pip install apache-airflow[cncf.kubernetes]
[2024-01-05T01:37:25.349+0000] {processor.py:842} WARNING - No viable dags retrieved from /home/eder/Desktop/Airflow/Twitter/venv/lib/python3.9/site-packages/airflow/example_dags/example_kubernetes_executor.py
[2024-01-05T01:37:25.377+0000] {processor.py:183} INFO - Processing /home/eder/Desktop/Airflow/Twitter/venv/lib/python3.9/site-packages/airflow/example_dags/example_kubernetes_executor.py took 0.053 seconds
[2024-01-05T15:16:26.326+0000] {processor.py:161} INFO - Started process (PID=4592) to work on /home/eder/Desktop/Airflow/Twitter/venv/lib/python3.9/site-packages/airflow/example_dags/example_kubernetes_executor.py
[2024-01-05T15:16:26.338+0000] {processor.py:830} INFO - Processing file /home/eder/Desktop/Airflow/Twitter/venv/lib/python3.9/site-packages/airflow/example_dags/example_kubernetes_executor.py for tasks to queue
[2024-01-05T15:16:26.339+0000] {logging_mixin.py:188} INFO - [2024-01-05T15:16:26.339+0000] {dagbag.py:538} INFO - Filling up the DagBag from /home/eder/Desktop/Airflow/Twitter/venv/lib/python3.9/site-packages/airflow/example_dags/example_kubernetes_executor.py
[2024-01-05T15:16:26.343+0000] {logging_mixin.py:188} INFO - [2024-01-05T15:16:26.343+0000] {example_kubernetes_executor.py:38} WARNING - The example_kubernetes_executor example DAG requires the kubernetes provider. Please install it with: pip install apache-airflow[cncf.kubernetes]
[2024-01-05T15:16:26.344+0000] {processor.py:842} WARNING - No viable dags retrieved from /home/eder/Desktop/Airflow/Twitter/venv/lib/python3.9/site-packages/airflow/example_dags/example_kubernetes_executor.py
[2024-01-05T15:16:26.361+0000] {processor.py:183} INFO - Processing /home/eder/Desktop/Airflow/Twitter/venv/lib/python3.9/site-packages/airflow/example_dags/example_kubernetes_executor.py took 0.040 seconds
[2024-01-05T15:17:39.559+0000] {processor.py:161} INFO - Started process (PID=5386) to work on /home/eder/Desktop/Airflow/Twitter/venv/lib/python3.9/site-packages/airflow/example_dags/example_kubernetes_executor.py
[2024-01-05T15:17:39.588+0000] {processor.py:830} INFO - Processing file /home/eder/Desktop/Airflow/Twitter/venv/lib/python3.9/site-packages/airflow/example_dags/example_kubernetes_executor.py for tasks to queue
[2024-01-05T15:17:39.596+0000] {logging_mixin.py:188} INFO - [2024-01-05T15:17:39.589+0000] {dagbag.py:538} INFO - Filling up the DagBag from /home/eder/Desktop/Airflow/Twitter/venv/lib/python3.9/site-packages/airflow/example_dags/example_kubernetes_executor.py
[2024-01-05T15:17:39.633+0000] {logging_mixin.py:188} INFO - [2024-01-05T15:17:39.631+0000] {example_kubernetes_executor.py:38} WARNING - The example_kubernetes_executor example DAG requires the kubernetes provider. Please install it with: pip install apache-airflow[cncf.kubernetes]
[2024-01-05T15:17:39.635+0000] {processor.py:842} WARNING - No viable dags retrieved from /home/eder/Desktop/Airflow/Twitter/venv/lib/python3.9/site-packages/airflow/example_dags/example_kubernetes_executor.py
[2024-01-05T15:17:39.689+0000] {processor.py:183} INFO - Processing /home/eder/Desktop/Airflow/Twitter/venv/lib/python3.9/site-packages/airflow/example_dags/example_kubernetes_executor.py took 0.141 seconds
[2024-01-05T15:20:49.707+0000] {processor.py:161} INFO - Started process (PID=7722) to work on /home/eder/Desktop/Airflow/Twitter/venv/lib/python3.9/site-packages/airflow/example_dags/example_kubernetes_executor.py
[2024-01-05T15:20:49.717+0000] {processor.py:830} INFO - Processing file /home/eder/Desktop/Airflow/Twitter/venv/lib/python3.9/site-packages/airflow/example_dags/example_kubernetes_executor.py for tasks to queue
[2024-01-05T15:20:49.719+0000] {logging_mixin.py:188} INFO - [2024-01-05T15:20:49.718+0000] {dagbag.py:538} INFO - Filling up the DagBag from /home/eder/Desktop/Airflow/Twitter/venv/lib/python3.9/site-packages/airflow/example_dags/example_kubernetes_executor.py
[2024-01-05T15:20:49.724+0000] {logging_mixin.py:188} INFO - [2024-01-05T15:20:49.723+0000] {example_kubernetes_executor.py:38} WARNING - The example_kubernetes_executor example DAG requires the kubernetes provider. Please install it with: pip install apache-airflow[cncf.kubernetes]
[2024-01-05T15:20:49.725+0000] {processor.py:842} WARNING - No viable dags retrieved from /home/eder/Desktop/Airflow/Twitter/venv/lib/python3.9/site-packages/airflow/example_dags/example_kubernetes_executor.py
[2024-01-05T15:20:49.739+0000] {processor.py:183} INFO - Processing /home/eder/Desktop/Airflow/Twitter/venv/lib/python3.9/site-packages/airflow/example_dags/example_kubernetes_executor.py took 0.037 seconds
[2024-01-05T15:21:46.113+0000] {processor.py:161} INFO - Started process (PID=7868) to work on /home/eder/Desktop/Airflow/Twitter/venv/lib/python3.9/site-packages/airflow/example_dags/example_kubernetes_executor.py
[2024-01-05T15:21:46.124+0000] {processor.py:830} INFO - Processing file /home/eder/Desktop/Airflow/Twitter/venv/lib/python3.9/site-packages/airflow/example_dags/example_kubernetes_executor.py for tasks to queue
[2024-01-05T15:21:46.126+0000] {logging_mixin.py:188} INFO - [2024-01-05T15:21:46.126+0000] {dagbag.py:538} INFO - Filling up the DagBag from /home/eder/Desktop/Airflow/Twitter/venv/lib/python3.9/site-packages/airflow/example_dags/example_kubernetes_executor.py
[2024-01-05T15:21:46.132+0000] {logging_mixin.py:188} INFO - [2024-01-05T15:21:46.131+0000] {example_kubernetes_executor.py:38} WARNING - The example_kubernetes_executor example DAG requires the kubernetes provider. Please install it with: pip install apache-airflow[cncf.kubernetes]
[2024-01-05T15:21:46.132+0000] {processor.py:842} WARNING - No viable dags retrieved from /home/eder/Desktop/Airflow/Twitter/venv/lib/python3.9/site-packages/airflow/example_dags/example_kubernetes_executor.py
[2024-01-05T15:21:46.148+0000] {processor.py:183} INFO - Processing /home/eder/Desktop/Airflow/Twitter/venv/lib/python3.9/site-packages/airflow/example_dags/example_kubernetes_executor.py took 0.036 seconds
[2024-01-05T15:22:41.152+0000] {processor.py:161} INFO - Started process (PID=8014) to work on /home/eder/Desktop/Airflow/Twitter/venv/lib/python3.9/site-packages/airflow/example_dags/example_kubernetes_executor.py
[2024-01-05T15:22:41.161+0000] {processor.py:830} INFO - Processing file /home/eder/Desktop/Airflow/Twitter/venv/lib/python3.9/site-packages/airflow/example_dags/example_kubernetes_executor.py for tasks to queue
[2024-01-05T15:22:41.163+0000] {logging_mixin.py:188} INFO - [2024-01-05T15:22:41.162+0000] {dagbag.py:538} INFO - Filling up the DagBag from /home/eder/Desktop/Airflow/Twitter/venv/lib/python3.9/site-packages/airflow/example_dags/example_kubernetes_executor.py
[2024-01-05T15:22:41.168+0000] {logging_mixin.py:188} INFO - [2024-01-05T15:22:41.167+0000] {example_kubernetes_executor.py:38} WARNING - The example_kubernetes_executor example DAG requires the kubernetes provider. Please install it with: pip install apache-airflow[cncf.kubernetes]
[2024-01-05T15:22:41.168+0000] {processor.py:842} WARNING - No viable dags retrieved from /home/eder/Desktop/Airflow/Twitter/venv/lib/python3.9/site-packages/airflow/example_dags/example_kubernetes_executor.py
[2024-01-05T15:22:41.189+0000] {processor.py:183} INFO - Processing /home/eder/Desktop/Airflow/Twitter/venv/lib/python3.9/site-packages/airflow/example_dags/example_kubernetes_executor.py took 0.043 seconds
[2024-01-05T15:23:56.713+0000] {processor.py:161} INFO - Started process (PID=8188) to work on /home/eder/Desktop/Airflow/Twitter/venv/lib/python3.9/site-packages/airflow/example_dags/example_kubernetes_executor.py
[2024-01-05T15:23:56.721+0000] {processor.py:830} INFO - Processing file /home/eder/Desktop/Airflow/Twitter/venv/lib/python3.9/site-packages/airflow/example_dags/example_kubernetes_executor.py for tasks to queue
[2024-01-05T15:23:56.732+0000] {logging_mixin.py:188} INFO - [2024-01-05T15:23:56.729+0000] {dagbag.py:538} INFO - Filling up the DagBag from /home/eder/Desktop/Airflow/Twitter/venv/lib/python3.9/site-packages/airflow/example_dags/example_kubernetes_executor.py
[2024-01-05T15:23:56.739+0000] {logging_mixin.py:188} INFO - [2024-01-05T15:23:56.739+0000] {example_kubernetes_executor.py:38} WARNING - The example_kubernetes_executor example DAG requires the kubernetes provider. Please install it with: pip install apache-airflow[cncf.kubernetes]
[2024-01-05T15:23:56.739+0000] {processor.py:842} WARNING - No viable dags retrieved from /home/eder/Desktop/Airflow/Twitter/venv/lib/python3.9/site-packages/airflow/example_dags/example_kubernetes_executor.py
[2024-01-05T15:23:56.753+0000] {processor.py:183} INFO - Processing /home/eder/Desktop/Airflow/Twitter/venv/lib/python3.9/site-packages/airflow/example_dags/example_kubernetes_executor.py took 0.045 seconds
[2024-01-05T15:25:15.895+0000] {processor.py:161} INFO - Started process (PID=8363) to work on /home/eder/Desktop/Airflow/Twitter/venv/lib/python3.9/site-packages/airflow/example_dags/example_kubernetes_executor.py
[2024-01-05T15:25:15.900+0000] {processor.py:830} INFO - Processing file /home/eder/Desktop/Airflow/Twitter/venv/lib/python3.9/site-packages/airflow/example_dags/example_kubernetes_executor.py for tasks to queue
[2024-01-05T15:25:15.903+0000] {logging_mixin.py:188} INFO - [2024-01-05T15:25:15.902+0000] {dagbag.py:538} INFO - Filling up the DagBag from /home/eder/Desktop/Airflow/Twitter/venv/lib/python3.9/site-packages/airflow/example_dags/example_kubernetes_executor.py
[2024-01-05T15:25:15.931+0000] {logging_mixin.py:188} INFO - [2024-01-05T15:25:15.930+0000] {example_kubernetes_executor.py:38} WARNING - The example_kubernetes_executor example DAG requires the kubernetes provider. Please install it with: pip install apache-airflow[cncf.kubernetes]
[2024-01-05T15:25:15.931+0000] {processor.py:842} WARNING - No viable dags retrieved from /home/eder/Desktop/Airflow/Twitter/venv/lib/python3.9/site-packages/airflow/example_dags/example_kubernetes_executor.py
[2024-01-05T15:25:15.946+0000] {processor.py:183} INFO - Processing /home/eder/Desktop/Airflow/Twitter/venv/lib/python3.9/site-packages/airflow/example_dags/example_kubernetes_executor.py took 0.057 seconds
[2024-01-05T15:26:30.104+0000] {processor.py:161} INFO - Started process (PID=8590) to work on /home/eder/Desktop/Airflow/Twitter/venv/lib/python3.9/site-packages/airflow/example_dags/example_kubernetes_executor.py
[2024-01-05T15:26:30.114+0000] {processor.py:830} INFO - Processing file /home/eder/Desktop/Airflow/Twitter/venv/lib/python3.9/site-packages/airflow/example_dags/example_kubernetes_executor.py for tasks to queue
[2024-01-05T15:26:30.116+0000] {logging_mixin.py:188} INFO - [2024-01-05T15:26:30.115+0000] {dagbag.py:538} INFO - Filling up the DagBag from /home/eder/Desktop/Airflow/Twitter/venv/lib/python3.9/site-packages/airflow/example_dags/example_kubernetes_executor.py
[2024-01-05T15:26:30.129+0000] {logging_mixin.py:188} INFO - [2024-01-05T15:26:30.128+0000] {example_kubernetes_executor.py:38} WARNING - The example_kubernetes_executor example DAG requires the kubernetes provider. Please install it with: pip install apache-airflow[cncf.kubernetes]
[2024-01-05T15:26:30.129+0000] {processor.py:842} WARNING - No viable dags retrieved from /home/eder/Desktop/Airflow/Twitter/venv/lib/python3.9/site-packages/airflow/example_dags/example_kubernetes_executor.py
[2024-01-05T15:26:30.148+0000] {processor.py:183} INFO - Processing /home/eder/Desktop/Airflow/Twitter/venv/lib/python3.9/site-packages/airflow/example_dags/example_kubernetes_executor.py took 0.055 seconds
[2024-01-05T15:27:46.973+0000] {processor.py:161} INFO - Started process (PID=8894) to work on /home/eder/Desktop/Airflow/Twitter/venv/lib/python3.9/site-packages/airflow/example_dags/example_kubernetes_executor.py
[2024-01-05T15:27:46.983+0000] {processor.py:830} INFO - Processing file /home/eder/Desktop/Airflow/Twitter/venv/lib/python3.9/site-packages/airflow/example_dags/example_kubernetes_executor.py for tasks to queue
[2024-01-05T15:27:46.985+0000] {logging_mixin.py:188} INFO - [2024-01-05T15:27:46.984+0000] {dagbag.py:538} INFO - Filling up the DagBag from /home/eder/Desktop/Airflow/Twitter/venv/lib/python3.9/site-packages/airflow/example_dags/example_kubernetes_executor.py
[2024-01-05T15:27:46.990+0000] {logging_mixin.py:188} INFO - [2024-01-05T15:27:46.990+0000] {example_kubernetes_executor.py:38} WARNING - The example_kubernetes_executor example DAG requires the kubernetes provider. Please install it with: pip install apache-airflow[cncf.kubernetes]
[2024-01-05T15:27:46.991+0000] {processor.py:842} WARNING - No viable dags retrieved from /home/eder/Desktop/Airflow/Twitter/venv/lib/python3.9/site-packages/airflow/example_dags/example_kubernetes_executor.py
[2024-01-05T15:27:47.011+0000] {processor.py:183} INFO - Processing /home/eder/Desktop/Airflow/Twitter/venv/lib/python3.9/site-packages/airflow/example_dags/example_kubernetes_executor.py took 0.045 seconds
[2024-01-05T15:29:02.626+0000] {processor.py:161} INFO - Started process (PID=9069) to work on /home/eder/Desktop/Airflow/Twitter/venv/lib/python3.9/site-packages/airflow/example_dags/example_kubernetes_executor.py
[2024-01-05T15:29:02.636+0000] {processor.py:830} INFO - Processing file /home/eder/Desktop/Airflow/Twitter/venv/lib/python3.9/site-packages/airflow/example_dags/example_kubernetes_executor.py for tasks to queue
[2024-01-05T15:29:02.638+0000] {logging_mixin.py:188} INFO - [2024-01-05T15:29:02.638+0000] {dagbag.py:538} INFO - Filling up the DagBag from /home/eder/Desktop/Airflow/Twitter/venv/lib/python3.9/site-packages/airflow/example_dags/example_kubernetes_executor.py
[2024-01-05T15:29:02.643+0000] {logging_mixin.py:188} INFO - [2024-01-05T15:29:02.643+0000] {example_kubernetes_executor.py:38} WARNING - The example_kubernetes_executor example DAG requires the kubernetes provider. Please install it with: pip install apache-airflow[cncf.kubernetes]
[2024-01-05T15:29:02.644+0000] {processor.py:842} WARNING - No viable dags retrieved from /home/eder/Desktop/Airflow/Twitter/venv/lib/python3.9/site-packages/airflow/example_dags/example_kubernetes_executor.py
[2024-01-05T15:29:02.660+0000] {processor.py:183} INFO - Processing /home/eder/Desktop/Airflow/Twitter/venv/lib/python3.9/site-packages/airflow/example_dags/example_kubernetes_executor.py took 0.037 seconds
[2024-01-05T15:30:22.203+0000] {processor.py:161} INFO - Started process (PID=9377) to work on /home/eder/Desktop/Airflow/Twitter/venv/lib/python3.9/site-packages/airflow/example_dags/example_kubernetes_executor.py
[2024-01-05T15:30:22.212+0000] {processor.py:830} INFO - Processing file /home/eder/Desktop/Airflow/Twitter/venv/lib/python3.9/site-packages/airflow/example_dags/example_kubernetes_executor.py for tasks to queue
[2024-01-05T15:30:22.215+0000] {logging_mixin.py:188} INFO - [2024-01-05T15:30:22.214+0000] {dagbag.py:538} INFO - Filling up the DagBag from /home/eder/Desktop/Airflow/Twitter/venv/lib/python3.9/site-packages/airflow/example_dags/example_kubernetes_executor.py
[2024-01-05T15:30:22.221+0000] {logging_mixin.py:188} INFO - [2024-01-05T15:30:22.221+0000] {example_kubernetes_executor.py:38} WARNING - The example_kubernetes_executor example DAG requires the kubernetes provider. Please install it with: pip install apache-airflow[cncf.kubernetes]
[2024-01-05T15:30:22.222+0000] {processor.py:842} WARNING - No viable dags retrieved from /home/eder/Desktop/Airflow/Twitter/venv/lib/python3.9/site-packages/airflow/example_dags/example_kubernetes_executor.py
[2024-01-05T15:30:22.239+0000] {processor.py:183} INFO - Processing /home/eder/Desktop/Airflow/Twitter/venv/lib/python3.9/site-packages/airflow/example_dags/example_kubernetes_executor.py took 0.043 seconds
[2024-01-05T15:31:40.151+0000] {processor.py:161} INFO - Started process (PID=9634) to work on /home/eder/Desktop/Airflow/Twitter/venv/lib/python3.9/site-packages/airflow/example_dags/example_kubernetes_executor.py
[2024-01-05T15:31:40.159+0000] {processor.py:830} INFO - Processing file /home/eder/Desktop/Airflow/Twitter/venv/lib/python3.9/site-packages/airflow/example_dags/example_kubernetes_executor.py for tasks to queue
[2024-01-05T15:31:40.161+0000] {logging_mixin.py:188} INFO - [2024-01-05T15:31:40.160+0000] {dagbag.py:538} INFO - Filling up the DagBag from /home/eder/Desktop/Airflow/Twitter/venv/lib/python3.9/site-packages/airflow/example_dags/example_kubernetes_executor.py
[2024-01-05T15:31:40.168+0000] {logging_mixin.py:188} INFO - [2024-01-05T15:31:40.167+0000] {example_kubernetes_executor.py:38} WARNING - The example_kubernetes_executor example DAG requires the kubernetes provider. Please install it with: pip install apache-airflow[cncf.kubernetes]
[2024-01-05T15:31:40.168+0000] {processor.py:842} WARNING - No viable dags retrieved from /home/eder/Desktop/Airflow/Twitter/venv/lib/python3.9/site-packages/airflow/example_dags/example_kubernetes_executor.py
[2024-01-05T15:31:40.185+0000] {processor.py:183} INFO - Processing /home/eder/Desktop/Airflow/Twitter/venv/lib/python3.9/site-packages/airflow/example_dags/example_kubernetes_executor.py took 0.040 seconds
[2024-01-05T15:32:55.549+0000] {processor.py:161} INFO - Started process (PID=9902) to work on /home/eder/Desktop/Airflow/Twitter/venv/lib/python3.9/site-packages/airflow/example_dags/example_kubernetes_executor.py
[2024-01-05T15:32:55.563+0000] {processor.py:830} INFO - Processing file /home/eder/Desktop/Airflow/Twitter/venv/lib/python3.9/site-packages/airflow/example_dags/example_kubernetes_executor.py for tasks to queue
[2024-01-05T15:32:55.565+0000] {logging_mixin.py:188} INFO - [2024-01-05T15:32:55.564+0000] {dagbag.py:538} INFO - Filling up the DagBag from /home/eder/Desktop/Airflow/Twitter/venv/lib/python3.9/site-packages/airflow/example_dags/example_kubernetes_executor.py
[2024-01-05T15:32:55.573+0000] {logging_mixin.py:188} INFO - [2024-01-05T15:32:55.573+0000] {example_kubernetes_executor.py:38} WARNING - The example_kubernetes_executor example DAG requires the kubernetes provider. Please install it with: pip install apache-airflow[cncf.kubernetes]
[2024-01-05T15:32:55.574+0000] {processor.py:842} WARNING - No viable dags retrieved from /home/eder/Desktop/Airflow/Twitter/venv/lib/python3.9/site-packages/airflow/example_dags/example_kubernetes_executor.py
[2024-01-05T15:32:55.588+0000] {processor.py:183} INFO - Processing /home/eder/Desktop/Airflow/Twitter/venv/lib/python3.9/site-packages/airflow/example_dags/example_kubernetes_executor.py took 0.043 seconds
[2024-01-05T15:34:08.285+0000] {processor.py:161} INFO - Started process (PID=10076) to work on /home/eder/Desktop/Airflow/Twitter/venv/lib/python3.9/site-packages/airflow/example_dags/example_kubernetes_executor.py
[2024-01-05T15:34:08.294+0000] {processor.py:830} INFO - Processing file /home/eder/Desktop/Airflow/Twitter/venv/lib/python3.9/site-packages/airflow/example_dags/example_kubernetes_executor.py for tasks to queue
[2024-01-05T15:34:08.296+0000] {logging_mixin.py:188} INFO - [2024-01-05T15:34:08.296+0000] {dagbag.py:538} INFO - Filling up the DagBag from /home/eder/Desktop/Airflow/Twitter/venv/lib/python3.9/site-packages/airflow/example_dags/example_kubernetes_executor.py
[2024-01-05T15:34:08.303+0000] {logging_mixin.py:188} INFO - [2024-01-05T15:34:08.303+0000] {example_kubernetes_executor.py:38} WARNING - The example_kubernetes_executor example DAG requires the kubernetes provider. Please install it with: pip install apache-airflow[cncf.kubernetes]
[2024-01-05T15:34:08.304+0000] {processor.py:842} WARNING - No viable dags retrieved from /home/eder/Desktop/Airflow/Twitter/venv/lib/python3.9/site-packages/airflow/example_dags/example_kubernetes_executor.py
[2024-01-05T15:34:08.320+0000] {processor.py:183} INFO - Processing /home/eder/Desktop/Airflow/Twitter/venv/lib/python3.9/site-packages/airflow/example_dags/example_kubernetes_executor.py took 0.039 seconds
[2024-01-05T15:35:23.901+0000] {processor.py:161} INFO - Started process (PID=10312) to work on /home/eder/Desktop/Airflow/Twitter/venv/lib/python3.9/site-packages/airflow/example_dags/example_kubernetes_executor.py
[2024-01-05T15:35:23.910+0000] {processor.py:830} INFO - Processing file /home/eder/Desktop/Airflow/Twitter/venv/lib/python3.9/site-packages/airflow/example_dags/example_kubernetes_executor.py for tasks to queue
[2024-01-05T15:35:23.912+0000] {logging_mixin.py:188} INFO - [2024-01-05T15:35:23.911+0000] {dagbag.py:538} INFO - Filling up the DagBag from /home/eder/Desktop/Airflow/Twitter/venv/lib/python3.9/site-packages/airflow/example_dags/example_kubernetes_executor.py
[2024-01-05T15:35:23.918+0000] {logging_mixin.py:188} INFO - [2024-01-05T15:35:23.918+0000] {example_kubernetes_executor.py:38} WARNING - The example_kubernetes_executor example DAG requires the kubernetes provider. Please install it with: pip install apache-airflow[cncf.kubernetes]
[2024-01-05T15:35:23.918+0000] {processor.py:842} WARNING - No viable dags retrieved from /home/eder/Desktop/Airflow/Twitter/venv/lib/python3.9/site-packages/airflow/example_dags/example_kubernetes_executor.py
[2024-01-05T15:35:23.934+0000] {processor.py:183} INFO - Processing /home/eder/Desktop/Airflow/Twitter/venv/lib/python3.9/site-packages/airflow/example_dags/example_kubernetes_executor.py took 0.038 seconds
[2024-01-05T15:36:43.712+0000] {processor.py:161} INFO - Started process (PID=10670) to work on /home/eder/Desktop/Airflow/Twitter/venv/lib/python3.9/site-packages/airflow/example_dags/example_kubernetes_executor.py
[2024-01-05T15:36:43.721+0000] {processor.py:830} INFO - Processing file /home/eder/Desktop/Airflow/Twitter/venv/lib/python3.9/site-packages/airflow/example_dags/example_kubernetes_executor.py for tasks to queue
[2024-01-05T15:36:43.722+0000] {logging_mixin.py:188} INFO - [2024-01-05T15:36:43.722+0000] {dagbag.py:538} INFO - Filling up the DagBag from /home/eder/Desktop/Airflow/Twitter/venv/lib/python3.9/site-packages/airflow/example_dags/example_kubernetes_executor.py
[2024-01-05T15:36:43.727+0000] {logging_mixin.py:188} INFO - [2024-01-05T15:36:43.727+0000] {example_kubernetes_executor.py:38} WARNING - The example_kubernetes_executor example DAG requires the kubernetes provider. Please install it with: pip install apache-airflow[cncf.kubernetes]
[2024-01-05T15:36:43.728+0000] {processor.py:842} WARNING - No viable dags retrieved from /home/eder/Desktop/Airflow/Twitter/venv/lib/python3.9/site-packages/airflow/example_dags/example_kubernetes_executor.py
[2024-01-05T15:36:43.741+0000] {processor.py:183} INFO - Processing /home/eder/Desktop/Airflow/Twitter/venv/lib/python3.9/site-packages/airflow/example_dags/example_kubernetes_executor.py took 0.032 seconds
[2024-01-05T15:38:00.449+0000] {processor.py:161} INFO - Started process (PID=10841) to work on /home/eder/Desktop/Airflow/Twitter/venv/lib/python3.9/site-packages/airflow/example_dags/example_kubernetes_executor.py
[2024-01-05T15:38:00.457+0000] {processor.py:830} INFO - Processing file /home/eder/Desktop/Airflow/Twitter/venv/lib/python3.9/site-packages/airflow/example_dags/example_kubernetes_executor.py for tasks to queue
[2024-01-05T15:38:00.460+0000] {logging_mixin.py:188} INFO - [2024-01-05T15:38:00.459+0000] {dagbag.py:538} INFO - Filling up the DagBag from /home/eder/Desktop/Airflow/Twitter/venv/lib/python3.9/site-packages/airflow/example_dags/example_kubernetes_executor.py
[2024-01-05T15:38:00.465+0000] {logging_mixin.py:188} INFO - [2024-01-05T15:38:00.465+0000] {example_kubernetes_executor.py:38} WARNING - The example_kubernetes_executor example DAG requires the kubernetes provider. Please install it with: pip install apache-airflow[cncf.kubernetes]
[2024-01-05T15:38:00.466+0000] {processor.py:842} WARNING - No viable dags retrieved from /home/eder/Desktop/Airflow/Twitter/venv/lib/python3.9/site-packages/airflow/example_dags/example_kubernetes_executor.py
[2024-01-05T15:38:00.483+0000] {processor.py:183} INFO - Processing /home/eder/Desktop/Airflow/Twitter/venv/lib/python3.9/site-packages/airflow/example_dags/example_kubernetes_executor.py took 0.035 seconds
[2024-01-05T15:39:11.656+0000] {processor.py:161} INFO - Started process (PID=11006) to work on /home/eder/Desktop/Airflow/Twitter/venv/lib/python3.9/site-packages/airflow/example_dags/example_kubernetes_executor.py
[2024-01-05T15:39:11.668+0000] {processor.py:830} INFO - Processing file /home/eder/Desktop/Airflow/Twitter/venv/lib/python3.9/site-packages/airflow/example_dags/example_kubernetes_executor.py for tasks to queue
[2024-01-05T15:39:11.674+0000] {logging_mixin.py:188} INFO - [2024-01-05T15:39:11.669+0000] {dagbag.py:538} INFO - Filling up the DagBag from /home/eder/Desktop/Airflow/Twitter/venv/lib/python3.9/site-packages/airflow/example_dags/example_kubernetes_executor.py
[2024-01-05T15:39:11.681+0000] {logging_mixin.py:188} INFO - [2024-01-05T15:39:11.680+0000] {example_kubernetes_executor.py:38} WARNING - The example_kubernetes_executor example DAG requires the kubernetes provider. Please install it with: pip install apache-airflow[cncf.kubernetes]
[2024-01-05T15:39:11.682+0000] {processor.py:842} WARNING - No viable dags retrieved from /home/eder/Desktop/Airflow/Twitter/venv/lib/python3.9/site-packages/airflow/example_dags/example_kubernetes_executor.py
[2024-01-05T15:39:11.700+0000] {processor.py:183} INFO - Processing /home/eder/Desktop/Airflow/Twitter/venv/lib/python3.9/site-packages/airflow/example_dags/example_kubernetes_executor.py took 0.049 seconds
[2024-01-05T16:31:50.306+0000] {processor.py:161} INFO - Started process (PID=4983) to work on /home/eder/Desktop/Airflow/Twitter/venv/lib/python3.9/site-packages/airflow/example_dags/example_kubernetes_executor.py
[2024-01-05T16:31:50.314+0000] {processor.py:830} INFO - Processing file /home/eder/Desktop/Airflow/Twitter/venv/lib/python3.9/site-packages/airflow/example_dags/example_kubernetes_executor.py for tasks to queue
[2024-01-05T16:31:50.317+0000] {logging_mixin.py:188} INFO - [2024-01-05T16:31:50.316+0000] {dagbag.py:538} INFO - Filling up the DagBag from /home/eder/Desktop/Airflow/Twitter/venv/lib/python3.9/site-packages/airflow/example_dags/example_kubernetes_executor.py
[2024-01-05T16:31:50.320+0000] {logging_mixin.py:188} INFO - [2024-01-05T16:31:50.320+0000] {example_kubernetes_executor.py:38} WARNING - The example_kubernetes_executor example DAG requires the kubernetes provider. Please install it with: pip install apache-airflow[cncf.kubernetes]
[2024-01-05T16:31:50.320+0000] {processor.py:842} WARNING - No viable dags retrieved from /home/eder/Desktop/Airflow/Twitter/venv/lib/python3.9/site-packages/airflow/example_dags/example_kubernetes_executor.py
[2024-01-05T16:31:50.331+0000] {processor.py:183} INFO - Processing /home/eder/Desktop/Airflow/Twitter/venv/lib/python3.9/site-packages/airflow/example_dags/example_kubernetes_executor.py took 0.028 seconds
[2024-01-05T16:33:18.933+0000] {processor.py:161} INFO - Started process (PID=5972) to work on /home/eder/Desktop/Airflow/Twitter/venv/lib/python3.9/site-packages/airflow/example_dags/example_kubernetes_executor.py
[2024-01-05T16:33:18.948+0000] {processor.py:830} INFO - Processing file /home/eder/Desktop/Airflow/Twitter/venv/lib/python3.9/site-packages/airflow/example_dags/example_kubernetes_executor.py for tasks to queue
[2024-01-05T16:33:18.950+0000] {logging_mixin.py:188} INFO - [2024-01-05T16:33:18.949+0000] {dagbag.py:538} INFO - Filling up the DagBag from /home/eder/Desktop/Airflow/Twitter/venv/lib/python3.9/site-packages/airflow/example_dags/example_kubernetes_executor.py
[2024-01-05T16:33:18.955+0000] {logging_mixin.py:188} INFO - [2024-01-05T16:33:18.955+0000] {example_kubernetes_executor.py:38} WARNING - The example_kubernetes_executor example DAG requires the kubernetes provider. Please install it with: pip install apache-airflow[cncf.kubernetes]
[2024-01-05T16:33:18.955+0000] {processor.py:842} WARNING - No viable dags retrieved from /home/eder/Desktop/Airflow/Twitter/venv/lib/python3.9/site-packages/airflow/example_dags/example_kubernetes_executor.py
[2024-01-05T16:33:18.970+0000] {processor.py:183} INFO - Processing /home/eder/Desktop/Airflow/Twitter/venv/lib/python3.9/site-packages/airflow/example_dags/example_kubernetes_executor.py took 0.042 seconds
[2024-01-05T16:38:49.565+0000] {processor.py:161} INFO - Started process (PID=7114) to work on /home/eder/Desktop/Airflow/Twitter/venv/lib/python3.9/site-packages/airflow/example_dags/example_kubernetes_executor.py
[2024-01-05T16:38:49.573+0000] {processor.py:830} INFO - Processing file /home/eder/Desktop/Airflow/Twitter/venv/lib/python3.9/site-packages/airflow/example_dags/example_kubernetes_executor.py for tasks to queue
[2024-01-05T16:38:49.575+0000] {logging_mixin.py:188} INFO - [2024-01-05T16:38:49.575+0000] {dagbag.py:538} INFO - Filling up the DagBag from /home/eder/Desktop/Airflow/Twitter/venv/lib/python3.9/site-packages/airflow/example_dags/example_kubernetes_executor.py
[2024-01-05T16:38:49.578+0000] {logging_mixin.py:188} INFO - [2024-01-05T16:38:49.578+0000] {example_kubernetes_executor.py:38} WARNING - The example_kubernetes_executor example DAG requires the kubernetes provider. Please install it with: pip install apache-airflow[cncf.kubernetes]
[2024-01-05T16:38:49.579+0000] {processor.py:842} WARNING - No viable dags retrieved from /home/eder/Desktop/Airflow/Twitter/venv/lib/python3.9/site-packages/airflow/example_dags/example_kubernetes_executor.py
[2024-01-05T16:38:49.590+0000] {processor.py:183} INFO - Processing /home/eder/Desktop/Airflow/Twitter/venv/lib/python3.9/site-packages/airflow/example_dags/example_kubernetes_executor.py took 0.027 seconds
[2024-01-05T16:39:49.635+0000] {processor.py:161} INFO - Started process (PID=7388) to work on /home/eder/Desktop/Airflow/Twitter/venv/lib/python3.9/site-packages/airflow/example_dags/example_kubernetes_executor.py
[2024-01-05T16:39:49.641+0000] {processor.py:830} INFO - Processing file /home/eder/Desktop/Airflow/Twitter/venv/lib/python3.9/site-packages/airflow/example_dags/example_kubernetes_executor.py for tasks to queue
[2024-01-05T16:39:49.642+0000] {logging_mixin.py:188} INFO - [2024-01-05T16:39:49.642+0000] {dagbag.py:538} INFO - Filling up the DagBag from /home/eder/Desktop/Airflow/Twitter/venv/lib/python3.9/site-packages/airflow/example_dags/example_kubernetes_executor.py
[2024-01-05T16:39:49.650+0000] {logging_mixin.py:188} INFO - [2024-01-05T16:39:49.650+0000] {example_kubernetes_executor.py:38} WARNING - The example_kubernetes_executor example DAG requires the kubernetes provider. Please install it with: pip install apache-airflow[cncf.kubernetes]
[2024-01-05T16:39:49.650+0000] {processor.py:842} WARNING - No viable dags retrieved from /home/eder/Desktop/Airflow/Twitter/venv/lib/python3.9/site-packages/airflow/example_dags/example_kubernetes_executor.py
[2024-01-05T16:39:49.696+0000] {processor.py:183} INFO - Processing /home/eder/Desktop/Airflow/Twitter/venv/lib/python3.9/site-packages/airflow/example_dags/example_kubernetes_executor.py took 0.065 seconds
[2024-01-05T16:40:51.234+0000] {processor.py:161} INFO - Started process (PID=7754) to work on /home/eder/Desktop/Airflow/Twitter/venv/lib/python3.9/site-packages/airflow/example_dags/example_kubernetes_executor.py
[2024-01-05T16:40:51.242+0000] {processor.py:830} INFO - Processing file /home/eder/Desktop/Airflow/Twitter/venv/lib/python3.9/site-packages/airflow/example_dags/example_kubernetes_executor.py for tasks to queue
[2024-01-05T16:40:51.242+0000] {logging_mixin.py:188} INFO - [2024-01-05T16:40:51.242+0000] {dagbag.py:538} INFO - Filling up the DagBag from /home/eder/Desktop/Airflow/Twitter/venv/lib/python3.9/site-packages/airflow/example_dags/example_kubernetes_executor.py
[2024-01-05T16:40:51.245+0000] {logging_mixin.py:188} INFO - [2024-01-05T16:40:51.245+0000] {example_kubernetes_executor.py:38} WARNING - The example_kubernetes_executor example DAG requires the kubernetes provider. Please install it with: pip install apache-airflow[cncf.kubernetes]
[2024-01-05T16:40:51.245+0000] {processor.py:842} WARNING - No viable dags retrieved from /home/eder/Desktop/Airflow/Twitter/venv/lib/python3.9/site-packages/airflow/example_dags/example_kubernetes_executor.py
[2024-01-05T16:40:51.255+0000] {processor.py:183} INFO - Processing /home/eder/Desktop/Airflow/Twitter/venv/lib/python3.9/site-packages/airflow/example_dags/example_kubernetes_executor.py took 0.024 seconds
[2024-01-05T16:42:13.755+0000] {processor.py:161} INFO - Started process (PID=8036) to work on /home/eder/Desktop/Airflow/Twitter/venv/lib/python3.9/site-packages/airflow/example_dags/example_kubernetes_executor.py
[2024-01-05T16:42:13.757+0000] {processor.py:830} INFO - Processing file /home/eder/Desktop/Airflow/Twitter/venv/lib/python3.9/site-packages/airflow/example_dags/example_kubernetes_executor.py for tasks to queue
[2024-01-05T16:42:13.757+0000] {logging_mixin.py:188} INFO - [2024-01-05T16:42:13.757+0000] {dagbag.py:538} INFO - Filling up the DagBag from /home/eder/Desktop/Airflow/Twitter/venv/lib/python3.9/site-packages/airflow/example_dags/example_kubernetes_executor.py
[2024-01-05T16:42:13.760+0000] {logging_mixin.py:188} INFO - [2024-01-05T16:42:13.760+0000] {example_kubernetes_executor.py:38} WARNING - The example_kubernetes_executor example DAG requires the kubernetes provider. Please install it with: pip install apache-airflow[cncf.kubernetes]
[2024-01-05T16:42:13.760+0000] {processor.py:842} WARNING - No viable dags retrieved from /home/eder/Desktop/Airflow/Twitter/venv/lib/python3.9/site-packages/airflow/example_dags/example_kubernetes_executor.py
[2024-01-05T16:42:13.770+0000] {processor.py:183} INFO - Processing /home/eder/Desktop/Airflow/Twitter/venv/lib/python3.9/site-packages/airflow/example_dags/example_kubernetes_executor.py took 0.019 seconds
[2024-01-05T16:43:32.359+0000] {processor.py:161} INFO - Started process (PID=8364) to work on /home/eder/Desktop/Airflow/Twitter/venv/lib/python3.9/site-packages/airflow/example_dags/example_kubernetes_executor.py
[2024-01-05T16:43:32.371+0000] {processor.py:830} INFO - Processing file /home/eder/Desktop/Airflow/Twitter/venv/lib/python3.9/site-packages/airflow/example_dags/example_kubernetes_executor.py for tasks to queue
[2024-01-05T16:43:32.377+0000] {logging_mixin.py:188} INFO - [2024-01-05T16:43:32.372+0000] {dagbag.py:538} INFO - Filling up the DagBag from /home/eder/Desktop/Airflow/Twitter/venv/lib/python3.9/site-packages/airflow/example_dags/example_kubernetes_executor.py
[2024-01-05T16:43:32.379+0000] {logging_mixin.py:188} INFO - [2024-01-05T16:43:32.379+0000] {example_kubernetes_executor.py:38} WARNING - The example_kubernetes_executor example DAG requires the kubernetes provider. Please install it with: pip install apache-airflow[cncf.kubernetes]
[2024-01-05T16:43:32.387+0000] {processor.py:842} WARNING - No viable dags retrieved from /home/eder/Desktop/Airflow/Twitter/venv/lib/python3.9/site-packages/airflow/example_dags/example_kubernetes_executor.py
[2024-01-05T16:43:32.408+0000] {processor.py:183} INFO - Processing /home/eder/Desktop/Airflow/Twitter/venv/lib/python3.9/site-packages/airflow/example_dags/example_kubernetes_executor.py took 0.050 seconds
[2024-01-05T16:44:35.683+0000] {processor.py:161} INFO - Started process (PID=8658) to work on /home/eder/Desktop/Airflow/Twitter/venv/lib/python3.9/site-packages/airflow/example_dags/example_kubernetes_executor.py
[2024-01-05T16:44:35.686+0000] {processor.py:830} INFO - Processing file /home/eder/Desktop/Airflow/Twitter/venv/lib/python3.9/site-packages/airflow/example_dags/example_kubernetes_executor.py for tasks to queue
[2024-01-05T16:44:35.688+0000] {logging_mixin.py:188} INFO - [2024-01-05T16:44:35.687+0000] {dagbag.py:538} INFO - Filling up the DagBag from /home/eder/Desktop/Airflow/Twitter/venv/lib/python3.9/site-packages/airflow/example_dags/example_kubernetes_executor.py
[2024-01-05T16:44:35.692+0000] {logging_mixin.py:188} INFO - [2024-01-05T16:44:35.691+0000] {example_kubernetes_executor.py:38} WARNING - The example_kubernetes_executor example DAG requires the kubernetes provider. Please install it with: pip install apache-airflow[cncf.kubernetes]
[2024-01-05T16:44:35.703+0000] {processor.py:842} WARNING - No viable dags retrieved from /home/eder/Desktop/Airflow/Twitter/venv/lib/python3.9/site-packages/airflow/example_dags/example_kubernetes_executor.py
[2024-01-05T16:44:35.791+0000] {processor.py:183} INFO - Processing /home/eder/Desktop/Airflow/Twitter/venv/lib/python3.9/site-packages/airflow/example_dags/example_kubernetes_executor.py took 0.116 seconds
[2024-01-05T16:53:04.772+0000] {processor.py:161} INFO - Started process (PID=16566) to work on /home/eder/Desktop/Airflow/Twitter/venv/lib/python3.9/site-packages/airflow/example_dags/example_kubernetes_executor.py
[2024-01-05T16:53:04.785+0000] {processor.py:830} INFO - Processing file /home/eder/Desktop/Airflow/Twitter/venv/lib/python3.9/site-packages/airflow/example_dags/example_kubernetes_executor.py for tasks to queue
[2024-01-05T16:53:04.786+0000] {logging_mixin.py:188} INFO - [2024-01-05T16:53:04.786+0000] {dagbag.py:538} INFO - Filling up the DagBag from /home/eder/Desktop/Airflow/Twitter/venv/lib/python3.9/site-packages/airflow/example_dags/example_kubernetes_executor.py
[2024-01-05T16:53:04.790+0000] {logging_mixin.py:188} INFO - [2024-01-05T16:53:04.790+0000] {example_kubernetes_executor.py:38} WARNING - The example_kubernetes_executor example DAG requires the kubernetes provider. Please install it with: pip install apache-airflow[cncf.kubernetes]
[2024-01-05T16:53:04.790+0000] {processor.py:842} WARNING - No viable dags retrieved from /home/eder/Desktop/Airflow/Twitter/venv/lib/python3.9/site-packages/airflow/example_dags/example_kubernetes_executor.py
[2024-01-05T16:53:04.808+0000] {processor.py:183} INFO - Processing /home/eder/Desktop/Airflow/Twitter/venv/lib/python3.9/site-packages/airflow/example_dags/example_kubernetes_executor.py took 0.041 seconds
[2024-01-05T16:54:04.008+0000] {processor.py:161} INFO - Started process (PID=16792) to work on /home/eder/Desktop/Airflow/Twitter/venv/lib/python3.9/site-packages/airflow/example_dags/example_kubernetes_executor.py
[2024-01-05T16:54:04.021+0000] {processor.py:830} INFO - Processing file /home/eder/Desktop/Airflow/Twitter/venv/lib/python3.9/site-packages/airflow/example_dags/example_kubernetes_executor.py for tasks to queue
[2024-01-05T16:54:04.022+0000] {logging_mixin.py:188} INFO - [2024-01-05T16:54:04.022+0000] {dagbag.py:538} INFO - Filling up the DagBag from /home/eder/Desktop/Airflow/Twitter/venv/lib/python3.9/site-packages/airflow/example_dags/example_kubernetes_executor.py
[2024-01-05T16:54:04.030+0000] {logging_mixin.py:188} INFO - [2024-01-05T16:54:04.029+0000] {example_kubernetes_executor.py:38} WARNING - The example_kubernetes_executor example DAG requires the kubernetes provider. Please install it with: pip install apache-airflow[cncf.kubernetes]
[2024-01-05T16:54:04.030+0000] {processor.py:842} WARNING - No viable dags retrieved from /home/eder/Desktop/Airflow/Twitter/venv/lib/python3.9/site-packages/airflow/example_dags/example_kubernetes_executor.py
[2024-01-05T16:54:04.042+0000] {processor.py:183} INFO - Processing /home/eder/Desktop/Airflow/Twitter/venv/lib/python3.9/site-packages/airflow/example_dags/example_kubernetes_executor.py took 0.040 seconds
[2024-01-05T16:55:02.175+0000] {processor.py:161} INFO - Started process (PID=16963) to work on /home/eder/Desktop/Airflow/Twitter/venv/lib/python3.9/site-packages/airflow/example_dags/example_kubernetes_executor.py
[2024-01-05T16:55:02.191+0000] {processor.py:830} INFO - Processing file /home/eder/Desktop/Airflow/Twitter/venv/lib/python3.9/site-packages/airflow/example_dags/example_kubernetes_executor.py for tasks to queue
[2024-01-05T16:55:02.192+0000] {logging_mixin.py:188} INFO - [2024-01-05T16:55:02.191+0000] {dagbag.py:538} INFO - Filling up the DagBag from /home/eder/Desktop/Airflow/Twitter/venv/lib/python3.9/site-packages/airflow/example_dags/example_kubernetes_executor.py
[2024-01-05T16:55:02.198+0000] {logging_mixin.py:188} INFO - [2024-01-05T16:55:02.198+0000] {example_kubernetes_executor.py:38} WARNING - The example_kubernetes_executor example DAG requires the kubernetes provider. Please install it with: pip install apache-airflow[cncf.kubernetes]
[2024-01-05T16:55:02.198+0000] {processor.py:842} WARNING - No viable dags retrieved from /home/eder/Desktop/Airflow/Twitter/venv/lib/python3.9/site-packages/airflow/example_dags/example_kubernetes_executor.py
[2024-01-05T16:55:02.220+0000] {processor.py:183} INFO - Processing /home/eder/Desktop/Airflow/Twitter/venv/lib/python3.9/site-packages/airflow/example_dags/example_kubernetes_executor.py took 0.049 seconds
[2024-01-05T16:56:01.944+0000] {processor.py:161} INFO - Started process (PID=17131) to work on /home/eder/Desktop/Airflow/Twitter/venv/lib/python3.9/site-packages/airflow/example_dags/example_kubernetes_executor.py
[2024-01-05T16:56:01.968+0000] {processor.py:830} INFO - Processing file /home/eder/Desktop/Airflow/Twitter/venv/lib/python3.9/site-packages/airflow/example_dags/example_kubernetes_executor.py for tasks to queue
[2024-01-05T16:56:01.972+0000] {logging_mixin.py:188} INFO - [2024-01-05T16:56:01.971+0000] {dagbag.py:538} INFO - Filling up the DagBag from /home/eder/Desktop/Airflow/Twitter/venv/lib/python3.9/site-packages/airflow/example_dags/example_kubernetes_executor.py
[2024-01-05T16:56:01.979+0000] {logging_mixin.py:188} INFO - [2024-01-05T16:56:01.978+0000] {example_kubernetes_executor.py:38} WARNING - The example_kubernetes_executor example DAG requires the kubernetes provider. Please install it with: pip install apache-airflow[cncf.kubernetes]
[2024-01-05T16:56:01.986+0000] {processor.py:842} WARNING - No viable dags retrieved from /home/eder/Desktop/Airflow/Twitter/venv/lib/python3.9/site-packages/airflow/example_dags/example_kubernetes_executor.py
[2024-01-05T16:56:02.008+0000] {processor.py:183} INFO - Processing /home/eder/Desktop/Airflow/Twitter/venv/lib/python3.9/site-packages/airflow/example_dags/example_kubernetes_executor.py took 0.072 seconds
[2024-01-05T16:57:03.219+0000] {processor.py:161} INFO - Started process (PID=17308) to work on /home/eder/Desktop/Airflow/Twitter/venv/lib/python3.9/site-packages/airflow/example_dags/example_kubernetes_executor.py
[2024-01-05T16:57:03.232+0000] {processor.py:830} INFO - Processing file /home/eder/Desktop/Airflow/Twitter/venv/lib/python3.9/site-packages/airflow/example_dags/example_kubernetes_executor.py for tasks to queue
[2024-01-05T16:57:03.234+0000] {logging_mixin.py:188} INFO - [2024-01-05T16:57:03.234+0000] {dagbag.py:538} INFO - Filling up the DagBag from /home/eder/Desktop/Airflow/Twitter/venv/lib/python3.9/site-packages/airflow/example_dags/example_kubernetes_executor.py
[2024-01-05T16:57:03.243+0000] {logging_mixin.py:188} INFO - [2024-01-05T16:57:03.240+0000] {example_kubernetes_executor.py:38} WARNING - The example_kubernetes_executor example DAG requires the kubernetes provider. Please install it with: pip install apache-airflow[cncf.kubernetes]
[2024-01-05T16:57:03.247+0000] {processor.py:842} WARNING - No viable dags retrieved from /home/eder/Desktop/Airflow/Twitter/venv/lib/python3.9/site-packages/airflow/example_dags/example_kubernetes_executor.py
[2024-01-05T16:57:03.265+0000] {processor.py:183} INFO - Processing /home/eder/Desktop/Airflow/Twitter/venv/lib/python3.9/site-packages/airflow/example_dags/example_kubernetes_executor.py took 0.048 seconds
[2024-01-05T16:58:08.731+0000] {processor.py:161} INFO - Started process (PID=17480) to work on /home/eder/Desktop/Airflow/Twitter/venv/lib/python3.9/site-packages/airflow/example_dags/example_kubernetes_executor.py
[2024-01-05T16:58:08.743+0000] {processor.py:830} INFO - Processing file /home/eder/Desktop/Airflow/Twitter/venv/lib/python3.9/site-packages/airflow/example_dags/example_kubernetes_executor.py for tasks to queue
[2024-01-05T16:58:08.744+0000] {logging_mixin.py:188} INFO - [2024-01-05T16:58:08.743+0000] {dagbag.py:538} INFO - Filling up the DagBag from /home/eder/Desktop/Airflow/Twitter/venv/lib/python3.9/site-packages/airflow/example_dags/example_kubernetes_executor.py
[2024-01-05T16:58:08.748+0000] {logging_mixin.py:188} INFO - [2024-01-05T16:58:08.748+0000] {example_kubernetes_executor.py:38} WARNING - The example_kubernetes_executor example DAG requires the kubernetes provider. Please install it with: pip install apache-airflow[cncf.kubernetes]
[2024-01-05T16:58:08.749+0000] {processor.py:842} WARNING - No viable dags retrieved from /home/eder/Desktop/Airflow/Twitter/venv/lib/python3.9/site-packages/airflow/example_dags/example_kubernetes_executor.py
[2024-01-05T16:58:08.766+0000] {processor.py:183} INFO - Processing /home/eder/Desktop/Airflow/Twitter/venv/lib/python3.9/site-packages/airflow/example_dags/example_kubernetes_executor.py took 0.041 seconds
[2024-01-05T16:59:09.480+0000] {processor.py:161} INFO - Started process (PID=17713) to work on /home/eder/Desktop/Airflow/Twitter/venv/lib/python3.9/site-packages/airflow/example_dags/example_kubernetes_executor.py
[2024-01-05T16:59:09.496+0000] {processor.py:830} INFO - Processing file /home/eder/Desktop/Airflow/Twitter/venv/lib/python3.9/site-packages/airflow/example_dags/example_kubernetes_executor.py for tasks to queue
[2024-01-05T16:59:09.497+0000] {logging_mixin.py:188} INFO - [2024-01-05T16:59:09.497+0000] {dagbag.py:538} INFO - Filling up the DagBag from /home/eder/Desktop/Airflow/Twitter/venv/lib/python3.9/site-packages/airflow/example_dags/example_kubernetes_executor.py
[2024-01-05T16:59:09.502+0000] {logging_mixin.py:188} INFO - [2024-01-05T16:59:09.500+0000] {example_kubernetes_executor.py:38} WARNING - The example_kubernetes_executor example DAG requires the kubernetes provider. Please install it with: pip install apache-airflow[cncf.kubernetes]
[2024-01-05T16:59:09.503+0000] {processor.py:842} WARNING - No viable dags retrieved from /home/eder/Desktop/Airflow/Twitter/venv/lib/python3.9/site-packages/airflow/example_dags/example_kubernetes_executor.py
[2024-01-05T16:59:09.521+0000] {processor.py:183} INFO - Processing /home/eder/Desktop/Airflow/Twitter/venv/lib/python3.9/site-packages/airflow/example_dags/example_kubernetes_executor.py took 0.046 seconds
[2024-01-05T17:00:10.321+0000] {processor.py:161} INFO - Started process (PID=17876) to work on /home/eder/Desktop/Airflow/Twitter/venv/lib/python3.9/site-packages/airflow/example_dags/example_kubernetes_executor.py
[2024-01-05T17:00:10.331+0000] {processor.py:830} INFO - Processing file /home/eder/Desktop/Airflow/Twitter/venv/lib/python3.9/site-packages/airflow/example_dags/example_kubernetes_executor.py for tasks to queue
[2024-01-05T17:00:10.332+0000] {logging_mixin.py:188} INFO - [2024-01-05T17:00:10.332+0000] {dagbag.py:538} INFO - Filling up the DagBag from /home/eder/Desktop/Airflow/Twitter/venv/lib/python3.9/site-packages/airflow/example_dags/example_kubernetes_executor.py
[2024-01-05T17:00:10.342+0000] {logging_mixin.py:188} INFO - [2024-01-05T17:00:10.342+0000] {example_kubernetes_executor.py:38} WARNING - The example_kubernetes_executor example DAG requires the kubernetes provider. Please install it with: pip install apache-airflow[cncf.kubernetes]
[2024-01-05T17:00:10.342+0000] {processor.py:842} WARNING - No viable dags retrieved from /home/eder/Desktop/Airflow/Twitter/venv/lib/python3.9/site-packages/airflow/example_dags/example_kubernetes_executor.py
[2024-01-05T17:00:10.368+0000] {processor.py:183} INFO - Processing /home/eder/Desktop/Airflow/Twitter/venv/lib/python3.9/site-packages/airflow/example_dags/example_kubernetes_executor.py took 0.053 seconds
[2024-01-05T17:01:17.580+0000] {processor.py:161} INFO - Started process (PID=18123) to work on /home/eder/Desktop/Airflow/Twitter/venv/lib/python3.9/site-packages/airflow/example_dags/example_kubernetes_executor.py
[2024-01-05T17:01:17.593+0000] {processor.py:830} INFO - Processing file /home/eder/Desktop/Airflow/Twitter/venv/lib/python3.9/site-packages/airflow/example_dags/example_kubernetes_executor.py for tasks to queue
[2024-01-05T17:01:17.594+0000] {logging_mixin.py:188} INFO - [2024-01-05T17:01:17.594+0000] {dagbag.py:538} INFO - Filling up the DagBag from /home/eder/Desktop/Airflow/Twitter/venv/lib/python3.9/site-packages/airflow/example_dags/example_kubernetes_executor.py
[2024-01-05T17:01:17.607+0000] {logging_mixin.py:188} INFO - [2024-01-05T17:01:17.607+0000] {example_kubernetes_executor.py:38} WARNING - The example_kubernetes_executor example DAG requires the kubernetes provider. Please install it with: pip install apache-airflow[cncf.kubernetes]
[2024-01-05T17:01:17.607+0000] {processor.py:842} WARNING - No viable dags retrieved from /home/eder/Desktop/Airflow/Twitter/venv/lib/python3.9/site-packages/airflow/example_dags/example_kubernetes_executor.py
[2024-01-05T17:01:17.627+0000] {processor.py:183} INFO - Processing /home/eder/Desktop/Airflow/Twitter/venv/lib/python3.9/site-packages/airflow/example_dags/example_kubernetes_executor.py took 0.051 seconds
[2024-01-05T17:02:19.571+0000] {processor.py:161} INFO - Started process (PID=18298) to work on /home/eder/Desktop/Airflow/Twitter/venv/lib/python3.9/site-packages/airflow/example_dags/example_kubernetes_executor.py
[2024-01-05T17:02:19.595+0000] {processor.py:830} INFO - Processing file /home/eder/Desktop/Airflow/Twitter/venv/lib/python3.9/site-packages/airflow/example_dags/example_kubernetes_executor.py for tasks to queue
[2024-01-05T17:02:19.596+0000] {logging_mixin.py:188} INFO - [2024-01-05T17:02:19.596+0000] {dagbag.py:538} INFO - Filling up the DagBag from /home/eder/Desktop/Airflow/Twitter/venv/lib/python3.9/site-packages/airflow/example_dags/example_kubernetes_executor.py
[2024-01-05T17:02:19.608+0000] {logging_mixin.py:188} INFO - [2024-01-05T17:02:19.608+0000] {example_kubernetes_executor.py:38} WARNING - The example_kubernetes_executor example DAG requires the kubernetes provider. Please install it with: pip install apache-airflow[cncf.kubernetes]
[2024-01-05T17:02:19.608+0000] {processor.py:842} WARNING - No viable dags retrieved from /home/eder/Desktop/Airflow/Twitter/venv/lib/python3.9/site-packages/airflow/example_dags/example_kubernetes_executor.py
[2024-01-05T17:02:19.625+0000] {processor.py:183} INFO - Processing /home/eder/Desktop/Airflow/Twitter/venv/lib/python3.9/site-packages/airflow/example_dags/example_kubernetes_executor.py took 0.062 seconds
[2024-01-05T17:03:21.227+0000] {processor.py:161} INFO - Started process (PID=18459) to work on /home/eder/Desktop/Airflow/Twitter/venv/lib/python3.9/site-packages/airflow/example_dags/example_kubernetes_executor.py
[2024-01-05T17:03:21.236+0000] {processor.py:830} INFO - Processing file /home/eder/Desktop/Airflow/Twitter/venv/lib/python3.9/site-packages/airflow/example_dags/example_kubernetes_executor.py for tasks to queue
[2024-01-05T17:03:21.241+0000] {logging_mixin.py:188} INFO - [2024-01-05T17:03:21.239+0000] {dagbag.py:538} INFO - Filling up the DagBag from /home/eder/Desktop/Airflow/Twitter/venv/lib/python3.9/site-packages/airflow/example_dags/example_kubernetes_executor.py
[2024-01-05T17:03:21.244+0000] {logging_mixin.py:188} INFO - [2024-01-05T17:03:21.244+0000] {example_kubernetes_executor.py:38} WARNING - The example_kubernetes_executor example DAG requires the kubernetes provider. Please install it with: pip install apache-airflow[cncf.kubernetes]
[2024-01-05T17:03:21.247+0000] {processor.py:842} WARNING - No viable dags retrieved from /home/eder/Desktop/Airflow/Twitter/venv/lib/python3.9/site-packages/airflow/example_dags/example_kubernetes_executor.py
[2024-01-05T17:03:21.275+0000] {processor.py:183} INFO - Processing /home/eder/Desktop/Airflow/Twitter/venv/lib/python3.9/site-packages/airflow/example_dags/example_kubernetes_executor.py took 0.050 seconds
[2024-01-05T17:04:19.951+0000] {processor.py:161} INFO - Started process (PID=18698) to work on /home/eder/Desktop/Airflow/Twitter/venv/lib/python3.9/site-packages/airflow/example_dags/example_kubernetes_executor.py
[2024-01-05T17:04:19.958+0000] {processor.py:830} INFO - Processing file /home/eder/Desktop/Airflow/Twitter/venv/lib/python3.9/site-packages/airflow/example_dags/example_kubernetes_executor.py for tasks to queue
[2024-01-05T17:04:19.959+0000] {logging_mixin.py:188} INFO - [2024-01-05T17:04:19.959+0000] {dagbag.py:538} INFO - Filling up the DagBag from /home/eder/Desktop/Airflow/Twitter/venv/lib/python3.9/site-packages/airflow/example_dags/example_kubernetes_executor.py
[2024-01-05T17:04:19.967+0000] {logging_mixin.py:188} INFO - [2024-01-05T17:04:19.967+0000] {example_kubernetes_executor.py:38} WARNING - The example_kubernetes_executor example DAG requires the kubernetes provider. Please install it with: pip install apache-airflow[cncf.kubernetes]
[2024-01-05T17:04:19.968+0000] {processor.py:842} WARNING - No viable dags retrieved from /home/eder/Desktop/Airflow/Twitter/venv/lib/python3.9/site-packages/airflow/example_dags/example_kubernetes_executor.py
[2024-01-05T17:04:19.979+0000] {processor.py:183} INFO - Processing /home/eder/Desktop/Airflow/Twitter/venv/lib/python3.9/site-packages/airflow/example_dags/example_kubernetes_executor.py took 0.031 seconds
[2024-01-05T17:05:30.766+0000] {processor.py:161} INFO - Started process (PID=18883) to work on /home/eder/Desktop/Airflow/Twitter/venv/lib/python3.9/site-packages/airflow/example_dags/example_kubernetes_executor.py
[2024-01-05T17:05:30.772+0000] {processor.py:830} INFO - Processing file /home/eder/Desktop/Airflow/Twitter/venv/lib/python3.9/site-packages/airflow/example_dags/example_kubernetes_executor.py for tasks to queue
[2024-01-05T17:05:30.773+0000] {logging_mixin.py:188} INFO - [2024-01-05T17:05:30.773+0000] {dagbag.py:538} INFO - Filling up the DagBag from /home/eder/Desktop/Airflow/Twitter/venv/lib/python3.9/site-packages/airflow/example_dags/example_kubernetes_executor.py
[2024-01-05T17:05:30.776+0000] {logging_mixin.py:188} INFO - [2024-01-05T17:05:30.776+0000] {example_kubernetes_executor.py:38} WARNING - The example_kubernetes_executor example DAG requires the kubernetes provider. Please install it with: pip install apache-airflow[cncf.kubernetes]
[2024-01-05T17:05:30.776+0000] {processor.py:842} WARNING - No viable dags retrieved from /home/eder/Desktop/Airflow/Twitter/venv/lib/python3.9/site-packages/airflow/example_dags/example_kubernetes_executor.py
[2024-01-05T17:05:30.786+0000] {processor.py:183} INFO - Processing /home/eder/Desktop/Airflow/Twitter/venv/lib/python3.9/site-packages/airflow/example_dags/example_kubernetes_executor.py took 0.036 seconds
[2024-01-05T17:06:37.220+0000] {processor.py:161} INFO - Started process (PID=19060) to work on /home/eder/Desktop/Airflow/Twitter/venv/lib/python3.9/site-packages/airflow/example_dags/example_kubernetes_executor.py
[2024-01-05T17:06:37.247+0000] {processor.py:830} INFO - Processing file /home/eder/Desktop/Airflow/Twitter/venv/lib/python3.9/site-packages/airflow/example_dags/example_kubernetes_executor.py for tasks to queue
[2024-01-05T17:06:37.248+0000] {logging_mixin.py:188} INFO - [2024-01-05T17:06:37.248+0000] {dagbag.py:538} INFO - Filling up the DagBag from /home/eder/Desktop/Airflow/Twitter/venv/lib/python3.9/site-packages/airflow/example_dags/example_kubernetes_executor.py
[2024-01-05T17:06:37.255+0000] {logging_mixin.py:188} INFO - [2024-01-05T17:06:37.255+0000] {example_kubernetes_executor.py:38} WARNING - The example_kubernetes_executor example DAG requires the kubernetes provider. Please install it with: pip install apache-airflow[cncf.kubernetes]
[2024-01-05T17:06:37.259+0000] {processor.py:842} WARNING - No viable dags retrieved from /home/eder/Desktop/Airflow/Twitter/venv/lib/python3.9/site-packages/airflow/example_dags/example_kubernetes_executor.py
[2024-01-05T17:06:37.283+0000] {processor.py:183} INFO - Processing /home/eder/Desktop/Airflow/Twitter/venv/lib/python3.9/site-packages/airflow/example_dags/example_kubernetes_executor.py took 0.072 seconds
[2024-01-05T17:07:46.778+0000] {processor.py:161} INFO - Started process (PID=19261) to work on /home/eder/Desktop/Airflow/Twitter/venv/lib/python3.9/site-packages/airflow/example_dags/example_kubernetes_executor.py
[2024-01-05T17:07:46.786+0000] {processor.py:830} INFO - Processing file /home/eder/Desktop/Airflow/Twitter/venv/lib/python3.9/site-packages/airflow/example_dags/example_kubernetes_executor.py for tasks to queue
[2024-01-05T17:07:46.787+0000] {logging_mixin.py:188} INFO - [2024-01-05T17:07:46.786+0000] {dagbag.py:538} INFO - Filling up the DagBag from /home/eder/Desktop/Airflow/Twitter/venv/lib/python3.9/site-packages/airflow/example_dags/example_kubernetes_executor.py
[2024-01-05T17:07:46.790+0000] {logging_mixin.py:188} INFO - [2024-01-05T17:07:46.790+0000] {example_kubernetes_executor.py:38} WARNING - The example_kubernetes_executor example DAG requires the kubernetes provider. Please install it with: pip install apache-airflow[cncf.kubernetes]
[2024-01-05T17:07:46.790+0000] {processor.py:842} WARNING - No viable dags retrieved from /home/eder/Desktop/Airflow/Twitter/venv/lib/python3.9/site-packages/airflow/example_dags/example_kubernetes_executor.py
[2024-01-05T17:07:46.800+0000] {processor.py:183} INFO - Processing /home/eder/Desktop/Airflow/Twitter/venv/lib/python3.9/site-packages/airflow/example_dags/example_kubernetes_executor.py took 0.024 seconds
[2024-01-05T17:37:12.522+0000] {processor.py:161} INFO - Started process (PID=20641) to work on /home/eder/Desktop/Airflow/Twitter/venv/lib/python3.9/site-packages/airflow/example_dags/example_kubernetes_executor.py
[2024-01-05T17:37:12.526+0000] {processor.py:830} INFO - Processing file /home/eder/Desktop/Airflow/Twitter/venv/lib/python3.9/site-packages/airflow/example_dags/example_kubernetes_executor.py for tasks to queue
[2024-01-05T17:37:12.527+0000] {logging_mixin.py:188} INFO - [2024-01-05T17:37:12.526+0000] {dagbag.py:538} INFO - Filling up the DagBag from /home/eder/Desktop/Airflow/Twitter/venv/lib/python3.9/site-packages/airflow/example_dags/example_kubernetes_executor.py
[2024-01-05T17:37:12.530+0000] {logging_mixin.py:188} INFO - [2024-01-05T17:37:12.530+0000] {example_kubernetes_executor.py:38} WARNING - The example_kubernetes_executor example DAG requires the kubernetes provider. Please install it with: pip install apache-airflow[cncf.kubernetes]
[2024-01-05T17:37:12.530+0000] {processor.py:842} WARNING - No viable dags retrieved from /home/eder/Desktop/Airflow/Twitter/venv/lib/python3.9/site-packages/airflow/example_dags/example_kubernetes_executor.py
[2024-01-05T17:37:12.539+0000] {processor.py:183} INFO - Processing /home/eder/Desktop/Airflow/Twitter/venv/lib/python3.9/site-packages/airflow/example_dags/example_kubernetes_executor.py took 0.019 seconds
[2024-01-05T17:38:07.043+0000] {processor.py:161} INFO - Started process (PID=20973) to work on /home/eder/Desktop/Airflow/Twitter/venv/lib/python3.9/site-packages/airflow/example_dags/example_kubernetes_executor.py
[2024-01-05T17:38:07.045+0000] {processor.py:830} INFO - Processing file /home/eder/Desktop/Airflow/Twitter/venv/lib/python3.9/site-packages/airflow/example_dags/example_kubernetes_executor.py for tasks to queue
[2024-01-05T17:38:07.046+0000] {logging_mixin.py:188} INFO - [2024-01-05T17:38:07.045+0000] {dagbag.py:538} INFO - Filling up the DagBag from /home/eder/Desktop/Airflow/Twitter/venv/lib/python3.9/site-packages/airflow/example_dags/example_kubernetes_executor.py
[2024-01-05T17:38:07.049+0000] {logging_mixin.py:188} INFO - [2024-01-05T17:38:07.049+0000] {example_kubernetes_executor.py:38} WARNING - The example_kubernetes_executor example DAG requires the kubernetes provider. Please install it with: pip install apache-airflow[cncf.kubernetes]
[2024-01-05T17:38:07.050+0000] {processor.py:842} WARNING - No viable dags retrieved from /home/eder/Desktop/Airflow/Twitter/venv/lib/python3.9/site-packages/airflow/example_dags/example_kubernetes_executor.py
[2024-01-05T17:38:07.058+0000] {processor.py:183} INFO - Processing /home/eder/Desktop/Airflow/Twitter/venv/lib/python3.9/site-packages/airflow/example_dags/example_kubernetes_executor.py took 0.018 seconds
[2024-01-05T17:39:03.306+0000] {processor.py:161} INFO - Started process (PID=21132) to work on /home/eder/Desktop/Airflow/Twitter/venv/lib/python3.9/site-packages/airflow/example_dags/example_kubernetes_executor.py
[2024-01-05T17:39:03.308+0000] {processor.py:830} INFO - Processing file /home/eder/Desktop/Airflow/Twitter/venv/lib/python3.9/site-packages/airflow/example_dags/example_kubernetes_executor.py for tasks to queue
[2024-01-05T17:39:03.310+0000] {logging_mixin.py:188} INFO - [2024-01-05T17:39:03.309+0000] {dagbag.py:538} INFO - Filling up the DagBag from /home/eder/Desktop/Airflow/Twitter/venv/lib/python3.9/site-packages/airflow/example_dags/example_kubernetes_executor.py
[2024-01-05T17:39:03.313+0000] {logging_mixin.py:188} INFO - [2024-01-05T17:39:03.312+0000] {example_kubernetes_executor.py:38} WARNING - The example_kubernetes_executor example DAG requires the kubernetes provider. Please install it with: pip install apache-airflow[cncf.kubernetes]
[2024-01-05T17:39:03.313+0000] {processor.py:842} WARNING - No viable dags retrieved from /home/eder/Desktop/Airflow/Twitter/venv/lib/python3.9/site-packages/airflow/example_dags/example_kubernetes_executor.py
[2024-01-05T17:39:03.322+0000] {processor.py:183} INFO - Processing /home/eder/Desktop/Airflow/Twitter/venv/lib/python3.9/site-packages/airflow/example_dags/example_kubernetes_executor.py took 0.020 seconds
[2024-01-05T17:40:01.106+0000] {processor.py:161} INFO - Started process (PID=21285) to work on /home/eder/Desktop/Airflow/Twitter/venv/lib/python3.9/site-packages/airflow/example_dags/example_kubernetes_executor.py
[2024-01-05T17:40:01.114+0000] {processor.py:830} INFO - Processing file /home/eder/Desktop/Airflow/Twitter/venv/lib/python3.9/site-packages/airflow/example_dags/example_kubernetes_executor.py for tasks to queue
[2024-01-05T17:40:01.114+0000] {logging_mixin.py:188} INFO - [2024-01-05T17:40:01.114+0000] {dagbag.py:538} INFO - Filling up the DagBag from /home/eder/Desktop/Airflow/Twitter/venv/lib/python3.9/site-packages/airflow/example_dags/example_kubernetes_executor.py
[2024-01-05T17:40:01.117+0000] {logging_mixin.py:188} INFO - [2024-01-05T17:40:01.117+0000] {example_kubernetes_executor.py:38} WARNING - The example_kubernetes_executor example DAG requires the kubernetes provider. Please install it with: pip install apache-airflow[cncf.kubernetes]
[2024-01-05T17:40:01.118+0000] {processor.py:842} WARNING - No viable dags retrieved from /home/eder/Desktop/Airflow/Twitter/venv/lib/python3.9/site-packages/airflow/example_dags/example_kubernetes_executor.py
[2024-01-05T17:40:01.127+0000] {processor.py:183} INFO - Processing /home/eder/Desktop/Airflow/Twitter/venv/lib/python3.9/site-packages/airflow/example_dags/example_kubernetes_executor.py took 0.024 seconds
[2024-01-05T17:51:03.581+0000] {processor.py:161} INFO - Started process (PID=32467) to work on /home/eder/Desktop/Airflow/Twitter/venv/lib/python3.9/site-packages/airflow/example_dags/example_kubernetes_executor.py
[2024-01-05T17:51:03.588+0000] {processor.py:830} INFO - Processing file /home/eder/Desktop/Airflow/Twitter/venv/lib/python3.9/site-packages/airflow/example_dags/example_kubernetes_executor.py for tasks to queue
[2024-01-05T17:51:03.589+0000] {logging_mixin.py:188} INFO - [2024-01-05T17:51:03.589+0000] {dagbag.py:538} INFO - Filling up the DagBag from /home/eder/Desktop/Airflow/Twitter/venv/lib/python3.9/site-packages/airflow/example_dags/example_kubernetes_executor.py
[2024-01-05T17:51:03.592+0000] {logging_mixin.py:188} INFO - [2024-01-05T17:51:03.592+0000] {example_kubernetes_executor.py:38} WARNING - The example_kubernetes_executor example DAG requires the kubernetes provider. Please install it with: pip install apache-airflow[cncf.kubernetes]
[2024-01-05T17:51:03.593+0000] {processor.py:842} WARNING - No viable dags retrieved from /home/eder/Desktop/Airflow/Twitter/venv/lib/python3.9/site-packages/airflow/example_dags/example_kubernetes_executor.py
[2024-01-05T17:51:03.603+0000] {processor.py:183} INFO - Processing /home/eder/Desktop/Airflow/Twitter/venv/lib/python3.9/site-packages/airflow/example_dags/example_kubernetes_executor.py took 0.025 seconds
[2024-01-05T17:52:07.693+0000] {processor.py:161} INFO - Started process (PID=32678) to work on /home/eder/Desktop/Airflow/Twitter/venv/lib/python3.9/site-packages/airflow/example_dags/example_kubernetes_executor.py
[2024-01-05T17:52:07.715+0000] {processor.py:830} INFO - Processing file /home/eder/Desktop/Airflow/Twitter/venv/lib/python3.9/site-packages/airflow/example_dags/example_kubernetes_executor.py for tasks to queue
[2024-01-05T17:52:07.716+0000] {logging_mixin.py:188} INFO - [2024-01-05T17:52:07.716+0000] {dagbag.py:538} INFO - Filling up the DagBag from /home/eder/Desktop/Airflow/Twitter/venv/lib/python3.9/site-packages/airflow/example_dags/example_kubernetes_executor.py
[2024-01-05T17:52:07.728+0000] {logging_mixin.py:188} INFO - [2024-01-05T17:52:07.728+0000] {example_kubernetes_executor.py:38} WARNING - The example_kubernetes_executor example DAG requires the kubernetes provider. Please install it with: pip install apache-airflow[cncf.kubernetes]
[2024-01-05T17:52:07.730+0000] {processor.py:842} WARNING - No viable dags retrieved from /home/eder/Desktop/Airflow/Twitter/venv/lib/python3.9/site-packages/airflow/example_dags/example_kubernetes_executor.py
[2024-01-05T17:52:07.754+0000] {processor.py:183} INFO - Processing /home/eder/Desktop/Airflow/Twitter/venv/lib/python3.9/site-packages/airflow/example_dags/example_kubernetes_executor.py took 0.064 seconds
[2024-01-05T17:53:03.413+0000] {processor.py:161} INFO - Started process (PID=32875) to work on /home/eder/Desktop/Airflow/Twitter/venv/lib/python3.9/site-packages/airflow/example_dags/example_kubernetes_executor.py
[2024-01-05T17:53:03.422+0000] {processor.py:830} INFO - Processing file /home/eder/Desktop/Airflow/Twitter/venv/lib/python3.9/site-packages/airflow/example_dags/example_kubernetes_executor.py for tasks to queue
[2024-01-05T17:53:03.422+0000] {logging_mixin.py:188} INFO - [2024-01-05T17:53:03.422+0000] {dagbag.py:538} INFO - Filling up the DagBag from /home/eder/Desktop/Airflow/Twitter/venv/lib/python3.9/site-packages/airflow/example_dags/example_kubernetes_executor.py
[2024-01-05T17:53:03.426+0000] {logging_mixin.py:188} INFO - [2024-01-05T17:53:03.426+0000] {example_kubernetes_executor.py:38} WARNING - The example_kubernetes_executor example DAG requires the kubernetes provider. Please install it with: pip install apache-airflow[cncf.kubernetes]
[2024-01-05T17:53:03.427+0000] {processor.py:842} WARNING - No viable dags retrieved from /home/eder/Desktop/Airflow/Twitter/venv/lib/python3.9/site-packages/airflow/example_dags/example_kubernetes_executor.py
[2024-01-05T17:53:03.437+0000] {processor.py:183} INFO - Processing /home/eder/Desktop/Airflow/Twitter/venv/lib/python3.9/site-packages/airflow/example_dags/example_kubernetes_executor.py took 0.026 seconds
[2024-01-05T17:54:03.071+0000] {processor.py:161} INFO - Started process (PID=33060) to work on /home/eder/Desktop/Airflow/Twitter/venv/lib/python3.9/site-packages/airflow/example_dags/example_kubernetes_executor.py
[2024-01-05T17:54:03.080+0000] {processor.py:830} INFO - Processing file /home/eder/Desktop/Airflow/Twitter/venv/lib/python3.9/site-packages/airflow/example_dags/example_kubernetes_executor.py for tasks to queue
[2024-01-05T17:54:03.081+0000] {logging_mixin.py:188} INFO - [2024-01-05T17:54:03.080+0000] {dagbag.py:538} INFO - Filling up the DagBag from /home/eder/Desktop/Airflow/Twitter/venv/lib/python3.9/site-packages/airflow/example_dags/example_kubernetes_executor.py
[2024-01-05T17:54:03.084+0000] {logging_mixin.py:188} INFO - [2024-01-05T17:54:03.084+0000] {example_kubernetes_executor.py:38} WARNING - The example_kubernetes_executor example DAG requires the kubernetes provider. Please install it with: pip install apache-airflow[cncf.kubernetes]
[2024-01-05T17:54:03.095+0000] {processor.py:842} WARNING - No viable dags retrieved from /home/eder/Desktop/Airflow/Twitter/venv/lib/python3.9/site-packages/airflow/example_dags/example_kubernetes_executor.py
[2024-01-05T17:54:03.116+0000] {processor.py:183} INFO - Processing /home/eder/Desktop/Airflow/Twitter/venv/lib/python3.9/site-packages/airflow/example_dags/example_kubernetes_executor.py took 0.053 seconds
[2024-01-05T17:55:01.854+0000] {processor.py:161} INFO - Started process (PID=33214) to work on /home/eder/Desktop/Airflow/Twitter/venv/lib/python3.9/site-packages/airflow/example_dags/example_kubernetes_executor.py
[2024-01-05T17:55:01.869+0000] {processor.py:830} INFO - Processing file /home/eder/Desktop/Airflow/Twitter/venv/lib/python3.9/site-packages/airflow/example_dags/example_kubernetes_executor.py for tasks to queue
[2024-01-05T17:55:01.870+0000] {logging_mixin.py:188} INFO - [2024-01-05T17:55:01.869+0000] {dagbag.py:538} INFO - Filling up the DagBag from /home/eder/Desktop/Airflow/Twitter/venv/lib/python3.9/site-packages/airflow/example_dags/example_kubernetes_executor.py
[2024-01-05T17:55:01.873+0000] {logging_mixin.py:188} INFO - [2024-01-05T17:55:01.873+0000] {example_kubernetes_executor.py:38} WARNING - The example_kubernetes_executor example DAG requires the kubernetes provider. Please install it with: pip install apache-airflow[cncf.kubernetes]
[2024-01-05T17:55:01.873+0000] {processor.py:842} WARNING - No viable dags retrieved from /home/eder/Desktop/Airflow/Twitter/venv/lib/python3.9/site-packages/airflow/example_dags/example_kubernetes_executor.py
[2024-01-05T17:55:01.883+0000] {processor.py:183} INFO - Processing /home/eder/Desktop/Airflow/Twitter/venv/lib/python3.9/site-packages/airflow/example_dags/example_kubernetes_executor.py took 0.032 seconds
[2024-01-05T17:56:06.719+0000] {processor.py:161} INFO - Started process (PID=33416) to work on /home/eder/Desktop/Airflow/Twitter/venv/lib/python3.9/site-packages/airflow/example_dags/example_kubernetes_executor.py
[2024-01-05T17:56:06.752+0000] {processor.py:830} INFO - Processing file /home/eder/Desktop/Airflow/Twitter/venv/lib/python3.9/site-packages/airflow/example_dags/example_kubernetes_executor.py for tasks to queue
[2024-01-05T17:56:06.755+0000] {logging_mixin.py:188} INFO - [2024-01-05T17:56:06.754+0000] {dagbag.py:538} INFO - Filling up the DagBag from /home/eder/Desktop/Airflow/Twitter/venv/lib/python3.9/site-packages/airflow/example_dags/example_kubernetes_executor.py
[2024-01-05T17:56:06.766+0000] {logging_mixin.py:188} INFO - [2024-01-05T17:56:06.764+0000] {example_kubernetes_executor.py:38} WARNING - The example_kubernetes_executor example DAG requires the kubernetes provider. Please install it with: pip install apache-airflow[cncf.kubernetes]
[2024-01-05T17:56:06.766+0000] {processor.py:842} WARNING - No viable dags retrieved from /home/eder/Desktop/Airflow/Twitter/venv/lib/python3.9/site-packages/airflow/example_dags/example_kubernetes_executor.py
[2024-01-05T17:56:06.799+0000] {processor.py:183} INFO - Processing /home/eder/Desktop/Airflow/Twitter/venv/lib/python3.9/site-packages/airflow/example_dags/example_kubernetes_executor.py took 0.085 seconds
[2024-01-05T18:00:26.587+0000] {processor.py:161} INFO - Started process (PID=34072) to work on /home/eder/Desktop/Airflow/Twitter/venv/lib/python3.9/site-packages/airflow/example_dags/example_kubernetes_executor.py
[2024-01-05T18:00:26.601+0000] {processor.py:830} INFO - Processing file /home/eder/Desktop/Airflow/Twitter/venv/lib/python3.9/site-packages/airflow/example_dags/example_kubernetes_executor.py for tasks to queue
[2024-01-05T18:00:26.602+0000] {logging_mixin.py:188} INFO - [2024-01-05T18:00:26.602+0000] {dagbag.py:538} INFO - Filling up the DagBag from /home/eder/Desktop/Airflow/Twitter/venv/lib/python3.9/site-packages/airflow/example_dags/example_kubernetes_executor.py
[2024-01-05T18:00:26.607+0000] {logging_mixin.py:188} INFO - [2024-01-05T18:00:26.606+0000] {example_kubernetes_executor.py:38} WARNING - The example_kubernetes_executor example DAG requires the kubernetes provider. Please install it with: pip install apache-airflow[cncf.kubernetes]
[2024-01-05T18:00:26.607+0000] {processor.py:842} WARNING - No viable dags retrieved from /home/eder/Desktop/Airflow/Twitter/venv/lib/python3.9/site-packages/airflow/example_dags/example_kubernetes_executor.py
[2024-01-05T18:00:26.628+0000] {processor.py:183} INFO - Processing /home/eder/Desktop/Airflow/Twitter/venv/lib/python3.9/site-packages/airflow/example_dags/example_kubernetes_executor.py took 0.045 seconds
