[2024-01-05T01:18:03.848+0000] {processor.py:161} INFO - Started process (PID=24245) to work on /home/eder/Desktop/Airflow/Twitter/venv/lib/python3.9/site-packages/airflow/example_dags/example_branch_operator.py
[2024-01-05T01:18:03.849+0000] {processor.py:830} INFO - Processing file /home/eder/Desktop/Airflow/Twitter/venv/lib/python3.9/site-packages/airflow/example_dags/example_branch_operator.py for tasks to queue
[2024-01-05T01:18:03.850+0000] {logging_mixin.py:188} INFO - [2024-01-05T01:18:03.850+0000] {dagbag.py:538} INFO - Filling up the DagBag from /home/eder/Desktop/Airflow/Twitter/venv/lib/python3.9/site-packages/airflow/example_dags/example_branch_operator.py
[2024-01-05T01:18:03.890+0000] {processor.py:840} INFO - DAG(s) 'example_branch_operator' retrieved from /home/eder/Desktop/Airflow/Twitter/venv/lib/python3.9/site-packages/airflow/example_dags/example_branch_operator.py
[2024-01-05T01:18:04.227+0000] {logging_mixin.py:188} INFO - [2024-01-05T01:18:04.226+0000] {override.py:1769} INFO - Created Permission View: can read on DAG:example_branch_operator
[2024-01-05T01:18:04.364+0000] {logging_mixin.py:188} INFO - [2024-01-05T01:18:04.364+0000] {override.py:1769} INFO - Created Permission View: can delete on DAG:example_branch_operator
[2024-01-05T01:18:04.389+0000] {logging_mixin.py:188} INFO - [2024-01-05T01:18:04.389+0000] {override.py:1769} INFO - Created Permission View: can edit on DAG:example_branch_operator
[2024-01-05T01:18:04.390+0000] {logging_mixin.py:188} INFO - [2024-01-05T01:18:04.389+0000] {dag.py:3033} INFO - Sync 1 DAGs
[2024-01-05T01:18:04.397+0000] {logging_mixin.py:188} INFO - [2024-01-05T01:18:04.397+0000] {dag.py:3055} INFO - Creating ORM DAG for example_branch_operator
[2024-01-05T01:18:04.425+0000] {logging_mixin.py:188} INFO - [2024-01-05T01:18:04.425+0000] {dag.py:3820} INFO - Setting next_dagrun for example_branch_operator to 2024-01-04T00:00:00+00:00, run_after=2024-01-05T00:00:00+00:00
[2024-01-05T01:18:04.666+0000] {processor.py:183} INFO - Processing /home/eder/Desktop/Airflow/Twitter/venv/lib/python3.9/site-packages/airflow/example_dags/example_branch_operator.py took 0.825 seconds
[2024-01-05T01:19:13.873+0000] {processor.py:161} INFO - Started process (PID=24624) to work on /home/eder/Desktop/Airflow/Twitter/venv/lib/python3.9/site-packages/airflow/example_dags/example_branch_operator.py
[2024-01-05T01:19:13.885+0000] {processor.py:830} INFO - Processing file /home/eder/Desktop/Airflow/Twitter/venv/lib/python3.9/site-packages/airflow/example_dags/example_branch_operator.py for tasks to queue
[2024-01-05T01:19:13.889+0000] {logging_mixin.py:188} INFO - [2024-01-05T01:19:13.888+0000] {dagbag.py:538} INFO - Filling up the DagBag from /home/eder/Desktop/Airflow/Twitter/venv/lib/python3.9/site-packages/airflow/example_dags/example_branch_operator.py
[2024-01-05T01:19:13.913+0000] {processor.py:840} INFO - DAG(s) 'example_branch_operator' retrieved from /home/eder/Desktop/Airflow/Twitter/venv/lib/python3.9/site-packages/airflow/example_dags/example_branch_operator.py
[2024-01-05T01:19:13.993+0000] {logging_mixin.py:188} INFO - [2024-01-05T01:19:13.993+0000] {dag.py:3033} INFO - Sync 1 DAGs
[2024-01-05T01:19:14.481+0000] {logging_mixin.py:188} INFO - [2024-01-05T01:19:14.481+0000] {dag.py:3820} INFO - Setting next_dagrun for example_branch_operator to 2024-01-04T00:00:00+00:00, run_after=2024-01-05T00:00:00+00:00
[2024-01-05T01:19:14.602+0000] {processor.py:183} INFO - Processing /home/eder/Desktop/Airflow/Twitter/venv/lib/python3.9/site-packages/airflow/example_dags/example_branch_operator.py took 0.740 seconds
[2024-01-05T01:23:15.362+0000] {processor.py:161} INFO - Started process (PID=28129) to work on /home/eder/Desktop/Airflow/Twitter/venv/lib/python3.9/site-packages/airflow/example_dags/example_branch_operator.py
[2024-01-05T01:23:15.391+0000] {processor.py:830} INFO - Processing file /home/eder/Desktop/Airflow/Twitter/venv/lib/python3.9/site-packages/airflow/example_dags/example_branch_operator.py for tasks to queue
[2024-01-05T01:23:15.393+0000] {logging_mixin.py:188} INFO - [2024-01-05T01:23:15.393+0000] {dagbag.py:538} INFO - Filling up the DagBag from /home/eder/Desktop/Airflow/Twitter/venv/lib/python3.9/site-packages/airflow/example_dags/example_branch_operator.py
[2024-01-05T01:23:15.421+0000] {processor.py:840} INFO - DAG(s) 'example_branch_operator' retrieved from /home/eder/Desktop/Airflow/Twitter/venv/lib/python3.9/site-packages/airflow/example_dags/example_branch_operator.py
[2024-01-05T01:23:15.531+0000] {logging_mixin.py:188} INFO - [2024-01-05T01:23:15.530+0000] {dag.py:3033} INFO - Sync 1 DAGs
[2024-01-05T01:23:15.552+0000] {logging_mixin.py:188} INFO - [2024-01-05T01:23:15.551+0000] {dag.py:3820} INFO - Setting next_dagrun for example_branch_operator to 2024-01-04T00:00:00+00:00, run_after=2024-01-05T00:00:00+00:00
[2024-01-05T01:23:15.677+0000] {processor.py:183} INFO - Processing /home/eder/Desktop/Airflow/Twitter/venv/lib/python3.9/site-packages/airflow/example_dags/example_branch_operator.py took 0.319 seconds
[2024-01-05T01:28:14.263+0000] {processor.py:161} INFO - Started process (PID=32859) to work on /home/eder/Desktop/Airflow/Twitter/venv/lib/python3.9/site-packages/airflow/example_dags/example_branch_operator.py
[2024-01-05T01:28:14.278+0000] {processor.py:830} INFO - Processing file /home/eder/Desktop/Airflow/Twitter/venv/lib/python3.9/site-packages/airflow/example_dags/example_branch_operator.py for tasks to queue
[2024-01-05T01:28:14.279+0000] {logging_mixin.py:188} INFO - [2024-01-05T01:28:14.279+0000] {dagbag.py:538} INFO - Filling up the DagBag from /home/eder/Desktop/Airflow/Twitter/venv/lib/python3.9/site-packages/airflow/example_dags/example_branch_operator.py
[2024-01-05T01:28:14.294+0000] {processor.py:840} INFO - DAG(s) 'example_branch_operator' retrieved from /home/eder/Desktop/Airflow/Twitter/venv/lib/python3.9/site-packages/airflow/example_dags/example_branch_operator.py
[2024-01-05T01:28:14.312+0000] {logging_mixin.py:188} INFO - [2024-01-05T01:28:14.312+0000] {dag.py:3033} INFO - Sync 1 DAGs
[2024-01-05T01:28:14.327+0000] {logging_mixin.py:188} INFO - [2024-01-05T01:28:14.327+0000] {dag.py:3820} INFO - Setting next_dagrun for example_branch_operator to 2024-01-04T00:00:00+00:00, run_after=2024-01-05T00:00:00+00:00
[2024-01-05T01:28:14.411+0000] {processor.py:183} INFO - Processing /home/eder/Desktop/Airflow/Twitter/venv/lib/python3.9/site-packages/airflow/example_dags/example_branch_operator.py took 0.150 seconds
[2024-01-05T01:29:37.783+0000] {processor.py:161} INFO - Started process (PID=33127) to work on /home/eder/Desktop/Airflow/Twitter/venv/lib/python3.9/site-packages/airflow/example_dags/example_branch_operator.py
[2024-01-05T01:29:37.790+0000] {processor.py:830} INFO - Processing file /home/eder/Desktop/Airflow/Twitter/venv/lib/python3.9/site-packages/airflow/example_dags/example_branch_operator.py for tasks to queue
[2024-01-05T01:29:37.791+0000] {logging_mixin.py:188} INFO - [2024-01-05T01:29:37.791+0000] {dagbag.py:538} INFO - Filling up the DagBag from /home/eder/Desktop/Airflow/Twitter/venv/lib/python3.9/site-packages/airflow/example_dags/example_branch_operator.py
[2024-01-05T01:29:37.807+0000] {processor.py:840} INFO - DAG(s) 'example_branch_operator' retrieved from /home/eder/Desktop/Airflow/Twitter/venv/lib/python3.9/site-packages/airflow/example_dags/example_branch_operator.py
[2024-01-05T01:29:37.827+0000] {logging_mixin.py:188} INFO - [2024-01-05T01:29:37.826+0000] {dag.py:3033} INFO - Sync 1 DAGs
[2024-01-05T01:29:37.842+0000] {logging_mixin.py:188} INFO - [2024-01-05T01:29:37.842+0000] {dag.py:3820} INFO - Setting next_dagrun for example_branch_operator to 2024-01-04T00:00:00+00:00, run_after=2024-01-05T00:00:00+00:00
[2024-01-05T01:29:37.867+0000] {processor.py:183} INFO - Processing /home/eder/Desktop/Airflow/Twitter/venv/lib/python3.9/site-packages/airflow/example_dags/example_branch_operator.py took 0.087 seconds
[2024-01-05T01:30:49.357+0000] {processor.py:161} INFO - Started process (PID=33315) to work on /home/eder/Desktop/Airflow/Twitter/venv/lib/python3.9/site-packages/airflow/example_dags/example_branch_operator.py
[2024-01-05T01:30:49.380+0000] {processor.py:830} INFO - Processing file /home/eder/Desktop/Airflow/Twitter/venv/lib/python3.9/site-packages/airflow/example_dags/example_branch_operator.py for tasks to queue
[2024-01-05T01:30:49.382+0000] {logging_mixin.py:188} INFO - [2024-01-05T01:30:49.381+0000] {dagbag.py:538} INFO - Filling up the DagBag from /home/eder/Desktop/Airflow/Twitter/venv/lib/python3.9/site-packages/airflow/example_dags/example_branch_operator.py
[2024-01-05T01:30:49.411+0000] {processor.py:840} INFO - DAG(s) 'example_branch_operator' retrieved from /home/eder/Desktop/Airflow/Twitter/venv/lib/python3.9/site-packages/airflow/example_dags/example_branch_operator.py
[2024-01-05T01:30:49.432+0000] {logging_mixin.py:188} INFO - [2024-01-05T01:30:49.432+0000] {dag.py:3033} INFO - Sync 1 DAGs
[2024-01-05T01:30:49.449+0000] {logging_mixin.py:188} INFO - [2024-01-05T01:30:49.449+0000] {dag.py:3820} INFO - Setting next_dagrun for example_branch_operator to 2024-01-04T00:00:00+00:00, run_after=2024-01-05T00:00:00+00:00
[2024-01-05T01:30:49.581+0000] {processor.py:183} INFO - Processing /home/eder/Desktop/Airflow/Twitter/venv/lib/python3.9/site-packages/airflow/example_dags/example_branch_operator.py took 0.224 seconds
[2024-01-05T01:32:10.242+0000] {processor.py:161} INFO - Started process (PID=33521) to work on /home/eder/Desktop/Airflow/Twitter/venv/lib/python3.9/site-packages/airflow/example_dags/example_branch_operator.py
[2024-01-05T01:32:10.244+0000] {processor.py:830} INFO - Processing file /home/eder/Desktop/Airflow/Twitter/venv/lib/python3.9/site-packages/airflow/example_dags/example_branch_operator.py for tasks to queue
[2024-01-05T01:32:10.245+0000] {logging_mixin.py:188} INFO - [2024-01-05T01:32:10.245+0000] {dagbag.py:538} INFO - Filling up the DagBag from /home/eder/Desktop/Airflow/Twitter/venv/lib/python3.9/site-packages/airflow/example_dags/example_branch_operator.py
[2024-01-05T01:32:10.260+0000] {processor.py:840} INFO - DAG(s) 'example_branch_operator' retrieved from /home/eder/Desktop/Airflow/Twitter/venv/lib/python3.9/site-packages/airflow/example_dags/example_branch_operator.py
[2024-01-05T01:32:10.285+0000] {logging_mixin.py:188} INFO - [2024-01-05T01:32:10.284+0000] {dag.py:3033} INFO - Sync 1 DAGs
[2024-01-05T01:32:10.310+0000] {logging_mixin.py:188} INFO - [2024-01-05T01:32:10.310+0000] {dag.py:3820} INFO - Setting next_dagrun for example_branch_operator to 2024-01-04T00:00:00+00:00, run_after=2024-01-05T00:00:00+00:00
[2024-01-05T01:32:10.335+0000] {processor.py:183} INFO - Processing /home/eder/Desktop/Airflow/Twitter/venv/lib/python3.9/site-packages/airflow/example_dags/example_branch_operator.py took 0.096 seconds
[2024-01-05T01:33:26.327+0000] {processor.py:161} INFO - Started process (PID=33893) to work on /home/eder/Desktop/Airflow/Twitter/venv/lib/python3.9/site-packages/airflow/example_dags/example_branch_operator.py
[2024-01-05T01:33:26.329+0000] {processor.py:830} INFO - Processing file /home/eder/Desktop/Airflow/Twitter/venv/lib/python3.9/site-packages/airflow/example_dags/example_branch_operator.py for tasks to queue
[2024-01-05T01:33:26.330+0000] {logging_mixin.py:188} INFO - [2024-01-05T01:33:26.330+0000] {dagbag.py:538} INFO - Filling up the DagBag from /home/eder/Desktop/Airflow/Twitter/venv/lib/python3.9/site-packages/airflow/example_dags/example_branch_operator.py
[2024-01-05T01:33:26.345+0000] {processor.py:840} INFO - DAG(s) 'example_branch_operator' retrieved from /home/eder/Desktop/Airflow/Twitter/venv/lib/python3.9/site-packages/airflow/example_dags/example_branch_operator.py
[2024-01-05T01:33:26.364+0000] {logging_mixin.py:188} INFO - [2024-01-05T01:33:26.364+0000] {dag.py:3033} INFO - Sync 1 DAGs
[2024-01-05T01:33:26.378+0000] {logging_mixin.py:188} INFO - [2024-01-05T01:33:26.378+0000] {dag.py:3820} INFO - Setting next_dagrun for example_branch_operator to 2024-01-04T00:00:00+00:00, run_after=2024-01-05T00:00:00+00:00
[2024-01-05T01:33:26.457+0000] {processor.py:183} INFO - Processing /home/eder/Desktop/Airflow/Twitter/venv/lib/python3.9/site-packages/airflow/example_dags/example_branch_operator.py took 0.133 seconds
[2024-01-05T01:34:47.490+0000] {processor.py:161} INFO - Started process (PID=34116) to work on /home/eder/Desktop/Airflow/Twitter/venv/lib/python3.9/site-packages/airflow/example_dags/example_branch_operator.py
[2024-01-05T01:34:47.498+0000] {processor.py:830} INFO - Processing file /home/eder/Desktop/Airflow/Twitter/venv/lib/python3.9/site-packages/airflow/example_dags/example_branch_operator.py for tasks to queue
[2024-01-05T01:34:47.499+0000] {logging_mixin.py:188} INFO - [2024-01-05T01:34:47.499+0000] {dagbag.py:538} INFO - Filling up the DagBag from /home/eder/Desktop/Airflow/Twitter/venv/lib/python3.9/site-packages/airflow/example_dags/example_branch_operator.py
[2024-01-05T01:34:47.516+0000] {processor.py:840} INFO - DAG(s) 'example_branch_operator' retrieved from /home/eder/Desktop/Airflow/Twitter/venv/lib/python3.9/site-packages/airflow/example_dags/example_branch_operator.py
[2024-01-05T01:34:47.535+0000] {logging_mixin.py:188} INFO - [2024-01-05T01:34:47.535+0000] {dag.py:3033} INFO - Sync 1 DAGs
[2024-01-05T01:34:47.550+0000] {logging_mixin.py:188} INFO - [2024-01-05T01:34:47.550+0000] {dag.py:3820} INFO - Setting next_dagrun for example_branch_operator to 2024-01-04T00:00:00+00:00, run_after=2024-01-05T00:00:00+00:00
[2024-01-05T01:34:47.576+0000] {processor.py:183} INFO - Processing /home/eder/Desktop/Airflow/Twitter/venv/lib/python3.9/site-packages/airflow/example_dags/example_branch_operator.py took 0.088 seconds
[2024-01-05T01:36:08.212+0000] {processor.py:161} INFO - Started process (PID=34317) to work on /home/eder/Desktop/Airflow/Twitter/venv/lib/python3.9/site-packages/airflow/example_dags/example_branch_operator.py
[2024-01-05T01:36:08.221+0000] {processor.py:830} INFO - Processing file /home/eder/Desktop/Airflow/Twitter/venv/lib/python3.9/site-packages/airflow/example_dags/example_branch_operator.py for tasks to queue
[2024-01-05T01:36:08.222+0000] {logging_mixin.py:188} INFO - [2024-01-05T01:36:08.222+0000] {dagbag.py:538} INFO - Filling up the DagBag from /home/eder/Desktop/Airflow/Twitter/venv/lib/python3.9/site-packages/airflow/example_dags/example_branch_operator.py
[2024-01-05T01:36:08.260+0000] {processor.py:840} INFO - DAG(s) 'example_branch_operator' retrieved from /home/eder/Desktop/Airflow/Twitter/venv/lib/python3.9/site-packages/airflow/example_dags/example_branch_operator.py
[2024-01-05T01:36:08.301+0000] {logging_mixin.py:188} INFO - [2024-01-05T01:36:08.301+0000] {dag.py:3033} INFO - Sync 1 DAGs
[2024-01-05T01:36:08.334+0000] {logging_mixin.py:188} INFO - [2024-01-05T01:36:08.333+0000] {dag.py:3820} INFO - Setting next_dagrun for example_branch_operator to 2024-01-04T00:00:00+00:00, run_after=2024-01-05T00:00:00+00:00
[2024-01-05T01:36:08.490+0000] {processor.py:183} INFO - Processing /home/eder/Desktop/Airflow/Twitter/venv/lib/python3.9/site-packages/airflow/example_dags/example_branch_operator.py took 0.288 seconds
[2024-01-05T01:37:27.712+0000] {processor.py:161} INFO - Started process (PID=34723) to work on /home/eder/Desktop/Airflow/Twitter/venv/lib/python3.9/site-packages/airflow/example_dags/example_branch_operator.py
[2024-01-05T01:37:27.721+0000] {processor.py:830} INFO - Processing file /home/eder/Desktop/Airflow/Twitter/venv/lib/python3.9/site-packages/airflow/example_dags/example_branch_operator.py for tasks to queue
[2024-01-05T01:37:27.722+0000] {logging_mixin.py:188} INFO - [2024-01-05T01:37:27.722+0000] {dagbag.py:538} INFO - Filling up the DagBag from /home/eder/Desktop/Airflow/Twitter/venv/lib/python3.9/site-packages/airflow/example_dags/example_branch_operator.py
[2024-01-05T01:37:27.736+0000] {processor.py:840} INFO - DAG(s) 'example_branch_operator' retrieved from /home/eder/Desktop/Airflow/Twitter/venv/lib/python3.9/site-packages/airflow/example_dags/example_branch_operator.py
[2024-01-05T01:37:27.752+0000] {logging_mixin.py:188} INFO - [2024-01-05T01:37:27.752+0000] {dag.py:3033} INFO - Sync 1 DAGs
[2024-01-05T01:37:27.769+0000] {logging_mixin.py:188} INFO - [2024-01-05T01:37:27.769+0000] {dag.py:3820} INFO - Setting next_dagrun for example_branch_operator to 2024-01-04T00:00:00+00:00, run_after=2024-01-05T00:00:00+00:00
[2024-01-05T01:37:27.793+0000] {processor.py:183} INFO - Processing /home/eder/Desktop/Airflow/Twitter/venv/lib/python3.9/site-packages/airflow/example_dags/example_branch_operator.py took 0.084 seconds
[2024-01-05T15:16:33.799+0000] {processor.py:161} INFO - Started process (PID=4598) to work on /home/eder/Desktop/Airflow/Twitter/venv/lib/python3.9/site-packages/airflow/example_dags/example_branch_operator.py
[2024-01-05T15:16:33.812+0000] {processor.py:830} INFO - Processing file /home/eder/Desktop/Airflow/Twitter/venv/lib/python3.9/site-packages/airflow/example_dags/example_branch_operator.py for tasks to queue
[2024-01-05T15:16:33.815+0000] {logging_mixin.py:188} INFO - [2024-01-05T15:16:33.814+0000] {dagbag.py:538} INFO - Filling up the DagBag from /home/eder/Desktop/Airflow/Twitter/venv/lib/python3.9/site-packages/airflow/example_dags/example_branch_operator.py
[2024-01-05T15:16:33.838+0000] {processor.py:840} INFO - DAG(s) 'example_branch_operator' retrieved from /home/eder/Desktop/Airflow/Twitter/venv/lib/python3.9/site-packages/airflow/example_dags/example_branch_operator.py
[2024-01-05T15:16:33.958+0000] {logging_mixin.py:188} INFO - [2024-01-05T15:16:33.957+0000] {dag.py:3033} INFO - Sync 1 DAGs
[2024-01-05T15:16:33.991+0000] {logging_mixin.py:188} INFO - [2024-01-05T15:16:33.990+0000] {dag.py:3820} INFO - Setting next_dagrun for example_branch_operator to 2024-01-04T00:00:00+00:00, run_after=2024-01-05T00:00:00+00:00
[2024-01-05T15:16:34.047+0000] {processor.py:183} INFO - Processing /home/eder/Desktop/Airflow/Twitter/venv/lib/python3.9/site-packages/airflow/example_dags/example_branch_operator.py took 0.253 seconds
[2024-01-05T15:17:57.007+0000] {processor.py:161} INFO - Started process (PID=5640) to work on /home/eder/Desktop/Airflow/Twitter/venv/lib/python3.9/site-packages/airflow/example_dags/example_branch_operator.py
[2024-01-05T15:17:57.032+0000] {processor.py:830} INFO - Processing file /home/eder/Desktop/Airflow/Twitter/venv/lib/python3.9/site-packages/airflow/example_dags/example_branch_operator.py for tasks to queue
[2024-01-05T15:17:57.042+0000] {logging_mixin.py:188} INFO - [2024-01-05T15:17:57.033+0000] {dagbag.py:538} INFO - Filling up the DagBag from /home/eder/Desktop/Airflow/Twitter/venv/lib/python3.9/site-packages/airflow/example_dags/example_branch_operator.py
[2024-01-05T15:17:57.118+0000] {processor.py:840} INFO - DAG(s) 'example_branch_operator' retrieved from /home/eder/Desktop/Airflow/Twitter/venv/lib/python3.9/site-packages/airflow/example_dags/example_branch_operator.py
[2024-01-05T15:17:57.239+0000] {logging_mixin.py:188} INFO - [2024-01-05T15:17:57.239+0000] {dag.py:3033} INFO - Sync 1 DAGs
[2024-01-05T15:17:57.325+0000] {logging_mixin.py:188} INFO - [2024-01-05T15:17:57.325+0000] {dag.py:3820} INFO - Setting next_dagrun for example_branch_operator to 2024-01-04T00:00:00+00:00, run_after=2024-01-05T00:00:00+00:00
[2024-01-05T15:17:57.441+0000] {processor.py:183} INFO - Processing /home/eder/Desktop/Airflow/Twitter/venv/lib/python3.9/site-packages/airflow/example_dags/example_branch_operator.py took 0.456 seconds
[2024-01-05T15:20:56.472+0000] {processor.py:161} INFO - Started process (PID=7734) to work on /home/eder/Desktop/Airflow/Twitter/venv/lib/python3.9/site-packages/airflow/example_dags/example_branch_operator.py
[2024-01-05T15:20:56.482+0000] {processor.py:830} INFO - Processing file /home/eder/Desktop/Airflow/Twitter/venv/lib/python3.9/site-packages/airflow/example_dags/example_branch_operator.py for tasks to queue
[2024-01-05T15:20:56.483+0000] {logging_mixin.py:188} INFO - [2024-01-05T15:20:56.483+0000] {dagbag.py:538} INFO - Filling up the DagBag from /home/eder/Desktop/Airflow/Twitter/venv/lib/python3.9/site-packages/airflow/example_dags/example_branch_operator.py
[2024-01-05T15:20:56.509+0000] {processor.py:840} INFO - DAG(s) 'example_branch_operator' retrieved from /home/eder/Desktop/Airflow/Twitter/venv/lib/python3.9/site-packages/airflow/example_dags/example_branch_operator.py
[2024-01-05T15:20:56.536+0000] {logging_mixin.py:188} INFO - [2024-01-05T15:20:56.536+0000] {dag.py:3033} INFO - Sync 1 DAGs
[2024-01-05T15:20:56.560+0000] {logging_mixin.py:188} INFO - [2024-01-05T15:20:56.560+0000] {dag.py:3820} INFO - Setting next_dagrun for example_branch_operator to 2024-01-04T00:00:00+00:00, run_after=2024-01-05T00:00:00+00:00
[2024-01-05T15:20:56.594+0000] {processor.py:183} INFO - Processing /home/eder/Desktop/Airflow/Twitter/venv/lib/python3.9/site-packages/airflow/example_dags/example_branch_operator.py took 0.127 seconds
[2024-01-05T15:22:16.171+0000] {processor.py:161} INFO - Started process (PID=7916) to work on /home/eder/Desktop/Airflow/Twitter/venv/lib/python3.9/site-packages/airflow/example_dags/example_branch_operator.py
[2024-01-05T15:22:16.193+0000] {processor.py:830} INFO - Processing file /home/eder/Desktop/Airflow/Twitter/venv/lib/python3.9/site-packages/airflow/example_dags/example_branch_operator.py for tasks to queue
[2024-01-05T15:22:16.195+0000] {logging_mixin.py:188} INFO - [2024-01-05T15:22:16.194+0000] {dagbag.py:538} INFO - Filling up the DagBag from /home/eder/Desktop/Airflow/Twitter/venv/lib/python3.9/site-packages/airflow/example_dags/example_branch_operator.py
[2024-01-05T15:22:16.281+0000] {processor.py:840} INFO - DAG(s) 'example_branch_operator' retrieved from /home/eder/Desktop/Airflow/Twitter/venv/lib/python3.9/site-packages/airflow/example_dags/example_branch_operator.py
[2024-01-05T15:22:16.389+0000] {logging_mixin.py:188} INFO - [2024-01-05T15:22:16.388+0000] {dag.py:3033} INFO - Sync 1 DAGs
[2024-01-05T15:22:16.435+0000] {logging_mixin.py:188} INFO - [2024-01-05T15:22:16.435+0000] {dag.py:3820} INFO - Setting next_dagrun for example_branch_operator to 2024-01-04T00:00:00+00:00, run_after=2024-01-05T00:00:00+00:00
[2024-01-05T15:22:16.479+0000] {processor.py:183} INFO - Processing /home/eder/Desktop/Airflow/Twitter/venv/lib/python3.9/site-packages/airflow/example_dags/example_branch_operator.py took 0.313 seconds
[2024-01-05T15:23:31.626+0000] {processor.py:161} INFO - Started process (PID=8087) to work on /home/eder/Desktop/Airflow/Twitter/venv/lib/python3.9/site-packages/airflow/example_dags/example_branch_operator.py
[2024-01-05T15:23:31.636+0000] {processor.py:830} INFO - Processing file /home/eder/Desktop/Airflow/Twitter/venv/lib/python3.9/site-packages/airflow/example_dags/example_branch_operator.py for tasks to queue
[2024-01-05T15:23:31.637+0000] {logging_mixin.py:188} INFO - [2024-01-05T15:23:31.636+0000] {dagbag.py:538} INFO - Filling up the DagBag from /home/eder/Desktop/Airflow/Twitter/venv/lib/python3.9/site-packages/airflow/example_dags/example_branch_operator.py
[2024-01-05T15:23:31.663+0000] {processor.py:840} INFO - DAG(s) 'example_branch_operator' retrieved from /home/eder/Desktop/Airflow/Twitter/venv/lib/python3.9/site-packages/airflow/example_dags/example_branch_operator.py
[2024-01-05T15:23:31.693+0000] {logging_mixin.py:188} INFO - [2024-01-05T15:23:31.693+0000] {dag.py:3033} INFO - Sync 1 DAGs
[2024-01-05T15:23:31.719+0000] {logging_mixin.py:188} INFO - [2024-01-05T15:23:31.719+0000] {dag.py:3820} INFO - Setting next_dagrun for example_branch_operator to 2024-01-04T00:00:00+00:00, run_after=2024-01-05T00:00:00+00:00
[2024-01-05T15:23:31.759+0000] {processor.py:183} INFO - Processing /home/eder/Desktop/Airflow/Twitter/venv/lib/python3.9/site-packages/airflow/example_dags/example_branch_operator.py took 0.137 seconds
[2024-01-05T15:24:51.530+0000] {processor.py:161} INFO - Started process (PID=8324) to work on /home/eder/Desktop/Airflow/Twitter/venv/lib/python3.9/site-packages/airflow/example_dags/example_branch_operator.py
[2024-01-05T15:24:51.533+0000] {processor.py:830} INFO - Processing file /home/eder/Desktop/Airflow/Twitter/venv/lib/python3.9/site-packages/airflow/example_dags/example_branch_operator.py for tasks to queue
[2024-01-05T15:24:51.535+0000] {logging_mixin.py:188} INFO - [2024-01-05T15:24:51.534+0000] {dagbag.py:538} INFO - Filling up the DagBag from /home/eder/Desktop/Airflow/Twitter/venv/lib/python3.9/site-packages/airflow/example_dags/example_branch_operator.py
[2024-01-05T15:24:51.560+0000] {processor.py:840} INFO - DAG(s) 'example_branch_operator' retrieved from /home/eder/Desktop/Airflow/Twitter/venv/lib/python3.9/site-packages/airflow/example_dags/example_branch_operator.py
[2024-01-05T15:24:51.591+0000] {logging_mixin.py:188} INFO - [2024-01-05T15:24:51.591+0000] {dag.py:3033} INFO - Sync 1 DAGs
[2024-01-05T15:24:51.616+0000] {logging_mixin.py:188} INFO - [2024-01-05T15:24:51.616+0000] {dag.py:3820} INFO - Setting next_dagrun for example_branch_operator to 2024-01-04T00:00:00+00:00, run_after=2024-01-05T00:00:00+00:00
[2024-01-05T15:24:51.650+0000] {processor.py:183} INFO - Processing /home/eder/Desktop/Airflow/Twitter/venv/lib/python3.9/site-packages/airflow/example_dags/example_branch_operator.py took 0.125 seconds
[2024-01-05T15:26:07.017+0000] {processor.py:161} INFO - Started process (PID=8557) to work on /home/eder/Desktop/Airflow/Twitter/venv/lib/python3.9/site-packages/airflow/example_dags/example_branch_operator.py
[2024-01-05T15:26:07.020+0000] {processor.py:830} INFO - Processing file /home/eder/Desktop/Airflow/Twitter/venv/lib/python3.9/site-packages/airflow/example_dags/example_branch_operator.py for tasks to queue
[2024-01-05T15:26:07.022+0000] {logging_mixin.py:188} INFO - [2024-01-05T15:26:07.021+0000] {dagbag.py:538} INFO - Filling up the DagBag from /home/eder/Desktop/Airflow/Twitter/venv/lib/python3.9/site-packages/airflow/example_dags/example_branch_operator.py
[2024-01-05T15:26:07.048+0000] {processor.py:840} INFO - DAG(s) 'example_branch_operator' retrieved from /home/eder/Desktop/Airflow/Twitter/venv/lib/python3.9/site-packages/airflow/example_dags/example_branch_operator.py
[2024-01-05T15:26:07.079+0000] {logging_mixin.py:188} INFO - [2024-01-05T15:26:07.077+0000] {dag.py:3033} INFO - Sync 1 DAGs
[2024-01-05T15:26:07.099+0000] {logging_mixin.py:188} INFO - [2024-01-05T15:26:07.099+0000] {dag.py:3820} INFO - Setting next_dagrun for example_branch_operator to 2024-01-04T00:00:00+00:00, run_after=2024-01-05T00:00:00+00:00
[2024-01-05T15:26:07.149+0000] {processor.py:183} INFO - Processing /home/eder/Desktop/Airflow/Twitter/venv/lib/python3.9/site-packages/airflow/example_dags/example_branch_operator.py took 0.139 seconds
[2024-01-05T15:27:22.877+0000] {processor.py:161} INFO - Started process (PID=8800) to work on /home/eder/Desktop/Airflow/Twitter/venv/lib/python3.9/site-packages/airflow/example_dags/example_branch_operator.py
[2024-01-05T15:27:22.887+0000] {processor.py:830} INFO - Processing file /home/eder/Desktop/Airflow/Twitter/venv/lib/python3.9/site-packages/airflow/example_dags/example_branch_operator.py for tasks to queue
[2024-01-05T15:27:22.889+0000] {logging_mixin.py:188} INFO - [2024-01-05T15:27:22.888+0000] {dagbag.py:538} INFO - Filling up the DagBag from /home/eder/Desktop/Airflow/Twitter/venv/lib/python3.9/site-packages/airflow/example_dags/example_branch_operator.py
[2024-01-05T15:27:22.917+0000] {processor.py:840} INFO - DAG(s) 'example_branch_operator' retrieved from /home/eder/Desktop/Airflow/Twitter/venv/lib/python3.9/site-packages/airflow/example_dags/example_branch_operator.py
[2024-01-05T15:27:22.943+0000] {logging_mixin.py:188} INFO - [2024-01-05T15:27:22.942+0000] {dag.py:3033} INFO - Sync 1 DAGs
[2024-01-05T15:27:22.963+0000] {logging_mixin.py:188} INFO - [2024-01-05T15:27:22.963+0000] {dag.py:3820} INFO - Setting next_dagrun for example_branch_operator to 2024-01-04T00:00:00+00:00, run_after=2024-01-05T00:00:00+00:00
[2024-01-05T15:27:22.997+0000] {processor.py:183} INFO - Processing /home/eder/Desktop/Airflow/Twitter/venv/lib/python3.9/site-packages/airflow/example_dags/example_branch_operator.py took 0.124 seconds
[2024-01-05T15:28:37.513+0000] {processor.py:161} INFO - Started process (PID=8967) to work on /home/eder/Desktop/Airflow/Twitter/venv/lib/python3.9/site-packages/airflow/example_dags/example_branch_operator.py
[2024-01-05T15:28:37.522+0000] {processor.py:830} INFO - Processing file /home/eder/Desktop/Airflow/Twitter/venv/lib/python3.9/site-packages/airflow/example_dags/example_branch_operator.py for tasks to queue
[2024-01-05T15:28:37.524+0000] {logging_mixin.py:188} INFO - [2024-01-05T15:28:37.523+0000] {dagbag.py:538} INFO - Filling up the DagBag from /home/eder/Desktop/Airflow/Twitter/venv/lib/python3.9/site-packages/airflow/example_dags/example_branch_operator.py
[2024-01-05T15:28:37.549+0000] {processor.py:840} INFO - DAG(s) 'example_branch_operator' retrieved from /home/eder/Desktop/Airflow/Twitter/venv/lib/python3.9/site-packages/airflow/example_dags/example_branch_operator.py
[2024-01-05T15:28:37.577+0000] {logging_mixin.py:188} INFO - [2024-01-05T15:28:37.576+0000] {dag.py:3033} INFO - Sync 1 DAGs
[2024-01-05T15:28:37.598+0000] {logging_mixin.py:188} INFO - [2024-01-05T15:28:37.597+0000] {dag.py:3820} INFO - Setting next_dagrun for example_branch_operator to 2024-01-04T00:00:00+00:00, run_after=2024-01-05T00:00:00+00:00
[2024-01-05T15:28:37.632+0000] {processor.py:183} INFO - Processing /home/eder/Desktop/Airflow/Twitter/venv/lib/python3.9/site-packages/airflow/example_dags/example_branch_operator.py took 0.124 seconds
[2024-01-05T15:29:58.448+0000] {processor.py:161} INFO - Started process (PID=9342) to work on /home/eder/Desktop/Airflow/Twitter/venv/lib/python3.9/site-packages/airflow/example_dags/example_branch_operator.py
[2024-01-05T15:29:58.459+0000] {processor.py:830} INFO - Processing file /home/eder/Desktop/Airflow/Twitter/venv/lib/python3.9/site-packages/airflow/example_dags/example_branch_operator.py for tasks to queue
[2024-01-05T15:29:58.460+0000] {logging_mixin.py:188} INFO - [2024-01-05T15:29:58.460+0000] {dagbag.py:538} INFO - Filling up the DagBag from /home/eder/Desktop/Airflow/Twitter/venv/lib/python3.9/site-packages/airflow/example_dags/example_branch_operator.py
[2024-01-05T15:29:58.497+0000] {processor.py:840} INFO - DAG(s) 'example_branch_operator' retrieved from /home/eder/Desktop/Airflow/Twitter/venv/lib/python3.9/site-packages/airflow/example_dags/example_branch_operator.py
[2024-01-05T15:29:58.537+0000] {logging_mixin.py:188} INFO - [2024-01-05T15:29:58.537+0000] {dag.py:3033} INFO - Sync 1 DAGs
[2024-01-05T15:29:58.631+0000] {logging_mixin.py:188} INFO - [2024-01-05T15:29:58.630+0000] {dag.py:3820} INFO - Setting next_dagrun for example_branch_operator to 2024-01-04T00:00:00+00:00, run_after=2024-01-05T00:00:00+00:00
[2024-01-05T15:29:58.683+0000] {processor.py:183} INFO - Processing /home/eder/Desktop/Airflow/Twitter/venv/lib/python3.9/site-packages/airflow/example_dags/example_branch_operator.py took 0.239 seconds
[2024-01-05T15:31:15.573+0000] {processor.py:161} INFO - Started process (PID=9575) to work on /home/eder/Desktop/Airflow/Twitter/venv/lib/python3.9/site-packages/airflow/example_dags/example_branch_operator.py
[2024-01-05T15:31:15.582+0000] {processor.py:830} INFO - Processing file /home/eder/Desktop/Airflow/Twitter/venv/lib/python3.9/site-packages/airflow/example_dags/example_branch_operator.py for tasks to queue
[2024-01-05T15:31:15.583+0000] {logging_mixin.py:188} INFO - [2024-01-05T15:31:15.583+0000] {dagbag.py:538} INFO - Filling up the DagBag from /home/eder/Desktop/Airflow/Twitter/venv/lib/python3.9/site-packages/airflow/example_dags/example_branch_operator.py
[2024-01-05T15:31:15.608+0000] {processor.py:840} INFO - DAG(s) 'example_branch_operator' retrieved from /home/eder/Desktop/Airflow/Twitter/venv/lib/python3.9/site-packages/airflow/example_dags/example_branch_operator.py
[2024-01-05T15:31:15.637+0000] {logging_mixin.py:188} INFO - [2024-01-05T15:31:15.637+0000] {dag.py:3033} INFO - Sync 1 DAGs
[2024-01-05T15:31:15.680+0000] {logging_mixin.py:188} INFO - [2024-01-05T15:31:15.677+0000] {dag.py:3820} INFO - Setting next_dagrun for example_branch_operator to 2024-01-04T00:00:00+00:00, run_after=2024-01-05T00:00:00+00:00
[2024-01-05T15:31:15.738+0000] {processor.py:183} INFO - Processing /home/eder/Desktop/Airflow/Twitter/venv/lib/python3.9/site-packages/airflow/example_dags/example_branch_operator.py took 0.171 seconds
[2024-01-05T15:32:30.722+0000] {processor.py:161} INFO - Started process (PID=9808) to work on /home/eder/Desktop/Airflow/Twitter/venv/lib/python3.9/site-packages/airflow/example_dags/example_branch_operator.py
[2024-01-05T15:32:30.731+0000] {processor.py:830} INFO - Processing file /home/eder/Desktop/Airflow/Twitter/venv/lib/python3.9/site-packages/airflow/example_dags/example_branch_operator.py for tasks to queue
[2024-01-05T15:32:30.733+0000] {logging_mixin.py:188} INFO - [2024-01-05T15:32:30.732+0000] {dagbag.py:538} INFO - Filling up the DagBag from /home/eder/Desktop/Airflow/Twitter/venv/lib/python3.9/site-packages/airflow/example_dags/example_branch_operator.py
[2024-01-05T15:32:30.756+0000] {processor.py:840} INFO - DAG(s) 'example_branch_operator' retrieved from /home/eder/Desktop/Airflow/Twitter/venv/lib/python3.9/site-packages/airflow/example_dags/example_branch_operator.py
[2024-01-05T15:32:30.785+0000] {logging_mixin.py:188} INFO - [2024-01-05T15:32:30.785+0000] {dag.py:3033} INFO - Sync 1 DAGs
[2024-01-05T15:32:30.806+0000] {logging_mixin.py:188} INFO - [2024-01-05T15:32:30.805+0000] {dag.py:3820} INFO - Setting next_dagrun for example_branch_operator to 2024-01-04T00:00:00+00:00, run_after=2024-01-05T00:00:00+00:00
[2024-01-05T15:32:30.840+0000] {processor.py:183} INFO - Processing /home/eder/Desktop/Airflow/Twitter/venv/lib/python3.9/site-packages/airflow/example_dags/example_branch_operator.py took 0.123 seconds
[2024-01-05T15:33:44.316+0000] {processor.py:161} INFO - Started process (PID=10042) to work on /home/eder/Desktop/Airflow/Twitter/venv/lib/python3.9/site-packages/airflow/example_dags/example_branch_operator.py
[2024-01-05T15:33:44.323+0000] {processor.py:830} INFO - Processing file /home/eder/Desktop/Airflow/Twitter/venv/lib/python3.9/site-packages/airflow/example_dags/example_branch_operator.py for tasks to queue
[2024-01-05T15:33:44.324+0000] {logging_mixin.py:188} INFO - [2024-01-05T15:33:44.323+0000] {dagbag.py:538} INFO - Filling up the DagBag from /home/eder/Desktop/Airflow/Twitter/venv/lib/python3.9/site-packages/airflow/example_dags/example_branch_operator.py
[2024-01-05T15:33:44.380+0000] {processor.py:840} INFO - DAG(s) 'example_branch_operator' retrieved from /home/eder/Desktop/Airflow/Twitter/venv/lib/python3.9/site-packages/airflow/example_dags/example_branch_operator.py
[2024-01-05T15:33:44.416+0000] {logging_mixin.py:188} INFO - [2024-01-05T15:33:44.416+0000] {dag.py:3033} INFO - Sync 1 DAGs
[2024-01-05T15:33:44.440+0000] {logging_mixin.py:188} INFO - [2024-01-05T15:33:44.439+0000] {dag.py:3820} INFO - Setting next_dagrun for example_branch_operator to 2024-01-04T00:00:00+00:00, run_after=2024-01-05T00:00:00+00:00
[2024-01-05T15:33:44.549+0000] {processor.py:183} INFO - Processing /home/eder/Desktop/Airflow/Twitter/venv/lib/python3.9/site-packages/airflow/example_dags/example_branch_operator.py took 0.238 seconds
[2024-01-05T15:34:58.398+0000] {processor.py:161} INFO - Started process (PID=10214) to work on /home/eder/Desktop/Airflow/Twitter/venv/lib/python3.9/site-packages/airflow/example_dags/example_branch_operator.py
[2024-01-05T15:34:58.408+0000] {processor.py:830} INFO - Processing file /home/eder/Desktop/Airflow/Twitter/venv/lib/python3.9/site-packages/airflow/example_dags/example_branch_operator.py for tasks to queue
[2024-01-05T15:34:58.409+0000] {logging_mixin.py:188} INFO - [2024-01-05T15:34:58.408+0000] {dagbag.py:538} INFO - Filling up the DagBag from /home/eder/Desktop/Airflow/Twitter/venv/lib/python3.9/site-packages/airflow/example_dags/example_branch_operator.py
[2024-01-05T15:34:58.433+0000] {processor.py:840} INFO - DAG(s) 'example_branch_operator' retrieved from /home/eder/Desktop/Airflow/Twitter/venv/lib/python3.9/site-packages/airflow/example_dags/example_branch_operator.py
[2024-01-05T15:34:58.459+0000] {logging_mixin.py:188} INFO - [2024-01-05T15:34:58.459+0000] {dag.py:3033} INFO - Sync 1 DAGs
[2024-01-05T15:34:58.480+0000] {logging_mixin.py:188} INFO - [2024-01-05T15:34:58.479+0000] {dag.py:3820} INFO - Setting next_dagrun for example_branch_operator to 2024-01-04T00:00:00+00:00, run_after=2024-01-05T00:00:00+00:00
[2024-01-05T15:34:58.517+0000] {processor.py:183} INFO - Processing /home/eder/Desktop/Airflow/Twitter/venv/lib/python3.9/site-packages/airflow/example_dags/example_branch_operator.py took 0.125 seconds
[2024-01-05T15:36:17.678+0000] {processor.py:161} INFO - Started process (PID=10575) to work on /home/eder/Desktop/Airflow/Twitter/venv/lib/python3.9/site-packages/airflow/example_dags/example_branch_operator.py
[2024-01-05T15:36:17.688+0000] {processor.py:830} INFO - Processing file /home/eder/Desktop/Airflow/Twitter/venv/lib/python3.9/site-packages/airflow/example_dags/example_branch_operator.py for tasks to queue
[2024-01-05T15:36:17.691+0000] {logging_mixin.py:188} INFO - [2024-01-05T15:36:17.689+0000] {dagbag.py:538} INFO - Filling up the DagBag from /home/eder/Desktop/Airflow/Twitter/venv/lib/python3.9/site-packages/airflow/example_dags/example_branch_operator.py
[2024-01-05T15:36:17.717+0000] {processor.py:840} INFO - DAG(s) 'example_branch_operator' retrieved from /home/eder/Desktop/Airflow/Twitter/venv/lib/python3.9/site-packages/airflow/example_dags/example_branch_operator.py
[2024-01-05T15:36:17.744+0000] {logging_mixin.py:188} INFO - [2024-01-05T15:36:17.744+0000] {dag.py:3033} INFO - Sync 1 DAGs
[2024-01-05T15:36:17.769+0000] {logging_mixin.py:188} INFO - [2024-01-05T15:36:17.769+0000] {dag.py:3820} INFO - Setting next_dagrun for example_branch_operator to 2024-01-04T00:00:00+00:00, run_after=2024-01-05T00:00:00+00:00
[2024-01-05T15:36:17.805+0000] {processor.py:183} INFO - Processing /home/eder/Desktop/Airflow/Twitter/venv/lib/python3.9/site-packages/airflow/example_dags/example_branch_operator.py took 0.132 seconds
[2024-01-05T15:37:36.048+0000] {processor.py:161} INFO - Started process (PID=10748) to work on /home/eder/Desktop/Airflow/Twitter/venv/lib/python3.9/site-packages/airflow/example_dags/example_branch_operator.py
[2024-01-05T15:37:36.059+0000] {processor.py:830} INFO - Processing file /home/eder/Desktop/Airflow/Twitter/venv/lib/python3.9/site-packages/airflow/example_dags/example_branch_operator.py for tasks to queue
[2024-01-05T15:37:36.061+0000] {logging_mixin.py:188} INFO - [2024-01-05T15:37:36.060+0000] {dagbag.py:538} INFO - Filling up the DagBag from /home/eder/Desktop/Airflow/Twitter/venv/lib/python3.9/site-packages/airflow/example_dags/example_branch_operator.py
[2024-01-05T15:37:36.085+0000] {processor.py:840} INFO - DAG(s) 'example_branch_operator' retrieved from /home/eder/Desktop/Airflow/Twitter/venv/lib/python3.9/site-packages/airflow/example_dags/example_branch_operator.py
[2024-01-05T15:37:36.118+0000] {logging_mixin.py:188} INFO - [2024-01-05T15:37:36.118+0000] {dag.py:3033} INFO - Sync 1 DAGs
[2024-01-05T15:37:36.138+0000] {logging_mixin.py:188} INFO - [2024-01-05T15:37:36.137+0000] {dag.py:3820} INFO - Setting next_dagrun for example_branch_operator to 2024-01-04T00:00:00+00:00, run_after=2024-01-05T00:00:00+00:00
[2024-01-05T15:37:36.174+0000] {processor.py:183} INFO - Processing /home/eder/Desktop/Airflow/Twitter/venv/lib/python3.9/site-packages/airflow/example_dags/example_branch_operator.py took 0.137 seconds
[2024-01-05T15:38:47.591+0000] {processor.py:161} INFO - Started process (PID=10971) to work on /home/eder/Desktop/Airflow/Twitter/venv/lib/python3.9/site-packages/airflow/example_dags/example_branch_operator.py
[2024-01-05T15:38:47.600+0000] {processor.py:830} INFO - Processing file /home/eder/Desktop/Airflow/Twitter/venv/lib/python3.9/site-packages/airflow/example_dags/example_branch_operator.py for tasks to queue
[2024-01-05T15:38:47.614+0000] {logging_mixin.py:188} INFO - [2024-01-05T15:38:47.600+0000] {dagbag.py:538} INFO - Filling up the DagBag from /home/eder/Desktop/Airflow/Twitter/venv/lib/python3.9/site-packages/airflow/example_dags/example_branch_operator.py
[2024-01-05T15:38:47.672+0000] {processor.py:840} INFO - DAG(s) 'example_branch_operator' retrieved from /home/eder/Desktop/Airflow/Twitter/venv/lib/python3.9/site-packages/airflow/example_dags/example_branch_operator.py
[2024-01-05T15:38:47.730+0000] {logging_mixin.py:188} INFO - [2024-01-05T15:38:47.729+0000] {dag.py:3033} INFO - Sync 1 DAGs
[2024-01-05T15:38:47.752+0000] {logging_mixin.py:188} INFO - [2024-01-05T15:38:47.752+0000] {dag.py:3820} INFO - Setting next_dagrun for example_branch_operator to 2024-01-04T00:00:00+00:00, run_after=2024-01-05T00:00:00+00:00
[2024-01-05T15:38:47.793+0000] {processor.py:183} INFO - Processing /home/eder/Desktop/Airflow/Twitter/venv/lib/python3.9/site-packages/airflow/example_dags/example_branch_operator.py took 0.207 seconds
                                                                                                                                                                                                                                                                                                                                                                                                                                                                                                                                                                                                                                                                                                                                                                                                                                                                                                                                                                                                                                                                                                                                                                                                                                                                                                                                                                                                                                                                                                              [2024-01-05T16:31:59.684+0000] {processor.py:161} INFO - Started process (PID=5097) to work on /home/eder/Desktop/Airflow/Twitter/venv/lib/python3.9/site-packages/airflow/example_dags/example_branch_operator.py
[2024-01-05T16:31:59.715+0000] {processor.py:830} INFO - Processing file /home/eder/Desktop/Airflow/Twitter/venv/lib/python3.9/site-packages/airflow/example_dags/example_branch_operator.py for tasks to queue
[2024-01-05T16:31:59.720+0000] {logging_mixin.py:188} INFO - [2024-01-05T16:31:59.717+0000] {dagbag.py:538} INFO - Filling up the DagBag from /home/eder/Desktop/Airflow/Twitter/venv/lib/python3.9/site-packages/airflow/example_dags/example_branch_operator.py
[2024-01-05T16:31:59.779+0000] {processor.py:840} INFO - DAG(s) 'example_branch_operator' retrieved from /home/eder/Desktop/Airflow/Twitter/venv/lib/python3.9/site-packages/airflow/example_dags/example_branch_operator.py
[2024-01-05T16:31:59.988+0000] {logging_mixin.py:188} INFO - [2024-01-05T16:31:59.988+0000] {dag.py:3033} INFO - Sync 1 DAGs
[2024-01-05T16:32:00.014+0000] {logging_mixin.py:188} INFO - [2024-01-05T16:32:00.013+0000] {dag.py:3820} INFO - Setting next_dagrun for example_branch_operator to 2024-01-04T00:00:00+00:00, run_after=2024-01-05T00:00:00+00:00
[2024-01-05T16:32:00.065+0000] {processor.py:183} INFO - Processing /home/eder/Desktop/Airflow/Twitter/venv/lib/python3.9/site-packages/airflow/example_dags/example_branch_operator.py took 0.394 seconds
[2024-01-05T16:33:29.570+0000] {processor.py:161} INFO - Started process (PID=6112) to work on /home/eder/Desktop/Airflow/Twitter/venv/lib/python3.9/site-packages/airflow/example_dags/example_branch_operator.py
[2024-01-05T16:33:29.582+0000] {processor.py:830} INFO - Processing file /home/eder/Desktop/Airflow/Twitter/venv/lib/python3.9/site-packages/airflow/example_dags/example_branch_operator.py for tasks to queue
[2024-01-05T16:33:29.583+0000] {logging_mixin.py:188} INFO - [2024-01-05T16:33:29.582+0000] {dagbag.py:538} INFO - Filling up the DagBag from /home/eder/Desktop/Airflow/Twitter/venv/lib/python3.9/site-packages/airflow/example_dags/example_branch_operator.py
[2024-01-05T16:33:29.639+0000] {processor.py:840} INFO - DAG(s) 'example_branch_operator' retrieved from /home/eder/Desktop/Airflow/Twitter/venv/lib/python3.9/site-packages/airflow/example_dags/example_branch_operator.py
[2024-01-05T16:33:29.671+0000] {logging_mixin.py:188} INFO - [2024-01-05T16:33:29.671+0000] {dag.py:3033} INFO - Sync 1 DAGs
[2024-01-05T16:33:29.711+0000] {logging_mixin.py:188} INFO - [2024-01-05T16:33:29.711+0000] {dag.py:3820} INFO - Setting next_dagrun for example_branch_operator to 2024-01-04T00:00:00+00:00, run_after=2024-01-05T00:00:00+00:00
[2024-01-05T16:33:29.823+0000] {processor.py:183} INFO - Processing /home/eder/Desktop/Airflow/Twitter/venv/lib/python3.9/site-packages/airflow/example_dags/example_branch_operator.py took 0.255 seconds
[2024-01-05T16:38:55.305+0000] {processor.py:161} INFO - Started process (PID=7128) to work on /home/eder/Desktop/Airflow/Twitter/venv/lib/python3.9/site-packages/airflow/example_dags/example_branch_operator.py
[2024-01-05T16:38:55.307+0000] {processor.py:830} INFO - Processing file /home/eder/Desktop/Airflow/Twitter/venv/lib/python3.9/site-packages/airflow/example_dags/example_branch_operator.py for tasks to queue
[2024-01-05T16:38:55.308+0000] {logging_mixin.py:188} INFO - [2024-01-05T16:38:55.307+0000] {dagbag.py:538} INFO - Filling up the DagBag from /home/eder/Desktop/Airflow/Twitter/venv/lib/python3.9/site-packages/airflow/example_dags/example_branch_operator.py
[2024-01-05T16:38:55.322+0000] {processor.py:840} INFO - DAG(s) 'example_branch_operator' retrieved from /home/eder/Desktop/Airflow/Twitter/venv/lib/python3.9/site-packages/airflow/example_dags/example_branch_operator.py
[2024-01-05T16:38:55.401+0000] {logging_mixin.py:188} INFO - [2024-01-05T16:38:55.401+0000] {dag.py:3033} INFO - Sync 1 DAGs
[2024-01-05T16:38:55.413+0000] {logging_mixin.py:188} INFO - [2024-01-05T16:38:55.413+0000] {dag.py:3820} INFO - Setting next_dagrun for example_branch_operator to 2024-01-04T00:00:00+00:00, run_after=2024-01-05T00:00:00+00:00
[2024-01-05T16:38:55.438+0000] {processor.py:183} INFO - Processing /home/eder/Desktop/Airflow/Twitter/venv/lib/python3.9/site-packages/airflow/example_dags/example_branch_operator.py took 0.135 seconds
[2024-01-05T16:40:26.348+0000] {processor.py:161} INFO - Started process (PID=7714) to work on /home/eder/Desktop/Airflow/Twitter/venv/lib/python3.9/site-packages/airflow/example_dags/example_branch_operator.py
[2024-01-05T16:40:26.357+0000] {processor.py:830} INFO - Processing file /home/eder/Desktop/Airflow/Twitter/venv/lib/python3.9/site-packages/airflow/example_dags/example_branch_operator.py for tasks to queue
[2024-01-05T16:40:26.358+0000] {logging_mixin.py:188} INFO - [2024-01-05T16:40:26.358+0000] {dagbag.py:538} INFO - Filling up the DagBag from /home/eder/Desktop/Airflow/Twitter/venv/lib/python3.9/site-packages/airflow/example_dags/example_branch_operator.py
[2024-01-05T16:40:26.371+0000] {processor.py:840} INFO - DAG(s) 'example_branch_operator' retrieved from /home/eder/Desktop/Airflow/Twitter/venv/lib/python3.9/site-packages/airflow/example_dags/example_branch_operator.py
[2024-01-05T16:40:26.389+0000] {logging_mixin.py:188} INFO - [2024-01-05T16:40:26.389+0000] {dag.py:3033} INFO - Sync 1 DAGs
[2024-01-05T16:40:26.403+0000] {logging_mixin.py:188} INFO - [2024-01-05T16:40:26.403+0000] {dag.py:3820} INFO - Setting next_dagrun for example_branch_operator to 2024-01-04T00:00:00+00:00, run_after=2024-01-05T00:00:00+00:00
[2024-01-05T16:40:26.436+0000] {processor.py:183} INFO - Processing /home/eder/Desktop/Airflow/Twitter/venv/lib/python3.9/site-packages/airflow/example_dags/example_branch_operator.py took 0.088 seconds
[2024-01-05T16:41:43.610+0000] {processor.py:161} INFO - Started process (PID=7909) to work on /home/eder/Desktop/Airflow/Twitter/venv/lib/python3.9/site-packages/airflow/example_dags/example_branch_operator.py
[2024-01-05T16:41:43.635+0000] {processor.py:830} INFO - Processing file /home/eder/Desktop/Airflow/Twitter/venv/lib/python3.9/site-packages/airflow/example_dags/example_branch_operator.py for tasks to queue
[2024-01-05T16:41:43.639+0000] {logging_mixin.py:188} INFO - [2024-01-05T16:41:43.636+0000] {dagbag.py:538} INFO - Filling up the DagBag from /home/eder/Desktop/Airflow/Twitter/venv/lib/python3.9/site-packages/airflow/example_dags/example_branch_operator.py
[2024-01-05T16:41:43.690+0000] {processor.py:840} INFO - DAG(s) 'example_branch_operator' retrieved from /home/eder/Desktop/Airflow/Twitter/venv/lib/python3.9/site-packages/airflow/example_dags/example_branch_operator.py
[2024-01-05T16:41:43.746+0000] {logging_mixin.py:188} INFO - [2024-01-05T16:41:43.745+0000] {dag.py:3033} INFO - Sync 1 DAGs
[2024-01-05T16:41:43.789+0000] {logging_mixin.py:188} INFO - [2024-01-05T16:41:43.789+0000] {dag.py:3820} INFO - Setting next_dagrun for example_branch_operator to 2024-01-04T00:00:00+00:00, run_after=2024-01-05T00:00:00+00:00
[2024-01-05T16:41:43.865+0000] {processor.py:183} INFO - Processing /home/eder/Desktop/Airflow/Twitter/venv/lib/python3.9/site-packages/airflow/example_dags/example_branch_operator.py took 0.258 seconds
[2024-01-05T16:42:42.530+0000] {processor.py:161} INFO - Started process (PID=8083) to work on /home/eder/Desktop/Airflow/Twitter/venv/lib/python3.9/site-packages/airflow/example_dags/example_branch_operator.py
[2024-01-05T16:42:42.533+0000] {processor.py:830} INFO - Processing file /home/eder/Desktop/Airflow/Twitter/venv/lib/python3.9/site-packages/airflow/example_dags/example_branch_operator.py for tasks to queue
[2024-01-05T16:42:42.534+0000] {logging_mixin.py:188} INFO - [2024-01-05T16:42:42.533+0000] {dagbag.py:538} INFO - Filling up the DagBag from /home/eder/Desktop/Airflow/Twitter/venv/lib/python3.9/site-packages/airflow/example_dags/example_branch_operator.py
[2024-01-05T16:42:42.550+0000] {processor.py:840} INFO - DAG(s) 'example_branch_operator' retrieved from /home/eder/Desktop/Airflow/Twitter/venv/lib/python3.9/site-packages/airflow/example_dags/example_branch_operator.py
[2024-01-05T16:42:42.569+0000] {logging_mixin.py:188} INFO - [2024-01-05T16:42:42.569+0000] {dag.py:3033} INFO - Sync 1 DAGs
[2024-01-05T16:42:42.584+0000] {logging_mixin.py:188} INFO - [2024-01-05T16:42:42.583+0000] {dag.py:3820} INFO - Setting next_dagrun for example_branch_operator to 2024-01-04T00:00:00+00:00, run_after=2024-01-05T00:00:00+00:00
[2024-01-05T16:42:42.657+0000] {processor.py:183} INFO - Processing /home/eder/Desktop/Airflow/Twitter/venv/lib/python3.9/site-packages/airflow/example_dags/example_branch_operator.py took 0.130 seconds
[2024-01-05T16:44:05.468+0000] {processor.py:161} INFO - Started process (PID=8415) to work on /home/eder/Desktop/Airflow/Twitter/venv/lib/python3.9/site-packages/airflow/example_dags/example_branch_operator.py
[2024-01-05T16:44:05.477+0000] {processor.py:830} INFO - Processing file /home/eder/Desktop/Airflow/Twitter/venv/lib/python3.9/site-packages/airflow/example_dags/example_branch_operator.py for tasks to queue
[2024-01-05T16:44:05.478+0000] {logging_mixin.py:188} INFO - [2024-01-05T16:44:05.477+0000] {dagbag.py:538} INFO - Filling up the DagBag from /home/eder/Desktop/Airflow/Twitter/venv/lib/python3.9/site-packages/airflow/example_dags/example_branch_operator.py
[2024-01-05T16:44:05.492+0000] {processor.py:840} INFO - DAG(s) 'example_branch_operator' retrieved from /home/eder/Desktop/Airflow/Twitter/venv/lib/python3.9/site-packages/airflow/example_dags/example_branch_operator.py
[2024-01-05T16:44:05.509+0000] {logging_mixin.py:188} INFO - [2024-01-05T16:44:05.509+0000] {dag.py:3033} INFO - Sync 1 DAGs
[2024-01-05T16:44:05.525+0000] {logging_mixin.py:188} INFO - [2024-01-05T16:44:05.524+0000] {dag.py:3820} INFO - Setting next_dagrun for example_branch_operator to 2024-01-04T00:00:00+00:00, run_after=2024-01-05T00:00:00+00:00
[2024-01-05T16:44:05.547+0000] {processor.py:183} INFO - Processing /home/eder/Desktop/Airflow/Twitter/venv/lib/python3.9/site-packages/airflow/example_dags/example_branch_operator.py took 0.081 seconds
[2024-01-05T16:53:12.253+0000] {processor.py:161} INFO - Started process (PID=16635) to work on /home/eder/Desktop/Airflow/Twitter/venv/lib/python3.9/site-packages/airflow/example_dags/example_branch_operator.py
[2024-01-05T16:53:12.255+0000] {processor.py:830} INFO - Processing file /home/eder/Desktop/Airflow/Twitter/venv/lib/python3.9/site-packages/airflow/example_dags/example_branch_operator.py for tasks to queue
[2024-01-05T16:53:12.256+0000] {logging_mixin.py:188} INFO - [2024-01-05T16:53:12.256+0000] {dagbag.py:538} INFO - Filling up the DagBag from /home/eder/Desktop/Airflow/Twitter/venv/lib/python3.9/site-packages/airflow/example_dags/example_branch_operator.py
[2024-01-05T16:53:12.300+0000] {processor.py:840} INFO - DAG(s) 'example_branch_operator' retrieved from /home/eder/Desktop/Airflow/Twitter/venv/lib/python3.9/site-packages/airflow/example_dags/example_branch_operator.py
[2024-01-05T16:53:12.347+0000] {logging_mixin.py:188} INFO - [2024-01-05T16:53:12.347+0000] {dag.py:3033} INFO - Sync 1 DAGs
[2024-01-05T16:53:12.376+0000] {logging_mixin.py:188} INFO - [2024-01-05T16:53:12.375+0000] {dag.py:3820} INFO - Setting next_dagrun for example_branch_operator to 2024-01-04T00:00:00+00:00, run_after=2024-01-05T00:00:00+00:00
[2024-01-05T16:53:12.591+0000] {processor.py:183} INFO - Processing /home/eder/Desktop/Airflow/Twitter/venv/lib/python3.9/site-packages/airflow/example_dags/example_branch_operator.py took 0.342 seconds
[2024-01-05T16:54:12.119+0000] {processor.py:161} INFO - Started process (PID=16859) to work on /home/eder/Desktop/Airflow/Twitter/venv/lib/python3.9/site-packages/airflow/example_dags/example_branch_operator.py
[2024-01-05T16:54:12.129+0000] {processor.py:830} INFO - Processing file /home/eder/Desktop/Airflow/Twitter/venv/lib/python3.9/site-packages/airflow/example_dags/example_branch_operator.py for tasks to queue
[2024-01-05T16:54:12.130+0000] {logging_mixin.py:188} INFO - [2024-01-05T16:54:12.129+0000] {dagbag.py:538} INFO - Filling up the DagBag from /home/eder/Desktop/Airflow/Twitter/venv/lib/python3.9/site-packages/airflow/example_dags/example_branch_operator.py
[2024-01-05T16:54:12.166+0000] {processor.py:840} INFO - DAG(s) 'example_branch_operator' retrieved from /home/eder/Desktop/Airflow/Twitter/venv/lib/python3.9/site-packages/airflow/example_dags/example_branch_operator.py
[2024-01-05T16:54:12.211+0000] {logging_mixin.py:188} INFO - [2024-01-05T16:54:12.211+0000] {dag.py:3033} INFO - Sync 1 DAGs
[2024-01-05T16:54:12.243+0000] {logging_mixin.py:188} INFO - [2024-01-05T16:54:12.243+0000] {dag.py:3820} INFO - Setting next_dagrun for example_branch_operator to 2024-01-04T00:00:00+00:00, run_after=2024-01-05T00:00:00+00:00
[2024-01-05T16:54:12.407+0000] {processor.py:183} INFO - Processing /home/eder/Desktop/Airflow/Twitter/venv/lib/python3.9/site-packages/airflow/example_dags/example_branch_operator.py took 0.292 seconds
[2024-01-05T16:55:35.432+0000] {processor.py:161} INFO - Started process (PID=17092) to work on /home/eder/Desktop/Airflow/Twitter/venv/lib/python3.9/site-packages/airflow/example_dags/example_branch_operator.py
[2024-01-05T16:55:35.440+0000] {processor.py:830} INFO - Processing file /home/eder/Desktop/Airflow/Twitter/venv/lib/python3.9/site-packages/airflow/example_dags/example_branch_operator.py for tasks to queue
[2024-01-05T16:55:35.441+0000] {logging_mixin.py:188} INFO - [2024-01-05T16:55:35.441+0000] {dagbag.py:538} INFO - Filling up the DagBag from /home/eder/Desktop/Airflow/Twitter/venv/lib/python3.9/site-packages/airflow/example_dags/example_branch_operator.py
[2024-01-05T16:55:35.455+0000] {processor.py:840} INFO - DAG(s) 'example_branch_operator' retrieved from /home/eder/Desktop/Airflow/Twitter/venv/lib/python3.9/site-packages/airflow/example_dags/example_branch_operator.py
[2024-01-05T16:55:35.472+0000] {logging_mixin.py:188} INFO - [2024-01-05T16:55:35.471+0000] {dag.py:3033} INFO - Sync 1 DAGs
[2024-01-05T16:55:35.490+0000] {logging_mixin.py:188} INFO - [2024-01-05T16:55:35.490+0000] {dag.py:3820} INFO - Setting next_dagrun for example_branch_operator to 2024-01-04T00:00:00+00:00, run_after=2024-01-05T00:00:00+00:00
[2024-01-05T16:55:35.652+0000] {processor.py:183} INFO - Processing /home/eder/Desktop/Airflow/Twitter/venv/lib/python3.9/site-packages/airflow/example_dags/example_branch_operator.py took 0.222 seconds
[2024-01-05T16:56:34.489+0000] {processor.py:161} INFO - Started process (PID=17247) to work on /home/eder/Desktop/Airflow/Twitter/venv/lib/python3.9/site-packages/airflow/example_dags/example_branch_operator.py
[2024-01-05T16:56:34.492+0000] {processor.py:830} INFO - Processing file /home/eder/Desktop/Airflow/Twitter/venv/lib/python3.9/site-packages/airflow/example_dags/example_branch_operator.py for tasks to queue
[2024-01-05T16:56:34.494+0000] {logging_mixin.py:188} INFO - [2024-01-05T16:56:34.493+0000] {dagbag.py:538} INFO - Filling up the DagBag from /home/eder/Desktop/Airflow/Twitter/venv/lib/python3.9/site-packages/airflow/example_dags/example_branch_operator.py
[2024-01-05T16:56:34.535+0000] {processor.py:840} INFO - DAG(s) 'example_branch_operator' retrieved from /home/eder/Desktop/Airflow/Twitter/venv/lib/python3.9/site-packages/airflow/example_dags/example_branch_operator.py
[2024-01-05T16:56:34.563+0000] {logging_mixin.py:188} INFO - [2024-01-05T16:56:34.562+0000] {dag.py:3033} INFO - Sync 1 DAGs
[2024-01-05T16:56:34.576+0000] {logging_mixin.py:188} INFO - [2024-01-05T16:56:34.576+0000] {dag.py:3820} INFO - Setting next_dagrun for example_branch_operator to 2024-01-04T00:00:00+00:00, run_after=2024-01-05T00:00:00+00:00
[2024-01-05T16:56:34.641+0000] {processor.py:183} INFO - Processing /home/eder/Desktop/Airflow/Twitter/venv/lib/python3.9/site-packages/airflow/example_dags/example_branch_operator.py took 0.154 seconds
[2024-01-05T16:57:42.011+0000] {processor.py:161} INFO - Started process (PID=17436) to work on /home/eder/Desktop/Airflow/Twitter/venv/lib/python3.9/site-packages/airflow/example_dags/example_branch_operator.py
[2024-01-05T16:57:42.023+0000] {processor.py:830} INFO - Processing file /home/eder/Desktop/Airflow/Twitter/venv/lib/python3.9/site-packages/airflow/example_dags/example_branch_operator.py for tasks to queue
[2024-01-05T16:57:42.027+0000] {logging_mixin.py:188} INFO - [2024-01-05T16:57:42.024+0000] {dagbag.py:538} INFO - Filling up the DagBag from /home/eder/Desktop/Airflow/Twitter/venv/lib/python3.9/site-packages/airflow/example_dags/example_branch_operator.py
[2024-01-05T16:57:42.068+0000] {processor.py:840} INFO - DAG(s) 'example_branch_operator' retrieved from /home/eder/Desktop/Airflow/Twitter/venv/lib/python3.9/site-packages/airflow/example_dags/example_branch_operator.py
[2024-01-05T16:57:42.104+0000] {logging_mixin.py:188} INFO - [2024-01-05T16:57:42.104+0000] {dag.py:3033} INFO - Sync 1 DAGs
[2024-01-05T16:57:42.133+0000] {logging_mixin.py:188} INFO - [2024-01-05T16:57:42.133+0000] {dag.py:3820} INFO - Setting next_dagrun for example_branch_operator to 2024-01-04T00:00:00+00:00, run_after=2024-01-05T00:00:00+00:00
[2024-01-05T16:57:42.348+0000] {processor.py:183} INFO - Processing /home/eder/Desktop/Airflow/Twitter/venv/lib/python3.9/site-packages/airflow/example_dags/example_branch_operator.py took 0.342 seconds
[2024-01-05T16:58:40.932+0000] {processor.py:161} INFO - Started process (PID=17662) to work on /home/eder/Desktop/Airflow/Twitter/venv/lib/python3.9/site-packages/airflow/example_dags/example_branch_operator.py
[2024-01-05T16:58:40.953+0000] {processor.py:830} INFO - Processing file /home/eder/Desktop/Airflow/Twitter/venv/lib/python3.9/site-packages/airflow/example_dags/example_branch_operator.py for tasks to queue
[2024-01-05T16:58:40.954+0000] {logging_mixin.py:188} INFO - [2024-01-05T16:58:40.954+0000] {dagbag.py:538} INFO - Filling up the DagBag from /home/eder/Desktop/Airflow/Twitter/venv/lib/python3.9/site-packages/airflow/example_dags/example_branch_operator.py
[2024-01-05T16:58:40.971+0000] {processor.py:840} INFO - DAG(s) 'example_branch_operator' retrieved from /home/eder/Desktop/Airflow/Twitter/venv/lib/python3.9/site-packages/airflow/example_dags/example_branch_operator.py
[2024-01-05T16:58:41.016+0000] {logging_mixin.py:188} INFO - [2024-01-05T16:58:41.016+0000] {dag.py:3033} INFO - Sync 1 DAGs
[2024-01-05T16:58:41.048+0000] {logging_mixin.py:188} INFO - [2024-01-05T16:58:41.048+0000] {dag.py:3820} INFO - Setting next_dagrun for example_branch_operator to 2024-01-04T00:00:00+00:00, run_after=2024-01-05T00:00:00+00:00
[2024-01-05T16:58:41.180+0000] {processor.py:183} INFO - Processing /home/eder/Desktop/Airflow/Twitter/venv/lib/python3.9/site-packages/airflow/example_dags/example_branch_operator.py took 0.253 seconds
[2024-01-05T16:59:42.731+0000] {processor.py:161} INFO - Started process (PID=17830) to work on /home/eder/Desktop/Airflow/Twitter/venv/lib/python3.9/site-packages/airflow/example_dags/example_branch_operator.py
[2024-01-05T16:59:42.738+0000] {processor.py:830} INFO - Processing file /home/eder/Desktop/Airflow/Twitter/venv/lib/python3.9/site-packages/airflow/example_dags/example_branch_operator.py for tasks to queue
[2024-01-05T16:59:42.740+0000] {logging_mixin.py:188} INFO - [2024-01-05T16:59:42.739+0000] {dagbag.py:538} INFO - Filling up the DagBag from /home/eder/Desktop/Airflow/Twitter/venv/lib/python3.9/site-packages/airflow/example_dags/example_branch_operator.py
[2024-01-05T16:59:42.762+0000] {processor.py:840} INFO - DAG(s) 'example_branch_operator' retrieved from /home/eder/Desktop/Airflow/Twitter/venv/lib/python3.9/site-packages/airflow/example_dags/example_branch_operator.py
[2024-01-05T16:59:42.779+0000] {logging_mixin.py:188} INFO - [2024-01-05T16:59:42.779+0000] {dag.py:3033} INFO - Sync 1 DAGs
[2024-01-05T16:59:42.797+0000] {logging_mixin.py:188} INFO - [2024-01-05T16:59:42.796+0000] {dag.py:3820} INFO - Setting next_dagrun for example_branch_operator to 2024-01-04T00:00:00+00:00, run_after=2024-01-05T00:00:00+00:00
[2024-01-05T16:59:42.816+0000] {processor.py:183} INFO - Processing /home/eder/Desktop/Airflow/Twitter/venv/lib/python3.9/site-packages/airflow/example_dags/example_branch_operator.py took 0.089 seconds
[2024-01-05T17:00:48.212+0000] {processor.py:161} INFO - Started process (PID=18002) to work on /home/eder/Desktop/Airflow/Twitter/venv/lib/python3.9/site-packages/airflow/example_dags/example_branch_operator.py
[2024-01-05T17:00:48.216+0000] {processor.py:830} INFO - Processing file /home/eder/Desktop/Airflow/Twitter/venv/lib/python3.9/site-packages/airflow/example_dags/example_branch_operator.py for tasks to queue
[2024-01-05T17:00:48.218+0000] {logging_mixin.py:188} INFO - [2024-01-05T17:00:48.217+0000] {dagbag.py:538} INFO - Filling up the DagBag from /home/eder/Desktop/Airflow/Twitter/venv/lib/python3.9/site-packages/airflow/example_dags/example_branch_operator.py
[2024-01-05T17:00:48.273+0000] {processor.py:840} INFO - DAG(s) 'example_branch_operator' retrieved from /home/eder/Desktop/Airflow/Twitter/venv/lib/python3.9/site-packages/airflow/example_dags/example_branch_operator.py
[2024-01-05T17:00:48.308+0000] {logging_mixin.py:188} INFO - [2024-01-05T17:00:48.304+0000] {dag.py:3033} INFO - Sync 1 DAGs
[2024-01-05T17:00:48.336+0000] {logging_mixin.py:188} INFO - [2024-01-05T17:00:48.336+0000] {dag.py:3820} INFO - Setting next_dagrun for example_branch_operator to 2024-01-04T00:00:00+00:00, run_after=2024-01-05T00:00:00+00:00
[2024-01-05T17:00:48.432+0000] {processor.py:183} INFO - Processing /home/eder/Desktop/Airflow/Twitter/venv/lib/python3.9/site-packages/airflow/example_dags/example_branch_operator.py took 0.224 seconds
[2024-01-05T17:01:52.312+0000] {processor.py:161} INFO - Started process (PID=18188) to work on /home/eder/Desktop/Airflow/Twitter/venv/lib/python3.9/site-packages/airflow/example_dags/example_branch_operator.py
[2024-01-05T17:01:52.315+0000] {processor.py:830} INFO - Processing file /home/eder/Desktop/Airflow/Twitter/venv/lib/python3.9/site-packages/airflow/example_dags/example_branch_operator.py for tasks to queue
[2024-01-05T17:01:52.316+0000] {logging_mixin.py:188} INFO - [2024-01-05T17:01:52.315+0000] {dagbag.py:538} INFO - Filling up the DagBag from /home/eder/Desktop/Airflow/Twitter/venv/lib/python3.9/site-packages/airflow/example_dags/example_branch_operator.py
[2024-01-05T17:01:52.330+0000] {processor.py:840} INFO - DAG(s) 'example_branch_operator' retrieved from /home/eder/Desktop/Airflow/Twitter/venv/lib/python3.9/site-packages/airflow/example_dags/example_branch_operator.py
[2024-01-05T17:01:52.348+0000] {logging_mixin.py:188} INFO - [2024-01-05T17:01:52.348+0000] {dag.py:3033} INFO - Sync 1 DAGs
[2024-01-05T17:01:52.360+0000] {logging_mixin.py:188} INFO - [2024-01-05T17:01:52.359+0000] {dag.py:3820} INFO - Setting next_dagrun for example_branch_operator to 2024-01-04T00:00:00+00:00, run_after=2024-01-05T00:00:00+00:00
[2024-01-05T17:01:52.384+0000] {processor.py:183} INFO - Processing /home/eder/Desktop/Airflow/Twitter/venv/lib/python3.9/site-packages/airflow/example_dags/example_branch_operator.py took 0.076 seconds
[2024-01-05T17:02:53.322+0000] {processor.py:161} INFO - Started process (PID=18355) to work on /home/eder/Desktop/Airflow/Twitter/venv/lib/python3.9/site-packages/airflow/example_dags/example_branch_operator.py
[2024-01-05T17:02:53.330+0000] {processor.py:830} INFO - Processing file /home/eder/Desktop/Airflow/Twitter/venv/lib/python3.9/site-packages/airflow/example_dags/example_branch_operator.py for tasks to queue
[2024-01-05T17:02:53.331+0000] {logging_mixin.py:188} INFO - [2024-01-05T17:02:53.331+0000] {dagbag.py:538} INFO - Filling up the DagBag from /home/eder/Desktop/Airflow/Twitter/venv/lib/python3.9/site-packages/airflow/example_dags/example_branch_operator.py
[2024-01-05T17:02:53.344+0000] {processor.py:840} INFO - DAG(s) 'example_branch_operator' retrieved from /home/eder/Desktop/Airflow/Twitter/venv/lib/python3.9/site-packages/airflow/example_dags/example_branch_operator.py
[2024-01-05T17:02:53.360+0000] {logging_mixin.py:188} INFO - [2024-01-05T17:02:53.359+0000] {dag.py:3033} INFO - Sync 1 DAGs
[2024-01-05T17:02:53.373+0000] {logging_mixin.py:188} INFO - [2024-01-05T17:02:53.373+0000] {dag.py:3820} INFO - Setting next_dagrun for example_branch_operator to 2024-01-04T00:00:00+00:00, run_after=2024-01-05T00:00:00+00:00
[2024-01-05T17:02:53.395+0000] {processor.py:183} INFO - Processing /home/eder/Desktop/Airflow/Twitter/venv/lib/python3.9/site-packages/airflow/example_dags/example_branch_operator.py took 0.076 seconds
[2024-01-05T17:03:53.882+0000] {processor.py:161} INFO - Started process (PID=18596) to work on /home/eder/Desktop/Airflow/Twitter/venv/lib/python3.9/site-packages/airflow/example_dags/example_branch_operator.py
[2024-01-05T17:03:53.884+0000] {processor.py:830} INFO - Processing file /home/eder/Desktop/Airflow/Twitter/venv/lib/python3.9/site-packages/airflow/example_dags/example_branch_operator.py for tasks to queue
[2024-01-05T17:03:53.885+0000] {logging_mixin.py:188} INFO - [2024-01-05T17:03:53.885+0000] {dagbag.py:538} INFO - Filling up the DagBag from /home/eder/Desktop/Airflow/Twitter/venv/lib/python3.9/site-packages/airflow/example_dags/example_branch_operator.py
[2024-01-05T17:03:53.902+0000] {processor.py:840} INFO - DAG(s) 'example_branch_operator' retrieved from /home/eder/Desktop/Airflow/Twitter/venv/lib/python3.9/site-packages/airflow/example_dags/example_branch_operator.py
[2024-01-05T17:03:53.920+0000] {logging_mixin.py:188} INFO - [2024-01-05T17:03:53.919+0000] {dag.py:3033} INFO - Sync 1 DAGs
[2024-01-05T17:03:53.932+0000] {logging_mixin.py:188} INFO - [2024-01-05T17:03:53.931+0000] {dag.py:3820} INFO - Setting next_dagrun for example_branch_operator to 2024-01-04T00:00:00+00:00, run_after=2024-01-05T00:00:00+00:00
[2024-01-05T17:03:53.959+0000] {processor.py:183} INFO - Processing /home/eder/Desktop/Airflow/Twitter/venv/lib/python3.9/site-packages/airflow/example_dags/example_branch_operator.py took 0.081 seconds
[2024-01-05T17:05:12.160+0000] {processor.py:161} INFO - Started process (PID=18794) to work on /home/eder/Desktop/Airflow/Twitter/venv/lib/python3.9/site-packages/airflow/example_dags/example_branch_operator.py
[2024-01-05T17:05:12.168+0000] {processor.py:830} INFO - Processing file /home/eder/Desktop/Airflow/Twitter/venv/lib/python3.9/site-packages/airflow/example_dags/example_branch_operator.py for tasks to queue
[2024-01-05T17:05:12.169+0000] {logging_mixin.py:188} INFO - [2024-01-05T17:05:12.169+0000] {dagbag.py:538} INFO - Filling up the DagBag from /home/eder/Desktop/Airflow/Twitter/venv/lib/python3.9/site-packages/airflow/example_dags/example_branch_operator.py
[2024-01-05T17:05:12.203+0000] {processor.py:840} INFO - DAG(s) 'example_branch_operator' retrieved from /home/eder/Desktop/Airflow/Twitter/venv/lib/python3.9/site-packages/airflow/example_dags/example_branch_operator.py
[2024-01-05T17:05:12.228+0000] {logging_mixin.py:188} INFO - [2024-01-05T17:05:12.227+0000] {dag.py:3033} INFO - Sync 1 DAGs
[2024-01-05T17:05:12.242+0000] {logging_mixin.py:188} INFO - [2024-01-05T17:05:12.241+0000] {dag.py:3820} INFO - Setting next_dagrun for example_branch_operator to 2024-01-04T00:00:00+00:00, run_after=2024-01-05T00:00:00+00:00
[2024-01-05T17:05:12.324+0000] {processor.py:183} INFO - Processing /home/eder/Desktop/Airflow/Twitter/venv/lib/python3.9/site-packages/airflow/example_dags/example_branch_operator.py took 0.166 seconds
[2024-01-05T17:06:15.833+0000] {processor.py:161} INFO - Started process (PID=19022) to work on /home/eder/Desktop/Airflow/Twitter/venv/lib/python3.9/site-packages/airflow/example_dags/example_branch_operator.py
[2024-01-05T17:06:15.840+0000] {processor.py:830} INFO - Processing file /home/eder/Desktop/Airflow/Twitter/venv/lib/python3.9/site-packages/airflow/example_dags/example_branch_operator.py for tasks to queue
[2024-01-05T17:06:15.841+0000] {logging_mixin.py:188} INFO - [2024-01-05T17:06:15.840+0000] {dagbag.py:538} INFO - Filling up the DagBag from /home/eder/Desktop/Airflow/Twitter/venv/lib/python3.9/site-packages/airflow/example_dags/example_branch_operator.py
[2024-01-05T17:06:15.857+0000] {processor.py:840} INFO - DAG(s) 'example_branch_operator' retrieved from /home/eder/Desktop/Airflow/Twitter/venv/lib/python3.9/site-packages/airflow/example_dags/example_branch_operator.py
[2024-01-05T17:06:15.874+0000] {logging_mixin.py:188} INFO - [2024-01-05T17:06:15.874+0000] {dag.py:3033} INFO - Sync 1 DAGs
[2024-01-05T17:06:15.887+0000] {logging_mixin.py:188} INFO - [2024-01-05T17:06:15.887+0000] {dag.py:3820} INFO - Setting next_dagrun for example_branch_operator to 2024-01-04T00:00:00+00:00, run_after=2024-01-05T00:00:00+00:00
[2024-01-05T17:06:15.926+0000] {processor.py:183} INFO - Processing /home/eder/Desktop/Airflow/Twitter/venv/lib/python3.9/site-packages/airflow/example_dags/example_branch_operator.py took 0.096 seconds
[2024-01-05T17:07:28.394+0000] {processor.py:161} INFO - Started process (PID=19224) to work on /home/eder/Desktop/Airflow/Twitter/venv/lib/python3.9/site-packages/airflow/example_dags/example_branch_operator.py
[2024-01-05T17:07:28.401+0000] {processor.py:830} INFO - Processing file /home/eder/Desktop/Airflow/Twitter/venv/lib/python3.9/site-packages/airflow/example_dags/example_branch_operator.py for tasks to queue
[2024-01-05T17:07:28.403+0000] {logging_mixin.py:188} INFO - [2024-01-05T17:07:28.402+0000] {dagbag.py:538} INFO - Filling up the DagBag from /home/eder/Desktop/Airflow/Twitter/venv/lib/python3.9/site-packages/airflow/example_dags/example_branch_operator.py
[2024-01-05T17:07:28.444+0000] {processor.py:840} INFO - DAG(s) 'example_branch_operator' retrieved from /home/eder/Desktop/Airflow/Twitter/venv/lib/python3.9/site-packages/airflow/example_dags/example_branch_operator.py
[2024-01-05T17:07:28.475+0000] {logging_mixin.py:188} INFO - [2024-01-05T17:07:28.474+0000] {dag.py:3033} INFO - Sync 1 DAGs
[2024-01-05T17:07:28.489+0000] {logging_mixin.py:188} INFO - [2024-01-05T17:07:28.488+0000] {dag.py:3820} INFO - Setting next_dagrun for example_branch_operator to 2024-01-04T00:00:00+00:00, run_after=2024-01-05T00:00:00+00:00
[2024-01-05T17:07:28.510+0000] {processor.py:183} INFO - Processing /home/eder/Desktop/Airflow/Twitter/venv/lib/python3.9/site-packages/airflow/example_dags/example_branch_operator.py took 0.120 seconds
[2024-01-05T17:37:17.652+0000] {processor.py:161} INFO - Started process (PID=20707) to work on /home/eder/Desktop/Airflow/Twitter/venv/lib/python3.9/site-packages/airflow/example_dags/example_branch_operator.py
[2024-01-05T17:37:17.662+0000] {processor.py:830} INFO - Processing file /home/eder/Desktop/Airflow/Twitter/venv/lib/python3.9/site-packages/airflow/example_dags/example_branch_operator.py for tasks to queue
[2024-01-05T17:37:17.663+0000] {logging_mixin.py:188} INFO - [2024-01-05T17:37:17.663+0000] {dagbag.py:538} INFO - Filling up the DagBag from /home/eder/Desktop/Airflow/Twitter/venv/lib/python3.9/site-packages/airflow/example_dags/example_branch_operator.py
[2024-01-05T17:37:17.678+0000] {processor.py:840} INFO - DAG(s) 'example_branch_operator' retrieved from /home/eder/Desktop/Airflow/Twitter/venv/lib/python3.9/site-packages/airflow/example_dags/example_branch_operator.py
[2024-01-05T17:37:17.755+0000] {logging_mixin.py:188} INFO - [2024-01-05T17:37:17.755+0000] {dag.py:3033} INFO - Sync 1 DAGs
[2024-01-05T17:37:17.769+0000] {logging_mixin.py:188} INFO - [2024-01-05T17:37:17.769+0000] {dag.py:3820} INFO - Setting next_dagrun for example_branch_operator to 2024-01-04T00:00:00+00:00, run_after=2024-01-05T00:00:00+00:00
[2024-01-05T17:37:17.796+0000] {processor.py:183} INFO - Processing /home/eder/Desktop/Airflow/Twitter/venv/lib/python3.9/site-packages/airflow/example_dags/example_branch_operator.py took 0.145 seconds
[2024-01-05T17:38:12.530+0000] {processor.py:161} INFO - Started process (PID=20984) to work on /home/eder/Desktop/Airflow/Twitter/venv/lib/python3.9/site-packages/airflow/example_dags/example_branch_operator.py
[2024-01-05T17:38:12.532+0000] {processor.py:830} INFO - Processing file /home/eder/Desktop/Airflow/Twitter/venv/lib/python3.9/site-packages/airflow/example_dags/example_branch_operator.py for tasks to queue
[2024-01-05T17:38:12.533+0000] {logging_mixin.py:188} INFO - [2024-01-05T17:38:12.533+0000] {dagbag.py:538} INFO - Filling up the DagBag from /home/eder/Desktop/Airflow/Twitter/venv/lib/python3.9/site-packages/airflow/example_dags/example_branch_operator.py
[2024-01-05T17:38:12.546+0000] {processor.py:840} INFO - DAG(s) 'example_branch_operator' retrieved from /home/eder/Desktop/Airflow/Twitter/venv/lib/python3.9/site-packages/airflow/example_dags/example_branch_operator.py
[2024-01-05T17:38:12.562+0000] {logging_mixin.py:188} INFO - [2024-01-05T17:38:12.562+0000] {dag.py:3033} INFO - Sync 1 DAGs
[2024-01-05T17:38:12.579+0000] {logging_mixin.py:188} INFO - [2024-01-05T17:38:12.578+0000] {dag.py:3820} INFO - Setting next_dagrun for example_branch_operator to 2024-01-04T00:00:00+00:00, run_after=2024-01-05T00:00:00+00:00
[2024-01-05T17:38:12.600+0000] {processor.py:183} INFO - Processing /home/eder/Desktop/Airflow/Twitter/venv/lib/python3.9/site-packages/airflow/example_dags/example_branch_operator.py took 0.072 seconds
[2024-01-05T17:39:09.125+0000] {processor.py:161} INFO - Started process (PID=21139) to work on /home/eder/Desktop/Airflow/Twitter/venv/lib/python3.9/site-packages/airflow/example_dags/example_branch_operator.py
[2024-01-05T17:39:09.133+0000] {processor.py:830} INFO - Processing file /home/eder/Desktop/Airflow/Twitter/venv/lib/python3.9/site-packages/airflow/example_dags/example_branch_operator.py for tasks to queue
[2024-01-05T17:39:09.134+0000] {logging_mixin.py:188} INFO - [2024-01-05T17:39:09.134+0000] {dagbag.py:538} INFO - Filling up the DagBag from /home/eder/Desktop/Airflow/Twitter/venv/lib/python3.9/site-packages/airflow/example_dags/example_branch_operator.py
[2024-01-05T17:39:09.149+0000] {processor.py:840} INFO - DAG(s) 'example_branch_operator' retrieved from /home/eder/Desktop/Airflow/Twitter/venv/lib/python3.9/site-packages/airflow/example_dags/example_branch_operator.py
[2024-01-05T17:39:09.166+0000] {logging_mixin.py:188} INFO - [2024-01-05T17:39:09.166+0000] {dag.py:3033} INFO - Sync 1 DAGs
[2024-01-05T17:39:09.181+0000] {logging_mixin.py:188} INFO - [2024-01-05T17:39:09.181+0000] {dag.py:3820} INFO - Setting next_dagrun for example_branch_operator to 2024-01-04T00:00:00+00:00, run_after=2024-01-05T00:00:00+00:00
[2024-01-05T17:39:09.205+0000] {processor.py:183} INFO - Processing /home/eder/Desktop/Airflow/Twitter/venv/lib/python3.9/site-packages/airflow/example_dags/example_branch_operator.py took 0.082 seconds
[2024-01-05T17:40:06.336+0000] {processor.py:161} INFO - Started process (PID=21292) to work on /home/eder/Desktop/Airflow/Twitter/venv/lib/python3.9/site-packages/airflow/example_dags/example_branch_operator.py
[2024-01-05T17:40:06.340+0000] {processor.py:830} INFO - Processing file /home/eder/Desktop/Airflow/Twitter/venv/lib/python3.9/site-packages/airflow/example_dags/example_branch_operator.py for tasks to queue
[2024-01-05T17:40:06.341+0000] {logging_mixin.py:188} INFO - [2024-01-05T17:40:06.341+0000] {dagbag.py:538} INFO - Filling up the DagBag from /home/eder/Desktop/Airflow/Twitter/venv/lib/python3.9/site-packages/airflow/example_dags/example_branch_operator.py
[2024-01-05T17:40:06.359+0000] {processor.py:840} INFO - DAG(s) 'example_branch_operator' retrieved from /home/eder/Desktop/Airflow/Twitter/venv/lib/python3.9/site-packages/airflow/example_dags/example_branch_operator.py
[2024-01-05T17:40:06.377+0000] {logging_mixin.py:188} INFO - [2024-01-05T17:40:06.377+0000] {dag.py:3033} INFO - Sync 1 DAGs
[2024-01-05T17:40:06.394+0000] {logging_mixin.py:188} INFO - [2024-01-05T17:40:06.393+0000] {dag.py:3820} INFO - Setting next_dagrun for example_branch_operator to 2024-01-04T00:00:00+00:00, run_after=2024-01-05T00:00:00+00:00
[2024-01-05T17:40:06.415+0000] {processor.py:183} INFO - Processing /home/eder/Desktop/Airflow/Twitter/venv/lib/python3.9/site-packages/airflow/example_dags/example_branch_operator.py took 0.081 seconds
[2024-01-05T17:51:09.310+0000] {processor.py:161} INFO - Started process (PID=32479) to work on /home/eder/Desktop/Airflow/Twitter/venv/lib/python3.9/site-packages/airflow/example_dags/example_branch_operator.py
[2024-01-05T17:51:09.318+0000] {processor.py:830} INFO - Processing file /home/eder/Desktop/Airflow/Twitter/venv/lib/python3.9/site-packages/airflow/example_dags/example_branch_operator.py for tasks to queue
[2024-01-05T17:51:09.319+0000] {logging_mixin.py:188} INFO - [2024-01-05T17:51:09.319+0000] {dagbag.py:538} INFO - Filling up the DagBag from /home/eder/Desktop/Airflow/Twitter/venv/lib/python3.9/site-packages/airflow/example_dags/example_branch_operator.py
[2024-01-05T17:51:09.338+0000] {processor.py:840} INFO - DAG(s) 'example_branch_operator' retrieved from /home/eder/Desktop/Airflow/Twitter/venv/lib/python3.9/site-packages/airflow/example_dags/example_branch_operator.py
[2024-01-05T17:51:09.355+0000] {logging_mixin.py:188} INFO - [2024-01-05T17:51:09.355+0000] {dag.py:3033} INFO - Sync 1 DAGs
[2024-01-05T17:51:09.368+0000] {logging_mixin.py:188} INFO - [2024-01-05T17:51:09.368+0000] {dag.py:3820} INFO - Setting next_dagrun for example_branch_operator to 2024-01-04T00:00:00+00:00, run_after=2024-01-05T00:00:00+00:00
[2024-01-05T17:51:09.391+0000] {processor.py:183} INFO - Processing /home/eder/Desktop/Airflow/Twitter/venv/lib/python3.9/site-packages/airflow/example_dags/example_branch_operator.py took 0.084 seconds
[2024-01-05T17:52:14.604+0000] {processor.py:161} INFO - Started process (PID=32730) to work on /home/eder/Desktop/Airflow/Twitter/venv/lib/python3.9/site-packages/airflow/example_dags/example_branch_operator.py
[2024-01-05T17:52:14.615+0000] {processor.py:830} INFO - Processing file /home/eder/Desktop/Airflow/Twitter/venv/lib/python3.9/site-packages/airflow/example_dags/example_branch_operator.py for tasks to queue
[2024-01-05T17:52:14.619+0000] {logging_mixin.py:188} INFO - [2024-01-05T17:52:14.616+0000] {dagbag.py:538} INFO - Filling up the DagBag from /home/eder/Desktop/Airflow/Twitter/venv/lib/python3.9/site-packages/airflow/example_dags/example_branch_operator.py
[2024-01-05T17:52:14.638+0000] {processor.py:840} INFO - DAG(s) 'example_branch_operator' retrieved from /home/eder/Desktop/Airflow/Twitter/venv/lib/python3.9/site-packages/airflow/example_dags/example_branch_operator.py
[2024-01-05T17:52:14.654+0000] {logging_mixin.py:188} INFO - [2024-01-05T17:52:14.654+0000] {dag.py:3033} INFO - Sync 1 DAGs
[2024-01-05T17:52:14.668+0000] {logging_mixin.py:188} INFO - [2024-01-05T17:52:14.667+0000] {dag.py:3820} INFO - Setting next_dagrun for example_branch_operator to 2024-01-04T00:00:00+00:00, run_after=2024-01-05T00:00:00+00:00
[2024-01-05T17:52:14.692+0000] {processor.py:183} INFO - Processing /home/eder/Desktop/Airflow/Twitter/venv/lib/python3.9/site-packages/airflow/example_dags/example_branch_operator.py took 0.092 seconds
[2024-01-05T17:53:32.540+0000] {processor.py:161} INFO - Started process (PID=32998) to work on /home/eder/Desktop/Airflow/Twitter/venv/lib/python3.9/site-packages/airflow/example_dags/example_branch_operator.py
[2024-01-05T17:53:32.550+0000] {processor.py:830} INFO - Processing file /home/eder/Desktop/Airflow/Twitter/venv/lib/python3.9/site-packages/airflow/example_dags/example_branch_operator.py for tasks to queue
[2024-01-05T17:53:32.551+0000] {logging_mixin.py:188} INFO - [2024-01-05T17:53:32.551+0000] {dagbag.py:538} INFO - Filling up the DagBag from /home/eder/Desktop/Airflow/Twitter/venv/lib/python3.9/site-packages/airflow/example_dags/example_branch_operator.py
[2024-01-05T17:53:32.580+0000] {processor.py:840} INFO - DAG(s) 'example_branch_operator' retrieved from /home/eder/Desktop/Airflow/Twitter/venv/lib/python3.9/site-packages/airflow/example_dags/example_branch_operator.py
[2024-01-05T17:53:32.623+0000] {logging_mixin.py:188} INFO - [2024-01-05T17:53:32.620+0000] {dag.py:3033} INFO - Sync 1 DAGs
[2024-01-05T17:53:32.655+0000] {logging_mixin.py:188} INFO - [2024-01-05T17:53:32.652+0000] {dag.py:3820} INFO - Setting next_dagrun for example_branch_operator to 2024-01-04T00:00:00+00:00, run_after=2024-01-05T00:00:00+00:00
[2024-01-05T17:53:32.782+0000] {processor.py:183} INFO - Processing /home/eder/Desktop/Airflow/Twitter/venv/lib/python3.9/site-packages/airflow/example_dags/example_branch_operator.py took 0.247 seconds
[2024-01-05T17:54:32.665+0000] {processor.py:161} INFO - Started process (PID=33169) to work on /home/eder/Desktop/Airflow/Twitter/venv/lib/python3.9/site-packages/airflow/example_dags/example_branch_operator.py
[2024-01-05T17:54:32.668+0000] {processor.py:830} INFO - Processing file /home/eder/Desktop/Airflow/Twitter/venv/lib/python3.9/site-packages/airflow/example_dags/example_branch_operator.py for tasks to queue
[2024-01-05T17:54:32.669+0000] {logging_mixin.py:188} INFO - [2024-01-05T17:54:32.669+0000] {dagbag.py:538} INFO - Filling up the DagBag from /home/eder/Desktop/Airflow/Twitter/venv/lib/python3.9/site-packages/airflow/example_dags/example_branch_operator.py
[2024-01-05T17:54:32.683+0000] {processor.py:840} INFO - DAG(s) 'example_branch_operator' retrieved from /home/eder/Desktop/Airflow/Twitter/venv/lib/python3.9/site-packages/airflow/example_dags/example_branch_operator.py
[2024-01-05T17:54:32.706+0000] {logging_mixin.py:188} INFO - [2024-01-05T17:54:32.706+0000] {dag.py:3033} INFO - Sync 1 DAGs
[2024-01-05T17:54:32.721+0000] {logging_mixin.py:188} INFO - [2024-01-05T17:54:32.721+0000] {dag.py:3820} INFO - Setting next_dagrun for example_branch_operator to 2024-01-04T00:00:00+00:00, run_after=2024-01-05T00:00:00+00:00
[2024-01-05T17:54:32.762+0000] {processor.py:183} INFO - Processing /home/eder/Desktop/Airflow/Twitter/venv/lib/python3.9/site-packages/airflow/example_dags/example_branch_operator.py took 0.100 seconds
[2024-01-05T17:55:33.249+0000] {processor.py:161} INFO - Started process (PID=33357) to work on /home/eder/Desktop/Airflow/Twitter/venv/lib/python3.9/site-packages/airflow/example_dags/example_branch_operator.py
[2024-01-05T17:55:33.258+0000] {processor.py:830} INFO - Processing file /home/eder/Desktop/Airflow/Twitter/venv/lib/python3.9/site-packages/airflow/example_dags/example_branch_operator.py for tasks to queue
[2024-01-05T17:55:33.259+0000] {logging_mixin.py:188} INFO - [2024-01-05T17:55:33.259+0000] {dagbag.py:538} INFO - Filling up the DagBag from /home/eder/Desktop/Airflow/Twitter/venv/lib/python3.9/site-packages/airflow/example_dags/example_branch_operator.py
[2024-01-05T17:55:33.296+0000] {processor.py:840} INFO - DAG(s) 'example_branch_operator' retrieved from /home/eder/Desktop/Airflow/Twitter/venv/lib/python3.9/site-packages/airflow/example_dags/example_branch_operator.py
[2024-01-05T17:55:33.332+0000] {logging_mixin.py:188} INFO - [2024-01-05T17:55:33.331+0000] {dag.py:3033} INFO - Sync 1 DAGs
[2024-01-05T17:55:33.358+0000] {logging_mixin.py:188} INFO - [2024-01-05T17:55:33.357+0000] {dag.py:3820} INFO - Setting next_dagrun for example_branch_operator to 2024-01-04T00:00:00+00:00, run_after=2024-01-05T00:00:00+00:00
[2024-01-05T17:55:33.520+0000] {processor.py:183} INFO - Processing /home/eder/Desktop/Airflow/Twitter/venv/lib/python3.9/site-packages/airflow/example_dags/example_branch_operator.py took 0.285 seconds
[2024-01-05T17:56:37.807+0000] {processor.py:161} INFO - Started process (PID=33533) to work on /home/eder/Desktop/Airflow/Twitter/venv/lib/python3.9/site-packages/airflow/example_dags/example_branch_operator.py
[2024-01-05T17:56:37.831+0000] {processor.py:830} INFO - Processing file /home/eder/Desktop/Airflow/Twitter/venv/lib/python3.9/site-packages/airflow/example_dags/example_branch_operator.py for tasks to queue
[2024-01-05T17:56:37.832+0000] {logging_mixin.py:188} INFO - [2024-01-05T17:56:37.832+0000] {dagbag.py:538} INFO - Filling up the DagBag from /home/eder/Desktop/Airflow/Twitter/venv/lib/python3.9/site-packages/airflow/example_dags/example_branch_operator.py
[2024-01-05T17:56:37.870+0000] {processor.py:840} INFO - DAG(s) 'example_branch_operator' retrieved from /home/eder/Desktop/Airflow/Twitter/venv/lib/python3.9/site-packages/airflow/example_dags/example_branch_operator.py
[2024-01-05T17:56:37.901+0000] {logging_mixin.py:188} INFO - [2024-01-05T17:56:37.901+0000] {dag.py:3033} INFO - Sync 1 DAGs
[2024-01-05T17:56:37.921+0000] {logging_mixin.py:188} INFO - [2024-01-05T17:56:37.921+0000] {dag.py:3820} INFO - Setting next_dagrun for example_branch_operator to 2024-01-04T00:00:00+00:00, run_after=2024-01-05T00:00:00+00:00
[2024-01-05T17:56:37.956+0000] {processor.py:183} INFO - Processing /home/eder/Desktop/Airflow/Twitter/venv/lib/python3.9/site-packages/airflow/example_dags/example_branch_operator.py took 0.149 seconds
[2024-01-05T18:00:37.639+0000] {processor.py:161} INFO - Started process (PID=34217) to work on /home/eder/Desktop/Airflow/Twitter/venv/lib/python3.9/site-packages/airflow/example_dags/example_branch_operator.py
[2024-01-05T18:00:37.648+0000] {processor.py:830} INFO - Processing file /home/eder/Desktop/Airflow/Twitter/venv/lib/python3.9/site-packages/airflow/example_dags/example_branch_operator.py for tasks to queue
[2024-01-05T18:00:37.651+0000] {logging_mixin.py:188} INFO - [2024-01-05T18:00:37.651+0000] {dagbag.py:538} INFO - Filling up the DagBag from /home/eder/Desktop/Airflow/Twitter/venv/lib/python3.9/site-packages/airflow/example_dags/example_branch_operator.py
[2024-01-05T18:00:37.679+0000] {processor.py:840} INFO - DAG(s) 'example_branch_operator' retrieved from /home/eder/Desktop/Airflow/Twitter/venv/lib/python3.9/site-packages/airflow/example_dags/example_branch_operator.py
[2024-01-05T18:00:37.816+0000] {logging_mixin.py:188} INFO - [2024-01-05T18:00:37.815+0000] {dag.py:3033} INFO - Sync 1 DAGs
[2024-01-05T18:00:37.848+0000] {logging_mixin.py:188} INFO - [2024-01-05T18:00:37.847+0000] {dag.py:3820} INFO - Setting next_dagrun for example_branch_operator to 2024-01-04T00:00:00+00:00, run_after=2024-01-05T00:00:00+00:00
[2024-01-05T18:00:37.972+0000] {processor.py:183} INFO - Processing /home/eder/Desktop/Airflow/Twitter/venv/lib/python3.9/site-packages/airflow/example_dags/example_branch_operator.py took 0.336 seconds
