[2024-01-05T01:17:53.863+0000] {processor.py:161} INFO - Started process (PID=24107) to work on /home/eder/Desktop/Airflow/Twitter/venv/lib/python3.9/site-packages/airflow/example_dags/example_branch_day_of_week_operator.py
[2024-01-05T01:17:53.864+0000] {processor.py:830} INFO - Processing file /home/eder/Desktop/Airflow/Twitter/venv/lib/python3.9/site-packages/airflow/example_dags/example_branch_day_of_week_operator.py for tasks to queue
[2024-01-05T01:17:53.865+0000] {logging_mixin.py:188} INFO - [2024-01-05T01:17:53.865+0000] {dagbag.py:538} INFO - Filling up the DagBag from /home/eder/Desktop/Airflow/Twitter/venv/lib/python3.9/site-packages/airflow/example_dags/example_branch_day_of_week_operator.py
[2024-01-05T01:17:53.877+0000] {processor.py:840} INFO - DAG(s) 'example_weekday_branch_operator' retrieved from /home/eder/Desktop/Airflow/Twitter/venv/lib/python3.9/site-packages/airflow/example_dags/example_branch_day_of_week_operator.py
[2024-01-05T01:17:54.241+0000] {logging_mixin.py:188} INFO - [2024-01-05T01:17:54.240+0000] {override.py:1769} INFO - Created Permission View: can read on DAG:example_weekday_branch_operator
[2024-01-05T01:17:54.382+0000] {logging_mixin.py:188} INFO - [2024-01-05T01:17:54.381+0000] {override.py:1769} INFO - Created Permission View: can delete on DAG:example_weekday_branch_operator
[2024-01-05T01:17:54.465+0000] {logging_mixin.py:188} INFO - [2024-01-05T01:17:54.464+0000] {override.py:1769} INFO - Created Permission View: can edit on DAG:example_weekday_branch_operator
[2024-01-05T01:17:54.465+0000] {logging_mixin.py:188} INFO - [2024-01-05T01:17:54.465+0000] {dag.py:3033} INFO - Sync 1 DAGs
[2024-01-05T01:17:54.479+0000] {logging_mixin.py:188} INFO - [2024-01-05T01:17:54.479+0000] {dag.py:3055} INFO - Creating ORM DAG for example_weekday_branch_operator
[2024-01-05T01:17:55.852+0000] {logging_mixin.py:188} INFO - [2024-01-05T01:17:55.852+0000] {dag.py:3820} INFO - Setting next_dagrun for example_weekday_branch_operator to 2024-01-04T00:00:00+00:00, run_after=2024-01-05T00:00:00+00:00
[2024-01-05T01:17:56.388+0000] {processor.py:183} INFO - Processing /home/eder/Desktop/Airflow/Twitter/venv/lib/python3.9/site-packages/airflow/example_dags/example_branch_day_of_week_operator.py took 2.531 seconds
[2024-01-05T01:19:10.287+0000] {processor.py:161} INFO - Started process (PID=24581) to work on /home/eder/Desktop/Airflow/Twitter/venv/lib/python3.9/site-packages/airflow/example_dags/example_branch_day_of_week_operator.py
[2024-01-05T01:19:10.289+0000] {processor.py:830} INFO - Processing file /home/eder/Desktop/Airflow/Twitter/venv/lib/python3.9/site-packages/airflow/example_dags/example_branch_day_of_week_operator.py for tasks to queue
[2024-01-05T01:19:10.290+0000] {logging_mixin.py:188} INFO - [2024-01-05T01:19:10.290+0000] {dagbag.py:538} INFO - Filling up the DagBag from /home/eder/Desktop/Airflow/Twitter/venv/lib/python3.9/site-packages/airflow/example_dags/example_branch_day_of_week_operator.py
[2024-01-05T01:19:10.297+0000] {processor.py:840} INFO - DAG(s) 'example_weekday_branch_operator' retrieved from /home/eder/Desktop/Airflow/Twitter/venv/lib/python3.9/site-packages/airflow/example_dags/example_branch_day_of_week_operator.py
[2024-01-05T01:19:10.325+0000] {logging_mixin.py:188} INFO - [2024-01-05T01:19:10.324+0000] {dag.py:3033} INFO - Sync 1 DAGs
[2024-01-05T01:19:10.352+0000] {logging_mixin.py:188} INFO - [2024-01-05T01:19:10.352+0000] {dag.py:3820} INFO - Setting next_dagrun for example_weekday_branch_operator to 2024-01-04T00:00:00+00:00, run_after=2024-01-05T00:00:00+00:00
[2024-01-05T01:19:10.465+0000] {processor.py:183} INFO - Processing /home/eder/Desktop/Airflow/Twitter/venv/lib/python3.9/site-packages/airflow/example_dags/example_branch_day_of_week_operator.py took 0.180 seconds
[2024-01-05T01:23:11.619+0000] {processor.py:161} INFO - Started process (PID=28055) to work on /home/eder/Desktop/Airflow/Twitter/venv/lib/python3.9/site-packages/airflow/example_dags/example_branch_day_of_week_operator.py
[2024-01-05T01:23:11.631+0000] {processor.py:830} INFO - Processing file /home/eder/Desktop/Airflow/Twitter/venv/lib/python3.9/site-packages/airflow/example_dags/example_branch_day_of_week_operator.py for tasks to queue
[2024-01-05T01:23:11.632+0000] {logging_mixin.py:188} INFO - [2024-01-05T01:23:11.631+0000] {dagbag.py:538} INFO - Filling up the DagBag from /home/eder/Desktop/Airflow/Twitter/venv/lib/python3.9/site-packages/airflow/example_dags/example_branch_day_of_week_operator.py
[2024-01-05T01:23:11.642+0000] {processor.py:840} INFO - DAG(s) 'example_weekday_branch_operator' retrieved from /home/eder/Desktop/Airflow/Twitter/venv/lib/python3.9/site-packages/airflow/example_dags/example_branch_day_of_week_operator.py
[2024-01-05T01:23:11.752+0000] {logging_mixin.py:188} INFO - [2024-01-05T01:23:11.752+0000] {dag.py:3033} INFO - Sync 1 DAGs
[2024-01-05T01:23:11.768+0000] {logging_mixin.py:188} INFO - [2024-01-05T01:23:11.768+0000] {dag.py:3820} INFO - Setting next_dagrun for example_weekday_branch_operator to 2024-01-04T00:00:00+00:00, run_after=2024-01-05T00:00:00+00:00
[2024-01-05T01:23:11.793+0000] {processor.py:183} INFO - Processing /home/eder/Desktop/Airflow/Twitter/venv/lib/python3.9/site-packages/airflow/example_dags/example_branch_day_of_week_operator.py took 0.177 seconds
[2024-01-05T01:28:10.509+0000] {processor.py:161} INFO - Started process (PID=32846) to work on /home/eder/Desktop/Airflow/Twitter/venv/lib/python3.9/site-packages/airflow/example_dags/example_branch_day_of_week_operator.py
[2024-01-05T01:28:10.521+0000] {processor.py:830} INFO - Processing file /home/eder/Desktop/Airflow/Twitter/venv/lib/python3.9/site-packages/airflow/example_dags/example_branch_day_of_week_operator.py for tasks to queue
[2024-01-05T01:28:10.524+0000] {logging_mixin.py:188} INFO - [2024-01-05T01:28:10.522+0000] {dagbag.py:538} INFO - Filling up the DagBag from /home/eder/Desktop/Airflow/Twitter/venv/lib/python3.9/site-packages/airflow/example_dags/example_branch_day_of_week_operator.py
[2024-01-05T01:28:10.540+0000] {processor.py:840} INFO - DAG(s) 'example_weekday_branch_operator' retrieved from /home/eder/Desktop/Airflow/Twitter/venv/lib/python3.9/site-packages/airflow/example_dags/example_branch_day_of_week_operator.py
[2024-01-05T01:28:10.577+0000] {logging_mixin.py:188} INFO - [2024-01-05T01:28:10.577+0000] {dag.py:3033} INFO - Sync 1 DAGs
[2024-01-05T01:28:10.609+0000] {logging_mixin.py:188} INFO - [2024-01-05T01:28:10.608+0000] {dag.py:3820} INFO - Setting next_dagrun for example_weekday_branch_operator to 2024-01-04T00:00:00+00:00, run_after=2024-01-05T00:00:00+00:00
[2024-01-05T01:28:10.720+0000] {processor.py:183} INFO - Processing /home/eder/Desktop/Airflow/Twitter/venv/lib/python3.9/site-packages/airflow/example_dags/example_branch_day_of_week_operator.py took 0.221 seconds
[2024-01-05T01:29:07.118+0000] {processor.py:161} INFO - Started process (PID=33008) to work on /home/eder/Desktop/Airflow/Twitter/venv/lib/python3.9/site-packages/airflow/example_dags/example_branch_day_of_week_operator.py
[2024-01-05T01:29:07.126+0000] {processor.py:830} INFO - Processing file /home/eder/Desktop/Airflow/Twitter/venv/lib/python3.9/site-packages/airflow/example_dags/example_branch_day_of_week_operator.py for tasks to queue
[2024-01-05T01:29:07.127+0000] {logging_mixin.py:188} INFO - [2024-01-05T01:29:07.127+0000] {dagbag.py:538} INFO - Filling up the DagBag from /home/eder/Desktop/Airflow/Twitter/venv/lib/python3.9/site-packages/airflow/example_dags/example_branch_day_of_week_operator.py
[2024-01-05T01:29:07.141+0000] {processor.py:840} INFO - DAG(s) 'example_weekday_branch_operator' retrieved from /home/eder/Desktop/Airflow/Twitter/venv/lib/python3.9/site-packages/airflow/example_dags/example_branch_day_of_week_operator.py
[2024-01-05T01:29:07.166+0000] {logging_mixin.py:188} INFO - [2024-01-05T01:29:07.166+0000] {dag.py:3033} INFO - Sync 1 DAGs
[2024-01-05T01:29:07.200+0000] {logging_mixin.py:188} INFO - [2024-01-05T01:29:07.198+0000] {dag.py:3820} INFO - Setting next_dagrun for example_weekday_branch_operator to 2024-01-04T00:00:00+00:00, run_after=2024-01-05T00:00:00+00:00
[2024-01-05T01:29:07.415+0000] {processor.py:183} INFO - Processing /home/eder/Desktop/Airflow/Twitter/venv/lib/python3.9/site-packages/airflow/example_dags/example_branch_day_of_week_operator.py took 0.309 seconds
[2024-01-05T01:30:02.516+0000] {processor.py:161} INFO - Started process (PID=33173) to work on /home/eder/Desktop/Airflow/Twitter/venv/lib/python3.9/site-packages/airflow/example_dags/example_branch_day_of_week_operator.py
[2024-01-05T01:30:02.529+0000] {processor.py:830} INFO - Processing file /home/eder/Desktop/Airflow/Twitter/venv/lib/python3.9/site-packages/airflow/example_dags/example_branch_day_of_week_operator.py for tasks to queue
[2024-01-05T01:30:02.534+0000] {logging_mixin.py:188} INFO - [2024-01-05T01:30:02.530+0000] {dagbag.py:538} INFO - Filling up the DagBag from /home/eder/Desktop/Airflow/Twitter/venv/lib/python3.9/site-packages/airflow/example_dags/example_branch_day_of_week_operator.py
[2024-01-05T01:30:02.546+0000] {processor.py:840} INFO - DAG(s) 'example_weekday_branch_operator' retrieved from /home/eder/Desktop/Airflow/Twitter/venv/lib/python3.9/site-packages/airflow/example_dags/example_branch_day_of_week_operator.py
[2024-01-05T01:30:02.588+0000] {logging_mixin.py:188} INFO - [2024-01-05T01:30:02.587+0000] {dag.py:3033} INFO - Sync 1 DAGs
[2024-01-05T01:30:02.608+0000] {logging_mixin.py:188} INFO - [2024-01-05T01:30:02.608+0000] {dag.py:3820} INFO - Setting next_dagrun for example_weekday_branch_operator to 2024-01-04T00:00:00+00:00, run_after=2024-01-05T00:00:00+00:00
[2024-01-05T01:30:02.680+0000] {processor.py:183} INFO - Processing /home/eder/Desktop/Airflow/Twitter/venv/lib/python3.9/site-packages/airflow/example_dags/example_branch_day_of_week_operator.py took 0.170 seconds
[2024-01-05T01:31:14.190+0000] {processor.py:161} INFO - Started process (PID=33359) to work on /home/eder/Desktop/Airflow/Twitter/venv/lib/python3.9/site-packages/airflow/example_dags/example_branch_day_of_week_operator.py
[2024-01-05T01:31:14.192+0000] {processor.py:830} INFO - Processing file /home/eder/Desktop/Airflow/Twitter/venv/lib/python3.9/site-packages/airflow/example_dags/example_branch_day_of_week_operator.py for tasks to queue
[2024-01-05T01:31:14.193+0000] {logging_mixin.py:188} INFO - [2024-01-05T01:31:14.192+0000] {dagbag.py:538} INFO - Filling up the DagBag from /home/eder/Desktop/Airflow/Twitter/venv/lib/python3.9/site-packages/airflow/example_dags/example_branch_day_of_week_operator.py
[2024-01-05T01:31:14.199+0000] {processor.py:840} INFO - DAG(s) 'example_weekday_branch_operator' retrieved from /home/eder/Desktop/Airflow/Twitter/venv/lib/python3.9/site-packages/airflow/example_dags/example_branch_day_of_week_operator.py
[2024-01-05T01:31:14.214+0000] {logging_mixin.py:188} INFO - [2024-01-05T01:31:14.213+0000] {dag.py:3033} INFO - Sync 1 DAGs
[2024-01-05T01:31:14.229+0000] {logging_mixin.py:188} INFO - [2024-01-05T01:31:14.229+0000] {dag.py:3820} INFO - Setting next_dagrun for example_weekday_branch_operator to 2024-01-04T00:00:00+00:00, run_after=2024-01-05T00:00:00+00:00
[2024-01-05T01:31:14.289+0000] {processor.py:183} INFO - Processing /home/eder/Desktop/Airflow/Twitter/venv/lib/python3.9/site-packages/airflow/example_dags/example_branch_day_of_week_operator.py took 0.101 seconds
[2024-01-05T01:32:35.526+0000] {processor.py:161} INFO - Started process (PID=33749) to work on /home/eder/Desktop/Airflow/Twitter/venv/lib/python3.9/site-packages/airflow/example_dags/example_branch_day_of_week_operator.py
[2024-01-05T01:32:35.558+0000] {processor.py:830} INFO - Processing file /home/eder/Desktop/Airflow/Twitter/venv/lib/python3.9/site-packages/airflow/example_dags/example_branch_day_of_week_operator.py for tasks to queue
[2024-01-05T01:32:35.559+0000] {logging_mixin.py:188} INFO - [2024-01-05T01:32:35.559+0000] {dagbag.py:538} INFO - Filling up the DagBag from /home/eder/Desktop/Airflow/Twitter/venv/lib/python3.9/site-packages/airflow/example_dags/example_branch_day_of_week_operator.py
[2024-01-05T01:32:35.566+0000] {processor.py:840} INFO - DAG(s) 'example_weekday_branch_operator' retrieved from /home/eder/Desktop/Airflow/Twitter/venv/lib/python3.9/site-packages/airflow/example_dags/example_branch_day_of_week_operator.py
[2024-01-05T01:32:35.604+0000] {logging_mixin.py:188} INFO - [2024-01-05T01:32:35.602+0000] {dag.py:3033} INFO - Sync 1 DAGs
[2024-01-05T01:32:35.642+0000] {logging_mixin.py:188} INFO - [2024-01-05T01:32:35.642+0000] {dag.py:3820} INFO - Setting next_dagrun for example_weekday_branch_operator to 2024-01-04T00:00:00+00:00, run_after=2024-01-05T00:00:00+00:00
[2024-01-05T01:32:35.718+0000] {processor.py:183} INFO - Processing /home/eder/Desktop/Airflow/Twitter/venv/lib/python3.9/site-packages/airflow/example_dags/example_branch_day_of_week_operator.py took 0.197 seconds
[2024-01-05T01:33:51.257+0000] {processor.py:161} INFO - Started process (PID=33943) to work on /home/eder/Desktop/Airflow/Twitter/venv/lib/python3.9/site-packages/airflow/example_dags/example_branch_day_of_week_operator.py
[2024-01-05T01:33:51.267+0000] {processor.py:830} INFO - Processing file /home/eder/Desktop/Airflow/Twitter/venv/lib/python3.9/site-packages/airflow/example_dags/example_branch_day_of_week_operator.py for tasks to queue
[2024-01-05T01:33:51.268+0000] {logging_mixin.py:188} INFO - [2024-01-05T01:33:51.268+0000] {dagbag.py:538} INFO - Filling up the DagBag from /home/eder/Desktop/Airflow/Twitter/venv/lib/python3.9/site-packages/airflow/example_dags/example_branch_day_of_week_operator.py
[2024-01-05T01:33:51.274+0000] {processor.py:840} INFO - DAG(s) 'example_weekday_branch_operator' retrieved from /home/eder/Desktop/Airflow/Twitter/venv/lib/python3.9/site-packages/airflow/example_dags/example_branch_day_of_week_operator.py
[2024-01-05T01:33:51.302+0000] {logging_mixin.py:188} INFO - [2024-01-05T01:33:51.301+0000] {dag.py:3033} INFO - Sync 1 DAGs
[2024-01-05T01:33:51.321+0000] {logging_mixin.py:188} INFO - [2024-01-05T01:33:51.321+0000] {dag.py:3820} INFO - Setting next_dagrun for example_weekday_branch_operator to 2024-01-04T00:00:00+00:00, run_after=2024-01-05T00:00:00+00:00
[2024-01-05T01:33:51.433+0000] {processor.py:183} INFO - Processing /home/eder/Desktop/Airflow/Twitter/venv/lib/python3.9/site-packages/airflow/example_dags/example_branch_day_of_week_operator.py took 0.179 seconds
[2024-01-05T01:35:14.868+0000] {processor.py:161} INFO - Started process (PID=34162) to work on /home/eder/Desktop/Airflow/Twitter/venv/lib/python3.9/site-packages/airflow/example_dags/example_branch_day_of_week_operator.py
[2024-01-05T01:35:14.876+0000] {processor.py:830} INFO - Processing file /home/eder/Desktop/Airflow/Twitter/venv/lib/python3.9/site-packages/airflow/example_dags/example_branch_day_of_week_operator.py for tasks to queue
[2024-01-05T01:35:14.877+0000] {logging_mixin.py:188} INFO - [2024-01-05T01:35:14.877+0000] {dagbag.py:538} INFO - Filling up the DagBag from /home/eder/Desktop/Airflow/Twitter/venv/lib/python3.9/site-packages/airflow/example_dags/example_branch_day_of_week_operator.py
[2024-01-05T01:35:14.883+0000] {processor.py:840} INFO - DAG(s) 'example_weekday_branch_operator' retrieved from /home/eder/Desktop/Airflow/Twitter/venv/lib/python3.9/site-packages/airflow/example_dags/example_branch_day_of_week_operator.py
[2024-01-05T01:35:14.898+0000] {logging_mixin.py:188} INFO - [2024-01-05T01:35:14.898+0000] {dag.py:3033} INFO - Sync 1 DAGs
[2024-01-05T01:35:14.912+0000] {logging_mixin.py:188} INFO - [2024-01-05T01:35:14.912+0000] {dag.py:3820} INFO - Setting next_dagrun for example_weekday_branch_operator to 2024-01-04T00:00:00+00:00, run_after=2024-01-05T00:00:00+00:00
[2024-01-05T01:35:14.942+0000] {processor.py:183} INFO - Processing /home/eder/Desktop/Airflow/Twitter/venv/lib/python3.9/site-packages/airflow/example_dags/example_branch_day_of_week_operator.py took 0.078 seconds
[2024-01-05T01:36:31.873+0000] {processor.py:161} INFO - Started process (PID=34493) to work on /home/eder/Desktop/Airflow/Twitter/venv/lib/python3.9/site-packages/airflow/example_dags/example_branch_day_of_week_operator.py
[2024-01-05T01:36:31.959+0000] {processor.py:830} INFO - Processing file /home/eder/Desktop/Airflow/Twitter/venv/lib/python3.9/site-packages/airflow/example_dags/example_branch_day_of_week_operator.py for tasks to queue
[2024-01-05T01:36:31.960+0000] {logging_mixin.py:188} INFO - [2024-01-05T01:36:31.959+0000] {dagbag.py:538} INFO - Filling up the DagBag from /home/eder/Desktop/Airflow/Twitter/venv/lib/python3.9/site-packages/airflow/example_dags/example_branch_day_of_week_operator.py
[2024-01-05T01:36:31.981+0000] {processor.py:840} INFO - DAG(s) 'example_weekday_branch_operator' retrieved from /home/eder/Desktop/Airflow/Twitter/venv/lib/python3.9/site-packages/airflow/example_dags/example_branch_day_of_week_operator.py
[2024-01-05T01:36:32.001+0000] {logging_mixin.py:188} INFO - [2024-01-05T01:36:32.001+0000] {dag.py:3033} INFO - Sync 1 DAGs
[2024-01-05T01:36:32.034+0000] {logging_mixin.py:188} INFO - [2024-01-05T01:36:32.033+0000] {dag.py:3820} INFO - Setting next_dagrun for example_weekday_branch_operator to 2024-01-04T00:00:00+00:00, run_after=2024-01-05T00:00:00+00:00
[2024-01-05T01:36:32.297+0000] {processor.py:183} INFO - Processing /home/eder/Desktop/Airflow/Twitter/venv/lib/python3.9/site-packages/airflow/example_dags/example_branch_day_of_week_operator.py took 0.432 seconds
[2024-01-05T01:37:26.545+0000] {processor.py:161} INFO - Started process (PID=34722) to work on /home/eder/Desktop/Airflow/Twitter/venv/lib/python3.9/site-packages/airflow/example_dags/example_branch_day_of_week_operator.py
[2024-01-05T01:37:26.548+0000] {processor.py:830} INFO - Processing file /home/eder/Desktop/Airflow/Twitter/venv/lib/python3.9/site-packages/airflow/example_dags/example_branch_day_of_week_operator.py for tasks to queue
[2024-01-05T01:37:26.548+0000] {logging_mixin.py:188} INFO - [2024-01-05T01:37:26.548+0000] {dagbag.py:538} INFO - Filling up the DagBag from /home/eder/Desktop/Airflow/Twitter/venv/lib/python3.9/site-packages/airflow/example_dags/example_branch_day_of_week_operator.py
[2024-01-05T01:37:26.556+0000] {processor.py:840} INFO - DAG(s) 'example_weekday_branch_operator' retrieved from /home/eder/Desktop/Airflow/Twitter/venv/lib/python3.9/site-packages/airflow/example_dags/example_branch_day_of_week_operator.py
[2024-01-05T01:37:26.570+0000] {logging_mixin.py:188} INFO - [2024-01-05T01:37:26.570+0000] {dag.py:3033} INFO - Sync 1 DAGs
[2024-01-05T01:37:26.584+0000] {logging_mixin.py:188} INFO - [2024-01-05T01:37:26.583+0000] {dag.py:3820} INFO - Setting next_dagrun for example_weekday_branch_operator to 2024-01-04T00:00:00+00:00, run_after=2024-01-05T00:00:00+00:00
[2024-01-05T01:37:26.613+0000] {processor.py:183} INFO - Processing /home/eder/Desktop/Airflow/Twitter/venv/lib/python3.9/site-packages/airflow/example_dags/example_branch_day_of_week_operator.py took 0.070 seconds
[2024-01-05T15:16:29.769+0000] {processor.py:161} INFO - Started process (PID=4595) to work on /home/eder/Desktop/Airflow/Twitter/venv/lib/python3.9/site-packages/airflow/example_dags/example_branch_day_of_week_operator.py
[2024-01-05T15:16:29.779+0000] {processor.py:830} INFO - Processing file /home/eder/Desktop/Airflow/Twitter/venv/lib/python3.9/site-packages/airflow/example_dags/example_branch_day_of_week_operator.py for tasks to queue
[2024-01-05T15:16:29.780+0000] {logging_mixin.py:188} INFO - [2024-01-05T15:16:29.780+0000] {dagbag.py:538} INFO - Filling up the DagBag from /home/eder/Desktop/Airflow/Twitter/venv/lib/python3.9/site-packages/airflow/example_dags/example_branch_day_of_week_operator.py
[2024-01-05T15:16:29.793+0000] {processor.py:840} INFO - DAG(s) 'example_weekday_branch_operator' retrieved from /home/eder/Desktop/Airflow/Twitter/venv/lib/python3.9/site-packages/airflow/example_dags/example_branch_day_of_week_operator.py
[2024-01-05T15:16:29.933+0000] {logging_mixin.py:188} INFO - [2024-01-05T15:16:29.932+0000] {dag.py:3033} INFO - Sync 1 DAGs
[2024-01-05T15:16:29.953+0000] {logging_mixin.py:188} INFO - [2024-01-05T15:16:29.952+0000] {dag.py:3820} INFO - Setting next_dagrun for example_weekday_branch_operator to 2024-01-04T00:00:00+00:00, run_after=2024-01-05T00:00:00+00:00
[2024-01-05T15:16:29.994+0000] {processor.py:183} INFO - Processing /home/eder/Desktop/Airflow/Twitter/venv/lib/python3.9/site-packages/airflow/example_dags/example_branch_day_of_week_operator.py took 0.230 seconds
[2024-01-05T15:17:45.115+0000] {processor.py:161} INFO - Started process (PID=5447) to work on /home/eder/Desktop/Airflow/Twitter/venv/lib/python3.9/site-packages/airflow/example_dags/example_branch_day_of_week_operator.py
[2024-01-05T15:17:45.240+0000] {processor.py:830} INFO - Processing file /home/eder/Desktop/Airflow/Twitter/venv/lib/python3.9/site-packages/airflow/example_dags/example_branch_day_of_week_operator.py for tasks to queue
[2024-01-05T15:17:45.241+0000] {logging_mixin.py:188} INFO - [2024-01-05T15:17:45.240+0000] {dagbag.py:538} INFO - Filling up the DagBag from /home/eder/Desktop/Airflow/Twitter/venv/lib/python3.9/site-packages/airflow/example_dags/example_branch_day_of_week_operator.py
[2024-01-05T15:17:45.289+0000] {processor.py:840} INFO - DAG(s) 'example_weekday_branch_operator' retrieved from /home/eder/Desktop/Airflow/Twitter/venv/lib/python3.9/site-packages/airflow/example_dags/example_branch_day_of_week_operator.py
[2024-01-05T15:17:45.339+0000] {logging_mixin.py:188} INFO - [2024-01-05T15:17:45.339+0000] {dag.py:3033} INFO - Sync 1 DAGs
[2024-01-05T15:17:45.403+0000] {logging_mixin.py:188} INFO - [2024-01-05T15:17:45.403+0000] {dag.py:3820} INFO - Setting next_dagrun for example_weekday_branch_operator to 2024-01-04T00:00:00+00:00, run_after=2024-01-05T00:00:00+00:00
[2024-01-05T15:17:45.552+0000] {processor.py:183} INFO - Processing /home/eder/Desktop/Airflow/Twitter/venv/lib/python3.9/site-packages/airflow/example_dags/example_branch_day_of_week_operator.py took 0.464 seconds
[2024-01-05T15:20:52.700+0000] {processor.py:161} INFO - Started process (PID=7726) to work on /home/eder/Desktop/Airflow/Twitter/venv/lib/python3.9/site-packages/airflow/example_dags/example_branch_day_of_week_operator.py
[2024-01-05T15:20:52.710+0000] {processor.py:830} INFO - Processing file /home/eder/Desktop/Airflow/Twitter/venv/lib/python3.9/site-packages/airflow/example_dags/example_branch_day_of_week_operator.py for tasks to queue
[2024-01-05T15:20:52.712+0000] {logging_mixin.py:188} INFO - [2024-01-05T15:20:52.711+0000] {dagbag.py:538} INFO - Filling up the DagBag from /home/eder/Desktop/Airflow/Twitter/venv/lib/python3.9/site-packages/airflow/example_dags/example_branch_day_of_week_operator.py
[2024-01-05T15:20:52.723+0000] {processor.py:840} INFO - DAG(s) 'example_weekday_branch_operator' retrieved from /home/eder/Desktop/Airflow/Twitter/venv/lib/python3.9/site-packages/airflow/example_dags/example_branch_day_of_week_operator.py
[2024-01-05T15:20:52.746+0000] {logging_mixin.py:188} INFO - [2024-01-05T15:20:52.745+0000] {dag.py:3033} INFO - Sync 1 DAGs
[2024-01-05T15:20:52.769+0000] {logging_mixin.py:188} INFO - [2024-01-05T15:20:52.769+0000] {dag.py:3820} INFO - Setting next_dagrun for example_weekday_branch_operator to 2024-01-04T00:00:00+00:00, run_after=2024-01-05T00:00:00+00:00
[2024-01-05T15:20:52.803+0000] {processor.py:183} INFO - Processing /home/eder/Desktop/Airflow/Twitter/venv/lib/python3.9/site-packages/airflow/example_dags/example_branch_day_of_week_operator.py took 0.107 seconds
[2024-01-05T15:22:12.845+0000] {processor.py:161} INFO - Started process (PID=7908) to work on /home/eder/Desktop/Airflow/Twitter/venv/lib/python3.9/site-packages/airflow/example_dags/example_branch_day_of_week_operator.py
[2024-01-05T15:22:12.855+0000] {processor.py:830} INFO - Processing file /home/eder/Desktop/Airflow/Twitter/venv/lib/python3.9/site-packages/airflow/example_dags/example_branch_day_of_week_operator.py for tasks to queue
[2024-01-05T15:22:12.857+0000] {logging_mixin.py:188} INFO - [2024-01-05T15:22:12.856+0000] {dagbag.py:538} INFO - Filling up the DagBag from /home/eder/Desktop/Airflow/Twitter/venv/lib/python3.9/site-packages/airflow/example_dags/example_branch_day_of_week_operator.py
[2024-01-05T15:22:12.867+0000] {processor.py:840} INFO - DAG(s) 'example_weekday_branch_operator' retrieved from /home/eder/Desktop/Airflow/Twitter/venv/lib/python3.9/site-packages/airflow/example_dags/example_branch_day_of_week_operator.py
[2024-01-05T15:22:12.892+0000] {logging_mixin.py:188} INFO - [2024-01-05T15:22:12.892+0000] {dag.py:3033} INFO - Sync 1 DAGs
[2024-01-05T15:22:12.914+0000] {logging_mixin.py:188} INFO - [2024-01-05T15:22:12.914+0000] {dag.py:3820} INFO - Setting next_dagrun for example_weekday_branch_operator to 2024-01-04T00:00:00+00:00, run_after=2024-01-05T00:00:00+00:00
[2024-01-05T15:22:12.954+0000] {processor.py:183} INFO - Processing /home/eder/Desktop/Airflow/Twitter/venv/lib/python3.9/site-packages/airflow/example_dags/example_branch_day_of_week_operator.py took 0.113 seconds
[2024-01-05T15:23:07.255+0000] {processor.py:161} INFO - Started process (PID=8052) to work on /home/eder/Desktop/Airflow/Twitter/venv/lib/python3.9/site-packages/airflow/example_dags/example_branch_day_of_week_operator.py
[2024-01-05T15:23:07.258+0000] {processor.py:830} INFO - Processing file /home/eder/Desktop/Airflow/Twitter/venv/lib/python3.9/site-packages/airflow/example_dags/example_branch_day_of_week_operator.py for tasks to queue
[2024-01-05T15:23:07.260+0000] {logging_mixin.py:188} INFO - [2024-01-05T15:23:07.259+0000] {dagbag.py:538} INFO - Filling up the DagBag from /home/eder/Desktop/Airflow/Twitter/venv/lib/python3.9/site-packages/airflow/example_dags/example_branch_day_of_week_operator.py
[2024-01-05T15:23:07.272+0000] {processor.py:840} INFO - DAG(s) 'example_weekday_branch_operator' retrieved from /home/eder/Desktop/Airflow/Twitter/venv/lib/python3.9/site-packages/airflow/example_dags/example_branch_day_of_week_operator.py
[2024-01-05T15:23:07.296+0000] {logging_mixin.py:188} INFO - [2024-01-05T15:23:07.295+0000] {dag.py:3033} INFO - Sync 1 DAGs
[2024-01-05T15:23:07.316+0000] {logging_mixin.py:188} INFO - [2024-01-05T15:23:07.316+0000] {dag.py:3820} INFO - Setting next_dagrun for example_weekday_branch_operator to 2024-01-04T00:00:00+00:00, run_after=2024-01-05T00:00:00+00:00
[2024-01-05T15:23:07.349+0000] {processor.py:183} INFO - Processing /home/eder/Desktop/Airflow/Twitter/venv/lib/python3.9/site-packages/airflow/example_dags/example_branch_day_of_week_operator.py took 0.098 seconds
[2024-01-05T15:24:24.853+0000] {processor.py:161} INFO - Started process (PID=8224) to work on /home/eder/Desktop/Airflow/Twitter/venv/lib/python3.9/site-packages/airflow/example_dags/example_branch_day_of_week_operator.py
[2024-01-05T15:24:24.862+0000] {processor.py:830} INFO - Processing file /home/eder/Desktop/Airflow/Twitter/venv/lib/python3.9/site-packages/airflow/example_dags/example_branch_day_of_week_operator.py for tasks to queue
[2024-01-05T15:24:24.864+0000] {logging_mixin.py:188} INFO - [2024-01-05T15:24:24.864+0000] {dagbag.py:538} INFO - Filling up the DagBag from /home/eder/Desktop/Airflow/Twitter/venv/lib/python3.9/site-packages/airflow/example_dags/example_branch_day_of_week_operator.py
[2024-01-05T15:24:24.877+0000] {processor.py:840} INFO - DAG(s) 'example_weekday_branch_operator' retrieved from /home/eder/Desktop/Airflow/Twitter/venv/lib/python3.9/site-packages/airflow/example_dags/example_branch_day_of_week_operator.py
[2024-01-05T15:24:24.900+0000] {logging_mixin.py:188} INFO - [2024-01-05T15:24:24.900+0000] {dag.py:3033} INFO - Sync 1 DAGs
[2024-01-05T15:24:24.920+0000] {logging_mixin.py:188} INFO - [2024-01-05T15:24:24.919+0000] {dag.py:3820} INFO - Setting next_dagrun for example_weekday_branch_operator to 2024-01-04T00:00:00+00:00, run_after=2024-01-05T00:00:00+00:00
[2024-01-05T15:24:24.953+0000] {processor.py:183} INFO - Processing /home/eder/Desktop/Airflow/Twitter/venv/lib/python3.9/site-packages/airflow/example_dags/example_branch_day_of_week_operator.py took 0.107 seconds
[2024-01-05T15:25:42.657+0000] {processor.py:161} INFO - Started process (PID=8487) to work on /home/eder/Desktop/Airflow/Twitter/venv/lib/python3.9/site-packages/airflow/example_dags/example_branch_day_of_week_operator.py
[2024-01-05T15:25:42.667+0000] {processor.py:830} INFO - Processing file /home/eder/Desktop/Airflow/Twitter/venv/lib/python3.9/site-packages/airflow/example_dags/example_branch_day_of_week_operator.py for tasks to queue
[2024-01-05T15:25:42.669+0000] {logging_mixin.py:188} INFO - [2024-01-05T15:25:42.668+0000] {dagbag.py:538} INFO - Filling up the DagBag from /home/eder/Desktop/Airflow/Twitter/venv/lib/python3.9/site-packages/airflow/example_dags/example_branch_day_of_week_operator.py
[2024-01-05T15:25:42.685+0000] {processor.py:840} INFO - DAG(s) 'example_weekday_branch_operator' retrieved from /home/eder/Desktop/Airflow/Twitter/venv/lib/python3.9/site-packages/airflow/example_dags/example_branch_day_of_week_operator.py
[2024-01-05T15:25:42.714+0000] {logging_mixin.py:188} INFO - [2024-01-05T15:25:42.713+0000] {dag.py:3033} INFO - Sync 1 DAGs
[2024-01-05T15:25:42.741+0000] {logging_mixin.py:188} INFO - [2024-01-05T15:25:42.740+0000] {dag.py:3820} INFO - Setting next_dagrun for example_weekday_branch_operator to 2024-01-04T00:00:00+00:00, run_after=2024-01-05T00:00:00+00:00
[2024-01-05T15:25:42.782+0000] {processor.py:183} INFO - Processing /home/eder/Desktop/Airflow/Twitter/venv/lib/python3.9/site-packages/airflow/example_dags/example_branch_day_of_week_operator.py took 0.129 seconds
[2024-01-05T15:26:57.514+0000] {processor.py:161} INFO - Started process (PID=8757) to work on /home/eder/Desktop/Airflow/Twitter/venv/lib/python3.9/site-packages/airflow/example_dags/example_branch_day_of_week_operator.py
[2024-01-05T15:26:57.523+0000] {processor.py:830} INFO - Processing file /home/eder/Desktop/Airflow/Twitter/venv/lib/python3.9/site-packages/airflow/example_dags/example_branch_day_of_week_operator.py for tasks to queue
[2024-01-05T15:26:57.526+0000] {logging_mixin.py:188} INFO - [2024-01-05T15:26:57.525+0000] {dagbag.py:538} INFO - Filling up the DagBag from /home/eder/Desktop/Airflow/Twitter/venv/lib/python3.9/site-packages/airflow/example_dags/example_branch_day_of_week_operator.py
[2024-01-05T15:26:57.537+0000] {processor.py:840} INFO - DAG(s) 'example_weekday_branch_operator' retrieved from /home/eder/Desktop/Airflow/Twitter/venv/lib/python3.9/site-packages/airflow/example_dags/example_branch_day_of_week_operator.py
[2024-01-05T15:26:57.561+0000] {logging_mixin.py:188} INFO - [2024-01-05T15:26:57.560+0000] {dag.py:3033} INFO - Sync 1 DAGs
[2024-01-05T15:26:57.582+0000] {logging_mixin.py:188} INFO - [2024-01-05T15:26:57.582+0000] {dag.py:3820} INFO - Setting next_dagrun for example_weekday_branch_operator to 2024-01-04T00:00:00+00:00, run_after=2024-01-05T00:00:00+00:00
[2024-01-05T15:26:57.616+0000] {processor.py:183} INFO - Processing /home/eder/Desktop/Airflow/Twitter/venv/lib/python3.9/site-packages/airflow/example_dags/example_branch_day_of_week_operator.py took 0.107 seconds
[2024-01-05T15:28:12.754+0000] {processor.py:161} INFO - Started process (PID=8931) to work on /home/eder/Desktop/Airflow/Twitter/venv/lib/python3.9/site-packages/airflow/example_dags/example_branch_day_of_week_operator.py
[2024-01-05T15:28:12.757+0000] {processor.py:830} INFO - Processing file /home/eder/Desktop/Airflow/Twitter/venv/lib/python3.9/site-packages/airflow/example_dags/example_branch_day_of_week_operator.py for tasks to queue
[2024-01-05T15:28:12.759+0000] {logging_mixin.py:188} INFO - [2024-01-05T15:28:12.758+0000] {dagbag.py:538} INFO - Filling up the DagBag from /home/eder/Desktop/Airflow/Twitter/venv/lib/python3.9/site-packages/airflow/example_dags/example_branch_day_of_week_operator.py
[2024-01-05T15:28:12.769+0000] {processor.py:840} INFO - DAG(s) 'example_weekday_branch_operator' retrieved from /home/eder/Desktop/Airflow/Twitter/venv/lib/python3.9/site-packages/airflow/example_dags/example_branch_day_of_week_operator.py
[2024-01-05T15:28:12.791+0000] {logging_mixin.py:188} INFO - [2024-01-05T15:28:12.791+0000] {dag.py:3033} INFO - Sync 1 DAGs
[2024-01-05T15:28:12.814+0000] {logging_mixin.py:188} INFO - [2024-01-05T15:28:12.813+0000] {dag.py:3820} INFO - Setting next_dagrun for example_weekday_branch_operator to 2024-01-04T00:00:00+00:00, run_after=2024-01-05T00:00:00+00:00
[2024-01-05T15:28:12.851+0000] {processor.py:183} INFO - Processing /home/eder/Desktop/Airflow/Twitter/venv/lib/python3.9/site-packages/airflow/example_dags/example_branch_day_of_week_operator.py took 0.102 seconds
[2024-01-05T15:29:31.045+0000] {processor.py:161} INFO - Started process (PID=9238) to work on /home/eder/Desktop/Airflow/Twitter/venv/lib/python3.9/site-packages/airflow/example_dags/example_branch_day_of_week_operator.py
[2024-01-05T15:29:31.054+0000] {processor.py:830} INFO - Processing file /home/eder/Desktop/Airflow/Twitter/venv/lib/python3.9/site-packages/airflow/example_dags/example_branch_day_of_week_operator.py for tasks to queue
[2024-01-05T15:29:31.057+0000] {logging_mixin.py:188} INFO - [2024-01-05T15:29:31.056+0000] {dagbag.py:538} INFO - Filling up the DagBag from /home/eder/Desktop/Airflow/Twitter/venv/lib/python3.9/site-packages/airflow/example_dags/example_branch_day_of_week_operator.py
[2024-01-05T15:29:31.098+0000] {processor.py:840} INFO - DAG(s) 'example_weekday_branch_operator' retrieved from /home/eder/Desktop/Airflow/Twitter/venv/lib/python3.9/site-packages/airflow/example_dags/example_branch_day_of_week_operator.py
[2024-01-05T15:29:31.121+0000] {logging_mixin.py:188} INFO - [2024-01-05T15:29:31.121+0000] {dag.py:3033} INFO - Sync 1 DAGs
[2024-01-05T15:29:31.145+0000] {logging_mixin.py:188} INFO - [2024-01-05T15:29:31.145+0000] {dag.py:3820} INFO - Setting next_dagrun for example_weekday_branch_operator to 2024-01-04T00:00:00+00:00, run_after=2024-01-05T00:00:00+00:00
[2024-01-05T15:29:31.185+0000] {processor.py:183} INFO - Processing /home/eder/Desktop/Airflow/Twitter/venv/lib/python3.9/site-packages/airflow/example_dags/example_branch_day_of_week_operator.py took 0.145 seconds
[2024-01-05T15:30:49.385+0000] {processor.py:161} INFO - Started process (PID=9540) to work on /home/eder/Desktop/Airflow/Twitter/venv/lib/python3.9/site-packages/airflow/example_dags/example_branch_day_of_week_operator.py
[2024-01-05T15:30:49.387+0000] {processor.py:830} INFO - Processing file /home/eder/Desktop/Airflow/Twitter/venv/lib/python3.9/site-packages/airflow/example_dags/example_branch_day_of_week_operator.py for tasks to queue
[2024-01-05T15:30:49.388+0000] {logging_mixin.py:188} INFO - [2024-01-05T15:30:49.388+0000] {dagbag.py:538} INFO - Filling up the DagBag from /home/eder/Desktop/Airflow/Twitter/venv/lib/python3.9/site-packages/airflow/example_dags/example_branch_day_of_week_operator.py
[2024-01-05T15:30:49.399+0000] {processor.py:840} INFO - DAG(s) 'example_weekday_branch_operator' retrieved from /home/eder/Desktop/Airflow/Twitter/venv/lib/python3.9/site-packages/airflow/example_dags/example_branch_day_of_week_operator.py
[2024-01-05T15:30:49.423+0000] {logging_mixin.py:188} INFO - [2024-01-05T15:30:49.423+0000] {dag.py:3033} INFO - Sync 1 DAGs
[2024-01-05T15:30:49.446+0000] {logging_mixin.py:188} INFO - [2024-01-05T15:30:49.446+0000] {dag.py:3820} INFO - Setting next_dagrun for example_weekday_branch_operator to 2024-01-04T00:00:00+00:00, run_after=2024-01-05T00:00:00+00:00
[2024-01-05T15:30:49.485+0000] {processor.py:183} INFO - Processing /home/eder/Desktop/Airflow/Twitter/venv/lib/python3.9/site-packages/airflow/example_dags/example_branch_day_of_week_operator.py took 0.105 seconds
[2024-01-05T15:32:07.005+0000] {processor.py:161} INFO - Started process (PID=9712) to work on /home/eder/Desktop/Airflow/Twitter/venv/lib/python3.9/site-packages/airflow/example_dags/example_branch_day_of_week_operator.py
[2024-01-05T15:32:07.016+0000] {processor.py:830} INFO - Processing file /home/eder/Desktop/Airflow/Twitter/venv/lib/python3.9/site-packages/airflow/example_dags/example_branch_day_of_week_operator.py for tasks to queue
[2024-01-05T15:32:07.018+0000] {logging_mixin.py:188} INFO - [2024-01-05T15:32:07.017+0000] {dagbag.py:538} INFO - Filling up the DagBag from /home/eder/Desktop/Airflow/Twitter/venv/lib/python3.9/site-packages/airflow/example_dags/example_branch_day_of_week_operator.py
[2024-01-05T15:32:07.030+0000] {processor.py:840} INFO - DAG(s) 'example_weekday_branch_operator' retrieved from /home/eder/Desktop/Airflow/Twitter/venv/lib/python3.9/site-packages/airflow/example_dags/example_branch_day_of_week_operator.py
[2024-01-05T15:32:07.054+0000] {logging_mixin.py:188} INFO - [2024-01-05T15:32:07.053+0000] {dag.py:3033} INFO - Sync 1 DAGs
[2024-01-05T15:32:07.076+0000] {logging_mixin.py:188} INFO - [2024-01-05T15:32:07.076+0000] {dag.py:3820} INFO - Setting next_dagrun for example_weekday_branch_operator to 2024-01-04T00:00:00+00:00, run_after=2024-01-05T00:00:00+00:00
[2024-01-05T15:32:07.121+0000] {processor.py:183} INFO - Processing /home/eder/Desktop/Airflow/Twitter/venv/lib/python3.9/site-packages/airflow/example_dags/example_branch_day_of_week_operator.py took 0.121 seconds
[2024-01-05T15:33:20.389+0000] {processor.py:161} INFO - Started process (PID=9948) to work on /home/eder/Desktop/Airflow/Twitter/venv/lib/python3.9/site-packages/airflow/example_dags/example_branch_day_of_week_operator.py
[2024-01-05T15:33:20.401+0000] {processor.py:830} INFO - Processing file /home/eder/Desktop/Airflow/Twitter/venv/lib/python3.9/site-packages/airflow/example_dags/example_branch_day_of_week_operator.py for tasks to queue
[2024-01-05T15:33:20.407+0000] {logging_mixin.py:188} INFO - [2024-01-05T15:33:20.407+0000] {dagbag.py:538} INFO - Filling up the DagBag from /home/eder/Desktop/Airflow/Twitter/venv/lib/python3.9/site-packages/airflow/example_dags/example_branch_day_of_week_operator.py
[2024-01-05T15:33:20.429+0000] {processor.py:840} INFO - DAG(s) 'example_weekday_branch_operator' retrieved from /home/eder/Desktop/Airflow/Twitter/venv/lib/python3.9/site-packages/airflow/example_dags/example_branch_day_of_week_operator.py
[2024-01-05T15:33:20.480+0000] {logging_mixin.py:188} INFO - [2024-01-05T15:33:20.479+0000] {dag.py:3033} INFO - Sync 1 DAGs
[2024-01-05T15:33:20.526+0000] {logging_mixin.py:188} INFO - [2024-01-05T15:33:20.525+0000] {dag.py:3820} INFO - Setting next_dagrun for example_weekday_branch_operator to 2024-01-04T00:00:00+00:00, run_after=2024-01-05T00:00:00+00:00
[2024-01-05T15:33:20.566+0000] {processor.py:183} INFO - Processing /home/eder/Desktop/Airflow/Twitter/venv/lib/python3.9/site-packages/airflow/example_dags/example_branch_day_of_week_operator.py took 0.194 seconds
[2024-01-05T15:34:33.715+0000] {processor.py:161} INFO - Started process (PID=10119) to work on /home/eder/Desktop/Airflow/Twitter/venv/lib/python3.9/site-packages/airflow/example_dags/example_branch_day_of_week_operator.py
[2024-01-05T15:34:33.725+0000] {processor.py:830} INFO - Processing file /home/eder/Desktop/Airflow/Twitter/venv/lib/python3.9/site-packages/airflow/example_dags/example_branch_day_of_week_operator.py for tasks to queue
[2024-01-05T15:34:33.726+0000] {logging_mixin.py:188} INFO - [2024-01-05T15:34:33.726+0000] {dagbag.py:538} INFO - Filling up the DagBag from /home/eder/Desktop/Airflow/Twitter/venv/lib/python3.9/site-packages/airflow/example_dags/example_branch_day_of_week_operator.py
[2024-01-05T15:34:33.736+0000] {processor.py:840} INFO - DAG(s) 'example_weekday_branch_operator' retrieved from /home/eder/Desktop/Airflow/Twitter/venv/lib/python3.9/site-packages/airflow/example_dags/example_branch_day_of_week_operator.py
[2024-01-05T15:34:33.759+0000] {logging_mixin.py:188} INFO - [2024-01-05T15:34:33.757+0000] {dag.py:3033} INFO - Sync 1 DAGs
[2024-01-05T15:34:33.781+0000] {logging_mixin.py:188} INFO - [2024-01-05T15:34:33.781+0000] {dag.py:3820} INFO - Setting next_dagrun for example_weekday_branch_operator to 2024-01-04T00:00:00+00:00, run_after=2024-01-05T00:00:00+00:00
[2024-01-05T15:34:33.816+0000] {processor.py:183} INFO - Processing /home/eder/Desktop/Airflow/Twitter/venv/lib/python3.9/site-packages/airflow/example_dags/example_branch_day_of_week_operator.py took 0.106 seconds
[2024-01-05T15:35:50.609+0000] {processor.py:161} INFO - Started process (PID=10535) to work on /home/eder/Desktop/Airflow/Twitter/venv/lib/python3.9/site-packages/airflow/example_dags/example_branch_day_of_week_operator.py
[2024-01-05T15:35:50.620+0000] {processor.py:830} INFO - Processing file /home/eder/Desktop/Airflow/Twitter/venv/lib/python3.9/site-packages/airflow/example_dags/example_branch_day_of_week_operator.py for tasks to queue
[2024-01-05T15:35:50.623+0000] {logging_mixin.py:188} INFO - [2024-01-05T15:35:50.622+0000] {dagbag.py:538} INFO - Filling up the DagBag from /home/eder/Desktop/Airflow/Twitter/venv/lib/python3.9/site-packages/airflow/example_dags/example_branch_day_of_week_operator.py
[2024-01-05T15:35:50.633+0000] {processor.py:840} INFO - DAG(s) 'example_weekday_branch_operator' retrieved from /home/eder/Desktop/Airflow/Twitter/venv/lib/python3.9/site-packages/airflow/example_dags/example_branch_day_of_week_operator.py
[2024-01-05T15:35:50.658+0000] {logging_mixin.py:188} INFO - [2024-01-05T15:35:50.658+0000] {dag.py:3033} INFO - Sync 1 DAGs
[2024-01-05T15:35:50.682+0000] {logging_mixin.py:188} INFO - [2024-01-05T15:35:50.681+0000] {dag.py:3820} INFO - Setting next_dagrun for example_weekday_branch_operator to 2024-01-04T00:00:00+00:00, run_after=2024-01-05T00:00:00+00:00
[2024-01-05T15:35:50.715+0000] {processor.py:183} INFO - Processing /home/eder/Desktop/Airflow/Twitter/venv/lib/python3.9/site-packages/airflow/example_dags/example_branch_day_of_week_operator.py took 0.105 seconds
[2024-01-05T15:37:09.725+0000] {processor.py:161} INFO - Started process (PID=10711) to work on /home/eder/Desktop/Airflow/Twitter/venv/lib/python3.9/site-packages/airflow/example_dags/example_branch_day_of_week_operator.py
[2024-01-05T15:37:09.736+0000] {processor.py:830} INFO - Processing file /home/eder/Desktop/Airflow/Twitter/venv/lib/python3.9/site-packages/airflow/example_dags/example_branch_day_of_week_operator.py for tasks to queue
[2024-01-05T15:37:09.738+0000] {logging_mixin.py:188} INFO - [2024-01-05T15:37:09.737+0000] {dagbag.py:538} INFO - Filling up the DagBag from /home/eder/Desktop/Airflow/Twitter/venv/lib/python3.9/site-packages/airflow/example_dags/example_branch_day_of_week_operator.py
[2024-01-05T15:37:09.748+0000] {processor.py:840} INFO - DAG(s) 'example_weekday_branch_operator' retrieved from /home/eder/Desktop/Airflow/Twitter/venv/lib/python3.9/site-packages/airflow/example_dags/example_branch_day_of_week_operator.py
[2024-01-05T15:37:09.779+0000] {logging_mixin.py:188} INFO - [2024-01-05T15:37:09.779+0000] {dag.py:3033} INFO - Sync 1 DAGs
[2024-01-05T15:37:09.802+0000] {logging_mixin.py:188} INFO - [2024-01-05T15:37:09.801+0000] {dag.py:3820} INFO - Setting next_dagrun for example_weekday_branch_operator to 2024-01-04T00:00:00+00:00, run_after=2024-01-05T00:00:00+00:00
[2024-01-05T15:37:09.838+0000] {processor.py:183} INFO - Processing /home/eder/Desktop/Airflow/Twitter/venv/lib/python3.9/site-packages/airflow/example_dags/example_branch_day_of_week_operator.py took 0.117 seconds
[2024-01-05T15:38:23.047+0000] {processor.py:161} INFO - Started process (PID=10876) to work on /home/eder/Desktop/Airflow/Twitter/venv/lib/python3.9/site-packages/airflow/example_dags/example_branch_day_of_week_operator.py
[2024-01-05T15:38:23.056+0000] {processor.py:830} INFO - Processing file /home/eder/Desktop/Airflow/Twitter/venv/lib/python3.9/site-packages/airflow/example_dags/example_branch_day_of_week_operator.py for tasks to queue
[2024-01-05T15:38:23.058+0000] {logging_mixin.py:188} INFO - [2024-01-05T15:38:23.057+0000] {dagbag.py:538} INFO - Filling up the DagBag from /home/eder/Desktop/Airflow/Twitter/venv/lib/python3.9/site-packages/airflow/example_dags/example_branch_day_of_week_operator.py
[2024-01-05T15:38:23.069+0000] {processor.py:840} INFO - DAG(s) 'example_weekday_branch_operator' retrieved from /home/eder/Desktop/Airflow/Twitter/venv/lib/python3.9/site-packages/airflow/example_dags/example_branch_day_of_week_operator.py
[2024-01-05T15:38:23.090+0000] {logging_mixin.py:188} INFO - [2024-01-05T15:38:23.089+0000] {dag.py:3033} INFO - Sync 1 DAGs
[2024-01-05T15:38:23.111+0000] {logging_mixin.py:188} INFO - [2024-01-05T15:38:23.110+0000] {dag.py:3820} INFO - Setting next_dagrun for example_weekday_branch_operator to 2024-01-04T00:00:00+00:00, run_after=2024-01-05T00:00:00+00:00
[2024-01-05T15:38:23.143+0000] {processor.py:183} INFO - Processing /home/eder/Desktop/Airflow/Twitter/venv/lib/python3.9/site-packages/airflow/example_dags/example_branch_day_of_week_operator.py took 0.100 seconds
[2024-01-05T15:39:35.432+0000] {processor.py:161} INFO - Started process (PID=11048) to work on /home/eder/Desktop/Airflow/Twitter/venv/lib/python3.9/site-packages/airflow/example_dags/example_branch_day_of_week_operator.py
[2024-01-05T15:39:35.436+0000] {processor.py:830} INFO - Processing file /home/eder/Desktop/Airflow/Twitter/venv/lib/python3.9/site-packages/airflow/example_dags/example_branch_day_of_week_operator.py for tasks to queue
[2024-01-05T15:39:35.449+0000] {logging_mixin.py:188} INFO - [2024-01-05T15:39:35.448+0000] {dagbag.py:538} INFO - Filling up the DagBag from /home/eder/Desktop/Airflow/Twitter/venv/lib/python3.9/site-packages/airflow/example_dags/example_branch_day_of_week_operator.py
[2024-01-05T15:39:35.466+0000] {processor.py:840} INFO - DAG(s) 'example_weekday_branch_operator' retrieved from /home/eder/Desktop/Airflow/Twitter/venv/lib/python3.9/site-packages/airflow/example_dags/example_branch_day_of_week_operator.py
[2024-01-05T15:39:35.488+0000] {logging_mixin.py:188} INFO - [2024-01-05T15:39:35.488+0000] {dag.py:3033} INFO - Sync 1 DAGs
[2024-01-05T15:39:35.510+0000] {logging_mixin.py:188} INFO - [2024-01-05T15:39:35.510+0000] {dag.py:3820} INFO - Setting next_dagrun for example_weekday_branch_operator to 2024-01-04T00:00:00+00:00, run_after=2024-01-05T00:00:00+00:00
[2024-01-05T15:39:35.545+0000] {processor.py:183} INFO - Processing /home/eder/Desktop/Airflow/Twitter/venv/lib/python3.9/site-packages/airflow/example_dags/example_branch_day_of_week_operator.py took 0.116 seconds
[2024-01-05T16:31:53.058+0000] {processor.py:161} INFO - Started process (PID=4994) to work on /home/eder/Desktop/Airflow/Twitter/venv/lib/python3.9/site-packages/airflow/example_dags/example_branch_day_of_week_operator.py
[2024-01-05T16:31:53.067+0000] {processor.py:830} INFO - Processing file /home/eder/Desktop/Airflow/Twitter/venv/lib/python3.9/site-packages/airflow/example_dags/example_branch_day_of_week_operator.py for tasks to queue
[2024-01-05T16:31:53.069+0000] {logging_mixin.py:188} INFO - [2024-01-05T16:31:53.069+0000] {dagbag.py:538} INFO - Filling up the DagBag from /home/eder/Desktop/Airflow/Twitter/venv/lib/python3.9/site-packages/airflow/example_dags/example_branch_day_of_week_operator.py
[2024-01-05T16:31:53.075+0000] {processor.py:840} INFO - DAG(s) 'example_weekday_branch_operator' retrieved from /home/eder/Desktop/Airflow/Twitter/venv/lib/python3.9/site-packages/airflow/example_dags/example_branch_day_of_week_operator.py
[2024-01-05T16:31:53.155+0000] {logging_mixin.py:188} INFO - [2024-01-05T16:31:53.155+0000] {dag.py:3033} INFO - Sync 1 DAGs
[2024-01-05T16:31:53.169+0000] {logging_mixin.py:188} INFO - [2024-01-05T16:31:53.168+0000] {dag.py:3820} INFO - Setting next_dagrun for example_weekday_branch_operator to 2024-01-04T00:00:00+00:00, run_after=2024-01-05T00:00:00+00:00
[2024-01-05T16:31:53.192+0000] {processor.py:183} INFO - Processing /home/eder/Desktop/Airflow/Twitter/venv/lib/python3.9/site-packages/airflow/example_dags/example_branch_day_of_week_operator.py took 0.136 seconds
[2024-01-05T16:33:25.696+0000] {processor.py:161} INFO - Started process (PID=6047) to work on /home/eder/Desktop/Airflow/Twitter/venv/lib/python3.9/site-packages/airflow/example_dags/example_branch_day_of_week_operator.py
[2024-01-05T16:33:25.716+0000] {processor.py:830} INFO - Processing file /home/eder/Desktop/Airflow/Twitter/venv/lib/python3.9/site-packages/airflow/example_dags/example_branch_day_of_week_operator.py for tasks to queue
[2024-01-05T16:33:25.719+0000] {logging_mixin.py:188} INFO - [2024-01-05T16:33:25.719+0000] {dagbag.py:538} INFO - Filling up the DagBag from /home/eder/Desktop/Airflow/Twitter/venv/lib/python3.9/site-packages/airflow/example_dags/example_branch_day_of_week_operator.py
[2024-01-05T16:33:25.728+0000] {processor.py:840} INFO - DAG(s) 'example_weekday_branch_operator' retrieved from /home/eder/Desktop/Airflow/Twitter/venv/lib/python3.9/site-packages/airflow/example_dags/example_branch_day_of_week_operator.py
[2024-01-05T16:33:25.763+0000] {logging_mixin.py:188} INFO - [2024-01-05T16:33:25.763+0000] {dag.py:3033} INFO - Sync 1 DAGs
[2024-01-05T16:33:25.807+0000] {logging_mixin.py:188} INFO - [2024-01-05T16:33:25.804+0000] {dag.py:3820} INFO - Setting next_dagrun for example_weekday_branch_operator to 2024-01-04T00:00:00+00:00, run_after=2024-01-05T00:00:00+00:00
[2024-01-05T16:33:26.009+0000] {processor.py:183} INFO - Processing /home/eder/Desktop/Airflow/Twitter/venv/lib/python3.9/site-packages/airflow/example_dags/example_branch_day_of_week_operator.py took 0.321 seconds
[2024-01-05T16:38:52.475+0000] {processor.py:161} INFO - Started process (PID=7125) to work on /home/eder/Desktop/Airflow/Twitter/venv/lib/python3.9/site-packages/airflow/example_dags/example_branch_day_of_week_operator.py
[2024-01-05T16:38:52.483+0000] {processor.py:830} INFO - Processing file /home/eder/Desktop/Airflow/Twitter/venv/lib/python3.9/site-packages/airflow/example_dags/example_branch_day_of_week_operator.py for tasks to queue
[2024-01-05T16:38:52.486+0000] {logging_mixin.py:188} INFO - [2024-01-05T16:38:52.486+0000] {dagbag.py:538} INFO - Filling up the DagBag from /home/eder/Desktop/Airflow/Twitter/venv/lib/python3.9/site-packages/airflow/example_dags/example_branch_day_of_week_operator.py
[2024-01-05T16:38:52.492+0000] {processor.py:840} INFO - DAG(s) 'example_weekday_branch_operator' retrieved from /home/eder/Desktop/Airflow/Twitter/venv/lib/python3.9/site-packages/airflow/example_dags/example_branch_day_of_week_operator.py
[2024-01-05T16:38:52.564+0000] {logging_mixin.py:188} INFO - [2024-01-05T16:38:52.564+0000] {dag.py:3033} INFO - Sync 1 DAGs
[2024-01-05T16:38:52.579+0000] {logging_mixin.py:188} INFO - [2024-01-05T16:38:52.579+0000] {dag.py:3820} INFO - Setting next_dagrun for example_weekday_branch_operator to 2024-01-04T00:00:00+00:00, run_after=2024-01-05T00:00:00+00:00
[2024-01-05T16:38:52.623+0000] {processor.py:183} INFO - Processing /home/eder/Desktop/Airflow/Twitter/venv/lib/python3.9/site-packages/airflow/example_dags/example_branch_day_of_week_operator.py took 0.150 seconds
[2024-01-05T16:40:22.785+0000] {processor.py:161} INFO - Started process (PID=7703) to work on /home/eder/Desktop/Airflow/Twitter/venv/lib/python3.9/site-packages/airflow/example_dags/example_branch_day_of_week_operator.py
[2024-01-05T16:40:22.787+0000] {processor.py:830} INFO - Processing file /home/eder/Desktop/Airflow/Twitter/venv/lib/python3.9/site-packages/airflow/example_dags/example_branch_day_of_week_operator.py for tasks to queue
[2024-01-05T16:40:22.788+0000] {logging_mixin.py:188} INFO - [2024-01-05T16:40:22.788+0000] {dagbag.py:538} INFO - Filling up the DagBag from /home/eder/Desktop/Airflow/Twitter/venv/lib/python3.9/site-packages/airflow/example_dags/example_branch_day_of_week_operator.py
[2024-01-05T16:40:22.794+0000] {processor.py:840} INFO - DAG(s) 'example_weekday_branch_operator' retrieved from /home/eder/Desktop/Airflow/Twitter/venv/lib/python3.9/site-packages/airflow/example_dags/example_branch_day_of_week_operator.py
[2024-01-05T16:40:22.807+0000] {logging_mixin.py:188} INFO - [2024-01-05T16:40:22.807+0000] {dag.py:3033} INFO - Sync 1 DAGs
[2024-01-05T16:40:22.821+0000] {logging_mixin.py:188} INFO - [2024-01-05T16:40:22.821+0000] {dag.py:3820} INFO - Setting next_dagrun for example_weekday_branch_operator to 2024-01-04T00:00:00+00:00, run_after=2024-01-05T00:00:00+00:00
[2024-01-05T16:40:22.844+0000] {processor.py:183} INFO - Processing /home/eder/Desktop/Airflow/Twitter/venv/lib/python3.9/site-packages/airflow/example_dags/example_branch_day_of_week_operator.py took 0.061 seconds
[2024-01-05T16:41:39.455+0000] {processor.py:161} INFO - Started process (PID=7897) to work on /home/eder/Desktop/Airflow/Twitter/venv/lib/python3.9/site-packages/airflow/example_dags/example_branch_day_of_week_operator.py
[2024-01-05T16:41:39.463+0000] {processor.py:830} INFO - Processing file /home/eder/Desktop/Airflow/Twitter/venv/lib/python3.9/site-packages/airflow/example_dags/example_branch_day_of_week_operator.py for tasks to queue
[2024-01-05T16:41:39.464+0000] {logging_mixin.py:188} INFO - [2024-01-05T16:41:39.464+0000] {dagbag.py:538} INFO - Filling up the DagBag from /home/eder/Desktop/Airflow/Twitter/venv/lib/python3.9/site-packages/airflow/example_dags/example_branch_day_of_week_operator.py
[2024-01-05T16:41:39.471+0000] {processor.py:840} INFO - DAG(s) 'example_weekday_branch_operator' retrieved from /home/eder/Desktop/Airflow/Twitter/venv/lib/python3.9/site-packages/airflow/example_dags/example_branch_day_of_week_operator.py
[2024-01-05T16:41:39.496+0000] {logging_mixin.py:188} INFO - [2024-01-05T16:41:39.496+0000] {dag.py:3033} INFO - Sync 1 DAGs
[2024-01-05T16:41:39.530+0000] {logging_mixin.py:188} INFO - [2024-01-05T16:41:39.528+0000] {dag.py:3820} INFO - Setting next_dagrun for example_weekday_branch_operator to 2024-01-04T00:00:00+00:00, run_after=2024-01-05T00:00:00+00:00
[2024-01-05T16:41:39.659+0000] {processor.py:183} INFO - Processing /home/eder/Desktop/Airflow/Twitter/venv/lib/python3.9/site-packages/airflow/example_dags/example_branch_day_of_week_operator.py took 0.207 seconds
[2024-01-05T16:42:38.950+0000] {processor.py:161} INFO - Started process (PID=8079) to work on /home/eder/Desktop/Airflow/Twitter/venv/lib/python3.9/site-packages/airflow/example_dags/example_branch_day_of_week_operator.py
[2024-01-05T16:42:38.953+0000] {processor.py:830} INFO - Processing file /home/eder/Desktop/Airflow/Twitter/venv/lib/python3.9/site-packages/airflow/example_dags/example_branch_day_of_week_operator.py for tasks to queue
[2024-01-05T16:42:38.954+0000] {logging_mixin.py:188} INFO - [2024-01-05T16:42:38.953+0000] {dagbag.py:538} INFO - Filling up the DagBag from /home/eder/Desktop/Airflow/Twitter/venv/lib/python3.9/site-packages/airflow/example_dags/example_branch_day_of_week_operator.py
[2024-01-05T16:42:38.959+0000] {processor.py:840} INFO - DAG(s) 'example_weekday_branch_operator' retrieved from /home/eder/Desktop/Airflow/Twitter/venv/lib/python3.9/site-packages/airflow/example_dags/example_branch_day_of_week_operator.py
[2024-01-05T16:42:38.973+0000] {logging_mixin.py:188} INFO - [2024-01-05T16:42:38.973+0000] {dag.py:3033} INFO - Sync 1 DAGs
[2024-01-05T16:42:38.988+0000] {logging_mixin.py:188} INFO - [2024-01-05T16:42:38.988+0000] {dag.py:3820} INFO - Setting next_dagrun for example_weekday_branch_operator to 2024-01-04T00:00:00+00:00, run_after=2024-01-05T00:00:00+00:00
[2024-01-05T16:42:39.088+0000] {processor.py:183} INFO - Processing /home/eder/Desktop/Airflow/Twitter/venv/lib/python3.9/site-packages/airflow/example_dags/example_branch_day_of_week_operator.py took 0.140 seconds
[2024-01-05T16:44:01.468+0000] {processor.py:161} INFO - Started process (PID=8411) to work on /home/eder/Desktop/Airflow/Twitter/venv/lib/python3.9/site-packages/airflow/example_dags/example_branch_day_of_week_operator.py
[2024-01-05T16:44:01.477+0000] {processor.py:830} INFO - Processing file /home/eder/Desktop/Airflow/Twitter/venv/lib/python3.9/site-packages/airflow/example_dags/example_branch_day_of_week_operator.py for tasks to queue
[2024-01-05T16:44:01.486+0000] {logging_mixin.py:188} INFO - [2024-01-05T16:44:01.484+0000] {dagbag.py:538} INFO - Filling up the DagBag from /home/eder/Desktop/Airflow/Twitter/venv/lib/python3.9/site-packages/airflow/example_dags/example_branch_day_of_week_operator.py
[2024-01-05T16:44:01.505+0000] {processor.py:840} INFO - DAG(s) 'example_weekday_branch_operator' retrieved from /home/eder/Desktop/Airflow/Twitter/venv/lib/python3.9/site-packages/airflow/example_dags/example_branch_day_of_week_operator.py
[2024-01-05T16:44:01.518+0000] {logging_mixin.py:188} INFO - [2024-01-05T16:44:01.518+0000] {dag.py:3033} INFO - Sync 1 DAGs
[2024-01-05T16:44:01.533+0000] {logging_mixin.py:188} INFO - [2024-01-05T16:44:01.533+0000] {dag.py:3820} INFO - Setting next_dagrun for example_weekday_branch_operator to 2024-01-04T00:00:00+00:00, run_after=2024-01-05T00:00:00+00:00
[2024-01-05T16:44:01.595+0000] {processor.py:183} INFO - Processing /home/eder/Desktop/Airflow/Twitter/venv/lib/python3.9/site-packages/airflow/example_dags/example_branch_day_of_week_operator.py took 0.128 seconds
[2024-01-05T16:53:08.772+0000] {processor.py:161} INFO - Started process (PID=16570) to work on /home/eder/Desktop/Airflow/Twitter/venv/lib/python3.9/site-packages/airflow/example_dags/example_branch_day_of_week_operator.py
[2024-01-05T16:53:08.795+0000] {processor.py:830} INFO - Processing file /home/eder/Desktop/Airflow/Twitter/venv/lib/python3.9/site-packages/airflow/example_dags/example_branch_day_of_week_operator.py for tasks to queue
[2024-01-05T16:53:08.796+0000] {logging_mixin.py:188} INFO - [2024-01-05T16:53:08.796+0000] {dagbag.py:538} INFO - Filling up the DagBag from /home/eder/Desktop/Airflow/Twitter/venv/lib/python3.9/site-packages/airflow/example_dags/example_branch_day_of_week_operator.py
[2024-01-05T16:53:08.807+0000] {processor.py:840} INFO - DAG(s) 'example_weekday_branch_operator' retrieved from /home/eder/Desktop/Airflow/Twitter/venv/lib/python3.9/site-packages/airflow/example_dags/example_branch_day_of_week_operator.py
[2024-01-05T16:53:08.835+0000] {logging_mixin.py:188} INFO - [2024-01-05T16:53:08.835+0000] {dag.py:3033} INFO - Sync 1 DAGs
[2024-01-05T16:53:08.864+0000] {logging_mixin.py:188} INFO - [2024-01-05T16:53:08.864+0000] {dag.py:3820} INFO - Setting next_dagrun for example_weekday_branch_operator to 2024-01-04T00:00:00+00:00, run_after=2024-01-05T00:00:00+00:00
[2024-01-05T16:53:09.030+0000] {processor.py:183} INFO - Processing /home/eder/Desktop/Airflow/Twitter/venv/lib/python3.9/site-packages/airflow/example_dags/example_branch_day_of_week_operator.py took 0.267 seconds
[2024-01-05T16:54:08.144+0000] {processor.py:161} INFO - Started process (PID=16795) to work on /home/eder/Desktop/Airflow/Twitter/venv/lib/python3.9/site-packages/airflow/example_dags/example_branch_day_of_week_operator.py
[2024-01-05T16:54:08.167+0000] {processor.py:830} INFO - Processing file /home/eder/Desktop/Airflow/Twitter/venv/lib/python3.9/site-packages/airflow/example_dags/example_branch_day_of_week_operator.py for tasks to queue
[2024-01-05T16:54:08.168+0000] {logging_mixin.py:188} INFO - [2024-01-05T16:54:08.168+0000] {dagbag.py:538} INFO - Filling up the DagBag from /home/eder/Desktop/Airflow/Twitter/venv/lib/python3.9/site-packages/airflow/example_dags/example_branch_day_of_week_operator.py
[2024-01-05T16:54:08.180+0000] {processor.py:840} INFO - DAG(s) 'example_weekday_branch_operator' retrieved from /home/eder/Desktop/Airflow/Twitter/venv/lib/python3.9/site-packages/airflow/example_dags/example_branch_day_of_week_operator.py
[2024-01-05T16:54:08.215+0000] {logging_mixin.py:188} INFO - [2024-01-05T16:54:08.215+0000] {dag.py:3033} INFO - Sync 1 DAGs
[2024-01-05T16:54:08.237+0000] {logging_mixin.py:188} INFO - [2024-01-05T16:54:08.236+0000] {dag.py:3820} INFO - Setting next_dagrun for example_weekday_branch_operator to 2024-01-04T00:00:00+00:00, run_after=2024-01-05T00:00:00+00:00
[2024-01-05T16:54:08.399+0000] {processor.py:183} INFO - Processing /home/eder/Desktop/Airflow/Twitter/venv/lib/python3.9/site-packages/airflow/example_dags/example_branch_day_of_week_operator.py took 0.260 seconds
[2024-01-05T16:55:05.446+0000] {processor.py:161} INFO - Started process (PID=16972) to work on /home/eder/Desktop/Airflow/Twitter/venv/lib/python3.9/site-packages/airflow/example_dags/example_branch_day_of_week_operator.py
[2024-01-05T16:55:05.456+0000] {processor.py:830} INFO - Processing file /home/eder/Desktop/Airflow/Twitter/venv/lib/python3.9/site-packages/airflow/example_dags/example_branch_day_of_week_operator.py for tasks to queue
[2024-01-05T16:55:05.464+0000] {logging_mixin.py:188} INFO - [2024-01-05T16:55:05.463+0000] {dagbag.py:538} INFO - Filling up the DagBag from /home/eder/Desktop/Airflow/Twitter/venv/lib/python3.9/site-packages/airflow/example_dags/example_branch_day_of_week_operator.py
[2024-01-05T16:55:05.475+0000] {processor.py:840} INFO - DAG(s) 'example_weekday_branch_operator' retrieved from /home/eder/Desktop/Airflow/Twitter/venv/lib/python3.9/site-packages/airflow/example_dags/example_branch_day_of_week_operator.py
[2024-01-05T16:55:05.519+0000] {logging_mixin.py:188} INFO - [2024-01-05T16:55:05.519+0000] {dag.py:3033} INFO - Sync 1 DAGs
[2024-01-05T16:55:05.559+0000] {logging_mixin.py:188} INFO - [2024-01-05T16:55:05.559+0000] {dag.py:3820} INFO - Setting next_dagrun for example_weekday_branch_operator to 2024-01-04T00:00:00+00:00, run_after=2024-01-05T00:00:00+00:00
[2024-01-05T16:55:05.798+0000] {processor.py:183} INFO - Processing /home/eder/Desktop/Airflow/Twitter/venv/lib/python3.9/site-packages/airflow/example_dags/example_branch_day_of_week_operator.py took 0.358 seconds
[2024-01-05T16:56:05.019+0000] {processor.py:161} INFO - Started process (PID=17134) to work on /home/eder/Desktop/Airflow/Twitter/venv/lib/python3.9/site-packages/airflow/example_dags/example_branch_day_of_week_operator.py
[2024-01-05T16:56:05.022+0000] {processor.py:830} INFO - Processing file /home/eder/Desktop/Airflow/Twitter/venv/lib/python3.9/site-packages/airflow/example_dags/example_branch_day_of_week_operator.py for tasks to queue
[2024-01-05T16:56:05.024+0000] {logging_mixin.py:188} INFO - [2024-01-05T16:56:05.023+0000] {dagbag.py:538} INFO - Filling up the DagBag from /home/eder/Desktop/Airflow/Twitter/venv/lib/python3.9/site-packages/airflow/example_dags/example_branch_day_of_week_operator.py
[2024-01-05T16:56:05.038+0000] {processor.py:840} INFO - DAG(s) 'example_weekday_branch_operator' retrieved from /home/eder/Desktop/Airflow/Twitter/venv/lib/python3.9/site-packages/airflow/example_dags/example_branch_day_of_week_operator.py
[2024-01-05T16:56:05.067+0000] {logging_mixin.py:188} INFO - [2024-01-05T16:56:05.066+0000] {dag.py:3033} INFO - Sync 1 DAGs
[2024-01-05T16:56:05.112+0000] {logging_mixin.py:188} INFO - [2024-01-05T16:56:05.112+0000] {dag.py:3820} INFO - Setting next_dagrun for example_weekday_branch_operator to 2024-01-04T00:00:00+00:00, run_after=2024-01-05T00:00:00+00:00
[2024-01-05T16:56:05.300+0000] {processor.py:183} INFO - Processing /home/eder/Desktop/Airflow/Twitter/venv/lib/python3.9/site-packages/airflow/example_dags/example_branch_day_of_week_operator.py took 0.285 seconds
[2024-01-05T16:57:07.216+0000] {processor.py:161} INFO - Started process (PID=17312) to work on /home/eder/Desktop/Airflow/Twitter/venv/lib/python3.9/site-packages/airflow/example_dags/example_branch_day_of_week_operator.py
[2024-01-05T16:57:07.236+0000] {processor.py:830} INFO - Processing file /home/eder/Desktop/Airflow/Twitter/venv/lib/python3.9/site-packages/airflow/example_dags/example_branch_day_of_week_operator.py for tasks to queue
[2024-01-05T16:57:07.239+0000] {logging_mixin.py:188} INFO - [2024-01-05T16:57:07.239+0000] {dagbag.py:538} INFO - Filling up the DagBag from /home/eder/Desktop/Airflow/Twitter/venv/lib/python3.9/site-packages/airflow/example_dags/example_branch_day_of_week_operator.py
[2024-01-05T16:57:07.263+0000] {processor.py:840} INFO - DAG(s) 'example_weekday_branch_operator' retrieved from /home/eder/Desktop/Airflow/Twitter/venv/lib/python3.9/site-packages/airflow/example_dags/example_branch_day_of_week_operator.py
[2024-01-05T16:57:07.278+0000] {logging_mixin.py:188} INFO - [2024-01-05T16:57:07.277+0000] {dag.py:3033} INFO - Sync 1 DAGs
[2024-01-05T16:57:07.292+0000] {logging_mixin.py:188} INFO - [2024-01-05T16:57:07.292+0000] {dag.py:3820} INFO - Setting next_dagrun for example_weekday_branch_operator to 2024-01-04T00:00:00+00:00, run_after=2024-01-05T00:00:00+00:00
[2024-01-05T16:57:07.313+0000] {processor.py:183} INFO - Processing /home/eder/Desktop/Airflow/Twitter/venv/lib/python3.9/site-packages/airflow/example_dags/example_branch_day_of_week_operator.py took 0.098 seconds
[2024-01-05T16:58:11.863+0000] {processor.py:161} INFO - Started process (PID=17517) to work on /home/eder/Desktop/Airflow/Twitter/venv/lib/python3.9/site-packages/airflow/example_dags/example_branch_day_of_week_operator.py
[2024-01-05T16:58:11.868+0000] {processor.py:830} INFO - Processing file /home/eder/Desktop/Airflow/Twitter/venv/lib/python3.9/site-packages/airflow/example_dags/example_branch_day_of_week_operator.py for tasks to queue
[2024-01-05T16:58:11.870+0000] {logging_mixin.py:188} INFO - [2024-01-05T16:58:11.869+0000] {dagbag.py:538} INFO - Filling up the DagBag from /home/eder/Desktop/Airflow/Twitter/venv/lib/python3.9/site-packages/airflow/example_dags/example_branch_day_of_week_operator.py
[2024-01-05T16:58:11.894+0000] {processor.py:840} INFO - DAG(s) 'example_weekday_branch_operator' retrieved from /home/eder/Desktop/Airflow/Twitter/venv/lib/python3.9/site-packages/airflow/example_dags/example_branch_day_of_week_operator.py
[2024-01-05T16:58:11.919+0000] {logging_mixin.py:188} INFO - [2024-01-05T16:58:11.917+0000] {dag.py:3033} INFO - Sync 1 DAGs
[2024-01-05T16:58:11.952+0000] {logging_mixin.py:188} INFO - [2024-01-05T16:58:11.952+0000] {dag.py:3820} INFO - Setting next_dagrun for example_weekday_branch_operator to 2024-01-04T00:00:00+00:00, run_after=2024-01-05T00:00:00+00:00
[2024-01-05T16:58:12.024+0000] {processor.py:183} INFO - Processing /home/eder/Desktop/Airflow/Twitter/venv/lib/python3.9/site-packages/airflow/example_dags/example_branch_day_of_week_operator.py took 0.172 seconds
[2024-01-05T16:59:13.319+0000] {processor.py:161} INFO - Started process (PID=17741) to work on /home/eder/Desktop/Airflow/Twitter/venv/lib/python3.9/site-packages/airflow/example_dags/example_branch_day_of_week_operator.py
[2024-01-05T16:59:13.321+0000] {processor.py:830} INFO - Processing file /home/eder/Desktop/Airflow/Twitter/venv/lib/python3.9/site-packages/airflow/example_dags/example_branch_day_of_week_operator.py for tasks to queue
[2024-01-05T16:59:13.322+0000] {logging_mixin.py:188} INFO - [2024-01-05T16:59:13.322+0000] {dagbag.py:538} INFO - Filling up the DagBag from /home/eder/Desktop/Airflow/Twitter/venv/lib/python3.9/site-packages/airflow/example_dags/example_branch_day_of_week_operator.py
[2024-01-05T16:59:13.328+0000] {processor.py:840} INFO - DAG(s) 'example_weekday_branch_operator' retrieved from /home/eder/Desktop/Airflow/Twitter/venv/lib/python3.9/site-packages/airflow/example_dags/example_branch_day_of_week_operator.py
[2024-01-05T16:59:13.342+0000] {logging_mixin.py:188} INFO - [2024-01-05T16:59:13.342+0000] {dag.py:3033} INFO - Sync 1 DAGs
[2024-01-05T16:59:13.360+0000] {logging_mixin.py:188} INFO - [2024-01-05T16:59:13.360+0000] {dag.py:3820} INFO - Setting next_dagrun for example_weekday_branch_operator to 2024-01-04T00:00:00+00:00, run_after=2024-01-05T00:00:00+00:00
[2024-01-05T16:59:13.528+0000] {processor.py:183} INFO - Processing /home/eder/Desktop/Airflow/Twitter/venv/lib/python3.9/site-packages/airflow/example_dags/example_branch_day_of_week_operator.py took 0.211 seconds
[2024-01-05T17:00:13.971+0000] {processor.py:161} INFO - Started process (PID=17942) to work on /home/eder/Desktop/Airflow/Twitter/venv/lib/python3.9/site-packages/airflow/example_dags/example_branch_day_of_week_operator.py
[2024-01-05T17:00:13.975+0000] {processor.py:830} INFO - Processing file /home/eder/Desktop/Airflow/Twitter/venv/lib/python3.9/site-packages/airflow/example_dags/example_branch_day_of_week_operator.py for tasks to queue
[2024-01-05T17:00:13.976+0000] {logging_mixin.py:188} INFO - [2024-01-05T17:00:13.975+0000] {dagbag.py:538} INFO - Filling up the DagBag from /home/eder/Desktop/Airflow/Twitter/venv/lib/python3.9/site-packages/airflow/example_dags/example_branch_day_of_week_operator.py
[2024-01-05T17:00:13.981+0000] {processor.py:840} INFO - DAG(s) 'example_weekday_branch_operator' retrieved from /home/eder/Desktop/Airflow/Twitter/venv/lib/python3.9/site-packages/airflow/example_dags/example_branch_day_of_week_operator.py
[2024-01-05T17:00:14.009+0000] {logging_mixin.py:188} INFO - [2024-01-05T17:00:14.009+0000] {dag.py:3033} INFO - Sync 1 DAGs
[2024-01-05T17:00:14.022+0000] {logging_mixin.py:188} INFO - [2024-01-05T17:00:14.022+0000] {dag.py:3820} INFO - Setting next_dagrun for example_weekday_branch_operator to 2024-01-04T00:00:00+00:00, run_after=2024-01-05T00:00:00+00:00
[2024-01-05T17:00:14.146+0000] {processor.py:183} INFO - Processing /home/eder/Desktop/Airflow/Twitter/venv/lib/python3.9/site-packages/airflow/example_dags/example_branch_day_of_week_operator.py took 0.178 seconds
[2024-01-05T17:01:20.711+0000] {processor.py:161} INFO - Started process (PID=18127) to work on /home/eder/Desktop/Airflow/Twitter/venv/lib/python3.9/site-packages/airflow/example_dags/example_branch_day_of_week_operator.py
[2024-01-05T17:01:20.730+0000] {processor.py:830} INFO - Processing file /home/eder/Desktop/Airflow/Twitter/venv/lib/python3.9/site-packages/airflow/example_dags/example_branch_day_of_week_operator.py for tasks to queue
[2024-01-05T17:01:20.731+0000] {logging_mixin.py:188} INFO - [2024-01-05T17:01:20.731+0000] {dagbag.py:538} INFO - Filling up the DagBag from /home/eder/Desktop/Airflow/Twitter/venv/lib/python3.9/site-packages/airflow/example_dags/example_branch_day_of_week_operator.py
[2024-01-05T17:01:20.744+0000] {processor.py:840} INFO - DAG(s) 'example_weekday_branch_operator' retrieved from /home/eder/Desktop/Airflow/Twitter/venv/lib/python3.9/site-packages/airflow/example_dags/example_branch_day_of_week_operator.py
[2024-01-05T17:01:20.788+0000] {logging_mixin.py:188} INFO - [2024-01-05T17:01:20.788+0000] {dag.py:3033} INFO - Sync 1 DAGs
[2024-01-05T17:01:20.824+0000] {logging_mixin.py:188} INFO - [2024-01-05T17:01:20.824+0000] {dag.py:3820} INFO - Setting next_dagrun for example_weekday_branch_operator to 2024-01-04T00:00:00+00:00, run_after=2024-01-05T00:00:00+00:00
[2024-01-05T17:01:20.892+0000] {processor.py:183} INFO - Processing /home/eder/Desktop/Airflow/Twitter/venv/lib/python3.9/site-packages/airflow/example_dags/example_branch_day_of_week_operator.py took 0.184 seconds
[2024-01-05T17:02:22.047+0000] {processor.py:161} INFO - Started process (PID=18303) to work on /home/eder/Desktop/Airflow/Twitter/venv/lib/python3.9/site-packages/airflow/example_dags/example_branch_day_of_week_operator.py
[2024-01-05T17:02:22.049+0000] {processor.py:830} INFO - Processing file /home/eder/Desktop/Airflow/Twitter/venv/lib/python3.9/site-packages/airflow/example_dags/example_branch_day_of_week_operator.py for tasks to queue
[2024-01-05T17:02:22.049+0000] {logging_mixin.py:188} INFO - [2024-01-05T17:02:22.049+0000] {dagbag.py:538} INFO - Filling up the DagBag from /home/eder/Desktop/Airflow/Twitter/venv/lib/python3.9/site-packages/airflow/example_dags/example_branch_day_of_week_operator.py
[2024-01-05T17:02:22.066+0000] {processor.py:840} INFO - DAG(s) 'example_weekday_branch_operator' retrieved from /home/eder/Desktop/Airflow/Twitter/venv/lib/python3.9/site-packages/airflow/example_dags/example_branch_day_of_week_operator.py
[2024-01-05T17:02:22.098+0000] {logging_mixin.py:188} INFO - [2024-01-05T17:02:22.098+0000] {dag.py:3033} INFO - Sync 1 DAGs
[2024-01-05T17:02:22.134+0000] {logging_mixin.py:188} INFO - [2024-01-05T17:02:22.133+0000] {dag.py:3820} INFO - Setting next_dagrun for example_weekday_branch_operator to 2024-01-04T00:00:00+00:00, run_after=2024-01-05T00:00:00+00:00
[2024-01-05T17:02:22.324+0000] {processor.py:183} INFO - Processing /home/eder/Desktop/Airflow/Twitter/venv/lib/python3.9/site-packages/airflow/example_dags/example_branch_day_of_week_operator.py took 0.280 seconds
[2024-01-05T17:03:23.899+0000] {processor.py:161} INFO - Started process (PID=18464) to work on /home/eder/Desktop/Airflow/Twitter/venv/lib/python3.9/site-packages/airflow/example_dags/example_branch_day_of_week_operator.py
[2024-01-05T17:03:23.916+0000] {processor.py:830} INFO - Processing file /home/eder/Desktop/Airflow/Twitter/venv/lib/python3.9/site-packages/airflow/example_dags/example_branch_day_of_week_operator.py for tasks to queue
[2024-01-05T17:03:23.919+0000] {logging_mixin.py:188} INFO - [2024-01-05T17:03:23.919+0000] {dagbag.py:538} INFO - Filling up the DagBag from /home/eder/Desktop/Airflow/Twitter/venv/lib/python3.9/site-packages/airflow/example_dags/example_branch_day_of_week_operator.py
[2024-01-05T17:03:23.927+0000] {processor.py:840} INFO - DAG(s) 'example_weekday_branch_operator' retrieved from /home/eder/Desktop/Airflow/Twitter/venv/lib/python3.9/site-packages/airflow/example_dags/example_branch_day_of_week_operator.py
[2024-01-05T17:03:23.960+0000] {logging_mixin.py:188} INFO - [2024-01-05T17:03:23.960+0000] {dag.py:3033} INFO - Sync 1 DAGs
[2024-01-05T17:03:24.007+0000] {logging_mixin.py:188} INFO - [2024-01-05T17:03:24.007+0000] {dag.py:3820} INFO - Setting next_dagrun for example_weekday_branch_operator to 2024-01-04T00:00:00+00:00, run_after=2024-01-05T00:00:00+00:00
[2024-01-05T17:03:24.120+0000] {processor.py:183} INFO - Processing /home/eder/Desktop/Airflow/Twitter/venv/lib/python3.9/site-packages/airflow/example_dags/example_branch_day_of_week_operator.py took 0.223 seconds
[2024-01-05T17:04:22.687+0000] {processor.py:161} INFO - Started process (PID=18701) to work on /home/eder/Desktop/Airflow/Twitter/venv/lib/python3.9/site-packages/airflow/example_dags/example_branch_day_of_week_operator.py
[2024-01-05T17:04:22.708+0000] {processor.py:830} INFO - Processing file /home/eder/Desktop/Airflow/Twitter/venv/lib/python3.9/site-packages/airflow/example_dags/example_branch_day_of_week_operator.py for tasks to queue
[2024-01-05T17:04:22.720+0000] {logging_mixin.py:188} INFO - [2024-01-05T17:04:22.720+0000] {dagbag.py:538} INFO - Filling up the DagBag from /home/eder/Desktop/Airflow/Twitter/venv/lib/python3.9/site-packages/airflow/example_dags/example_branch_day_of_week_operator.py
[2024-01-05T17:04:22.740+0000] {processor.py:840} INFO - DAG(s) 'example_weekday_branch_operator' retrieved from /home/eder/Desktop/Airflow/Twitter/venv/lib/python3.9/site-packages/airflow/example_dags/example_branch_day_of_week_operator.py
[2024-01-05T17:04:22.801+0000] {logging_mixin.py:188} INFO - [2024-01-05T17:04:22.801+0000] {dag.py:3033} INFO - Sync 1 DAGs
[2024-01-05T17:04:22.829+0000] {logging_mixin.py:188} INFO - [2024-01-05T17:04:22.824+0000] {dag.py:3820} INFO - Setting next_dagrun for example_weekday_branch_operator to 2024-01-04T00:00:00+00:00, run_after=2024-01-05T00:00:00+00:00
[2024-01-05T17:04:22.885+0000] {processor.py:183} INFO - Processing /home/eder/Desktop/Airflow/Twitter/venv/lib/python3.9/site-packages/airflow/example_dags/example_branch_day_of_week_operator.py took 0.202 seconds
[2024-01-05T17:05:33.536+0000] {processor.py:161} INFO - Started process (PID=18886) to work on /home/eder/Desktop/Airflow/Twitter/venv/lib/python3.9/site-packages/airflow/example_dags/example_branch_day_of_week_operator.py
[2024-01-05T17:05:33.545+0000] {processor.py:830} INFO - Processing file /home/eder/Desktop/Airflow/Twitter/venv/lib/python3.9/site-packages/airflow/example_dags/example_branch_day_of_week_operator.py for tasks to queue
[2024-01-05T17:05:33.546+0000] {logging_mixin.py:188} INFO - [2024-01-05T17:05:33.545+0000] {dagbag.py:538} INFO - Filling up the DagBag from /home/eder/Desktop/Airflow/Twitter/venv/lib/python3.9/site-packages/airflow/example_dags/example_branch_day_of_week_operator.py
[2024-01-05T17:05:33.565+0000] {processor.py:840} INFO - DAG(s) 'example_weekday_branch_operator' retrieved from /home/eder/Desktop/Airflow/Twitter/venv/lib/python3.9/site-packages/airflow/example_dags/example_branch_day_of_week_operator.py
[2024-01-05T17:05:33.591+0000] {logging_mixin.py:188} INFO - [2024-01-05T17:05:33.591+0000] {dag.py:3033} INFO - Sync 1 DAGs
[2024-01-05T17:05:33.606+0000] {logging_mixin.py:188} INFO - [2024-01-05T17:05:33.606+0000] {dag.py:3820} INFO - Setting next_dagrun for example_weekday_branch_operator to 2024-01-04T00:00:00+00:00, run_after=2024-01-05T00:00:00+00:00
[2024-01-05T17:05:33.633+0000] {processor.py:183} INFO - Processing /home/eder/Desktop/Airflow/Twitter/venv/lib/python3.9/site-packages/airflow/example_dags/example_branch_day_of_week_operator.py took 0.099 seconds
[2024-01-05T17:06:40.680+0000] {processor.py:161} INFO - Started process (PID=19064) to work on /home/eder/Desktop/Airflow/Twitter/venv/lib/python3.9/site-packages/airflow/example_dags/example_branch_day_of_week_operator.py
[2024-01-05T17:06:40.689+0000] {processor.py:830} INFO - Processing file /home/eder/Desktop/Airflow/Twitter/venv/lib/python3.9/site-packages/airflow/example_dags/example_branch_day_of_week_operator.py for tasks to queue
[2024-01-05T17:06:40.691+0000] {logging_mixin.py:188} INFO - [2024-01-05T17:06:40.690+0000] {dagbag.py:538} INFO - Filling up the DagBag from /home/eder/Desktop/Airflow/Twitter/venv/lib/python3.9/site-packages/airflow/example_dags/example_branch_day_of_week_operator.py
[2024-01-05T17:06:40.696+0000] {processor.py:840} INFO - DAG(s) 'example_weekday_branch_operator' retrieved from /home/eder/Desktop/Airflow/Twitter/venv/lib/python3.9/site-packages/airflow/example_dags/example_branch_day_of_week_operator.py
[2024-01-05T17:06:40.721+0000] {logging_mixin.py:188} INFO - [2024-01-05T17:06:40.721+0000] {dag.py:3033} INFO - Sync 1 DAGs
[2024-01-05T17:06:40.736+0000] {logging_mixin.py:188} INFO - [2024-01-05T17:06:40.736+0000] {dag.py:3820} INFO - Setting next_dagrun for example_weekday_branch_operator to 2024-01-04T00:00:00+00:00, run_after=2024-01-05T00:00:00+00:00
[2024-01-05T17:06:40.765+0000] {processor.py:183} INFO - Processing /home/eder/Desktop/Airflow/Twitter/venv/lib/python3.9/site-packages/airflow/example_dags/example_branch_day_of_week_operator.py took 0.087 seconds
[2024-01-05T17:07:49.930+0000] {processor.py:161} INFO - Started process (PID=19264) to work on /home/eder/Desktop/Airflow/Twitter/venv/lib/python3.9/site-packages/airflow/example_dags/example_branch_day_of_week_operator.py
[2024-01-05T17:07:49.939+0000] {processor.py:830} INFO - Processing file /home/eder/Desktop/Airflow/Twitter/venv/lib/python3.9/site-packages/airflow/example_dags/example_branch_day_of_week_operator.py for tasks to queue
[2024-01-05T17:07:49.939+0000] {logging_mixin.py:188} INFO - [2024-01-05T17:07:49.939+0000] {dagbag.py:538} INFO - Filling up the DagBag from /home/eder/Desktop/Airflow/Twitter/venv/lib/python3.9/site-packages/airflow/example_dags/example_branch_day_of_week_operator.py
[2024-01-05T17:07:49.951+0000] {processor.py:840} INFO - DAG(s) 'example_weekday_branch_operator' retrieved from /home/eder/Desktop/Airflow/Twitter/venv/lib/python3.9/site-packages/airflow/example_dags/example_branch_day_of_week_operator.py
[2024-01-05T17:07:49.972+0000] {logging_mixin.py:188} INFO - [2024-01-05T17:07:49.972+0000] {dag.py:3033} INFO - Sync 1 DAGs
[2024-01-05T17:07:49.985+0000] {logging_mixin.py:188} INFO - [2024-01-05T17:07:49.985+0000] {dag.py:3820} INFO - Setting next_dagrun for example_weekday_branch_operator to 2024-01-04T00:00:00+00:00, run_after=2024-01-05T00:00:00+00:00
[2024-01-05T17:07:50.010+0000] {processor.py:183} INFO - Processing /home/eder/Desktop/Airflow/Twitter/venv/lib/python3.9/site-packages/airflow/example_dags/example_branch_day_of_week_operator.py took 0.083 seconds
[2024-01-05T17:37:14.827+0000] {processor.py:161} INFO - Started process (PID=20704) to work on /home/eder/Desktop/Airflow/Twitter/venv/lib/python3.9/site-packages/airflow/example_dags/example_branch_day_of_week_operator.py
[2024-01-05T17:37:14.836+0000] {processor.py:830} INFO - Processing file /home/eder/Desktop/Airflow/Twitter/venv/lib/python3.9/site-packages/airflow/example_dags/example_branch_day_of_week_operator.py for tasks to queue
[2024-01-05T17:37:14.838+0000] {logging_mixin.py:188} INFO - [2024-01-05T17:37:14.837+0000] {dagbag.py:538} INFO - Filling up the DagBag from /home/eder/Desktop/Airflow/Twitter/venv/lib/python3.9/site-packages/airflow/example_dags/example_branch_day_of_week_operator.py
[2024-01-05T17:37:14.844+0000] {processor.py:840} INFO - DAG(s) 'example_weekday_branch_operator' retrieved from /home/eder/Desktop/Airflow/Twitter/venv/lib/python3.9/site-packages/airflow/example_dags/example_branch_day_of_week_operator.py
[2024-01-05T17:37:14.934+0000] {logging_mixin.py:188} INFO - [2024-01-05T17:37:14.932+0000] {dag.py:3033} INFO - Sync 1 DAGs
[2024-01-05T17:37:14.946+0000] {logging_mixin.py:188} INFO - [2024-01-05T17:37:14.946+0000] {dag.py:3820} INFO - Setting next_dagrun for example_weekday_branch_operator to 2024-01-04T00:00:00+00:00, run_after=2024-01-05T00:00:00+00:00
[2024-01-05T17:37:14.975+0000] {processor.py:183} INFO - Processing /home/eder/Desktop/Airflow/Twitter/venv/lib/python3.9/site-packages/airflow/example_dags/example_branch_day_of_week_operator.py took 0.153 seconds
[2024-01-05T17:38:09.216+0000] {processor.py:161} INFO - Started process (PID=20981) to work on /home/eder/Desktop/Airflow/Twitter/venv/lib/python3.9/site-packages/airflow/example_dags/example_branch_day_of_week_operator.py
[2024-01-05T17:38:09.224+0000] {processor.py:830} INFO - Processing file /home/eder/Desktop/Airflow/Twitter/venv/lib/python3.9/site-packages/airflow/example_dags/example_branch_day_of_week_operator.py for tasks to queue
[2024-01-05T17:38:09.226+0000] {logging_mixin.py:188} INFO - [2024-01-05T17:38:09.225+0000] {dagbag.py:538} INFO - Filling up the DagBag from /home/eder/Desktop/Airflow/Twitter/venv/lib/python3.9/site-packages/airflow/example_dags/example_branch_day_of_week_operator.py
[2024-01-05T17:38:09.232+0000] {processor.py:840} INFO - DAG(s) 'example_weekday_branch_operator' retrieved from /home/eder/Desktop/Airflow/Twitter/venv/lib/python3.9/site-packages/airflow/example_dags/example_branch_day_of_week_operator.py
[2024-01-05T17:38:09.248+0000] {logging_mixin.py:188} INFO - [2024-01-05T17:38:09.248+0000] {dag.py:3033} INFO - Sync 1 DAGs
[2024-01-05T17:38:09.263+0000] {logging_mixin.py:188} INFO - [2024-01-05T17:38:09.262+0000] {dag.py:3820} INFO - Setting next_dagrun for example_weekday_branch_operator to 2024-01-04T00:00:00+00:00, run_after=2024-01-05T00:00:00+00:00
[2024-01-05T17:38:09.287+0000] {processor.py:183} INFO - Processing /home/eder/Desktop/Airflow/Twitter/venv/lib/python3.9/site-packages/airflow/example_dags/example_branch_day_of_week_operator.py took 0.074 seconds
[2024-01-05T17:39:05.937+0000] {processor.py:161} INFO - Started process (PID=21135) to work on /home/eder/Desktop/Airflow/Twitter/venv/lib/python3.9/site-packages/airflow/example_dags/example_branch_day_of_week_operator.py
[2024-01-05T17:39:05.951+0000] {processor.py:830} INFO - Processing file /home/eder/Desktop/Airflow/Twitter/venv/lib/python3.9/site-packages/airflow/example_dags/example_branch_day_of_week_operator.py for tasks to queue
[2024-01-05T17:39:05.954+0000] {logging_mixin.py:188} INFO - [2024-01-05T17:39:05.954+0000] {dagbag.py:538} INFO - Filling up the DagBag from /home/eder/Desktop/Airflow/Twitter/venv/lib/python3.9/site-packages/airflow/example_dags/example_branch_day_of_week_operator.py
[2024-01-05T17:39:05.966+0000] {processor.py:840} INFO - DAG(s) 'example_weekday_branch_operator' retrieved from /home/eder/Desktop/Airflow/Twitter/venv/lib/python3.9/site-packages/airflow/example_dags/example_branch_day_of_week_operator.py
[2024-01-05T17:39:05.985+0000] {logging_mixin.py:188} INFO - [2024-01-05T17:39:05.985+0000] {dag.py:3033} INFO - Sync 1 DAGs
[2024-01-05T17:39:06.008+0000] {logging_mixin.py:188} INFO - [2024-01-05T17:39:06.007+0000] {dag.py:3820} INFO - Setting next_dagrun for example_weekday_branch_operator to 2024-01-04T00:00:00+00:00, run_after=2024-01-05T00:00:00+00:00
[2024-01-05T17:39:06.069+0000] {processor.py:183} INFO - Processing /home/eder/Desktop/Airflow/Twitter/venv/lib/python3.9/site-packages/airflow/example_dags/example_branch_day_of_week_operator.py took 0.135 seconds
[2024-01-05T17:40:02.895+0000] {processor.py:161} INFO - Started process (PID=21288) to work on /home/eder/Desktop/Airflow/Twitter/venv/lib/python3.9/site-packages/airflow/example_dags/example_branch_day_of_week_operator.py
[2024-01-05T17:40:02.903+0000] {processor.py:830} INFO - Processing file /home/eder/Desktop/Airflow/Twitter/venv/lib/python3.9/site-packages/airflow/example_dags/example_branch_day_of_week_operator.py for tasks to queue
[2024-01-05T17:40:02.905+0000] {logging_mixin.py:188} INFO - [2024-01-05T17:40:02.904+0000] {dagbag.py:538} INFO - Filling up the DagBag from /home/eder/Desktop/Airflow/Twitter/venv/lib/python3.9/site-packages/airflow/example_dags/example_branch_day_of_week_operator.py
[2024-01-05T17:40:02.911+0000] {processor.py:840} INFO - DAG(s) 'example_weekday_branch_operator' retrieved from /home/eder/Desktop/Airflow/Twitter/venv/lib/python3.9/site-packages/airflow/example_dags/example_branch_day_of_week_operator.py
[2024-01-05T17:40:02.927+0000] {logging_mixin.py:188} INFO - [2024-01-05T17:40:02.927+0000] {dag.py:3033} INFO - Sync 1 DAGs
[2024-01-05T17:40:02.950+0000] {logging_mixin.py:188} INFO - [2024-01-05T17:40:02.950+0000] {dag.py:3820} INFO - Setting next_dagrun for example_weekday_branch_operator to 2024-01-04T00:00:00+00:00, run_after=2024-01-05T00:00:00+00:00
[2024-01-05T17:40:02.987+0000] {processor.py:183} INFO - Processing /home/eder/Desktop/Airflow/Twitter/venv/lib/python3.9/site-packages/airflow/example_dags/example_branch_day_of_week_operator.py took 0.096 seconds
[2024-01-05T17:51:06.322+0000] {processor.py:161} INFO - Started process (PID=32476) to work on /home/eder/Desktop/Airflow/Twitter/venv/lib/python3.9/site-packages/airflow/example_dags/example_branch_day_of_week_operator.py
[2024-01-05T17:51:06.334+0000] {processor.py:830} INFO - Processing file /home/eder/Desktop/Airflow/Twitter/venv/lib/python3.9/site-packages/airflow/example_dags/example_branch_day_of_week_operator.py for tasks to queue
[2024-01-05T17:51:06.340+0000] {logging_mixin.py:188} INFO - [2024-01-05T17:51:06.339+0000] {dagbag.py:538} INFO - Filling up the DagBag from /home/eder/Desktop/Airflow/Twitter/venv/lib/python3.9/site-packages/airflow/example_dags/example_branch_day_of_week_operator.py
[2024-01-05T17:51:06.351+0000] {processor.py:840} INFO - DAG(s) 'example_weekday_branch_operator' retrieved from /home/eder/Desktop/Airflow/Twitter/venv/lib/python3.9/site-packages/airflow/example_dags/example_branch_day_of_week_operator.py
[2024-01-05T17:51:06.380+0000] {logging_mixin.py:188} INFO - [2024-01-05T17:51:06.380+0000] {dag.py:3033} INFO - Sync 1 DAGs
[2024-01-05T17:51:06.393+0000] {logging_mixin.py:188} INFO - [2024-01-05T17:51:06.393+0000] {dag.py:3820} INFO - Setting next_dagrun for example_weekday_branch_operator to 2024-01-04T00:00:00+00:00, run_after=2024-01-05T00:00:00+00:00
[2024-01-05T17:51:06.414+0000] {processor.py:183} INFO - Processing /home/eder/Desktop/Airflow/Twitter/venv/lib/python3.9/site-packages/airflow/example_dags/example_branch_day_of_week_operator.py took 0.094 seconds
[2024-01-05T17:52:10.627+0000] {processor.py:161} INFO - Started process (PID=32719) to work on /home/eder/Desktop/Airflow/Twitter/venv/lib/python3.9/site-packages/airflow/example_dags/example_branch_day_of_week_operator.py
[2024-01-05T17:52:10.640+0000] {processor.py:830} INFO - Processing file /home/eder/Desktop/Airflow/Twitter/venv/lib/python3.9/site-packages/airflow/example_dags/example_branch_day_of_week_operator.py for tasks to queue
[2024-01-05T17:52:10.643+0000] {logging_mixin.py:188} INFO - [2024-01-05T17:52:10.640+0000] {dagbag.py:538} INFO - Filling up the DagBag from /home/eder/Desktop/Airflow/Twitter/venv/lib/python3.9/site-packages/airflow/example_dags/example_branch_day_of_week_operator.py
[2024-01-05T17:52:10.656+0000] {processor.py:840} INFO - DAG(s) 'example_weekday_branch_operator' retrieved from /home/eder/Desktop/Airflow/Twitter/venv/lib/python3.9/site-packages/airflow/example_dags/example_branch_day_of_week_operator.py
[2024-01-05T17:52:10.687+0000] {logging_mixin.py:188} INFO - [2024-01-05T17:52:10.687+0000] {dag.py:3033} INFO - Sync 1 DAGs
[2024-01-05T17:52:10.720+0000] {logging_mixin.py:188} INFO - [2024-01-05T17:52:10.720+0000] {dag.py:3820} INFO - Setting next_dagrun for example_weekday_branch_operator to 2024-01-04T00:00:00+00:00, run_after=2024-01-05T00:00:00+00:00
[2024-01-05T17:52:10.931+0000] {processor.py:183} INFO - Processing /home/eder/Desktop/Airflow/Twitter/venv/lib/python3.9/site-packages/airflow/example_dags/example_branch_day_of_week_operator.py took 0.311 seconds
[2024-01-05T17:53:28.348+0000] {processor.py:161} INFO - Started process (PID=32979) to work on /home/eder/Desktop/Airflow/Twitter/venv/lib/python3.9/site-packages/airflow/example_dags/example_branch_day_of_week_operator.py
[2024-01-05T17:53:28.372+0000] {processor.py:830} INFO - Processing file /home/eder/Desktop/Airflow/Twitter/venv/lib/python3.9/site-packages/airflow/example_dags/example_branch_day_of_week_operator.py for tasks to queue
[2024-01-05T17:53:28.383+0000] {logging_mixin.py:188} INFO - [2024-01-05T17:53:28.382+0000] {dagbag.py:538} INFO - Filling up the DagBag from /home/eder/Desktop/Airflow/Twitter/venv/lib/python3.9/site-packages/airflow/example_dags/example_branch_day_of_week_operator.py
[2024-01-05T17:53:28.391+0000] {processor.py:840} INFO - DAG(s) 'example_weekday_branch_operator' retrieved from /home/eder/Desktop/Airflow/Twitter/venv/lib/python3.9/site-packages/airflow/example_dags/example_branch_day_of_week_operator.py
[2024-01-05T17:53:28.424+0000] {logging_mixin.py:188} INFO - [2024-01-05T17:53:28.424+0000] {dag.py:3033} INFO - Sync 1 DAGs
[2024-01-05T17:53:28.456+0000] {logging_mixin.py:188} INFO - [2024-01-05T17:53:28.455+0000] {dag.py:3820} INFO - Setting next_dagrun for example_weekday_branch_operator to 2024-01-04T00:00:00+00:00, run_after=2024-01-05T00:00:00+00:00
[2024-01-05T17:53:28.636+0000] {processor.py:183} INFO - Processing /home/eder/Desktop/Airflow/Twitter/venv/lib/python3.9/site-packages/airflow/example_dags/example_branch_day_of_week_operator.py took 0.292 seconds
[2024-01-05T17:54:29.465+0000] {processor.py:161} INFO - Started process (PID=33161) to work on /home/eder/Desktop/Airflow/Twitter/venv/lib/python3.9/site-packages/airflow/example_dags/example_branch_day_of_week_operator.py
[2024-01-05T17:54:29.478+0000] {processor.py:830} INFO - Processing file /home/eder/Desktop/Airflow/Twitter/venv/lib/python3.9/site-packages/airflow/example_dags/example_branch_day_of_week_operator.py for tasks to queue
[2024-01-05T17:54:29.479+0000] {logging_mixin.py:188} INFO - [2024-01-05T17:54:29.479+0000] {dagbag.py:538} INFO - Filling up the DagBag from /home/eder/Desktop/Airflow/Twitter/venv/lib/python3.9/site-packages/airflow/example_dags/example_branch_day_of_week_operator.py
[2024-01-05T17:54:29.485+0000] {processor.py:840} INFO - DAG(s) 'example_weekday_branch_operator' retrieved from /home/eder/Desktop/Airflow/Twitter/venv/lib/python3.9/site-packages/airflow/example_dags/example_branch_day_of_week_operator.py
[2024-01-05T17:54:29.499+0000] {logging_mixin.py:188} INFO - [2024-01-05T17:54:29.499+0000] {dag.py:3033} INFO - Sync 1 DAGs
[2024-01-05T17:54:29.517+0000] {logging_mixin.py:188} INFO - [2024-01-05T17:54:29.517+0000] {dag.py:3820} INFO - Setting next_dagrun for example_weekday_branch_operator to 2024-01-04T00:00:00+00:00, run_after=2024-01-05T00:00:00+00:00
[2024-01-05T17:54:29.546+0000] {processor.py:183} INFO - Processing /home/eder/Desktop/Airflow/Twitter/venv/lib/python3.9/site-packages/airflow/example_dags/example_branch_day_of_week_operator.py took 0.083 seconds
[2024-01-05T17:55:29.239+0000] {processor.py:161} INFO - Started process (PID=33352) to work on /home/eder/Desktop/Airflow/Twitter/venv/lib/python3.9/site-packages/airflow/example_dags/example_branch_day_of_week_operator.py
[2024-01-05T17:55:29.262+0000] {processor.py:830} INFO - Processing file /home/eder/Desktop/Airflow/Twitter/venv/lib/python3.9/site-packages/airflow/example_dags/example_branch_day_of_week_operator.py for tasks to queue
[2024-01-05T17:55:29.263+0000] {logging_mixin.py:188} INFO - [2024-01-05T17:55:29.263+0000] {dagbag.py:538} INFO - Filling up the DagBag from /home/eder/Desktop/Airflow/Twitter/venv/lib/python3.9/site-packages/airflow/example_dags/example_branch_day_of_week_operator.py
[2024-01-05T17:55:29.275+0000] {processor.py:840} INFO - DAG(s) 'example_weekday_branch_operator' retrieved from /home/eder/Desktop/Airflow/Twitter/venv/lib/python3.9/site-packages/airflow/example_dags/example_branch_day_of_week_operator.py
[2024-01-05T17:55:29.299+0000] {logging_mixin.py:188} INFO - [2024-01-05T17:55:29.296+0000] {dag.py:3033} INFO - Sync 1 DAGs
[2024-01-05T17:55:29.324+0000] {logging_mixin.py:188} INFO - [2024-01-05T17:55:29.324+0000] {dag.py:3820} INFO - Setting next_dagrun for example_weekday_branch_operator to 2024-01-04T00:00:00+00:00, run_after=2024-01-05T00:00:00+00:00
[2024-01-05T17:55:29.536+0000] {processor.py:183} INFO - Processing /home/eder/Desktop/Airflow/Twitter/venv/lib/python3.9/site-packages/airflow/example_dags/example_branch_day_of_week_operator.py took 0.302 seconds
[2024-01-05T17:56:33.602+0000] {processor.py:161} INFO - Started process (PID=33527) to work on /home/eder/Desktop/Airflow/Twitter/venv/lib/python3.9/site-packages/airflow/example_dags/example_branch_day_of_week_operator.py
[2024-01-05T17:56:33.609+0000] {processor.py:830} INFO - Processing file /home/eder/Desktop/Airflow/Twitter/venv/lib/python3.9/site-packages/airflow/example_dags/example_branch_day_of_week_operator.py for tasks to queue
[2024-01-05T17:56:33.610+0000] {logging_mixin.py:188} INFO - [2024-01-05T17:56:33.609+0000] {dagbag.py:538} INFO - Filling up the DagBag from /home/eder/Desktop/Airflow/Twitter/venv/lib/python3.9/site-packages/airflow/example_dags/example_branch_day_of_week_operator.py
[2024-01-05T17:56:33.616+0000] {processor.py:840} INFO - DAG(s) 'example_weekday_branch_operator' retrieved from /home/eder/Desktop/Airflow/Twitter/venv/lib/python3.9/site-packages/airflow/example_dags/example_branch_day_of_week_operator.py
[2024-01-05T17:56:33.630+0000] {logging_mixin.py:188} INFO - [2024-01-05T17:56:33.630+0000] {dag.py:3033} INFO - Sync 1 DAGs
[2024-01-05T17:56:33.643+0000] {logging_mixin.py:188} INFO - [2024-01-05T17:56:33.643+0000] {dag.py:3820} INFO - Setting next_dagrun for example_weekday_branch_operator to 2024-01-04T00:00:00+00:00, run_after=2024-01-05T00:00:00+00:00
[2024-01-05T17:56:33.758+0000] {processor.py:183} INFO - Processing /home/eder/Desktop/Airflow/Twitter/venv/lib/python3.9/site-packages/airflow/example_dags/example_branch_day_of_week_operator.py took 0.159 seconds
[2024-01-05T18:00:31.244+0000] {processor.py:161} INFO - Started process (PID=34148) to work on /home/eder/Desktop/Airflow/Twitter/venv/lib/python3.9/site-packages/airflow/example_dags/example_branch_day_of_week_operator.py
[2024-01-05T18:00:31.264+0000] {processor.py:830} INFO - Processing file /home/eder/Desktop/Airflow/Twitter/venv/lib/python3.9/site-packages/airflow/example_dags/example_branch_day_of_week_operator.py for tasks to queue
[2024-01-05T18:00:31.265+0000] {logging_mixin.py:188} INFO - [2024-01-05T18:00:31.265+0000] {dagbag.py:538} INFO - Filling up the DagBag from /home/eder/Desktop/Airflow/Twitter/venv/lib/python3.9/site-packages/airflow/example_dags/example_branch_day_of_week_operator.py
[2024-01-05T18:00:31.278+0000] {processor.py:840} INFO - DAG(s) 'example_weekday_branch_operator' retrieved from /home/eder/Desktop/Airflow/Twitter/venv/lib/python3.9/site-packages/airflow/example_dags/example_branch_day_of_week_operator.py
[2024-01-05T18:00:31.452+0000] {logging_mixin.py:188} INFO - [2024-01-05T18:00:31.451+0000] {dag.py:3033} INFO - Sync 1 DAGs
[2024-01-05T18:00:31.476+0000] {logging_mixin.py:188} INFO - [2024-01-05T18:00:31.476+0000] {dag.py:3820} INFO - Setting next_dagrun for example_weekday_branch_operator to 2024-01-04T00:00:00+00:00, run_after=2024-01-05T00:00:00+00:00
[2024-01-05T18:00:31.599+0000] {processor.py:183} INFO - Processing /home/eder/Desktop/Airflow/Twitter/venv/lib/python3.9/site-packages/airflow/example_dags/example_branch_day_of_week_operator.py took 0.364 seconds
