[2024-01-05T01:17:48.238+0000] {processor.py:161} INFO - Started process (PID=24038) to work on /home/eder/Desktop/Airflow/Twitter/venv/lib/python3.9/site-packages/airflow/example_dags/example_complex.py
[2024-01-05T01:17:48.250+0000] {processor.py:830} INFO - Processing file /home/eder/Desktop/Airflow/Twitter/venv/lib/python3.9/site-packages/airflow/example_dags/example_complex.py for tasks to queue
[2024-01-05T01:17:48.253+0000] {logging_mixin.py:188} INFO - [2024-01-05T01:17:48.253+0000] {dagbag.py:538} INFO - Filling up the DagBag from /home/eder/Desktop/Airflow/Twitter/venv/lib/python3.9/site-packages/airflow/example_dags/example_complex.py
[2024-01-05T01:17:48.284+0000] {processor.py:840} INFO - DAG(s) 'example_complex' retrieved from /home/eder/Desktop/Airflow/Twitter/venv/lib/python3.9/site-packages/airflow/example_dags/example_complex.py
[2024-01-05T01:17:48.625+0000] {logging_mixin.py:188} INFO - [2024-01-05T01:17:48.624+0000] {override.py:1769} INFO - Created Permission View: can read on DAG:example_complex
[2024-01-05T01:17:48.747+0000] {logging_mixin.py:188} INFO - [2024-01-05T01:17:48.747+0000] {override.py:1769} INFO - Created Permission View: can delete on DAG:example_complex
[2024-01-05T01:17:48.914+0000] {logging_mixin.py:188} INFO - [2024-01-05T01:17:48.913+0000] {override.py:1769} INFO - Created Permission View: can edit on DAG:example_complex
[2024-01-05T01:17:48.931+0000] {logging_mixin.py:188} INFO - [2024-01-05T01:17:48.930+0000] {dag.py:3033} INFO - Sync 1 DAGs
[2024-01-05T01:17:48.942+0000] {logging_mixin.py:188} INFO - [2024-01-05T01:17:48.941+0000] {dag.py:3055} INFO - Creating ORM DAG for example_complex
[2024-01-05T01:17:48.960+0000] {logging_mixin.py:188} INFO - [2024-01-05T01:17:48.960+0000] {dag.py:3820} INFO - Setting next_dagrun for example_complex to None, run_after=None
[2024-01-05T01:17:49.140+0000] {processor.py:183} INFO - Processing /home/eder/Desktop/Airflow/Twitter/venv/lib/python3.9/site-packages/airflow/example_dags/example_complex.py took 0.911 seconds
[2024-01-05T01:19:07.503+0000] {processor.py:161} INFO - Started process (PID=24553) to work on /home/eder/Desktop/Airflow/Twitter/venv/lib/python3.9/site-packages/airflow/example_dags/example_complex.py
[2024-01-05T01:19:07.517+0000] {processor.py:830} INFO - Processing file /home/eder/Desktop/Airflow/Twitter/venv/lib/python3.9/site-packages/airflow/example_dags/example_complex.py for tasks to queue
[2024-01-05T01:19:07.518+0000] {logging_mixin.py:188} INFO - [2024-01-05T01:19:07.518+0000] {dagbag.py:538} INFO - Filling up the DagBag from /home/eder/Desktop/Airflow/Twitter/venv/lib/python3.9/site-packages/airflow/example_dags/example_complex.py
[2024-01-05T01:19:07.546+0000] {processor.py:840} INFO - DAG(s) 'example_complex' retrieved from /home/eder/Desktop/Airflow/Twitter/venv/lib/python3.9/site-packages/airflow/example_dags/example_complex.py
[2024-01-05T01:19:07.573+0000] {logging_mixin.py:188} INFO - [2024-01-05T01:19:07.572+0000] {dag.py:3033} INFO - Sync 1 DAGs
[2024-01-05T01:19:07.588+0000] {logging_mixin.py:188} INFO - [2024-01-05T01:19:07.588+0000] {dag.py:3820} INFO - Setting next_dagrun for example_complex to None, run_after=None
[2024-01-05T01:19:07.753+0000] {processor.py:183} INFO - Processing /home/eder/Desktop/Airflow/Twitter/venv/lib/python3.9/site-packages/airflow/example_dags/example_complex.py took 0.252 seconds
[2024-01-05T01:23:09.757+0000] {processor.py:161} INFO - Started process (PID=28050) to work on /home/eder/Desktop/Airflow/Twitter/venv/lib/python3.9/site-packages/airflow/example_dags/example_complex.py
[2024-01-05T01:23:09.777+0000] {processor.py:830} INFO - Processing file /home/eder/Desktop/Airflow/Twitter/venv/lib/python3.9/site-packages/airflow/example_dags/example_complex.py for tasks to queue
[2024-01-05T01:23:09.778+0000] {logging_mixin.py:188} INFO - [2024-01-05T01:23:09.777+0000] {dagbag.py:538} INFO - Filling up the DagBag from /home/eder/Desktop/Airflow/Twitter/venv/lib/python3.9/site-packages/airflow/example_dags/example_complex.py
[2024-01-05T01:23:09.811+0000] {processor.py:840} INFO - DAG(s) 'example_complex' retrieved from /home/eder/Desktop/Airflow/Twitter/venv/lib/python3.9/site-packages/airflow/example_dags/example_complex.py
[2024-01-05T01:23:09.888+0000] {logging_mixin.py:188} INFO - [2024-01-05T01:23:09.888+0000] {dag.py:3033} INFO - Sync 1 DAGs
[2024-01-05T01:23:09.896+0000] {logging_mixin.py:188} INFO - [2024-01-05T01:23:09.896+0000] {dag.py:3820} INFO - Setting next_dagrun for example_complex to None, run_after=None
[2024-01-05T01:23:09.927+0000] {processor.py:183} INFO - Processing /home/eder/Desktop/Airflow/Twitter/venv/lib/python3.9/site-packages/airflow/example_dags/example_complex.py took 0.173 seconds
[2024-01-05T01:28:08.639+0000] {processor.py:161} INFO - Started process (PID=32843) to work on /home/eder/Desktop/Airflow/Twitter/venv/lib/python3.9/site-packages/airflow/example_dags/example_complex.py
[2024-01-05T01:28:08.647+0000] {processor.py:830} INFO - Processing file /home/eder/Desktop/Airflow/Twitter/venv/lib/python3.9/site-packages/airflow/example_dags/example_complex.py for tasks to queue
[2024-01-05T01:28:08.648+0000] {logging_mixin.py:188} INFO - [2024-01-05T01:28:08.648+0000] {dagbag.py:538} INFO - Filling up the DagBag from /home/eder/Desktop/Airflow/Twitter/venv/lib/python3.9/site-packages/airflow/example_dags/example_complex.py
[2024-01-05T01:28:08.660+0000] {processor.py:840} INFO - DAG(s) 'example_complex' retrieved from /home/eder/Desktop/Airflow/Twitter/venv/lib/python3.9/site-packages/airflow/example_dags/example_complex.py
[2024-01-05T01:28:08.680+0000] {logging_mixin.py:188} INFO - [2024-01-05T01:28:08.680+0000] {dag.py:3033} INFO - Sync 1 DAGs
[2024-01-05T01:28:08.688+0000] {logging_mixin.py:188} INFO - [2024-01-05T01:28:08.688+0000] {dag.py:3820} INFO - Setting next_dagrun for example_complex to None, run_after=None
[2024-01-05T01:28:08.714+0000] {processor.py:183} INFO - Processing /home/eder/Desktop/Airflow/Twitter/venv/lib/python3.9/site-packages/airflow/example_dags/example_complex.py took 0.078 seconds
[2024-01-05T01:29:05.182+0000] {processor.py:161} INFO - Started process (PID=33003) to work on /home/eder/Desktop/Airflow/Twitter/venv/lib/python3.9/site-packages/airflow/example_dags/example_complex.py
[2024-01-05T01:29:05.197+0000] {processor.py:830} INFO - Processing file /home/eder/Desktop/Airflow/Twitter/venv/lib/python3.9/site-packages/airflow/example_dags/example_complex.py for tasks to queue
[2024-01-05T01:29:05.198+0000] {logging_mixin.py:188} INFO - [2024-01-05T01:29:05.198+0000] {dagbag.py:538} INFO - Filling up the DagBag from /home/eder/Desktop/Airflow/Twitter/venv/lib/python3.9/site-packages/airflow/example_dags/example_complex.py
[2024-01-05T01:29:05.216+0000] {processor.py:840} INFO - DAG(s) 'example_complex' retrieved from /home/eder/Desktop/Airflow/Twitter/venv/lib/python3.9/site-packages/airflow/example_dags/example_complex.py
[2024-01-05T01:29:05.242+0000] {logging_mixin.py:188} INFO - [2024-01-05T01:29:05.242+0000] {dag.py:3033} INFO - Sync 1 DAGs
[2024-01-05T01:29:05.250+0000] {logging_mixin.py:188} INFO - [2024-01-05T01:29:05.250+0000] {dag.py:3820} INFO - Setting next_dagrun for example_complex to None, run_after=None
[2024-01-05T01:29:05.298+0000] {processor.py:183} INFO - Processing /home/eder/Desktop/Airflow/Twitter/venv/lib/python3.9/site-packages/airflow/example_dags/example_complex.py took 0.121 seconds
[2024-01-05T01:29:59.496+0000] {processor.py:161} INFO - Started process (PID=33169) to work on /home/eder/Desktop/Airflow/Twitter/venv/lib/python3.9/site-packages/airflow/example_dags/example_complex.py
[2024-01-05T01:29:59.510+0000] {processor.py:830} INFO - Processing file /home/eder/Desktop/Airflow/Twitter/venv/lib/python3.9/site-packages/airflow/example_dags/example_complex.py for tasks to queue
[2024-01-05T01:29:59.518+0000] {logging_mixin.py:188} INFO - [2024-01-05T01:29:59.517+0000] {dagbag.py:538} INFO - Filling up the DagBag from /home/eder/Desktop/Airflow/Twitter/venv/lib/python3.9/site-packages/airflow/example_dags/example_complex.py
[2024-01-05T01:29:59.532+0000] {processor.py:840} INFO - DAG(s) 'example_complex' retrieved from /home/eder/Desktop/Airflow/Twitter/venv/lib/python3.9/site-packages/airflow/example_dags/example_complex.py
[2024-01-05T01:29:59.564+0000] {logging_mixin.py:188} INFO - [2024-01-05T01:29:59.564+0000] {dag.py:3033} INFO - Sync 1 DAGs
[2024-01-05T01:29:59.594+0000] {logging_mixin.py:188} INFO - [2024-01-05T01:29:59.593+0000] {dag.py:3820} INFO - Setting next_dagrun for example_complex to None, run_after=None
[2024-01-05T01:29:59.720+0000] {processor.py:183} INFO - Processing /home/eder/Desktop/Airflow/Twitter/venv/lib/python3.9/site-packages/airflow/example_dags/example_complex.py took 0.232 seconds
[2024-01-05T01:31:12.166+0000] {processor.py:161} INFO - Started process (PID=33356) to work on /home/eder/Desktop/Airflow/Twitter/venv/lib/python3.9/site-packages/airflow/example_dags/example_complex.py
[2024-01-05T01:31:12.173+0000] {processor.py:830} INFO - Processing file /home/eder/Desktop/Airflow/Twitter/venv/lib/python3.9/site-packages/airflow/example_dags/example_complex.py for tasks to queue
[2024-01-05T01:31:12.173+0000] {logging_mixin.py:188} INFO - [2024-01-05T01:31:12.173+0000] {dagbag.py:538} INFO - Filling up the DagBag from /home/eder/Desktop/Airflow/Twitter/venv/lib/python3.9/site-packages/airflow/example_dags/example_complex.py
[2024-01-05T01:31:12.197+0000] {processor.py:840} INFO - DAG(s) 'example_complex' retrieved from /home/eder/Desktop/Airflow/Twitter/venv/lib/python3.9/site-packages/airflow/example_dags/example_complex.py
[2024-01-05T01:31:12.221+0000] {logging_mixin.py:188} INFO - [2024-01-05T01:31:12.221+0000] {dag.py:3033} INFO - Sync 1 DAGs
[2024-01-05T01:31:12.229+0000] {logging_mixin.py:188} INFO - [2024-01-05T01:31:12.229+0000] {dag.py:3820} INFO - Setting next_dagrun for example_complex to None, run_after=None
[2024-01-05T01:31:12.258+0000] {processor.py:183} INFO - Processing /home/eder/Desktop/Airflow/Twitter/venv/lib/python3.9/site-packages/airflow/example_dags/example_complex.py took 0.095 seconds
[2024-01-05T01:32:08.915+0000] {processor.py:161} INFO - Started process (PID=33519) to work on /home/eder/Desktop/Airflow/Twitter/venv/lib/python3.9/site-packages/airflow/example_dags/example_complex.py
[2024-01-05T01:32:08.917+0000] {processor.py:830} INFO - Processing file /home/eder/Desktop/Airflow/Twitter/venv/lib/python3.9/site-packages/airflow/example_dags/example_complex.py for tasks to queue
[2024-01-05T01:32:08.918+0000] {logging_mixin.py:188} INFO - [2024-01-05T01:32:08.917+0000] {dagbag.py:538} INFO - Filling up the DagBag from /home/eder/Desktop/Airflow/Twitter/venv/lib/python3.9/site-packages/airflow/example_dags/example_complex.py
[2024-01-05T01:32:08.929+0000] {processor.py:840} INFO - DAG(s) 'example_complex' retrieved from /home/eder/Desktop/Airflow/Twitter/venv/lib/python3.9/site-packages/airflow/example_dags/example_complex.py
[2024-01-05T01:32:08.957+0000] {logging_mixin.py:188} INFO - [2024-01-05T01:32:08.957+0000] {dag.py:3033} INFO - Sync 1 DAGs
[2024-01-05T01:32:08.967+0000] {logging_mixin.py:188} INFO - [2024-01-05T01:32:08.967+0000] {dag.py:3820} INFO - Setting next_dagrun for example_complex to None, run_after=None
[2024-01-05T01:32:09.024+0000] {processor.py:183} INFO - Processing /home/eder/Desktop/Airflow/Twitter/venv/lib/python3.9/site-packages/airflow/example_dags/example_complex.py took 0.114 seconds
[2024-01-05T01:33:24.936+0000] {processor.py:161} INFO - Started process (PID=33892) to work on /home/eder/Desktop/Airflow/Twitter/venv/lib/python3.9/site-packages/airflow/example_dags/example_complex.py
[2024-01-05T01:33:24.951+0000] {processor.py:830} INFO - Processing file /home/eder/Desktop/Airflow/Twitter/venv/lib/python3.9/site-packages/airflow/example_dags/example_complex.py for tasks to queue
[2024-01-05T01:33:24.952+0000] {logging_mixin.py:188} INFO - [2024-01-05T01:33:24.952+0000] {dagbag.py:538} INFO - Filling up the DagBag from /home/eder/Desktop/Airflow/Twitter/venv/lib/python3.9/site-packages/airflow/example_dags/example_complex.py
[2024-01-05T01:33:24.962+0000] {processor.py:840} INFO - DAG(s) 'example_complex' retrieved from /home/eder/Desktop/Airflow/Twitter/venv/lib/python3.9/site-packages/airflow/example_dags/example_complex.py
[2024-01-05T01:33:25.021+0000] {logging_mixin.py:188} INFO - [2024-01-05T01:33:25.021+0000] {dag.py:3033} INFO - Sync 1 DAGs
[2024-01-05T01:33:25.062+0000] {logging_mixin.py:188} INFO - [2024-01-05T01:33:25.062+0000] {dag.py:3820} INFO - Setting next_dagrun for example_complex to None, run_after=None
[2024-01-05T01:33:25.183+0000] {processor.py:183} INFO - Processing /home/eder/Desktop/Airflow/Twitter/venv/lib/python3.9/site-packages/airflow/example_dags/example_complex.py took 0.250 seconds
[2024-01-05T01:34:45.048+0000] {processor.py:161} INFO - Started process (PID=34114) to work on /home/eder/Desktop/Airflow/Twitter/venv/lib/python3.9/site-packages/airflow/example_dags/example_complex.py
[2024-01-05T01:34:45.050+0000] {processor.py:830} INFO - Processing file /home/eder/Desktop/Airflow/Twitter/venv/lib/python3.9/site-packages/airflow/example_dags/example_complex.py for tasks to queue
[2024-01-05T01:34:45.051+0000] {logging_mixin.py:188} INFO - [2024-01-05T01:34:45.051+0000] {dagbag.py:538} INFO - Filling up the DagBag from /home/eder/Desktop/Airflow/Twitter/venv/lib/python3.9/site-packages/airflow/example_dags/example_complex.py
[2024-01-05T01:34:45.060+0000] {processor.py:840} INFO - DAG(s) 'example_complex' retrieved from /home/eder/Desktop/Airflow/Twitter/venv/lib/python3.9/site-packages/airflow/example_dags/example_complex.py
[2024-01-05T01:34:45.083+0000] {logging_mixin.py:188} INFO - [2024-01-05T01:34:45.083+0000] {dag.py:3033} INFO - Sync 1 DAGs
[2024-01-05T01:34:45.101+0000] {logging_mixin.py:188} INFO - [2024-01-05T01:34:45.098+0000] {dag.py:3820} INFO - Setting next_dagrun for example_complex to None, run_after=None
[2024-01-05T01:34:45.236+0000] {processor.py:183} INFO - Processing /home/eder/Desktop/Airflow/Twitter/venv/lib/python3.9/site-packages/airflow/example_dags/example_complex.py took 0.192 seconds
[2024-01-05T01:35:40.465+0000] {processor.py:161} INFO - Started process (PID=34273) to work on /home/eder/Desktop/Airflow/Twitter/venv/lib/python3.9/site-packages/airflow/example_dags/example_complex.py
[2024-01-05T01:35:40.468+0000] {processor.py:830} INFO - Processing file /home/eder/Desktop/Airflow/Twitter/venv/lib/python3.9/site-packages/airflow/example_dags/example_complex.py for tasks to queue
[2024-01-05T01:35:40.469+0000] {logging_mixin.py:188} INFO - [2024-01-05T01:35:40.469+0000] {dagbag.py:538} INFO - Filling up the DagBag from /home/eder/Desktop/Airflow/Twitter/venv/lib/python3.9/site-packages/airflow/example_dags/example_complex.py
[2024-01-05T01:35:40.485+0000] {processor.py:840} INFO - DAG(s) 'example_complex' retrieved from /home/eder/Desktop/Airflow/Twitter/venv/lib/python3.9/site-packages/airflow/example_dags/example_complex.py
[2024-01-05T01:35:40.529+0000] {logging_mixin.py:188} INFO - [2024-01-05T01:35:40.528+0000] {dag.py:3033} INFO - Sync 1 DAGs
[2024-01-05T01:35:40.549+0000] {logging_mixin.py:188} INFO - [2024-01-05T01:35:40.548+0000] {dag.py:3820} INFO - Setting next_dagrun for example_complex to None, run_after=None
[2024-01-05T01:35:40.658+0000] {processor.py:183} INFO - Processing /home/eder/Desktop/Airflow/Twitter/venv/lib/python3.9/site-packages/airflow/example_dags/example_complex.py took 0.205 seconds
[2024-01-05T01:37:00.586+0000] {processor.py:161} INFO - Started process (PID=34556) to work on /home/eder/Desktop/Airflow/Twitter/venv/lib/python3.9/site-packages/airflow/example_dags/example_complex.py
[2024-01-05T01:37:00.589+0000] {processor.py:830} INFO - Processing file /home/eder/Desktop/Airflow/Twitter/venv/lib/python3.9/site-packages/airflow/example_dags/example_complex.py for tasks to queue
[2024-01-05T01:37:00.591+0000] {logging_mixin.py:188} INFO - [2024-01-05T01:37:00.590+0000] {dagbag.py:538} INFO - Filling up the DagBag from /home/eder/Desktop/Airflow/Twitter/venv/lib/python3.9/site-packages/airflow/example_dags/example_complex.py
[2024-01-05T01:37:00.599+0000] {processor.py:840} INFO - DAG(s) 'example_complex' retrieved from /home/eder/Desktop/Airflow/Twitter/venv/lib/python3.9/site-packages/airflow/example_dags/example_complex.py
[2024-01-05T01:37:00.619+0000] {logging_mixin.py:188} INFO - [2024-01-05T01:37:00.619+0000] {dag.py:3033} INFO - Sync 1 DAGs
[2024-01-05T01:37:00.628+0000] {logging_mixin.py:188} INFO - [2024-01-05T01:37:00.627+0000] {dag.py:3820} INFO - Setting next_dagrun for example_complex to None, run_after=None
[2024-01-05T01:37:00.745+0000] {processor.py:183} INFO - Processing /home/eder/Desktop/Airflow/Twitter/venv/lib/python3.9/site-packages/airflow/example_dags/example_complex.py took 0.161 seconds
[2024-01-05T01:38:17.389+0000] {processor.py:161} INFO - Started process (PID=34875) to work on /home/eder/Desktop/Airflow/Twitter/venv/lib/python3.9/site-packages/airflow/example_dags/example_complex.py
[2024-01-05T01:38:17.399+0000] {processor.py:830} INFO - Processing file /home/eder/Desktop/Airflow/Twitter/venv/lib/python3.9/site-packages/airflow/example_dags/example_complex.py for tasks to queue
[2024-01-05T01:38:17.400+0000] {logging_mixin.py:188} INFO - [2024-01-05T01:38:17.400+0000] {dagbag.py:538} INFO - Filling up the DagBag from /home/eder/Desktop/Airflow/Twitter/venv/lib/python3.9/site-packages/airflow/example_dags/example_complex.py
[2024-01-05T01:38:17.421+0000] {processor.py:840} INFO - DAG(s) 'example_complex' retrieved from /home/eder/Desktop/Airflow/Twitter/venv/lib/python3.9/site-packages/airflow/example_dags/example_complex.py
[2024-01-05T01:38:17.458+0000] {logging_mixin.py:188} INFO - [2024-01-05T01:38:17.458+0000] {dag.py:3033} INFO - Sync 1 DAGs
[2024-01-05T01:38:17.480+0000] {logging_mixin.py:188} INFO - [2024-01-05T01:38:17.480+0000] {dag.py:3820} INFO - Setting next_dagrun for example_complex to None, run_after=None
[2024-01-05T01:38:17.605+0000] {processor.py:183} INFO - Processing /home/eder/Desktop/Airflow/Twitter/venv/lib/python3.9/site-packages/airflow/example_dags/example_complex.py took 0.217 seconds
[2024-01-05T15:16:27.021+0000] {processor.py:161} INFO - Started process (PID=4593) to work on /home/eder/Desktop/Airflow/Twitter/venv/lib/python3.9/site-packages/airflow/example_dags/example_complex.py
[2024-01-05T15:16:27.031+0000] {processor.py:830} INFO - Processing file /home/eder/Desktop/Airflow/Twitter/venv/lib/python3.9/site-packages/airflow/example_dags/example_complex.py for tasks to queue
[2024-01-05T15:16:27.033+0000] {logging_mixin.py:188} INFO - [2024-01-05T15:16:27.032+0000] {dagbag.py:538} INFO - Filling up the DagBag from /home/eder/Desktop/Airflow/Twitter/venv/lib/python3.9/site-packages/airflow/example_dags/example_complex.py
[2024-01-05T15:16:27.054+0000] {processor.py:840} INFO - DAG(s) 'example_complex' retrieved from /home/eder/Desktop/Airflow/Twitter/venv/lib/python3.9/site-packages/airflow/example_dags/example_complex.py
[2024-01-05T15:16:27.189+0000] {logging_mixin.py:188} INFO - [2024-01-05T15:16:27.189+0000] {dag.py:3033} INFO - Sync 1 DAGs
[2024-01-05T15:16:27.201+0000] {logging_mixin.py:188} INFO - [2024-01-05T15:16:27.200+0000] {dag.py:3820} INFO - Setting next_dagrun for example_complex to None, run_after=None
[2024-01-05T15:16:27.248+0000] {processor.py:183} INFO - Processing /home/eder/Desktop/Airflow/Twitter/venv/lib/python3.9/site-packages/airflow/example_dags/example_complex.py took 0.231 seconds
[2024-01-05T15:17:41.994+0000] {processor.py:161} INFO - Started process (PID=5388) to work on /home/eder/Desktop/Airflow/Twitter/venv/lib/python3.9/site-packages/airflow/example_dags/example_complex.py
[2024-01-05T15:17:42.017+0000] {processor.py:830} INFO - Processing file /home/eder/Desktop/Airflow/Twitter/venv/lib/python3.9/site-packages/airflow/example_dags/example_complex.py for tasks to queue
[2024-01-05T15:17:42.030+0000] {logging_mixin.py:188} INFO - [2024-01-05T15:17:42.018+0000] {dagbag.py:538} INFO - Filling up the DagBag from /home/eder/Desktop/Airflow/Twitter/venv/lib/python3.9/site-packages/airflow/example_dags/example_complex.py
[2024-01-05T15:17:42.121+0000] {processor.py:840} INFO - DAG(s) 'example_complex' retrieved from /home/eder/Desktop/Airflow/Twitter/venv/lib/python3.9/site-packages/airflow/example_dags/example_complex.py
[2024-01-05T15:17:42.204+0000] {logging_mixin.py:188} INFO - [2024-01-05T15:17:42.201+0000] {dag.py:3033} INFO - Sync 1 DAGs
[2024-01-05T15:17:42.251+0000] {logging_mixin.py:188} INFO - [2024-01-05T15:17:42.251+0000] {dag.py:3820} INFO - Setting next_dagrun for example_complex to None, run_after=None
[2024-01-05T15:17:42.472+0000] {processor.py:183} INFO - Processing /home/eder/Desktop/Airflow/Twitter/venv/lib/python3.9/site-packages/airflow/example_dags/example_complex.py took 0.511 seconds
[2024-01-05T15:20:50.883+0000] {processor.py:161} INFO - Started process (PID=7723) to work on /home/eder/Desktop/Airflow/Twitter/venv/lib/python3.9/site-packages/airflow/example_dags/example_complex.py
[2024-01-05T15:20:50.892+0000] {processor.py:830} INFO - Processing file /home/eder/Desktop/Airflow/Twitter/venv/lib/python3.9/site-packages/airflow/example_dags/example_complex.py for tasks to queue
[2024-01-05T15:20:50.895+0000] {logging_mixin.py:188} INFO - [2024-01-05T15:20:50.895+0000] {dagbag.py:538} INFO - Filling up the DagBag from /home/eder/Desktop/Airflow/Twitter/venv/lib/python3.9/site-packages/airflow/example_dags/example_complex.py
[2024-01-05T15:20:50.911+0000] {processor.py:840} INFO - DAG(s) 'example_complex' retrieved from /home/eder/Desktop/Airflow/Twitter/venv/lib/python3.9/site-packages/airflow/example_dags/example_complex.py
[2024-01-05T15:20:50.947+0000] {logging_mixin.py:188} INFO - [2024-01-05T15:20:50.946+0000] {dag.py:3033} INFO - Sync 1 DAGs
[2024-01-05T15:20:50.966+0000] {logging_mixin.py:188} INFO - [2024-01-05T15:20:50.966+0000] {dag.py:3820} INFO - Setting next_dagrun for example_complex to None, run_after=None
[2024-01-05T15:20:51.009+0000] {processor.py:183} INFO - Processing /home/eder/Desktop/Airflow/Twitter/venv/lib/python3.9/site-packages/airflow/example_dags/example_complex.py took 0.131 seconds
[2024-01-05T15:21:47.276+0000] {processor.py:161} INFO - Started process (PID=7869) to work on /home/eder/Desktop/Airflow/Twitter/venv/lib/python3.9/site-packages/airflow/example_dags/example_complex.py
[2024-01-05T15:21:47.287+0000] {processor.py:830} INFO - Processing file /home/eder/Desktop/Airflow/Twitter/venv/lib/python3.9/site-packages/airflow/example_dags/example_complex.py for tasks to queue
[2024-01-05T15:21:47.289+0000] {logging_mixin.py:188} INFO - [2024-01-05T15:21:47.288+0000] {dagbag.py:538} INFO - Filling up the DagBag from /home/eder/Desktop/Airflow/Twitter/venv/lib/python3.9/site-packages/airflow/example_dags/example_complex.py
[2024-01-05T15:21:47.307+0000] {processor.py:840} INFO - DAG(s) 'example_complex' retrieved from /home/eder/Desktop/Airflow/Twitter/venv/lib/python3.9/site-packages/airflow/example_dags/example_complex.py
[2024-01-05T15:21:47.340+0000] {logging_mixin.py:188} INFO - [2024-01-05T15:21:47.340+0000] {dag.py:3033} INFO - Sync 1 DAGs
[2024-01-05T15:21:47.355+0000] {logging_mixin.py:188} INFO - [2024-01-05T15:21:47.355+0000] {dag.py:3820} INFO - Setting next_dagrun for example_complex to None, run_after=None
[2024-01-05T15:21:47.388+0000] {processor.py:183} INFO - Processing /home/eder/Desktop/Airflow/Twitter/venv/lib/python3.9/site-packages/airflow/example_dags/example_complex.py took 0.120 seconds
[2024-01-05T15:22:42.317+0000] {processor.py:161} INFO - Started process (PID=8015) to work on /home/eder/Desktop/Airflow/Twitter/venv/lib/python3.9/site-packages/airflow/example_dags/example_complex.py
[2024-01-05T15:22:42.322+0000] {processor.py:830} INFO - Processing file /home/eder/Desktop/Airflow/Twitter/venv/lib/python3.9/site-packages/airflow/example_dags/example_complex.py for tasks to queue
[2024-01-05T15:22:42.324+0000] {logging_mixin.py:188} INFO - [2024-01-05T15:22:42.323+0000] {dagbag.py:538} INFO - Filling up the DagBag from /home/eder/Desktop/Airflow/Twitter/venv/lib/python3.9/site-packages/airflow/example_dags/example_complex.py
[2024-01-05T15:22:42.343+0000] {processor.py:840} INFO - DAG(s) 'example_complex' retrieved from /home/eder/Desktop/Airflow/Twitter/venv/lib/python3.9/site-packages/airflow/example_dags/example_complex.py
[2024-01-05T15:22:42.377+0000] {logging_mixin.py:188} INFO - [2024-01-05T15:22:42.377+0000] {dag.py:3033} INFO - Sync 1 DAGs
[2024-01-05T15:22:42.402+0000] {logging_mixin.py:188} INFO - [2024-01-05T15:22:42.401+0000] {dag.py:3820} INFO - Setting next_dagrun for example_complex to None, run_after=None
[2024-01-05T15:22:42.448+0000] {processor.py:183} INFO - Processing /home/eder/Desktop/Airflow/Twitter/venv/lib/python3.9/site-packages/airflow/example_dags/example_complex.py took 0.137 seconds
[2024-01-05T15:23:57.877+0000] {processor.py:161} INFO - Started process (PID=8189) to work on /home/eder/Desktop/Airflow/Twitter/venv/lib/python3.9/site-packages/airflow/example_dags/example_complex.py
[2024-01-05T15:23:57.879+0000] {processor.py:830} INFO - Processing file /home/eder/Desktop/Airflow/Twitter/venv/lib/python3.9/site-packages/airflow/example_dags/example_complex.py for tasks to queue
[2024-01-05T15:23:57.881+0000] {logging_mixin.py:188} INFO - [2024-01-05T15:23:57.880+0000] {dagbag.py:538} INFO - Filling up the DagBag from /home/eder/Desktop/Airflow/Twitter/venv/lib/python3.9/site-packages/airflow/example_dags/example_complex.py
[2024-01-05T15:23:57.896+0000] {processor.py:840} INFO - DAG(s) 'example_complex' retrieved from /home/eder/Desktop/Airflow/Twitter/venv/lib/python3.9/site-packages/airflow/example_dags/example_complex.py
[2024-01-05T15:23:57.928+0000] {logging_mixin.py:188} INFO - [2024-01-05T15:23:57.927+0000] {dag.py:3033} INFO - Sync 1 DAGs
[2024-01-05T15:23:57.940+0000] {logging_mixin.py:188} INFO - [2024-01-05T15:23:57.939+0000] {dag.py:3820} INFO - Setting next_dagrun for example_complex to None, run_after=None
[2024-01-05T15:23:57.974+0000] {processor.py:183} INFO - Processing /home/eder/Desktop/Airflow/Twitter/venv/lib/python3.9/site-packages/airflow/example_dags/example_complex.py took 0.104 seconds
[2024-01-05T15:25:17.064+0000] {processor.py:161} INFO - Started process (PID=8364) to work on /home/eder/Desktop/Airflow/Twitter/venv/lib/python3.9/site-packages/airflow/example_dags/example_complex.py
[2024-01-05T15:25:17.072+0000] {processor.py:830} INFO - Processing file /home/eder/Desktop/Airflow/Twitter/venv/lib/python3.9/site-packages/airflow/example_dags/example_complex.py for tasks to queue
[2024-01-05T15:25:17.075+0000] {logging_mixin.py:188} INFO - [2024-01-05T15:25:17.074+0000] {dagbag.py:538} INFO - Filling up the DagBag from /home/eder/Desktop/Airflow/Twitter/venv/lib/python3.9/site-packages/airflow/example_dags/example_complex.py
[2024-01-05T15:25:17.091+0000] {processor.py:840} INFO - DAG(s) 'example_complex' retrieved from /home/eder/Desktop/Airflow/Twitter/venv/lib/python3.9/site-packages/airflow/example_dags/example_complex.py
[2024-01-05T15:25:17.134+0000] {logging_mixin.py:188} INFO - [2024-01-05T15:25:17.134+0000] {dag.py:3033} INFO - Sync 1 DAGs
[2024-01-05T15:25:17.147+0000] {logging_mixin.py:188} INFO - [2024-01-05T15:25:17.147+0000] {dag.py:3820} INFO - Setting next_dagrun for example_complex to None, run_after=None
[2024-01-05T15:25:17.183+0000] {processor.py:183} INFO - Processing /home/eder/Desktop/Airflow/Twitter/venv/lib/python3.9/site-packages/airflow/example_dags/example_complex.py took 0.125 seconds
[2024-01-05T15:26:31.269+0000] {processor.py:161} INFO - Started process (PID=8591) to work on /home/eder/Desktop/Airflow/Twitter/venv/lib/python3.9/site-packages/airflow/example_dags/example_complex.py
[2024-01-05T15:26:31.279+0000] {processor.py:830} INFO - Processing file /home/eder/Desktop/Airflow/Twitter/venv/lib/python3.9/site-packages/airflow/example_dags/example_complex.py for tasks to queue
[2024-01-05T15:26:31.280+0000] {logging_mixin.py:188} INFO - [2024-01-05T15:26:31.280+0000] {dagbag.py:538} INFO - Filling up the DagBag from /home/eder/Desktop/Airflow/Twitter/venv/lib/python3.9/site-packages/airflow/example_dags/example_complex.py
[2024-01-05T15:26:31.333+0000] {processor.py:840} INFO - DAG(s) 'example_complex' retrieved from /home/eder/Desktop/Airflow/Twitter/venv/lib/python3.9/site-packages/airflow/example_dags/example_complex.py
[2024-01-05T15:26:31.404+0000] {logging_mixin.py:188} INFO - [2024-01-05T15:26:31.404+0000] {dag.py:3033} INFO - Sync 1 DAGs
[2024-01-05T15:26:31.424+0000] {logging_mixin.py:188} INFO - [2024-01-05T15:26:31.423+0000] {dag.py:3820} INFO - Setting next_dagrun for example_complex to None, run_after=None
[2024-01-05T15:26:31.472+0000] {processor.py:183} INFO - Processing /home/eder/Desktop/Airflow/Twitter/venv/lib/python3.9/site-packages/airflow/example_dags/example_complex.py took 0.211 seconds
[2024-01-05T15:27:48.138+0000] {processor.py:161} INFO - Started process (PID=8895) to work on /home/eder/Desktop/Airflow/Twitter/venv/lib/python3.9/site-packages/airflow/example_dags/example_complex.py
[2024-01-05T15:27:48.147+0000] {processor.py:830} INFO - Processing file /home/eder/Desktop/Airflow/Twitter/venv/lib/python3.9/site-packages/airflow/example_dags/example_complex.py for tasks to queue
[2024-01-05T15:27:48.148+0000] {logging_mixin.py:188} INFO - [2024-01-05T15:27:48.148+0000] {dagbag.py:538} INFO - Filling up the DagBag from /home/eder/Desktop/Airflow/Twitter/venv/lib/python3.9/site-packages/airflow/example_dags/example_complex.py
[2024-01-05T15:27:48.165+0000] {processor.py:840} INFO - DAG(s) 'example_complex' retrieved from /home/eder/Desktop/Airflow/Twitter/venv/lib/python3.9/site-packages/airflow/example_dags/example_complex.py
[2024-01-05T15:27:48.198+0000] {logging_mixin.py:188} INFO - [2024-01-05T15:27:48.198+0000] {dag.py:3033} INFO - Sync 1 DAGs
[2024-01-05T15:27:48.213+0000] {logging_mixin.py:188} INFO - [2024-01-05T15:27:48.213+0000] {dag.py:3820} INFO - Setting next_dagrun for example_complex to None, run_after=None
[2024-01-05T15:27:48.248+0000] {processor.py:183} INFO - Processing /home/eder/Desktop/Airflow/Twitter/venv/lib/python3.9/site-packages/airflow/example_dags/example_complex.py took 0.114 seconds
[2024-01-05T15:29:03.552+0000] {processor.py:161} INFO - Started process (PID=9070) to work on /home/eder/Desktop/Airflow/Twitter/venv/lib/python3.9/site-packages/airflow/example_dags/example_complex.py
[2024-01-05T15:29:03.554+0000] {processor.py:830} INFO - Processing file /home/eder/Desktop/Airflow/Twitter/venv/lib/python3.9/site-packages/airflow/example_dags/example_complex.py for tasks to queue
[2024-01-05T15:29:03.556+0000] {logging_mixin.py:188} INFO - [2024-01-05T15:29:03.555+0000] {dagbag.py:538} INFO - Filling up the DagBag from /home/eder/Desktop/Airflow/Twitter/venv/lib/python3.9/site-packages/airflow/example_dags/example_complex.py
[2024-01-05T15:29:03.573+0000] {processor.py:840} INFO - DAG(s) 'example_complex' retrieved from /home/eder/Desktop/Airflow/Twitter/venv/lib/python3.9/site-packages/airflow/example_dags/example_complex.py
[2024-01-05T15:29:03.605+0000] {logging_mixin.py:188} INFO - [2024-01-05T15:29:03.605+0000] {dag.py:3033} INFO - Sync 1 DAGs
[2024-01-05T15:29:03.618+0000] {logging_mixin.py:188} INFO - [2024-01-05T15:29:03.618+0000] {dag.py:3820} INFO - Setting next_dagrun for example_complex to None, run_after=None
[2024-01-05T15:29:03.658+0000] {processor.py:183} INFO - Processing /home/eder/Desktop/Airflow/Twitter/venv/lib/python3.9/site-packages/airflow/example_dags/example_complex.py took 0.112 seconds
[2024-01-05T15:30:23.436+0000] {processor.py:161} INFO - Started process (PID=9384) to work on /home/eder/Desktop/Airflow/Twitter/venv/lib/python3.9/site-packages/airflow/example_dags/example_complex.py
[2024-01-05T15:30:23.445+0000] {processor.py:830} INFO - Processing file /home/eder/Desktop/Airflow/Twitter/venv/lib/python3.9/site-packages/airflow/example_dags/example_complex.py for tasks to queue
[2024-01-05T15:30:23.456+0000] {logging_mixin.py:188} INFO - [2024-01-05T15:30:23.456+0000] {dagbag.py:538} INFO - Filling up the DagBag from /home/eder/Desktop/Airflow/Twitter/venv/lib/python3.9/site-packages/airflow/example_dags/example_complex.py
[2024-01-05T15:30:23.478+0000] {processor.py:840} INFO - DAG(s) 'example_complex' retrieved from /home/eder/Desktop/Airflow/Twitter/venv/lib/python3.9/site-packages/airflow/example_dags/example_complex.py
[2024-01-05T15:30:23.517+0000] {logging_mixin.py:188} INFO - [2024-01-05T15:30:23.517+0000] {dag.py:3033} INFO - Sync 1 DAGs
[2024-01-05T15:30:23.531+0000] {logging_mixin.py:188} INFO - [2024-01-05T15:30:23.531+0000] {dag.py:3820} INFO - Setting next_dagrun for example_complex to None, run_after=None
[2024-01-05T15:30:23.575+0000] {processor.py:183} INFO - Processing /home/eder/Desktop/Airflow/Twitter/venv/lib/python3.9/site-packages/airflow/example_dags/example_complex.py took 0.144 seconds
[2024-01-05T15:31:41.349+0000] {processor.py:161} INFO - Started process (PID=9671) to work on /home/eder/Desktop/Airflow/Twitter/venv/lib/python3.9/site-packages/airflow/example_dags/example_complex.py
[2024-01-05T15:31:41.358+0000] {processor.py:830} INFO - Processing file /home/eder/Desktop/Airflow/Twitter/venv/lib/python3.9/site-packages/airflow/example_dags/example_complex.py for tasks to queue
[2024-01-05T15:31:41.360+0000] {logging_mixin.py:188} INFO - [2024-01-05T15:31:41.359+0000] {dagbag.py:538} INFO - Filling up the DagBag from /home/eder/Desktop/Airflow/Twitter/venv/lib/python3.9/site-packages/airflow/example_dags/example_complex.py
[2024-01-05T15:31:41.378+0000] {processor.py:840} INFO - DAG(s) 'example_complex' retrieved from /home/eder/Desktop/Airflow/Twitter/venv/lib/python3.9/site-packages/airflow/example_dags/example_complex.py
[2024-01-05T15:31:41.413+0000] {logging_mixin.py:188} INFO - [2024-01-05T15:31:41.413+0000] {dag.py:3033} INFO - Sync 1 DAGs
[2024-01-05T15:31:41.430+0000] {logging_mixin.py:188} INFO - [2024-01-05T15:31:41.430+0000] {dag.py:3820} INFO - Setting next_dagrun for example_complex to None, run_after=None
[2024-01-05T15:31:41.473+0000] {processor.py:183} INFO - Processing /home/eder/Desktop/Airflow/Twitter/venv/lib/python3.9/site-packages/airflow/example_dags/example_complex.py took 0.128 seconds
[2024-01-05T15:32:55.930+0000] {processor.py:161} INFO - Started process (PID=9903) to work on /home/eder/Desktop/Airflow/Twitter/venv/lib/python3.9/site-packages/airflow/example_dags/example_complex.py
[2024-01-05T15:32:55.937+0000] {processor.py:830} INFO - Processing file /home/eder/Desktop/Airflow/Twitter/venv/lib/python3.9/site-packages/airflow/example_dags/example_complex.py for tasks to queue
[2024-01-05T15:32:55.939+0000] {logging_mixin.py:188} INFO - [2024-01-05T15:32:55.938+0000] {dagbag.py:538} INFO - Filling up the DagBag from /home/eder/Desktop/Airflow/Twitter/venv/lib/python3.9/site-packages/airflow/example_dags/example_complex.py
[2024-01-05T15:32:55.953+0000] {processor.py:840} INFO - DAG(s) 'example_complex' retrieved from /home/eder/Desktop/Airflow/Twitter/venv/lib/python3.9/site-packages/airflow/example_dags/example_complex.py
[2024-01-05T15:32:55.984+0000] {logging_mixin.py:188} INFO - [2024-01-05T15:32:55.984+0000] {dag.py:3033} INFO - Sync 1 DAGs
[2024-01-05T15:32:55.998+0000] {logging_mixin.py:188} INFO - [2024-01-05T15:32:55.998+0000] {dag.py:3820} INFO - Setting next_dagrun for example_complex to None, run_after=None
[2024-01-05T15:32:56.031+0000] {processor.py:183} INFO - Processing /home/eder/Desktop/Airflow/Twitter/venv/lib/python3.9/site-packages/airflow/example_dags/example_complex.py took 0.105 seconds
[2024-01-05T15:34:09.449+0000] {processor.py:161} INFO - Started process (PID=10083) to work on /home/eder/Desktop/Airflow/Twitter/venv/lib/python3.9/site-packages/airflow/example_dags/example_complex.py
[2024-01-05T15:34:09.458+0000] {processor.py:830} INFO - Processing file /home/eder/Desktop/Airflow/Twitter/venv/lib/python3.9/site-packages/airflow/example_dags/example_complex.py for tasks to queue
[2024-01-05T15:34:09.468+0000] {logging_mixin.py:188} INFO - [2024-01-05T15:34:09.468+0000] {dagbag.py:538} INFO - Filling up the DagBag from /home/eder/Desktop/Airflow/Twitter/venv/lib/python3.9/site-packages/airflow/example_dags/example_complex.py
[2024-01-05T15:34:09.485+0000] {processor.py:840} INFO - DAG(s) 'example_complex' retrieved from /home/eder/Desktop/Airflow/Twitter/venv/lib/python3.9/site-packages/airflow/example_dags/example_complex.py
[2024-01-05T15:34:09.523+0000] {logging_mixin.py:188} INFO - [2024-01-05T15:34:09.523+0000] {dag.py:3033} INFO - Sync 1 DAGs
[2024-01-05T15:34:09.536+0000] {logging_mixin.py:188} INFO - [2024-01-05T15:34:09.535+0000] {dag.py:3820} INFO - Setting next_dagrun for example_complex to None, run_after=None
[2024-01-05T15:34:09.600+0000] {processor.py:183} INFO - Processing /home/eder/Desktop/Airflow/Twitter/venv/lib/python3.9/site-packages/airflow/example_dags/example_complex.py took 0.156 seconds
[2024-01-05T15:35:24.493+0000] {processor.py:161} INFO - Started process (PID=10313) to work on /home/eder/Desktop/Airflow/Twitter/venv/lib/python3.9/site-packages/airflow/example_dags/example_complex.py
[2024-01-05T15:35:24.503+0000] {processor.py:830} INFO - Processing file /home/eder/Desktop/Airflow/Twitter/venv/lib/python3.9/site-packages/airflow/example_dags/example_complex.py for tasks to queue
[2024-01-05T15:35:24.504+0000] {logging_mixin.py:188} INFO - [2024-01-05T15:35:24.504+0000] {dagbag.py:538} INFO - Filling up the DagBag from /home/eder/Desktop/Airflow/Twitter/venv/lib/python3.9/site-packages/airflow/example_dags/example_complex.py
[2024-01-05T15:35:24.520+0000] {processor.py:840} INFO - DAG(s) 'example_complex' retrieved from /home/eder/Desktop/Airflow/Twitter/venv/lib/python3.9/site-packages/airflow/example_dags/example_complex.py
[2024-01-05T15:35:24.563+0000] {logging_mixin.py:188} INFO - [2024-01-05T15:35:24.563+0000] {dag.py:3033} INFO - Sync 1 DAGs
[2024-01-05T15:35:24.577+0000] {logging_mixin.py:188} INFO - [2024-01-05T15:35:24.576+0000] {dag.py:3820} INFO - Setting next_dagrun for example_complex to None, run_after=None
[2024-01-05T15:35:24.626+0000] {processor.py:183} INFO - Processing /home/eder/Desktop/Airflow/Twitter/venv/lib/python3.9/site-packages/airflow/example_dags/example_complex.py took 0.138 seconds
[2024-01-05T15:36:44.473+0000] {processor.py:161} INFO - Started process (PID=10671) to work on /home/eder/Desktop/Airflow/Twitter/venv/lib/python3.9/site-packages/airflow/example_dags/example_complex.py
[2024-01-05T15:36:44.476+0000] {processor.py:830} INFO - Processing file /home/eder/Desktop/Airflow/Twitter/venv/lib/python3.9/site-packages/airflow/example_dags/example_complex.py for tasks to queue
[2024-01-05T15:36:44.478+0000] {logging_mixin.py:188} INFO - [2024-01-05T15:36:44.477+0000] {dagbag.py:538} INFO - Filling up the DagBag from /home/eder/Desktop/Airflow/Twitter/venv/lib/python3.9/site-packages/airflow/example_dags/example_complex.py
[2024-01-05T15:36:44.493+0000] {processor.py:840} INFO - DAG(s) 'example_complex' retrieved from /home/eder/Desktop/Airflow/Twitter/venv/lib/python3.9/site-packages/airflow/example_dags/example_complex.py
[2024-01-05T15:36:44.528+0000] {logging_mixin.py:188} INFO - [2024-01-05T15:36:44.527+0000] {dag.py:3033} INFO - Sync 1 DAGs
[2024-01-05T15:36:44.540+0000] {logging_mixin.py:188} INFO - [2024-01-05T15:36:44.539+0000] {dag.py:3820} INFO - Setting next_dagrun for example_complex to None, run_after=None
[2024-01-05T15:36:44.572+0000] {processor.py:183} INFO - Processing /home/eder/Desktop/Airflow/Twitter/venv/lib/python3.9/site-packages/airflow/example_dags/example_complex.py took 0.103 seconds
[2024-01-05T15:38:00.803+0000] {processor.py:161} INFO - Started process (PID=10842) to work on /home/eder/Desktop/Airflow/Twitter/venv/lib/python3.9/site-packages/airflow/example_dags/example_complex.py
[2024-01-05T15:38:00.812+0000] {processor.py:830} INFO - Processing file /home/eder/Desktop/Airflow/Twitter/venv/lib/python3.9/site-packages/airflow/example_dags/example_complex.py for tasks to queue
[2024-01-05T15:38:00.814+0000] {logging_mixin.py:188} INFO - [2024-01-05T15:38:00.813+0000] {dagbag.py:538} INFO - Filling up the DagBag from /home/eder/Desktop/Airflow/Twitter/venv/lib/python3.9/site-packages/airflow/example_dags/example_complex.py
[2024-01-05T15:38:00.827+0000] {processor.py:840} INFO - DAG(s) 'example_complex' retrieved from /home/eder/Desktop/Airflow/Twitter/venv/lib/python3.9/site-packages/airflow/example_dags/example_complex.py
[2024-01-05T15:38:00.863+0000] {logging_mixin.py:188} INFO - [2024-01-05T15:38:00.862+0000] {dag.py:3033} INFO - Sync 1 DAGs
[2024-01-05T15:38:00.875+0000] {logging_mixin.py:188} INFO - [2024-01-05T15:38:00.875+0000] {dag.py:3820} INFO - Setting next_dagrun for example_complex to None, run_after=None
[2024-01-05T15:38:00.907+0000] {processor.py:183} INFO - Processing /home/eder/Desktop/Airflow/Twitter/venv/lib/python3.9/site-packages/airflow/example_dags/example_complex.py took 0.109 seconds
[2024-01-05T15:39:12.851+0000] {processor.py:161} INFO - Started process (PID=11012) to work on /home/eder/Desktop/Airflow/Twitter/venv/lib/python3.9/site-packages/airflow/example_dags/example_complex.py
[2024-01-05T15:39:12.854+0000] {processor.py:830} INFO - Processing file /home/eder/Desktop/Airflow/Twitter/venv/lib/python3.9/site-packages/airflow/example_dags/example_complex.py for tasks to queue
[2024-01-05T15:39:12.870+0000] {logging_mixin.py:188} INFO - [2024-01-05T15:39:12.865+0000] {dagbag.py:538} INFO - Filling up the DagBag from /home/eder/Desktop/Airflow/Twitter/venv/lib/python3.9/site-packages/airflow/example_dags/example_complex.py
[2024-01-05T15:39:12.888+0000] {processor.py:840} INFO - DAG(s) 'example_complex' retrieved from /home/eder/Desktop/Airflow/Twitter/venv/lib/python3.9/site-packages/airflow/example_dags/example_complex.py
[2024-01-05T15:39:12.919+0000] {logging_mixin.py:188} INFO - [2024-01-05T15:39:12.919+0000] {dag.py:3033} INFO - Sync 1 DAGs
[2024-01-05T15:39:12.932+0000] {logging_mixin.py:188} INFO - [2024-01-05T15:39:12.931+0000] {dag.py:3820} INFO - Setting next_dagrun for example_complex to None, run_after=None
[2024-01-05T15:39:12.963+0000] {processor.py:183} INFO - Processing /home/eder/Desktop/Airflow/Twitter/venv/lib/python3.9/site-packages/airflow/example_dags/example_complex.py took 0.119 seconds
[2024-01-05T16:31:51.442+0000] {processor.py:161} INFO - Started process (PID=4984) to work on /home/eder/Desktop/Airflow/Twitter/venv/lib/python3.9/site-packages/airflow/example_dags/example_complex.py
[2024-01-05T16:31:51.450+0000] {processor.py:830} INFO - Processing file /home/eder/Desktop/Airflow/Twitter/venv/lib/python3.9/site-packages/airflow/example_dags/example_complex.py for tasks to queue
[2024-01-05T16:31:51.451+0000] {logging_mixin.py:188} INFO - [2024-01-05T16:31:51.451+0000] {dagbag.py:538} INFO - Filling up the DagBag from /home/eder/Desktop/Airflow/Twitter/venv/lib/python3.9/site-packages/airflow/example_dags/example_complex.py
[2024-01-05T16:31:51.463+0000] {processor.py:840} INFO - DAG(s) 'example_complex' retrieved from /home/eder/Desktop/Airflow/Twitter/venv/lib/python3.9/site-packages/airflow/example_dags/example_complex.py
[2024-01-05T16:31:51.539+0000] {logging_mixin.py:188} INFO - [2024-01-05T16:31:51.538+0000] {dag.py:3033} INFO - Sync 1 DAGs
[2024-01-05T16:31:51.554+0000] {logging_mixin.py:188} INFO - [2024-01-05T16:31:51.554+0000] {dag.py:3820} INFO - Setting next_dagrun for example_complex to None, run_after=None
[2024-01-05T16:31:51.586+0000] {processor.py:183} INFO - Processing /home/eder/Desktop/Airflow/Twitter/venv/lib/python3.9/site-packages/airflow/example_dags/example_complex.py took 0.147 seconds
[2024-01-05T16:33:20.167+0000] {processor.py:161} INFO - Started process (PID=5974) to work on /home/eder/Desktop/Airflow/Twitter/venv/lib/python3.9/site-packages/airflow/example_dags/example_complex.py
[2024-01-05T16:33:20.192+0000] {processor.py:830} INFO - Processing file /home/eder/Desktop/Airflow/Twitter/venv/lib/python3.9/site-packages/airflow/example_dags/example_complex.py for tasks to queue
[2024-01-05T16:33:20.207+0000] {logging_mixin.py:188} INFO - [2024-01-05T16:33:20.204+0000] {dagbag.py:538} INFO - Filling up the DagBag from /home/eder/Desktop/Airflow/Twitter/venv/lib/python3.9/site-packages/airflow/example_dags/example_complex.py
[2024-01-05T16:33:20.227+0000] {processor.py:840} INFO - DAG(s) 'example_complex' retrieved from /home/eder/Desktop/Airflow/Twitter/venv/lib/python3.9/site-packages/airflow/example_dags/example_complex.py
[2024-01-05T16:33:20.259+0000] {logging_mixin.py:188} INFO - [2024-01-05T16:33:20.258+0000] {dag.py:3033} INFO - Sync 1 DAGs
[2024-01-05T16:33:20.272+0000] {logging_mixin.py:188} INFO - [2024-01-05T16:33:20.272+0000] {dag.py:3820} INFO - Setting next_dagrun for example_complex to None, run_after=None
[2024-01-05T16:33:20.333+0000] {processor.py:183} INFO - Processing /home/eder/Desktop/Airflow/Twitter/venv/lib/python3.9/site-packages/airflow/example_dags/example_complex.py took 0.170 seconds
[2024-01-05T16:38:50.712+0000] {processor.py:161} INFO - Started process (PID=7116) to work on /home/eder/Desktop/Airflow/Twitter/venv/lib/python3.9/site-packages/airflow/example_dags/example_complex.py
[2024-01-05T16:38:50.722+0000] {processor.py:830} INFO - Processing file /home/eder/Desktop/Airflow/Twitter/venv/lib/python3.9/site-packages/airflow/example_dags/example_complex.py for tasks to queue
[2024-01-05T16:38:50.728+0000] {logging_mixin.py:188} INFO - [2024-01-05T16:38:50.724+0000] {dagbag.py:538} INFO - Filling up the DagBag from /home/eder/Desktop/Airflow/Twitter/venv/lib/python3.9/site-packages/airflow/example_dags/example_complex.py
[2024-01-05T16:38:50.744+0000] {processor.py:840} INFO - DAG(s) 'example_complex' retrieved from /home/eder/Desktop/Airflow/Twitter/venv/lib/python3.9/site-packages/airflow/example_dags/example_complex.py
[2024-01-05T16:38:50.824+0000] {logging_mixin.py:188} INFO - [2024-01-05T16:38:50.824+0000] {dag.py:3033} INFO - Sync 1 DAGs
[2024-01-05T16:38:50.831+0000] {logging_mixin.py:188} INFO - [2024-01-05T16:38:50.830+0000] {dag.py:3820} INFO - Setting next_dagrun for example_complex to None, run_after=None
[2024-01-05T16:38:50.863+0000] {processor.py:183} INFO - Processing /home/eder/Desktop/Airflow/Twitter/venv/lib/python3.9/site-packages/airflow/example_dags/example_complex.py took 0.153 seconds
[2024-01-05T16:40:20.844+0000] {processor.py:161} INFO - Started process (PID=7700) to work on /home/eder/Desktop/Airflow/Twitter/venv/lib/python3.9/site-packages/airflow/example_dags/example_complex.py
[2024-01-05T16:40:20.847+0000] {processor.py:830} INFO - Processing file /home/eder/Desktop/Airflow/Twitter/venv/lib/python3.9/site-packages/airflow/example_dags/example_complex.py for tasks to queue
[2024-01-05T16:40:20.849+0000] {logging_mixin.py:188} INFO - [2024-01-05T16:40:20.849+0000] {dagbag.py:538} INFO - Filling up the DagBag from /home/eder/Desktop/Airflow/Twitter/venv/lib/python3.9/site-packages/airflow/example_dags/example_complex.py
[2024-01-05T16:40:20.858+0000] {processor.py:840} INFO - DAG(s) 'example_complex' retrieved from /home/eder/Desktop/Airflow/Twitter/venv/lib/python3.9/site-packages/airflow/example_dags/example_complex.py
[2024-01-05T16:40:20.876+0000] {logging_mixin.py:188} INFO - [2024-01-05T16:40:20.876+0000] {dag.py:3033} INFO - Sync 1 DAGs
[2024-01-05T16:40:20.885+0000] {logging_mixin.py:188} INFO - [2024-01-05T16:40:20.885+0000] {dag.py:3820} INFO - Setting next_dagrun for example_complex to None, run_after=None
[2024-01-05T16:40:20.909+0000] {processor.py:183} INFO - Processing /home/eder/Desktop/Airflow/Twitter/venv/lib/python3.9/site-packages/airflow/example_dags/example_complex.py took 0.066 seconds
[2024-01-05T16:41:14.198+0000] {processor.py:161} INFO - Started process (PID=7852) to work on /home/eder/Desktop/Airflow/Twitter/venv/lib/python3.9/site-packages/airflow/example_dags/example_complex.py
[2024-01-05T16:41:14.216+0000] {processor.py:830} INFO - Processing file /home/eder/Desktop/Airflow/Twitter/venv/lib/python3.9/site-packages/airflow/example_dags/example_complex.py for tasks to queue
[2024-01-05T16:41:14.217+0000] {logging_mixin.py:188} INFO - [2024-01-05T16:41:14.217+0000] {dagbag.py:538} INFO - Filling up the DagBag from /home/eder/Desktop/Airflow/Twitter/venv/lib/python3.9/site-packages/airflow/example_dags/example_complex.py
[2024-01-05T16:41:14.239+0000] {processor.py:840} INFO - DAG(s) 'example_complex' retrieved from /home/eder/Desktop/Airflow/Twitter/venv/lib/python3.9/site-packages/airflow/example_dags/example_complex.py
[2024-01-05T16:41:14.283+0000] {logging_mixin.py:188} INFO - [2024-01-05T16:41:14.282+0000] {dag.py:3033} INFO - Sync 1 DAGs
[2024-01-05T16:41:14.303+0000] {logging_mixin.py:188} INFO - [2024-01-05T16:41:14.300+0000] {dag.py:3820} INFO - Setting next_dagrun for example_complex to None, run_after=None
[2024-01-05T16:41:14.430+0000] {processor.py:183} INFO - Processing /home/eder/Desktop/Airflow/Twitter/venv/lib/python3.9/site-packages/airflow/example_dags/example_complex.py took 0.236 seconds
[2024-01-05T16:42:14.563+0000] {processor.py:161} INFO - Started process (PID=8037) to work on /home/eder/Desktop/Airflow/Twitter/venv/lib/python3.9/site-packages/airflow/example_dags/example_complex.py
[2024-01-05T16:42:14.571+0000] {processor.py:830} INFO - Processing file /home/eder/Desktop/Airflow/Twitter/venv/lib/python3.9/site-packages/airflow/example_dags/example_complex.py for tasks to queue
[2024-01-05T16:42:14.572+0000] {logging_mixin.py:188} INFO - [2024-01-05T16:42:14.572+0000] {dagbag.py:538} INFO - Filling up the DagBag from /home/eder/Desktop/Airflow/Twitter/venv/lib/python3.9/site-packages/airflow/example_dags/example_complex.py
[2024-01-05T16:42:14.583+0000] {processor.py:840} INFO - DAG(s) 'example_complex' retrieved from /home/eder/Desktop/Airflow/Twitter/venv/lib/python3.9/site-packages/airflow/example_dags/example_complex.py
[2024-01-05T16:42:14.614+0000] {logging_mixin.py:188} INFO - [2024-01-05T16:42:14.614+0000] {dag.py:3033} INFO - Sync 1 DAGs
[2024-01-05T16:42:14.624+0000] {logging_mixin.py:188} INFO - [2024-01-05T16:42:14.624+0000] {dag.py:3820} INFO - Setting next_dagrun for example_complex to None, run_after=None
[2024-01-05T16:42:14.730+0000] {processor.py:183} INFO - Processing /home/eder/Desktop/Airflow/Twitter/venv/lib/python3.9/site-packages/airflow/example_dags/example_complex.py took 0.170 seconds
[2024-01-05T16:43:33.543+0000] {processor.py:161} INFO - Started process (PID=8365) to work on /home/eder/Desktop/Airflow/Twitter/venv/lib/python3.9/site-packages/airflow/example_dags/example_complex.py
[2024-01-05T16:43:33.548+0000] {processor.py:830} INFO - Processing file /home/eder/Desktop/Airflow/Twitter/venv/lib/python3.9/site-packages/airflow/example_dags/example_complex.py for tasks to queue
[2024-01-05T16:43:33.551+0000] {logging_mixin.py:188} INFO - [2024-01-05T16:43:33.548+0000] {dagbag.py:538} INFO - Filling up the DagBag from /home/eder/Desktop/Airflow/Twitter/venv/lib/python3.9/site-packages/airflow/example_dags/example_complex.py
[2024-01-05T16:43:33.564+0000] {processor.py:840} INFO - DAG(s) 'example_complex' retrieved from /home/eder/Desktop/Airflow/Twitter/venv/lib/python3.9/site-packages/airflow/example_dags/example_complex.py
[2024-01-05T16:43:33.608+0000] {logging_mixin.py:188} INFO - [2024-01-05T16:43:33.608+0000] {dag.py:3033} INFO - Sync 1 DAGs
[2024-01-05T16:43:33.631+0000] {logging_mixin.py:188} INFO - [2024-01-05T16:43:33.631+0000] {dag.py:3820} INFO - Setting next_dagrun for example_complex to None, run_after=None
[2024-01-05T16:43:33.748+0000] {processor.py:183} INFO - Processing /home/eder/Desktop/Airflow/Twitter/venv/lib/python3.9/site-packages/airflow/example_dags/example_complex.py took 0.208 seconds
[2024-01-05T16:44:36.923+0000] {processor.py:161} INFO - Started process (PID=8659) to work on /home/eder/Desktop/Airflow/Twitter/venv/lib/python3.9/site-packages/airflow/example_dags/example_complex.py
[2024-01-05T16:44:36.952+0000] {processor.py:830} INFO - Processing file /home/eder/Desktop/Airflow/Twitter/venv/lib/python3.9/site-packages/airflow/example_dags/example_complex.py for tasks to queue
[2024-01-05T16:44:36.955+0000] {logging_mixin.py:188} INFO - [2024-01-05T16:44:36.955+0000] {dagbag.py:538} INFO - Filling up the DagBag from /home/eder/Desktop/Airflow/Twitter/venv/lib/python3.9/site-packages/airflow/example_dags/example_complex.py
[2024-01-05T16:44:36.970+0000] {processor.py:840} INFO - DAG(s) 'example_complex' retrieved from /home/eder/Desktop/Airflow/Twitter/venv/lib/python3.9/site-packages/airflow/example_dags/example_complex.py
[2024-01-05T16:44:37.000+0000] {logging_mixin.py:188} INFO - [2024-01-05T16:44:37.000+0000] {dag.py:3033} INFO - Sync 1 DAGs
[2024-01-05T16:44:37.018+0000] {logging_mixin.py:188} INFO - [2024-01-05T16:44:37.018+0000] {dag.py:3820} INFO - Setting next_dagrun for example_complex to None, run_after=None
[2024-01-05T16:44:37.155+0000] {processor.py:183} INFO - Processing /home/eder/Desktop/Airflow/Twitter/venv/lib/python3.9/site-packages/airflow/example_dags/example_complex.py took 0.235 seconds
[2024-01-05T16:53:05.984+0000] {processor.py:161} INFO - Started process (PID=16567) to work on /home/eder/Desktop/Airflow/Twitter/venv/lib/python3.9/site-packages/airflow/example_dags/example_complex.py
[2024-01-05T16:53:05.995+0000] {processor.py:830} INFO - Processing file /home/eder/Desktop/Airflow/Twitter/venv/lib/python3.9/site-packages/airflow/example_dags/example_complex.py for tasks to queue
[2024-01-05T16:53:05.998+0000] {logging_mixin.py:188} INFO - [2024-01-05T16:53:05.996+0000] {dagbag.py:538} INFO - Filling up the DagBag from /home/eder/Desktop/Airflow/Twitter/venv/lib/python3.9/site-packages/airflow/example_dags/example_complex.py
[2024-01-05T16:53:06.028+0000] {processor.py:840} INFO - DAG(s) 'example_complex' retrieved from /home/eder/Desktop/Airflow/Twitter/venv/lib/python3.9/site-packages/airflow/example_dags/example_complex.py
[2024-01-05T16:53:06.071+0000] {logging_mixin.py:188} INFO - [2024-01-05T16:53:06.071+0000] {dag.py:3033} INFO - Sync 1 DAGs
[2024-01-05T16:53:06.099+0000] {logging_mixin.py:188} INFO - [2024-01-05T16:53:06.099+0000] {dag.py:3820} INFO - Setting next_dagrun for example_complex to None, run_after=None
[2024-01-05T16:53:06.248+0000] {processor.py:183} INFO - Processing /home/eder/Desktop/Airflow/Twitter/venv/lib/python3.9/site-packages/airflow/example_dags/example_complex.py took 0.275 seconds
[2024-01-05T16:54:05.221+0000] {processor.py:161} INFO - Started process (PID=16793) to work on /home/eder/Desktop/Airflow/Twitter/venv/lib/python3.9/site-packages/airflow/example_dags/example_complex.py
[2024-01-05T16:54:05.247+0000] {processor.py:830} INFO - Processing file /home/eder/Desktop/Airflow/Twitter/venv/lib/python3.9/site-packages/airflow/example_dags/example_complex.py for tasks to queue
[2024-01-05T16:54:05.248+0000] {logging_mixin.py:188} INFO - [2024-01-05T16:54:05.248+0000] {dagbag.py:538} INFO - Filling up the DagBag from /home/eder/Desktop/Airflow/Twitter/venv/lib/python3.9/site-packages/airflow/example_dags/example_complex.py
[2024-01-05T16:54:05.259+0000] {processor.py:840} INFO - DAG(s) 'example_complex' retrieved from /home/eder/Desktop/Airflow/Twitter/venv/lib/python3.9/site-packages/airflow/example_dags/example_complex.py
[2024-01-05T16:54:05.311+0000] {logging_mixin.py:188} INFO - [2024-01-05T16:54:05.310+0000] {dag.py:3033} INFO - Sync 1 DAGs
[2024-01-05T16:54:05.330+0000] {logging_mixin.py:188} INFO - [2024-01-05T16:54:05.330+0000] {dag.py:3820} INFO - Setting next_dagrun for example_complex to None, run_after=None
[2024-01-05T16:54:05.447+0000] {processor.py:183} INFO - Processing /home/eder/Desktop/Airflow/Twitter/venv/lib/python3.9/site-packages/airflow/example_dags/example_complex.py took 0.234 seconds
[2024-01-05T16:55:03.467+0000] {processor.py:161} INFO - Started process (PID=16967) to work on /home/eder/Desktop/Airflow/Twitter/venv/lib/python3.9/site-packages/airflow/example_dags/example_complex.py
[2024-01-05T16:55:03.469+0000] {processor.py:830} INFO - Processing file /home/eder/Desktop/Airflow/Twitter/venv/lib/python3.9/site-packages/airflow/example_dags/example_complex.py for tasks to queue
[2024-01-05T16:55:03.470+0000] {logging_mixin.py:188} INFO - [2024-01-05T16:55:03.469+0000] {dagbag.py:538} INFO - Filling up the DagBag from /home/eder/Desktop/Airflow/Twitter/venv/lib/python3.9/site-packages/airflow/example_dags/example_complex.py
[2024-01-05T16:55:03.478+0000] {processor.py:840} INFO - DAG(s) 'example_complex' retrieved from /home/eder/Desktop/Airflow/Twitter/venv/lib/python3.9/site-packages/airflow/example_dags/example_complex.py
[2024-01-05T16:55:03.497+0000] {logging_mixin.py:188} INFO - [2024-01-05T16:55:03.497+0000] {dag.py:3033} INFO - Sync 1 DAGs
[2024-01-05T16:55:03.505+0000] {logging_mixin.py:188} INFO - [2024-01-05T16:55:03.504+0000] {dag.py:3820} INFO - Setting next_dagrun for example_complex to None, run_after=None
[2024-01-05T16:55:03.566+0000] {processor.py:183} INFO - Processing /home/eder/Desktop/Airflow/Twitter/venv/lib/python3.9/site-packages/airflow/example_dags/example_complex.py took 0.102 seconds
[2024-01-05T16:56:02.660+0000] {processor.py:161} INFO - Started process (PID=17132) to work on /home/eder/Desktop/Airflow/Twitter/venv/lib/python3.9/site-packages/airflow/example_dags/example_complex.py
[2024-01-05T16:56:02.667+0000] {processor.py:830} INFO - Processing file /home/eder/Desktop/Airflow/Twitter/venv/lib/python3.9/site-packages/airflow/example_dags/example_complex.py for tasks to queue
[2024-01-05T16:56:02.668+0000] {logging_mixin.py:188} INFO - [2024-01-05T16:56:02.668+0000] {dagbag.py:538} INFO - Filling up the DagBag from /home/eder/Desktop/Airflow/Twitter/venv/lib/python3.9/site-packages/airflow/example_dags/example_complex.py
[2024-01-05T16:56:02.680+0000] {processor.py:840} INFO - DAG(s) 'example_complex' retrieved from /home/eder/Desktop/Airflow/Twitter/venv/lib/python3.9/site-packages/airflow/example_dags/example_complex.py
[2024-01-05T16:56:02.701+0000] {logging_mixin.py:188} INFO - [2024-01-05T16:56:02.701+0000] {dag.py:3033} INFO - Sync 1 DAGs
[2024-01-05T16:56:02.711+0000] {logging_mixin.py:188} INFO - [2024-01-05T16:56:02.710+0000] {dag.py:3820} INFO - Setting next_dagrun for example_complex to None, run_after=None
[2024-01-05T16:56:02.740+0000] {processor.py:183} INFO - Processing /home/eder/Desktop/Airflow/Twitter/venv/lib/python3.9/site-packages/airflow/example_dags/example_complex.py took 0.084 seconds
[2024-01-05T16:57:04.416+0000] {processor.py:161} INFO - Started process (PID=17309) to work on /home/eder/Desktop/Airflow/Twitter/venv/lib/python3.9/site-packages/airflow/example_dags/example_complex.py
[2024-01-05T16:57:04.440+0000] {processor.py:830} INFO - Processing file /home/eder/Desktop/Airflow/Twitter/venv/lib/python3.9/site-packages/airflow/example_dags/example_complex.py for tasks to queue
[2024-01-05T16:57:04.446+0000] {logging_mixin.py:188} INFO - [2024-01-05T16:57:04.445+0000] {dagbag.py:538} INFO - Filling up the DagBag from /home/eder/Desktop/Airflow/Twitter/venv/lib/python3.9/site-packages/airflow/example_dags/example_complex.py
[2024-01-05T16:57:04.462+0000] {processor.py:840} INFO - DAG(s) 'example_complex' retrieved from /home/eder/Desktop/Airflow/Twitter/venv/lib/python3.9/site-packages/airflow/example_dags/example_complex.py
[2024-01-05T16:57:04.507+0000] {logging_mixin.py:188} INFO - [2024-01-05T16:57:04.504+0000] {dag.py:3033} INFO - Sync 1 DAGs
[2024-01-05T16:57:04.523+0000] {logging_mixin.py:188} INFO - [2024-01-05T16:57:04.523+0000] {dag.py:3820} INFO - Setting next_dagrun for example_complex to None, run_after=None
[2024-01-05T16:57:04.699+0000] {processor.py:183} INFO - Processing /home/eder/Desktop/Airflow/Twitter/venv/lib/python3.9/site-packages/airflow/example_dags/example_complex.py took 0.287 seconds
[2024-01-05T16:58:09.908+0000] {processor.py:161} INFO - Started process (PID=17487) to work on /home/eder/Desktop/Airflow/Twitter/venv/lib/python3.9/site-packages/airflow/example_dags/example_complex.py
[2024-01-05T16:58:09.931+0000] {processor.py:830} INFO - Processing file /home/eder/Desktop/Airflow/Twitter/venv/lib/python3.9/site-packages/airflow/example_dags/example_complex.py for tasks to queue
[2024-01-05T16:58:09.933+0000] {logging_mixin.py:188} INFO - [2024-01-05T16:58:09.932+0000] {dagbag.py:538} INFO - Filling up the DagBag from /home/eder/Desktop/Airflow/Twitter/venv/lib/python3.9/site-packages/airflow/example_dags/example_complex.py
[2024-01-05T16:58:09.952+0000] {processor.py:840} INFO - DAG(s) 'example_complex' retrieved from /home/eder/Desktop/Airflow/Twitter/venv/lib/python3.9/site-packages/airflow/example_dags/example_complex.py
[2024-01-05T16:58:09.996+0000] {logging_mixin.py:188} INFO - [2024-01-05T16:58:09.996+0000] {dag.py:3033} INFO - Sync 1 DAGs
[2024-01-05T16:58:10.014+0000] {logging_mixin.py:188} INFO - [2024-01-05T16:58:10.014+0000] {dag.py:3820} INFO - Setting next_dagrun for example_complex to None, run_after=None
[2024-01-05T16:58:10.184+0000] {processor.py:183} INFO - Processing /home/eder/Desktop/Airflow/Twitter/venv/lib/python3.9/site-packages/airflow/example_dags/example_complex.py took 0.284 seconds
[2024-01-05T16:59:10.668+0000] {processor.py:161} INFO - Started process (PID=17714) to work on /home/eder/Desktop/Airflow/Twitter/venv/lib/python3.9/site-packages/airflow/example_dags/example_complex.py
[2024-01-05T16:59:10.688+0000] {processor.py:830} INFO - Processing file /home/eder/Desktop/Airflow/Twitter/venv/lib/python3.9/site-packages/airflow/example_dags/example_complex.py for tasks to queue
[2024-01-05T16:59:10.691+0000] {logging_mixin.py:188} INFO - [2024-01-05T16:59:10.691+0000] {dagbag.py:538} INFO - Filling up the DagBag from /home/eder/Desktop/Airflow/Twitter/venv/lib/python3.9/site-packages/airflow/example_dags/example_complex.py
[2024-01-05T16:59:10.715+0000] {processor.py:840} INFO - DAG(s) 'example_complex' retrieved from /home/eder/Desktop/Airflow/Twitter/venv/lib/python3.9/site-packages/airflow/example_dags/example_complex.py
[2024-01-05T16:59:10.767+0000] {logging_mixin.py:188} INFO - [2024-01-05T16:59:10.767+0000] {dag.py:3033} INFO - Sync 1 DAGs
[2024-01-05T16:59:10.789+0000] {logging_mixin.py:188} INFO - [2024-01-05T16:59:10.789+0000] {dag.py:3820} INFO - Setting next_dagrun for example_complex to None, run_after=None
[2024-01-05T16:59:10.919+0000] {processor.py:183} INFO - Processing /home/eder/Desktop/Airflow/Twitter/venv/lib/python3.9/site-packages/airflow/example_dags/example_complex.py took 0.256 seconds
[2024-01-05T17:00:11.158+0000] {processor.py:161} INFO - Started process (PID=17878) to work on /home/eder/Desktop/Airflow/Twitter/venv/lib/python3.9/site-packages/airflow/example_dags/example_complex.py
[2024-01-05T17:00:11.177+0000] {processor.py:830} INFO - Processing file /home/eder/Desktop/Airflow/Twitter/venv/lib/python3.9/site-packages/airflow/example_dags/example_complex.py for tasks to queue
[2024-01-05T17:00:11.178+0000] {logging_mixin.py:188} INFO - [2024-01-05T17:00:11.178+0000] {dagbag.py:538} INFO - Filling up the DagBag from /home/eder/Desktop/Airflow/Twitter/venv/lib/python3.9/site-packages/airflow/example_dags/example_complex.py
[2024-01-05T17:00:11.198+0000] {processor.py:840} INFO - DAG(s) 'example_complex' retrieved from /home/eder/Desktop/Airflow/Twitter/venv/lib/python3.9/site-packages/airflow/example_dags/example_complex.py
[2024-01-05T17:00:11.232+0000] {logging_mixin.py:188} INFO - [2024-01-05T17:00:11.232+0000] {dag.py:3033} INFO - Sync 1 DAGs
[2024-01-05T17:00:11.243+0000] {logging_mixin.py:188} INFO - [2024-01-05T17:00:11.243+0000] {dag.py:3820} INFO - Setting next_dagrun for example_complex to None, run_after=None
[2024-01-05T17:00:11.424+0000] {processor.py:183} INFO - Processing /home/eder/Desktop/Airflow/Twitter/venv/lib/python3.9/site-packages/airflow/example_dags/example_complex.py took 0.269 seconds
[2024-01-05T17:01:18.475+0000] {processor.py:161} INFO - Started process (PID=18124) to work on /home/eder/Desktop/Airflow/Twitter/venv/lib/python3.9/site-packages/airflow/example_dags/example_complex.py
[2024-01-05T17:01:18.486+0000] {processor.py:830} INFO - Processing file /home/eder/Desktop/Airflow/Twitter/venv/lib/python3.9/site-packages/airflow/example_dags/example_complex.py for tasks to queue
[2024-01-05T17:01:18.487+0000] {logging_mixin.py:188} INFO - [2024-01-05T17:01:18.487+0000] {dagbag.py:538} INFO - Filling up the DagBag from /home/eder/Desktop/Airflow/Twitter/venv/lib/python3.9/site-packages/airflow/example_dags/example_complex.py
[2024-01-05T17:01:18.514+0000] {processor.py:840} INFO - DAG(s) 'example_complex' retrieved from /home/eder/Desktop/Airflow/Twitter/venv/lib/python3.9/site-packages/airflow/example_dags/example_complex.py
[2024-01-05T17:01:18.588+0000] {logging_mixin.py:188} INFO - [2024-01-05T17:01:18.587+0000] {dag.py:3033} INFO - Sync 1 DAGs
[2024-01-05T17:01:18.616+0000] {logging_mixin.py:188} INFO - [2024-01-05T17:01:18.615+0000] {dag.py:3820} INFO - Setting next_dagrun for example_complex to None, run_after=None
[2024-01-05T17:01:18.807+0000] {processor.py:183} INFO - Processing /home/eder/Desktop/Airflow/Twitter/venv/lib/python3.9/site-packages/airflow/example_dags/example_complex.py took 0.345 seconds
[2024-01-05T17:02:20.267+0000] {processor.py:161} INFO - Started process (PID=18299) to work on /home/eder/Desktop/Airflow/Twitter/venv/lib/python3.9/site-packages/airflow/example_dags/example_complex.py
[2024-01-05T17:02:20.276+0000] {processor.py:830} INFO - Processing file /home/eder/Desktop/Airflow/Twitter/venv/lib/python3.9/site-packages/airflow/example_dags/example_complex.py for tasks to queue
[2024-01-05T17:02:20.280+0000] {logging_mixin.py:188} INFO - [2024-01-05T17:02:20.279+0000] {dagbag.py:538} INFO - Filling up the DagBag from /home/eder/Desktop/Airflow/Twitter/venv/lib/python3.9/site-packages/airflow/example_dags/example_complex.py
[2024-01-05T17:02:20.289+0000] {processor.py:840} INFO - DAG(s) 'example_complex' retrieved from /home/eder/Desktop/Airflow/Twitter/venv/lib/python3.9/site-packages/airflow/example_dags/example_complex.py
[2024-01-05T17:02:20.307+0000] {logging_mixin.py:188} INFO - [2024-01-05T17:02:20.307+0000] {dag.py:3033} INFO - Sync 1 DAGs
[2024-01-05T17:02:20.315+0000] {logging_mixin.py:188} INFO - [2024-01-05T17:02:20.315+0000] {dag.py:3820} INFO - Setting next_dagrun for example_complex to None, run_after=None
[2024-01-05T17:02:20.339+0000] {processor.py:183} INFO - Processing /home/eder/Desktop/Airflow/Twitter/venv/lib/python3.9/site-packages/airflow/example_dags/example_complex.py took 0.074 seconds
[2024-01-05T17:03:21.708+0000] {processor.py:161} INFO - Started process (PID=18460) to work on /home/eder/Desktop/Airflow/Twitter/venv/lib/python3.9/site-packages/airflow/example_dags/example_complex.py
[2024-01-05T17:03:21.710+0000] {processor.py:830} INFO - Processing file /home/eder/Desktop/Airflow/Twitter/venv/lib/python3.9/site-packages/airflow/example_dags/example_complex.py for tasks to queue
[2024-01-05T17:03:21.711+0000] {logging_mixin.py:188} INFO - [2024-01-05T17:03:21.711+0000] {dagbag.py:538} INFO - Filling up the DagBag from /home/eder/Desktop/Airflow/Twitter/venv/lib/python3.9/site-packages/airflow/example_dags/example_complex.py
[2024-01-05T17:03:21.723+0000] {processor.py:840} INFO - DAG(s) 'example_complex' retrieved from /home/eder/Desktop/Airflow/Twitter/venv/lib/python3.9/site-packages/airflow/example_dags/example_complex.py
[2024-01-05T17:03:21.746+0000] {logging_mixin.py:188} INFO - [2024-01-05T17:03:21.746+0000] {dag.py:3033} INFO - Sync 1 DAGs
[2024-01-05T17:03:21.755+0000] {logging_mixin.py:188} INFO - [2024-01-05T17:03:21.755+0000] {dag.py:3820} INFO - Setting next_dagrun for example_complex to None, run_after=None
[2024-01-05T17:03:21.782+0000] {processor.py:183} INFO - Processing /home/eder/Desktop/Airflow/Twitter/venv/lib/python3.9/site-packages/airflow/example_dags/example_complex.py took 0.076 seconds
[2024-01-05T17:04:21.115+0000] {processor.py:161} INFO - Started process (PID=18699) to work on /home/eder/Desktop/Airflow/Twitter/venv/lib/python3.9/site-packages/airflow/example_dags/example_complex.py
[2024-01-05T17:04:21.124+0000] {processor.py:830} INFO - Processing file /home/eder/Desktop/Airflow/Twitter/venv/lib/python3.9/site-packages/airflow/example_dags/example_complex.py for tasks to queue
[2024-01-05T17:04:21.125+0000] {logging_mixin.py:188} INFO - [2024-01-05T17:04:21.125+0000] {dagbag.py:538} INFO - Filling up the DagBag from /home/eder/Desktop/Airflow/Twitter/venv/lib/python3.9/site-packages/airflow/example_dags/example_complex.py
[2024-01-05T17:04:21.143+0000] {processor.py:840} INFO - DAG(s) 'example_complex' retrieved from /home/eder/Desktop/Airflow/Twitter/venv/lib/python3.9/site-packages/airflow/example_dags/example_complex.py
[2024-01-05T17:04:21.165+0000] {logging_mixin.py:188} INFO - [2024-01-05T17:04:21.165+0000] {dag.py:3033} INFO - Sync 1 DAGs
[2024-01-05T17:04:21.175+0000] {logging_mixin.py:188} INFO - [2024-01-05T17:04:21.174+0000] {dag.py:3820} INFO - Setting next_dagrun for example_complex to None, run_after=None
[2024-01-05T17:04:21.229+0000] {processor.py:183} INFO - Processing /home/eder/Desktop/Airflow/Twitter/venv/lib/python3.9/site-packages/airflow/example_dags/example_complex.py took 0.116 seconds
[2024-01-05T17:05:31.904+0000] {processor.py:161} INFO - Started process (PID=18884) to work on /home/eder/Desktop/Airflow/Twitter/venv/lib/python3.9/site-packages/airflow/example_dags/example_complex.py
[2024-01-05T17:05:31.911+0000] {processor.py:830} INFO - Processing file /home/eder/Desktop/Airflow/Twitter/venv/lib/python3.9/site-packages/airflow/example_dags/example_complex.py for tasks to queue
[2024-01-05T17:05:31.914+0000] {logging_mixin.py:188} INFO - [2024-01-05T17:05:31.912+0000] {dagbag.py:538} INFO - Filling up the DagBag from /home/eder/Desktop/Airflow/Twitter/venv/lib/python3.9/site-packages/airflow/example_dags/example_complex.py
[2024-01-05T17:05:31.926+0000] {processor.py:840} INFO - DAG(s) 'example_complex' retrieved from /home/eder/Desktop/Airflow/Twitter/venv/lib/python3.9/site-packages/airflow/example_dags/example_complex.py
[2024-01-05T17:05:31.949+0000] {logging_mixin.py:188} INFO - [2024-01-05T17:05:31.949+0000] {dag.py:3033} INFO - Sync 1 DAGs
[2024-01-05T17:05:31.958+0000] {logging_mixin.py:188} INFO - [2024-01-05T17:05:31.958+0000] {dag.py:3820} INFO - Setting next_dagrun for example_complex to None, run_after=None
[2024-01-05T17:05:31.990+0000] {processor.py:183} INFO - Processing /home/eder/Desktop/Airflow/Twitter/venv/lib/python3.9/site-packages/airflow/example_dags/example_complex.py took 0.087 seconds
[2024-01-05T17:06:38.373+0000] {processor.py:161} INFO - Started process (PID=19062) to work on /home/eder/Desktop/Airflow/Twitter/venv/lib/python3.9/site-packages/airflow/example_dags/example_complex.py
[2024-01-05T17:06:38.375+0000] {processor.py:830} INFO - Processing file /home/eder/Desktop/Airflow/Twitter/venv/lib/python3.9/site-packages/airflow/example_dags/example_complex.py for tasks to queue
[2024-01-05T17:06:38.376+0000] {logging_mixin.py:188} INFO - [2024-01-05T17:06:38.375+0000] {dagbag.py:538} INFO - Filling up the DagBag from /home/eder/Desktop/Airflow/Twitter/venv/lib/python3.9/site-packages/airflow/example_dags/example_complex.py
[2024-01-05T17:06:38.385+0000] {processor.py:840} INFO - DAG(s) 'example_complex' retrieved from /home/eder/Desktop/Airflow/Twitter/venv/lib/python3.9/site-packages/airflow/example_dags/example_complex.py
[2024-01-05T17:06:38.407+0000] {logging_mixin.py:188} INFO - [2024-01-05T17:06:38.406+0000] {dag.py:3033} INFO - Sync 1 DAGs
[2024-01-05T17:06:38.416+0000] {logging_mixin.py:188} INFO - [2024-01-05T17:06:38.416+0000] {dag.py:3820} INFO - Setting next_dagrun for example_complex to None, run_after=None
[2024-01-05T17:06:38.449+0000] {processor.py:183} INFO - Processing /home/eder/Desktop/Airflow/Twitter/venv/lib/python3.9/site-packages/airflow/example_dags/example_complex.py took 0.079 seconds
[2024-01-05T17:07:47.916+0000] {processor.py:161} INFO - Started process (PID=19262) to work on /home/eder/Desktop/Airflow/Twitter/venv/lib/python3.9/site-packages/airflow/example_dags/example_complex.py
[2024-01-05T17:07:47.926+0000] {processor.py:830} INFO - Processing file /home/eder/Desktop/Airflow/Twitter/venv/lib/python3.9/site-packages/airflow/example_dags/example_complex.py for tasks to queue
[2024-01-05T17:07:47.927+0000] {logging_mixin.py:188} INFO - [2024-01-05T17:07:47.926+0000] {dagbag.py:538} INFO - Filling up the DagBag from /home/eder/Desktop/Airflow/Twitter/venv/lib/python3.9/site-packages/airflow/example_dags/example_complex.py
[2024-01-05T17:07:47.935+0000] {processor.py:840} INFO - DAG(s) 'example_complex' retrieved from /home/eder/Desktop/Airflow/Twitter/venv/lib/python3.9/site-packages/airflow/example_dags/example_complex.py
[2024-01-05T17:07:47.959+0000] {logging_mixin.py:188} INFO - [2024-01-05T17:07:47.959+0000] {dag.py:3033} INFO - Sync 1 DAGs
[2024-01-05T17:07:47.967+0000] {logging_mixin.py:188} INFO - [2024-01-05T17:07:47.967+0000] {dag.py:3820} INFO - Setting next_dagrun for example_complex to None, run_after=None
[2024-01-05T17:07:47.989+0000] {processor.py:183} INFO - Processing /home/eder/Desktop/Airflow/Twitter/venv/lib/python3.9/site-packages/airflow/example_dags/example_complex.py took 0.075 seconds
[2024-01-05T17:37:13.665+0000] {processor.py:161} INFO - Started process (PID=20646) to work on /home/eder/Desktop/Airflow/Twitter/venv/lib/python3.9/site-packages/airflow/example_dags/example_complex.py
[2024-01-05T17:37:13.673+0000] {processor.py:830} INFO - Processing file /home/eder/Desktop/Airflow/Twitter/venv/lib/python3.9/site-packages/airflow/example_dags/example_complex.py for tasks to queue
[2024-01-05T17:37:13.674+0000] {logging_mixin.py:188} INFO - [2024-01-05T17:37:13.674+0000] {dagbag.py:538} INFO - Filling up the DagBag from /home/eder/Desktop/Airflow/Twitter/venv/lib/python3.9/site-packages/airflow/example_dags/example_complex.py
[2024-01-05T17:37:13.685+0000] {processor.py:840} INFO - DAG(s) 'example_complex' retrieved from /home/eder/Desktop/Airflow/Twitter/venv/lib/python3.9/site-packages/airflow/example_dags/example_complex.py
[2024-01-05T17:37:13.779+0000] {logging_mixin.py:188} INFO - [2024-01-05T17:37:13.779+0000] {dag.py:3033} INFO - Sync 1 DAGs
[2024-01-05T17:37:13.786+0000] {logging_mixin.py:188} INFO - [2024-01-05T17:37:13.786+0000] {dag.py:3820} INFO - Setting next_dagrun for example_complex to None, run_after=None
[2024-01-05T17:37:13.810+0000] {processor.py:183} INFO - Processing /home/eder/Desktop/Airflow/Twitter/venv/lib/python3.9/site-packages/airflow/example_dags/example_complex.py took 0.147 seconds
[2024-01-05T17:38:07.369+0000] {processor.py:161} INFO - Started process (PID=20979) to work on /home/eder/Desktop/Airflow/Twitter/venv/lib/python3.9/site-packages/airflow/example_dags/example_complex.py
[2024-01-05T17:38:07.370+0000] {processor.py:830} INFO - Processing file /home/eder/Desktop/Airflow/Twitter/venv/lib/python3.9/site-packages/airflow/example_dags/example_complex.py for tasks to queue
[2024-01-05T17:38:07.371+0000] {logging_mixin.py:188} INFO - [2024-01-05T17:38:07.371+0000] {dagbag.py:538} INFO - Filling up the DagBag from /home/eder/Desktop/Airflow/Twitter/venv/lib/python3.9/site-packages/airflow/example_dags/example_complex.py
[2024-01-05T17:38:07.380+0000] {processor.py:840} INFO - DAG(s) 'example_complex' retrieved from /home/eder/Desktop/Airflow/Twitter/venv/lib/python3.9/site-packages/airflow/example_dags/example_complex.py
[2024-01-05T17:38:07.400+0000] {logging_mixin.py:188} INFO - [2024-01-05T17:38:07.400+0000] {dag.py:3033} INFO - Sync 1 DAGs
[2024-01-05T17:38:07.409+0000] {logging_mixin.py:188} INFO - [2024-01-05T17:38:07.408+0000] {dag.py:3820} INFO - Setting next_dagrun for example_complex to None, run_after=None
[2024-01-05T17:38:07.430+0000] {processor.py:183} INFO - Processing /home/eder/Desktop/Airflow/Twitter/venv/lib/python3.9/site-packages/airflow/example_dags/example_complex.py took 0.064 seconds
[2024-01-05T17:39:04.452+0000] {processor.py:161} INFO - Started process (PID=21133) to work on /home/eder/Desktop/Airflow/Twitter/venv/lib/python3.9/site-packages/airflow/example_dags/example_complex.py
[2024-01-05T17:39:04.460+0000] {processor.py:830} INFO - Processing file /home/eder/Desktop/Airflow/Twitter/venv/lib/python3.9/site-packages/airflow/example_dags/example_complex.py for tasks to queue
[2024-01-05T17:39:04.461+0000] {logging_mixin.py:188} INFO - [2024-01-05T17:39:04.461+0000] {dagbag.py:538} INFO - Filling up the DagBag from /home/eder/Desktop/Airflow/Twitter/venv/lib/python3.9/site-packages/airflow/example_dags/example_complex.py
[2024-01-05T17:39:04.474+0000] {processor.py:840} INFO - DAG(s) 'example_complex' retrieved from /home/eder/Desktop/Airflow/Twitter/venv/lib/python3.9/site-packages/airflow/example_dags/example_complex.py
[2024-01-05T17:39:04.495+0000] {logging_mixin.py:188} INFO - [2024-01-05T17:39:04.494+0000] {dag.py:3033} INFO - Sync 1 DAGs
[2024-01-05T17:39:04.507+0000] {logging_mixin.py:188} INFO - [2024-01-05T17:39:04.506+0000] {dag.py:3820} INFO - Setting next_dagrun for example_complex to None, run_after=None
[2024-01-05T17:39:04.541+0000] {processor.py:183} INFO - Processing /home/eder/Desktop/Airflow/Twitter/venv/lib/python3.9/site-packages/airflow/example_dags/example_complex.py took 0.093 seconds
[2024-01-05T17:40:01.422+0000] {processor.py:161} INFO - Started process (PID=21286) to work on /home/eder/Desktop/Airflow/Twitter/venv/lib/python3.9/site-packages/airflow/example_dags/example_complex.py
[2024-01-05T17:40:01.425+0000] {processor.py:830} INFO - Processing file /home/eder/Desktop/Airflow/Twitter/venv/lib/python3.9/site-packages/airflow/example_dags/example_complex.py for tasks to queue
[2024-01-05T17:40:01.425+0000] {logging_mixin.py:188} INFO - [2024-01-05T17:40:01.425+0000] {dagbag.py:538} INFO - Filling up the DagBag from /home/eder/Desktop/Airflow/Twitter/venv/lib/python3.9/site-packages/airflow/example_dags/example_complex.py
[2024-01-05T17:40:01.435+0000] {processor.py:840} INFO - DAG(s) 'example_complex' retrieved from /home/eder/Desktop/Airflow/Twitter/venv/lib/python3.9/site-packages/airflow/example_dags/example_complex.py
[2024-01-05T17:40:01.455+0000] {logging_mixin.py:188} INFO - [2024-01-05T17:40:01.454+0000] {dag.py:3033} INFO - Sync 1 DAGs
[2024-01-05T17:40:01.464+0000] {logging_mixin.py:188} INFO - [2024-01-05T17:40:01.463+0000] {dag.py:3820} INFO - Setting next_dagrun for example_complex to None, run_after=None
[2024-01-05T17:40:01.491+0000] {processor.py:183} INFO - Processing /home/eder/Desktop/Airflow/Twitter/venv/lib/python3.9/site-packages/airflow/example_dags/example_complex.py took 0.071 seconds
[2024-01-05T17:51:04.038+0000] {processor.py:161} INFO - Started process (PID=32468) to work on /home/eder/Desktop/Airflow/Twitter/venv/lib/python3.9/site-packages/airflow/example_dags/example_complex.py
[2024-01-05T17:51:04.046+0000] {processor.py:830} INFO - Processing file /home/eder/Desktop/Airflow/Twitter/venv/lib/python3.9/site-packages/airflow/example_dags/example_complex.py for tasks to queue
[2024-01-05T17:51:04.047+0000] {logging_mixin.py:188} INFO - [2024-01-05T17:51:04.046+0000] {dagbag.py:538} INFO - Filling up the DagBag from /home/eder/Desktop/Airflow/Twitter/venv/lib/python3.9/site-packages/airflow/example_dags/example_complex.py
[2024-01-05T17:51:04.055+0000] {processor.py:840} INFO - DAG(s) 'example_complex' retrieved from /home/eder/Desktop/Airflow/Twitter/venv/lib/python3.9/site-packages/airflow/example_dags/example_complex.py
[2024-01-05T17:51:04.075+0000] {logging_mixin.py:188} INFO - [2024-01-05T17:51:04.074+0000] {dag.py:3033} INFO - Sync 1 DAGs
[2024-01-05T17:51:04.084+0000] {logging_mixin.py:188} INFO - [2024-01-05T17:51:04.083+0000] {dag.py:3820} INFO - Setting next_dagrun for example_complex to None, run_after=None
[2024-01-05T17:51:04.151+0000] {processor.py:183} INFO - Processing /home/eder/Desktop/Airflow/Twitter/venv/lib/python3.9/site-packages/airflow/example_dags/example_complex.py took 0.115 seconds
[2024-01-05T17:52:08.845+0000] {processor.py:161} INFO - Started process (PID=32715) to work on /home/eder/Desktop/Airflow/Twitter/venv/lib/python3.9/site-packages/airflow/example_dags/example_complex.py
[2024-01-05T17:52:08.853+0000] {processor.py:830} INFO - Processing file /home/eder/Desktop/Airflow/Twitter/venv/lib/python3.9/site-packages/airflow/example_dags/example_complex.py for tasks to queue
[2024-01-05T17:52:08.854+0000] {logging_mixin.py:188} INFO - [2024-01-05T17:52:08.854+0000] {dagbag.py:538} INFO - Filling up the DagBag from /home/eder/Desktop/Airflow/Twitter/venv/lib/python3.9/site-packages/airflow/example_dags/example_complex.py
[2024-01-05T17:52:08.862+0000] {processor.py:840} INFO - DAG(s) 'example_complex' retrieved from /home/eder/Desktop/Airflow/Twitter/venv/lib/python3.9/site-packages/airflow/example_dags/example_complex.py
[2024-01-05T17:52:08.881+0000] {logging_mixin.py:188} INFO - [2024-01-05T17:52:08.881+0000] {dag.py:3033} INFO - Sync 1 DAGs
[2024-01-05T17:52:08.888+0000] {logging_mixin.py:188} INFO - [2024-01-05T17:52:08.888+0000] {dag.py:3820} INFO - Setting next_dagrun for example_complex to None, run_after=None
[2024-01-05T17:52:08.922+0000] {processor.py:183} INFO - Processing /home/eder/Desktop/Airflow/Twitter/venv/lib/python3.9/site-packages/airflow/example_dags/example_complex.py took 0.081 seconds
[2024-01-05T17:53:04.798+0000] {processor.py:161} INFO - Started process (PID=32880) to work on /home/eder/Desktop/Airflow/Twitter/venv/lib/python3.9/site-packages/airflow/example_dags/example_complex.py
[2024-01-05T17:53:04.806+0000] {processor.py:830} INFO - Processing file /home/eder/Desktop/Airflow/Twitter/venv/lib/python3.9/site-packages/airflow/example_dags/example_complex.py for tasks to queue
[2024-01-05T17:53:04.807+0000] {logging_mixin.py:188} INFO - [2024-01-05T17:53:04.807+0000] {dagbag.py:538} INFO - Filling up the DagBag from /home/eder/Desktop/Airflow/Twitter/venv/lib/python3.9/site-packages/airflow/example_dags/example_complex.py
[2024-01-05T17:53:04.816+0000] {processor.py:840} INFO - DAG(s) 'example_complex' retrieved from /home/eder/Desktop/Airflow/Twitter/venv/lib/python3.9/site-packages/airflow/example_dags/example_complex.py
[2024-01-05T17:53:04.835+0000] {logging_mixin.py:188} INFO - [2024-01-05T17:53:04.835+0000] {dag.py:3033} INFO - Sync 1 DAGs
[2024-01-05T17:53:04.844+0000] {logging_mixin.py:188} INFO - [2024-01-05T17:53:04.843+0000] {dag.py:3820} INFO - Setting next_dagrun for example_complex to None, run_after=None
[2024-01-05T17:53:04.867+0000] {processor.py:183} INFO - Processing /home/eder/Desktop/Airflow/Twitter/venv/lib/python3.9/site-packages/airflow/example_dags/example_complex.py took 0.071 seconds
[2024-01-05T17:54:27.072+0000] {processor.py:161} INFO - Started process (PID=33158) to work on /home/eder/Desktop/Airflow/Twitter/venv/lib/python3.9/site-packages/airflow/example_dags/example_complex.py
[2024-01-05T17:54:27.078+0000] {processor.py:830} INFO - Processing file /home/eder/Desktop/Airflow/Twitter/venv/lib/python3.9/site-packages/airflow/example_dags/example_complex.py for tasks to queue
[2024-01-05T17:54:27.079+0000] {logging_mixin.py:188} INFO - [2024-01-05T17:54:27.079+0000] {dagbag.py:538} INFO - Filling up the DagBag from /home/eder/Desktop/Airflow/Twitter/venv/lib/python3.9/site-packages/airflow/example_dags/example_complex.py
[2024-01-05T17:54:27.088+0000] {processor.py:840} INFO - DAG(s) 'example_complex' retrieved from /home/eder/Desktop/Airflow/Twitter/venv/lib/python3.9/site-packages/airflow/example_dags/example_complex.py
[2024-01-05T17:54:27.115+0000] {logging_mixin.py:188} INFO - [2024-01-05T17:54:27.115+0000] {dag.py:3033} INFO - Sync 1 DAGs
[2024-01-05T17:54:27.139+0000] {logging_mixin.py:188} INFO - [2024-01-05T17:54:27.139+0000] {dag.py:3820} INFO - Setting next_dagrun for example_complex to None, run_after=None
[2024-01-05T17:54:27.210+0000] {processor.py:183} INFO - Processing /home/eder/Desktop/Airflow/Twitter/venv/lib/python3.9/site-packages/airflow/example_dags/example_complex.py took 0.141 seconds
[2024-01-05T17:55:26.212+0000] {processor.py:161} INFO - Started process (PID=33344) to work on /home/eder/Desktop/Airflow/Twitter/venv/lib/python3.9/site-packages/airflow/example_dags/example_complex.py
[2024-01-05T17:55:26.227+0000] {processor.py:830} INFO - Processing file /home/eder/Desktop/Airflow/Twitter/venv/lib/python3.9/site-packages/airflow/example_dags/example_complex.py for tasks to queue
[2024-01-05T17:55:26.228+0000] {logging_mixin.py:188} INFO - [2024-01-05T17:55:26.227+0000] {dagbag.py:538} INFO - Filling up the DagBag from /home/eder/Desktop/Airflow/Twitter/venv/lib/python3.9/site-packages/airflow/example_dags/example_complex.py
[2024-01-05T17:55:26.247+0000] {processor.py:840} INFO - DAG(s) 'example_complex' retrieved from /home/eder/Desktop/Airflow/Twitter/venv/lib/python3.9/site-packages/airflow/example_dags/example_complex.py
[2024-01-05T17:55:26.284+0000] {logging_mixin.py:188} INFO - [2024-01-05T17:55:26.284+0000] {dag.py:3033} INFO - Sync 1 DAGs
[2024-01-05T17:55:26.307+0000] {logging_mixin.py:188} INFO - [2024-01-05T17:55:26.307+0000] {dag.py:3820} INFO - Setting next_dagrun for example_complex to None, run_after=None
[2024-01-05T17:55:26.440+0000] {processor.py:183} INFO - Processing /home/eder/Desktop/Airflow/Twitter/venv/lib/python3.9/site-packages/airflow/example_dags/example_complex.py took 0.233 seconds
[2024-01-05T17:56:31.418+0000] {processor.py:161} INFO - Started process (PID=33525) to work on /home/eder/Desktop/Airflow/Twitter/venv/lib/python3.9/site-packages/airflow/example_dags/example_complex.py
[2024-01-05T17:56:31.421+0000] {processor.py:830} INFO - Processing file /home/eder/Desktop/Airflow/Twitter/venv/lib/python3.9/site-packages/airflow/example_dags/example_complex.py for tasks to queue
[2024-01-05T17:56:31.422+0000] {logging_mixin.py:188} INFO - [2024-01-05T17:56:31.421+0000] {dagbag.py:538} INFO - Filling up the DagBag from /home/eder/Desktop/Airflow/Twitter/venv/lib/python3.9/site-packages/airflow/example_dags/example_complex.py
[2024-01-05T17:56:31.441+0000] {processor.py:840} INFO - DAG(s) 'example_complex' retrieved from /home/eder/Desktop/Airflow/Twitter/venv/lib/python3.9/site-packages/airflow/example_dags/example_complex.py
[2024-01-05T17:56:31.462+0000] {logging_mixin.py:188} INFO - [2024-01-05T17:56:31.462+0000] {dag.py:3033} INFO - Sync 1 DAGs
[2024-01-05T17:56:31.470+0000] {logging_mixin.py:188} INFO - [2024-01-05T17:56:31.470+0000] {dag.py:3820} INFO - Setting next_dagrun for example_complex to None, run_after=None
[2024-01-05T17:56:31.491+0000] {processor.py:183} INFO - Processing /home/eder/Desktop/Airflow/Twitter/venv/lib/python3.9/site-packages/airflow/example_dags/example_complex.py took 0.076 seconds
[2024-01-05T18:00:27.984+0000] {processor.py:161} INFO - Started process (PID=34075) to work on /home/eder/Desktop/Airflow/Twitter/venv/lib/python3.9/site-packages/airflow/example_dags/example_complex.py
[2024-01-05T18:00:28.007+0000] {processor.py:830} INFO - Processing file /home/eder/Desktop/Airflow/Twitter/venv/lib/python3.9/site-packages/airflow/example_dags/example_complex.py for tasks to queue
[2024-01-05T18:00:28.008+0000] {logging_mixin.py:188} INFO - [2024-01-05T18:00:28.007+0000] {dagbag.py:538} INFO - Filling up the DagBag from /home/eder/Desktop/Airflow/Twitter/venv/lib/python3.9/site-packages/airflow/example_dags/example_complex.py
[2024-01-05T18:00:28.031+0000] {processor.py:840} INFO - DAG(s) 'example_complex' retrieved from /home/eder/Desktop/Airflow/Twitter/venv/lib/python3.9/site-packages/airflow/example_dags/example_complex.py
[2024-01-05T18:00:28.199+0000] {logging_mixin.py:188} INFO - [2024-01-05T18:00:28.199+0000] {dag.py:3033} INFO - Sync 1 DAGs
[2024-01-05T18:00:28.219+0000] {logging_mixin.py:188} INFO - [2024-01-05T18:00:28.219+0000] {dag.py:3820} INFO - Setting next_dagrun for example_complex to None, run_after=None
[2024-01-05T18:00:28.444+0000] {processor.py:183} INFO - Processing /home/eder/Desktop/Airflow/Twitter/venv/lib/python3.9/site-packages/airflow/example_dags/example_complex.py took 0.472 seconds
