[2024-01-05T16:51:18.207+0000] {taskinstance.py:1957} INFO - Dependencies all met for dep_context=non-requeueable deps ti=<TaskInstance: TwitterDAG.transform_twitter_data scheduled__2024-01-04T00:00:00+00:00 [queued]>
[2024-01-05T16:51:18.216+0000] {taskinstance.py:1957} INFO - Dependencies all met for dep_context=requeueable deps ti=<TaskInstance: TwitterDAG.transform_twitter_data scheduled__2024-01-04T00:00:00+00:00 [queued]>
[2024-01-05T16:51:18.218+0000] {taskinstance.py:2171} INFO - Starting attempt 1 of 1
[2024-01-05T16:51:18.394+0000] {taskinstance.py:2192} INFO - Executing <Task(SparkSubmitOperator): transform_twitter_data> on 2024-01-04 00:00:00+00:00
[2024-01-05T16:51:18.398+0000] {standard_task_runner.py:60} INFO - Started process 15436 to run task
[2024-01-05T16:51:18.401+0000] {standard_task_runner.py:87} INFO - Running: ['airflow', 'tasks', 'run', 'TwitterDAG', 'transform_twitter_data', 'scheduled__2024-01-04T00:00:00+00:00', '--job-id', '55', '--raw', '--subdir', 'DAGS_FOLDER/twitter_dag.py', '--cfg-path', '/tmp/tmpacjt8wtf']
[2024-01-05T16:51:18.406+0000] {standard_task_runner.py:88} INFO - Job 55: Subtask transform_twitter_data
[2024-01-05T16:51:18.532+0000] {task_command.py:423} INFO - Running <TaskInstance: TwitterDAG.transform_twitter_data scheduled__2024-01-04T00:00:00+00:00 [running]> on host airflow.vm.local
[2024-01-05T16:51:18.972+0000] {taskinstance.py:2481} INFO - Exporting env vars: AIRFLOW_CTX_DAG_OWNER='airflow' AIRFLOW_CTX_DAG_ID='TwitterDAG' AIRFLOW_CTX_TASK_ID='transform_twitter_data' AIRFLOW_CTX_EXECUTION_DATE='2024-01-04T00:00:00+00:00' AIRFLOW_CTX_TRY_NUMBER='1' AIRFLOW_CTX_DAG_RUN_ID='scheduled__2024-01-04T00:00:00+00:00'
[2024-01-05T16:51:18.984+0000] {base.py:83} INFO - Using connection ID 'spark_default' for task execution.
[2024-01-05T16:51:19.000+0000] {spark_submit.py:366} INFO - Spark-Submit cmd: spark-submit --master local --name Twitter Transformation --queue root.default /home/eder/Desktop/Airflow/Twitter/src/spark/transformation.py --src /home/eder/Desktop/Airflow/Twitter/data/raw/2024-01-04 --dest /home/eder/Desktop/Airflow/Twitter/data/processed/ --process_date 2024-01-04
[2024-01-05T16:51:25.055+0000] {spark_submit.py:536} INFO - 24/01/05 16:51:25 WARN Utils: Your hostname, airflow resolves to a loopback address: 127.0.1.1; using 192.168.1.79 instead (on interface enp0s3)
[2024-01-05T16:51:25.064+0000] {spark_submit.py:536} INFO - 24/01/05 16:51:25 WARN Utils: Set SPARK_LOCAL_IP if you need to bind to another address
[2024-01-05T16:51:27.152+0000] {spark_submit.py:536} INFO - 24/01/05 16:51:27 WARN NativeCodeLoader: Unable to load native-hadoop library for your platform... using builtin-java classes where applicable
[2024-01-05T16:51:29.409+0000] {spark_submit.py:536} INFO - Using Spark's default log4j profile: org/apache/spark/log4j-defaults.properties
[2024-01-05T16:51:29.488+0000] {spark_submit.py:536} INFO - 24/01/05 16:51:29 INFO SparkContext: Running Spark version 3.1.3
[2024-01-05T16:51:29.672+0000] {spark_submit.py:536} INFO - 24/01/05 16:51:29 INFO ResourceUtils: ==============================================================
[2024-01-05T16:51:29.678+0000] {spark_submit.py:536} INFO - 24/01/05 16:51:29 INFO ResourceUtils: No custom resources configured for spark.driver.
[2024-01-05T16:51:29.686+0000] {spark_submit.py:536} INFO - 24/01/05 16:51:29 INFO ResourceUtils: ==============================================================
[2024-01-05T16:51:29.691+0000] {spark_submit.py:536} INFO - 24/01/05 16:51:29 INFO SparkContext: Submitted application: Data Transformation
[2024-01-05T16:51:29.839+0000] {spark_submit.py:536} INFO - 24/01/05 16:51:29 INFO ResourceProfile: Default ResourceProfile created, executor resources: Map(cores -> name: cores, amount: 1, script: , vendor: , memory -> name: memory, amount: 1024, script: , vendor: , offHeap -> name: offHeap, amount: 0, script: , vendor: ), task resources: Map(cpus -> name: cpus, amount: 1.0)
[2024-01-05T16:51:29.869+0000] {spark_submit.py:536} INFO - 24/01/05 16:51:29 INFO ResourceProfile: Limiting resource is cpu
[2024-01-05T16:51:29.874+0000] {spark_submit.py:536} INFO - 24/01/05 16:51:29 INFO ResourceProfileManager: Added ResourceProfile id: 0
[2024-01-05T16:51:30.105+0000] {spark_submit.py:536} INFO - 24/01/05 16:51:30 INFO SecurityManager: Changing view acls to: eder
[2024-01-05T16:51:30.106+0000] {spark_submit.py:536} INFO - 24/01/05 16:51:30 INFO SecurityManager: Changing modify acls to: eder
[2024-01-05T16:51:30.116+0000] {spark_submit.py:536} INFO - 24/01/05 16:51:30 INFO SecurityManager: Changing view acls groups to:
[2024-01-05T16:51:30.124+0000] {spark_submit.py:536} INFO - 24/01/05 16:51:30 INFO SecurityManager: Changing modify acls groups to:
[2024-01-05T16:51:30.124+0000] {spark_submit.py:536} INFO - 24/01/05 16:51:30 INFO SecurityManager: SecurityManager: authentication disabled; ui acls disabled; users  with view permissions: Set(eder); groups with view permissions: Set(); users  with modify permissions: Set(eder); groups with modify permissions: Set()
[2024-01-05T16:51:31.307+0000] {spark_submit.py:536} INFO - 24/01/05 16:51:31 INFO Utils: Successfully started service 'sparkDriver' on port 33001.
[2024-01-05T16:51:31.559+0000] {spark_submit.py:536} INFO - 24/01/05 16:51:31 INFO SparkEnv: Registering MapOutputTracker
[2024-01-05T16:51:31.739+0000] {spark_submit.py:536} INFO - 24/01/05 16:51:31 INFO SparkEnv: Registering BlockManagerMaster
[2024-01-05T16:51:31.838+0000] {spark_submit.py:536} INFO - 24/01/05 16:51:31 INFO BlockManagerMasterEndpoint: Using org.apache.spark.storage.DefaultTopologyMapper for getting topology information
[2024-01-05T16:51:31.850+0000] {spark_submit.py:536} INFO - 24/01/05 16:51:31 INFO BlockManagerMasterEndpoint: BlockManagerMasterEndpoint up
[2024-01-05T16:51:31.868+0000] {spark_submit.py:536} INFO - 24/01/05 16:51:31 INFO SparkEnv: Registering BlockManagerMasterHeartbeat
[2024-01-05T16:51:31.959+0000] {spark_submit.py:536} INFO - 24/01/05 16:51:31 INFO DiskBlockManager: Created local directory at /tmp/blockmgr-bfee66b2-f7f0-4660-b59b-ba9595d77b9e
[2024-01-05T16:51:32.054+0000] {spark_submit.py:536} INFO - 24/01/05 16:51:32 INFO MemoryStore: MemoryStore started with capacity 366.3 MiB
[2024-01-05T16:51:32.176+0000] {spark_submit.py:536} INFO - 24/01/05 16:51:32 INFO SparkEnv: Registering OutputCommitCoordinator
[2024-01-05T16:51:33.391+0000] {spark_submit.py:536} INFO - 24/01/05 16:51:33 INFO Utils: Successfully started service 'SparkUI' on port 4040.
[2024-01-05T16:51:33.808+0000] {spark_submit.py:536} INFO - 24/01/05 16:51:33 INFO SparkUI: Bound SparkUI to 0.0.0.0, and started at http://airflow.Home:4040
[2024-01-05T16:51:35.272+0000] {spark_submit.py:536} INFO - 24/01/05 16:51:35 INFO Executor: Starting executor ID driver on host airflow.Home
[2024-01-05T16:51:35.499+0000] {spark_submit.py:536} INFO - 24/01/05 16:51:35 INFO Utils: Successfully started service 'org.apache.spark.network.netty.NettyBlockTransferService' on port 45073.
[2024-01-05T16:51:35.500+0000] {spark_submit.py:536} INFO - 24/01/05 16:51:35 INFO NettyBlockTransferService: Server created on airflow.Home:45073
[2024-01-05T16:51:35.523+0000] {spark_submit.py:536} INFO - 24/01/05 16:51:35 INFO BlockManager: Using org.apache.spark.storage.RandomBlockReplicationPolicy for block replication policy
[2024-01-05T16:51:35.565+0000] {spark_submit.py:536} INFO - 24/01/05 16:51:35 INFO BlockManagerMaster: Registering BlockManager BlockManagerId(driver, airflow.Home, 45073, None)
[2024-01-05T16:51:35.630+0000] {spark_submit.py:536} INFO - 24/01/05 16:51:35 INFO BlockManagerMasterEndpoint: Registering block manager airflow.Home:45073 with 366.3 MiB RAM, BlockManagerId(driver, airflow.Home, 45073, None)
[2024-01-05T16:51:35.674+0000] {spark_submit.py:536} INFO - 24/01/05 16:51:35 INFO BlockManagerMaster: Registered BlockManager BlockManagerId(driver, airflow.Home, 45073, None)
[2024-01-05T16:51:35.683+0000] {spark_submit.py:536} INFO - 24/01/05 16:51:35 INFO BlockManager: Initialized BlockManager: BlockManagerId(driver, airflow.Home, 45073, None)
[2024-01-05T16:51:38.140+0000] {spark_submit.py:536} INFO - 24/01/05 16:51:38 INFO SharedState: Setting hive.metastore.warehouse.dir ('null') to the value of spark.sql.warehouse.dir ('file:/home/eder/Desktop/Airflow/Twitter/spark-warehouse').
[2024-01-05T16:51:38.143+0000] {spark_submit.py:536} INFO - 24/01/05 16:51:38 INFO SharedState: Warehouse path is 'file:/home/eder/Desktop/Airflow/Twitter/spark-warehouse'.
[2024-01-05T16:51:41.783+0000] {spark_submit.py:536} INFO - 24/01/05 16:51:41 INFO InMemoryFileIndex: It took 250 ms to list leaf files for 1 paths.
[2024-01-05T16:51:42.137+0000] {spark_submit.py:536} INFO - 24/01/05 16:51:42 INFO InMemoryFileIndex: It took 13 ms to list leaf files for 1 paths.
[2024-01-05T16:51:52.091+0000] {spark_submit.py:536} INFO - 24/01/05 16:51:52 INFO FileSourceStrategy: Pushed Filters:
[2024-01-05T16:51:52.096+0000] {spark_submit.py:536} INFO - 24/01/05 16:51:52 INFO FileSourceStrategy: Post-Scan Filters:
[2024-01-05T16:51:52.111+0000] {spark_submit.py:536} INFO - 24/01/05 16:51:52 INFO FileSourceStrategy: Output Data Schema: struct<value: string>
[2024-01-05T16:51:53.732+0000] {spark_submit.py:536} INFO - 24/01/05 16:51:53 INFO MemoryStore: Block broadcast_0 stored as values in memory (estimated size 303.1 KiB, free 366.0 MiB)
[2024-01-05T16:51:53.970+0000] {spark_submit.py:536} INFO - 24/01/05 16:51:53 INFO MemoryStore: Block broadcast_0_piece0 stored as bytes in memory (estimated size 27.4 KiB, free 366.0 MiB)
[2024-01-05T16:51:53.979+0000] {spark_submit.py:536} INFO - 24/01/05 16:51:53 INFO BlockManagerInfo: Added broadcast_0_piece0 in memory on airflow.Home:45073 (size: 27.4 KiB, free: 366.3 MiB)
[2024-01-05T16:51:54.037+0000] {spark_submit.py:536} INFO - 24/01/05 16:51:54 INFO SparkContext: Created broadcast 0 from json at NativeMethodAccessorImpl.java:0
[2024-01-05T16:51:54.077+0000] {spark_submit.py:536} INFO - 24/01/05 16:51:54 INFO FileSourceScanExec: Planning scan with bin packing, max size: 4203275 bytes, open cost is considered as scanning 4194304 bytes.
[2024-01-05T16:51:54.631+0000] {spark_submit.py:536} INFO - 24/01/05 16:51:54 INFO SparkContext: Starting job: json at NativeMethodAccessorImpl.java:0
[2024-01-05T16:51:54.687+0000] {spark_submit.py:536} INFO - 24/01/05 16:51:54 INFO DAGScheduler: Got job 0 (json at NativeMethodAccessorImpl.java:0) with 1 output partitions
[2024-01-05T16:51:54.694+0000] {spark_submit.py:536} INFO - 24/01/05 16:51:54 INFO DAGScheduler: Final stage: ResultStage 0 (json at NativeMethodAccessorImpl.java:0)
[2024-01-05T16:51:54.702+0000] {spark_submit.py:536} INFO - 24/01/05 16:51:54 INFO DAGScheduler: Parents of final stage: List()
[2024-01-05T16:51:54.706+0000] {spark_submit.py:536} INFO - 24/01/05 16:51:54 INFO DAGScheduler: Missing parents: List()
[2024-01-05T16:51:54.726+0000] {spark_submit.py:536} INFO - 24/01/05 16:51:54 INFO DAGScheduler: Submitting ResultStage 0 (MapPartitionsRDD[3] at json at NativeMethodAccessorImpl.java:0), which has no missing parents
[2024-01-05T16:51:55.189+0000] {spark_submit.py:536} INFO - 24/01/05 16:51:55 INFO MemoryStore: Block broadcast_1 stored as values in memory (estimated size 12.0 KiB, free 366.0 MiB)
[2024-01-05T16:51:55.194+0000] {spark_submit.py:536} INFO - 24/01/05 16:51:55 INFO MemoryStore: Block broadcast_1_piece0 stored as bytes in memory (estimated size 6.3 KiB, free 366.0 MiB)
[2024-01-05T16:51:55.195+0000] {spark_submit.py:536} INFO - 24/01/05 16:51:55 INFO BlockManagerInfo: Added broadcast_1_piece0 in memory on airflow.Home:45073 (size: 6.3 KiB, free: 366.3 MiB)
[2024-01-05T16:51:55.245+0000] {spark_submit.py:536} INFO - 24/01/05 16:51:55 INFO SparkContext: Created broadcast 1 from broadcast at DAGScheduler.scala:1433
[2024-01-05T16:51:55.347+0000] {spark_submit.py:536} INFO - 24/01/05 16:51:55 INFO DAGScheduler: Submitting 1 missing tasks from ResultStage 0 (MapPartitionsRDD[3] at json at NativeMethodAccessorImpl.java:0) (first 15 tasks are for partitions Vector(0))
[2024-01-05T16:51:55.356+0000] {spark_submit.py:536} INFO - 24/01/05 16:51:55 INFO TaskSchedulerImpl: Adding task set 0.0 with 1 tasks resource profile 0
[2024-01-05T16:51:55.462+0000] {spark_submit.py:536} INFO - 24/01/05 16:51:55 INFO TaskSetManager: Starting task 0.0 in stage 0.0 (TID 0) (airflow.Home, executor driver, partition 0, PROCESS_LOCAL, 4905 bytes) taskResourceAssignments Map()
[2024-01-05T16:51:55.528+0000] {spark_submit.py:536} INFO - 24/01/05 16:51:55 INFO Executor: Running task 0.0 in stage 0.0 (TID 0)
[2024-01-05T16:51:56.533+0000] {spark_submit.py:536} INFO - 24/01/05 16:51:56 INFO FileScanRDD: Reading File path: file:///home/eder/Desktop/Airflow/Twitter/data/raw/2024-01-04/%202024-01-04.json, range: 0-8971, partition values: [empty row]
[2024-01-05T16:51:58.140+0000] {spark_submit.py:536} INFO - 24/01/05 16:51:58 INFO CodeGenerator: Code generated in 1275.035198 ms
[2024-01-05T16:51:58.984+0000] {spark_submit.py:536} INFO - 24/01/05 16:51:58 INFO Executor: Finished task 0.0 in stage 0.0 (TID 0). 2841 bytes result sent to driver
[2024-01-05T16:51:59.083+0000] {spark_submit.py:536} INFO - 24/01/05 16:51:59 INFO TaskSetManager: Finished task 0.0 in stage 0.0 (TID 0) in 3604 ms on airflow.Home (executor driver) (1/1)
[2024-01-05T16:51:59.104+0000] {spark_submit.py:536} INFO - 24/01/05 16:51:59 INFO TaskSchedulerImpl: Removed TaskSet 0.0, whose tasks have all completed, from pool
[2024-01-05T16:51:59.142+0000] {spark_submit.py:536} INFO - 24/01/05 16:51:59 INFO DAGScheduler: ResultStage 0 (json at NativeMethodAccessorImpl.java:0) finished in 4.349 s
[2024-01-05T16:51:59.179+0000] {spark_submit.py:536} INFO - 24/01/05 16:51:59 INFO DAGScheduler: Job 0 is finished. Cancelling potential speculative or zombie tasks for this job
[2024-01-05T16:51:59.179+0000] {spark_submit.py:536} INFO - 24/01/05 16:51:59 INFO TaskSchedulerImpl: Killing all running tasks in stage 0: Stage finished
[2024-01-05T16:51:59.204+0000] {spark_submit.py:536} INFO - 24/01/05 16:51:59 INFO DAGScheduler: Job 0 finished: json at NativeMethodAccessorImpl.java:0, took 4.559733 s
[2024-01-05T16:52:00.956+0000] {spark_submit.py:536} INFO - 24/01/05 16:52:00 INFO FileSourceStrategy: Pushed Filters: IsNotNull(data)
[2024-01-05T16:52:00.963+0000] {spark_submit.py:536} INFO - 24/01/05 16:52:00 INFO FileSourceStrategy: Post-Scan Filters: (size(data#7, true) > 0),isnotnull(data#7)
[2024-01-05T16:52:00.964+0000] {spark_submit.py:536} INFO - 24/01/05 16:52:00 INFO FileSourceStrategy: Output Data Schema: struct<data: array<struct<author_id:string,conversation_id:string,created_at:string,edit_history_tweet_ids:array<bigint>,id:string,in_reply_to_user_id:string,lang:string,public_metrics:struct<like_count:bigint,quote_count:bigint,reply_count:bigint,retweet_count:bigint>,text:string>>>
[2024-01-05T16:52:01.230+0000] {spark_submit.py:536} INFO - 24/01/05 16:52:01 INFO FileOutputCommitter: File Output Committer Algorithm version is 1
[2024-01-05T16:52:01.242+0000] {spark_submit.py:536} INFO - 24/01/05 16:52:01 INFO FileOutputCommitter: FileOutputCommitter skip cleanup _temporary folders under output directory:false, ignore cleanup failures: false
[2024-01-05T16:52:01.254+0000] {spark_submit.py:536} INFO - 24/01/05 16:52:01 INFO SQLHadoopMapReduceCommitProtocol: Using output committer class org.apache.hadoop.mapreduce.lib.output.FileOutputCommitter
[2024-01-05T16:52:01.781+0000] {spark_submit.py:536} INFO - 24/01/05 16:52:01 INFO CodeGenerator: Code generated in 80.552781 ms
[2024-01-05T16:52:01.940+0000] {spark_submit.py:536} INFO - 24/01/05 16:52:01 INFO CodeGenerator: Code generated in 99.811965 ms
[2024-01-05T16:52:01.995+0000] {spark_submit.py:536} INFO - 24/01/05 16:52:01 INFO MemoryStore: Block broadcast_2 stored as values in memory (estimated size 303.0 KiB, free 365.7 MiB)
[2024-01-05T16:52:02.011+0000] {spark_submit.py:536} INFO - 24/01/05 16:52:02 INFO MemoryStore: Block broadcast_2_piece0 stored as bytes in memory (estimated size 27.5 KiB, free 365.6 MiB)
[2024-01-05T16:52:02.041+0000] {spark_submit.py:536} INFO - 24/01/05 16:52:02 INFO BlockManagerInfo: Added broadcast_2_piece0 in memory on airflow.Home:45073 (size: 27.5 KiB, free: 366.2 MiB)
[2024-01-05T16:52:02.083+0000] {spark_submit.py:536} INFO - 24/01/05 16:52:02 INFO SparkContext: Created broadcast 2 from json at NativeMethodAccessorImpl.java:0
[2024-01-05T16:52:02.096+0000] {spark_submit.py:536} INFO - 24/01/05 16:52:02 INFO FileSourceScanExec: Planning scan with bin packing, max size: 4203275 bytes, open cost is considered as scanning 4194304 bytes.
[2024-01-05T16:52:02.394+0000] {spark_submit.py:536} INFO - 24/01/05 16:52:02 INFO SparkContext: Starting job: json at NativeMethodAccessorImpl.java:0
[2024-01-05T16:52:02.399+0000] {spark_submit.py:536} INFO - 24/01/05 16:52:02 INFO DAGScheduler: Got job 1 (json at NativeMethodAccessorImpl.java:0) with 1 output partitions
[2024-01-05T16:52:02.404+0000] {spark_submit.py:536} INFO - 24/01/05 16:52:02 INFO DAGScheduler: Final stage: ResultStage 1 (json at NativeMethodAccessorImpl.java:0)
[2024-01-05T16:52:02.404+0000] {spark_submit.py:536} INFO - 24/01/05 16:52:02 INFO DAGScheduler: Parents of final stage: List()
[2024-01-05T16:52:02.404+0000] {spark_submit.py:536} INFO - 24/01/05 16:52:02 INFO DAGScheduler: Missing parents: List()
[2024-01-05T16:52:02.423+0000] {spark_submit.py:536} INFO - 24/01/05 16:52:02 INFO DAGScheduler: Submitting ResultStage 1 (CoalescedRDD[9] at json at NativeMethodAccessorImpl.java:0), which has no missing parents
[2024-01-05T16:52:02.776+0000] {spark_submit.py:536} INFO - 24/01/05 16:52:02 INFO MemoryStore: Block broadcast_3 stored as values in memory (estimated size 189.7 KiB, free 365.5 MiB)
[2024-01-05T16:52:02.798+0000] {spark_submit.py:536} INFO - 24/01/05 16:52:02 INFO MemoryStore: Block broadcast_3_piece0 stored as bytes in memory (estimated size 66.3 KiB, free 365.4 MiB)
[2024-01-05T16:52:02.800+0000] {spark_submit.py:536} INFO - 24/01/05 16:52:02 INFO BlockManagerInfo: Added broadcast_3_piece0 in memory on airflow.Home:45073 (size: 66.3 KiB, free: 366.2 MiB)
[2024-01-05T16:52:02.804+0000] {spark_submit.py:536} INFO - 24/01/05 16:52:02 INFO SparkContext: Created broadcast 3 from broadcast at DAGScheduler.scala:1433
[2024-01-05T16:52:02.811+0000] {spark_submit.py:536} INFO - 24/01/05 16:52:02 INFO DAGScheduler: Submitting 1 missing tasks from ResultStage 1 (CoalescedRDD[9] at json at NativeMethodAccessorImpl.java:0) (first 15 tasks are for partitions Vector(0))
[2024-01-05T16:52:02.811+0000] {spark_submit.py:536} INFO - 24/01/05 16:52:02 INFO TaskSchedulerImpl: Adding task set 1.0 with 1 tasks resource profile 0
[2024-01-05T16:52:02.830+0000] {spark_submit.py:536} INFO - 24/01/05 16:52:02 INFO TaskSetManager: Starting task 0.0 in stage 1.0 (TID 1) (airflow.Home, executor driver, partition 0, PROCESS_LOCAL, 5134 bytes) taskResourceAssignments Map()
[2024-01-05T16:52:02.845+0000] {spark_submit.py:536} INFO - 24/01/05 16:52:02 INFO Executor: Running task 0.0 in stage 1.0 (TID 1)
[2024-01-05T16:52:03.154+0000] {spark_submit.py:536} INFO - 24/01/05 16:52:03 INFO FileOutputCommitter: File Output Committer Algorithm version is 1
[2024-01-05T16:52:03.159+0000] {spark_submit.py:536} INFO - 24/01/05 16:52:03 INFO FileOutputCommitter: FileOutputCommitter skip cleanup _temporary folders under output directory:false, ignore cleanup failures: false
[2024-01-05T16:52:03.167+0000] {spark_submit.py:536} INFO - 24/01/05 16:52:03 INFO SQLHadoopMapReduceCommitProtocol: Using output committer class org.apache.hadoop.mapreduce.lib.output.FileOutputCommitter
[2024-01-05T16:52:03.751+0000] {spark_submit.py:536} INFO - 24/01/05 16:52:03 INFO CodeGenerator: Code generated in 110.291662 ms
[2024-01-05T16:52:03.768+0000] {spark_submit.py:536} INFO - 24/01/05 16:52:03 INFO FileScanRDD: Reading File path: file:///home/eder/Desktop/Airflow/Twitter/data/raw/2024-01-04/%202024-01-04.json, range: 0-8971, partition values: [empty row]
[2024-01-05T16:52:03.908+0000] {spark_submit.py:536} INFO - 24/01/05 16:52:03 INFO CodeGenerator: Code generated in 131.473693 ms
[2024-01-05T16:52:04.012+0000] {spark_submit.py:536} INFO - 24/01/05 16:52:04 INFO CodeGenerator: Code generated in 27.903191 ms
[2024-01-05T16:52:04.270+0000] {spark_submit.py:536} INFO - 24/01/05 16:52:04 INFO FileOutputCommitter: Saved output of task 'attempt_202401051652025004646981467567483_0001_m_000000_1' to file:/home/eder/Desktop/Airflow/Twitter/data/processed/tweets/2024-01-04/_temporary/0/task_202401051652025004646981467567483_0001_m_000000
[2024-01-05T16:52:04.279+0000] {spark_submit.py:536} INFO - 24/01/05 16:52:04 INFO SparkHadoopMapRedUtil: attempt_202401051652025004646981467567483_0001_m_000000_1: Committed
[2024-01-05T16:52:04.304+0000] {spark_submit.py:536} INFO - 24/01/05 16:52:04 INFO Executor: Finished task 0.0 in stage 1.0 (TID 1). 2901 bytes result sent to driver
[2024-01-05T16:52:04.322+0000] {spark_submit.py:536} INFO - 24/01/05 16:52:04 INFO TaskSetManager: Finished task 0.0 in stage 1.0 (TID 1) in 1508 ms on airflow.Home (executor driver) (1/1)
[2024-01-05T16:52:04.327+0000] {spark_submit.py:536} INFO - 24/01/05 16:52:04 INFO TaskSchedulerImpl: Removed TaskSet 1.0, whose tasks have all completed, from pool
[2024-01-05T16:52:04.330+0000] {spark_submit.py:536} INFO - 24/01/05 16:52:04 INFO DAGScheduler: ResultStage 1 (json at NativeMethodAccessorImpl.java:0) finished in 1.897 s
[2024-01-05T16:52:04.342+0000] {spark_submit.py:536} INFO - 24/01/05 16:52:04 INFO DAGScheduler: Job 1 is finished. Cancelling potential speculative or zombie tasks for this job
[2024-01-05T16:52:04.351+0000] {spark_submit.py:536} INFO - 24/01/05 16:52:04 INFO TaskSchedulerImpl: Killing all running tasks in stage 1: Stage finished
[2024-01-05T16:52:04.372+0000] {spark_submit.py:536} INFO - 24/01/05 16:52:04 INFO DAGScheduler: Job 1 finished: json at NativeMethodAccessorImpl.java:0, took 1.962894 s
[2024-01-05T16:52:04.631+0000] {spark_submit.py:536} INFO - 24/01/05 16:52:04 INFO FileFormatWriter: Write Job bd6650a2-cc01-406d-a389-05cc8af825db committed.
[2024-01-05T16:52:04.695+0000] {spark_submit.py:536} INFO - 24/01/05 16:52:04 INFO FileFormatWriter: Finished processing stats for write job bd6650a2-cc01-406d-a389-05cc8af825db.
[2024-01-05T16:52:04.954+0000] {spark_submit.py:536} INFO - 24/01/05 16:52:04 INFO FileSourceStrategy: Pushed Filters:
[2024-01-05T16:52:04.967+0000] {spark_submit.py:536} INFO - 24/01/05 16:52:04 INFO FileSourceStrategy: Post-Scan Filters:
[2024-01-05T16:52:04.968+0000] {spark_submit.py:536} INFO - 24/01/05 16:52:04 INFO FileSourceStrategy: Output Data Schema: struct<includes: struct<users: array<struct<created_at:string,id:string,name:string,username:string>>>>
[2024-01-05T16:52:05.015+0000] {spark_submit.py:536} INFO - 24/01/05 16:52:05 INFO FileOutputCommitter: File Output Committer Algorithm version is 1
[2024-01-05T16:52:05.026+0000] {spark_submit.py:536} INFO - 24/01/05 16:52:05 INFO FileOutputCommitter: FileOutputCommitter skip cleanup _temporary folders under output directory:false, ignore cleanup failures: false
[2024-01-05T16:52:05.027+0000] {spark_submit.py:536} INFO - 24/01/05 16:52:05 INFO SQLHadoopMapReduceCommitProtocol: Using output committer class org.apache.hadoop.mapreduce.lib.output.FileOutputCommitter
[2024-01-05T16:52:05.256+0000] {spark_submit.py:536} INFO - 24/01/05 16:52:05 INFO CodeGenerator: Code generated in 63.057494 ms
[2024-01-05T16:52:05.285+0000] {spark_submit.py:536} INFO - 24/01/05 16:52:05 INFO MemoryStore: Block broadcast_4 stored as values in memory (estimated size 303.0 KiB, free 365.1 MiB)
[2024-01-05T16:52:05.300+0000] {spark_submit.py:536} INFO - 24/01/05 16:52:05 INFO MemoryStore: Block broadcast_4_piece0 stored as bytes in memory (estimated size 27.5 KiB, free 365.1 MiB)
[2024-01-05T16:52:05.300+0000] {spark_submit.py:536} INFO - 24/01/05 16:52:05 INFO BlockManagerInfo: Added broadcast_4_piece0 in memory on airflow.Home:45073 (size: 27.5 KiB, free: 366.1 MiB)
[2024-01-05T16:52:05.300+0000] {spark_submit.py:536} INFO - 24/01/05 16:52:05 INFO SparkContext: Created broadcast 4 from json at NativeMethodAccessorImpl.java:0
[2024-01-05T16:52:05.301+0000] {spark_submit.py:536} INFO - 24/01/05 16:52:05 INFO FileSourceScanExec: Planning scan with bin packing, max size: 4203275 bytes, open cost is considered as scanning 4194304 bytes.
[2024-01-05T16:52:05.324+0000] {spark_submit.py:536} INFO - 24/01/05 16:52:05 INFO SparkContext: Starting job: json at NativeMethodAccessorImpl.java:0
[2024-01-05T16:52:05.328+0000] {spark_submit.py:536} INFO - 24/01/05 16:52:05 INFO DAGScheduler: Got job 2 (json at NativeMethodAccessorImpl.java:0) with 1 output partitions
[2024-01-05T16:52:05.330+0000] {spark_submit.py:536} INFO - 24/01/05 16:52:05 INFO DAGScheduler: Final stage: ResultStage 2 (json at NativeMethodAccessorImpl.java:0)
[2024-01-05T16:52:05.330+0000] {spark_submit.py:536} INFO - 24/01/05 16:52:05 INFO DAGScheduler: Parents of final stage: List()
[2024-01-05T16:52:05.330+0000] {spark_submit.py:536} INFO - 24/01/05 16:52:05 INFO DAGScheduler: Missing parents: List()
[2024-01-05T16:52:05.352+0000] {spark_submit.py:536} INFO - 24/01/05 16:52:05 INFO DAGScheduler: Submitting ResultStage 2 (CoalescedRDD[16] at json at NativeMethodAccessorImpl.java:0), which has no missing parents
[2024-01-05T16:52:05.453+0000] {spark_submit.py:536} INFO - 24/01/05 16:52:05 INFO MemoryStore: Block broadcast_5 stored as values in memory (estimated size 178.0 KiB, free 364.9 MiB)
[2024-01-05T16:52:05.479+0000] {spark_submit.py:536} INFO - 24/01/05 16:52:05 INFO MemoryStore: Block broadcast_5_piece0 stored as bytes in memory (estimated size 63.8 KiB, free 364.8 MiB)
[2024-01-05T16:52:05.482+0000] {spark_submit.py:536} INFO - 24/01/05 16:52:05 INFO BlockManagerInfo: Added broadcast_5_piece0 in memory on airflow.Home:45073 (size: 63.8 KiB, free: 366.1 MiB)
[2024-01-05T16:52:05.487+0000] {spark_submit.py:536} INFO - 24/01/05 16:52:05 INFO SparkContext: Created broadcast 5 from broadcast at DAGScheduler.scala:1433
[2024-01-05T16:52:05.500+0000] {spark_submit.py:536} INFO - 24/01/05 16:52:05 INFO DAGScheduler: Submitting 1 missing tasks from ResultStage 2 (CoalescedRDD[16] at json at NativeMethodAccessorImpl.java:0) (first 15 tasks are for partitions Vector(0))
[2024-01-05T16:52:05.500+0000] {spark_submit.py:536} INFO - 24/01/05 16:52:05 INFO TaskSchedulerImpl: Adding task set 2.0 with 1 tasks resource profile 0
[2024-01-05T16:52:05.504+0000] {spark_submit.py:536} INFO - 24/01/05 16:52:05 INFO TaskSetManager: Starting task 0.0 in stage 2.0 (TID 2) (airflow.Home, executor driver, partition 0, PROCESS_LOCAL, 5134 bytes) taskResourceAssignments Map()
[2024-01-05T16:52:05.506+0000] {spark_submit.py:536} INFO - 24/01/05 16:52:05 INFO Executor: Running task 0.0 in stage 2.0 (TID 2)
[2024-01-05T16:52:05.555+0000] {spark_submit.py:536} INFO - 24/01/05 16:52:05 INFO FileOutputCommitter: File Output Committer Algorithm version is 1
[2024-01-05T16:52:05.571+0000] {spark_submit.py:536} INFO - 24/01/05 16:52:05 INFO FileOutputCommitter: FileOutputCommitter skip cleanup _temporary folders under output directory:false, ignore cleanup failures: false
[2024-01-05T16:52:05.572+0000] {spark_submit.py:536} INFO - 24/01/05 16:52:05 INFO SQLHadoopMapReduceCommitProtocol: Using output committer class org.apache.hadoop.mapreduce.lib.output.FileOutputCommitter
[2024-01-05T16:52:05.863+0000] {spark_submit.py:536} INFO - 24/01/05 16:52:05 INFO CodeGenerator: Code generated in 74.016848 ms
[2024-01-05T16:52:05.877+0000] {spark_submit.py:536} INFO - 24/01/05 16:52:05 INFO FileScanRDD: Reading File path: file:///home/eder/Desktop/Airflow/Twitter/data/raw/2024-01-04/%202024-01-04.json, range: 0-8971, partition values: [empty row]
[2024-01-05T16:52:05.941+0000] {spark_submit.py:536} INFO - 24/01/05 16:52:05 INFO CodeGenerator: Code generated in 58.562287 ms
[2024-01-05T16:52:05.988+0000] {spark_submit.py:536} INFO - 24/01/05 16:52:05 INFO FileOutputCommitter: Saved output of task 'attempt_202401051652054594051175370308080_0002_m_000000_2' to file:/home/eder/Desktop/Airflow/Twitter/data/processed/users/2024-01-04/_temporary/0/task_202401051652054594051175370308080_0002_m_000000
[2024-01-05T16:52:05.988+0000] {spark_submit.py:536} INFO - 24/01/05 16:52:05 INFO SparkHadoopMapRedUtil: attempt_202401051652054594051175370308080_0002_m_000000_2: Committed
[2024-01-05T16:52:05.998+0000] {spark_submit.py:536} INFO - 24/01/05 16:52:05 INFO Executor: Finished task 0.0 in stage 2.0 (TID 2). 2734 bytes result sent to driver
[2024-01-05T16:52:06.006+0000] {spark_submit.py:536} INFO - 24/01/05 16:52:06 INFO TaskSetManager: Finished task 0.0 in stage 2.0 (TID 2) in 505 ms on airflow.Home (executor driver) (1/1)
[2024-01-05T16:52:06.011+0000] {spark_submit.py:536} INFO - 24/01/05 16:52:06 INFO DAGScheduler: ResultStage 2 (json at NativeMethodAccessorImpl.java:0) finished in 0.632 s
[2024-01-05T16:52:06.011+0000] {spark_submit.py:536} INFO - 24/01/05 16:52:06 INFO DAGScheduler: Job 2 is finished. Cancelling potential speculative or zombie tasks for this job
[2024-01-05T16:52:06.016+0000] {spark_submit.py:536} INFO - 24/01/05 16:52:06 INFO TaskSchedulerImpl: Removed TaskSet 2.0, whose tasks have all completed, from pool
[2024-01-05T16:52:06.016+0000] {spark_submit.py:536} INFO - 24/01/05 16:52:06 INFO TaskSchedulerImpl: Killing all running tasks in stage 2: Stage finished
[2024-01-05T16:52:06.023+0000] {spark_submit.py:536} INFO - 24/01/05 16:52:06 INFO DAGScheduler: Job 2 finished: json at NativeMethodAccessorImpl.java:0, took 0.696240 s
[2024-01-05T16:52:06.132+0000] {spark_submit.py:536} INFO - 24/01/05 16:52:06 INFO FileFormatWriter: Write Job e840f6e8-8acf-4342-8155-a63c58777fd0 committed.
[2024-01-05T16:52:06.132+0000] {spark_submit.py:536} INFO - 24/01/05 16:52:06 INFO FileFormatWriter: Finished processing stats for write job e840f6e8-8acf-4342-8155-a63c58777fd0.
[2024-01-05T16:52:06.412+0000] {spark_submit.py:536} INFO - 24/01/05 16:52:06 INFO SparkContext: Invoking stop() from shutdown hook
[2024-01-05T16:52:06.648+0000] {spark_submit.py:536} INFO - 24/01/05 16:52:06 INFO SparkUI: Stopped Spark web UI at http://airflow.Home:4040
[2024-01-05T16:52:06.920+0000] {spark_submit.py:536} INFO - 24/01/05 16:52:06 INFO MapOutputTrackerMasterEndpoint: MapOutputTrackerMasterEndpoint stopped!
[2024-01-05T16:52:07.080+0000] {spark_submit.py:536} INFO - 24/01/05 16:52:07 INFO MemoryStore: MemoryStore cleared
[2024-01-05T16:52:07.094+0000] {spark_submit.py:536} INFO - 24/01/05 16:52:07 INFO BlockManager: BlockManager stopped
[2024-01-05T16:52:07.187+0000] {spark_submit.py:536} INFO - 24/01/05 16:52:07 INFO BlockManagerMaster: BlockManagerMaster stopped
[2024-01-05T16:52:07.216+0000] {spark_submit.py:536} INFO - 24/01/05 16:52:07 INFO OutputCommitCoordinator$OutputCommitCoordinatorEndpoint: OutputCommitCoordinator stopped!
[2024-01-05T16:52:07.287+0000] {spark_submit.py:536} INFO - 24/01/05 16:52:07 INFO SparkContext: Successfully stopped SparkContext
[2024-01-05T16:52:07.294+0000] {spark_submit.py:536} INFO - 24/01/05 16:52:07 INFO ShutdownHookManager: Shutdown hook called
[2024-01-05T16:52:07.303+0000] {spark_submit.py:536} INFO - 24/01/05 16:52:07 INFO ShutdownHookManager: Deleting directory /tmp/spark-ebacb148-0bbb-40e5-9fa1-bca88b9e29d8/pyspark-526db4fa-f66b-4a68-91ac-95154bd7961b
[2024-01-05T16:52:07.344+0000] {spark_submit.py:536} INFO - 24/01/05 16:52:07 INFO ShutdownHookManager: Deleting directory /tmp/spark-ebacb148-0bbb-40e5-9fa1-bca88b9e29d8
[2024-01-05T16:52:07.384+0000] {spark_submit.py:536} INFO - 24/01/05 16:52:07 INFO ShutdownHookManager: Deleting directory /tmp/spark-4dc3d98a-7ce9-49eb-ac02-85ac5710305d
[2024-01-05T16:52:07.567+0000] {taskinstance.py:1138} INFO - Marking task as SUCCESS. dag_id=TwitterDAG, task_id=transform_twitter_data, execution_date=20240104T000000, start_date=20240105T165118, end_date=20240105T165207
[2024-01-05T16:52:07.735+0000] {local_task_job_runner.py:234} INFO - Task exited with return code 0
[2024-01-05T16:52:07.758+0000] {taskinstance.py:3281} INFO - 0 downstream tasks scheduled from follow-on schedule check
[2024-01-05T17:48:58.732+0000] {taskinstance.py:1957} INFO - Dependencies all met for dep_context=non-requeueable deps ti=<TaskInstance: TwitterDAG.transform_twitter_data scheduled__2024-01-04T00:00:00+00:00 [queued]>
[2024-01-05T17:48:58.762+0000] {taskinstance.py:1957} INFO - Dependencies all met for dep_context=requeueable deps ti=<TaskInstance: TwitterDAG.transform_twitter_data scheduled__2024-01-04T00:00:00+00:00 [queued]>
[2024-01-05T17:48:58.762+0000] {taskinstance.py:2171} INFO - Starting attempt 1 of 1
[2024-01-05T17:48:58.799+0000] {taskinstance.py:2192} INFO - Executing <Task(SparkSubmitOperator): transform_twitter_data> on 2024-01-04 00:00:00+00:00
[2024-01-05T17:48:58.803+0000] {standard_task_runner.py:60} INFO - Started process 30662 to run task
[2024-01-05T17:48:58.806+0000] {standard_task_runner.py:87} INFO - Running: ['airflow', 'tasks', 'run', 'TwitterDAG', 'transform_twitter_data', 'scheduled__2024-01-04T00:00:00+00:00', '--job-id', '79', '--raw', '--subdir', 'DAGS_FOLDER/twitter_dag.py', '--cfg-path', '/tmp/tmpuendn5r7']
[2024-01-05T17:48:58.807+0000] {standard_task_runner.py:88} INFO - Job 79: Subtask transform_twitter_data
[2024-01-05T17:48:58.843+0000] {task_command.py:423} INFO - Running <TaskInstance: TwitterDAG.transform_twitter_data scheduled__2024-01-04T00:00:00+00:00 [running]> on host airflow.vm.local
[2024-01-05T17:48:58.904+0000] {taskinstance.py:2481} INFO - Exporting env vars: AIRFLOW_CTX_DAG_OWNER='airflow' AIRFLOW_CTX_DAG_ID='TwitterDAG' AIRFLOW_CTX_TASK_ID='transform_twitter_data' AIRFLOW_CTX_EXECUTION_DATE='2024-01-04T00:00:00+00:00' AIRFLOW_CTX_TRY_NUMBER='1' AIRFLOW_CTX_DAG_RUN_ID='scheduled__2024-01-04T00:00:00+00:00'
[2024-01-05T17:48:58.908+0000] {base.py:83} INFO - Using connection ID 'spark_default' for task execution.
[2024-01-05T17:48:58.909+0000] {spark_submit.py:366} INFO - Spark-Submit cmd: spark-submit --master local --name Twitter Transformation --queue root.default /home/eder/Desktop/Airflow/Twitter/src/spark/transformation.py --src /home/eder/Desktop/Airflow/Twitter/data/raw/2024-01-04 --dest /home/eder/Desktop/Airflow/Twitter/data/processed/ --process_date 2024-01-04
[2024-01-05T17:49:01.154+0000] {spark_submit.py:536} INFO - 24/01/05 17:49:01 WARN Utils: Your hostname, airflow resolves to a loopback address: 127.0.1.1; using 192.168.1.79 instead (on interface enp0s3)
[2024-01-05T17:49:01.154+0000] {spark_submit.py:536} INFO - 24/01/05 17:49:01 WARN Utils: Set SPARK_LOCAL_IP if you need to bind to another address
[2024-01-05T17:49:02.988+0000] {spark_submit.py:536} INFO - 24/01/05 17:49:02 WARN NativeCodeLoader: Unable to load native-hadoop library for your platform... using builtin-java classes where applicable
[2024-01-05T17:49:03.832+0000] {spark_submit.py:536} INFO - Using Spark's default log4j profile: org/apache/spark/log4j-defaults.properties
[2024-01-05T17:49:03.858+0000] {spark_submit.py:536} INFO - 24/01/05 17:49:03 INFO SparkContext: Running Spark version 3.1.3
[2024-01-05T17:49:03.945+0000] {spark_submit.py:536} INFO - 24/01/05 17:49:03 INFO ResourceUtils: ==============================================================
[2024-01-05T17:49:03.947+0000] {spark_submit.py:536} INFO - 24/01/05 17:49:03 INFO ResourceUtils: No custom resources configured for spark.driver.
[2024-01-05T17:49:03.947+0000] {spark_submit.py:536} INFO - 24/01/05 17:49:03 INFO ResourceUtils: ==============================================================
[2024-01-05T17:49:03.956+0000] {spark_submit.py:536} INFO - 24/01/05 17:49:03 INFO SparkContext: Submitted application: Data Transformation
[2024-01-05T17:49:04.019+0000] {spark_submit.py:536} INFO - 24/01/05 17:49:04 INFO ResourceProfile: Default ResourceProfile created, executor resources: Map(cores -> name: cores, amount: 1, script: , vendor: , memory -> name: memory, amount: 1024, script: , vendor: , offHeap -> name: offHeap, amount: 0, script: , vendor: ), task resources: Map(cpus -> name: cpus, amount: 1.0)
[2024-01-05T17:49:04.035+0000] {spark_submit.py:536} INFO - 24/01/05 17:49:04 INFO ResourceProfile: Limiting resource is cpu
[2024-01-05T17:49:04.036+0000] {spark_submit.py:536} INFO - 24/01/05 17:49:04 INFO ResourceProfileManager: Added ResourceProfile id: 0
[2024-01-05T17:49:04.143+0000] {spark_submit.py:536} INFO - 24/01/05 17:49:04 INFO SecurityManager: Changing view acls to: eder
[2024-01-05T17:49:04.143+0000] {spark_submit.py:536} INFO - 24/01/05 17:49:04 INFO SecurityManager: Changing modify acls to: eder
[2024-01-05T17:49:04.144+0000] {spark_submit.py:536} INFO - 24/01/05 17:49:04 INFO SecurityManager: Changing view acls groups to:
[2024-01-05T17:49:04.144+0000] {spark_submit.py:536} INFO - 24/01/05 17:49:04 INFO SecurityManager: Changing modify acls groups to:
[2024-01-05T17:49:04.144+0000] {spark_submit.py:536} INFO - 24/01/05 17:49:04 INFO SecurityManager: SecurityManager: authentication disabled; ui acls disabled; users  with view permissions: Set(eder); groups with view permissions: Set(); users  with modify permissions: Set(eder); groups with modify permissions: Set()
[2024-01-05T17:49:04.729+0000] {spark_submit.py:536} INFO - 24/01/05 17:49:04 INFO Utils: Successfully started service 'sparkDriver' on port 42085.
[2024-01-05T17:49:04.786+0000] {spark_submit.py:536} INFO - 24/01/05 17:49:04 INFO SparkEnv: Registering MapOutputTracker
[2024-01-05T17:49:04.858+0000] {spark_submit.py:536} INFO - 24/01/05 17:49:04 INFO SparkEnv: Registering BlockManagerMaster
[2024-01-05T17:49:04.903+0000] {spark_submit.py:536} INFO - 24/01/05 17:49:04 INFO BlockManagerMasterEndpoint: Using org.apache.spark.storage.DefaultTopologyMapper for getting topology information
[2024-01-05T17:49:04.903+0000] {spark_submit.py:536} INFO - 24/01/05 17:49:04 INFO BlockManagerMasterEndpoint: BlockManagerMasterEndpoint up
[2024-01-05T17:49:04.919+0000] {spark_submit.py:536} INFO - 24/01/05 17:49:04 INFO SparkEnv: Registering BlockManagerMasterHeartbeat
[2024-01-05T17:49:04.998+0000] {spark_submit.py:536} INFO - 24/01/05 17:49:04 INFO DiskBlockManager: Created local directory at /tmp/blockmgr-5637a52c-b01f-40d5-944d-dc3b235c8fad
[2024-01-05T17:49:05.054+0000] {spark_submit.py:536} INFO - 24/01/05 17:49:05 INFO MemoryStore: MemoryStore started with capacity 366.3 MiB
[2024-01-05T17:49:05.108+0000] {spark_submit.py:536} INFO - 24/01/05 17:49:05 INFO SparkEnv: Registering OutputCommitCoordinator
[2024-01-05T17:49:05.567+0000] {spark_submit.py:536} INFO - 24/01/05 17:49:05 INFO Utils: Successfully started service 'SparkUI' on port 4040.
[2024-01-05T17:49:05.696+0000] {spark_submit.py:536} INFO - 24/01/05 17:49:05 INFO SparkUI: Bound SparkUI to 0.0.0.0, and started at http://airflow.Home:4040
[2024-01-05T17:49:06.141+0000] {spark_submit.py:536} INFO - 24/01/05 17:49:06 INFO Executor: Starting executor ID driver on host airflow.Home
[2024-01-05T17:49:06.201+0000] {spark_submit.py:536} INFO - 24/01/05 17:49:06 INFO Utils: Successfully started service 'org.apache.spark.network.netty.NettyBlockTransferService' on port 44847.
[2024-01-05T17:49:06.201+0000] {spark_submit.py:536} INFO - 24/01/05 17:49:06 INFO NettyBlockTransferService: Server created on airflow.Home:44847
[2024-01-05T17:49:06.204+0000] {spark_submit.py:536} INFO - 24/01/05 17:49:06 INFO BlockManager: Using org.apache.spark.storage.RandomBlockReplicationPolicy for block replication policy
[2024-01-05T17:49:06.219+0000] {spark_submit.py:536} INFO - 24/01/05 17:49:06 INFO BlockManagerMaster: Registering BlockManager BlockManagerId(driver, airflow.Home, 44847, None)
[2024-01-05T17:49:06.257+0000] {spark_submit.py:536} INFO - 24/01/05 17:49:06 INFO BlockManagerMasterEndpoint: Registering block manager airflow.Home:44847 with 366.3 MiB RAM, BlockManagerId(driver, airflow.Home, 44847, None)
[2024-01-05T17:49:06.264+0000] {spark_submit.py:536} INFO - 24/01/05 17:49:06 INFO BlockManagerMaster: Registered BlockManager BlockManagerId(driver, airflow.Home, 44847, None)
[2024-01-05T17:49:06.266+0000] {spark_submit.py:536} INFO - 24/01/05 17:49:06 INFO BlockManager: Initialized BlockManager: BlockManagerId(driver, airflow.Home, 44847, None)
[2024-01-05T17:49:07.278+0000] {spark_submit.py:536} INFO - 24/01/05 17:49:07 INFO SharedState: Setting hive.metastore.warehouse.dir ('null') to the value of spark.sql.warehouse.dir ('file:/home/eder/Desktop/Airflow/Twitter/spark-warehouse').
[2024-01-05T17:49:07.279+0000] {spark_submit.py:536} INFO - 24/01/05 17:49:07 INFO SharedState: Warehouse path is 'file:/home/eder/Desktop/Airflow/Twitter/spark-warehouse'.
[2024-01-05T17:49:08.655+0000] {spark_submit.py:536} INFO - 24/01/05 17:49:08 INFO InMemoryFileIndex: It took 75 ms to list leaf files for 1 paths.
[2024-01-05T17:49:08.792+0000] {spark_submit.py:536} INFO - 24/01/05 17:49:08 INFO InMemoryFileIndex: It took 2 ms to list leaf files for 2 paths.
[2024-01-05T17:49:12.442+0000] {spark_submit.py:536} INFO - 24/01/05 17:49:12 INFO FileSourceStrategy: Pushed Filters:
[2024-01-05T17:49:12.445+0000] {spark_submit.py:536} INFO - 24/01/05 17:49:12 INFO FileSourceStrategy: Post-Scan Filters:
[2024-01-05T17:49:12.454+0000] {spark_submit.py:536} INFO - 24/01/05 17:49:12 INFO FileSourceStrategy: Output Data Schema: struct<value: string>
[2024-01-05T17:49:13.051+0000] {spark_submit.py:536} INFO - 24/01/05 17:49:13 INFO MemoryStore: Block broadcast_0 stored as values in memory (estimated size 303.1 KiB, free 366.0 MiB)
[2024-01-05T17:49:13.274+0000] {spark_submit.py:536} INFO - 24/01/05 17:49:13 INFO MemoryStore: Block broadcast_0_piece0 stored as bytes in memory (estimated size 27.4 KiB, free 366.0 MiB)
[2024-01-05T17:49:13.278+0000] {spark_submit.py:536} INFO - 24/01/05 17:49:13 INFO BlockManagerInfo: Added broadcast_0_piece0 in memory on airflow.Home:44847 (size: 27.4 KiB, free: 366.3 MiB)
[2024-01-05T17:49:13.287+0000] {spark_submit.py:536} INFO - 24/01/05 17:49:13 INFO SparkContext: Created broadcast 0 from json at NativeMethodAccessorImpl.java:0
[2024-01-05T17:49:13.306+0000] {spark_submit.py:536} INFO - 24/01/05 17:49:13 INFO FileSourceScanExec: Planning scan with bin packing, max size: 8397631 bytes, open cost is considered as scanning 4194304 bytes.
[2024-01-05T17:49:13.703+0000] {spark_submit.py:536} INFO - 24/01/05 17:49:13 INFO SparkContext: Starting job: json at NativeMethodAccessorImpl.java:0
[2024-01-05T17:49:13.739+0000] {spark_submit.py:536} INFO - 24/01/05 17:49:13 INFO DAGScheduler: Got job 0 (json at NativeMethodAccessorImpl.java:0) with 1 output partitions
[2024-01-05T17:49:13.740+0000] {spark_submit.py:536} INFO - 24/01/05 17:49:13 INFO DAGScheduler: Final stage: ResultStage 0 (json at NativeMethodAccessorImpl.java:0)
[2024-01-05T17:49:13.741+0000] {spark_submit.py:536} INFO - 24/01/05 17:49:13 INFO DAGScheduler: Parents of final stage: List()
[2024-01-05T17:49:13.744+0000] {spark_submit.py:536} INFO - 24/01/05 17:49:13 INFO DAGScheduler: Missing parents: List()
[2024-01-05T17:49:13.761+0000] {spark_submit.py:536} INFO - 24/01/05 17:49:13 INFO DAGScheduler: Submitting ResultStage 0 (MapPartitionsRDD[3] at json at NativeMethodAccessorImpl.java:0), which has no missing parents
[2024-01-05T17:49:13.941+0000] {spark_submit.py:536} INFO - 24/01/05 17:49:13 INFO MemoryStore: Block broadcast_1 stored as values in memory (estimated size 12.0 KiB, free 366.0 MiB)
[2024-01-05T17:49:13.945+0000] {spark_submit.py:536} INFO - 24/01/05 17:49:13 INFO MemoryStore: Block broadcast_1_piece0 stored as bytes in memory (estimated size 6.3 KiB, free 366.0 MiB)
[2024-01-05T17:49:13.947+0000] {spark_submit.py:536} INFO - 24/01/05 17:49:13 INFO BlockManagerInfo: Added broadcast_1_piece0 in memory on airflow.Home:44847 (size: 6.3 KiB, free: 366.3 MiB)
[2024-01-05T17:49:13.963+0000] {spark_submit.py:536} INFO - 24/01/05 17:49:13 INFO SparkContext: Created broadcast 1 from broadcast at DAGScheduler.scala:1433
[2024-01-05T17:49:14.029+0000] {spark_submit.py:536} INFO - 24/01/05 17:49:14 INFO DAGScheduler: Submitting 1 missing tasks from ResultStage 0 (MapPartitionsRDD[3] at json at NativeMethodAccessorImpl.java:0) (first 15 tasks are for partitions Vector(0))
[2024-01-05T17:49:14.031+0000] {spark_submit.py:536} INFO - 24/01/05 17:49:14 INFO TaskSchedulerImpl: Adding task set 0.0 with 1 tasks resource profile 0
[2024-01-05T17:49:14.149+0000] {spark_submit.py:536} INFO - 24/01/05 17:49:14 INFO TaskSetManager: Starting task 0.0 in stage 0.0 (TID 0) (airflow.Home, executor driver, partition 0, PROCESS_LOCAL, 5015 bytes) taskResourceAssignments Map()
[2024-01-05T17:49:14.187+0000] {spark_submit.py:536} INFO - 24/01/05 17:49:14 INFO Executor: Running task 0.0 in stage 0.0 (TID 0)
[2024-01-05T17:49:14.665+0000] {spark_submit.py:536} INFO - 24/01/05 17:49:14 INFO FileScanRDD: Reading File path: file:///home/eder/Desktop/Airflow/Twitter/data/raw/2024-01-04/%202024-01-04.json, range: 0-4593, partition values: [empty row]
[2024-01-05T17:49:15.146+0000] {spark_submit.py:536} INFO - 24/01/05 17:49:15 INFO CodeGenerator: Code generated in 310.762067 ms
[2024-01-05T17:49:15.208+0000] {spark_submit.py:536} INFO - 24/01/05 17:49:15 INFO FileScanRDD: Reading File path: file:///home/eder/Desktop/Airflow/Twitter/data/raw/2024-01-04/%202024-01-05.json, range: 0-4430, partition values: [empty row]
[2024-01-05T17:49:15.246+0000] {spark_submit.py:536} INFO - 24/01/05 17:49:15 INFO Executor: Finished task 0.0 in stage 0.0 (TID 0). 2768 bytes result sent to driver
[2024-01-05T17:49:15.266+0000] {spark_submit.py:536} INFO - 24/01/05 17:49:15 INFO TaskSetManager: Finished task 0.0 in stage 0.0 (TID 0) in 1134 ms on airflow.Home (executor driver) (1/1)
[2024-01-05T17:49:15.272+0000] {spark_submit.py:536} INFO - 24/01/05 17:49:15 INFO TaskSchedulerImpl: Removed TaskSet 0.0, whose tasks have all completed, from pool
[2024-01-05T17:49:15.458+0000] {spark_submit.py:536} INFO - 24/01/05 17:49:15 INFO DAGScheduler: ResultStage 0 (json at NativeMethodAccessorImpl.java:0) finished in 1.667 s
[2024-01-05T17:49:15.466+0000] {spark_submit.py:536} INFO - 24/01/05 17:49:15 INFO DAGScheduler: Job 0 is finished. Cancelling potential speculative or zombie tasks for this job
[2024-01-05T17:49:15.467+0000] {spark_submit.py:536} INFO - 24/01/05 17:49:15 INFO TaskSchedulerImpl: Killing all running tasks in stage 0: Stage finished
[2024-01-05T17:49:15.484+0000] {spark_submit.py:536} INFO - 24/01/05 17:49:15 INFO DAGScheduler: Job 0 finished: json at NativeMethodAccessorImpl.java:0, took 1.773327 s
[2024-01-05T17:49:16.187+0000] {spark_submit.py:536} INFO - 24/01/05 17:49:16 INFO FileSourceStrategy: Pushed Filters: IsNotNull(data)
[2024-01-05T17:49:16.191+0000] {spark_submit.py:536} INFO - 24/01/05 17:49:16 INFO FileSourceStrategy: Post-Scan Filters: (size(data#7, true) > 0),isnotnull(data#7)
[2024-01-05T17:49:16.194+0000] {spark_submit.py:536} INFO - 24/01/05 17:49:16 INFO FileSourceStrategy: Output Data Schema: struct<data: array<struct<author_id:string,conversation_id:string,created_at:string,edit_history_tweet_ids:array<bigint>,id:string,in_reply_to_user_id:string,lang:string,public_metrics:struct<like_count:bigint,quote_count:bigint,reply_count:bigint,retweet_count:bigint>,text:string>>>
[2024-01-05T17:49:16.327+0000] {spark_submit.py:536} INFO - 24/01/05 17:49:16 INFO FileOutputCommitter: File Output Committer Algorithm version is 1
[2024-01-05T17:49:16.328+0000] {spark_submit.py:536} INFO - 24/01/05 17:49:16 INFO FileOutputCommitter: FileOutputCommitter skip cleanup _temporary folders under output directory:false, ignore cleanup failures: false
[2024-01-05T17:49:16.333+0000] {spark_submit.py:536} INFO - 24/01/05 17:49:16 INFO SQLHadoopMapReduceCommitProtocol: Using output committer class org.apache.hadoop.mapreduce.lib.output.FileOutputCommitter
[2024-01-05T17:49:16.556+0000] {spark_submit.py:536} INFO - 24/01/05 17:49:16 INFO CodeGenerator: Code generated in 116.054111 ms
[2024-01-05T17:49:16.792+0000] {spark_submit.py:536} INFO - 24/01/05 17:49:16 INFO CodeGenerator: Code generated in 163.730617 ms
[2024-01-05T17:49:16.805+0000] {spark_submit.py:536} INFO - 24/01/05 17:49:16 INFO MemoryStore: Block broadcast_2 stored as values in memory (estimated size 303.0 KiB, free 365.7 MiB)
[2024-01-05T17:49:16.812+0000] {spark_submit.py:536} INFO - 24/01/05 17:49:16 INFO MemoryStore: Block broadcast_2_piece0 stored as bytes in memory (estimated size 27.5 KiB, free 365.6 MiB)
[2024-01-05T17:49:16.816+0000] {spark_submit.py:536} INFO - 24/01/05 17:49:16 INFO BlockManagerInfo: Added broadcast_2_piece0 in memory on airflow.Home:44847 (size: 27.5 KiB, free: 366.2 MiB)
[2024-01-05T17:49:16.827+0000] {spark_submit.py:536} INFO - 24/01/05 17:49:16 INFO SparkContext: Created broadcast 2 from json at NativeMethodAccessorImpl.java:0
[2024-01-05T17:49:16.834+0000] {spark_submit.py:536} INFO - 24/01/05 17:49:16 INFO FileSourceScanExec: Planning scan with bin packing, max size: 8397631 bytes, open cost is considered as scanning 4194304 bytes.
[2024-01-05T17:49:16.935+0000] {spark_submit.py:536} INFO - 24/01/05 17:49:16 INFO SparkContext: Starting job: json at NativeMethodAccessorImpl.java:0
[2024-01-05T17:49:16.938+0000] {spark_submit.py:536} INFO - 24/01/05 17:49:16 INFO DAGScheduler: Got job 1 (json at NativeMethodAccessorImpl.java:0) with 1 output partitions
[2024-01-05T17:49:16.938+0000] {spark_submit.py:536} INFO - 24/01/05 17:49:16 INFO DAGScheduler: Final stage: ResultStage 1 (json at NativeMethodAccessorImpl.java:0)
[2024-01-05T17:49:16.938+0000] {spark_submit.py:536} INFO - 24/01/05 17:49:16 INFO DAGScheduler: Parents of final stage: List()
[2024-01-05T17:49:16.938+0000] {spark_submit.py:536} INFO - 24/01/05 17:49:16 INFO DAGScheduler: Missing parents: List()
[2024-01-05T17:49:16.942+0000] {spark_submit.py:536} INFO - 24/01/05 17:49:16 INFO DAGScheduler: Submitting ResultStage 1 (CoalescedRDD[9] at json at NativeMethodAccessorImpl.java:0), which has no missing parents
[2024-01-05T17:49:17.082+0000] {spark_submit.py:536} INFO - 24/01/05 17:49:17 INFO MemoryStore: Block broadcast_3 stored as values in memory (estimated size 189.7 KiB, free 365.5 MiB)
[2024-01-05T17:49:17.086+0000] {spark_submit.py:536} INFO - 24/01/05 17:49:17 INFO MemoryStore: Block broadcast_3_piece0 stored as bytes in memory (estimated size 66.4 KiB, free 365.4 MiB)
[2024-01-05T17:49:17.086+0000] {spark_submit.py:536} INFO - 24/01/05 17:49:17 INFO BlockManagerInfo: Added broadcast_3_piece0 in memory on airflow.Home:44847 (size: 66.4 KiB, free: 366.2 MiB)
[2024-01-05T17:49:17.087+0000] {spark_submit.py:536} INFO - 24/01/05 17:49:17 INFO SparkContext: Created broadcast 3 from broadcast at DAGScheduler.scala:1433
[2024-01-05T17:49:17.088+0000] {spark_submit.py:536} INFO - 24/01/05 17:49:17 INFO DAGScheduler: Submitting 1 missing tasks from ResultStage 1 (CoalescedRDD[9] at json at NativeMethodAccessorImpl.java:0) (first 15 tasks are for partitions Vector(0))
[2024-01-05T17:49:17.088+0000] {spark_submit.py:536} INFO - 24/01/05 17:49:17 INFO TaskSchedulerImpl: Adding task set 1.0 with 1 tasks resource profile 0
[2024-01-05T17:49:17.094+0000] {spark_submit.py:536} INFO - 24/01/05 17:49:17 INFO TaskSetManager: Starting task 0.0 in stage 1.0 (TID 1) (airflow.Home, executor driver, partition 0, PROCESS_LOCAL, 5244 bytes) taskResourceAssignments Map()
[2024-01-05T17:49:17.097+0000] {spark_submit.py:536} INFO - 24/01/05 17:49:17 INFO Executor: Running task 0.0 in stage 1.0 (TID 1)
[2024-01-05T17:49:17.194+0000] {spark_submit.py:536} INFO - 24/01/05 17:49:17 INFO FileOutputCommitter: File Output Committer Algorithm version is 1
[2024-01-05T17:49:17.194+0000] {spark_submit.py:536} INFO - 24/01/05 17:49:17 INFO FileOutputCommitter: FileOutputCommitter skip cleanup _temporary folders under output directory:false, ignore cleanup failures: false
[2024-01-05T17:49:17.195+0000] {spark_submit.py:536} INFO - 24/01/05 17:49:17 INFO SQLHadoopMapReduceCommitProtocol: Using output committer class org.apache.hadoop.mapreduce.lib.output.FileOutputCommitter
[2024-01-05T17:49:17.442+0000] {spark_submit.py:536} INFO - 24/01/05 17:49:17 INFO CodeGenerator: Code generated in 50.273502 ms
[2024-01-05T17:49:17.454+0000] {spark_submit.py:536} INFO - 24/01/05 17:49:17 INFO FileScanRDD: Reading File path: file:///home/eder/Desktop/Airflow/Twitter/data/raw/2024-01-04/%202024-01-04.json, range: 0-4593, partition values: [empty row]
[2024-01-05T17:49:17.498+0000] {spark_submit.py:536} INFO - 24/01/05 17:49:17 INFO CodeGenerator: Code generated in 39.05887 ms
[2024-01-05T17:49:17.550+0000] {spark_submit.py:536} INFO - 24/01/05 17:49:17 INFO CodeGenerator: Code generated in 14.703089 ms
[2024-01-05T17:49:17.601+0000] {spark_submit.py:536} INFO - 24/01/05 17:49:17 INFO FileScanRDD: Reading File path: file:///home/eder/Desktop/Airflow/Twitter/data/raw/2024-01-04/%202024-01-05.json, range: 0-4430, partition values: [empty row]
[2024-01-05T17:49:17.629+0000] {spark_submit.py:536} INFO - 24/01/05 17:49:17 INFO FileOutputCommitter: Saved output of task 'attempt_202401051749162421796952411500674_0001_m_000000_1' to file:/home/eder/Desktop/Airflow/Twitter/data/processed/tweets/2024-01-04/_temporary/0/task_202401051749162421796952411500674_0001_m_000000
[2024-01-05T17:49:17.630+0000] {spark_submit.py:536} INFO - 24/01/05 17:49:17 INFO SparkHadoopMapRedUtil: attempt_202401051749162421796952411500674_0001_m_000000_1: Committed
[2024-01-05T17:49:17.637+0000] {spark_submit.py:536} INFO - 24/01/05 17:49:17 INFO Executor: Finished task 0.0 in stage 1.0 (TID 1). 2901 bytes result sent to driver
[2024-01-05T17:49:17.647+0000] {spark_submit.py:536} INFO - 24/01/05 17:49:17 INFO TaskSetManager: Finished task 0.0 in stage 1.0 (TID 1) in 554 ms on airflow.Home (executor driver) (1/1)
[2024-01-05T17:49:17.652+0000] {spark_submit.py:536} INFO - 24/01/05 17:49:17 INFO TaskSchedulerImpl: Removed TaskSet 1.0, whose tasks have all completed, from pool
[2024-01-05T17:49:17.656+0000] {spark_submit.py:536} INFO - 24/01/05 17:49:17 INFO DAGScheduler: ResultStage 1 (json at NativeMethodAccessorImpl.java:0) finished in 0.709 s
[2024-01-05T17:49:17.663+0000] {spark_submit.py:536} INFO - 24/01/05 17:49:17 INFO DAGScheduler: Job 1 is finished. Cancelling potential speculative or zombie tasks for this job
[2024-01-05T17:49:17.663+0000] {spark_submit.py:536} INFO - 24/01/05 17:49:17 INFO TaskSchedulerImpl: Killing all running tasks in stage 1: Stage finished
[2024-01-05T17:49:17.665+0000] {spark_submit.py:536} INFO - 24/01/05 17:49:17 INFO DAGScheduler: Job 1 finished: json at NativeMethodAccessorImpl.java:0, took 0.728958 s
[2024-01-05T17:49:17.837+0000] {spark_submit.py:536} INFO - 24/01/05 17:49:17 INFO FileFormatWriter: Write Job 68cc3f16-168b-4cb6-9470-8875f0c29f07 committed.
[2024-01-05T17:49:17.844+0000] {spark_submit.py:536} INFO - 24/01/05 17:49:17 INFO FileFormatWriter: Finished processing stats for write job 68cc3f16-168b-4cb6-9470-8875f0c29f07.
[2024-01-05T17:49:17.949+0000] {spark_submit.py:536} INFO - 24/01/05 17:49:17 INFO FileSourceStrategy: Pushed Filters:
[2024-01-05T17:49:17.950+0000] {spark_submit.py:536} INFO - 24/01/05 17:49:17 INFO FileSourceStrategy: Post-Scan Filters:
[2024-01-05T17:49:17.950+0000] {spark_submit.py:536} INFO - 24/01/05 17:49:17 INFO FileSourceStrategy: Output Data Schema: struct<includes: struct<users: array<struct<created_at:string,id:string,name:string,username:string>>>>
[2024-01-05T17:49:17.959+0000] {spark_submit.py:536} INFO - 24/01/05 17:49:17 INFO FileOutputCommitter: File Output Committer Algorithm version is 1
[2024-01-05T17:49:17.959+0000] {spark_submit.py:536} INFO - 24/01/05 17:49:17 INFO FileOutputCommitter: FileOutputCommitter skip cleanup _temporary folders under output directory:false, ignore cleanup failures: false
[2024-01-05T17:49:17.959+0000] {spark_submit.py:536} INFO - 24/01/05 17:49:17 INFO SQLHadoopMapReduceCommitProtocol: Using output committer class org.apache.hadoop.mapreduce.lib.output.FileOutputCommitter
[2024-01-05T17:49:18.102+0000] {spark_submit.py:536} INFO - 24/01/05 17:49:18 INFO BlockManagerInfo: Removed broadcast_3_piece0 on airflow.Home:44847 in memory (size: 66.4 KiB, free: 366.2 MiB)
[2024-01-05T17:49:18.147+0000] {spark_submit.py:536} INFO - 24/01/05 17:49:18 INFO CodeGenerator: Code generated in 23.378833 ms
[2024-01-05T17:49:18.152+0000] {spark_submit.py:536} INFO - 24/01/05 17:49:18 INFO MemoryStore: Block broadcast_4 stored as values in memory (estimated size 303.0 KiB, free 365.3 MiB)
[2024-01-05T17:49:18.159+0000] {spark_submit.py:536} INFO - 24/01/05 17:49:18 INFO MemoryStore: Block broadcast_4_piece0 stored as bytes in memory (estimated size 27.5 KiB, free 365.3 MiB)
[2024-01-05T17:49:18.160+0000] {spark_submit.py:536} INFO - 24/01/05 17:49:18 INFO BlockManagerInfo: Added broadcast_4_piece0 in memory on airflow.Home:44847 (size: 27.5 KiB, free: 366.2 MiB)
[2024-01-05T17:49:18.162+0000] {spark_submit.py:536} INFO - 24/01/05 17:49:18 INFO SparkContext: Created broadcast 4 from json at NativeMethodAccessorImpl.java:0
[2024-01-05T17:49:18.163+0000] {spark_submit.py:536} INFO - 24/01/05 17:49:18 INFO FileSourceScanExec: Planning scan with bin packing, max size: 8397631 bytes, open cost is considered as scanning 4194304 bytes.
[2024-01-05T17:49:18.187+0000] {spark_submit.py:536} INFO - 24/01/05 17:49:18 INFO SparkContext: Starting job: json at NativeMethodAccessorImpl.java:0
[2024-01-05T17:49:18.189+0000] {spark_submit.py:536} INFO - 24/01/05 17:49:18 INFO DAGScheduler: Got job 2 (json at NativeMethodAccessorImpl.java:0) with 1 output partitions
[2024-01-05T17:49:18.191+0000] {spark_submit.py:536} INFO - 24/01/05 17:49:18 INFO DAGScheduler: Final stage: ResultStage 2 (json at NativeMethodAccessorImpl.java:0)
[2024-01-05T17:49:18.191+0000] {spark_submit.py:536} INFO - 24/01/05 17:49:18 INFO DAGScheduler: Parents of final stage: List()
[2024-01-05T17:49:18.191+0000] {spark_submit.py:536} INFO - 24/01/05 17:49:18 INFO DAGScheduler: Missing parents: List()
[2024-01-05T17:49:18.193+0000] {spark_submit.py:536} INFO - 24/01/05 17:49:18 INFO DAGScheduler: Submitting ResultStage 2 (CoalescedRDD[16] at json at NativeMethodAccessorImpl.java:0), which has no missing parents
[2024-01-05T17:49:18.228+0000] {spark_submit.py:536} INFO - 24/01/05 17:49:18 INFO MemoryStore: Block broadcast_5 stored as values in memory (estimated size 178.0 KiB, free 365.1 MiB)
[2024-01-05T17:49:18.230+0000] {spark_submit.py:536} INFO - 24/01/05 17:49:18 INFO MemoryStore: Block broadcast_5_piece0 stored as bytes in memory (estimated size 63.7 KiB, free 365.1 MiB)
[2024-01-05T17:49:18.231+0000] {spark_submit.py:536} INFO - 24/01/05 17:49:18 INFO BlockManagerInfo: Added broadcast_5_piece0 in memory on airflow.Home:44847 (size: 63.7 KiB, free: 366.2 MiB)
[2024-01-05T17:49:18.232+0000] {spark_submit.py:536} INFO - 24/01/05 17:49:18 INFO SparkContext: Created broadcast 5 from broadcast at DAGScheduler.scala:1433
[2024-01-05T17:49:18.234+0000] {spark_submit.py:536} INFO - 24/01/05 17:49:18 INFO DAGScheduler: Submitting 1 missing tasks from ResultStage 2 (CoalescedRDD[16] at json at NativeMethodAccessorImpl.java:0) (first 15 tasks are for partitions Vector(0))
[2024-01-05T17:49:18.237+0000] {spark_submit.py:536} INFO - 24/01/05 17:49:18 INFO TaskSchedulerImpl: Adding task set 2.0 with 1 tasks resource profile 0
[2024-01-05T17:49:18.239+0000] {spark_submit.py:536} INFO - 24/01/05 17:49:18 INFO TaskSetManager: Starting task 0.0 in stage 2.0 (TID 2) (airflow.Home, executor driver, partition 0, PROCESS_LOCAL, 5244 bytes) taskResourceAssignments Map()
[2024-01-05T17:49:18.240+0000] {spark_submit.py:536} INFO - 24/01/05 17:49:18 INFO Executor: Running task 0.0 in stage 2.0 (TID 2)
[2024-01-05T17:49:18.256+0000] {spark_submit.py:536} INFO - 24/01/05 17:49:18 INFO FileOutputCommitter: File Output Committer Algorithm version is 1
[2024-01-05T17:49:18.257+0000] {spark_submit.py:536} INFO - 24/01/05 17:49:18 INFO FileOutputCommitter: FileOutputCommitter skip cleanup _temporary folders under output directory:false, ignore cleanup failures: false
[2024-01-05T17:49:18.257+0000] {spark_submit.py:536} INFO - 24/01/05 17:49:18 INFO SQLHadoopMapReduceCommitProtocol: Using output committer class org.apache.hadoop.mapreduce.lib.output.FileOutputCommitter
[2024-01-05T17:49:18.328+0000] {spark_submit.py:536} INFO - 24/01/05 17:49:18 INFO CodeGenerator: Code generated in 22.66533 ms
[2024-01-05T17:49:18.336+0000] {spark_submit.py:536} INFO - 24/01/05 17:49:18 INFO FileScanRDD: Reading File path: file:///home/eder/Desktop/Airflow/Twitter/data/raw/2024-01-04/%202024-01-04.json, range: 0-4593, partition values: [empty row]
[2024-01-05T17:49:18.362+0000] {spark_submit.py:536} INFO - 24/01/05 17:49:18 INFO CodeGenerator: Code generated in 21.238602 ms
[2024-01-05T17:49:18.370+0000] {spark_submit.py:536} INFO - 24/01/05 17:49:18 INFO FileScanRDD: Reading File path: file:///home/eder/Desktop/Airflow/Twitter/data/raw/2024-01-04/%202024-01-05.json, range: 0-4430, partition values: [empty row]
[2024-01-05T17:49:18.380+0000] {spark_submit.py:536} INFO - 24/01/05 17:49:18 INFO FileOutputCommitter: Saved output of task 'attempt_202401051749184426180577567693640_0002_m_000000_2' to file:/home/eder/Desktop/Airflow/Twitter/data/processed/users/2024-01-04/_temporary/0/task_202401051749184426180577567693640_0002_m_000000
[2024-01-05T17:49:18.381+0000] {spark_submit.py:536} INFO - 24/01/05 17:49:18 INFO SparkHadoopMapRedUtil: attempt_202401051749184426180577567693640_0002_m_000000_2: Committed
[2024-01-05T17:49:18.382+0000] {spark_submit.py:536} INFO - 24/01/05 17:49:18 INFO Executor: Finished task 0.0 in stage 2.0 (TID 2). 2734 bytes result sent to driver
[2024-01-05T17:49:18.384+0000] {spark_submit.py:536} INFO - 24/01/05 17:49:18 INFO TaskSetManager: Finished task 0.0 in stage 2.0 (TID 2) in 146 ms on airflow.Home (executor driver) (1/1)
[2024-01-05T17:49:18.384+0000] {spark_submit.py:536} INFO - 24/01/05 17:49:18 INFO TaskSchedulerImpl: Removed TaskSet 2.0, whose tasks have all completed, from pool
[2024-01-05T17:49:18.391+0000] {spark_submit.py:536} INFO - 24/01/05 17:49:18 INFO DAGScheduler: ResultStage 2 (json at NativeMethodAccessorImpl.java:0) finished in 0.195 s
[2024-01-05T17:49:18.391+0000] {spark_submit.py:536} INFO - 24/01/05 17:49:18 INFO DAGScheduler: Job 2 is finished. Cancelling potential speculative or zombie tasks for this job
[2024-01-05T17:49:18.392+0000] {spark_submit.py:536} INFO - 24/01/05 17:49:18 INFO TaskSchedulerImpl: Killing all running tasks in stage 2: Stage finished
[2024-01-05T17:49:18.392+0000] {spark_submit.py:536} INFO - 24/01/05 17:49:18 INFO DAGScheduler: Job 2 finished: json at NativeMethodAccessorImpl.java:0, took 0.204026 s
[2024-01-05T17:49:18.411+0000] {spark_submit.py:536} INFO - 24/01/05 17:49:18 INFO FileFormatWriter: Write Job d4583d7f-d0fd-40d8-aafb-b85896e724a0 committed.
[2024-01-05T17:49:18.412+0000] {spark_submit.py:536} INFO - 24/01/05 17:49:18 INFO FileFormatWriter: Finished processing stats for write job d4583d7f-d0fd-40d8-aafb-b85896e724a0.
[2024-01-05T17:49:18.573+0000] {spark_submit.py:536} INFO - 24/01/05 17:49:18 INFO SparkContext: Invoking stop() from shutdown hook
[2024-01-05T17:49:18.635+0000] {spark_submit.py:536} INFO - 24/01/05 17:49:18 INFO SparkUI: Stopped Spark web UI at http://airflow.Home:4040
[2024-01-05T17:49:18.750+0000] {spark_submit.py:536} INFO - 24/01/05 17:49:18 INFO MapOutputTrackerMasterEndpoint: MapOutputTrackerMasterEndpoint stopped!
[2024-01-05T17:49:18.775+0000] {spark_submit.py:536} INFO - 24/01/05 17:49:18 INFO MemoryStore: MemoryStore cleared
[2024-01-05T17:49:18.776+0000] {spark_submit.py:536} INFO - 24/01/05 17:49:18 INFO BlockManager: BlockManager stopped
[2024-01-05T17:49:18.807+0000] {spark_submit.py:536} INFO - 24/01/05 17:49:18 INFO BlockManagerMaster: BlockManagerMaster stopped
[2024-01-05T17:49:18.820+0000] {spark_submit.py:536} INFO - 24/01/05 17:49:18 INFO OutputCommitCoordinator$OutputCommitCoordinatorEndpoint: OutputCommitCoordinator stopped!
[2024-01-05T17:49:18.855+0000] {spark_submit.py:536} INFO - 24/01/05 17:49:18 INFO SparkContext: Successfully stopped SparkContext
[2024-01-05T17:49:18.856+0000] {spark_submit.py:536} INFO - 24/01/05 17:49:18 INFO ShutdownHookManager: Shutdown hook called
[2024-01-05T17:49:18.859+0000] {spark_submit.py:536} INFO - 24/01/05 17:49:18 INFO ShutdownHookManager: Deleting directory /tmp/spark-6cdd17ad-2e1b-46b8-93b6-b0bf945dfbbc/pyspark-14370480-f849-4303-bc5c-dee7a7694e4f
[2024-01-05T17:49:18.868+0000] {spark_submit.py:536} INFO - 24/01/05 17:49:18 INFO ShutdownHookManager: Deleting directory /tmp/spark-dfb80c5e-e279-4eb9-97f5-ffbcb5ae1787
[2024-01-05T17:49:18.880+0000] {spark_submit.py:536} INFO - 24/01/05 17:49:18 INFO ShutdownHookManager: Deleting directory /tmp/spark-6cdd17ad-2e1b-46b8-93b6-b0bf945dfbbc
[2024-01-05T17:49:18.952+0000] {taskinstance.py:1138} INFO - Marking task as SUCCESS. dag_id=TwitterDAG, task_id=transform_twitter_data, execution_date=20240104T000000, start_date=20240105T174858, end_date=20240105T174918
[2024-01-05T17:49:19.027+0000] {local_task_job_runner.py:234} INFO - Task exited with return code 0
[2024-01-05T17:49:19.040+0000] {taskinstance.py:3281} INFO - 1 downstream tasks scheduled from follow-on schedule check
