[2024-01-05T16:45:14.014+0000] {taskinstance.py:1957} INFO - Dependencies all met for dep_context=non-requeueable deps ti=<TaskInstance: TwitterDAG.transform_twitter_data scheduled__2023-12-29T00:00:00+00:00 [queued]>
[2024-01-05T16:45:14.023+0000] {taskinstance.py:1957} INFO - Dependencies all met for dep_context=requeueable deps ti=<TaskInstance: TwitterDAG.transform_twitter_data scheduled__2023-12-29T00:00:00+00:00 [queued]>
[2024-01-05T16:45:14.024+0000] {taskinstance.py:2171} INFO - Starting attempt 1 of 1
[2024-01-05T16:45:14.209+0000] {taskinstance.py:2192} INFO - Executing <Task(SparkSubmitOperator): transform_twitter_data> on 2023-12-29 00:00:00+00:00
[2024-01-05T16:45:14.219+0000] {standard_task_runner.py:60} INFO - Started process 9184 to run task
[2024-01-05T16:45:14.220+0000] {standard_task_runner.py:87} INFO - Running: ['airflow', 'tasks', 'run', 'TwitterDAG', 'transform_twitter_data', 'scheduled__2023-12-29T00:00:00+00:00', '--job-id', '44', '--raw', '--subdir', 'DAGS_FOLDER/twitter_dag.py', '--cfg-path', '/tmp/tmpqt5fip50']
[2024-01-05T16:45:14.234+0000] {standard_task_runner.py:88} INFO - Job 44: Subtask transform_twitter_data
[2024-01-05T16:45:14.511+0000] {task_command.py:423} INFO - Running <TaskInstance: TwitterDAG.transform_twitter_data scheduled__2023-12-29T00:00:00+00:00 [running]> on host airflow.vm.local
[2024-01-05T16:45:14.944+0000] {taskinstance.py:2481} INFO - Exporting env vars: AIRFLOW_CTX_DAG_OWNER='airflow' AIRFLOW_CTX_DAG_ID='TwitterDAG' AIRFLOW_CTX_TASK_ID='transform_twitter_data' AIRFLOW_CTX_EXECUTION_DATE='2023-12-29T00:00:00+00:00' AIRFLOW_CTX_TRY_NUMBER='1' AIRFLOW_CTX_DAG_RUN_ID='scheduled__2023-12-29T00:00:00+00:00'
[2024-01-05T16:45:14.967+0000] {base.py:83} INFO - Using connection ID 'spark_default' for task execution.
[2024-01-05T16:45:14.968+0000] {spark_submit.py:366} INFO - Spark-Submit cmd: spark-submit --master local --name Twitter Transformation --queue root.default /home/eder/Desktop/Airflow/Twitter/src/spark/transformation.py --src /home/eder/Desktop/Airflow/Twitter/data/raw/2023-12-29 --dest /home/eder/Desktop/Airflow/Twitter/data/processed/ --process_date 2023-12-29
[2024-01-05T16:45:39.159+0000] {spark_submit.py:536} INFO - 24/01/05 16:45:39 WARN Utils: Your hostname, airflow resolves to a loopback address: 127.0.1.1; using 192.168.1.79 instead (on interface enp0s3)
[2024-01-05T16:45:39.163+0000] {spark_submit.py:536} INFO - 24/01/05 16:45:39 WARN Utils: Set SPARK_LOCAL_IP if you need to bind to another address
[2024-01-05T16:45:43.525+0000] {spark_submit.py:536} INFO - 24/01/05 16:45:43 WARN NativeCodeLoader: Unable to load native-hadoop library for your platform... using builtin-java classes where applicable
[2024-01-05T16:45:47.001+0000] {spark_submit.py:536} INFO - Using Spark's default log4j profile: org/apache/spark/log4j-defaults.properties
[2024-01-05T16:45:47.043+0000] {spark_submit.py:536} INFO - 24/01/05 16:45:47 INFO SparkContext: Running Spark version 3.1.3
[2024-01-05T16:45:47.344+0000] {spark_submit.py:536} INFO - 24/01/05 16:45:47 INFO ResourceUtils: ==============================================================
[2024-01-05T16:45:47.350+0000] {spark_submit.py:536} INFO - 24/01/05 16:45:47 INFO ResourceUtils: No custom resources configured for spark.driver.
[2024-01-05T16:45:47.351+0000] {spark_submit.py:536} INFO - 24/01/05 16:45:47 INFO ResourceUtils: ==============================================================
[2024-01-05T16:45:47.353+0000] {spark_submit.py:536} INFO - 24/01/05 16:45:47 INFO SparkContext: Submitted application: Data Transformation
[2024-01-05T16:45:47.551+0000] {spark_submit.py:536} INFO - 24/01/05 16:45:47 INFO ResourceProfile: Default ResourceProfile created, executor resources: Map(cores -> name: cores, amount: 1, script: , vendor: , memory -> name: memory, amount: 1024, script: , vendor: , offHeap -> name: offHeap, amount: 0, script: , vendor: ), task resources: Map(cpus -> name: cpus, amount: 1.0)
[2024-01-05T16:45:47.590+0000] {spark_submit.py:536} INFO - 24/01/05 16:45:47 INFO ResourceProfile: Limiting resource is cpu
[2024-01-05T16:45:47.592+0000] {spark_submit.py:536} INFO - 24/01/05 16:45:47 INFO ResourceProfileManager: Added ResourceProfile id: 0
[2024-01-05T16:45:48.310+0000] {spark_submit.py:536} INFO - 24/01/05 16:45:48 INFO SecurityManager: Changing view acls to: eder
[2024-01-05T16:45:48.312+0000] {spark_submit.py:536} INFO - 24/01/05 16:45:48 INFO SecurityManager: Changing modify acls to: eder
[2024-01-05T16:45:48.312+0000] {spark_submit.py:536} INFO - 24/01/05 16:45:48 INFO SecurityManager: Changing view acls groups to:
[2024-01-05T16:45:48.315+0000] {spark_submit.py:536} INFO - 24/01/05 16:45:48 INFO SecurityManager: Changing modify acls groups to:
[2024-01-05T16:45:48.315+0000] {spark_submit.py:536} INFO - 24/01/05 16:45:48 INFO SecurityManager: SecurityManager: authentication disabled; ui acls disabled; users  with view permissions: Set(eder); groups with view permissions: Set(); users  with modify permissions: Set(eder); groups with modify permissions: Set()
[2024-01-05T16:45:52.134+0000] {spark_submit.py:536} INFO - 24/01/05 16:45:52 INFO Utils: Successfully started service 'sparkDriver' on port 42755.
[2024-01-05T16:45:52.595+0000] {spark_submit.py:536} INFO - 24/01/05 16:45:52 INFO SparkEnv: Registering MapOutputTracker
[2024-01-05T16:45:52.960+0000] {spark_submit.py:536} INFO - 24/01/05 16:45:52 INFO SparkEnv: Registering BlockManagerMaster
[2024-01-05T16:45:53.146+0000] {spark_submit.py:536} INFO - 24/01/05 16:45:53 INFO BlockManagerMasterEndpoint: Using org.apache.spark.storage.DefaultTopologyMapper for getting topology information
[2024-01-05T16:45:53.146+0000] {spark_submit.py:536} INFO - 24/01/05 16:45:53 INFO BlockManagerMasterEndpoint: BlockManagerMasterEndpoint up
[2024-01-05T16:45:53.189+0000] {spark_submit.py:536} INFO - 24/01/05 16:45:53 INFO SparkEnv: Registering BlockManagerMasterHeartbeat
[2024-01-05T16:45:53.292+0000] {spark_submit.py:536} INFO - 24/01/05 16:45:53 INFO DiskBlockManager: Created local directory at /tmp/blockmgr-8df61758-585b-499d-a263-a9c59cd75983
[2024-01-05T16:45:53.408+0000] {spark_submit.py:536} INFO - 24/01/05 16:45:53 INFO MemoryStore: MemoryStore started with capacity 366.3 MiB
[2024-01-05T16:45:53.646+0000] {spark_submit.py:536} INFO - 24/01/05 16:45:53 INFO SparkEnv: Registering OutputCommitCoordinator
[2024-01-05T16:45:55.189+0000] {spark_submit.py:536} INFO - 24/01/05 16:45:55 INFO Utils: Successfully started service 'SparkUI' on port 4040.
[2024-01-05T16:45:55.827+0000] {spark_submit.py:536} INFO - 24/01/05 16:45:55 INFO SparkUI: Bound SparkUI to 0.0.0.0, and started at http://airflow.Home:4040
[2024-01-05T16:45:58.367+0000] {spark_submit.py:536} INFO - 24/01/05 16:45:58 INFO Executor: Starting executor ID driver on host airflow.Home
[2024-01-05T16:45:58.594+0000] {spark_submit.py:536} INFO - 24/01/05 16:45:58 INFO Utils: Successfully started service 'org.apache.spark.network.netty.NettyBlockTransferService' on port 36045.
[2024-01-05T16:45:58.595+0000] {spark_submit.py:536} INFO - 24/01/05 16:45:58 INFO NettyBlockTransferService: Server created on airflow.Home:36045
[2024-01-05T16:45:58.624+0000] {spark_submit.py:536} INFO - 24/01/05 16:45:58 INFO BlockManager: Using org.apache.spark.storage.RandomBlockReplicationPolicy for block replication policy
[2024-01-05T16:45:58.658+0000] {spark_submit.py:536} INFO - 24/01/05 16:45:58 INFO BlockManagerMaster: Registering BlockManager BlockManagerId(driver, airflow.Home, 36045, None)
[2024-01-05T16:45:58.688+0000] {spark_submit.py:536} INFO - 24/01/05 16:45:58 INFO BlockManagerMasterEndpoint: Registering block manager airflow.Home:36045 with 366.3 MiB RAM, BlockManagerId(driver, airflow.Home, 36045, None)
[2024-01-05T16:45:58.709+0000] {spark_submit.py:536} INFO - 24/01/05 16:45:58 INFO BlockManagerMaster: Registered BlockManager BlockManagerId(driver, airflow.Home, 36045, None)
[2024-01-05T16:45:58.715+0000] {spark_submit.py:536} INFO - 24/01/05 16:45:58 INFO BlockManager: Initialized BlockManager: BlockManagerId(driver, airflow.Home, 36045, None)
[2024-01-05T16:46:04.036+0000] {spark_submit.py:536} INFO - 24/01/05 16:46:04 INFO SharedState: Setting hive.metastore.warehouse.dir ('null') to the value of spark.sql.warehouse.dir ('file:/home/eder/Desktop/Airflow/Twitter/spark-warehouse').
[2024-01-05T16:46:04.044+0000] {spark_submit.py:536} INFO - 24/01/05 16:46:04 INFO SharedState: Warehouse path is 'file:/home/eder/Desktop/Airflow/Twitter/spark-warehouse'.
[2024-01-05T16:46:12.485+0000] {spark_submit.py:536} INFO - 24/01/05 16:46:12 INFO InMemoryFileIndex: It took 439 ms to list leaf files for 1 paths.
[2024-01-05T16:46:13.172+0000] {spark_submit.py:536} INFO - 24/01/05 16:46:13 INFO InMemoryFileIndex: It took 5 ms to list leaf files for 1 paths.
[2024-01-05T16:46:22.643+0000] {spark_submit.py:536} INFO - 24/01/05 16:46:22 INFO FileSourceStrategy: Pushed Filters:
[2024-01-05T16:46:22.647+0000] {spark_submit.py:536} INFO - 24/01/05 16:46:22 INFO FileSourceStrategy: Post-Scan Filters:
[2024-01-05T16:46:22.680+0000] {spark_submit.py:536} INFO - 24/01/05 16:46:22 INFO FileSourceStrategy: Output Data Schema: struct<value: string>
[2024-01-05T16:46:23.903+0000] {spark_submit.py:536} INFO - 24/01/05 16:46:23 INFO MemoryStore: Block broadcast_0 stored as values in memory (estimated size 303.1 KiB, free 366.0 MiB)
[2024-01-05T16:46:24.177+0000] {spark_submit.py:536} INFO - 24/01/05 16:46:24 INFO MemoryStore: Block broadcast_0_piece0 stored as bytes in memory (estimated size 27.4 KiB, free 366.0 MiB)
[2024-01-05T16:46:24.181+0000] {spark_submit.py:536} INFO - 24/01/05 16:46:24 INFO BlockManagerInfo: Added broadcast_0_piece0 in memory on airflow.Home:36045 (size: 27.4 KiB, free: 366.3 MiB)
[2024-01-05T16:46:24.203+0000] {spark_submit.py:536} INFO - 24/01/05 16:46:24 INFO SparkContext: Created broadcast 0 from json at NativeMethodAccessorImpl.java:0
[2024-01-05T16:46:24.255+0000] {spark_submit.py:536} INFO - 24/01/05 16:46:24 INFO FileSourceScanExec: Planning scan with bin packing, max size: 4198801 bytes, open cost is considered as scanning 4194304 bytes.
[2024-01-05T16:46:25.336+0000] {spark_submit.py:536} INFO - 24/01/05 16:46:25 INFO SparkContext: Starting job: json at NativeMethodAccessorImpl.java:0
[2024-01-05T16:46:25.459+0000] {spark_submit.py:536} INFO - 24/01/05 16:46:25 INFO DAGScheduler: Got job 0 (json at NativeMethodAccessorImpl.java:0) with 1 output partitions
[2024-01-05T16:46:25.466+0000] {spark_submit.py:536} INFO - 24/01/05 16:46:25 INFO DAGScheduler: Final stage: ResultStage 0 (json at NativeMethodAccessorImpl.java:0)
[2024-01-05T16:46:25.467+0000] {spark_submit.py:536} INFO - 24/01/05 16:46:25 INFO DAGScheduler: Parents of final stage: List()
[2024-01-05T16:46:25.479+0000] {spark_submit.py:536} INFO - 24/01/05 16:46:25 INFO DAGScheduler: Missing parents: List()
[2024-01-05T16:46:25.533+0000] {spark_submit.py:536} INFO - 24/01/05 16:46:25 INFO DAGScheduler: Submitting ResultStage 0 (MapPartitionsRDD[3] at json at NativeMethodAccessorImpl.java:0), which has no missing parents
[2024-01-05T16:46:26.285+0000] {spark_submit.py:536} INFO - 24/01/05 16:46:26 INFO MemoryStore: Block broadcast_1 stored as values in memory (estimated size 12.0 KiB, free 366.0 MiB)
[2024-01-05T16:46:26.302+0000] {spark_submit.py:536} INFO - 24/01/05 16:46:26 INFO MemoryStore: Block broadcast_1_piece0 stored as bytes in memory (estimated size 6.3 KiB, free 366.0 MiB)
[2024-01-05T16:46:26.326+0000] {spark_submit.py:536} INFO - 24/01/05 16:46:26 INFO BlockManagerInfo: Added broadcast_1_piece0 in memory on airflow.Home:36045 (size: 6.3 KiB, free: 366.3 MiB)
[2024-01-05T16:46:26.339+0000] {spark_submit.py:536} INFO - 24/01/05 16:46:26 INFO SparkContext: Created broadcast 1 from broadcast at DAGScheduler.scala:1433
[2024-01-05T16:46:26.387+0000] {spark_submit.py:536} INFO - 24/01/05 16:46:26 INFO DAGScheduler: Submitting 1 missing tasks from ResultStage 0 (MapPartitionsRDD[3] at json at NativeMethodAccessorImpl.java:0) (first 15 tasks are for partitions Vector(0))
[2024-01-05T16:46:26.395+0000] {spark_submit.py:536} INFO - 24/01/05 16:46:26 INFO TaskSchedulerImpl: Adding task set 0.0 with 1 tasks resource profile 0
[2024-01-05T16:46:26.557+0000] {spark_submit.py:536} INFO - 24/01/05 16:46:26 INFO TaskSetManager: Starting task 0.0 in stage 0.0 (TID 0) (airflow.Home, executor driver, partition 0, PROCESS_LOCAL, 4905 bytes) taskResourceAssignments Map()
[2024-01-05T16:46:26.637+0000] {spark_submit.py:536} INFO - 24/01/05 16:46:26 INFO Executor: Running task 0.0 in stage 0.0 (TID 0)
[2024-01-05T16:46:27.616+0000] {spark_submit.py:536} INFO - 24/01/05 16:46:27 INFO FileScanRDD: Reading File path: file:///home/eder/Desktop/Airflow/Twitter/data/raw/2023-12-29/%202023-12-29.json, range: 0-4497, partition values: [empty row]
[2024-01-05T16:46:29.484+0000] {spark_submit.py:536} INFO - 24/01/05 16:46:29 INFO CodeGenerator: Code generated in 1151.957328 ms
[2024-01-05T16:46:30.068+0000] {spark_submit.py:536} INFO - 24/01/05 16:46:30 INFO Executor: Finished task 0.0 in stage 0.0 (TID 0). 2725 bytes result sent to driver
[2024-01-05T16:46:30.116+0000] {spark_submit.py:536} INFO - 24/01/05 16:46:30 INFO TaskSetManager: Finished task 0.0 in stage 0.0 (TID 0) in 3579 ms on airflow.Home (executor driver) (1/1)
[2024-01-05T16:46:30.122+0000] {spark_submit.py:536} INFO - 24/01/05 16:46:30 INFO TaskSchedulerImpl: Removed TaskSet 0.0, whose tasks have all completed, from pool
[2024-01-05T16:46:30.167+0000] {spark_submit.py:536} INFO - 24/01/05 16:46:30 INFO DAGScheduler: ResultStage 0 (json at NativeMethodAccessorImpl.java:0) finished in 4.331 s
[2024-01-05T16:46:30.194+0000] {spark_submit.py:536} INFO - 24/01/05 16:46:30 INFO DAGScheduler: Job 0 is finished. Cancelling potential speculative or zombie tasks for this job
[2024-01-05T16:46:30.201+0000] {spark_submit.py:536} INFO - 24/01/05 16:46:30 INFO TaskSchedulerImpl: Killing all running tasks in stage 0: Stage finished
[2024-01-05T16:46:30.241+0000] {spark_submit.py:536} INFO - 24/01/05 16:46:30 INFO DAGScheduler: Job 0 finished: json at NativeMethodAccessorImpl.java:0, took 4.894666 s
[2024-01-05T16:46:32.124+0000] {spark_submit.py:536} INFO - 24/01/05 16:46:32 INFO FileSourceStrategy: Pushed Filters: IsNotNull(data)
[2024-01-05T16:46:32.139+0000] {spark_submit.py:536} INFO - 24/01/05 16:46:32 INFO FileSourceStrategy: Post-Scan Filters: (size(data#7, true) > 0),isnotnull(data#7)
[2024-01-05T16:46:32.143+0000] {spark_submit.py:536} INFO - 24/01/05 16:46:32 INFO FileSourceStrategy: Output Data Schema: struct<data: array<struct<author_id:string,conversation_id:string,created_at:string,edit_history_tweet_ids:array<bigint>,id:string,in_reply_to_user_id:string,lang:string,public_metrics:struct<like_count:bigint,quote_count:bigint,reply_count:bigint,retweet_count:bigint>,text:string>>>
[2024-01-05T16:46:32.478+0000] {spark_submit.py:536} INFO - 24/01/05 16:46:32 INFO FileOutputCommitter: File Output Committer Algorithm version is 1
[2024-01-05T16:46:32.478+0000] {spark_submit.py:536} INFO - 24/01/05 16:46:32 INFO FileOutputCommitter: FileOutputCommitter skip cleanup _temporary folders under output directory:false, ignore cleanup failures: false
[2024-01-05T16:46:32.482+0000] {spark_submit.py:536} INFO - 24/01/05 16:46:32 INFO SQLHadoopMapReduceCommitProtocol: Using output committer class org.apache.hadoop.mapreduce.lib.output.FileOutputCommitter
[2024-01-05T16:46:33.390+0000] {spark_submit.py:536} INFO - 24/01/05 16:46:33 INFO CodeGenerator: Code generated in 184.387439 ms
[2024-01-05T16:46:33.532+0000] {spark_submit.py:536} INFO - 24/01/05 16:46:33 INFO CodeGenerator: Code generated in 87.843971 ms
[2024-01-05T16:46:33.550+0000] {spark_submit.py:536} INFO - 24/01/05 16:46:33 INFO MemoryStore: Block broadcast_2 stored as values in memory (estimated size 303.0 KiB, free 365.7 MiB)
[2024-01-05T16:46:33.573+0000] {spark_submit.py:536} INFO - 24/01/05 16:46:33 INFO MemoryStore: Block broadcast_2_piece0 stored as bytes in memory (estimated size 27.5 KiB, free 365.6 MiB)
[2024-01-05T16:46:33.583+0000] {spark_submit.py:536} INFO - 24/01/05 16:46:33 INFO BlockManagerInfo: Added broadcast_2_piece0 in memory on airflow.Home:36045 (size: 27.5 KiB, free: 366.2 MiB)
[2024-01-05T16:46:33.600+0000] {spark_submit.py:536} INFO - 24/01/05 16:46:33 INFO SparkContext: Created broadcast 2 from json at NativeMethodAccessorImpl.java:0
[2024-01-05T16:46:33.643+0000] {spark_submit.py:536} INFO - 24/01/05 16:46:33 INFO FileSourceScanExec: Planning scan with bin packing, max size: 4198801 bytes, open cost is considered as scanning 4194304 bytes.
[2024-01-05T16:46:33.963+0000] {spark_submit.py:536} INFO - 24/01/05 16:46:33 INFO SparkContext: Starting job: json at NativeMethodAccessorImpl.java:0
[2024-01-05T16:46:33.972+0000] {spark_submit.py:536} INFO - 24/01/05 16:46:33 INFO DAGScheduler: Got job 1 (json at NativeMethodAccessorImpl.java:0) with 1 output partitions
[2024-01-05T16:46:33.977+0000] {spark_submit.py:536} INFO - 24/01/05 16:46:33 INFO DAGScheduler: Final stage: ResultStage 1 (json at NativeMethodAccessorImpl.java:0)
[2024-01-05T16:46:33.978+0000] {spark_submit.py:536} INFO - 24/01/05 16:46:33 INFO DAGScheduler: Parents of final stage: List()
[2024-01-05T16:46:33.978+0000] {spark_submit.py:536} INFO - 24/01/05 16:46:33 INFO DAGScheduler: Missing parents: List()
[2024-01-05T16:46:33.979+0000] {spark_submit.py:536} INFO - 24/01/05 16:46:33 INFO DAGScheduler: Submitting ResultStage 1 (CoalescedRDD[9] at json at NativeMethodAccessorImpl.java:0), which has no missing parents
[2024-01-05T16:46:34.331+0000] {spark_submit.py:536} INFO - 24/01/05 16:46:34 INFO MemoryStore: Block broadcast_3 stored as values in memory (estimated size 189.7 KiB, free 365.5 MiB)
[2024-01-05T16:46:34.338+0000] {spark_submit.py:536} INFO - 24/01/05 16:46:34 INFO MemoryStore: Block broadcast_3_piece0 stored as bytes in memory (estimated size 66.4 KiB, free 365.4 MiB)
[2024-01-05T16:46:34.339+0000] {spark_submit.py:536} INFO - 24/01/05 16:46:34 INFO BlockManagerInfo: Added broadcast_3_piece0 in memory on airflow.Home:36045 (size: 66.4 KiB, free: 366.2 MiB)
[2024-01-05T16:46:34.340+0000] {spark_submit.py:536} INFO - 24/01/05 16:46:34 INFO SparkContext: Created broadcast 3 from broadcast at DAGScheduler.scala:1433
[2024-01-05T16:46:34.346+0000] {spark_submit.py:536} INFO - 24/01/05 16:46:34 INFO DAGScheduler: Submitting 1 missing tasks from ResultStage 1 (CoalescedRDD[9] at json at NativeMethodAccessorImpl.java:0) (first 15 tasks are for partitions Vector(0))
[2024-01-05T16:46:34.346+0000] {spark_submit.py:536} INFO - 24/01/05 16:46:34 INFO TaskSchedulerImpl: Adding task set 1.0 with 1 tasks resource profile 0
[2024-01-05T16:46:34.376+0000] {spark_submit.py:536} INFO - 24/01/05 16:46:34 INFO TaskSetManager: Starting task 0.0 in stage 1.0 (TID 1) (airflow.Home, executor driver, partition 0, PROCESS_LOCAL, 5134 bytes) taskResourceAssignments Map()
[2024-01-05T16:46:34.379+0000] {spark_submit.py:536} INFO - 24/01/05 16:46:34 INFO Executor: Running task 0.0 in stage 1.0 (TID 1)
[2024-01-05T16:46:34.680+0000] {spark_submit.py:536} INFO - 24/01/05 16:46:34 INFO FileOutputCommitter: File Output Committer Algorithm version is 1
[2024-01-05T16:46:34.703+0000] {spark_submit.py:536} INFO - 24/01/05 16:46:34 INFO FileOutputCommitter: FileOutputCommitter skip cleanup _temporary folders under output directory:false, ignore cleanup failures: false
[2024-01-05T16:46:34.719+0000] {spark_submit.py:536} INFO - 24/01/05 16:46:34 INFO SQLHadoopMapReduceCommitProtocol: Using output committer class org.apache.hadoop.mapreduce.lib.output.FileOutputCommitter
[2024-01-05T16:46:35.151+0000] {spark_submit.py:536} INFO - 24/01/05 16:46:35 INFO CodeGenerator: Code generated in 44.016552 ms
[2024-01-05T16:46:35.177+0000] {spark_submit.py:536} INFO - 24/01/05 16:46:35 INFO FileScanRDD: Reading File path: file:///home/eder/Desktop/Airflow/Twitter/data/raw/2023-12-29/%202023-12-29.json, range: 0-4497, partition values: [empty row]
[2024-01-05T16:46:35.270+0000] {spark_submit.py:536} INFO - 24/01/05 16:46:35 INFO CodeGenerator: Code generated in 88.019972 ms
[2024-01-05T16:46:35.360+0000] {spark_submit.py:536} INFO - 24/01/05 16:46:35 INFO CodeGenerator: Code generated in 21.689238 ms
[2024-01-05T16:46:35.531+0000] {spark_submit.py:536} INFO - 24/01/05 16:46:35 INFO FileOutputCommitter: Saved output of task 'attempt_202401051646331220622756064304486_0001_m_000000_1' to file:/home/eder/Desktop/Airflow/Twitter/data/processed/tweets/2023-12-29/_temporary/0/task_202401051646331220622756064304486_0001_m_000000
[2024-01-05T16:46:35.534+0000] {spark_submit.py:536} INFO - 24/01/05 16:46:35 INFO SparkHadoopMapRedUtil: attempt_202401051646331220622756064304486_0001_m_000000_1: Committed
[2024-01-05T16:46:35.575+0000] {spark_submit.py:536} INFO - 24/01/05 16:46:35 INFO Executor: Finished task 0.0 in stage 1.0 (TID 1). 2901 bytes result sent to driver
[2024-01-05T16:46:35.579+0000] {spark_submit.py:536} INFO - 24/01/05 16:46:35 INFO TaskSetManager: Finished task 0.0 in stage 1.0 (TID 1) in 1220 ms on airflow.Home (executor driver) (1/1)
[2024-01-05T16:46:35.579+0000] {spark_submit.py:536} INFO - 24/01/05 16:46:35 INFO TaskSchedulerImpl: Removed TaskSet 1.0, whose tasks have all completed, from pool
[2024-01-05T16:46:35.604+0000] {spark_submit.py:536} INFO - 24/01/05 16:46:35 INFO DAGScheduler: ResultStage 1 (json at NativeMethodAccessorImpl.java:0) finished in 1.601 s
[2024-01-05T16:46:35.607+0000] {spark_submit.py:536} INFO - 24/01/05 16:46:35 INFO DAGScheduler: Job 1 is finished. Cancelling potential speculative or zombie tasks for this job
[2024-01-05T16:46:35.608+0000] {spark_submit.py:536} INFO - 24/01/05 16:46:35 INFO TaskSchedulerImpl: Killing all running tasks in stage 1: Stage finished
[2024-01-05T16:46:35.619+0000] {spark_submit.py:536} INFO - 24/01/05 16:46:35 INFO DAGScheduler: Job 1 finished: json at NativeMethodAccessorImpl.java:0, took 1.663553 s
[2024-01-05T16:46:35.765+0000] {spark_submit.py:536} INFO - 24/01/05 16:46:35 INFO FileFormatWriter: Write Job 4a194da6-2a17-4635-b1c9-29e1ad3967e8 committed.
[2024-01-05T16:46:35.788+0000] {spark_submit.py:536} INFO - 24/01/05 16:46:35 INFO FileFormatWriter: Finished processing stats for write job 4a194da6-2a17-4635-b1c9-29e1ad3967e8.
[2024-01-05T16:46:35.953+0000] {spark_submit.py:536} INFO - 24/01/05 16:46:35 INFO FileSourceStrategy: Pushed Filters:
[2024-01-05T16:46:35.955+0000] {spark_submit.py:536} INFO - 24/01/05 16:46:35 INFO FileSourceStrategy: Post-Scan Filters:
[2024-01-05T16:46:35.957+0000] {spark_submit.py:536} INFO - 24/01/05 16:46:35 INFO FileSourceStrategy: Output Data Schema: struct<includes: struct<users: array<struct<created_at:string,id:string,name:string,username:string>>>>
[2024-01-05T16:46:35.972+0000] {spark_submit.py:536} INFO - 24/01/05 16:46:35 INFO FileOutputCommitter: File Output Committer Algorithm version is 1
[2024-01-05T16:46:35.972+0000] {spark_submit.py:536} INFO - 24/01/05 16:46:35 INFO FileOutputCommitter: FileOutputCommitter skip cleanup _temporary folders under output directory:false, ignore cleanup failures: false
[2024-01-05T16:46:35.975+0000] {spark_submit.py:536} INFO - 24/01/05 16:46:35 INFO SQLHadoopMapReduceCommitProtocol: Using output committer class org.apache.hadoop.mapreduce.lib.output.FileOutputCommitter
[2024-01-05T16:46:36.416+0000] {spark_submit.py:536} INFO - 24/01/05 16:46:36 INFO CodeGenerator: Code generated in 40.340637 ms
[2024-01-05T16:46:36.427+0000] {spark_submit.py:536} INFO - 24/01/05 16:46:36 INFO MemoryStore: Block broadcast_4 stored as values in memory (estimated size 303.0 KiB, free 365.1 MiB)
[2024-01-05T16:46:36.451+0000] {spark_submit.py:536} INFO - 24/01/05 16:46:36 INFO MemoryStore: Block broadcast_4_piece0 stored as bytes in memory (estimated size 27.5 KiB, free 365.1 MiB)
[2024-01-05T16:46:36.461+0000] {spark_submit.py:536} INFO - 24/01/05 16:46:36 INFO BlockManagerInfo: Added broadcast_4_piece0 in memory on airflow.Home:36045 (size: 27.5 KiB, free: 366.1 MiB)
[2024-01-05T16:46:36.468+0000] {spark_submit.py:536} INFO - 24/01/05 16:46:36 INFO SparkContext: Created broadcast 4 from json at NativeMethodAccessorImpl.java:0
[2024-01-05T16:46:36.469+0000] {spark_submit.py:536} INFO - 24/01/05 16:46:36 INFO FileSourceScanExec: Planning scan with bin packing, max size: 4198801 bytes, open cost is considered as scanning 4194304 bytes.
[2024-01-05T16:46:36.500+0000] {spark_submit.py:536} INFO - 24/01/05 16:46:36 INFO SparkContext: Starting job: json at NativeMethodAccessorImpl.java:0
[2024-01-05T16:46:36.510+0000] {spark_submit.py:536} INFO - 24/01/05 16:46:36 INFO DAGScheduler: Got job 2 (json at NativeMethodAccessorImpl.java:0) with 1 output partitions
[2024-01-05T16:46:36.510+0000] {spark_submit.py:536} INFO - 24/01/05 16:46:36 INFO DAGScheduler: Final stage: ResultStage 2 (json at NativeMethodAccessorImpl.java:0)
[2024-01-05T16:46:36.511+0000] {spark_submit.py:536} INFO - 24/01/05 16:46:36 INFO DAGScheduler: Parents of final stage: List()
[2024-01-05T16:46:36.511+0000] {spark_submit.py:536} INFO - 24/01/05 16:46:36 INFO DAGScheduler: Missing parents: List()
[2024-01-05T16:46:36.519+0000] {spark_submit.py:536} INFO - 24/01/05 16:46:36 INFO DAGScheduler: Submitting ResultStage 2 (CoalescedRDD[16] at json at NativeMethodAccessorImpl.java:0), which has no missing parents
[2024-01-05T16:46:36.852+0000] {spark_submit.py:536} INFO - 24/01/05 16:46:36 INFO MemoryStore: Block broadcast_5 stored as values in memory (estimated size 178.0 KiB, free 364.9 MiB)
[2024-01-05T16:46:36.858+0000] {spark_submit.py:536} INFO - 24/01/05 16:46:36 INFO MemoryStore: Block broadcast_5_piece0 stored as bytes in memory (estimated size 63.8 KiB, free 364.8 MiB)
[2024-01-05T16:46:36.868+0000] {spark_submit.py:536} INFO - 24/01/05 16:46:36 INFO BlockManagerInfo: Added broadcast_5_piece0 in memory on airflow.Home:36045 (size: 63.8 KiB, free: 366.1 MiB)
[2024-01-05T16:46:36.875+0000] {spark_submit.py:536} INFO - 24/01/05 16:46:36 INFO SparkContext: Created broadcast 5 from broadcast at DAGScheduler.scala:1433
[2024-01-05T16:46:36.879+0000] {spark_submit.py:536} INFO - 24/01/05 16:46:36 INFO DAGScheduler: Submitting 1 missing tasks from ResultStage 2 (CoalescedRDD[16] at json at NativeMethodAccessorImpl.java:0) (first 15 tasks are for partitions Vector(0))
[2024-01-05T16:46:36.879+0000] {spark_submit.py:536} INFO - 24/01/05 16:46:36 INFO TaskSchedulerImpl: Adding task set 2.0 with 1 tasks resource profile 0
[2024-01-05T16:46:36.883+0000] {spark_submit.py:536} INFO - 24/01/05 16:46:36 INFO TaskSetManager: Starting task 0.0 in stage 2.0 (TID 2) (airflow.Home, executor driver, partition 0, PROCESS_LOCAL, 5134 bytes) taskResourceAssignments Map()
[2024-01-05T16:46:36.883+0000] {spark_submit.py:536} INFO - 24/01/05 16:46:36 INFO Executor: Running task 0.0 in stage 2.0 (TID 2)
[2024-01-05T16:46:36.952+0000] {spark_submit.py:536} INFO - 24/01/05 16:46:36 INFO FileOutputCommitter: File Output Committer Algorithm version is 1
[2024-01-05T16:46:36.956+0000] {spark_submit.py:536} INFO - 24/01/05 16:46:36 INFO FileOutputCommitter: FileOutputCommitter skip cleanup _temporary folders under output directory:false, ignore cleanup failures: false
[2024-01-05T16:46:36.961+0000] {spark_submit.py:536} INFO - 24/01/05 16:46:36 INFO SQLHadoopMapReduceCommitProtocol: Using output committer class org.apache.hadoop.mapreduce.lib.output.FileOutputCommitter
[2024-01-05T16:46:37.588+0000] {spark_submit.py:536} INFO - 24/01/05 16:46:37 INFO CodeGenerator: Code generated in 130.22343 ms
[2024-01-05T16:46:37.679+0000] {spark_submit.py:536} INFO - 24/01/05 16:46:37 INFO FileScanRDD: Reading File path: file:///home/eder/Desktop/Airflow/Twitter/data/raw/2023-12-29/%202023-12-29.json, range: 0-4497, partition values: [empty row]
[2024-01-05T16:46:37.757+0000] {spark_submit.py:536} INFO - 24/01/05 16:46:37 INFO CodeGenerator: Code generated in 81.272135 ms
[2024-01-05T16:46:37.805+0000] {spark_submit.py:536} INFO - 24/01/05 16:46:37 INFO FileOutputCommitter: Saved output of task 'attempt_202401051646365853340112833504491_0002_m_000000_2' to file:/home/eder/Desktop/Airflow/Twitter/data/processed/users/2023-12-29/_temporary/0/task_202401051646365853340112833504491_0002_m_000000
[2024-01-05T16:46:37.805+0000] {spark_submit.py:536} INFO - 24/01/05 16:46:37 INFO SparkHadoopMapRedUtil: attempt_202401051646365853340112833504491_0002_m_000000_2: Committed
[2024-01-05T16:46:37.812+0000] {spark_submit.py:536} INFO - 24/01/05 16:46:37 INFO Executor: Finished task 0.0 in stage 2.0 (TID 2). 2734 bytes result sent to driver
[2024-01-05T16:46:37.829+0000] {spark_submit.py:536} INFO - 24/01/05 16:46:37 INFO TaskSetManager: Finished task 0.0 in stage 2.0 (TID 2) in 946 ms on airflow.Home (executor driver) (1/1)
[2024-01-05T16:46:37.829+0000] {spark_submit.py:536} INFO - 24/01/05 16:46:37 INFO TaskSchedulerImpl: Removed TaskSet 2.0, whose tasks have all completed, from pool
[2024-01-05T16:46:37.835+0000] {spark_submit.py:536} INFO - 24/01/05 16:46:37 INFO DAGScheduler: ResultStage 2 (json at NativeMethodAccessorImpl.java:0) finished in 1.309 s
[2024-01-05T16:46:37.843+0000] {spark_submit.py:536} INFO - 24/01/05 16:46:37 INFO DAGScheduler: Job 2 is finished. Cancelling potential speculative or zombie tasks for this job
[2024-01-05T16:46:37.843+0000] {spark_submit.py:536} INFO - 24/01/05 16:46:37 INFO TaskSchedulerImpl: Killing all running tasks in stage 2: Stage finished
[2024-01-05T16:46:37.843+0000] {spark_submit.py:536} INFO - 24/01/05 16:46:37 INFO DAGScheduler: Job 2 finished: json at NativeMethodAccessorImpl.java:0, took 1.333218 s
[2024-01-05T16:46:38.040+0000] {spark_submit.py:536} INFO - 24/01/05 16:46:38 INFO FileFormatWriter: Write Job ccc218e3-0e64-4381-8b91-382bd66572f3 committed.
[2024-01-05T16:46:38.044+0000] {spark_submit.py:536} INFO - 24/01/05 16:46:38 INFO FileFormatWriter: Finished processing stats for write job ccc218e3-0e64-4381-8b91-382bd66572f3.
[2024-01-05T16:46:38.463+0000] {spark_submit.py:536} INFO - 24/01/05 16:46:38 INFO SparkContext: Invoking stop() from shutdown hook
[2024-01-05T16:46:38.681+0000] {spark_submit.py:536} INFO - 24/01/05 16:46:38 INFO SparkUI: Stopped Spark web UI at http://airflow.Home:4040
[2024-01-05T16:46:38.916+0000] {spark_submit.py:536} INFO - 24/01/05 16:46:38 INFO MapOutputTrackerMasterEndpoint: MapOutputTrackerMasterEndpoint stopped!
[2024-01-05T16:46:39.212+0000] {spark_submit.py:536} INFO - 24/01/05 16:46:39 INFO MemoryStore: MemoryStore cleared
[2024-01-05T16:46:39.212+0000] {spark_submit.py:536} INFO - 24/01/05 16:46:39 INFO BlockManager: BlockManager stopped
[2024-01-05T16:46:39.298+0000] {spark_submit.py:536} INFO - 24/01/05 16:46:39 INFO BlockManagerMaster: BlockManagerMaster stopped
[2024-01-05T16:46:39.323+0000] {spark_submit.py:536} INFO - 24/01/05 16:46:39 INFO OutputCommitCoordinator$OutputCommitCoordinatorEndpoint: OutputCommitCoordinator stopped!
[2024-01-05T16:46:39.451+0000] {spark_submit.py:536} INFO - 24/01/05 16:46:39 INFO SparkContext: Successfully stopped SparkContext
[2024-01-05T16:46:39.459+0000] {spark_submit.py:536} INFO - 24/01/05 16:46:39 INFO ShutdownHookManager: Shutdown hook called
[2024-01-05T16:46:39.459+0000] {spark_submit.py:536} INFO - 24/01/05 16:46:39 INFO ShutdownHookManager: Deleting directory /tmp/spark-34765a66-6f59-4910-a9df-90d0a24b2580
[2024-01-05T16:46:39.492+0000] {spark_submit.py:536} INFO - 24/01/05 16:46:39 INFO ShutdownHookManager: Deleting directory /tmp/spark-c800b15e-b7c8-4fb9-b8bc-dda7f62e0fe9
[2024-01-05T16:46:39.537+0000] {spark_submit.py:536} INFO - 24/01/05 16:46:39 INFO ShutdownHookManager: Deleting directory /tmp/spark-34765a66-6f59-4910-a9df-90d0a24b2580/pyspark-3be3fbfc-d08c-47a8-84fb-bdf2d86582c6
[2024-01-05T16:46:39.770+0000] {taskinstance.py:1138} INFO - Marking task as SUCCESS. dag_id=TwitterDAG, task_id=transform_twitter_data, execution_date=20231229T000000, start_date=20240105T164514, end_date=20240105T164639
[2024-01-05T16:46:39.980+0000] {local_task_job_runner.py:234} INFO - Task exited with return code 0
[2024-01-05T16:46:40.000+0000] {taskinstance.py:3281} INFO - 0 downstream tasks scheduled from follow-on schedule check
[2024-01-05T17:40:37.210+0000] {taskinstance.py:1957} INFO - Dependencies all met for dep_context=non-requeueable deps ti=<TaskInstance: TwitterDAG.transform_twitter_data scheduled__2023-12-29T00:00:00+00:00 [queued]>
[2024-01-05T17:40:37.217+0000] {taskinstance.py:1957} INFO - Dependencies all met for dep_context=requeueable deps ti=<TaskInstance: TwitterDAG.transform_twitter_data scheduled__2023-12-29T00:00:00+00:00 [queued]>
[2024-01-05T17:40:37.218+0000] {taskinstance.py:2171} INFO - Starting attempt 1 of 1
[2024-01-05T17:40:37.387+0000] {taskinstance.py:2192} INFO - Executing <Task(SparkSubmitOperator): transform_twitter_data> on 2023-12-29 00:00:00+00:00
[2024-01-05T17:40:37.393+0000] {standard_task_runner.py:60} INFO - Started process 21630 to run task
[2024-01-05T17:40:37.398+0000] {standard_task_runner.py:87} INFO - Running: ['airflow', 'tasks', 'run', 'TwitterDAG', 'transform_twitter_data', 'scheduled__2023-12-29T00:00:00+00:00', '--job-id', '61', '--raw', '--subdir', 'DAGS_FOLDER/twitter_dag.py', '--cfg-path', '/tmp/tmp0vknqhdh']
[2024-01-05T17:40:37.398+0000] {standard_task_runner.py:88} INFO - Job 61: Subtask transform_twitter_data
[2024-01-05T17:40:37.500+0000] {task_command.py:423} INFO - Running <TaskInstance: TwitterDAG.transform_twitter_data scheduled__2023-12-29T00:00:00+00:00 [running]> on host airflow.vm.local
[2024-01-05T17:40:37.834+0000] {taskinstance.py:2481} INFO - Exporting env vars: AIRFLOW_CTX_DAG_OWNER='airflow' AIRFLOW_CTX_DAG_ID='TwitterDAG' AIRFLOW_CTX_TASK_ID='transform_twitter_data' AIRFLOW_CTX_EXECUTION_DATE='2023-12-29T00:00:00+00:00' AIRFLOW_CTX_TRY_NUMBER='1' AIRFLOW_CTX_DAG_RUN_ID='scheduled__2023-12-29T00:00:00+00:00'
[2024-01-05T17:40:37.845+0000] {base.py:83} INFO - Using connection ID 'spark_default' for task execution.
[2024-01-05T17:40:37.846+0000] {spark_submit.py:366} INFO - Spark-Submit cmd: spark-submit --master local --name Twitter Transformation --queue root.default /home/eder/Desktop/Airflow/Twitter/src/spark/transformation.py --src /home/eder/Desktop/Airflow/Twitter/data/raw/2023-12-29 --dest /home/eder/Desktop/Airflow/Twitter/data/processed/ --process_date 2023-12-29
[2024-01-05T17:40:40.921+0000] {spark_submit.py:536} INFO - 24/01/05 17:40:40 WARN Utils: Your hostname, airflow resolves to a loopback address: 127.0.1.1; using 192.168.1.79 instead (on interface enp0s3)
[2024-01-05T17:40:40.922+0000] {spark_submit.py:536} INFO - 24/01/05 17:40:40 WARN Utils: Set SPARK_LOCAL_IP if you need to bind to another address
[2024-01-05T17:40:42.095+0000] {spark_submit.py:536} INFO - 24/01/05 17:40:42 WARN NativeCodeLoader: Unable to load native-hadoop library for your platform... using builtin-java classes where applicable
[2024-01-05T17:40:42.909+0000] {spark_submit.py:536} INFO - Using Spark's default log4j profile: org/apache/spark/log4j-defaults.properties
[2024-01-05T17:40:42.928+0000] {spark_submit.py:536} INFO - 24/01/05 17:40:42 INFO SparkContext: Running Spark version 3.1.3
[2024-01-05T17:40:43.013+0000] {spark_submit.py:536} INFO - 24/01/05 17:40:43 INFO ResourceUtils: ==============================================================
[2024-01-05T17:40:43.013+0000] {spark_submit.py:536} INFO - 24/01/05 17:40:43 INFO ResourceUtils: No custom resources configured for spark.driver.
[2024-01-05T17:40:43.014+0000] {spark_submit.py:536} INFO - 24/01/05 17:40:43 INFO ResourceUtils: ==============================================================
[2024-01-05T17:40:43.014+0000] {spark_submit.py:536} INFO - 24/01/05 17:40:43 INFO SparkContext: Submitted application: Data Transformation
[2024-01-05T17:40:43.057+0000] {spark_submit.py:536} INFO - 24/01/05 17:40:43 INFO ResourceProfile: Default ResourceProfile created, executor resources: Map(cores -> name: cores, amount: 1, script: , vendor: , memory -> name: memory, amount: 1024, script: , vendor: , offHeap -> name: offHeap, amount: 0, script: , vendor: ), task resources: Map(cpus -> name: cpus, amount: 1.0)
[2024-01-05T17:40:43.073+0000] {spark_submit.py:536} INFO - 24/01/05 17:40:43 INFO ResourceProfile: Limiting resource is cpu
[2024-01-05T17:40:43.074+0000] {spark_submit.py:536} INFO - 24/01/05 17:40:43 INFO ResourceProfileManager: Added ResourceProfile id: 0
[2024-01-05T17:40:43.162+0000] {spark_submit.py:536} INFO - 24/01/05 17:40:43 INFO SecurityManager: Changing view acls to: eder
[2024-01-05T17:40:43.163+0000] {spark_submit.py:536} INFO - 24/01/05 17:40:43 INFO SecurityManager: Changing modify acls to: eder
[2024-01-05T17:40:43.163+0000] {spark_submit.py:536} INFO - 24/01/05 17:40:43 INFO SecurityManager: Changing view acls groups to:
[2024-01-05T17:40:43.163+0000] {spark_submit.py:536} INFO - 24/01/05 17:40:43 INFO SecurityManager: Changing modify acls groups to:
[2024-01-05T17:40:43.163+0000] {spark_submit.py:536} INFO - 24/01/05 17:40:43 INFO SecurityManager: SecurityManager: authentication disabled; ui acls disabled; users  with view permissions: Set(eder); groups with view permissions: Set(); users  with modify permissions: Set(eder); groups with modify permissions: Set()
[2024-01-05T17:40:43.744+0000] {spark_submit.py:536} INFO - 24/01/05 17:40:43 INFO Utils: Successfully started service 'sparkDriver' on port 38895.
[2024-01-05T17:40:43.814+0000] {spark_submit.py:536} INFO - 24/01/05 17:40:43 INFO SparkEnv: Registering MapOutputTracker
[2024-01-05T17:40:43.873+0000] {spark_submit.py:536} INFO - 24/01/05 17:40:43 INFO SparkEnv: Registering BlockManagerMaster
[2024-01-05T17:40:43.914+0000] {spark_submit.py:536} INFO - 24/01/05 17:40:43 INFO BlockManagerMasterEndpoint: Using org.apache.spark.storage.DefaultTopologyMapper for getting topology information
[2024-01-05T17:40:43.914+0000] {spark_submit.py:536} INFO - 24/01/05 17:40:43 INFO BlockManagerMasterEndpoint: BlockManagerMasterEndpoint up
[2024-01-05T17:40:43.921+0000] {spark_submit.py:536} INFO - 24/01/05 17:40:43 INFO SparkEnv: Registering BlockManagerMasterHeartbeat
[2024-01-05T17:40:43.943+0000] {spark_submit.py:536} INFO - 24/01/05 17:40:43 INFO DiskBlockManager: Created local directory at /tmp/blockmgr-b02e4895-ef3d-449e-b958-5c2024d79992
[2024-01-05T17:40:44.024+0000] {spark_submit.py:536} INFO - 24/01/05 17:40:44 INFO MemoryStore: MemoryStore started with capacity 366.3 MiB
[2024-01-05T17:40:44.055+0000] {spark_submit.py:536} INFO - 24/01/05 17:40:44 INFO SparkEnv: Registering OutputCommitCoordinator
[2024-01-05T17:40:44.586+0000] {spark_submit.py:536} INFO - 24/01/05 17:40:44 INFO Utils: Successfully started service 'SparkUI' on port 4040.
[2024-01-05T17:40:44.818+0000] {spark_submit.py:536} INFO - 24/01/05 17:40:44 INFO SparkUI: Bound SparkUI to 0.0.0.0, and started at http://airflow.Home:4040
[2024-01-05T17:40:45.481+0000] {spark_submit.py:536} INFO - 24/01/05 17:40:45 INFO Executor: Starting executor ID driver on host airflow.Home
[2024-01-05T17:40:45.625+0000] {spark_submit.py:536} INFO - 24/01/05 17:40:45 INFO Utils: Successfully started service 'org.apache.spark.network.netty.NettyBlockTransferService' on port 41623.
[2024-01-05T17:40:45.626+0000] {spark_submit.py:536} INFO - 24/01/05 17:40:45 INFO NettyBlockTransferService: Server created on airflow.Home:41623
[2024-01-05T17:40:45.638+0000] {spark_submit.py:536} INFO - 24/01/05 17:40:45 INFO BlockManager: Using org.apache.spark.storage.RandomBlockReplicationPolicy for block replication policy
[2024-01-05T17:40:45.678+0000] {spark_submit.py:536} INFO - 24/01/05 17:40:45 INFO BlockManagerMaster: Registering BlockManager BlockManagerId(driver, airflow.Home, 41623, None)
[2024-01-05T17:40:45.727+0000] {spark_submit.py:536} INFO - 24/01/05 17:40:45 INFO BlockManagerMasterEndpoint: Registering block manager airflow.Home:41623 with 366.3 MiB RAM, BlockManagerId(driver, airflow.Home, 41623, None)
[2024-01-05T17:40:45.763+0000] {spark_submit.py:536} INFO - 24/01/05 17:40:45 INFO BlockManagerMaster: Registered BlockManager BlockManagerId(driver, airflow.Home, 41623, None)
[2024-01-05T17:40:45.767+0000] {spark_submit.py:536} INFO - 24/01/05 17:40:45 INFO BlockManager: Initialized BlockManager: BlockManagerId(driver, airflow.Home, 41623, None)
[2024-01-05T17:40:47.813+0000] {spark_submit.py:536} INFO - 24/01/05 17:40:47 INFO SharedState: Setting hive.metastore.warehouse.dir ('null') to the value of spark.sql.warehouse.dir ('file:/home/eder/Desktop/Airflow/Twitter/spark-warehouse').
[2024-01-05T17:40:47.813+0000] {spark_submit.py:536} INFO - 24/01/05 17:40:47 INFO SharedState: Warehouse path is 'file:/home/eder/Desktop/Airflow/Twitter/spark-warehouse'.
[2024-01-05T17:40:50.656+0000] {spark_submit.py:536} INFO - 24/01/05 17:40:50 INFO InMemoryFileIndex: It took 124 ms to list leaf files for 1 paths.
[2024-01-05T17:40:50.799+0000] {spark_submit.py:536} INFO - 24/01/05 17:40:50 INFO InMemoryFileIndex: It took 4 ms to list leaf files for 1 paths.
[2024-01-05T17:40:56.344+0000] {spark_submit.py:536} INFO - 24/01/05 17:40:56 INFO FileSourceStrategy: Pushed Filters:
[2024-01-05T17:40:56.356+0000] {spark_submit.py:536} INFO - 24/01/05 17:40:56 INFO FileSourceStrategy: Post-Scan Filters:
[2024-01-05T17:40:56.367+0000] {spark_submit.py:536} INFO - 24/01/05 17:40:56 INFO FileSourceStrategy: Output Data Schema: struct<value: string>
[2024-01-05T17:40:56.990+0000] {spark_submit.py:536} INFO - 24/01/05 17:40:56 INFO MemoryStore: Block broadcast_0 stored as values in memory (estimated size 303.1 KiB, free 366.0 MiB)
[2024-01-05T17:40:57.132+0000] {spark_submit.py:536} INFO - 24/01/05 17:40:57 INFO MemoryStore: Block broadcast_0_piece0 stored as bytes in memory (estimated size 27.4 KiB, free 366.0 MiB)
[2024-01-05T17:40:57.143+0000] {spark_submit.py:536} INFO - 24/01/05 17:40:57 INFO BlockManagerInfo: Added broadcast_0_piece0 in memory on airflow.Home:41623 (size: 27.4 KiB, free: 366.3 MiB)
[2024-01-05T17:40:57.159+0000] {spark_submit.py:536} INFO - 24/01/05 17:40:57 INFO SparkContext: Created broadcast 0 from json at NativeMethodAccessorImpl.java:0
[2024-01-05T17:40:57.183+0000] {spark_submit.py:536} INFO - 24/01/05 17:40:57 INFO FileSourceScanExec: Planning scan with bin packing, max size: 4198841 bytes, open cost is considered as scanning 4194304 bytes.
[2024-01-05T17:40:57.804+0000] {spark_submit.py:536} INFO - 24/01/05 17:40:57 INFO SparkContext: Starting job: json at NativeMethodAccessorImpl.java:0
[2024-01-05T17:40:57.837+0000] {spark_submit.py:536} INFO - 24/01/05 17:40:57 INFO DAGScheduler: Got job 0 (json at NativeMethodAccessorImpl.java:0) with 1 output partitions
[2024-01-05T17:40:57.838+0000] {spark_submit.py:536} INFO - 24/01/05 17:40:57 INFO DAGScheduler: Final stage: ResultStage 0 (json at NativeMethodAccessorImpl.java:0)
[2024-01-05T17:40:57.839+0000] {spark_submit.py:536} INFO - 24/01/05 17:40:57 INFO DAGScheduler: Parents of final stage: List()
[2024-01-05T17:40:57.843+0000] {spark_submit.py:536} INFO - 24/01/05 17:40:57 INFO DAGScheduler: Missing parents: List()
[2024-01-05T17:40:57.867+0000] {spark_submit.py:536} INFO - 24/01/05 17:40:57 INFO DAGScheduler: Submitting ResultStage 0 (MapPartitionsRDD[3] at json at NativeMethodAccessorImpl.java:0), which has no missing parents
[2024-01-05T17:40:58.048+0000] {spark_submit.py:536} INFO - 24/01/05 17:40:58 INFO MemoryStore: Block broadcast_1 stored as values in memory (estimated size 12.0 KiB, free 366.0 MiB)
[2024-01-05T17:40:58.054+0000] {spark_submit.py:536} INFO - 24/01/05 17:40:58 INFO MemoryStore: Block broadcast_1_piece0 stored as bytes in memory (estimated size 6.3 KiB, free 366.0 MiB)
[2024-01-05T17:40:58.055+0000] {spark_submit.py:536} INFO - 24/01/05 17:40:58 INFO BlockManagerInfo: Added broadcast_1_piece0 in memory on airflow.Home:41623 (size: 6.3 KiB, free: 366.3 MiB)
[2024-01-05T17:40:58.058+0000] {spark_submit.py:536} INFO - 24/01/05 17:40:58 INFO SparkContext: Created broadcast 1 from broadcast at DAGScheduler.scala:1433
[2024-01-05T17:40:58.081+0000] {spark_submit.py:536} INFO - 24/01/05 17:40:58 INFO DAGScheduler: Submitting 1 missing tasks from ResultStage 0 (MapPartitionsRDD[3] at json at NativeMethodAccessorImpl.java:0) (first 15 tasks are for partitions Vector(0))
[2024-01-05T17:40:58.087+0000] {spark_submit.py:536} INFO - 24/01/05 17:40:58 INFO TaskSchedulerImpl: Adding task set 0.0 with 1 tasks resource profile 0
[2024-01-05T17:40:58.211+0000] {spark_submit.py:536} INFO - 24/01/05 17:40:58 INFO TaskSetManager: Starting task 0.0 in stage 0.0 (TID 0) (airflow.Home, executor driver, partition 0, PROCESS_LOCAL, 4905 bytes) taskResourceAssignments Map()
[2024-01-05T17:40:58.249+0000] {spark_submit.py:536} INFO - 24/01/05 17:40:58 INFO Executor: Running task 0.0 in stage 0.0 (TID 0)
[2024-01-05T17:40:58.853+0000] {spark_submit.py:536} INFO - 24/01/05 17:40:58 INFO FileScanRDD: Reading File path: file:///home/eder/Desktop/Airflow/Twitter/data/raw/2023-12-29/%202023-12-29.json, range: 0-4537, partition values: [empty row]
[2024-01-05T17:40:59.771+0000] {spark_submit.py:536} INFO - 24/01/05 17:40:59 INFO CodeGenerator: Code generated in 464.862927 ms
[2024-01-05T17:41:00.176+0000] {spark_submit.py:536} INFO - 24/01/05 17:41:00 INFO Executor: Finished task 0.0 in stage 0.0 (TID 0). 2768 bytes result sent to driver
[2024-01-05T17:41:00.194+0000] {spark_submit.py:536} INFO - 24/01/05 17:41:00 INFO TaskSetManager: Finished task 0.0 in stage 0.0 (TID 0) in 2002 ms on airflow.Home (executor driver) (1/1)
[2024-01-05T17:41:00.200+0000] {spark_submit.py:536} INFO - 24/01/05 17:41:00 INFO TaskSchedulerImpl: Removed TaskSet 0.0, whose tasks have all completed, from pool
[2024-01-05T17:41:00.221+0000] {spark_submit.py:536} INFO - 24/01/05 17:41:00 INFO DAGScheduler: ResultStage 0 (json at NativeMethodAccessorImpl.java:0) finished in 2.314 s
[2024-01-05T17:41:00.240+0000] {spark_submit.py:536} INFO - 24/01/05 17:41:00 INFO DAGScheduler: Job 0 is finished. Cancelling potential speculative or zombie tasks for this job
[2024-01-05T17:41:00.241+0000] {spark_submit.py:536} INFO - 24/01/05 17:41:00 INFO TaskSchedulerImpl: Killing all running tasks in stage 0: Stage finished
[2024-01-05T17:41:00.247+0000] {spark_submit.py:536} INFO - 24/01/05 17:41:00 INFO DAGScheduler: Job 0 finished: json at NativeMethodAccessorImpl.java:0, took 2.441638 s
[2024-01-05T17:41:01.187+0000] {spark_submit.py:536} INFO - 24/01/05 17:41:01 INFO FileSourceStrategy: Pushed Filters: IsNotNull(data)
[2024-01-05T17:41:01.191+0000] {spark_submit.py:536} INFO - 24/01/05 17:41:01 INFO FileSourceStrategy: Post-Scan Filters: (size(data#7, true) > 0),isnotnull(data#7)
[2024-01-05T17:41:01.191+0000] {spark_submit.py:536} INFO - 24/01/05 17:41:01 INFO FileSourceStrategy: Output Data Schema: struct<data: array<struct<author_id:string,conversation_id:string,created_at:string,edit_history_tweet_ids:array<bigint>,id:string,in_reply_to_user_id:string,lang:string,public_metrics:struct<like_count:bigint,quote_count:bigint,reply_count:bigint,retweet_count:bigint>,text:string>>>
[2024-01-05T17:41:01.500+0000] {spark_submit.py:536} INFO - 24/01/05 17:41:01 INFO FileOutputCommitter: File Output Committer Algorithm version is 1
[2024-01-05T17:41:01.501+0000] {spark_submit.py:536} INFO - 24/01/05 17:41:01 INFO FileOutputCommitter: FileOutputCommitter skip cleanup _temporary folders under output directory:false, ignore cleanup failures: false
[2024-01-05T17:41:01.504+0000] {spark_submit.py:536} INFO - 24/01/05 17:41:01 INFO SQLHadoopMapReduceCommitProtocol: Using output committer class org.apache.hadoop.mapreduce.lib.output.FileOutputCommitter
[2024-01-05T17:41:01.737+0000] {spark_submit.py:536} INFO - 24/01/05 17:41:01 INFO CodeGenerator: Code generated in 48.289777 ms
[2024-01-05T17:41:01.811+0000] {spark_submit.py:536} INFO - 24/01/05 17:41:01 INFO CodeGenerator: Code generated in 43.540251 ms
[2024-01-05T17:41:01.822+0000] {spark_submit.py:536} INFO - 24/01/05 17:41:01 INFO MemoryStore: Block broadcast_2 stored as values in memory (estimated size 303.0 KiB, free 365.7 MiB)
[2024-01-05T17:41:01.830+0000] {spark_submit.py:536} INFO - 24/01/05 17:41:01 INFO MemoryStore: Block broadcast_2_piece0 stored as bytes in memory (estimated size 27.5 KiB, free 365.6 MiB)
[2024-01-05T17:41:01.831+0000] {spark_submit.py:536} INFO - 24/01/05 17:41:01 INFO BlockManagerInfo: Added broadcast_2_piece0 in memory on airflow.Home:41623 (size: 27.5 KiB, free: 366.2 MiB)
[2024-01-05T17:41:01.844+0000] {spark_submit.py:536} INFO - 24/01/05 17:41:01 INFO SparkContext: Created broadcast 2 from json at NativeMethodAccessorImpl.java:0
[2024-01-05T17:41:01.850+0000] {spark_submit.py:536} INFO - 24/01/05 17:41:01 INFO FileSourceScanExec: Planning scan with bin packing, max size: 4198841 bytes, open cost is considered as scanning 4194304 bytes.
[2024-01-05T17:41:01.990+0000] {spark_submit.py:536} INFO - 24/01/05 17:41:01 INFO SparkContext: Starting job: json at NativeMethodAccessorImpl.java:0
[2024-01-05T17:41:02.000+0000] {spark_submit.py:536} INFO - 24/01/05 17:41:01 INFO DAGScheduler: Got job 1 (json at NativeMethodAccessorImpl.java:0) with 1 output partitions
[2024-01-05T17:41:02.003+0000] {spark_submit.py:536} INFO - 24/01/05 17:41:01 INFO DAGScheduler: Final stage: ResultStage 1 (json at NativeMethodAccessorImpl.java:0)
[2024-01-05T17:41:02.003+0000] {spark_submit.py:536} INFO - 24/01/05 17:41:01 INFO DAGScheduler: Parents of final stage: List()
[2024-01-05T17:41:02.004+0000] {spark_submit.py:536} INFO - 24/01/05 17:41:02 INFO DAGScheduler: Missing parents: List()
[2024-01-05T17:41:02.007+0000] {spark_submit.py:536} INFO - 24/01/05 17:41:02 INFO DAGScheduler: Submitting ResultStage 1 (CoalescedRDD[9] at json at NativeMethodAccessorImpl.java:0), which has no missing parents
[2024-01-05T17:41:02.245+0000] {spark_submit.py:536} INFO - 24/01/05 17:41:02 INFO MemoryStore: Block broadcast_3 stored as values in memory (estimated size 189.7 KiB, free 365.5 MiB)
[2024-01-05T17:41:02.249+0000] {spark_submit.py:536} INFO - 24/01/05 17:41:02 INFO MemoryStore: Block broadcast_3_piece0 stored as bytes in memory (estimated size 66.4 KiB, free 365.4 MiB)
[2024-01-05T17:41:02.251+0000] {spark_submit.py:536} INFO - 24/01/05 17:41:02 INFO BlockManagerInfo: Added broadcast_3_piece0 in memory on airflow.Home:41623 (size: 66.4 KiB, free: 366.2 MiB)
[2024-01-05T17:41:02.252+0000] {spark_submit.py:536} INFO - 24/01/05 17:41:02 INFO SparkContext: Created broadcast 3 from broadcast at DAGScheduler.scala:1433
[2024-01-05T17:41:02.254+0000] {spark_submit.py:536} INFO - 24/01/05 17:41:02 INFO DAGScheduler: Submitting 1 missing tasks from ResultStage 1 (CoalescedRDD[9] at json at NativeMethodAccessorImpl.java:0) (first 15 tasks are for partitions Vector(0))
[2024-01-05T17:41:02.254+0000] {spark_submit.py:536} INFO - 24/01/05 17:41:02 INFO TaskSchedulerImpl: Adding task set 1.0 with 1 tasks resource profile 0
[2024-01-05T17:41:02.262+0000] {spark_submit.py:536} INFO - 24/01/05 17:41:02 INFO TaskSetManager: Starting task 0.0 in stage 1.0 (TID 1) (airflow.Home, executor driver, partition 0, PROCESS_LOCAL, 5134 bytes) taskResourceAssignments Map()
[2024-01-05T17:41:02.263+0000] {spark_submit.py:536} INFO - 24/01/05 17:41:02 INFO Executor: Running task 0.0 in stage 1.0 (TID 1)
[2024-01-05T17:41:02.435+0000] {spark_submit.py:536} INFO - 24/01/05 17:41:02 INFO FileOutputCommitter: File Output Committer Algorithm version is 1
[2024-01-05T17:41:02.439+0000] {spark_submit.py:536} INFO - 24/01/05 17:41:02 INFO FileOutputCommitter: FileOutputCommitter skip cleanup _temporary folders under output directory:false, ignore cleanup failures: false
[2024-01-05T17:41:02.441+0000] {spark_submit.py:536} INFO - 24/01/05 17:41:02 INFO SQLHadoopMapReduceCommitProtocol: Using output committer class org.apache.hadoop.mapreduce.lib.output.FileOutputCommitter
[2024-01-05T17:41:02.837+0000] {spark_submit.py:536} INFO - 24/01/05 17:41:02 INFO CodeGenerator: Code generated in 54.194207 ms
[2024-01-05T17:41:02.846+0000] {spark_submit.py:536} INFO - 24/01/05 17:41:02 INFO FileScanRDD: Reading File path: file:///home/eder/Desktop/Airflow/Twitter/data/raw/2023-12-29/%202023-12-29.json, range: 0-4537, partition values: [empty row]
[2024-01-05T17:41:02.884+0000] {spark_submit.py:536} INFO - 24/01/05 17:41:02 INFO CodeGenerator: Code generated in 33.92191 ms
[2024-01-05T17:41:02.933+0000] {spark_submit.py:536} INFO - 24/01/05 17:41:02 INFO CodeGenerator: Code generated in 14.012791 ms
[2024-01-05T17:41:03.084+0000] {spark_submit.py:536} INFO - 24/01/05 17:41:03 INFO FileOutputCommitter: Saved output of task 'attempt_202401051741015512349541777190518_0001_m_000000_1' to file:/home/eder/Desktop/Airflow/Twitter/data/processed/tweets/2023-12-29/_temporary/0/task_202401051741015512349541777190518_0001_m_000000
[2024-01-05T17:41:03.090+0000] {spark_submit.py:536} INFO - 24/01/05 17:41:03 INFO SparkHadoopMapRedUtil: attempt_202401051741015512349541777190518_0001_m_000000_1: Committed
[2024-01-05T17:41:03.108+0000] {spark_submit.py:536} INFO - 24/01/05 17:41:03 INFO Executor: Finished task 0.0 in stage 1.0 (TID 1). 2901 bytes result sent to driver
[2024-01-05T17:41:03.120+0000] {spark_submit.py:536} INFO - 24/01/05 17:41:03 INFO TaskSetManager: Finished task 0.0 in stage 1.0 (TID 1) in 865 ms on airflow.Home (executor driver) (1/1)
[2024-01-05T17:41:03.126+0000] {spark_submit.py:536} INFO - 24/01/05 17:41:03 INFO DAGScheduler: ResultStage 1 (json at NativeMethodAccessorImpl.java:0) finished in 1.111 s
[2024-01-05T17:41:03.127+0000] {spark_submit.py:536} INFO - 24/01/05 17:41:03 INFO TaskSchedulerImpl: Removed TaskSet 1.0, whose tasks have all completed, from pool
[2024-01-05T17:41:03.127+0000] {spark_submit.py:536} INFO - 24/01/05 17:41:03 INFO DAGScheduler: Job 1 is finished. Cancelling potential speculative or zombie tasks for this job
[2024-01-05T17:41:03.127+0000] {spark_submit.py:536} INFO - 24/01/05 17:41:03 INFO TaskSchedulerImpl: Killing all running tasks in stage 1: Stage finished
[2024-01-05T17:41:03.128+0000] {spark_submit.py:536} INFO - 24/01/05 17:41:03 INFO DAGScheduler: Job 1 finished: json at NativeMethodAccessorImpl.java:0, took 1.137374 s
[2024-01-05T17:41:03.231+0000] {spark_submit.py:536} INFO - 24/01/05 17:41:03 INFO FileFormatWriter: Write Job 50e814e3-dfd5-44d9-b309-2d19b41f5a3f committed.
[2024-01-05T17:41:03.242+0000] {spark_submit.py:536} INFO - 24/01/05 17:41:03 INFO FileFormatWriter: Finished processing stats for write job 50e814e3-dfd5-44d9-b309-2d19b41f5a3f.
[2024-01-05T17:41:03.314+0000] {spark_submit.py:536} INFO - 24/01/05 17:41:03 INFO FileSourceStrategy: Pushed Filters:
[2024-01-05T17:41:03.315+0000] {spark_submit.py:536} INFO - 24/01/05 17:41:03 INFO FileSourceStrategy: Post-Scan Filters:
[2024-01-05T17:41:03.315+0000] {spark_submit.py:536} INFO - 24/01/05 17:41:03 INFO FileSourceStrategy: Output Data Schema: struct<includes: struct<users: array<struct<created_at:string,id:string,name:string,username:string>>>>
[2024-01-05T17:41:03.329+0000] {spark_submit.py:536} INFO - 24/01/05 17:41:03 INFO FileOutputCommitter: File Output Committer Algorithm version is 1
[2024-01-05T17:41:03.329+0000] {spark_submit.py:536} INFO - 24/01/05 17:41:03 INFO FileOutputCommitter: FileOutputCommitter skip cleanup _temporary folders under output directory:false, ignore cleanup failures: false
[2024-01-05T17:41:03.329+0000] {spark_submit.py:536} INFO - 24/01/05 17:41:03 INFO SQLHadoopMapReduceCommitProtocol: Using output committer class org.apache.hadoop.mapreduce.lib.output.FileOutputCommitter
[2024-01-05T17:41:03.411+0000] {spark_submit.py:536} INFO - 24/01/05 17:41:03 INFO CodeGenerator: Code generated in 32.039253 ms
[2024-01-05T17:41:03.415+0000] {spark_submit.py:536} INFO - 24/01/05 17:41:03 INFO MemoryStore: Block broadcast_4 stored as values in memory (estimated size 303.0 KiB, free 365.1 MiB)
[2024-01-05T17:41:03.423+0000] {spark_submit.py:536} INFO - 24/01/05 17:41:03 INFO MemoryStore: Block broadcast_4_piece0 stored as bytes in memory (estimated size 27.5 KiB, free 365.1 MiB)
[2024-01-05T17:41:03.428+0000] {spark_submit.py:536} INFO - 24/01/05 17:41:03 INFO BlockManagerInfo: Added broadcast_4_piece0 in memory on airflow.Home:41623 (size: 27.5 KiB, free: 366.1 MiB)
[2024-01-05T17:41:03.429+0000] {spark_submit.py:536} INFO - 24/01/05 17:41:03 INFO SparkContext: Created broadcast 4 from json at NativeMethodAccessorImpl.java:0
[2024-01-05T17:41:03.431+0000] {spark_submit.py:536} INFO - 24/01/05 17:41:03 INFO FileSourceScanExec: Planning scan with bin packing, max size: 4198841 bytes, open cost is considered as scanning 4194304 bytes.
[2024-01-05T17:41:03.447+0000] {spark_submit.py:536} INFO - 24/01/05 17:41:03 INFO SparkContext: Starting job: json at NativeMethodAccessorImpl.java:0
[2024-01-05T17:41:03.448+0000] {spark_submit.py:536} INFO - 24/01/05 17:41:03 INFO DAGScheduler: Got job 2 (json at NativeMethodAccessorImpl.java:0) with 1 output partitions
[2024-01-05T17:41:03.448+0000] {spark_submit.py:536} INFO - 24/01/05 17:41:03 INFO DAGScheduler: Final stage: ResultStage 2 (json at NativeMethodAccessorImpl.java:0)
[2024-01-05T17:41:03.449+0000] {spark_submit.py:536} INFO - 24/01/05 17:41:03 INFO DAGScheduler: Parents of final stage: List()
[2024-01-05T17:41:03.449+0000] {spark_submit.py:536} INFO - 24/01/05 17:41:03 INFO DAGScheduler: Missing parents: List()
[2024-01-05T17:41:03.451+0000] {spark_submit.py:536} INFO - 24/01/05 17:41:03 INFO DAGScheduler: Submitting ResultStage 2 (CoalescedRDD[16] at json at NativeMethodAccessorImpl.java:0), which has no missing parents
[2024-01-05T17:41:03.572+0000] {spark_submit.py:536} INFO - 24/01/05 17:41:03 INFO MemoryStore: Block broadcast_5 stored as values in memory (estimated size 178.0 KiB, free 364.9 MiB)
[2024-01-05T17:41:03.580+0000] {spark_submit.py:536} INFO - 24/01/05 17:41:03 INFO MemoryStore: Block broadcast_5_piece0 stored as bytes in memory (estimated size 63.8 KiB, free 364.8 MiB)
[2024-01-05T17:41:03.586+0000] {spark_submit.py:536} INFO - 24/01/05 17:41:03 INFO BlockManagerInfo: Added broadcast_5_piece0 in memory on airflow.Home:41623 (size: 63.8 KiB, free: 366.1 MiB)
[2024-01-05T17:41:03.589+0000] {spark_submit.py:536} INFO - 24/01/05 17:41:03 INFO SparkContext: Created broadcast 5 from broadcast at DAGScheduler.scala:1433
[2024-01-05T17:41:03.590+0000] {spark_submit.py:536} INFO - 24/01/05 17:41:03 INFO DAGScheduler: Submitting 1 missing tasks from ResultStage 2 (CoalescedRDD[16] at json at NativeMethodAccessorImpl.java:0) (first 15 tasks are for partitions Vector(0))
[2024-01-05T17:41:03.590+0000] {spark_submit.py:536} INFO - 24/01/05 17:41:03 INFO TaskSchedulerImpl: Adding task set 2.0 with 1 tasks resource profile 0
[2024-01-05T17:41:03.592+0000] {spark_submit.py:536} INFO - 24/01/05 17:41:03 INFO TaskSetManager: Starting task 0.0 in stage 2.0 (TID 2) (airflow.Home, executor driver, partition 0, PROCESS_LOCAL, 5134 bytes) taskResourceAssignments Map()
[2024-01-05T17:41:03.595+0000] {spark_submit.py:536} INFO - 24/01/05 17:41:03 INFO Executor: Running task 0.0 in stage 2.0 (TID 2)
[2024-01-05T17:41:03.623+0000] {spark_submit.py:536} INFO - 24/01/05 17:41:03 INFO FileOutputCommitter: File Output Committer Algorithm version is 1
[2024-01-05T17:41:03.624+0000] {spark_submit.py:536} INFO - 24/01/05 17:41:03 INFO FileOutputCommitter: FileOutputCommitter skip cleanup _temporary folders under output directory:false, ignore cleanup failures: false
[2024-01-05T17:41:03.633+0000] {spark_submit.py:536} INFO - 24/01/05 17:41:03 INFO SQLHadoopMapReduceCommitProtocol: Using output committer class org.apache.hadoop.mapreduce.lib.output.FileOutputCommitter
[2024-01-05T17:41:03.867+0000] {spark_submit.py:536} INFO - 24/01/05 17:41:03 INFO CodeGenerator: Code generated in 24.937453 ms
[2024-01-05T17:41:03.915+0000] {spark_submit.py:536} INFO - 24/01/05 17:41:03 INFO FileScanRDD: Reading File path: file:///home/eder/Desktop/Airflow/Twitter/data/raw/2023-12-29/%202023-12-29.json, range: 0-4537, partition values: [empty row]
[2024-01-05T17:41:03.959+0000] {spark_submit.py:536} INFO - 24/01/05 17:41:03 INFO CodeGenerator: Code generated in 38.244842 ms
[2024-01-05T17:41:03.976+0000] {spark_submit.py:536} INFO - 24/01/05 17:41:03 INFO FileOutputCommitter: Saved output of task 'attempt_20240105174103831795943836046341_0002_m_000000_2' to file:/home/eder/Desktop/Airflow/Twitter/data/processed/users/2023-12-29/_temporary/0/task_20240105174103831795943836046341_0002_m_000000
[2024-01-05T17:41:03.977+0000] {spark_submit.py:536} INFO - 24/01/05 17:41:03 INFO SparkHadoopMapRedUtil: attempt_20240105174103831795943836046341_0002_m_000000_2: Committed
[2024-01-05T17:41:03.978+0000] {spark_submit.py:536} INFO - 24/01/05 17:41:03 INFO Executor: Finished task 0.0 in stage 2.0 (TID 2). 2734 bytes result sent to driver
[2024-01-05T17:41:03.982+0000] {spark_submit.py:536} INFO - 24/01/05 17:41:03 INFO TaskSetManager: Finished task 0.0 in stage 2.0 (TID 2) in 391 ms on airflow.Home (executor driver) (1/1)
[2024-01-05T17:41:03.983+0000] {spark_submit.py:536} INFO - 24/01/05 17:41:03 INFO TaskSchedulerImpl: Removed TaskSet 2.0, whose tasks have all completed, from pool
[2024-01-05T17:41:03.984+0000] {spark_submit.py:536} INFO - 24/01/05 17:41:03 INFO DAGScheduler: ResultStage 2 (json at NativeMethodAccessorImpl.java:0) finished in 0.530 s
[2024-01-05T17:41:03.984+0000] {spark_submit.py:536} INFO - 24/01/05 17:41:03 INFO DAGScheduler: Job 2 is finished. Cancelling potential speculative or zombie tasks for this job
[2024-01-05T17:41:03.984+0000] {spark_submit.py:536} INFO - 24/01/05 17:41:03 INFO TaskSchedulerImpl: Killing all running tasks in stage 2: Stage finished
[2024-01-05T17:41:03.985+0000] {spark_submit.py:536} INFO - 24/01/05 17:41:03 INFO DAGScheduler: Job 2 finished: json at NativeMethodAccessorImpl.java:0, took 0.538084 s
[2024-01-05T17:41:04.024+0000] {spark_submit.py:536} INFO - 24/01/05 17:41:04 INFO FileFormatWriter: Write Job 655d6450-98ee-48a8-b54d-974a00093093 committed.
[2024-01-05T17:41:04.027+0000] {spark_submit.py:536} INFO - 24/01/05 17:41:04 INFO FileFormatWriter: Finished processing stats for write job 655d6450-98ee-48a8-b54d-974a00093093.
[2024-01-05T17:41:04.175+0000] {spark_submit.py:536} INFO - 24/01/05 17:41:04 INFO SparkContext: Invoking stop() from shutdown hook
[2024-01-05T17:41:04.268+0000] {spark_submit.py:536} INFO - 24/01/05 17:41:04 INFO SparkUI: Stopped Spark web UI at http://airflow.Home:4040
[2024-01-05T17:41:04.407+0000] {spark_submit.py:536} INFO - 24/01/05 17:41:04 INFO MapOutputTrackerMasterEndpoint: MapOutputTrackerMasterEndpoint stopped!
[2024-01-05T17:41:04.443+0000] {spark_submit.py:536} INFO - 24/01/05 17:41:04 INFO MemoryStore: MemoryStore cleared
[2024-01-05T17:41:04.443+0000] {spark_submit.py:536} INFO - 24/01/05 17:41:04 INFO BlockManager: BlockManager stopped
[2024-01-05T17:41:04.472+0000] {spark_submit.py:536} INFO - 24/01/05 17:41:04 INFO BlockManagerMaster: BlockManagerMaster stopped
[2024-01-05T17:41:04.486+0000] {spark_submit.py:536} INFO - 24/01/05 17:41:04 INFO OutputCommitCoordinator$OutputCommitCoordinatorEndpoint: OutputCommitCoordinator stopped!
[2024-01-05T17:41:04.503+0000] {spark_submit.py:536} INFO - 24/01/05 17:41:04 INFO SparkContext: Successfully stopped SparkContext
[2024-01-05T17:41:04.504+0000] {spark_submit.py:536} INFO - 24/01/05 17:41:04 INFO ShutdownHookManager: Shutdown hook called
[2024-01-05T17:41:04.507+0000] {spark_submit.py:536} INFO - 24/01/05 17:41:04 INFO ShutdownHookManager: Deleting directory /tmp/spark-72f00e24-5790-4640-81c7-1927e84070e4
[2024-01-05T17:41:04.513+0000] {spark_submit.py:536} INFO - 24/01/05 17:41:04 INFO ShutdownHookManager: Deleting directory /tmp/spark-72f00e24-5790-4640-81c7-1927e84070e4/pyspark-6b844519-0921-47b9-bd46-8235cf8503fd
[2024-01-05T17:41:04.524+0000] {spark_submit.py:536} INFO - 24/01/05 17:41:04 INFO ShutdownHookManager: Deleting directory /tmp/spark-b327109c-b387-463b-a484-55b50e4ae2e0
[2024-01-05T17:41:04.648+0000] {taskinstance.py:1138} INFO - Marking task as SUCCESS. dag_id=TwitterDAG, task_id=transform_twitter_data, execution_date=20231229T000000, start_date=20240105T174037, end_date=20240105T174104
[2024-01-05T17:41:04.719+0000] {local_task_job_runner.py:234} INFO - Task exited with return code 0
[2024-01-05T17:41:04.730+0000] {taskinstance.py:3281} INFO - 1 downstream tasks scheduled from follow-on schedule check
[2024-01-05T18:01:51.859+0000] {taskinstance.py:1957} INFO - Dependencies all met for dep_context=non-requeueable deps ti=<TaskInstance: TwitterDAG.transform_twitter_data scheduled__2023-12-29T00:00:00+00:00 [queued]>
[2024-01-05T18:01:51.880+0000] {taskinstance.py:1957} INFO - Dependencies all met for dep_context=requeueable deps ti=<TaskInstance: TwitterDAG.transform_twitter_data scheduled__2023-12-29T00:00:00+00:00 [queued]>
[2024-01-05T18:01:51.883+0000] {taskinstance.py:2171} INFO - Starting attempt 1 of 1
[2024-01-05T18:01:52.009+0000] {taskinstance.py:2192} INFO - Executing <Task(SparkSubmitOperator): transform_twitter_data> on 2023-12-29 00:00:00+00:00
[2024-01-05T18:01:52.017+0000] {standard_task_runner.py:60} INFO - Started process 34835 to run task
[2024-01-05T18:01:52.020+0000] {standard_task_runner.py:87} INFO - Running: ['airflow', 'tasks', 'run', 'TwitterDAG', 'transform_twitter_data', 'scheduled__2023-12-29T00:00:00+00:00', '--job-id', '86', '--raw', '--subdir', 'DAGS_FOLDER/twitter_dag.py', '--cfg-path', '/tmp/tmp58yme6qa']
[2024-01-05T18:01:52.023+0000] {standard_task_runner.py:88} INFO - Job 86: Subtask transform_twitter_data
[2024-01-05T18:01:52.168+0000] {task_command.py:423} INFO - Running <TaskInstance: TwitterDAG.transform_twitter_data scheduled__2023-12-29T00:00:00+00:00 [running]> on host airflow.vm.local
[2024-01-05T18:01:52.417+0000] {taskinstance.py:2481} INFO - Exporting env vars: AIRFLOW_CTX_DAG_OWNER='airflow' AIRFLOW_CTX_DAG_ID='TwitterDAG' AIRFLOW_CTX_TASK_ID='transform_twitter_data' AIRFLOW_CTX_EXECUTION_DATE='2023-12-29T00:00:00+00:00' AIRFLOW_CTX_TRY_NUMBER='1' AIRFLOW_CTX_DAG_RUN_ID='scheduled__2023-12-29T00:00:00+00:00'
[2024-01-05T18:01:52.423+0000] {base.py:83} INFO - Using connection ID 'spark_default' for task execution.
[2024-01-05T18:01:52.424+0000] {spark_submit.py:366} INFO - Spark-Submit cmd: spark-submit --master local --name Twitter Transformation --queue root.default /home/eder/Desktop/Airflow/Twitter/src/spark/transformation.py --src /home/eder/Desktop/Airflow/Twitter/data/raw/2023-12-29 --dest /home/eder/Desktop/Airflow/Twitter/data/processed/ --process_date 2023-12-29
[2024-01-05T18:01:55.821+0000] {spark_submit.py:536} INFO - 24/01/05 18:01:55 WARN Utils: Your hostname, airflow resolves to a loopback address: 127.0.1.1; using 192.168.1.79 instead (on interface enp0s3)
[2024-01-05T18:01:55.824+0000] {spark_submit.py:536} INFO - 24/01/05 18:01:55 WARN Utils: Set SPARK_LOCAL_IP if you need to bind to another address
[2024-01-05T18:01:56.687+0000] {spark_submit.py:536} INFO - 24/01/05 18:01:56 WARN NativeCodeLoader: Unable to load native-hadoop library for your platform... using builtin-java classes where applicable
[2024-01-05T18:01:58.138+0000] {spark_submit.py:536} INFO - Using Spark's default log4j profile: org/apache/spark/log4j-defaults.properties
[2024-01-05T18:01:58.166+0000] {spark_submit.py:536} INFO - 24/01/05 18:01:58 INFO SparkContext: Running Spark version 3.1.3
[2024-01-05T18:01:58.259+0000] {spark_submit.py:536} INFO - 24/01/05 18:01:58 INFO ResourceUtils: ==============================================================
[2024-01-05T18:01:58.260+0000] {spark_submit.py:536} INFO - 24/01/05 18:01:58 INFO ResourceUtils: No custom resources configured for spark.driver.
[2024-01-05T18:01:58.260+0000] {spark_submit.py:536} INFO - 24/01/05 18:01:58 INFO ResourceUtils: ==============================================================
[2024-01-05T18:01:58.261+0000] {spark_submit.py:536} INFO - 24/01/05 18:01:58 INFO SparkContext: Submitted application: Data Transformation
[2024-01-05T18:01:58.321+0000] {spark_submit.py:536} INFO - 24/01/05 18:01:58 INFO ResourceProfile: Default ResourceProfile created, executor resources: Map(cores -> name: cores, amount: 1, script: , vendor: , memory -> name: memory, amount: 1024, script: , vendor: , offHeap -> name: offHeap, amount: 0, script: , vendor: ), task resources: Map(cpus -> name: cpus, amount: 1.0)
[2024-01-05T18:01:58.341+0000] {spark_submit.py:536} INFO - 24/01/05 18:01:58 INFO ResourceProfile: Limiting resource is cpu
[2024-01-05T18:01:58.342+0000] {spark_submit.py:536} INFO - 24/01/05 18:01:58 INFO ResourceProfileManager: Added ResourceProfile id: 0
[2024-01-05T18:01:58.492+0000] {spark_submit.py:536} INFO - 24/01/05 18:01:58 INFO SecurityManager: Changing view acls to: eder
[2024-01-05T18:01:58.492+0000] {spark_submit.py:536} INFO - 24/01/05 18:01:58 INFO SecurityManager: Changing modify acls to: eder
[2024-01-05T18:01:58.492+0000] {spark_submit.py:536} INFO - 24/01/05 18:01:58 INFO SecurityManager: Changing view acls groups to:
[2024-01-05T18:01:58.492+0000] {spark_submit.py:536} INFO - 24/01/05 18:01:58 INFO SecurityManager: Changing modify acls groups to:
[2024-01-05T18:01:58.492+0000] {spark_submit.py:536} INFO - 24/01/05 18:01:58 INFO SecurityManager: SecurityManager: authentication disabled; ui acls disabled; users  with view permissions: Set(eder); groups with view permissions: Set(); users  with modify permissions: Set(eder); groups with modify permissions: Set()
[2024-01-05T18:01:59.211+0000] {spark_submit.py:536} INFO - 24/01/05 18:01:59 INFO Utils: Successfully started service 'sparkDriver' on port 37273.
[2024-01-05T18:01:59.337+0000] {spark_submit.py:536} INFO - 24/01/05 18:01:59 INFO SparkEnv: Registering MapOutputTracker
[2024-01-05T18:01:59.411+0000] {spark_submit.py:536} INFO - 24/01/05 18:01:59 INFO SparkEnv: Registering BlockManagerMaster
[2024-01-05T18:01:59.459+0000] {spark_submit.py:536} INFO - 24/01/05 18:01:59 INFO BlockManagerMasterEndpoint: Using org.apache.spark.storage.DefaultTopologyMapper for getting topology information
[2024-01-05T18:01:59.460+0000] {spark_submit.py:536} INFO - 24/01/05 18:01:59 INFO BlockManagerMasterEndpoint: BlockManagerMasterEndpoint up
[2024-01-05T18:01:59.472+0000] {spark_submit.py:536} INFO - 24/01/05 18:01:59 INFO SparkEnv: Registering BlockManagerMasterHeartbeat
[2024-01-05T18:01:59.515+0000] {spark_submit.py:536} INFO - 24/01/05 18:01:59 INFO DiskBlockManager: Created local directory at /tmp/blockmgr-a7a07513-8114-441b-9395-7bc8a08ac93e
[2024-01-05T18:01:59.561+0000] {spark_submit.py:536} INFO - 24/01/05 18:01:59 INFO MemoryStore: MemoryStore started with capacity 366.3 MiB
[2024-01-05T18:01:59.721+0000] {spark_submit.py:536} INFO - 24/01/05 18:01:59 INFO SparkEnv: Registering OutputCommitCoordinator
[2024-01-05T18:02:00.259+0000] {spark_submit.py:536} INFO - 24/01/05 18:02:00 INFO Utils: Successfully started service 'SparkUI' on port 4040.
[2024-01-05T18:02:00.406+0000] {spark_submit.py:536} INFO - 24/01/05 18:02:00 INFO SparkUI: Bound SparkUI to 0.0.0.0, and started at http://airflow.Home:4040
[2024-01-05T18:02:01.067+0000] {spark_submit.py:536} INFO - 24/01/05 18:02:01 INFO Executor: Starting executor ID driver on host airflow.Home
[2024-01-05T18:02:01.134+0000] {spark_submit.py:536} INFO - 24/01/05 18:02:01 INFO Utils: Successfully started service 'org.apache.spark.network.netty.NettyBlockTransferService' on port 36339.
[2024-01-05T18:02:01.135+0000] {spark_submit.py:536} INFO - 24/01/05 18:02:01 INFO NettyBlockTransferService: Server created on airflow.Home:36339
[2024-01-05T18:02:01.139+0000] {spark_submit.py:536} INFO - 24/01/05 18:02:01 INFO BlockManager: Using org.apache.spark.storage.RandomBlockReplicationPolicy for block replication policy
[2024-01-05T18:02:01.157+0000] {spark_submit.py:536} INFO - 24/01/05 18:02:01 INFO BlockManagerMaster: Registering BlockManager BlockManagerId(driver, airflow.Home, 36339, None)
[2024-01-05T18:02:01.185+0000] {spark_submit.py:536} INFO - 24/01/05 18:02:01 INFO BlockManagerMasterEndpoint: Registering block manager airflow.Home:36339 with 366.3 MiB RAM, BlockManagerId(driver, airflow.Home, 36339, None)
[2024-01-05T18:02:01.198+0000] {spark_submit.py:536} INFO - 24/01/05 18:02:01 INFO BlockManagerMaster: Registered BlockManager BlockManagerId(driver, airflow.Home, 36339, None)
[2024-01-05T18:02:01.201+0000] {spark_submit.py:536} INFO - 24/01/05 18:02:01 INFO BlockManager: Initialized BlockManager: BlockManagerId(driver, airflow.Home, 36339, None)
[2024-01-05T18:02:02.552+0000] {spark_submit.py:536} INFO - 24/01/05 18:02:02 INFO SharedState: Setting hive.metastore.warehouse.dir ('null') to the value of spark.sql.warehouse.dir ('file:/home/eder/Desktop/Airflow/Twitter/spark-warehouse').
[2024-01-05T18:02:02.553+0000] {spark_submit.py:536} INFO - 24/01/05 18:02:02 INFO SharedState: Warehouse path is 'file:/home/eder/Desktop/Airflow/Twitter/spark-warehouse'.
[2024-01-05T18:02:04.442+0000] {spark_submit.py:536} INFO - 24/01/05 18:02:04 INFO InMemoryFileIndex: It took 103 ms to list leaf files for 1 paths.
[2024-01-05T18:02:04.652+0000] {spark_submit.py:536} INFO - 24/01/05 18:02:04 INFO InMemoryFileIndex: It took 3 ms to list leaf files for 1 paths.
[2024-01-05T18:02:08.845+0000] {spark_submit.py:536} INFO - 24/01/05 18:02:08 INFO FileSourceStrategy: Pushed Filters:
[2024-01-05T18:02:08.847+0000] {spark_submit.py:536} INFO - 24/01/05 18:02:08 INFO FileSourceStrategy: Post-Scan Filters:
[2024-01-05T18:02:08.855+0000] {spark_submit.py:536} INFO - 24/01/05 18:02:08 INFO FileSourceStrategy: Output Data Schema: struct<value: string>
[2024-01-05T18:02:09.516+0000] {spark_submit.py:536} INFO - 24/01/05 18:02:09 INFO MemoryStore: Block broadcast_0 stored as values in memory (estimated size 303.1 KiB, free 366.0 MiB)
[2024-01-05T18:02:09.631+0000] {spark_submit.py:536} INFO - 24/01/05 18:02:09 INFO MemoryStore: Block broadcast_0_piece0 stored as bytes in memory (estimated size 27.5 KiB, free 366.0 MiB)
[2024-01-05T18:02:09.636+0000] {spark_submit.py:536} INFO - 24/01/05 18:02:09 INFO BlockManagerInfo: Added broadcast_0_piece0 in memory on airflow.Home:36339 (size: 27.5 KiB, free: 366.3 MiB)
[2024-01-05T18:02:09.645+0000] {spark_submit.py:536} INFO - 24/01/05 18:02:09 INFO SparkContext: Created broadcast 0 from json at NativeMethodAccessorImpl.java:0
[2024-01-05T18:02:09.667+0000] {spark_submit.py:536} INFO - 24/01/05 18:02:09 INFO FileSourceScanExec: Planning scan with bin packing, max size: 4198768 bytes, open cost is considered as scanning 4194304 bytes.
[2024-01-05T18:02:09.992+0000] {spark_submit.py:536} INFO - 24/01/05 18:02:09 INFO SparkContext: Starting job: json at NativeMethodAccessorImpl.java:0
[2024-01-05T18:02:10.033+0000] {spark_submit.py:536} INFO - 24/01/05 18:02:10 INFO DAGScheduler: Got job 0 (json at NativeMethodAccessorImpl.java:0) with 1 output partitions
[2024-01-05T18:02:10.038+0000] {spark_submit.py:536} INFO - 24/01/05 18:02:10 INFO DAGScheduler: Final stage: ResultStage 0 (json at NativeMethodAccessorImpl.java:0)
[2024-01-05T18:02:10.039+0000] {spark_submit.py:536} INFO - 24/01/05 18:02:10 INFO DAGScheduler: Parents of final stage: List()
[2024-01-05T18:02:10.042+0000] {spark_submit.py:536} INFO - 24/01/05 18:02:10 INFO DAGScheduler: Missing parents: List()
[2024-01-05T18:02:10.103+0000] {spark_submit.py:536} INFO - 24/01/05 18:02:10 INFO DAGScheduler: Submitting ResultStage 0 (MapPartitionsRDD[3] at json at NativeMethodAccessorImpl.java:0), which has no missing parents
[2024-01-05T18:02:10.450+0000] {spark_submit.py:536} INFO - 24/01/05 18:02:10 INFO MemoryStore: Block broadcast_1 stored as values in memory (estimated size 12.0 KiB, free 366.0 MiB)
[2024-01-05T18:02:10.457+0000] {spark_submit.py:536} INFO - 24/01/05 18:02:10 INFO MemoryStore: Block broadcast_1_piece0 stored as bytes in memory (estimated size 6.3 KiB, free 366.0 MiB)
[2024-01-05T18:02:10.459+0000] {spark_submit.py:536} INFO - 24/01/05 18:02:10 INFO BlockManagerInfo: Added broadcast_1_piece0 in memory on airflow.Home:36339 (size: 6.3 KiB, free: 366.3 MiB)
[2024-01-05T18:02:10.472+0000] {spark_submit.py:536} INFO - 24/01/05 18:02:10 INFO SparkContext: Created broadcast 1 from broadcast at DAGScheduler.scala:1433
[2024-01-05T18:02:10.511+0000] {spark_submit.py:536} INFO - 24/01/05 18:02:10 INFO DAGScheduler: Submitting 1 missing tasks from ResultStage 0 (MapPartitionsRDD[3] at json at NativeMethodAccessorImpl.java:0) (first 15 tasks are for partitions Vector(0))
[2024-01-05T18:02:10.531+0000] {spark_submit.py:536} INFO - 24/01/05 18:02:10 INFO TaskSchedulerImpl: Adding task set 0.0 with 1 tasks resource profile 0
[2024-01-05T18:02:10.688+0000] {spark_submit.py:536} INFO - 24/01/05 18:02:10 INFO TaskSetManager: Starting task 0.0 in stage 0.0 (TID 0) (airflow.Home, executor driver, partition 0, PROCESS_LOCAL, 4905 bytes) taskResourceAssignments Map()
[2024-01-05T18:02:10.736+0000] {spark_submit.py:536} INFO - 24/01/05 18:02:10 INFO Executor: Running task 0.0 in stage 0.0 (TID 0)
[2024-01-05T18:02:11.281+0000] {spark_submit.py:536} INFO - 24/01/05 18:02:11 INFO FileScanRDD: Reading File path: file:///home/eder/Desktop/Airflow/Twitter/data/raw/2023-12-29/%202023-12-29.json, range: 0-4464, partition values: [empty row]
[2024-01-05T18:02:11.906+0000] {spark_submit.py:536} INFO - 24/01/05 18:02:11 INFO CodeGenerator: Code generated in 395.309446 ms
[2024-01-05T18:02:12.022+0000] {spark_submit.py:536} INFO - 24/01/05 18:02:12 INFO Executor: Finished task 0.0 in stage 0.0 (TID 0). 2725 bytes result sent to driver
[2024-01-05T18:02:12.088+0000] {spark_submit.py:536} INFO - 24/01/05 18:02:12 INFO TaskSetManager: Finished task 0.0 in stage 0.0 (TID 0) in 1416 ms on airflow.Home (executor driver) (1/1)
[2024-01-05T18:02:12.094+0000] {spark_submit.py:536} INFO - 24/01/05 18:02:12 INFO TaskSchedulerImpl: Removed TaskSet 0.0, whose tasks have all completed, from pool
[2024-01-05T18:02:12.104+0000] {spark_submit.py:536} INFO - 24/01/05 18:02:12 INFO DAGScheduler: ResultStage 0 (json at NativeMethodAccessorImpl.java:0) finished in 1.963 s
[2024-01-05T18:02:12.314+0000] {spark_submit.py:536} INFO - 24/01/05 18:02:12 INFO DAGScheduler: Job 0 is finished. Cancelling potential speculative or zombie tasks for this job
[2024-01-05T18:02:12.315+0000] {spark_submit.py:536} INFO - 24/01/05 18:02:12 INFO TaskSchedulerImpl: Killing all running tasks in stage 0: Stage finished
[2024-01-05T18:02:12.322+0000] {spark_submit.py:536} INFO - 24/01/05 18:02:12 INFO DAGScheduler: Job 0 finished: json at NativeMethodAccessorImpl.java:0, took 2.329229 s
[2024-01-05T18:02:13.164+0000] {spark_submit.py:536} INFO - 24/01/05 18:02:13 INFO FileSourceStrategy: Pushed Filters: IsNotNull(data)
[2024-01-05T18:02:13.167+0000] {spark_submit.py:536} INFO - 24/01/05 18:02:13 INFO FileSourceStrategy: Post-Scan Filters: (size(data#7, true) > 0),isnotnull(data#7)
[2024-01-05T18:02:13.168+0000] {spark_submit.py:536} INFO - 24/01/05 18:02:13 INFO FileSourceStrategy: Output Data Schema: struct<data: array<struct<author_id:string,conversation_id:string,created_at:string,edit_history_tweet_ids:array<bigint>,id:string,in_reply_to_user_id:string,lang:string,public_metrics:struct<like_count:bigint,quote_count:bigint,reply_count:bigint,retweet_count:bigint>,text:string>>>
[2024-01-05T18:02:13.307+0000] {spark_submit.py:536} INFO - 24/01/05 18:02:13 INFO FileOutputCommitter: File Output Committer Algorithm version is 1
[2024-01-05T18:02:13.308+0000] {spark_submit.py:536} INFO - 24/01/05 18:02:13 INFO FileOutputCommitter: FileOutputCommitter skip cleanup _temporary folders under output directory:false, ignore cleanup failures: false
[2024-01-05T18:02:13.309+0000] {spark_submit.py:536} INFO - 24/01/05 18:02:13 INFO SQLHadoopMapReduceCommitProtocol: Using output committer class org.apache.hadoop.mapreduce.lib.output.FileOutputCommitter
[2024-01-05T18:02:13.760+0000] {spark_submit.py:536} INFO - 24/01/05 18:02:13 INFO CodeGenerator: Code generated in 47.331568 ms
[2024-01-05T18:02:13.873+0000] {spark_submit.py:536} INFO - 24/01/05 18:02:13 INFO CodeGenerator: Code generated in 46.987947 ms
[2024-01-05T18:02:13.881+0000] {spark_submit.py:536} INFO - 24/01/05 18:02:13 INFO MemoryStore: Block broadcast_2 stored as values in memory (estimated size 303.0 KiB, free 365.7 MiB)
[2024-01-05T18:02:13.894+0000] {spark_submit.py:536} INFO - 24/01/05 18:02:13 INFO MemoryStore: Block broadcast_2_piece0 stored as bytes in memory (estimated size 27.5 KiB, free 365.6 MiB)
[2024-01-05T18:02:13.897+0000] {spark_submit.py:536} INFO - 24/01/05 18:02:13 INFO BlockManagerInfo: Added broadcast_2_piece0 in memory on airflow.Home:36339 (size: 27.5 KiB, free: 366.2 MiB)
[2024-01-05T18:02:13.898+0000] {spark_submit.py:536} INFO - 24/01/05 18:02:13 INFO SparkContext: Created broadcast 2 from json at NativeMethodAccessorImpl.java:0
[2024-01-05T18:02:13.907+0000] {spark_submit.py:536} INFO - 24/01/05 18:02:13 INFO FileSourceScanExec: Planning scan with bin packing, max size: 4198768 bytes, open cost is considered as scanning 4194304 bytes.
[2024-01-05T18:02:14.072+0000] {spark_submit.py:536} INFO - 24/01/05 18:02:14 INFO SparkContext: Starting job: json at NativeMethodAccessorImpl.java:0
[2024-01-05T18:02:14.078+0000] {spark_submit.py:536} INFO - 24/01/05 18:02:14 INFO DAGScheduler: Got job 1 (json at NativeMethodAccessorImpl.java:0) with 1 output partitions
[2024-01-05T18:02:14.079+0000] {spark_submit.py:536} INFO - 24/01/05 18:02:14 INFO DAGScheduler: Final stage: ResultStage 1 (json at NativeMethodAccessorImpl.java:0)
[2024-01-05T18:02:14.079+0000] {spark_submit.py:536} INFO - 24/01/05 18:02:14 INFO DAGScheduler: Parents of final stage: List()
[2024-01-05T18:02:14.079+0000] {spark_submit.py:536} INFO - 24/01/05 18:02:14 INFO DAGScheduler: Missing parents: List()
[2024-01-05T18:02:14.115+0000] {spark_submit.py:536} INFO - 24/01/05 18:02:14 INFO DAGScheduler: Submitting ResultStage 1 (CoalescedRDD[9] at json at NativeMethodAccessorImpl.java:0), which has no missing parents
[2024-01-05T18:02:14.322+0000] {spark_submit.py:536} INFO - 24/01/05 18:02:14 INFO MemoryStore: Block broadcast_3 stored as values in memory (estimated size 189.7 KiB, free 365.5 MiB)
[2024-01-05T18:02:14.330+0000] {spark_submit.py:536} INFO - 24/01/05 18:02:14 INFO MemoryStore: Block broadcast_3_piece0 stored as bytes in memory (estimated size 66.3 KiB, free 365.4 MiB)
[2024-01-05T18:02:14.332+0000] {spark_submit.py:536} INFO - 24/01/05 18:02:14 INFO BlockManagerInfo: Added broadcast_3_piece0 in memory on airflow.Home:36339 (size: 66.3 KiB, free: 366.2 MiB)
[2024-01-05T18:02:14.338+0000] {spark_submit.py:536} INFO - 24/01/05 18:02:14 INFO SparkContext: Created broadcast 3 from broadcast at DAGScheduler.scala:1433
[2024-01-05T18:02:14.339+0000] {spark_submit.py:536} INFO - 24/01/05 18:02:14 INFO DAGScheduler: Submitting 1 missing tasks from ResultStage 1 (CoalescedRDD[9] at json at NativeMethodAccessorImpl.java:0) (first 15 tasks are for partitions Vector(0))
[2024-01-05T18:02:14.339+0000] {spark_submit.py:536} INFO - 24/01/05 18:02:14 INFO TaskSchedulerImpl: Adding task set 1.0 with 1 tasks resource profile 0
[2024-01-05T18:02:14.347+0000] {spark_submit.py:536} INFO - 24/01/05 18:02:14 INFO TaskSetManager: Starting task 0.0 in stage 1.0 (TID 1) (airflow.Home, executor driver, partition 0, PROCESS_LOCAL, 5134 bytes) taskResourceAssignments Map()
[2024-01-05T18:02:14.352+0000] {spark_submit.py:536} INFO - 24/01/05 18:02:14 INFO Executor: Running task 0.0 in stage 1.0 (TID 1)
[2024-01-05T18:02:14.483+0000] {spark_submit.py:536} INFO - 24/01/05 18:02:14 INFO FileOutputCommitter: File Output Committer Algorithm version is 1
[2024-01-05T18:02:14.483+0000] {spark_submit.py:536} INFO - 24/01/05 18:02:14 INFO FileOutputCommitter: FileOutputCommitter skip cleanup _temporary folders under output directory:false, ignore cleanup failures: false
[2024-01-05T18:02:14.498+0000] {spark_submit.py:536} INFO - 24/01/05 18:02:14 INFO SQLHadoopMapReduceCommitProtocol: Using output committer class org.apache.hadoop.mapreduce.lib.output.FileOutputCommitter
[2024-01-05T18:02:14.758+0000] {spark_submit.py:536} INFO - 24/01/05 18:02:14 INFO CodeGenerator: Code generated in 48.133348 ms
[2024-01-05T18:02:14.781+0000] {spark_submit.py:536} INFO - 24/01/05 18:02:14 INFO FileScanRDD: Reading File path: file:///home/eder/Desktop/Airflow/Twitter/data/raw/2023-12-29/%202023-12-29.json, range: 0-4464, partition values: [empty row]
[2024-01-05T18:02:14.835+0000] {spark_submit.py:536} INFO - 24/01/05 18:02:14 INFO CodeGenerator: Code generated in 46.720035 ms
[2024-01-05T18:02:14.890+0000] {spark_submit.py:536} INFO - 24/01/05 18:02:14 INFO CodeGenerator: Code generated in 11.950715 ms
[2024-01-05T18:02:14.961+0000] {spark_submit.py:536} INFO - 24/01/05 18:02:14 INFO FileOutputCommitter: Saved output of task 'attempt_202401051802135523765968710099347_0001_m_000000_1' to file:/home/eder/Desktop/Airflow/Twitter/data/processed/tweets/2023-12-29/_temporary/0/task_202401051802135523765968710099347_0001_m_000000
[2024-01-05T18:02:14.962+0000] {spark_submit.py:536} INFO - 24/01/05 18:02:14 INFO SparkHadoopMapRedUtil: attempt_202401051802135523765968710099347_0001_m_000000_1: Committed
[2024-01-05T18:02:14.970+0000] {spark_submit.py:536} INFO - 24/01/05 18:02:14 INFO Executor: Finished task 0.0 in stage 1.0 (TID 1). 2901 bytes result sent to driver
[2024-01-05T18:02:14.992+0000] {spark_submit.py:536} INFO - 24/01/05 18:02:14 INFO TaskSetManager: Finished task 0.0 in stage 1.0 (TID 1) in 648 ms on airflow.Home (executor driver) (1/1)
[2024-01-05T18:02:15.003+0000] {spark_submit.py:536} INFO - 24/01/05 18:02:14 INFO DAGScheduler: ResultStage 1 (json at NativeMethodAccessorImpl.java:0) finished in 0.881 s
[2024-01-05T18:02:15.011+0000] {spark_submit.py:536} INFO - 24/01/05 18:02:14 INFO DAGScheduler: Job 1 is finished. Cancelling potential speculative or zombie tasks for this job
[2024-01-05T18:02:15.011+0000] {spark_submit.py:536} INFO - 24/01/05 18:02:15 INFO TaskSchedulerImpl: Removed TaskSet 1.0, whose tasks have all completed, from pool
[2024-01-05T18:02:15.012+0000] {spark_submit.py:536} INFO - 24/01/05 18:02:15 INFO TaskSchedulerImpl: Killing all running tasks in stage 1: Stage finished
[2024-01-05T18:02:15.012+0000] {spark_submit.py:536} INFO - 24/01/05 18:02:15 INFO DAGScheduler: Job 1 finished: json at NativeMethodAccessorImpl.java:0, took 0.936439 s
[2024-01-05T18:02:15.184+0000] {spark_submit.py:536} INFO - 24/01/05 18:02:15 INFO FileFormatWriter: Write Job 625901df-80a9-4a9f-81d3-15430866710a committed.
[2024-01-05T18:02:15.187+0000] {spark_submit.py:536} INFO - 24/01/05 18:02:15 INFO FileFormatWriter: Finished processing stats for write job 625901df-80a9-4a9f-81d3-15430866710a.
[2024-01-05T18:02:15.279+0000] {spark_submit.py:536} INFO - 24/01/05 18:02:15 INFO FileSourceStrategy: Pushed Filters:
[2024-01-05T18:02:15.283+0000] {spark_submit.py:536} INFO - 24/01/05 18:02:15 INFO FileSourceStrategy: Post-Scan Filters:
[2024-01-05T18:02:15.283+0000] {spark_submit.py:536} INFO - 24/01/05 18:02:15 INFO FileSourceStrategy: Output Data Schema: struct<includes: struct<users: array<struct<created_at:string,id:string,name:string,username:string>>>>
[2024-01-05T18:02:15.295+0000] {spark_submit.py:536} INFO - 24/01/05 18:02:15 INFO FileOutputCommitter: File Output Committer Algorithm version is 1
[2024-01-05T18:02:15.296+0000] {spark_submit.py:536} INFO - 24/01/05 18:02:15 INFO FileOutputCommitter: FileOutputCommitter skip cleanup _temporary folders under output directory:false, ignore cleanup failures: false
[2024-01-05T18:02:15.296+0000] {spark_submit.py:536} INFO - 24/01/05 18:02:15 INFO SQLHadoopMapReduceCommitProtocol: Using output committer class org.apache.hadoop.mapreduce.lib.output.FileOutputCommitter
[2024-01-05T18:02:15.518+0000] {spark_submit.py:536} INFO - 24/01/05 18:02:15 INFO CodeGenerator: Code generated in 27.950279 ms
[2024-01-05T18:02:15.531+0000] {spark_submit.py:536} INFO - 24/01/05 18:02:15 INFO MemoryStore: Block broadcast_4 stored as values in memory (estimated size 303.0 KiB, free 365.1 MiB)
[2024-01-05T18:02:15.542+0000] {spark_submit.py:536} INFO - 24/01/05 18:02:15 INFO MemoryStore: Block broadcast_4_piece0 stored as bytes in memory (estimated size 27.5 KiB, free 365.1 MiB)
[2024-01-05T18:02:15.545+0000] {spark_submit.py:536} INFO - 24/01/05 18:02:15 INFO BlockManagerInfo: Added broadcast_4_piece0 in memory on airflow.Home:36339 (size: 27.5 KiB, free: 366.1 MiB)
[2024-01-05T18:02:15.546+0000] {spark_submit.py:536} INFO - 24/01/05 18:02:15 INFO SparkContext: Created broadcast 4 from json at NativeMethodAccessorImpl.java:0
[2024-01-05T18:02:15.556+0000] {spark_submit.py:536} INFO - 24/01/05 18:02:15 INFO FileSourceScanExec: Planning scan with bin packing, max size: 4198768 bytes, open cost is considered as scanning 4194304 bytes.
[2024-01-05T18:02:15.585+0000] {spark_submit.py:536} INFO - 24/01/05 18:02:15 INFO SparkContext: Starting job: json at NativeMethodAccessorImpl.java:0
[2024-01-05T18:02:15.595+0000] {spark_submit.py:536} INFO - 24/01/05 18:02:15 INFO DAGScheduler: Got job 2 (json at NativeMethodAccessorImpl.java:0) with 1 output partitions
[2024-01-05T18:02:15.595+0000] {spark_submit.py:536} INFO - 24/01/05 18:02:15 INFO DAGScheduler: Final stage: ResultStage 2 (json at NativeMethodAccessorImpl.java:0)
[2024-01-05T18:02:15.596+0000] {spark_submit.py:536} INFO - 24/01/05 18:02:15 INFO DAGScheduler: Parents of final stage: List()
[2024-01-05T18:02:15.596+0000] {spark_submit.py:536} INFO - 24/01/05 18:02:15 INFO DAGScheduler: Missing parents: List()
[2024-01-05T18:02:15.602+0000] {spark_submit.py:536} INFO - 24/01/05 18:02:15 INFO DAGScheduler: Submitting ResultStage 2 (CoalescedRDD[16] at json at NativeMethodAccessorImpl.java:0), which has no missing parents
[2024-01-05T18:02:15.650+0000] {spark_submit.py:536} INFO - 24/01/05 18:02:15 INFO MemoryStore: Block broadcast_5 stored as values in memory (estimated size 178.0 KiB, free 364.9 MiB)
[2024-01-05T18:02:15.653+0000] {spark_submit.py:536} INFO - 24/01/05 18:02:15 INFO MemoryStore: Block broadcast_5_piece0 stored as bytes in memory (estimated size 63.8 KiB, free 364.8 MiB)
[2024-01-05T18:02:15.655+0000] {spark_submit.py:536} INFO - 24/01/05 18:02:15 INFO BlockManagerInfo: Added broadcast_5_piece0 in memory on airflow.Home:36339 (size: 63.8 KiB, free: 366.1 MiB)
[2024-01-05T18:02:15.656+0000] {spark_submit.py:536} INFO - 24/01/05 18:02:15 INFO SparkContext: Created broadcast 5 from broadcast at DAGScheduler.scala:1433
[2024-01-05T18:02:15.657+0000] {spark_submit.py:536} INFO - 24/01/05 18:02:15 INFO DAGScheduler: Submitting 1 missing tasks from ResultStage 2 (CoalescedRDD[16] at json at NativeMethodAccessorImpl.java:0) (first 15 tasks are for partitions Vector(0))
[2024-01-05T18:02:15.657+0000] {spark_submit.py:536} INFO - 24/01/05 18:02:15 INFO TaskSchedulerImpl: Adding task set 2.0 with 1 tasks resource profile 0
[2024-01-05T18:02:15.660+0000] {spark_submit.py:536} INFO - 24/01/05 18:02:15 INFO TaskSetManager: Starting task 0.0 in stage 2.0 (TID 2) (airflow.Home, executor driver, partition 0, PROCESS_LOCAL, 5134 bytes) taskResourceAssignments Map()
[2024-01-05T18:02:15.666+0000] {spark_submit.py:536} INFO - 24/01/05 18:02:15 INFO Executor: Running task 0.0 in stage 2.0 (TID 2)
[2024-01-05T18:02:15.685+0000] {spark_submit.py:536} INFO - 24/01/05 18:02:15 INFO FileOutputCommitter: File Output Committer Algorithm version is 1
[2024-01-05T18:02:15.685+0000] {spark_submit.py:536} INFO - 24/01/05 18:02:15 INFO FileOutputCommitter: FileOutputCommitter skip cleanup _temporary folders under output directory:false, ignore cleanup failures: false
[2024-01-05T18:02:15.686+0000] {spark_submit.py:536} INFO - 24/01/05 18:02:15 INFO SQLHadoopMapReduceCommitProtocol: Using output committer class org.apache.hadoop.mapreduce.lib.output.FileOutputCommitter
[2024-01-05T18:02:16.039+0000] {spark_submit.py:536} INFO - 24/01/05 18:02:16 INFO CodeGenerator: Code generated in 41.160654 ms
[2024-01-05T18:02:16.093+0000] {spark_submit.py:536} INFO - 24/01/05 18:02:16 INFO FileScanRDD: Reading File path: file:///home/eder/Desktop/Airflow/Twitter/data/raw/2023-12-29/%202023-12-29.json, range: 0-4464, partition values: [empty row]
[2024-01-05T18:02:16.130+0000] {spark_submit.py:536} INFO - 24/01/05 18:02:16 INFO CodeGenerator: Code generated in 35.707432 ms
[2024-01-05T18:02:16.143+0000] {spark_submit.py:536} INFO - 24/01/05 18:02:16 INFO FileOutputCommitter: Saved output of task 'attempt_202401051802151702475115071829938_0002_m_000000_2' to file:/home/eder/Desktop/Airflow/Twitter/data/processed/users/2023-12-29/_temporary/0/task_202401051802151702475115071829938_0002_m_000000
[2024-01-05T18:02:16.144+0000] {spark_submit.py:536} INFO - 24/01/05 18:02:16 INFO SparkHadoopMapRedUtil: attempt_202401051802151702475115071829938_0002_m_000000_2: Committed
[2024-01-05T18:02:16.149+0000] {spark_submit.py:536} INFO - 24/01/05 18:02:16 INFO Executor: Finished task 0.0 in stage 2.0 (TID 2). 2734 bytes result sent to driver
[2024-01-05T18:02:16.150+0000] {spark_submit.py:536} INFO - 24/01/05 18:02:16 INFO TaskSetManager: Finished task 0.0 in stage 2.0 (TID 2) in 489 ms on airflow.Home (executor driver) (1/1)
[2024-01-05T18:02:16.150+0000] {spark_submit.py:536} INFO - 24/01/05 18:02:16 INFO TaskSchedulerImpl: Removed TaskSet 2.0, whose tasks have all completed, from pool
[2024-01-05T18:02:16.150+0000] {spark_submit.py:536} INFO - 24/01/05 18:02:16 INFO DAGScheduler: ResultStage 2 (json at NativeMethodAccessorImpl.java:0) finished in 0.541 s
[2024-01-05T18:02:16.150+0000] {spark_submit.py:536} INFO - 24/01/05 18:02:16 INFO DAGScheduler: Job 2 is finished. Cancelling potential speculative or zombie tasks for this job
[2024-01-05T18:02:16.151+0000] {spark_submit.py:536} INFO - 24/01/05 18:02:16 INFO TaskSchedulerImpl: Killing all running tasks in stage 2: Stage finished
[2024-01-05T18:02:16.152+0000] {spark_submit.py:536} INFO - 24/01/05 18:02:16 INFO DAGScheduler: Job 2 finished: json at NativeMethodAccessorImpl.java:0, took 0.565266 s
[2024-01-05T18:02:16.339+0000] {spark_submit.py:536} INFO - 24/01/05 18:02:16 INFO FileFormatWriter: Write Job 0dc9a378-a2f6-434d-bddd-9d64cbb6cb4c committed.
[2024-01-05T18:02:16.339+0000] {spark_submit.py:536} INFO - 24/01/05 18:02:16 INFO FileFormatWriter: Finished processing stats for write job 0dc9a378-a2f6-434d-bddd-9d64cbb6cb4c.
[2024-01-05T18:02:16.581+0000] {spark_submit.py:536} INFO - 24/01/05 18:02:16 INFO SparkContext: Invoking stop() from shutdown hook
[2024-01-05T18:02:16.629+0000] {spark_submit.py:536} INFO - 24/01/05 18:02:16 INFO SparkUI: Stopped Spark web UI at http://airflow.Home:4040
[2024-01-05T18:02:16.743+0000] {spark_submit.py:536} INFO - 24/01/05 18:02:16 INFO MapOutputTrackerMasterEndpoint: MapOutputTrackerMasterEndpoint stopped!
[2024-01-05T18:02:16.855+0000] {spark_submit.py:536} INFO - 24/01/05 18:02:16 INFO MemoryStore: MemoryStore cleared
[2024-01-05T18:02:16.868+0000] {spark_submit.py:536} INFO - 24/01/05 18:02:16 INFO BlockManager: BlockManager stopped
[2024-01-05T18:02:16.898+0000] {spark_submit.py:536} INFO - 24/01/05 18:02:16 INFO BlockManagerMaster: BlockManagerMaster stopped
[2024-01-05T18:02:16.908+0000] {spark_submit.py:536} INFO - 24/01/05 18:02:16 INFO OutputCommitCoordinator$OutputCommitCoordinatorEndpoint: OutputCommitCoordinator stopped!
[2024-01-05T18:02:16.950+0000] {spark_submit.py:536} INFO - 24/01/05 18:02:16 INFO SparkContext: Successfully stopped SparkContext
[2024-01-05T18:02:16.951+0000] {spark_submit.py:536} INFO - 24/01/05 18:02:16 INFO ShutdownHookManager: Shutdown hook called
[2024-01-05T18:02:16.955+0000] {spark_submit.py:536} INFO - 24/01/05 18:02:16 INFO ShutdownHookManager: Deleting directory /tmp/spark-d1f933a5-c8dc-4b21-a024-12e59bf0076f
[2024-01-05T18:02:16.983+0000] {spark_submit.py:536} INFO - 24/01/05 18:02:16 INFO ShutdownHookManager: Deleting directory /tmp/spark-d1f933a5-c8dc-4b21-a024-12e59bf0076f/pyspark-4c52806e-b400-4624-9535-fe559cc0b78d
[2024-01-05T18:02:16.996+0000] {spark_submit.py:536} INFO - 24/01/05 18:02:16 INFO ShutdownHookManager: Deleting directory /tmp/spark-0eeac62c-7260-4cf6-b64c-d62ff8346e27
[2024-01-05T18:02:17.148+0000] {taskinstance.py:1138} INFO - Marking task as SUCCESS. dag_id=TwitterDAG, task_id=transform_twitter_data, execution_date=20231229T000000, start_date=20240105T180151, end_date=20240105T180217
[2024-01-05T18:02:17.311+0000] {local_task_job_runner.py:234} INFO - Task exited with return code 0
[2024-01-05T18:02:17.331+0000] {taskinstance.py:3281} INFO - 1 downstream tasks scheduled from follow-on schedule check
