[2024-01-05T17:41:08.894+0000] {taskinstance.py:1957} INFO - Dependencies all met for dep_context=non-requeueable deps ti=<TaskInstance: TwitterDAG.transform_twitter_data manual__2024-01-05T17:40:21.603580+00:00 [queued]>
[2024-01-05T17:41:08.910+0000] {taskinstance.py:1957} INFO - Dependencies all met for dep_context=requeueable deps ti=<TaskInstance: TwitterDAG.transform_twitter_data manual__2024-01-05T17:40:21.603580+00:00 [queued]>
[2024-01-05T17:41:08.910+0000] {taskinstance.py:2171} INFO - Starting attempt 1 of 1
[2024-01-05T17:41:09.066+0000] {taskinstance.py:2192} INFO - Executing <Task(SparkSubmitOperator): transform_twitter_data> on 2024-01-05 17:40:21.603580+00:00
[2024-01-05T17:41:09.082+0000] {standard_task_runner.py:60} INFO - Started process 22240 to run task
[2024-01-05T17:41:09.084+0000] {standard_task_runner.py:87} INFO - Running: ['airflow', 'tasks', 'run', 'TwitterDAG', 'transform_twitter_data', 'manual__2024-01-05T17:40:21.603580+00:00', '--job-id', '62', '--raw', '--subdir', 'DAGS_FOLDER/twitter_dag.py', '--cfg-path', '/tmp/tmpizwococ1']
[2024-01-05T17:41:09.091+0000] {standard_task_runner.py:88} INFO - Job 62: Subtask transform_twitter_data
[2024-01-05T17:41:09.489+0000] {task_command.py:423} INFO - Running <TaskInstance: TwitterDAG.transform_twitter_data manual__2024-01-05T17:40:21.603580+00:00 [running]> on host airflow.vm.local
[2024-01-05T17:41:10.095+0000] {taskinstance.py:2481} INFO - Exporting env vars: AIRFLOW_CTX_DAG_OWNER='airflow' AIRFLOW_CTX_DAG_ID='TwitterDAG' AIRFLOW_CTX_TASK_ID='transform_twitter_data' AIRFLOW_CTX_EXECUTION_DATE='2024-01-05T17:40:21.603580+00:00' AIRFLOW_CTX_TRY_NUMBER='1' AIRFLOW_CTX_DAG_RUN_ID='manual__2024-01-05T17:40:21.603580+00:00'
[2024-01-05T17:41:10.110+0000] {base.py:83} INFO - Using connection ID 'spark_default' for task execution.
[2024-01-05T17:41:10.115+0000] {spark_submit.py:366} INFO - Spark-Submit cmd: spark-submit --master local --name Twitter Transformation --queue root.default /home/eder/Desktop/Airflow/Twitter/src/spark/transformation.py --src /home/eder/Desktop/Airflow/Twitter/data/raw/2024-01-04 --dest /home/eder/Desktop/Airflow/Twitter/data/processed/ --process_date 2024-01-05
[2024-01-05T17:41:13.484+0000] {spark_submit.py:536} INFO - 24/01/05 17:41:13 WARN Utils: Your hostname, airflow resolves to a loopback address: 127.0.1.1; using 192.168.1.79 instead (on interface enp0s3)
[2024-01-05T17:41:13.486+0000] {spark_submit.py:536} INFO - 24/01/05 17:41:13 WARN Utils: Set SPARK_LOCAL_IP if you need to bind to another address
[2024-01-05T17:41:14.362+0000] {spark_submit.py:536} INFO - 24/01/05 17:41:14 WARN NativeCodeLoader: Unable to load native-hadoop library for your platform... using builtin-java classes where applicable
[2024-01-05T17:41:15.587+0000] {spark_submit.py:536} INFO - Using Spark's default log4j profile: org/apache/spark/log4j-defaults.properties
[2024-01-05T17:41:15.615+0000] {spark_submit.py:536} INFO - 24/01/05 17:41:15 INFO SparkContext: Running Spark version 3.1.3
[2024-01-05T17:41:15.742+0000] {spark_submit.py:536} INFO - 24/01/05 17:41:15 INFO ResourceUtils: ==============================================================
[2024-01-05T17:41:15.751+0000] {spark_submit.py:536} INFO - 24/01/05 17:41:15 INFO ResourceUtils: No custom resources configured for spark.driver.
[2024-01-05T17:41:15.763+0000] {spark_submit.py:536} INFO - 24/01/05 17:41:15 INFO ResourceUtils: ==============================================================
[2024-01-05T17:41:15.768+0000] {spark_submit.py:536} INFO - 24/01/05 17:41:15 INFO SparkContext: Submitted application: Data Transformation
[2024-01-05T17:41:15.820+0000] {spark_submit.py:536} INFO - 24/01/05 17:41:15 INFO ResourceProfile: Default ResourceProfile created, executor resources: Map(cores -> name: cores, amount: 1, script: , vendor: , memory -> name: memory, amount: 1024, script: , vendor: , offHeap -> name: offHeap, amount: 0, script: , vendor: ), task resources: Map(cpus -> name: cpus, amount: 1.0)
[2024-01-05T17:41:15.843+0000] {spark_submit.py:536} INFO - 24/01/05 17:41:15 INFO ResourceProfile: Limiting resource is cpu
[2024-01-05T17:41:15.848+0000] {spark_submit.py:536} INFO - 24/01/05 17:41:15 INFO ResourceProfileManager: Added ResourceProfile id: 0
[2024-01-05T17:41:16.038+0000] {spark_submit.py:536} INFO - 24/01/05 17:41:16 INFO SecurityManager: Changing view acls to: eder
[2024-01-05T17:41:16.039+0000] {spark_submit.py:536} INFO - 24/01/05 17:41:16 INFO SecurityManager: Changing modify acls to: eder
[2024-01-05T17:41:16.039+0000] {spark_submit.py:536} INFO - 24/01/05 17:41:16 INFO SecurityManager: Changing view acls groups to:
[2024-01-05T17:41:16.039+0000] {spark_submit.py:536} INFO - 24/01/05 17:41:16 INFO SecurityManager: Changing modify acls groups to:
[2024-01-05T17:41:16.039+0000] {spark_submit.py:536} INFO - 24/01/05 17:41:16 INFO SecurityManager: SecurityManager: authentication disabled; ui acls disabled; users  with view permissions: Set(eder); groups with view permissions: Set(); users  with modify permissions: Set(eder); groups with modify permissions: Set()
[2024-01-05T17:41:16.583+0000] {spark_submit.py:536} INFO - 24/01/05 17:41:16 INFO Utils: Successfully started service 'sparkDriver' on port 35523.
[2024-01-05T17:41:16.647+0000] {spark_submit.py:536} INFO - 24/01/05 17:41:16 INFO SparkEnv: Registering MapOutputTracker
[2024-01-05T17:41:16.726+0000] {spark_submit.py:536} INFO - 24/01/05 17:41:16 INFO SparkEnv: Registering BlockManagerMaster
[2024-01-05T17:41:16.772+0000] {spark_submit.py:536} INFO - 24/01/05 17:41:16 INFO BlockManagerMasterEndpoint: Using org.apache.spark.storage.DefaultTopologyMapper for getting topology information
[2024-01-05T17:41:16.774+0000] {spark_submit.py:536} INFO - 24/01/05 17:41:16 INFO BlockManagerMasterEndpoint: BlockManagerMasterEndpoint up
[2024-01-05T17:41:16.784+0000] {spark_submit.py:536} INFO - 24/01/05 17:41:16 INFO SparkEnv: Registering BlockManagerMasterHeartbeat
[2024-01-05T17:41:16.816+0000] {spark_submit.py:536} INFO - 24/01/05 17:41:16 INFO DiskBlockManager: Created local directory at /tmp/blockmgr-6aa0f145-c6af-4c6c-86cf-fd3da691f155
[2024-01-05T17:41:16.869+0000] {spark_submit.py:536} INFO - 24/01/05 17:41:16 INFO MemoryStore: MemoryStore started with capacity 366.3 MiB
[2024-01-05T17:41:16.923+0000] {spark_submit.py:536} INFO - 24/01/05 17:41:16 INFO SparkEnv: Registering OutputCommitCoordinator
[2024-01-05T17:41:17.380+0000] {spark_submit.py:536} INFO - 24/01/05 17:41:17 INFO Utils: Successfully started service 'SparkUI' on port 4040.
[2024-01-05T17:41:17.592+0000] {spark_submit.py:536} INFO - 24/01/05 17:41:17 INFO SparkUI: Bound SparkUI to 0.0.0.0, and started at http://airflow.Home:4040
[2024-01-05T17:41:18.546+0000] {spark_submit.py:536} INFO - 24/01/05 17:41:18 INFO Executor: Starting executor ID driver on host airflow.Home
[2024-01-05T17:41:18.630+0000] {spark_submit.py:536} INFO - 24/01/05 17:41:18 INFO Utils: Successfully started service 'org.apache.spark.network.netty.NettyBlockTransferService' on port 43025.
[2024-01-05T17:41:18.631+0000] {spark_submit.py:536} INFO - 24/01/05 17:41:18 INFO NettyBlockTransferService: Server created on airflow.Home:43025
[2024-01-05T17:41:18.634+0000] {spark_submit.py:536} INFO - 24/01/05 17:41:18 INFO BlockManager: Using org.apache.spark.storage.RandomBlockReplicationPolicy for block replication policy
[2024-01-05T17:41:18.652+0000] {spark_submit.py:536} INFO - 24/01/05 17:41:18 INFO BlockManagerMaster: Registering BlockManager BlockManagerId(driver, airflow.Home, 43025, None)
[2024-01-05T17:41:18.666+0000] {spark_submit.py:536} INFO - 24/01/05 17:41:18 INFO BlockManagerMasterEndpoint: Registering block manager airflow.Home:43025 with 366.3 MiB RAM, BlockManagerId(driver, airflow.Home, 43025, None)
[2024-01-05T17:41:18.674+0000] {spark_submit.py:536} INFO - 24/01/05 17:41:18 INFO BlockManagerMaster: Registered BlockManager BlockManagerId(driver, airflow.Home, 43025, None)
[2024-01-05T17:41:18.678+0000] {spark_submit.py:536} INFO - 24/01/05 17:41:18 INFO BlockManager: Initialized BlockManager: BlockManagerId(driver, airflow.Home, 43025, None)
[2024-01-05T17:41:20.110+0000] {spark_submit.py:536} INFO - 24/01/05 17:41:20 INFO SharedState: Setting hive.metastore.warehouse.dir ('null') to the value of spark.sql.warehouse.dir ('file:/home/eder/Desktop/Airflow/Twitter/spark-warehouse').
[2024-01-05T17:41:20.111+0000] {spark_submit.py:536} INFO - 24/01/05 17:41:20 INFO SharedState: Warehouse path is 'file:/home/eder/Desktop/Airflow/Twitter/spark-warehouse'.
[2024-01-05T17:41:22.039+0000] {spark_submit.py:536} INFO - 24/01/05 17:41:22 INFO InMemoryFileIndex: It took 86 ms to list leaf files for 1 paths.
[2024-01-05T17:41:22.197+0000] {spark_submit.py:536} INFO - 24/01/05 17:41:22 INFO InMemoryFileIndex: It took 5 ms to list leaf files for 2 paths.
[2024-01-05T17:41:26.385+0000] {spark_submit.py:536} INFO - 24/01/05 17:41:26 INFO FileSourceStrategy: Pushed Filters:
[2024-01-05T17:41:26.389+0000] {spark_submit.py:536} INFO - 24/01/05 17:41:26 INFO FileSourceStrategy: Post-Scan Filters:
[2024-01-05T17:41:26.403+0000] {spark_submit.py:536} INFO - 24/01/05 17:41:26 INFO FileSourceStrategy: Output Data Schema: struct<value: string>
[2024-01-05T17:41:27.055+0000] {spark_submit.py:536} INFO - 24/01/05 17:41:27 INFO MemoryStore: Block broadcast_0 stored as values in memory (estimated size 303.1 KiB, free 366.0 MiB)
[2024-01-05T17:41:27.183+0000] {spark_submit.py:536} INFO - 24/01/05 17:41:27 INFO MemoryStore: Block broadcast_0_piece0 stored as bytes in memory (estimated size 27.4 KiB, free 366.0 MiB)
[2024-01-05T17:41:27.187+0000] {spark_submit.py:536} INFO - 24/01/05 17:41:27 INFO BlockManagerInfo: Added broadcast_0_piece0 in memory on airflow.Home:43025 (size: 27.4 KiB, free: 366.3 MiB)
[2024-01-05T17:41:27.217+0000] {spark_submit.py:536} INFO - 24/01/05 17:41:27 INFO SparkContext: Created broadcast 0 from json at NativeMethodAccessorImpl.java:0
[2024-01-05T17:41:27.250+0000] {spark_submit.py:536} INFO - 24/01/05 17:41:27 INFO FileSourceScanExec: Planning scan with bin packing, max size: 8402009 bytes, open cost is considered as scanning 4194304 bytes.
[2024-01-05T17:41:27.703+0000] {spark_submit.py:536} INFO - 24/01/05 17:41:27 INFO SparkContext: Starting job: json at NativeMethodAccessorImpl.java:0
[2024-01-05T17:41:27.737+0000] {spark_submit.py:536} INFO - 24/01/05 17:41:27 INFO DAGScheduler: Got job 0 (json at NativeMethodAccessorImpl.java:0) with 1 output partitions
[2024-01-05T17:41:27.738+0000] {spark_submit.py:536} INFO - 24/01/05 17:41:27 INFO DAGScheduler: Final stage: ResultStage 0 (json at NativeMethodAccessorImpl.java:0)
[2024-01-05T17:41:27.739+0000] {spark_submit.py:536} INFO - 24/01/05 17:41:27 INFO DAGScheduler: Parents of final stage: List()
[2024-01-05T17:41:27.741+0000] {spark_submit.py:536} INFO - 24/01/05 17:41:27 INFO DAGScheduler: Missing parents: List()
[2024-01-05T17:41:27.766+0000] {spark_submit.py:536} INFO - 24/01/05 17:41:27 INFO DAGScheduler: Submitting ResultStage 0 (MapPartitionsRDD[3] at json at NativeMethodAccessorImpl.java:0), which has no missing parents
[2024-01-05T17:41:27.944+0000] {spark_submit.py:536} INFO - 24/01/05 17:41:27 INFO MemoryStore: Block broadcast_1 stored as values in memory (estimated size 12.0 KiB, free 366.0 MiB)
[2024-01-05T17:41:27.951+0000] {spark_submit.py:536} INFO - 24/01/05 17:41:27 INFO MemoryStore: Block broadcast_1_piece0 stored as bytes in memory (estimated size 6.3 KiB, free 366.0 MiB)
[2024-01-05T17:41:27.959+0000] {spark_submit.py:536} INFO - 24/01/05 17:41:27 INFO BlockManagerInfo: Added broadcast_1_piece0 in memory on airflow.Home:43025 (size: 6.3 KiB, free: 366.3 MiB)
[2024-01-05T17:41:27.962+0000] {spark_submit.py:536} INFO - 24/01/05 17:41:27 INFO SparkContext: Created broadcast 1 from broadcast at DAGScheduler.scala:1433
[2024-01-05T17:41:27.986+0000] {spark_submit.py:536} INFO - 24/01/05 17:41:27 INFO DAGScheduler: Submitting 1 missing tasks from ResultStage 0 (MapPartitionsRDD[3] at json at NativeMethodAccessorImpl.java:0) (first 15 tasks are for partitions Vector(0))
[2024-01-05T17:41:27.989+0000] {spark_submit.py:536} INFO - 24/01/05 17:41:27 INFO TaskSchedulerImpl: Adding task set 0.0 with 1 tasks resource profile 0
[2024-01-05T17:41:28.099+0000] {spark_submit.py:536} INFO - 24/01/05 17:41:28 INFO TaskSetManager: Starting task 0.0 in stage 0.0 (TID 0) (airflow.Home, executor driver, partition 0, PROCESS_LOCAL, 5015 bytes) taskResourceAssignments Map()
[2024-01-05T17:41:28.135+0000] {spark_submit.py:536} INFO - 24/01/05 17:41:28 INFO Executor: Running task 0.0 in stage 0.0 (TID 0)
[2024-01-05T17:41:28.711+0000] {spark_submit.py:536} INFO - 24/01/05 17:41:28 INFO FileScanRDD: Reading File path: file:///home/eder/Desktop/Airflow/Twitter/data/raw/2024-01-04/%202024-01-04.json, range: 0-8971, partition values: [empty row]
[2024-01-05T17:41:29.217+0000] {spark_submit.py:536} INFO - 24/01/05 17:41:29 INFO CodeGenerator: Code generated in 334.764272 ms
[2024-01-05T17:41:29.279+0000] {spark_submit.py:536} INFO - 24/01/05 17:41:29 INFO FileScanRDD: Reading File path: file:///home/eder/Desktop/Airflow/Twitter/data/raw/2024-01-04/%202024-01-05.json, range: 0-4430, partition values: [empty row]
[2024-01-05T17:41:29.320+0000] {spark_submit.py:536} INFO - 24/01/05 17:41:29 INFO Executor: Finished task 0.0 in stage 0.0 (TID 0). 2841 bytes result sent to driver
[2024-01-05T17:41:29.344+0000] {spark_submit.py:536} INFO - 24/01/05 17:41:29 INFO TaskSetManager: Finished task 0.0 in stage 0.0 (TID 0) in 1274 ms on airflow.Home (executor driver) (1/1)
[2024-01-05T17:41:29.649+0000] {spark_submit.py:536} INFO - 24/01/05 17:41:29 INFO TaskSchedulerImpl: Removed TaskSet 0.0, whose tasks have all completed, from pool
[2024-01-05T17:41:29.669+0000] {spark_submit.py:536} INFO - 24/01/05 17:41:29 INFO DAGScheduler: ResultStage 0 (json at NativeMethodAccessorImpl.java:0) finished in 1.867 s
[2024-01-05T17:41:29.680+0000] {spark_submit.py:536} INFO - 24/01/05 17:41:29 INFO DAGScheduler: Job 0 is finished. Cancelling potential speculative or zombie tasks for this job
[2024-01-05T17:41:29.683+0000] {spark_submit.py:536} INFO - 24/01/05 17:41:29 INFO TaskSchedulerImpl: Killing all running tasks in stage 0: Stage finished
[2024-01-05T17:41:29.724+0000] {spark_submit.py:536} INFO - 24/01/05 17:41:29 INFO DAGScheduler: Job 0 finished: json at NativeMethodAccessorImpl.java:0, took 1.984908 s
[2024-01-05T17:41:30.990+0000] {spark_submit.py:536} INFO - 24/01/05 17:41:30 INFO FileSourceStrategy: Pushed Filters: IsNotNull(data)
[2024-01-05T17:41:30.994+0000] {spark_submit.py:536} INFO - 24/01/05 17:41:30 INFO FileSourceStrategy: Post-Scan Filters: (size(data#7, true) > 0),isnotnull(data#7)
[2024-01-05T17:41:30.994+0000] {spark_submit.py:536} INFO - 24/01/05 17:41:30 INFO FileSourceStrategy: Output Data Schema: struct<data: array<struct<author_id:string,conversation_id:string,created_at:string,edit_history_tweet_ids:array<bigint>,id:string,in_reply_to_user_id:string,lang:string,public_metrics:struct<like_count:bigint,quote_count:bigint,reply_count:bigint,retweet_count:bigint>,text:string>>>
[2024-01-05T17:41:31.176+0000] {spark_submit.py:536} INFO - 24/01/05 17:41:31 INFO FileOutputCommitter: File Output Committer Algorithm version is 1
[2024-01-05T17:41:31.182+0000] {spark_submit.py:536} INFO - 24/01/05 17:41:31 INFO FileOutputCommitter: FileOutputCommitter skip cleanup _temporary folders under output directory:false, ignore cleanup failures: false
[2024-01-05T17:41:31.184+0000] {spark_submit.py:536} INFO - 24/01/05 17:41:31 INFO SQLHadoopMapReduceCommitProtocol: Using output committer class org.apache.hadoop.mapreduce.lib.output.FileOutputCommitter
[2024-01-05T17:41:31.590+0000] {spark_submit.py:536} INFO - 24/01/05 17:41:31 INFO CodeGenerator: Code generated in 59.263043 ms
[2024-01-05T17:41:31.677+0000] {spark_submit.py:536} INFO - 24/01/05 17:41:31 INFO CodeGenerator: Code generated in 45.295232 ms
[2024-01-05T17:41:31.685+0000] {spark_submit.py:536} INFO - 24/01/05 17:41:31 INFO MemoryStore: Block broadcast_2 stored as values in memory (estimated size 303.0 KiB, free 365.7 MiB)
[2024-01-05T17:41:31.693+0000] {spark_submit.py:536} INFO - 24/01/05 17:41:31 INFO MemoryStore: Block broadcast_2_piece0 stored as bytes in memory (estimated size 27.5 KiB, free 365.6 MiB)
[2024-01-05T17:41:31.695+0000] {spark_submit.py:536} INFO - 24/01/05 17:41:31 INFO BlockManagerInfo: Added broadcast_2_piece0 in memory on airflow.Home:43025 (size: 27.5 KiB, free: 366.2 MiB)
[2024-01-05T17:41:31.699+0000] {spark_submit.py:536} INFO - 24/01/05 17:41:31 INFO SparkContext: Created broadcast 2 from json at NativeMethodAccessorImpl.java:0
[2024-01-05T17:41:31.703+0000] {spark_submit.py:536} INFO - 24/01/05 17:41:31 INFO FileSourceScanExec: Planning scan with bin packing, max size: 8402009 bytes, open cost is considered as scanning 4194304 bytes.
[2024-01-05T17:41:31.903+0000] {spark_submit.py:536} INFO - 24/01/05 17:41:31 INFO SparkContext: Starting job: json at NativeMethodAccessorImpl.java:0
[2024-01-05T17:41:31.916+0000] {spark_submit.py:536} INFO - 24/01/05 17:41:31 INFO DAGScheduler: Got job 1 (json at NativeMethodAccessorImpl.java:0) with 1 output partitions
[2024-01-05T17:41:31.916+0000] {spark_submit.py:536} INFO - 24/01/05 17:41:31 INFO DAGScheduler: Final stage: ResultStage 1 (json at NativeMethodAccessorImpl.java:0)
[2024-01-05T17:41:31.918+0000] {spark_submit.py:536} INFO - 24/01/05 17:41:31 INFO DAGScheduler: Parents of final stage: List()
[2024-01-05T17:41:31.919+0000] {spark_submit.py:536} INFO - 24/01/05 17:41:31 INFO DAGScheduler: Missing parents: List()
[2024-01-05T17:41:31.928+0000] {spark_submit.py:536} INFO - 24/01/05 17:41:31 INFO DAGScheduler: Submitting ResultStage 1 (CoalescedRDD[9] at json at NativeMethodAccessorImpl.java:0), which has no missing parents
[2024-01-05T17:41:32.047+0000] {spark_submit.py:536} INFO - 24/01/05 17:41:32 INFO MemoryStore: Block broadcast_3 stored as values in memory (estimated size 189.7 KiB, free 365.5 MiB)
[2024-01-05T17:41:32.053+0000] {spark_submit.py:536} INFO - 24/01/05 17:41:32 INFO MemoryStore: Block broadcast_3_piece0 stored as bytes in memory (estimated size 66.4 KiB, free 365.4 MiB)
[2024-01-05T17:41:32.060+0000] {spark_submit.py:536} INFO - 24/01/05 17:41:32 INFO BlockManagerInfo: Added broadcast_3_piece0 in memory on airflow.Home:43025 (size: 66.4 KiB, free: 366.2 MiB)
[2024-01-05T17:41:32.065+0000] {spark_submit.py:536} INFO - 24/01/05 17:41:32 INFO SparkContext: Created broadcast 3 from broadcast at DAGScheduler.scala:1433
[2024-01-05T17:41:32.078+0000] {spark_submit.py:536} INFO - 24/01/05 17:41:32 INFO DAGScheduler: Submitting 1 missing tasks from ResultStage 1 (CoalescedRDD[9] at json at NativeMethodAccessorImpl.java:0) (first 15 tasks are for partitions Vector(0))
[2024-01-05T17:41:32.079+0000] {spark_submit.py:536} INFO - 24/01/05 17:41:32 INFO TaskSchedulerImpl: Adding task set 1.0 with 1 tasks resource profile 0
[2024-01-05T17:41:32.088+0000] {spark_submit.py:536} INFO - 24/01/05 17:41:32 INFO TaskSetManager: Starting task 0.0 in stage 1.0 (TID 1) (airflow.Home, executor driver, partition 0, PROCESS_LOCAL, 5244 bytes) taskResourceAssignments Map()
[2024-01-05T17:41:32.091+0000] {spark_submit.py:536} INFO - 24/01/05 17:41:32 INFO Executor: Running task 0.0 in stage 1.0 (TID 1)
[2024-01-05T17:41:32.263+0000] {spark_submit.py:536} INFO - 24/01/05 17:41:32 INFO FileOutputCommitter: File Output Committer Algorithm version is 1
[2024-01-05T17:41:32.263+0000] {spark_submit.py:536} INFO - 24/01/05 17:41:32 INFO FileOutputCommitter: FileOutputCommitter skip cleanup _temporary folders under output directory:false, ignore cleanup failures: false
[2024-01-05T17:41:32.271+0000] {spark_submit.py:536} INFO - 24/01/05 17:41:32 INFO SQLHadoopMapReduceCommitProtocol: Using output committer class org.apache.hadoop.mapreduce.lib.output.FileOutputCommitter
[2024-01-05T17:41:32.906+0000] {spark_submit.py:536} INFO - 24/01/05 17:41:32 INFO CodeGenerator: Code generated in 129.101259 ms
[2024-01-05T17:41:32.926+0000] {spark_submit.py:536} INFO - 24/01/05 17:41:32 INFO FileScanRDD: Reading File path: file:///home/eder/Desktop/Airflow/Twitter/data/raw/2024-01-04/%202024-01-04.json, range: 0-8971, partition values: [empty row]
[2024-01-05T17:41:33.036+0000] {spark_submit.py:536} INFO - 24/01/05 17:41:33 INFO CodeGenerator: Code generated in 101.226539 ms
[2024-01-05T17:41:33.127+0000] {spark_submit.py:536} INFO - 24/01/05 17:41:33 INFO CodeGenerator: Code generated in 23.847639 ms
[2024-01-05T17:41:33.235+0000] {spark_submit.py:536} INFO - 24/01/05 17:41:33 INFO FileScanRDD: Reading File path: file:///home/eder/Desktop/Airflow/Twitter/data/raw/2024-01-04/%202024-01-05.json, range: 0-4430, partition values: [empty row]
[2024-01-05T17:41:33.367+0000] {spark_submit.py:536} INFO - 24/01/05 17:41:33 INFO FileOutputCommitter: Saved output of task 'attempt_202401051741314069112130870894402_0001_m_000000_1' to file:/home/eder/Desktop/Airflow/Twitter/data/processed/tweets/2024-01-05/_temporary/0/task_202401051741314069112130870894402_0001_m_000000
[2024-01-05T17:41:33.374+0000] {spark_submit.py:536} INFO - 24/01/05 17:41:33 INFO SparkHadoopMapRedUtil: attempt_202401051741314069112130870894402_0001_m_000000_1: Committed
[2024-01-05T17:41:33.381+0000] {spark_submit.py:536} INFO - 24/01/05 17:41:33 INFO Executor: Finished task 0.0 in stage 1.0 (TID 1). 2901 bytes result sent to driver
[2024-01-05T17:41:33.386+0000] {spark_submit.py:536} INFO - 24/01/05 17:41:33 INFO TaskSetManager: Finished task 0.0 in stage 1.0 (TID 1) in 1304 ms on airflow.Home (executor driver) (1/1)
[2024-01-05T17:41:33.391+0000] {spark_submit.py:536} INFO - 24/01/05 17:41:33 INFO TaskSchedulerImpl: Removed TaskSet 1.0, whose tasks have all completed, from pool
[2024-01-05T17:41:33.392+0000] {spark_submit.py:536} INFO - 24/01/05 17:41:33 INFO DAGScheduler: ResultStage 1 (json at NativeMethodAccessorImpl.java:0) finished in 1.460 s
[2024-01-05T17:41:33.393+0000] {spark_submit.py:536} INFO - 24/01/05 17:41:33 INFO DAGScheduler: Job 1 is finished. Cancelling potential speculative or zombie tasks for this job
[2024-01-05T17:41:33.399+0000] {spark_submit.py:536} INFO - 24/01/05 17:41:33 INFO TaskSchedulerImpl: Killing all running tasks in stage 1: Stage finished
[2024-01-05T17:41:33.474+0000] {spark_submit.py:536} INFO - 24/01/05 17:41:33 INFO DAGScheduler: Job 1 finished: json at NativeMethodAccessorImpl.java:0, took 1.497198 s
[2024-01-05T17:41:33.669+0000] {spark_submit.py:536} INFO - 24/01/05 17:41:33 INFO FileFormatWriter: Write Job df19a87d-568a-42d6-a8e5-bd0fd1f9ae16 committed.
[2024-01-05T17:41:33.687+0000] {spark_submit.py:536} INFO - 24/01/05 17:41:33 INFO FileFormatWriter: Finished processing stats for write job df19a87d-568a-42d6-a8e5-bd0fd1f9ae16.
[2024-01-05T17:41:33.809+0000] {spark_submit.py:536} INFO - 24/01/05 17:41:33 INFO FileSourceStrategy: Pushed Filters:
[2024-01-05T17:41:33.809+0000] {spark_submit.py:536} INFO - 24/01/05 17:41:33 INFO FileSourceStrategy: Post-Scan Filters:
[2024-01-05T17:41:33.810+0000] {spark_submit.py:536} INFO - 24/01/05 17:41:33 INFO FileSourceStrategy: Output Data Schema: struct<includes: struct<users: array<struct<created_at:string,id:string,name:string,username:string>>>>
[2024-01-05T17:41:33.837+0000] {spark_submit.py:536} INFO - 24/01/05 17:41:33 INFO FileOutputCommitter: File Output Committer Algorithm version is 1
[2024-01-05T17:41:33.838+0000] {spark_submit.py:536} INFO - 24/01/05 17:41:33 INFO FileOutputCommitter: FileOutputCommitter skip cleanup _temporary folders under output directory:false, ignore cleanup failures: false
[2024-01-05T17:41:33.838+0000] {spark_submit.py:536} INFO - 24/01/05 17:41:33 INFO SQLHadoopMapReduceCommitProtocol: Using output committer class org.apache.hadoop.mapreduce.lib.output.FileOutputCommitter
[2024-01-05T17:41:34.123+0000] {spark_submit.py:536} INFO - 24/01/05 17:41:34 INFO CodeGenerator: Code generated in 27.175463 ms
[2024-01-05T17:41:34.136+0000] {spark_submit.py:536} INFO - 24/01/05 17:41:34 INFO MemoryStore: Block broadcast_4 stored as values in memory (estimated size 303.0 KiB, free 365.1 MiB)
[2024-01-05T17:41:34.167+0000] {spark_submit.py:536} INFO - 24/01/05 17:41:34 INFO MemoryStore: Block broadcast_4_piece0 stored as bytes in memory (estimated size 27.5 KiB, free 365.1 MiB)
[2024-01-05T17:41:34.182+0000] {spark_submit.py:536} INFO - 24/01/05 17:41:34 INFO BlockManagerInfo: Added broadcast_4_piece0 in memory on airflow.Home:43025 (size: 27.5 KiB, free: 366.1 MiB)
[2024-01-05T17:41:34.182+0000] {spark_submit.py:536} INFO - 24/01/05 17:41:34 INFO SparkContext: Created broadcast 4 from json at NativeMethodAccessorImpl.java:0
[2024-01-05T17:41:34.182+0000] {spark_submit.py:536} INFO - 24/01/05 17:41:34 INFO FileSourceScanExec: Planning scan with bin packing, max size: 8402009 bytes, open cost is considered as scanning 4194304 bytes.
[2024-01-05T17:41:34.224+0000] {spark_submit.py:536} INFO - 24/01/05 17:41:34 INFO SparkContext: Starting job: json at NativeMethodAccessorImpl.java:0
[2024-01-05T17:41:34.235+0000] {spark_submit.py:536} INFO - 24/01/05 17:41:34 INFO DAGScheduler: Got job 2 (json at NativeMethodAccessorImpl.java:0) with 1 output partitions
[2024-01-05T17:41:34.235+0000] {spark_submit.py:536} INFO - 24/01/05 17:41:34 INFO DAGScheduler: Final stage: ResultStage 2 (json at NativeMethodAccessorImpl.java:0)
[2024-01-05T17:41:34.235+0000] {spark_submit.py:536} INFO - 24/01/05 17:41:34 INFO DAGScheduler: Parents of final stage: List()
[2024-01-05T17:41:34.235+0000] {spark_submit.py:536} INFO - 24/01/05 17:41:34 INFO DAGScheduler: Missing parents: List()
[2024-01-05T17:41:34.268+0000] {spark_submit.py:536} INFO - 24/01/05 17:41:34 INFO DAGScheduler: Submitting ResultStage 2 (CoalescedRDD[16] at json at NativeMethodAccessorImpl.java:0), which has no missing parents
[2024-01-05T17:41:34.419+0000] {spark_submit.py:536} INFO - 24/01/05 17:41:34 INFO MemoryStore: Block broadcast_5 stored as values in memory (estimated size 178.0 KiB, free 364.9 MiB)
[2024-01-05T17:41:34.422+0000] {spark_submit.py:536} INFO - 24/01/05 17:41:34 INFO MemoryStore: Block broadcast_5_piece0 stored as bytes in memory (estimated size 63.8 KiB, free 364.8 MiB)
[2024-01-05T17:41:34.433+0000] {spark_submit.py:536} INFO - 24/01/05 17:41:34 INFO BlockManagerInfo: Added broadcast_5_piece0 in memory on airflow.Home:43025 (size: 63.8 KiB, free: 366.1 MiB)
[2024-01-05T17:41:34.443+0000] {spark_submit.py:536} INFO - 24/01/05 17:41:34 INFO SparkContext: Created broadcast 5 from broadcast at DAGScheduler.scala:1433
[2024-01-05T17:41:34.478+0000] {spark_submit.py:536} INFO - 24/01/05 17:41:34 INFO DAGScheduler: Submitting 1 missing tasks from ResultStage 2 (CoalescedRDD[16] at json at NativeMethodAccessorImpl.java:0) (first 15 tasks are for partitions Vector(0))
[2024-01-05T17:41:34.478+0000] {spark_submit.py:536} INFO - 24/01/05 17:41:34 INFO TaskSchedulerImpl: Adding task set 2.0 with 1 tasks resource profile 0
[2024-01-05T17:41:34.483+0000] {spark_submit.py:536} INFO - 24/01/05 17:41:34 INFO TaskSetManager: Starting task 0.0 in stage 2.0 (TID 2) (airflow.Home, executor driver, partition 0, PROCESS_LOCAL, 5244 bytes) taskResourceAssignments Map()
[2024-01-05T17:41:34.483+0000] {spark_submit.py:536} INFO - 24/01/05 17:41:34 INFO Executor: Running task 0.0 in stage 2.0 (TID 2)
[2024-01-05T17:41:34.501+0000] {spark_submit.py:536} INFO - 24/01/05 17:41:34 INFO FileOutputCommitter: File Output Committer Algorithm version is 1
[2024-01-05T17:41:34.501+0000] {spark_submit.py:536} INFO - 24/01/05 17:41:34 INFO FileOutputCommitter: FileOutputCommitter skip cleanup _temporary folders under output directory:false, ignore cleanup failures: false
[2024-01-05T17:41:34.501+0000] {spark_submit.py:536} INFO - 24/01/05 17:41:34 INFO SQLHadoopMapReduceCommitProtocol: Using output committer class org.apache.hadoop.mapreduce.lib.output.FileOutputCommitter
[2024-01-05T17:41:34.814+0000] {spark_submit.py:536} INFO - 24/01/05 17:41:34 INFO CodeGenerator: Code generated in 30.823442 ms
[2024-01-05T17:41:34.864+0000] {spark_submit.py:536} INFO - 24/01/05 17:41:34 INFO FileScanRDD: Reading File path: file:///home/eder/Desktop/Airflow/Twitter/data/raw/2024-01-04/%202024-01-04.json, range: 0-8971, partition values: [empty row]
[2024-01-05T17:41:34.900+0000] {spark_submit.py:536} INFO - 24/01/05 17:41:34 INFO CodeGenerator: Code generated in 32.081154 ms
[2024-01-05T17:41:34.913+0000] {spark_submit.py:536} INFO - 24/01/05 17:41:34 INFO FileScanRDD: Reading File path: file:///home/eder/Desktop/Airflow/Twitter/data/raw/2024-01-04/%202024-01-05.json, range: 0-4430, partition values: [empty row]
[2024-01-05T17:41:34.937+0000] {spark_submit.py:536} INFO - 24/01/05 17:41:34 INFO FileOutputCommitter: Saved output of task 'attempt_202401051741343107928943453380038_0002_m_000000_2' to file:/home/eder/Desktop/Airflow/Twitter/data/processed/users/2024-01-05/_temporary/0/task_202401051741343107928943453380038_0002_m_000000
[2024-01-05T17:41:34.938+0000] {spark_submit.py:536} INFO - 24/01/05 17:41:34 INFO SparkHadoopMapRedUtil: attempt_202401051741343107928943453380038_0002_m_000000_2: Committed
[2024-01-05T17:41:34.939+0000] {spark_submit.py:536} INFO - 24/01/05 17:41:34 INFO Executor: Finished task 0.0 in stage 2.0 (TID 2). 2734 bytes result sent to driver
[2024-01-05T17:41:34.942+0000] {spark_submit.py:536} INFO - 24/01/05 17:41:34 INFO TaskSetManager: Finished task 0.0 in stage 2.0 (TID 2) in 461 ms on airflow.Home (executor driver) (1/1)
[2024-01-05T17:41:34.942+0000] {spark_submit.py:536} INFO - 24/01/05 17:41:34 INFO TaskSchedulerImpl: Removed TaskSet 2.0, whose tasks have all completed, from pool
[2024-01-05T17:41:34.944+0000] {spark_submit.py:536} INFO - 24/01/05 17:41:34 INFO DAGScheduler: ResultStage 2 (json at NativeMethodAccessorImpl.java:0) finished in 0.675 s
[2024-01-05T17:41:34.947+0000] {spark_submit.py:536} INFO - 24/01/05 17:41:34 INFO DAGScheduler: Job 2 is finished. Cancelling potential speculative or zombie tasks for this job
[2024-01-05T17:41:34.948+0000] {spark_submit.py:536} INFO - 24/01/05 17:41:34 INFO TaskSchedulerImpl: Killing all running tasks in stage 2: Stage finished
[2024-01-05T17:41:34.948+0000] {spark_submit.py:536} INFO - 24/01/05 17:41:34 INFO DAGScheduler: Job 2 finished: json at NativeMethodAccessorImpl.java:0, took 0.719990 s
[2024-01-05T17:41:34.986+0000] {spark_submit.py:536} INFO - 24/01/05 17:41:34 INFO FileFormatWriter: Write Job 11234bcc-f75d-46c6-b339-ee2442510cd9 committed.
[2024-01-05T17:41:34.986+0000] {spark_submit.py:536} INFO - 24/01/05 17:41:34 INFO FileFormatWriter: Finished processing stats for write job 11234bcc-f75d-46c6-b339-ee2442510cd9.
[2024-01-05T17:41:35.155+0000] {spark_submit.py:536} INFO - 24/01/05 17:41:35 INFO SparkContext: Invoking stop() from shutdown hook
[2024-01-05T17:41:35.320+0000] {spark_submit.py:536} INFO - 24/01/05 17:41:35 INFO SparkUI: Stopped Spark web UI at http://airflow.Home:4040
[2024-01-05T17:41:35.537+0000] {spark_submit.py:536} INFO - 24/01/05 17:41:35 INFO MapOutputTrackerMasterEndpoint: MapOutputTrackerMasterEndpoint stopped!
[2024-01-05T17:41:35.686+0000] {spark_submit.py:536} INFO - 24/01/05 17:41:35 INFO MemoryStore: MemoryStore cleared
[2024-01-05T17:41:35.691+0000] {spark_submit.py:536} INFO - 24/01/05 17:41:35 INFO BlockManager: BlockManager stopped
[2024-01-05T17:41:35.769+0000] {spark_submit.py:536} INFO - 24/01/05 17:41:35 INFO BlockManagerMaster: BlockManagerMaster stopped
[2024-01-05T17:41:35.787+0000] {spark_submit.py:536} INFO - 24/01/05 17:41:35 INFO OutputCommitCoordinator$OutputCommitCoordinatorEndpoint: OutputCommitCoordinator stopped!
[2024-01-05T17:41:35.844+0000] {spark_submit.py:536} INFO - 24/01/05 17:41:35 INFO SparkContext: Successfully stopped SparkContext
[2024-01-05T17:41:35.848+0000] {spark_submit.py:536} INFO - 24/01/05 17:41:35 INFO ShutdownHookManager: Shutdown hook called
[2024-01-05T17:41:35.849+0000] {spark_submit.py:536} INFO - 24/01/05 17:41:35 INFO ShutdownHookManager: Deleting directory /tmp/spark-733c7b8f-58a7-40ae-a6fc-50c2e6454cee/pyspark-1be107f3-d059-4512-9c71-a7b47da4616f
[2024-01-05T17:41:35.877+0000] {spark_submit.py:536} INFO - 24/01/05 17:41:35 INFO ShutdownHookManager: Deleting directory /tmp/spark-733c7b8f-58a7-40ae-a6fc-50c2e6454cee
[2024-01-05T17:41:35.908+0000] {spark_submit.py:536} INFO - 24/01/05 17:41:35 INFO ShutdownHookManager: Deleting directory /tmp/spark-b1851878-6aaf-4c2d-9335-37f1506921a7
[2024-01-05T17:41:36.092+0000] {taskinstance.py:1138} INFO - Marking task as SUCCESS. dag_id=TwitterDAG, task_id=transform_twitter_data, execution_date=20240105T174021, start_date=20240105T174108, end_date=20240105T174136
[2024-01-05T17:41:36.273+0000] {local_task_job_runner.py:234} INFO - Task exited with return code 0
[2024-01-05T17:41:36.293+0000] {taskinstance.py:3281} INFO - 1 downstream tasks scheduled from follow-on schedule check
