[2024-01-05T01:24:28.201+0000] {taskinstance.py:1957} INFO - Dependencies all met for dep_context=non-requeueable deps ti=<TaskInstance: TwitterDAG.transform_twitter_datascience scheduled__2023-12-30T00:00:00+00:00 [queued]>
[2024-01-05T01:24:28.208+0000] {taskinstance.py:1957} INFO - Dependencies all met for dep_context=requeueable deps ti=<TaskInstance: TwitterDAG.transform_twitter_datascience scheduled__2023-12-30T00:00:00+00:00 [queued]>
[2024-01-05T01:24:28.209+0000] {taskinstance.py:2171} INFO - Starting attempt 1 of 1
[2024-01-05T01:24:28.336+0000] {taskinstance.py:2192} INFO - Executing <Task(SparkSubmitOperator): transform_twitter_datascience> on 2023-12-30 00:00:00+00:00
[2024-01-05T01:24:28.354+0000] {standard_task_runner.py:60} INFO - Started process 29235 to run task
[2024-01-05T01:24:28.379+0000] {standard_task_runner.py:87} INFO - Running: ['airflow', 'tasks', 'run', 'TwitterDAG', 'transform_twitter_datascience', 'scheduled__2023-12-30T00:00:00+00:00', '--job-id', '23', '--raw', '--subdir', 'DAGS_FOLDER/twitter_dag.py', '--cfg-path', '/tmp/tmpfwb_s1o6']
[2024-01-05T01:24:28.381+0000] {standard_task_runner.py:88} INFO - Job 23: Subtask transform_twitter_datascience
[2024-01-05T01:24:28.728+0000] {task_command.py:423} INFO - Running <TaskInstance: TwitterDAG.transform_twitter_datascience scheduled__2023-12-30T00:00:00+00:00 [running]> on host airflow.vm.local
[2024-01-05T01:24:29.034+0000] {taskinstance.py:2481} INFO - Exporting env vars: AIRFLOW_CTX_DAG_OWNER='airflow' AIRFLOW_CTX_DAG_ID='TwitterDAG' AIRFLOW_CTX_TASK_ID='transform_twitter_datascience' AIRFLOW_CTX_EXECUTION_DATE='2023-12-30T00:00:00+00:00' AIRFLOW_CTX_TRY_NUMBER='1' AIRFLOW_CTX_DAG_RUN_ID='scheduled__2023-12-30T00:00:00+00:00'
[2024-01-05T01:24:29.057+0000] {base.py:83} INFO - Using connection ID 'spark_default' for task execution.
[2024-01-05T01:24:29.064+0000] {spark_submit.py:366} INFO - Spark-Submit cmd: spark-submit --master local --name Twitter Transformation --queue root.default /home/eder/Desktop/Airflow/Twitter/src/spark/transformation.py --src /home/eder/Desktop/Airflow/Twitter/data/raw --dest /home/eder/Desktop/Airflow/Twitter/data/processed --process_date 2023-12-30
[2024-01-05T01:24:31.994+0000] {spark_submit.py:536} INFO - 24/01/05 01:24:31 WARN Utils: Your hostname, airflow resolves to a loopback address: 127.0.1.1; using 10.0.2.15 instead (on interface enp0s3)
[2024-01-05T01:24:32.004+0000] {spark_submit.py:536} INFO - 24/01/05 01:24:31 WARN Utils: Set SPARK_LOCAL_IP if you need to bind to another address
[2024-01-05T01:24:33.083+0000] {spark_submit.py:536} INFO - 24/01/05 01:24:33 WARN NativeCodeLoader: Unable to load native-hadoop library for your platform... using builtin-java classes where applicable
[2024-01-05T01:24:34.369+0000] {spark_submit.py:536} INFO - Using Spark's default log4j profile: org/apache/spark/log4j-defaults.properties
[2024-01-05T01:24:34.396+0000] {spark_submit.py:536} INFO - 24/01/05 01:24:34 INFO SparkContext: Running Spark version 3.1.3
[2024-01-05T01:24:34.498+0000] {spark_submit.py:536} INFO - 24/01/05 01:24:34 INFO ResourceUtils: ==============================================================
[2024-01-05T01:24:34.499+0000] {spark_submit.py:536} INFO - 24/01/05 01:24:34 INFO ResourceUtils: No custom resources configured for spark.driver.
[2024-01-05T01:24:34.499+0000] {spark_submit.py:536} INFO - 24/01/05 01:24:34 INFO ResourceUtils: ==============================================================
[2024-01-05T01:24:34.500+0000] {spark_submit.py:536} INFO - 24/01/05 01:24:34 INFO SparkContext: Submitted application: Data Transformation
[2024-01-05T01:24:34.579+0000] {spark_submit.py:536} INFO - 24/01/05 01:24:34 INFO ResourceProfile: Default ResourceProfile created, executor resources: Map(cores -> name: cores, amount: 1, script: , vendor: , memory -> name: memory, amount: 1024, script: , vendor: , offHeap -> name: offHeap, amount: 0, script: , vendor: ), task resources: Map(cpus -> name: cpus, amount: 1.0)
[2024-01-05T01:24:34.626+0000] {spark_submit.py:536} INFO - 24/01/05 01:24:34 INFO ResourceProfile: Limiting resource is cpu
[2024-01-05T01:24:34.629+0000] {spark_submit.py:536} INFO - 24/01/05 01:24:34 INFO ResourceProfileManager: Added ResourceProfile id: 0
[2024-01-05T01:24:34.744+0000] {spark_submit.py:536} INFO - 24/01/05 01:24:34 INFO SecurityManager: Changing view acls to: eder
[2024-01-05T01:24:34.745+0000] {spark_submit.py:536} INFO - 24/01/05 01:24:34 INFO SecurityManager: Changing modify acls to: eder
[2024-01-05T01:24:34.745+0000] {spark_submit.py:536} INFO - 24/01/05 01:24:34 INFO SecurityManager: Changing view acls groups to:
[2024-01-05T01:24:34.745+0000] {spark_submit.py:536} INFO - 24/01/05 01:24:34 INFO SecurityManager: Changing modify acls groups to:
[2024-01-05T01:24:34.745+0000] {spark_submit.py:536} INFO - 24/01/05 01:24:34 INFO SecurityManager: SecurityManager: authentication disabled; ui acls disabled; users  with view permissions: Set(eder); groups with view permissions: Set(); users  with modify permissions: Set(eder); groups with modify permissions: Set()
[2024-01-05T01:24:35.469+0000] {spark_submit.py:536} INFO - 24/01/05 01:24:35 INFO Utils: Successfully started service 'sparkDriver' on port 36729.
[2024-01-05T01:24:35.574+0000] {spark_submit.py:536} INFO - 24/01/05 01:24:35 INFO SparkEnv: Registering MapOutputTracker
[2024-01-05T01:24:35.649+0000] {spark_submit.py:536} INFO - 24/01/05 01:24:35 INFO SparkEnv: Registering BlockManagerMaster
[2024-01-05T01:24:35.712+0000] {spark_submit.py:536} INFO - 24/01/05 01:24:35 INFO BlockManagerMasterEndpoint: Using org.apache.spark.storage.DefaultTopologyMapper for getting topology information
[2024-01-05T01:24:35.713+0000] {spark_submit.py:536} INFO - 24/01/05 01:24:35 INFO BlockManagerMasterEndpoint: BlockManagerMasterEndpoint up
[2024-01-05T01:24:35.725+0000] {spark_submit.py:536} INFO - 24/01/05 01:24:35 INFO SparkEnv: Registering BlockManagerMasterHeartbeat
[2024-01-05T01:24:35.763+0000] {spark_submit.py:536} INFO - 24/01/05 01:24:35 INFO DiskBlockManager: Created local directory at /tmp/blockmgr-da68d97e-d90b-4747-92c3-b933cb7f5ce5
[2024-01-05T01:24:35.820+0000] {spark_submit.py:536} INFO - 24/01/05 01:24:35 INFO MemoryStore: MemoryStore started with capacity 366.3 MiB
[2024-01-05T01:24:35.871+0000] {spark_submit.py:536} INFO - 24/01/05 01:24:35 INFO SparkEnv: Registering OutputCommitCoordinator
[2024-01-05T01:24:36.437+0000] {spark_submit.py:536} INFO - 24/01/05 01:24:36 WARN Utils: Service 'SparkUI' could not bind on port 4040. Attempting port 4041.
[2024-01-05T01:24:36.469+0000] {spark_submit.py:536} INFO - 24/01/05 01:24:36 INFO Utils: Successfully started service 'SparkUI' on port 4041.
[2024-01-05T01:24:36.653+0000] {spark_submit.py:536} INFO - 24/01/05 01:24:36 INFO SparkUI: Bound SparkUI to 0.0.0.0, and started at http://10.0.2.15:4041
[2024-01-05T01:24:37.442+0000] {spark_submit.py:536} INFO - 24/01/05 01:24:37 INFO Executor: Starting executor ID driver on host 10.0.2.15
[2024-01-05T01:24:37.583+0000] {spark_submit.py:536} INFO - 24/01/05 01:24:37 INFO Utils: Successfully started service 'org.apache.spark.network.netty.NettyBlockTransferService' on port 38957.
[2024-01-05T01:24:37.583+0000] {spark_submit.py:536} INFO - 24/01/05 01:24:37 INFO NettyBlockTransferService: Server created on 10.0.2.15:38957
[2024-01-05T01:24:37.589+0000] {spark_submit.py:536} INFO - 24/01/05 01:24:37 INFO BlockManager: Using org.apache.spark.storage.RandomBlockReplicationPolicy for block replication policy
[2024-01-05T01:24:37.626+0000] {spark_submit.py:536} INFO - 24/01/05 01:24:37 INFO BlockManagerMaster: Registering BlockManager BlockManagerId(driver, 10.0.2.15, 38957, None)
[2024-01-05T01:24:37.701+0000] {spark_submit.py:536} INFO - 24/01/05 01:24:37 INFO BlockManagerMasterEndpoint: Registering block manager 10.0.2.15:38957 with 366.3 MiB RAM, BlockManagerId(driver, 10.0.2.15, 38957, None)
[2024-01-05T01:24:37.711+0000] {spark_submit.py:536} INFO - 24/01/05 01:24:37 INFO BlockManagerMaster: Registered BlockManager BlockManagerId(driver, 10.0.2.15, 38957, None)
[2024-01-05T01:24:37.715+0000] {spark_submit.py:536} INFO - 24/01/05 01:24:37 INFO BlockManager: Initialized BlockManager: BlockManagerId(driver, 10.0.2.15, 38957, None)
[2024-01-05T01:24:39.367+0000] {spark_submit.py:536} INFO - 24/01/05 01:24:39 INFO SharedState: Setting hive.metastore.warehouse.dir ('null') to the value of spark.sql.warehouse.dir ('file:/home/eder/Desktop/Airflow/Twitter/spark-warehouse').
[2024-01-05T01:24:39.368+0000] {spark_submit.py:536} INFO - 24/01/05 01:24:39 INFO SharedState: Warehouse path is 'file:/home/eder/Desktop/Airflow/Twitter/spark-warehouse'.
[2024-01-05T01:24:40.996+0000] {spark_submit.py:536} INFO - 24/01/05 01:24:40 INFO InMemoryFileIndex: It took 119 ms to list leaf files for 1 paths.
[2024-01-05T01:24:41.333+0000] {spark_submit.py:536} INFO - 24/01/05 01:24:41 INFO InMemoryFileIndex: It took 9 ms to list leaf files for 8 paths.
[2024-01-05T01:24:46.011+0000] {spark_submit.py:536} INFO - 24/01/05 01:24:46 INFO FileSourceStrategy: Pushed Filters:
[2024-01-05T01:24:46.017+0000] {spark_submit.py:536} INFO - 24/01/05 01:24:46 INFO FileSourceStrategy: Post-Scan Filters:
[2024-01-05T01:24:46.030+0000] {spark_submit.py:536} INFO - 24/01/05 01:24:46 INFO FileSourceStrategy: Output Data Schema: struct<value: string>
[2024-01-05T01:24:46.760+0000] {spark_submit.py:536} INFO - 24/01/05 01:24:46 INFO MemoryStore: Block broadcast_0 stored as values in memory (estimated size 303.1 KiB, free 366.0 MiB)
[2024-01-05T01:24:46.889+0000] {spark_submit.py:536} INFO - 24/01/05 01:24:46 INFO MemoryStore: Block broadcast_0_piece0 stored as bytes in memory (estimated size 27.4 KiB, free 366.0 MiB)
[2024-01-05T01:24:46.894+0000] {spark_submit.py:536} INFO - 24/01/05 01:24:46 INFO BlockManagerInfo: Added broadcast_0_piece0 in memory on 10.0.2.15:38957 (size: 27.4 KiB, free: 366.3 MiB)
[2024-01-05T01:24:46.902+0000] {spark_submit.py:536} INFO - 24/01/05 01:24:46 INFO SparkContext: Created broadcast 0 from json at NativeMethodAccessorImpl.java:0
[2024-01-05T01:24:46.928+0000] {spark_submit.py:536} INFO - 24/01/05 01:24:46 INFO FileSourceScanExec: Planning scan with bin packing, max size: 29428246 bytes, open cost is considered as scanning 4194304 bytes.
[2024-01-05T01:24:47.364+0000] {spark_submit.py:536} INFO - 24/01/05 01:24:47 INFO SparkContext: Starting job: json at NativeMethodAccessorImpl.java:0
[2024-01-05T01:24:47.431+0000] {spark_submit.py:536} INFO - 24/01/05 01:24:47 INFO DAGScheduler: Got job 0 (json at NativeMethodAccessorImpl.java:0) with 1 output partitions
[2024-01-05T01:24:47.433+0000] {spark_submit.py:536} INFO - 24/01/05 01:24:47 INFO DAGScheduler: Final stage: ResultStage 0 (json at NativeMethodAccessorImpl.java:0)
[2024-01-05T01:24:47.435+0000] {spark_submit.py:536} INFO - 24/01/05 01:24:47 INFO DAGScheduler: Parents of final stage: List()
[2024-01-05T01:24:47.457+0000] {spark_submit.py:536} INFO - 24/01/05 01:24:47 INFO DAGScheduler: Missing parents: List()
[2024-01-05T01:24:47.501+0000] {spark_submit.py:536} INFO - 24/01/05 01:24:47 INFO DAGScheduler: Submitting ResultStage 0 (MapPartitionsRDD[3] at json at NativeMethodAccessorImpl.java:0), which has no missing parents
[2024-01-05T01:24:48.061+0000] {spark_submit.py:536} INFO - 24/01/05 01:24:48 INFO MemoryStore: Block broadcast_1 stored as values in memory (estimated size 12.0 KiB, free 366.0 MiB)
[2024-01-05T01:24:48.068+0000] {spark_submit.py:536} INFO - 24/01/05 01:24:48 INFO MemoryStore: Block broadcast_1_piece0 stored as bytes in memory (estimated size 6.3 KiB, free 366.0 MiB)
[2024-01-05T01:24:48.069+0000] {spark_submit.py:536} INFO - 24/01/05 01:24:48 INFO BlockManagerInfo: Added broadcast_1_piece0 in memory on 10.0.2.15:38957 (size: 6.3 KiB, free: 366.3 MiB)
[2024-01-05T01:24:48.072+0000] {spark_submit.py:536} INFO - 24/01/05 01:24:48 INFO SparkContext: Created broadcast 1 from broadcast at DAGScheduler.scala:1433
[2024-01-05T01:24:48.117+0000] {spark_submit.py:536} INFO - 24/01/05 01:24:48 INFO DAGScheduler: Submitting 1 missing tasks from ResultStage 0 (MapPartitionsRDD[3] at json at NativeMethodAccessorImpl.java:0) (first 15 tasks are for partitions Vector(0))
[2024-01-05T01:24:48.125+0000] {spark_submit.py:536} INFO - 24/01/05 01:24:48 INFO TaskSchedulerImpl: Adding task set 0.0 with 1 tasks resource profile 0
[2024-01-05T01:24:48.264+0000] {spark_submit.py:536} INFO - 24/01/05 01:24:48 INFO TaskSetManager: Starting task 0.0 in stage 0.0 (TID 0) (10.0.2.15, executor driver, partition 0, PROCESS_LOCAL, 5467 bytes) taskResourceAssignments Map()
[2024-01-05T01:24:48.324+0000] {spark_submit.py:536} INFO - 24/01/05 01:24:48 INFO Executor: Running task 0.0 in stage 0.0 (TID 0)
[2024-01-05T01:24:49.447+0000] {spark_submit.py:536} INFO - 24/01/05 01:24:49 INFO FileScanRDD: Reading File path: file:///home/eder/Desktop/Airflow/Twitter/data/raw/2024-01-04.json, range: 0-22633, partition values: [empty row]
[2024-01-05T01:24:50.185+0000] {spark_submit.py:536} INFO - 24/01/05 01:24:50 INFO CodeGenerator: Code generated in 436.083259 ms
[2024-01-05T01:24:50.267+0000] {spark_submit.py:536} INFO - 24/01/05 01:24:50 INFO FileScanRDD: Reading File path: file:///home/eder/Desktop/Airflow/Twitter/data/raw/2023-12-29.json, range: 0-13651, partition values: [empty row]
[2024-01-05T01:24:50.276+0000] {spark_submit.py:536} INFO - 24/01/05 01:24:50 INFO FileScanRDD: Reading File path: file:///home/eder/Desktop/Airflow/Twitter/data/raw/2024-01-03.json, range: 0-9167, partition values: [empty row]
[2024-01-05T01:24:50.280+0000] {spark_submit.py:536} INFO - 24/01/05 01:24:50 INFO FileScanRDD: Reading File path: file:///home/eder/Desktop/Airflow/Twitter/data/raw/2024-01-01.json, range: 0-9134, partition values: [empty row]
[2024-01-05T01:24:50.283+0000] {spark_submit.py:536} INFO - 24/01/05 01:24:50 INFO FileScanRDD: Reading File path: file:///home/eder/Desktop/Airflow/Twitter/data/raw/2024-01-02.json, range: 0-4540, partition values: [empty row]
[2024-01-05T01:24:50.285+0000] {spark_submit.py:536} INFO - 24/01/05 01:24:50 INFO FileScanRDD: Reading File path: file:///home/eder/Desktop/Airflow/Twitter/data/raw/2023-12-31.json, range: 0-4502, partition values: [empty row]
[2024-01-05T01:24:50.297+0000] {spark_submit.py:536} INFO - 24/01/05 01:24:50 INFO FileScanRDD: Reading File path: file:///home/eder/Desktop/Airflow/Twitter/data/raw/2023-12-30.json, range: 0-4491, partition values: [empty row]
[2024-01-05T01:24:50.569+0000] {spark_submit.py:536} INFO - 24/01/05 01:24:50 INFO Executor: Finished task 0.0 in stage 0.0 (TID 0). 2841 bytes result sent to driver
[2024-01-05T01:24:50.593+0000] {spark_submit.py:536} INFO - 24/01/05 01:24:50 INFO TaskSetManager: Finished task 0.0 in stage 0.0 (TID 0) in 2350 ms on 10.0.2.15 (executor driver) (1/1)
[2024-01-05T01:24:50.599+0000] {spark_submit.py:536} INFO - 24/01/05 01:24:50 INFO TaskSchedulerImpl: Removed TaskSet 0.0, whose tasks have all completed, from pool
[2024-01-05T01:24:50.612+0000] {spark_submit.py:536} INFO - 24/01/05 01:24:50 INFO DAGScheduler: ResultStage 0 (json at NativeMethodAccessorImpl.java:0) finished in 3.012 s
[2024-01-05T01:24:50.622+0000] {spark_submit.py:536} INFO - 24/01/05 01:24:50 INFO DAGScheduler: Job 0 is finished. Cancelling potential speculative or zombie tasks for this job
[2024-01-05T01:24:50.622+0000] {spark_submit.py:536} INFO - 24/01/05 01:24:50 INFO TaskSchedulerImpl: Killing all running tasks in stage 0: Stage finished
[2024-01-05T01:24:50.634+0000] {spark_submit.py:536} INFO - 24/01/05 01:24:50 INFO DAGScheduler: Job 0 finished: json at NativeMethodAccessorImpl.java:0, took 3.262901 s
[2024-01-05T01:24:51.818+0000] {spark_submit.py:536} INFO - 24/01/05 01:24:51 INFO FileSourceStrategy: Pushed Filters: IsNotNull(data)
[2024-01-05T01:24:51.830+0000] {spark_submit.py:536} INFO - 24/01/05 01:24:51 INFO FileSourceStrategy: Post-Scan Filters: (size(data#7, true) > 0),isnotnull(data#7)
[2024-01-05T01:24:51.854+0000] {spark_submit.py:536} INFO - 24/01/05 01:24:51 INFO FileSourceStrategy: Output Data Schema: struct<data: array<struct<author_id:string,conversation_id:string,created_at:string,edit_history_tweet_ids:array<bigint>,id:string,in_reply_to_user_id:string,lang:string,public_metrics:struct<like_count:bigint,quote_count:bigint,reply_count:bigint,retweet_count:bigint>,text:string>>>
[2024-01-05T01:24:52.114+0000] {spark_submit.py:536} INFO - 24/01/05 01:24:52 INFO FileOutputCommitter: File Output Committer Algorithm version is 1
[2024-01-05T01:24:52.115+0000] {spark_submit.py:536} INFO - 24/01/05 01:24:52 INFO FileOutputCommitter: FileOutputCommitter skip cleanup _temporary folders under output directory:false, ignore cleanup failures: false
[2024-01-05T01:24:52.117+0000] {spark_submit.py:536} INFO - 24/01/05 01:24:52 INFO SQLHadoopMapReduceCommitProtocol: Using output committer class org.apache.hadoop.mapreduce.lib.output.FileOutputCommitter
[2024-01-05T01:24:52.455+0000] {spark_submit.py:536} INFO - 24/01/05 01:24:52 INFO CodeGenerator: Code generated in 104.024497 ms
[2024-01-05T01:24:52.544+0000] {spark_submit.py:536} INFO - 24/01/05 01:24:52 INFO CodeGenerator: Code generated in 53.581148 ms
[2024-01-05T01:24:52.554+0000] {spark_submit.py:536} INFO - 24/01/05 01:24:52 INFO MemoryStore: Block broadcast_2 stored as values in memory (estimated size 303.0 KiB, free 365.7 MiB)
[2024-01-05T01:24:52.565+0000] {spark_submit.py:536} INFO - 24/01/05 01:24:52 INFO MemoryStore: Block broadcast_2_piece0 stored as bytes in memory (estimated size 27.5 KiB, free 365.6 MiB)
[2024-01-05T01:24:52.566+0000] {spark_submit.py:536} INFO - 24/01/05 01:24:52 INFO BlockManagerInfo: Added broadcast_2_piece0 in memory on 10.0.2.15:38957 (size: 27.5 KiB, free: 366.2 MiB)
[2024-01-05T01:24:52.568+0000] {spark_submit.py:536} INFO - 24/01/05 01:24:52 INFO SparkContext: Created broadcast 2 from json at NativeMethodAccessorImpl.java:0
[2024-01-05T01:24:52.576+0000] {spark_submit.py:536} INFO - 24/01/05 01:24:52 INFO FileSourceScanExec: Planning scan with bin packing, max size: 29428246 bytes, open cost is considered as scanning 4194304 bytes.
[2024-01-05T01:24:52.773+0000] {spark_submit.py:536} INFO - 24/01/05 01:24:52 INFO SparkContext: Starting job: json at NativeMethodAccessorImpl.java:0
[2024-01-05T01:24:52.778+0000] {spark_submit.py:536} INFO - 24/01/05 01:24:52 INFO DAGScheduler: Got job 1 (json at NativeMethodAccessorImpl.java:0) with 1 output partitions
[2024-01-05T01:24:52.778+0000] {spark_submit.py:536} INFO - 24/01/05 01:24:52 INFO DAGScheduler: Final stage: ResultStage 1 (json at NativeMethodAccessorImpl.java:0)
[2024-01-05T01:24:52.778+0000] {spark_submit.py:536} INFO - 24/01/05 01:24:52 INFO DAGScheduler: Parents of final stage: List()
[2024-01-05T01:24:52.778+0000] {spark_submit.py:536} INFO - 24/01/05 01:24:52 INFO DAGScheduler: Missing parents: List()
[2024-01-05T01:24:52.780+0000] {spark_submit.py:536} INFO - 24/01/05 01:24:52 INFO DAGScheduler: Submitting ResultStage 1 (CoalescedRDD[9] at json at NativeMethodAccessorImpl.java:0), which has no missing parents
[2024-01-05T01:24:53.108+0000] {spark_submit.py:536} INFO - 24/01/05 01:24:53 INFO MemoryStore: Block broadcast_3 stored as values in memory (estimated size 189.7 KiB, free 365.5 MiB)
[2024-01-05T01:24:53.113+0000] {spark_submit.py:536} INFO - 24/01/05 01:24:53 INFO MemoryStore: Block broadcast_3_piece0 stored as bytes in memory (estimated size 66.4 KiB, free 365.4 MiB)
[2024-01-05T01:24:53.125+0000] {spark_submit.py:536} INFO - 24/01/05 01:24:53 INFO BlockManagerInfo: Added broadcast_3_piece0 in memory on 10.0.2.15:38957 (size: 66.4 KiB, free: 366.2 MiB)
[2024-01-05T01:24:53.130+0000] {spark_submit.py:536} INFO - 24/01/05 01:24:53 INFO SparkContext: Created broadcast 3 from broadcast at DAGScheduler.scala:1433
[2024-01-05T01:24:53.133+0000] {spark_submit.py:536} INFO - 24/01/05 01:24:53 INFO DAGScheduler: Submitting 1 missing tasks from ResultStage 1 (CoalescedRDD[9] at json at NativeMethodAccessorImpl.java:0) (first 15 tasks are for partitions Vector(0))
[2024-01-05T01:24:53.134+0000] {spark_submit.py:536} INFO - 24/01/05 01:24:53 INFO TaskSchedulerImpl: Adding task set 1.0 with 1 tasks resource profile 0
[2024-01-05T01:24:53.188+0000] {spark_submit.py:536} INFO - 24/01/05 01:24:53 INFO TaskSetManager: Starting task 0.0 in stage 1.0 (TID 1) (10.0.2.15, executor driver, partition 0, PROCESS_LOCAL, 5696 bytes) taskResourceAssignments Map()
[2024-01-05T01:24:53.191+0000] {spark_submit.py:536} INFO - 24/01/05 01:24:53 INFO Executor: Running task 0.0 in stage 1.0 (TID 1)
[2024-01-05T01:24:53.513+0000] {spark_submit.py:536} INFO - 24/01/05 01:24:53 INFO FileOutputCommitter: File Output Committer Algorithm version is 1
[2024-01-05T01:24:53.517+0000] {spark_submit.py:536} INFO - 24/01/05 01:24:53 INFO FileOutputCommitter: FileOutputCommitter skip cleanup _temporary folders under output directory:false, ignore cleanup failures: false
[2024-01-05T01:24:53.529+0000] {spark_submit.py:536} INFO - 24/01/05 01:24:53 INFO SQLHadoopMapReduceCommitProtocol: Using output committer class org.apache.hadoop.mapreduce.lib.output.FileOutputCommitter
[2024-01-05T01:24:54.059+0000] {spark_submit.py:536} INFO - 24/01/05 01:24:54 INFO CodeGenerator: Code generated in 82.03477 ms
[2024-01-05T01:24:54.081+0000] {spark_submit.py:536} INFO - 24/01/05 01:24:54 INFO FileScanRDD: Reading File path: file:///home/eder/Desktop/Airflow/Twitter/data/raw/2024-01-04.json, range: 0-22633, partition values: [empty row]
[2024-01-05T01:24:54.128+0000] {spark_submit.py:536} INFO - 24/01/05 01:24:54 INFO CodeGenerator: Code generated in 44.178929 ms
[2024-01-05T01:24:54.233+0000] {spark_submit.py:536} INFO - 24/01/05 01:24:54 INFO CodeGenerator: Code generated in 32.379221 ms
[2024-01-05T01:24:54.389+0000] {spark_submit.py:536} INFO - 24/01/05 01:24:54 INFO FileScanRDD: Reading File path: file:///home/eder/Desktop/Airflow/Twitter/data/raw/2023-12-29.json, range: 0-13651, partition values: [empty row]
[2024-01-05T01:24:54.407+0000] {spark_submit.py:536} INFO - 24/01/05 01:24:54 INFO FileScanRDD: Reading File path: file:///home/eder/Desktop/Airflow/Twitter/data/raw/2024-01-03.json, range: 0-9167, partition values: [empty row]
[2024-01-05T01:24:54.418+0000] {spark_submit.py:536} INFO - 24/01/05 01:24:54 INFO FileScanRDD: Reading File path: file:///home/eder/Desktop/Airflow/Twitter/data/raw/2024-01-01.json, range: 0-9134, partition values: [empty row]
[2024-01-05T01:24:54.433+0000] {spark_submit.py:536} INFO - 24/01/05 01:24:54 INFO FileScanRDD: Reading File path: file:///home/eder/Desktop/Airflow/Twitter/data/raw/2024-01-02.json, range: 0-4540, partition values: [empty row]
[2024-01-05T01:24:54.447+0000] {spark_submit.py:536} INFO - 24/01/05 01:24:54 INFO FileScanRDD: Reading File path: file:///home/eder/Desktop/Airflow/Twitter/data/raw/2023-12-31.json, range: 0-4502, partition values: [empty row]
[2024-01-05T01:24:54.464+0000] {spark_submit.py:536} INFO - 24/01/05 01:24:54 INFO FileScanRDD: Reading File path: file:///home/eder/Desktop/Airflow/Twitter/data/raw/2023-12-30.json, range: 0-4491, partition values: [empty row]
[2024-01-05T01:24:54.517+0000] {spark_submit.py:536} INFO - 24/01/05 01:24:54 INFO FileOutputCommitter: Saved output of task 'attempt_20240105012452587164725740851495_0001_m_000000_1' to file:/home/eder/Desktop/Airflow/Twitter/data/processed/tweets/2023-12-30/_temporary/0/task_20240105012452587164725740851495_0001_m_000000
[2024-01-05T01:24:54.518+0000] {spark_submit.py:536} INFO - 24/01/05 01:24:54 INFO SparkHadoopMapRedUtil: attempt_20240105012452587164725740851495_0001_m_000000_1: Committed
[2024-01-05T01:24:54.525+0000] {spark_submit.py:536} INFO - 24/01/05 01:24:54 INFO Executor: Finished task 0.0 in stage 1.0 (TID 1). 2901 bytes result sent to driver
[2024-01-05T01:24:54.544+0000] {spark_submit.py:536} INFO - 24/01/05 01:24:54 INFO TaskSetManager: Finished task 0.0 in stage 1.0 (TID 1) in 1375 ms on 10.0.2.15 (executor driver) (1/1)
[2024-01-05T01:24:54.549+0000] {spark_submit.py:536} INFO - 24/01/05 01:24:54 INFO TaskSchedulerImpl: Removed TaskSet 1.0, whose tasks have all completed, from pool
[2024-01-05T01:24:54.553+0000] {spark_submit.py:536} INFO - 24/01/05 01:24:54 INFO DAGScheduler: ResultStage 1 (json at NativeMethodAccessorImpl.java:0) finished in 1.768 s
[2024-01-05T01:24:54.565+0000] {spark_submit.py:536} INFO - 24/01/05 01:24:54 INFO DAGScheduler: Job 1 is finished. Cancelling potential speculative or zombie tasks for this job
[2024-01-05T01:24:54.569+0000] {spark_submit.py:536} INFO - 24/01/05 01:24:54 INFO TaskSchedulerImpl: Killing all running tasks in stage 1: Stage finished
[2024-01-05T01:24:54.571+0000] {spark_submit.py:536} INFO - 24/01/05 01:24:54 INFO DAGScheduler: Job 1 finished: json at NativeMethodAccessorImpl.java:0, took 1.797338 s
[2024-01-05T01:24:54.708+0000] {spark_submit.py:536} INFO - 24/01/05 01:24:54 INFO FileFormatWriter: Write Job 0ced133d-e02b-41a6-a8e6-a4ba185aef24 committed.
[2024-01-05T01:24:54.733+0000] {spark_submit.py:536} INFO - 24/01/05 01:24:54 INFO FileFormatWriter: Finished processing stats for write job 0ced133d-e02b-41a6-a8e6-a4ba185aef24.
[2024-01-05T01:24:54.869+0000] {spark_submit.py:536} INFO - 24/01/05 01:24:54 INFO FileSourceStrategy: Pushed Filters:
[2024-01-05T01:24:54.874+0000] {spark_submit.py:536} INFO - 24/01/05 01:24:54 INFO FileSourceStrategy: Post-Scan Filters:
[2024-01-05T01:24:54.874+0000] {spark_submit.py:536} INFO - 24/01/05 01:24:54 INFO FileSourceStrategy: Output Data Schema: struct<includes: struct<users: array<struct<created_at:string,id:string,name:string,username:string>>>>
[2024-01-05T01:24:54.892+0000] {spark_submit.py:536} INFO - 24/01/05 01:24:54 INFO FileOutputCommitter: File Output Committer Algorithm version is 1
[2024-01-05T01:24:54.892+0000] {spark_submit.py:536} INFO - 24/01/05 01:24:54 INFO FileOutputCommitter: FileOutputCommitter skip cleanup _temporary folders under output directory:false, ignore cleanup failures: false
[2024-01-05T01:24:54.893+0000] {spark_submit.py:536} INFO - 24/01/05 01:24:54 INFO SQLHadoopMapReduceCommitProtocol: Using output committer class org.apache.hadoop.mapreduce.lib.output.FileOutputCommitter
[2024-01-05T01:24:55.096+0000] {spark_submit.py:536} INFO - 24/01/05 01:24:55 INFO CodeGenerator: Code generated in 61.652492 ms
[2024-01-05T01:24:55.102+0000] {spark_submit.py:536} INFO - 24/01/05 01:24:55 INFO MemoryStore: Block broadcast_4 stored as values in memory (estimated size 303.0 KiB, free 365.1 MiB)
[2024-01-05T01:24:55.116+0000] {spark_submit.py:536} INFO - 24/01/05 01:24:55 INFO MemoryStore: Block broadcast_4_piece0 stored as bytes in memory (estimated size 27.5 KiB, free 365.1 MiB)
[2024-01-05T01:24:55.119+0000] {spark_submit.py:536} INFO - 24/01/05 01:24:55 INFO BlockManagerInfo: Added broadcast_4_piece0 in memory on 10.0.2.15:38957 (size: 27.5 KiB, free: 366.1 MiB)
[2024-01-05T01:24:55.121+0000] {spark_submit.py:536} INFO - 24/01/05 01:24:55 INFO SparkContext: Created broadcast 4 from json at NativeMethodAccessorImpl.java:0
[2024-01-05T01:24:55.122+0000] {spark_submit.py:536} INFO - 24/01/05 01:24:55 INFO FileSourceScanExec: Planning scan with bin packing, max size: 29428246 bytes, open cost is considered as scanning 4194304 bytes.
[2024-01-05T01:24:55.142+0000] {spark_submit.py:536} INFO - 24/01/05 01:24:55 INFO SparkContext: Starting job: json at NativeMethodAccessorImpl.java:0
[2024-01-05T01:24:55.143+0000] {spark_submit.py:536} INFO - 24/01/05 01:24:55 INFO DAGScheduler: Got job 2 (json at NativeMethodAccessorImpl.java:0) with 1 output partitions
[2024-01-05T01:24:55.145+0000] {spark_submit.py:536} INFO - 24/01/05 01:24:55 INFO DAGScheduler: Final stage: ResultStage 2 (json at NativeMethodAccessorImpl.java:0)
[2024-01-05T01:24:55.145+0000] {spark_submit.py:536} INFO - 24/01/05 01:24:55 INFO DAGScheduler: Parents of final stage: List()
[2024-01-05T01:24:55.145+0000] {spark_submit.py:536} INFO - 24/01/05 01:24:55 INFO DAGScheduler: Missing parents: List()
[2024-01-05T01:24:55.146+0000] {spark_submit.py:536} INFO - 24/01/05 01:24:55 INFO DAGScheduler: Submitting ResultStage 2 (CoalescedRDD[16] at json at NativeMethodAccessorImpl.java:0), which has no missing parents
[2024-01-05T01:24:55.246+0000] {spark_submit.py:536} INFO - 24/01/05 01:24:55 INFO MemoryStore: Block broadcast_5 stored as values in memory (estimated size 178.0 KiB, free 364.9 MiB)
[2024-01-05T01:24:55.248+0000] {spark_submit.py:536} INFO - 24/01/05 01:24:55 INFO MemoryStore: Block broadcast_5_piece0 stored as bytes in memory (estimated size 63.7 KiB, free 364.8 MiB)
[2024-01-05T01:24:55.249+0000] {spark_submit.py:536} INFO - 24/01/05 01:24:55 INFO BlockManagerInfo: Added broadcast_5_piece0 in memory on 10.0.2.15:38957 (size: 63.7 KiB, free: 366.1 MiB)
[2024-01-05T01:24:55.261+0000] {spark_submit.py:536} INFO - 24/01/05 01:24:55 INFO SparkContext: Created broadcast 5 from broadcast at DAGScheduler.scala:1433
[2024-01-05T01:24:55.261+0000] {spark_submit.py:536} INFO - 24/01/05 01:24:55 INFO DAGScheduler: Submitting 1 missing tasks from ResultStage 2 (CoalescedRDD[16] at json at NativeMethodAccessorImpl.java:0) (first 15 tasks are for partitions Vector(0))
[2024-01-05T01:24:55.261+0000] {spark_submit.py:536} INFO - 24/01/05 01:24:55 INFO TaskSchedulerImpl: Adding task set 2.0 with 1 tasks resource profile 0
[2024-01-05T01:24:55.269+0000] {spark_submit.py:536} INFO - 24/01/05 01:24:55 INFO TaskSetManager: Starting task 0.0 in stage 2.0 (TID 2) (10.0.2.15, executor driver, partition 0, PROCESS_LOCAL, 5696 bytes) taskResourceAssignments Map()
[2024-01-05T01:24:55.286+0000] {spark_submit.py:536} INFO - 24/01/05 01:24:55 INFO Executor: Running task 0.0 in stage 2.0 (TID 2)
[2024-01-05T01:24:55.308+0000] {spark_submit.py:536} INFO - 24/01/05 01:24:55 INFO FileOutputCommitter: File Output Committer Algorithm version is 1
[2024-01-05T01:24:55.309+0000] {spark_submit.py:536} INFO - 24/01/05 01:24:55 INFO FileOutputCommitter: FileOutputCommitter skip cleanup _temporary folders under output directory:false, ignore cleanup failures: false
[2024-01-05T01:24:55.309+0000] {spark_submit.py:536} INFO - 24/01/05 01:24:55 INFO SQLHadoopMapReduceCommitProtocol: Using output committer class org.apache.hadoop.mapreduce.lib.output.FileOutputCommitter
[2024-01-05T01:24:55.527+0000] {spark_submit.py:536} INFO - 24/01/05 01:24:55 INFO CodeGenerator: Code generated in 42.422021 ms
[2024-01-05T01:24:55.584+0000] {spark_submit.py:536} INFO - 24/01/05 01:24:55 INFO FileScanRDD: Reading File path: file:///home/eder/Desktop/Airflow/Twitter/data/raw/2024-01-04.json, range: 0-22633, partition values: [empty row]
[2024-01-05T01:24:55.618+0000] {spark_submit.py:536} INFO - 24/01/05 01:24:55 INFO CodeGenerator: Code generated in 24.143338 ms
[2024-01-05T01:24:55.633+0000] {spark_submit.py:536} INFO - 24/01/05 01:24:55 INFO FileScanRDD: Reading File path: file:///home/eder/Desktop/Airflow/Twitter/data/raw/2023-12-29.json, range: 0-13651, partition values: [empty row]
[2024-01-05T01:24:55.638+0000] {spark_submit.py:536} INFO - 24/01/05 01:24:55 INFO FileScanRDD: Reading File path: file:///home/eder/Desktop/Airflow/Twitter/data/raw/2024-01-03.json, range: 0-9167, partition values: [empty row]
[2024-01-05T01:24:55.642+0000] {spark_submit.py:536} INFO - 24/01/05 01:24:55 INFO FileScanRDD: Reading File path: file:///home/eder/Desktop/Airflow/Twitter/data/raw/2024-01-01.json, range: 0-9134, partition values: [empty row]
[2024-01-05T01:24:55.646+0000] {spark_submit.py:536} INFO - 24/01/05 01:24:55 INFO FileScanRDD: Reading File path: file:///home/eder/Desktop/Airflow/Twitter/data/raw/2024-01-02.json, range: 0-4540, partition values: [empty row]
[2024-01-05T01:24:55.650+0000] {spark_submit.py:536} INFO - 24/01/05 01:24:55 INFO FileScanRDD: Reading File path: file:///home/eder/Desktop/Airflow/Twitter/data/raw/2023-12-31.json, range: 0-4502, partition values: [empty row]
[2024-01-05T01:24:55.656+0000] {spark_submit.py:536} INFO - 24/01/05 01:24:55 INFO FileScanRDD: Reading File path: file:///home/eder/Desktop/Airflow/Twitter/data/raw/2023-12-30.json, range: 0-4491, partition values: [empty row]
[2024-01-05T01:24:55.664+0000] {spark_submit.py:536} INFO - 24/01/05 01:24:55 INFO FileOutputCommitter: Saved output of task 'attempt_202401050124558785116687200661525_0002_m_000000_2' to file:/home/eder/Desktop/Airflow/Twitter/data/processed/users/2023-12-30/_temporary/0/task_202401050124558785116687200661525_0002_m_000000
[2024-01-05T01:24:55.665+0000] {spark_submit.py:536} INFO - 24/01/05 01:24:55 INFO SparkHadoopMapRedUtil: attempt_202401050124558785116687200661525_0002_m_000000_2: Committed
[2024-01-05T01:24:55.668+0000] {spark_submit.py:536} INFO - 24/01/05 01:24:55 INFO Executor: Finished task 0.0 in stage 2.0 (TID 2). 2734 bytes result sent to driver
[2024-01-05T01:24:55.675+0000] {spark_submit.py:536} INFO - 24/01/05 01:24:55 INFO TaskSetManager: Finished task 0.0 in stage 2.0 (TID 2) in 411 ms on 10.0.2.15 (executor driver) (1/1)
[2024-01-05T01:24:55.676+0000] {spark_submit.py:536} INFO - 24/01/05 01:24:55 INFO TaskSchedulerImpl: Removed TaskSet 2.0, whose tasks have all completed, from pool
[2024-01-05T01:24:55.679+0000] {spark_submit.py:536} INFO - 24/01/05 01:24:55 INFO DAGScheduler: ResultStage 2 (json at NativeMethodAccessorImpl.java:0) finished in 0.517 s
[2024-01-05T01:24:55.680+0000] {spark_submit.py:536} INFO - 24/01/05 01:24:55 INFO DAGScheduler: Job 2 is finished. Cancelling potential speculative or zombie tasks for this job
[2024-01-05T01:24:55.681+0000] {spark_submit.py:536} INFO - 24/01/05 01:24:55 INFO TaskSchedulerImpl: Killing all running tasks in stage 2: Stage finished
[2024-01-05T01:24:55.681+0000] {spark_submit.py:536} INFO - 24/01/05 01:24:55 INFO DAGScheduler: Job 2 finished: json at NativeMethodAccessorImpl.java:0, took 0.539490 s
[2024-01-05T01:24:55.717+0000] {spark_submit.py:536} INFO - 24/01/05 01:24:55 INFO FileFormatWriter: Write Job de1ac637-90af-429a-9695-a8a16f48f82d committed.
[2024-01-05T01:24:55.719+0000] {spark_submit.py:536} INFO - 24/01/05 01:24:55 INFO FileFormatWriter: Finished processing stats for write job de1ac637-90af-429a-9695-a8a16f48f82d.
[2024-01-05T01:24:55.896+0000] {spark_submit.py:536} INFO - 24/01/05 01:24:55 INFO SparkContext: Invoking stop() from shutdown hook
[2024-01-05T01:24:56.027+0000] {spark_submit.py:536} INFO - 24/01/05 01:24:56 INFO SparkUI: Stopped Spark web UI at http://10.0.2.15:4041
[2024-01-05T01:24:56.237+0000] {spark_submit.py:536} INFO - 24/01/05 01:24:56 INFO MapOutputTrackerMasterEndpoint: MapOutputTrackerMasterEndpoint stopped!
[2024-01-05T01:24:56.287+0000] {spark_submit.py:536} INFO - 24/01/05 01:24:56 INFO MemoryStore: MemoryStore cleared
[2024-01-05T01:24:56.288+0000] {spark_submit.py:536} INFO - 24/01/05 01:24:56 INFO BlockManager: BlockManager stopped
[2024-01-05T01:24:56.356+0000] {spark_submit.py:536} INFO - 24/01/05 01:24:56 INFO BlockManagerMaster: BlockManagerMaster stopped
[2024-01-05T01:24:56.380+0000] {spark_submit.py:536} INFO - 24/01/05 01:24:56 INFO OutputCommitCoordinator$OutputCommitCoordinatorEndpoint: OutputCommitCoordinator stopped!
[2024-01-05T01:24:56.465+0000] {spark_submit.py:536} INFO - 24/01/05 01:24:56 INFO SparkContext: Successfully stopped SparkContext
[2024-01-05T01:24:56.467+0000] {spark_submit.py:536} INFO - 24/01/05 01:24:56 INFO ShutdownHookManager: Shutdown hook called
[2024-01-05T01:24:56.469+0000] {spark_submit.py:536} INFO - 24/01/05 01:24:56 INFO ShutdownHookManager: Deleting directory /tmp/spark-dbddc027-e2c5-46b3-8d45-d7d88cf9f721
[2024-01-05T01:24:56.491+0000] {spark_submit.py:536} INFO - 24/01/05 01:24:56 INFO ShutdownHookManager: Deleting directory /tmp/spark-1d21a70b-e41e-4fba-aa38-9384f1fa0ab4
[2024-01-05T01:24:56.510+0000] {spark_submit.py:536} INFO - 24/01/05 01:24:56 INFO ShutdownHookManager: Deleting directory /tmp/spark-1d21a70b-e41e-4fba-aa38-9384f1fa0ab4/pyspark-17f2963f-e74b-4d3a-ad23-5da505386a17
[2024-01-05T01:24:56.628+0000] {taskinstance.py:1138} INFO - Marking task as SUCCESS. dag_id=TwitterDAG, task_id=transform_twitter_datascience, execution_date=20231230T000000, start_date=20240105T012428, end_date=20240105T012456
[2024-01-05T01:24:56.701+0000] {local_task_job_runner.py:234} INFO - Task exited with return code 0
[2024-01-05T01:24:56.709+0000] {taskinstance.py:3281} INFO - 0 downstream tasks scheduled from follow-on schedule check
