[2024-01-05T16:49:32.700+0000] {taskinstance.py:1957} INFO - Dependencies all met for dep_context=non-requeueable deps ti=<TaskInstance: TwitterDAG.get_raw_data_twitter scheduled__2024-01-03T00:00:00+00:00 [queued]>
[2024-01-05T16:49:32.915+0000] {taskinstance.py:1957} INFO - Dependencies all met for dep_context=requeueable deps ti=<TaskInstance: TwitterDAG.get_raw_data_twitter scheduled__2024-01-03T00:00:00+00:00 [queued]>
[2024-01-05T16:49:32.916+0000] {taskinstance.py:2171} INFO - Starting attempt 1 of 1
[2024-01-05T16:49:33.377+0000] {taskinstance.py:2192} INFO - Executing <Task(TwitterOperator): get_raw_data_twitter> on 2024-01-03 00:00:00+00:00
[2024-01-05T16:49:33.386+0000] {standard_task_runner.py:60} INFO - Started process 13646 to run task
[2024-01-05T16:49:33.392+0000] {standard_task_runner.py:87} INFO - Running: ['airflow', 'tasks', 'run', 'TwitterDAG', 'get_raw_data_twitter', 'scheduled__2024-01-03T00:00:00+00:00', '--job-id', '51', '--raw', '--subdir', 'DAGS_FOLDER/twitter_dag.py', '--cfg-path', '/tmp/tmp13416iwy']
[2024-01-05T16:49:33.392+0000] {standard_task_runner.py:88} INFO - Job 51: Subtask get_raw_data_twitter
[2024-01-05T16:49:33.748+0000] {task_command.py:423} INFO - Running <TaskInstance: TwitterDAG.get_raw_data_twitter scheduled__2024-01-03T00:00:00+00:00 [running]> on host airflow.vm.local
[2024-01-05T16:49:34.024+0000] {taskinstance.py:2481} INFO - Exporting env vars: AIRFLOW_CTX_DAG_OWNER='airflow' AIRFLOW_CTX_DAG_ID='TwitterDAG' AIRFLOW_CTX_TASK_ID='get_raw_data_twitter' AIRFLOW_CTX_EXECUTION_DATE='2024-01-03T00:00:00+00:00' AIRFLOW_CTX_TRY_NUMBER='1' AIRFLOW_CTX_DAG_RUN_ID='scheduled__2024-01-03T00:00:00+00:00'
[2024-01-05T16:49:34.040+0000] {base.py:83} INFO - Using connection ID 'twitter_default' for task execution.
[2024-01-05T16:49:34.049+0000] {twitter_dag.py:38} INFO - URL: https://labdados.com/2//tweets/search/recent?query=data science&tweet.fields=author_id,created_at,lang,public_metrics,source,text,withheld&expansions=author_id&user.fields=created_at,description,location,name,public_metrics,username,verified,withheld&start_time=2024-01-03T00:00:00.00Z&end_time=2024-01-04T00:00:00.00Z
[2024-01-05T16:49:34.728+0000] {twitter_dag.py:38} INFO - URL: https://labdados.com/2//tweets/search/recent?query=data science&tweet.fields=author_id,created_at,lang,public_metrics,source,text,withheld&expansions=author_id&user.fields=created_at,description,location,name,public_metrics,username,verified,withheld&start_time=2024-01-03T00:00:00.00Z&end_time=2024-01-04T00:00:00.00Z&next_token=1234567890abcdef
[2024-01-05T16:49:34.902+0000] {twitter_dag.py:38} INFO - URL: https://labdados.com/2//tweets/search/recent?query=data science&tweet.fields=author_id,created_at,lang,public_metrics,source,text,withheld&expansions=author_id&user.fields=created_at,description,location,name,public_metrics,username,verified,withheld&start_time=2024-01-03T00:00:00.00Z&end_time=2024-01-04T00:00:00.00Z&next_token=1234567890abcdef
[2024-01-05T16:49:35.086+0000] {twitter_dag.py:38} INFO - URL: https://labdados.com/2//tweets/search/recent?query=data science&tweet.fields=author_id,created_at,lang,public_metrics,source,text,withheld&expansions=author_id&user.fields=created_at,description,location,name,public_metrics,username,verified,withheld&start_time=2024-01-03T00:00:00.00Z&end_time=2024-01-04T00:00:00.00Z&next_token=1234567890abcdef
[2024-01-05T16:49:35.276+0000] {twitter_dag.py:38} INFO - URL: https://labdados.com/2//tweets/search/recent?query=data science&tweet.fields=author_id,created_at,lang,public_metrics,source,text,withheld&expansions=author_id&user.fields=created_at,description,location,name,public_metrics,username,verified,withheld&start_time=2024-01-03T00:00:00.00Z&end_time=2024-01-04T00:00:00.00Z&next_token=1234567890abcdef
[2024-01-05T16:49:35.441+0000] {twitter_dag.py:38} INFO - URL: https://labdados.com/2//tweets/search/recent?query=data science&tweet.fields=author_id,created_at,lang,public_metrics,source,text,withheld&expansions=author_id&user.fields=created_at,description,location,name,public_metrics,username,verified,withheld&start_time=2024-01-03T00:00:00.00Z&end_time=2024-01-04T00:00:00.00Z&next_token=1234567890abcdef
[2024-01-05T16:49:35.805+0000] {taskinstance.py:1138} INFO - Marking task as SUCCESS. dag_id=TwitterDAG, task_id=get_raw_data_twitter, execution_date=20240103T000000, start_date=20240105T164932, end_date=20240105T164935
[2024-01-05T16:49:36.020+0000] {local_task_job_runner.py:234} INFO - Task exited with return code 0
[2024-01-05T16:49:36.053+0000] {taskinstance.py:3281} INFO - 1 downstream tasks scheduled from follow-on schedule check
[2024-01-05T17:47:07.522+0000] {taskinstance.py:1957} INFO - Dependencies all met for dep_context=non-requeueable deps ti=<TaskInstance: TwitterDAG.get_raw_data_twitter scheduled__2024-01-03T00:00:00+00:00 [queued]>
[2024-01-05T17:47:07.538+0000] {taskinstance.py:1957} INFO - Dependencies all met for dep_context=requeueable deps ti=<TaskInstance: TwitterDAG.get_raw_data_twitter scheduled__2024-01-03T00:00:00+00:00 [queued]>
[2024-01-05T17:47:07.539+0000] {taskinstance.py:2171} INFO - Starting attempt 1 of 1
[2024-01-05T17:47:07.559+0000] {taskinstance.py:2192} INFO - Executing <Task(TwitterOperator): get_raw_data_twitter> on 2024-01-03 00:00:00+00:00
[2024-01-05T17:47:07.562+0000] {standard_task_runner.py:60} INFO - Started process 28508 to run task
[2024-01-05T17:47:07.566+0000] {standard_task_runner.py:87} INFO - Running: ['airflow', 'tasks', 'run', 'TwitterDAG', 'get_raw_data_twitter', 'scheduled__2024-01-03T00:00:00+00:00', '--job-id', '73', '--raw', '--subdir', 'DAGS_FOLDER/twitter_dag.py', '--cfg-path', '/tmp/tmp2xe5wc2f']
[2024-01-05T17:47:07.566+0000] {standard_task_runner.py:88} INFO - Job 73: Subtask get_raw_data_twitter
[2024-01-05T17:47:07.645+0000] {task_command.py:423} INFO - Running <TaskInstance: TwitterDAG.get_raw_data_twitter scheduled__2024-01-03T00:00:00+00:00 [running]> on host airflow.vm.local
[2024-01-05T17:47:07.798+0000] {taskinstance.py:2481} INFO - Exporting env vars: AIRFLOW_CTX_DAG_OWNER='airflow' AIRFLOW_CTX_DAG_ID='TwitterDAG' AIRFLOW_CTX_TASK_ID='get_raw_data_twitter' AIRFLOW_CTX_EXECUTION_DATE='2024-01-03T00:00:00+00:00' AIRFLOW_CTX_TRY_NUMBER='1' AIRFLOW_CTX_DAG_RUN_ID='scheduled__2024-01-03T00:00:00+00:00'
[2024-01-05T17:47:07.805+0000] {base.py:83} INFO - Using connection ID 'twitter_default' for task execution.
[2024-01-05T17:47:07.806+0000] {twitter_dag.py:38} INFO - URL: https://labdados.com/2//tweets/search/recent?query=data science&tweet.fields=author_id,created_at,lang,public_metrics,source,text,withheld&expansions=author_id&user.fields=created_at,description,location,name,public_metrics,username,verified,withheld&start_time=2024-01-03T00:00:00.00Z&end_time=2024-01-04T00:00:00.00Z
[2024-01-05T17:47:08.524+0000] {taskinstance.py:1138} INFO - Marking task as SUCCESS. dag_id=TwitterDAG, task_id=get_raw_data_twitter, execution_date=20240103T000000, start_date=20240105T174707, end_date=20240105T174708
[2024-01-05T17:47:08.715+0000] {local_task_job_runner.py:234} INFO - Task exited with return code 0
[2024-01-05T17:47:08.760+0000] {taskinstance.py:3281} INFO - 1 downstream tasks scheduled from follow-on schedule check
[2024-01-05T18:05:40.141+0000] {taskinstance.py:1957} INFO - Dependencies all met for dep_context=non-requeueable deps ti=<TaskInstance: TwitterDAG.get_raw_data_twitter scheduled__2024-01-03T00:00:00+00:00 [queued]>
[2024-01-05T18:05:40.147+0000] {taskinstance.py:1957} INFO - Dependencies all met for dep_context=requeueable deps ti=<TaskInstance: TwitterDAG.get_raw_data_twitter scheduled__2024-01-03T00:00:00+00:00 [queued]>
[2024-01-05T18:05:40.148+0000] {taskinstance.py:2171} INFO - Starting attempt 1 of 1
[2024-01-05T18:05:40.165+0000] {taskinstance.py:2192} INFO - Executing <Task(TwitterOperator): get_raw_data_twitter> on 2024-01-03 00:00:00+00:00
[2024-01-05T18:05:40.169+0000] {standard_task_runner.py:60} INFO - Started process 39056 to run task
[2024-01-05T18:05:40.173+0000] {standard_task_runner.py:87} INFO - Running: ['airflow', 'tasks', 'run', 'TwitterDAG', 'get_raw_data_twitter', 'scheduled__2024-01-03T00:00:00+00:00', '--job-id', '96', '--raw', '--subdir', 'DAGS_FOLDER/twitter_dag.py', '--cfg-path', '/tmp/tmpdnq7o95q']
[2024-01-05T18:05:40.173+0000] {standard_task_runner.py:88} INFO - Job 96: Subtask get_raw_data_twitter
[2024-01-05T18:05:40.211+0000] {task_command.py:423} INFO - Running <TaskInstance: TwitterDAG.get_raw_data_twitter scheduled__2024-01-03T00:00:00+00:00 [running]> on host airflow.vm.local
[2024-01-05T18:05:40.580+0000] {taskinstance.py:2481} INFO - Exporting env vars: AIRFLOW_CTX_DAG_OWNER='airflow' AIRFLOW_CTX_DAG_ID='TwitterDAG' AIRFLOW_CTX_TASK_ID='get_raw_data_twitter' AIRFLOW_CTX_EXECUTION_DATE='2024-01-03T00:00:00+00:00' AIRFLOW_CTX_TRY_NUMBER='1' AIRFLOW_CTX_DAG_RUN_ID='scheduled__2024-01-03T00:00:00+00:00'
[2024-01-05T18:05:40.594+0000] {base.py:83} INFO - Using connection ID 'twitter_default' for task execution.
[2024-01-05T18:05:40.600+0000] {twitter_dag.py:38} INFO - URL: https://labdados.com/2//tweets/search/recent?query=data science&tweet.fields=author_id,created_at,lang,public_metrics,source,text,withheld&expansions=author_id&user.fields=created_at,description,location,name,public_metrics,username,verified,withheld&start_time=2024-01-03T00:00:00.00Z&end_time=2024-01-04T00:00:00.00Z
[2024-01-05T18:05:41.066+0000] {twitter_dag.py:38} INFO - URL: https://labdados.com/2//tweets/search/recent?query=data science&tweet.fields=author_id,created_at,lang,public_metrics,source,text,withheld&expansions=author_id&user.fields=created_at,description,location,name,public_metrics,username,verified,withheld&start_time=2024-01-03T00:00:00.00Z&end_time=2024-01-04T00:00:00.00Z&next_token=1234567890abcdef
[2024-01-05T18:05:41.235+0000] {taskinstance.py:1138} INFO - Marking task as SUCCESS. dag_id=TwitterDAG, task_id=get_raw_data_twitter, execution_date=20240103T000000, start_date=20240105T180540, end_date=20240105T180541
[2024-01-05T18:05:41.348+0000] {local_task_job_runner.py:234} INFO - Task exited with return code 0
[2024-01-05T18:05:41.467+0000] {taskinstance.py:3281} INFO - 1 downstream tasks scheduled from follow-on schedule check
