[2024-01-06 12:04:29,102] {taskinstance.py:1159} INFO - Dependencies all met for <TaskInstance: get_stocks_dag.MSFT scheduled__2024-01-05T00:00:00+00:00 [queued]>
[2024-01-06 12:04:29,129] {taskinstance.py:1159} INFO - Dependencies all met for <TaskInstance: get_stocks_dag.MSFT scheduled__2024-01-05T00:00:00+00:00 [queued]>
[2024-01-06 12:04:29,129] {taskinstance.py:1356} INFO - 
--------------------------------------------------------------------------------
[2024-01-06 12:04:29,129] {taskinstance.py:1357} INFO - Starting attempt 1 of 1
[2024-01-06 12:04:29,130] {taskinstance.py:1358} INFO - 
--------------------------------------------------------------------------------
[2024-01-06 12:04:29,158] {taskinstance.py:1377} INFO - Executing <Task(_PythonDecoratedOperator): MSFT> on 2024-01-05 00:00:00+00:00
[2024-01-06 12:04:29,170] {standard_task_runner.py:52} INFO - Started process 29527 to run task
[2024-01-06 12:04:29,173] {standard_task_runner.py:79} INFO - Running: ['airflow', 'tasks', 'run', 'get_stocks_dag', 'MSFT', 'scheduled__2024-01-05T00:00:00+00:00', '--job-id', '21', '--raw', '--subdir', 'DAGS_FOLDER/get_stocks.py', '--cfg-path', '/tmp/tmpei54le00', '--error-file', '/tmp/tmpv6uk14rh']
[2024-01-06 12:04:29,175] {standard_task_runner.py:80} INFO - Job 21: Subtask MSFT
[2024-01-06 12:04:29,381] {task_command.py:370} INFO - Running <TaskInstance: get_stocks_dag.MSFT scheduled__2024-01-05T00:00:00+00:00 [running]> on host airflow.vm.local
[2024-01-06 12:04:29,622] {taskinstance.py:1569} INFO - Exporting the following env vars:
AIRFLOW_CTX_DAG_OWNER=airflow
AIRFLOW_CTX_DAG_ID=get_stocks_dag
AIRFLOW_CTX_TASK_ID=MSFT
AIRFLOW_CTX_EXECUTION_DATE=2024-01-05T00:00:00+00:00
AIRFLOW_CTX_TRY_NUMBER=1
AIRFLOW_CTX_DAG_RUN_ID=scheduled__2024-01-05T00:00:00+00:00
[2024-01-06 12:05:50,248] {python.py:173} INFO - Done. Returned value was: None
[2024-01-06 12:05:50,330] {taskinstance.py:1395} INFO - Marking task as SUCCESS. dag_id=get_stocks_dag, task_id=MSFT, execution_date=20240105T000000, start_date=20240106T120429, end_date=20240106T120550
[2024-01-06 12:05:50,432] {local_task_job.py:156} INFO - Task exited with return code 0
[2024-01-06 12:05:50,489] {local_task_job.py:273} INFO - 0 downstream tasks scheduled from follow-on schedule check
