[2024-01-05T16:45:08.158+0000] {taskinstance.py:1957} INFO - Dependencies all met for dep_context=non-requeueable deps ti=<TaskInstance: TwitterDAG.get_raw_data_twitter scheduled__2023-12-30T00:00:00+00:00 [queued]>
[2024-01-05T16:45:08.179+0000] {taskinstance.py:1957} INFO - Dependencies all met for dep_context=requeueable deps ti=<TaskInstance: TwitterDAG.get_raw_data_twitter scheduled__2023-12-30T00:00:00+00:00 [queued]>
[2024-01-05T16:45:08.183+0000] {taskinstance.py:2171} INFO - Starting attempt 1 of 1
[2024-01-05T16:45:08.307+0000] {taskinstance.py:2192} INFO - Executing <Task(TwitterOperator): get_raw_data_twitter> on 2023-12-30 00:00:00+00:00
[2024-01-05T16:45:08.323+0000] {standard_task_runner.py:60} INFO - Started process 9088 to run task
[2024-01-05T16:45:08.327+0000] {standard_task_runner.py:87} INFO - Running: ['airflow', 'tasks', 'run', 'TwitterDAG', 'get_raw_data_twitter', 'scheduled__2023-12-30T00:00:00+00:00', '--job-id', '43', '--raw', '--subdir', 'DAGS_FOLDER/twitter_dag.py', '--cfg-path', '/tmp/tmp1gzomlwe']
[2024-01-05T16:45:08.327+0000] {standard_task_runner.py:88} INFO - Job 43: Subtask get_raw_data_twitter
[2024-01-05T16:45:08.616+0000] {task_command.py:423} INFO - Running <TaskInstance: TwitterDAG.get_raw_data_twitter scheduled__2023-12-30T00:00:00+00:00 [running]> on host airflow.vm.local
[2024-01-05T16:45:09.151+0000] {taskinstance.py:2481} INFO - Exporting env vars: AIRFLOW_CTX_DAG_OWNER='airflow' AIRFLOW_CTX_DAG_ID='TwitterDAG' AIRFLOW_CTX_TASK_ID='get_raw_data_twitter' AIRFLOW_CTX_EXECUTION_DATE='2023-12-30T00:00:00+00:00' AIRFLOW_CTX_TRY_NUMBER='1' AIRFLOW_CTX_DAG_RUN_ID='scheduled__2023-12-30T00:00:00+00:00'
[2024-01-05T16:45:09.160+0000] {base.py:83} INFO - Using connection ID 'twitter_default' for task execution.
[2024-01-05T16:45:09.169+0000] {twitter_dag.py:38} INFO - URL: https://labdados.com/2//tweets/search/recent?query=data science&tweet.fields=author_id,created_at,lang,public_metrics,source,text,withheld&expansions=author_id&user.fields=created_at,description,location,name,public_metrics,username,verified,withheld&start_time=2023-12-30T00:00:00.00Z&end_time=2023-12-31T00:00:00.00Z
[2024-01-05T16:45:09.863+0000] {taskinstance.py:1138} INFO - Marking task as SUCCESS. dag_id=TwitterDAG, task_id=get_raw_data_twitter, execution_date=20231230T000000, start_date=20240105T164508, end_date=20240105T164509
[2024-01-05T16:45:10.088+0000] {local_task_job_runner.py:234} INFO - Task exited with return code 0
[2024-01-05T16:45:10.463+0000] {taskinstance.py:3281} INFO - 1 downstream tasks scheduled from follow-on schedule check
[2024-01-05T17:40:34.354+0000] {taskinstance.py:1957} INFO - Dependencies all met for dep_context=non-requeueable deps ti=<TaskInstance: TwitterDAG.get_raw_data_twitter scheduled__2023-12-30T00:00:00+00:00 [queued]>
[2024-01-05T17:40:34.359+0000] {taskinstance.py:1957} INFO - Dependencies all met for dep_context=requeueable deps ti=<TaskInstance: TwitterDAG.get_raw_data_twitter scheduled__2023-12-30T00:00:00+00:00 [queued]>
[2024-01-05T17:40:34.363+0000] {taskinstance.py:2171} INFO - Starting attempt 1 of 1
[2024-01-05T17:40:34.467+0000] {taskinstance.py:2192} INFO - Executing <Task(TwitterOperator): get_raw_data_twitter> on 2023-12-30 00:00:00+00:00
[2024-01-05T17:40:34.474+0000] {standard_task_runner.py:60} INFO - Started process 21599 to run task
[2024-01-05T17:40:34.478+0000] {standard_task_runner.py:87} INFO - Running: ['airflow', 'tasks', 'run', 'TwitterDAG', 'get_raw_data_twitter', 'scheduled__2023-12-30T00:00:00+00:00', '--job-id', '60', '--raw', '--subdir', 'DAGS_FOLDER/twitter_dag.py', '--cfg-path', '/tmp/tmpzyl3yw0s']
[2024-01-05T17:40:34.479+0000] {standard_task_runner.py:88} INFO - Job 60: Subtask get_raw_data_twitter
[2024-01-05T17:40:34.545+0000] {task_command.py:423} INFO - Running <TaskInstance: TwitterDAG.get_raw_data_twitter scheduled__2023-12-30T00:00:00+00:00 [running]> on host airflow.vm.local
[2024-01-05T17:40:34.720+0000] {taskinstance.py:2481} INFO - Exporting env vars: AIRFLOW_CTX_DAG_OWNER='airflow' AIRFLOW_CTX_DAG_ID='TwitterDAG' AIRFLOW_CTX_TASK_ID='get_raw_data_twitter' AIRFLOW_CTX_EXECUTION_DATE='2023-12-30T00:00:00+00:00' AIRFLOW_CTX_TRY_NUMBER='1' AIRFLOW_CTX_DAG_RUN_ID='scheduled__2023-12-30T00:00:00+00:00'
[2024-01-05T17:40:34.726+0000] {base.py:83} INFO - Using connection ID 'twitter_default' for task execution.
[2024-01-05T17:40:34.727+0000] {twitter_dag.py:38} INFO - URL: https://labdados.com/2//tweets/search/recent?query=data science&tweet.fields=author_id,created_at,lang,public_metrics,source,text,withheld&expansions=author_id&user.fields=created_at,description,location,name,public_metrics,username,verified,withheld&start_time=2023-12-30T00:00:00.00Z&end_time=2023-12-31T00:00:00.00Z
[2024-01-05T17:40:35.292+0000] {taskinstance.py:1138} INFO - Marking task as SUCCESS. dag_id=TwitterDAG, task_id=get_raw_data_twitter, execution_date=20231230T000000, start_date=20240105T174034, end_date=20240105T174035
[2024-01-05T17:40:35.349+0000] {local_task_job_runner.py:234} INFO - Task exited with return code 0
[2024-01-05T17:40:35.367+0000] {taskinstance.py:3281} INFO - 1 downstream tasks scheduled from follow-on schedule check
[2024-01-05T18:01:46.888+0000] {taskinstance.py:1957} INFO - Dependencies all met for dep_context=non-requeueable deps ti=<TaskInstance: TwitterDAG.get_raw_data_twitter scheduled__2023-12-30T00:00:00+00:00 [queued]>
[2024-01-05T18:01:46.897+0000] {taskinstance.py:1957} INFO - Dependencies all met for dep_context=requeueable deps ti=<TaskInstance: TwitterDAG.get_raw_data_twitter scheduled__2023-12-30T00:00:00+00:00 [queued]>
[2024-01-05T18:01:46.898+0000] {taskinstance.py:2171} INFO - Starting attempt 1 of 1
[2024-01-05T18:01:46.993+0000] {taskinstance.py:2192} INFO - Executing <Task(TwitterOperator): get_raw_data_twitter> on 2023-12-30 00:00:00+00:00
[2024-01-05T18:01:46.999+0000] {standard_task_runner.py:60} INFO - Started process 34770 to run task
[2024-01-05T18:01:47.003+0000] {standard_task_runner.py:87} INFO - Running: ['airflow', 'tasks', 'run', 'TwitterDAG', 'get_raw_data_twitter', 'scheduled__2023-12-30T00:00:00+00:00', '--job-id', '85', '--raw', '--subdir', 'DAGS_FOLDER/twitter_dag.py', '--cfg-path', '/tmp/tmp6glz4rr5']
[2024-01-05T18:01:47.004+0000] {standard_task_runner.py:88} INFO - Job 85: Subtask get_raw_data_twitter
[2024-01-05T18:01:47.131+0000] {task_command.py:423} INFO - Running <TaskInstance: TwitterDAG.get_raw_data_twitter scheduled__2023-12-30T00:00:00+00:00 [running]> on host airflow.vm.local
[2024-01-05T18:01:47.500+0000] {taskinstance.py:2481} INFO - Exporting env vars: AIRFLOW_CTX_DAG_OWNER='airflow' AIRFLOW_CTX_DAG_ID='TwitterDAG' AIRFLOW_CTX_TASK_ID='get_raw_data_twitter' AIRFLOW_CTX_EXECUTION_DATE='2023-12-30T00:00:00+00:00' AIRFLOW_CTX_TRY_NUMBER='1' AIRFLOW_CTX_DAG_RUN_ID='scheduled__2023-12-30T00:00:00+00:00'
[2024-01-05T18:01:47.520+0000] {base.py:83} INFO - Using connection ID 'twitter_default' for task execution.
[2024-01-05T18:01:47.528+0000] {twitter_dag.py:38} INFO - URL: https://labdados.com/2//tweets/search/recent?query=data science&tweet.fields=author_id,created_at,lang,public_metrics,source,text,withheld&expansions=author_id&user.fields=created_at,description,location,name,public_metrics,username,verified,withheld&start_time=2023-12-30T00:00:00.00Z&end_time=2023-12-31T00:00:00.00Z
[2024-01-05T18:01:48.139+0000] {taskinstance.py:1138} INFO - Marking task as SUCCESS. dag_id=TwitterDAG, task_id=get_raw_data_twitter, execution_date=20231230T000000, start_date=20240105T180146, end_date=20240105T180148
[2024-01-05T18:01:48.267+0000] {local_task_job_runner.py:234} INFO - Task exited with return code 0
[2024-01-05T18:01:48.332+0000] {taskinstance.py:3281} INFO - 1 downstream tasks scheduled from follow-on schedule check
