[2024-01-05T01:26:11.877+0000] {taskinstance.py:1957} INFO - Dependencies all met for dep_context=non-requeueable deps ti=<TaskInstance: TwitterDAG.transform_twitter_datascience scheduled__2024-01-02T00:00:00+00:00 [queued]>
[2024-01-05T01:26:11.885+0000] {taskinstance.py:1957} INFO - Dependencies all met for dep_context=requeueable deps ti=<TaskInstance: TwitterDAG.transform_twitter_datascience scheduled__2024-01-02T00:00:00+00:00 [queued]>
[2024-01-05T01:26:11.897+0000] {taskinstance.py:2171} INFO - Starting attempt 1 of 1
[2024-01-05T01:26:12.032+0000] {taskinstance.py:2192} INFO - Executing <Task(SparkSubmitOperator): transform_twitter_datascience> on 2024-01-02 00:00:00+00:00
[2024-01-05T01:26:12.036+0000] {standard_task_runner.py:60} INFO - Started process 31131 to run task
[2024-01-05T01:26:12.041+0000] {standard_task_runner.py:87} INFO - Running: ['airflow', 'tasks', 'run', 'TwitterDAG', 'transform_twitter_datascience', 'scheduled__2024-01-02T00:00:00+00:00', '--job-id', '29', '--raw', '--subdir', 'DAGS_FOLDER/twitter_dag.py', '--cfg-path', '/tmp/tmpyg1vpxmk']
[2024-01-05T01:26:12.042+0000] {standard_task_runner.py:88} INFO - Job 29: Subtask transform_twitter_datascience
[2024-01-05T01:26:12.235+0000] {task_command.py:423} INFO - Running <TaskInstance: TwitterDAG.transform_twitter_datascience scheduled__2024-01-02T00:00:00+00:00 [running]> on host airflow.vm.local
[2024-01-05T01:26:12.299+0000] {taskinstance.py:2481} INFO - Exporting env vars: AIRFLOW_CTX_DAG_OWNER='airflow' AIRFLOW_CTX_DAG_ID='TwitterDAG' AIRFLOW_CTX_TASK_ID='transform_twitter_datascience' AIRFLOW_CTX_EXECUTION_DATE='2024-01-02T00:00:00+00:00' AIRFLOW_CTX_TRY_NUMBER='1' AIRFLOW_CTX_DAG_RUN_ID='scheduled__2024-01-02T00:00:00+00:00'
[2024-01-05T01:26:12.304+0000] {base.py:83} INFO - Using connection ID 'spark_default' for task execution.
[2024-01-05T01:26:12.305+0000] {spark_submit.py:366} INFO - Spark-Submit cmd: spark-submit --master local --name Twitter Transformation --queue root.default /home/eder/Desktop/Airflow/Twitter/src/spark/transformation.py --src /home/eder/Desktop/Airflow/Twitter/data/raw --dest /home/eder/Desktop/Airflow/Twitter/data/processed --process_date 2024-01-02
[2024-01-05T01:26:14.726+0000] {spark_submit.py:536} INFO - 24/01/05 01:26:14 WARN Utils: Your hostname, airflow resolves to a loopback address: 127.0.1.1; using 10.0.2.15 instead (on interface enp0s3)
[2024-01-05T01:26:14.727+0000] {spark_submit.py:536} INFO - 24/01/05 01:26:14 WARN Utils: Set SPARK_LOCAL_IP if you need to bind to another address
[2024-01-05T01:26:15.528+0000] {spark_submit.py:536} INFO - 24/01/05 01:26:15 WARN NativeCodeLoader: Unable to load native-hadoop library for your platform... using builtin-java classes where applicable
[2024-01-05T01:26:16.541+0000] {spark_submit.py:536} INFO - Using Spark's default log4j profile: org/apache/spark/log4j-defaults.properties
[2024-01-05T01:26:16.558+0000] {spark_submit.py:536} INFO - 24/01/05 01:26:16 INFO SparkContext: Running Spark version 3.1.3
[2024-01-05T01:26:16.677+0000] {spark_submit.py:536} INFO - 24/01/05 01:26:16 INFO ResourceUtils: ==============================================================
[2024-01-05T01:26:16.677+0000] {spark_submit.py:536} INFO - 24/01/05 01:26:16 INFO ResourceUtils: No custom resources configured for spark.driver.
[2024-01-05T01:26:16.678+0000] {spark_submit.py:536} INFO - 24/01/05 01:26:16 INFO ResourceUtils: ==============================================================
[2024-01-05T01:26:16.682+0000] {spark_submit.py:536} INFO - 24/01/05 01:26:16 INFO SparkContext: Submitted application: Data Transformation
[2024-01-05T01:26:16.756+0000] {spark_submit.py:536} INFO - 24/01/05 01:26:16 INFO ResourceProfile: Default ResourceProfile created, executor resources: Map(cores -> name: cores, amount: 1, script: , vendor: , memory -> name: memory, amount: 1024, script: , vendor: , offHeap -> name: offHeap, amount: 0, script: , vendor: ), task resources: Map(cpus -> name: cpus, amount: 1.0)
[2024-01-05T01:26:16.788+0000] {spark_submit.py:536} INFO - 24/01/05 01:26:16 INFO ResourceProfile: Limiting resource is cpu
[2024-01-05T01:26:16.798+0000] {spark_submit.py:536} INFO - 24/01/05 01:26:16 INFO ResourceProfileManager: Added ResourceProfile id: 0
[2024-01-05T01:26:16.941+0000] {spark_submit.py:536} INFO - 24/01/05 01:26:16 INFO SecurityManager: Changing view acls to: eder
[2024-01-05T01:26:16.942+0000] {spark_submit.py:536} INFO - 24/01/05 01:26:16 INFO SecurityManager: Changing modify acls to: eder
[2024-01-05T01:26:16.942+0000] {spark_submit.py:536} INFO - 24/01/05 01:26:16 INFO SecurityManager: Changing view acls groups to:
[2024-01-05T01:26:16.942+0000] {spark_submit.py:536} INFO - 24/01/05 01:26:16 INFO SecurityManager: Changing modify acls groups to:
[2024-01-05T01:26:16.942+0000] {spark_submit.py:536} INFO - 24/01/05 01:26:16 INFO SecurityManager: SecurityManager: authentication disabled; ui acls disabled; users  with view permissions: Set(eder); groups with view permissions: Set(); users  with modify permissions: Set(eder); groups with modify permissions: Set()
[2024-01-05T01:26:17.419+0000] {spark_submit.py:536} INFO - 24/01/05 01:26:17 INFO Utils: Successfully started service 'sparkDriver' on port 35575.
[2024-01-05T01:26:17.489+0000] {spark_submit.py:536} INFO - 24/01/05 01:26:17 INFO SparkEnv: Registering MapOutputTracker
[2024-01-05T01:26:17.576+0000] {spark_submit.py:536} INFO - 24/01/05 01:26:17 INFO SparkEnv: Registering BlockManagerMaster
[2024-01-05T01:26:17.621+0000] {spark_submit.py:536} INFO - 24/01/05 01:26:17 INFO BlockManagerMasterEndpoint: Using org.apache.spark.storage.DefaultTopologyMapper for getting topology information
[2024-01-05T01:26:17.622+0000] {spark_submit.py:536} INFO - 24/01/05 01:26:17 INFO BlockManagerMasterEndpoint: BlockManagerMasterEndpoint up
[2024-01-05T01:26:17.629+0000] {spark_submit.py:536} INFO - 24/01/05 01:26:17 INFO SparkEnv: Registering BlockManagerMasterHeartbeat
[2024-01-05T01:26:17.669+0000] {spark_submit.py:536} INFO - 24/01/05 01:26:17 INFO DiskBlockManager: Created local directory at /tmp/blockmgr-908ca6d9-a7d9-4fef-a8ba-e455b3f1f906
[2024-01-05T01:26:17.713+0000] {spark_submit.py:536} INFO - 24/01/05 01:26:17 INFO MemoryStore: MemoryStore started with capacity 366.3 MiB
[2024-01-05T01:26:17.797+0000] {spark_submit.py:536} INFO - 24/01/05 01:26:17 INFO SparkEnv: Registering OutputCommitCoordinator
[2024-01-05T01:26:18.247+0000] {spark_submit.py:536} INFO - 24/01/05 01:26:18 WARN Utils: Service 'SparkUI' could not bind on port 4040. Attempting port 4041.
[2024-01-05T01:26:18.272+0000] {spark_submit.py:536} INFO - 24/01/05 01:26:18 INFO Utils: Successfully started service 'SparkUI' on port 4041.
[2024-01-05T01:26:18.413+0000] {spark_submit.py:536} INFO - 24/01/05 01:26:18 INFO SparkUI: Bound SparkUI to 0.0.0.0, and started at http://10.0.2.15:4041
[2024-01-05T01:26:18.972+0000] {spark_submit.py:536} INFO - 24/01/05 01:26:18 INFO Executor: Starting executor ID driver on host 10.0.2.15
[2024-01-05T01:26:19.041+0000] {spark_submit.py:536} INFO - 24/01/05 01:26:19 INFO Utils: Successfully started service 'org.apache.spark.network.netty.NettyBlockTransferService' on port 43275.
[2024-01-05T01:26:19.042+0000] {spark_submit.py:536} INFO - 24/01/05 01:26:19 INFO NettyBlockTransferService: Server created on 10.0.2.15:43275
[2024-01-05T01:26:19.045+0000] {spark_submit.py:536} INFO - 24/01/05 01:26:19 INFO BlockManager: Using org.apache.spark.storage.RandomBlockReplicationPolicy for block replication policy
[2024-01-05T01:26:19.068+0000] {spark_submit.py:536} INFO - 24/01/05 01:26:19 INFO BlockManagerMaster: Registering BlockManager BlockManagerId(driver, 10.0.2.15, 43275, None)
[2024-01-05T01:26:19.078+0000] {spark_submit.py:536} INFO - 24/01/05 01:26:19 INFO BlockManagerMasterEndpoint: Registering block manager 10.0.2.15:43275 with 366.3 MiB RAM, BlockManagerId(driver, 10.0.2.15, 43275, None)
[2024-01-05T01:26:19.085+0000] {spark_submit.py:536} INFO - 24/01/05 01:26:19 INFO BlockManagerMaster: Registered BlockManager BlockManagerId(driver, 10.0.2.15, 43275, None)
[2024-01-05T01:26:19.090+0000] {spark_submit.py:536} INFO - 24/01/05 01:26:19 INFO BlockManager: Initialized BlockManager: BlockManagerId(driver, 10.0.2.15, 43275, None)
[2024-01-05T01:26:20.215+0000] {spark_submit.py:536} INFO - 24/01/05 01:26:20 INFO SharedState: Setting hive.metastore.warehouse.dir ('null') to the value of spark.sql.warehouse.dir ('file:/home/eder/Desktop/Airflow/Twitter/spark-warehouse').
[2024-01-05T01:26:20.216+0000] {spark_submit.py:536} INFO - 24/01/05 01:26:20 INFO SharedState: Warehouse path is 'file:/home/eder/Desktop/Airflow/Twitter/spark-warehouse'.
[2024-01-05T01:26:21.491+0000] {spark_submit.py:536} INFO - 24/01/05 01:26:21 INFO InMemoryFileIndex: It took 74 ms to list leaf files for 1 paths.
[2024-01-05T01:26:21.661+0000] {spark_submit.py:536} INFO - 24/01/05 01:26:21 INFO InMemoryFileIndex: It took 22 ms to list leaf files for 8 paths.
[2024-01-05T01:26:25.236+0000] {spark_submit.py:536} INFO - 24/01/05 01:26:25 INFO FileSourceStrategy: Pushed Filters:
[2024-01-05T01:26:25.241+0000] {spark_submit.py:536} INFO - 24/01/05 01:26:25 INFO FileSourceStrategy: Post-Scan Filters:
[2024-01-05T01:26:25.249+0000] {spark_submit.py:536} INFO - 24/01/05 01:26:25 INFO FileSourceStrategy: Output Data Schema: struct<value: string>
[2024-01-05T01:26:25.952+0000] {spark_submit.py:536} INFO - 24/01/05 01:26:25 INFO MemoryStore: Block broadcast_0 stored as values in memory (estimated size 303.1 KiB, free 366.0 MiB)
[2024-01-05T01:26:26.083+0000] {spark_submit.py:536} INFO - 24/01/05 01:26:26 INFO MemoryStore: Block broadcast_0_piece0 stored as bytes in memory (estimated size 27.4 KiB, free 366.0 MiB)
[2024-01-05T01:26:26.088+0000] {spark_submit.py:536} INFO - 24/01/05 01:26:26 INFO BlockManagerInfo: Added broadcast_0_piece0 in memory on 10.0.2.15:43275 (size: 27.4 KiB, free: 366.3 MiB)
[2024-01-05T01:26:26.104+0000] {spark_submit.py:536} INFO - 24/01/05 01:26:26 INFO SparkContext: Created broadcast 0 from json at NativeMethodAccessorImpl.java:0
[2024-01-05T01:26:26.125+0000] {spark_submit.py:536} INFO - 24/01/05 01:26:26 INFO FileSourceScanExec: Planning scan with bin packing, max size: 29432665 bytes, open cost is considered as scanning 4194304 bytes.
[2024-01-05T01:26:26.485+0000] {spark_submit.py:536} INFO - 24/01/05 01:26:26 INFO SparkContext: Starting job: json at NativeMethodAccessorImpl.java:0
[2024-01-05T01:26:26.529+0000] {spark_submit.py:536} INFO - 24/01/05 01:26:26 INFO DAGScheduler: Got job 0 (json at NativeMethodAccessorImpl.java:0) with 1 output partitions
[2024-01-05T01:26:26.531+0000] {spark_submit.py:536} INFO - 24/01/05 01:26:26 INFO DAGScheduler: Final stage: ResultStage 0 (json at NativeMethodAccessorImpl.java:0)
[2024-01-05T01:26:26.532+0000] {spark_submit.py:536} INFO - 24/01/05 01:26:26 INFO DAGScheduler: Parents of final stage: List()
[2024-01-05T01:26:26.535+0000] {spark_submit.py:536} INFO - 24/01/05 01:26:26 INFO DAGScheduler: Missing parents: List()
[2024-01-05T01:26:26.548+0000] {spark_submit.py:536} INFO - 24/01/05 01:26:26 INFO DAGScheduler: Submitting ResultStage 0 (MapPartitionsRDD[3] at json at NativeMethodAccessorImpl.java:0), which has no missing parents
[2024-01-05T01:26:26.765+0000] {spark_submit.py:536} INFO - 24/01/05 01:26:26 INFO MemoryStore: Block broadcast_1 stored as values in memory (estimated size 12.0 KiB, free 366.0 MiB)
[2024-01-05T01:26:26.770+0000] {spark_submit.py:536} INFO - 24/01/05 01:26:26 INFO MemoryStore: Block broadcast_1_piece0 stored as bytes in memory (estimated size 6.3 KiB, free 366.0 MiB)
[2024-01-05T01:26:26.771+0000] {spark_submit.py:536} INFO - 24/01/05 01:26:26 INFO BlockManagerInfo: Added broadcast_1_piece0 in memory on 10.0.2.15:43275 (size: 6.3 KiB, free: 366.3 MiB)
[2024-01-05T01:26:26.772+0000] {spark_submit.py:536} INFO - 24/01/05 01:26:26 INFO SparkContext: Created broadcast 1 from broadcast at DAGScheduler.scala:1433
[2024-01-05T01:26:26.794+0000] {spark_submit.py:536} INFO - 24/01/05 01:26:26 INFO DAGScheduler: Submitting 1 missing tasks from ResultStage 0 (MapPartitionsRDD[3] at json at NativeMethodAccessorImpl.java:0) (first 15 tasks are for partitions Vector(0))
[2024-01-05T01:26:26.800+0000] {spark_submit.py:536} INFO - 24/01/05 01:26:26 INFO TaskSchedulerImpl: Adding task set 0.0 with 1 tasks resource profile 0
[2024-01-05T01:26:26.944+0000] {spark_submit.py:536} INFO - 24/01/05 01:26:26 INFO TaskSetManager: Starting task 0.0 in stage 0.0 (TID 0) (10.0.2.15, executor driver, partition 0, PROCESS_LOCAL, 5467 bytes) taskResourceAssignments Map()
[2024-01-05T01:26:26.993+0000] {spark_submit.py:536} INFO - 24/01/05 01:26:26 INFO Executor: Running task 0.0 in stage 0.0 (TID 0)
[2024-01-05T01:26:27.504+0000] {spark_submit.py:536} INFO - 24/01/05 01:26:27 INFO FileScanRDD: Reading File path: file:///home/eder/Desktop/Airflow/Twitter/data/raw/2024-01-04.json, range: 0-22633, partition values: [empty row]
[2024-01-05T01:26:28.170+0000] {spark_submit.py:536} INFO - 24/01/05 01:26:28 INFO CodeGenerator: Code generated in 443.631775 ms
[2024-01-05T01:26:28.253+0000] {spark_submit.py:536} INFO - 24/01/05 01:26:28 INFO FileScanRDD: Reading File path: file:///home/eder/Desktop/Airflow/Twitter/data/raw/2024-01-01.json, range: 0-13790, partition values: [empty row]
[2024-01-05T01:26:28.260+0000] {spark_submit.py:536} INFO - 24/01/05 01:26:28 INFO FileScanRDD: Reading File path: file:///home/eder/Desktop/Airflow/Twitter/data/raw/2023-12-29.json, range: 0-13651, partition values: [empty row]
[2024-01-05T01:26:28.264+0000] {spark_submit.py:536} INFO - 24/01/05 01:26:28 INFO FileScanRDD: Reading File path: file:///home/eder/Desktop/Airflow/Twitter/data/raw/2024-01-02.json, range: 0-8958, partition values: [empty row]
[2024-01-05T01:26:28.268+0000] {spark_submit.py:536} INFO - 24/01/05 01:26:28 INFO FileScanRDD: Reading File path: file:///home/eder/Desktop/Airflow/Twitter/data/raw/2024-01-03.json, range: 0-4512, partition values: [empty row]
[2024-01-05T01:26:28.271+0000] {spark_submit.py:536} INFO - 24/01/05 01:26:28 INFO FileScanRDD: Reading File path: file:///home/eder/Desktop/Airflow/Twitter/data/raw/2023-12-31.json, range: 0-4502, partition values: [empty row]
[2024-01-05T01:26:28.273+0000] {spark_submit.py:536} INFO - 24/01/05 01:26:28 INFO FileScanRDD: Reading File path: file:///home/eder/Desktop/Airflow/Twitter/data/raw/2023-12-30.json, range: 0-4491, partition values: [empty row]
[2024-01-05T01:26:28.309+0000] {spark_submit.py:536} INFO - 24/01/05 01:26:28 INFO Executor: Finished task 0.0 in stage 0.0 (TID 0). 2841 bytes result sent to driver
[2024-01-05T01:26:28.555+0000] {spark_submit.py:536} INFO - 24/01/05 01:26:28 INFO TaskSetManager: Finished task 0.0 in stage 0.0 (TID 0) in 1418 ms on 10.0.2.15 (executor driver) (1/1)
[2024-01-05T01:26:28.560+0000] {spark_submit.py:536} INFO - 24/01/05 01:26:28 INFO TaskSchedulerImpl: Removed TaskSet 0.0, whose tasks have all completed, from pool
[2024-01-05T01:26:28.578+0000] {spark_submit.py:536} INFO - 24/01/05 01:26:28 INFO DAGScheduler: ResultStage 0 (json at NativeMethodAccessorImpl.java:0) finished in 1.984 s
[2024-01-05T01:26:28.590+0000] {spark_submit.py:536} INFO - 24/01/05 01:26:28 INFO DAGScheduler: Job 0 is finished. Cancelling potential speculative or zombie tasks for this job
[2024-01-05T01:26:28.590+0000] {spark_submit.py:536} INFO - 24/01/05 01:26:28 INFO TaskSchedulerImpl: Killing all running tasks in stage 0: Stage finished
[2024-01-05T01:26:28.640+0000] {spark_submit.py:536} INFO - 24/01/05 01:26:28 INFO DAGScheduler: Job 0 finished: json at NativeMethodAccessorImpl.java:0, took 2.121429 s
[2024-01-05T01:26:29.383+0000] {spark_submit.py:536} INFO - 24/01/05 01:26:29 INFO FileSourceStrategy: Pushed Filters: IsNotNull(data)
[2024-01-05T01:26:29.387+0000] {spark_submit.py:536} INFO - 24/01/05 01:26:29 INFO FileSourceStrategy: Post-Scan Filters: (size(data#7, true) > 0),isnotnull(data#7)
[2024-01-05T01:26:29.392+0000] {spark_submit.py:536} INFO - 24/01/05 01:26:29 INFO FileSourceStrategy: Output Data Schema: struct<data: array<struct<author_id:string,conversation_id:string,created_at:string,edit_history_tweet_ids:array<bigint>,id:string,in_reply_to_user_id:string,lang:string,public_metrics:struct<like_count:bigint,quote_count:bigint,reply_count:bigint,retweet_count:bigint>,text:string>>>
[2024-01-05T01:26:29.550+0000] {spark_submit.py:536} INFO - 24/01/05 01:26:29 INFO FileOutputCommitter: File Output Committer Algorithm version is 1
[2024-01-05T01:26:29.561+0000] {spark_submit.py:536} INFO - 24/01/05 01:26:29 INFO FileOutputCommitter: FileOutputCommitter skip cleanup _temporary folders under output directory:false, ignore cleanup failures: false
[2024-01-05T01:26:29.564+0000] {spark_submit.py:536} INFO - 24/01/05 01:26:29 INFO SQLHadoopMapReduceCommitProtocol: Using output committer class org.apache.hadoop.mapreduce.lib.output.FileOutputCommitter
[2024-01-05T01:26:29.875+0000] {spark_submit.py:536} INFO - 24/01/05 01:26:29 INFO CodeGenerator: Code generated in 109.961257 ms
[2024-01-05T01:26:29.955+0000] {spark_submit.py:536} INFO - 24/01/05 01:26:29 INFO CodeGenerator: Code generated in 54.349547 ms
[2024-01-05T01:26:29.964+0000] {spark_submit.py:536} INFO - 24/01/05 01:26:29 INFO MemoryStore: Block broadcast_2 stored as values in memory (estimated size 303.0 KiB, free 365.7 MiB)
[2024-01-05T01:26:29.983+0000] {spark_submit.py:536} INFO - 24/01/05 01:26:29 INFO MemoryStore: Block broadcast_2_piece0 stored as bytes in memory (estimated size 27.5 KiB, free 365.6 MiB)
[2024-01-05T01:26:29.992+0000] {spark_submit.py:536} INFO - 24/01/05 01:26:29 INFO BlockManagerInfo: Added broadcast_2_piece0 in memory on 10.0.2.15:43275 (size: 27.5 KiB, free: 366.2 MiB)
[2024-01-05T01:26:29.993+0000] {spark_submit.py:536} INFO - 24/01/05 01:26:29 INFO SparkContext: Created broadcast 2 from json at NativeMethodAccessorImpl.java:0
[2024-01-05T01:26:29.994+0000] {spark_submit.py:536} INFO - 24/01/05 01:26:29 INFO FileSourceScanExec: Planning scan with bin packing, max size: 29432665 bytes, open cost is considered as scanning 4194304 bytes.
[2024-01-05T01:26:30.150+0000] {spark_submit.py:536} INFO - 24/01/05 01:26:30 INFO SparkContext: Starting job: json at NativeMethodAccessorImpl.java:0
[2024-01-05T01:26:30.152+0000] {spark_submit.py:536} INFO - 24/01/05 01:26:30 INFO DAGScheduler: Got job 1 (json at NativeMethodAccessorImpl.java:0) with 1 output partitions
[2024-01-05T01:26:30.152+0000] {spark_submit.py:536} INFO - 24/01/05 01:26:30 INFO DAGScheduler: Final stage: ResultStage 1 (json at NativeMethodAccessorImpl.java:0)
[2024-01-05T01:26:30.152+0000] {spark_submit.py:536} INFO - 24/01/05 01:26:30 INFO DAGScheduler: Parents of final stage: List()
[2024-01-05T01:26:30.152+0000] {spark_submit.py:536} INFO - 24/01/05 01:26:30 INFO DAGScheduler: Missing parents: List()
[2024-01-05T01:26:30.191+0000] {spark_submit.py:536} INFO - 24/01/05 01:26:30 INFO DAGScheduler: Submitting ResultStage 1 (CoalescedRDD[9] at json at NativeMethodAccessorImpl.java:0), which has no missing parents
[2024-01-05T01:26:30.344+0000] {spark_submit.py:536} INFO - 24/01/05 01:26:30 INFO MemoryStore: Block broadcast_3 stored as values in memory (estimated size 189.7 KiB, free 365.5 MiB)
[2024-01-05T01:26:30.346+0000] {spark_submit.py:536} INFO - 24/01/05 01:26:30 INFO MemoryStore: Block broadcast_3_piece0 stored as bytes in memory (estimated size 66.4 KiB, free 365.4 MiB)
[2024-01-05T01:26:30.347+0000] {spark_submit.py:536} INFO - 24/01/05 01:26:30 INFO BlockManagerInfo: Added broadcast_3_piece0 in memory on 10.0.2.15:43275 (size: 66.4 KiB, free: 366.2 MiB)
[2024-01-05T01:26:30.348+0000] {spark_submit.py:536} INFO - 24/01/05 01:26:30 INFO SparkContext: Created broadcast 3 from broadcast at DAGScheduler.scala:1433
[2024-01-05T01:26:30.349+0000] {spark_submit.py:536} INFO - 24/01/05 01:26:30 INFO DAGScheduler: Submitting 1 missing tasks from ResultStage 1 (CoalescedRDD[9] at json at NativeMethodAccessorImpl.java:0) (first 15 tasks are for partitions Vector(0))
[2024-01-05T01:26:30.349+0000] {spark_submit.py:536} INFO - 24/01/05 01:26:30 INFO TaskSchedulerImpl: Adding task set 1.0 with 1 tasks resource profile 0
[2024-01-05T01:26:30.358+0000] {spark_submit.py:536} INFO - 24/01/05 01:26:30 INFO TaskSetManager: Starting task 0.0 in stage 1.0 (TID 1) (10.0.2.15, executor driver, partition 0, PROCESS_LOCAL, 5696 bytes) taskResourceAssignments Map()
[2024-01-05T01:26:30.366+0000] {spark_submit.py:536} INFO - 24/01/05 01:26:30 INFO Executor: Running task 0.0 in stage 1.0 (TID 1)
[2024-01-05T01:26:30.467+0000] {spark_submit.py:536} INFO - 24/01/05 01:26:30 INFO FileOutputCommitter: File Output Committer Algorithm version is 1
[2024-01-05T01:26:30.467+0000] {spark_submit.py:536} INFO - 24/01/05 01:26:30 INFO FileOutputCommitter: FileOutputCommitter skip cleanup _temporary folders under output directory:false, ignore cleanup failures: false
[2024-01-05T01:26:30.468+0000] {spark_submit.py:536} INFO - 24/01/05 01:26:30 INFO SQLHadoopMapReduceCommitProtocol: Using output committer class org.apache.hadoop.mapreduce.lib.output.FileOutputCommitter
[2024-01-05T01:26:30.819+0000] {spark_submit.py:536} INFO - 24/01/05 01:26:30 INFO CodeGenerator: Code generated in 34.665898 ms
[2024-01-05T01:26:30.827+0000] {spark_submit.py:536} INFO - 24/01/05 01:26:30 INFO FileScanRDD: Reading File path: file:///home/eder/Desktop/Airflow/Twitter/data/raw/2024-01-04.json, range: 0-22633, partition values: [empty row]
[2024-01-05T01:26:30.861+0000] {spark_submit.py:536} INFO - 24/01/05 01:26:30 INFO CodeGenerator: Code generated in 30.824095 ms
[2024-01-05T01:26:30.911+0000] {spark_submit.py:536} INFO - 24/01/05 01:26:30 INFO CodeGenerator: Code generated in 14.760992 ms
[2024-01-05T01:26:30.968+0000] {spark_submit.py:536} INFO - 24/01/05 01:26:30 INFO FileScanRDD: Reading File path: file:///home/eder/Desktop/Airflow/Twitter/data/raw/2024-01-01.json, range: 0-13790, partition values: [empty row]
[2024-01-05T01:26:30.981+0000] {spark_submit.py:536} INFO - 24/01/05 01:26:30 INFO FileScanRDD: Reading File path: file:///home/eder/Desktop/Airflow/Twitter/data/raw/2023-12-29.json, range: 0-13651, partition values: [empty row]
[2024-01-05T01:26:30.989+0000] {spark_submit.py:536} INFO - 24/01/05 01:26:30 INFO FileScanRDD: Reading File path: file:///home/eder/Desktop/Airflow/Twitter/data/raw/2024-01-02.json, range: 0-8958, partition values: [empty row]
[2024-01-05T01:26:30.996+0000] {spark_submit.py:536} INFO - 24/01/05 01:26:30 INFO FileScanRDD: Reading File path: file:///home/eder/Desktop/Airflow/Twitter/data/raw/2024-01-03.json, range: 0-4512, partition values: [empty row]
[2024-01-05T01:26:31.003+0000] {spark_submit.py:536} INFO - 24/01/05 01:26:31 INFO FileScanRDD: Reading File path: file:///home/eder/Desktop/Airflow/Twitter/data/raw/2023-12-31.json, range: 0-4502, partition values: [empty row]
[2024-01-05T01:26:31.009+0000] {spark_submit.py:536} INFO - 24/01/05 01:26:31 INFO FileScanRDD: Reading File path: file:///home/eder/Desktop/Airflow/Twitter/data/raw/2023-12-30.json, range: 0-4491, partition values: [empty row]
[2024-01-05T01:26:31.032+0000] {spark_submit.py:536} INFO - 24/01/05 01:26:31 INFO FileOutputCommitter: Saved output of task 'attempt_202401050126308309660337490282354_0001_m_000000_1' to file:/home/eder/Desktop/Airflow/Twitter/data/processed/tweets/2024-01-02/_temporary/0/task_202401050126308309660337490282354_0001_m_000000
[2024-01-05T01:26:31.040+0000] {spark_submit.py:536} INFO - 24/01/05 01:26:31 INFO SparkHadoopMapRedUtil: attempt_202401050126308309660337490282354_0001_m_000000_1: Committed
[2024-01-05T01:26:31.045+0000] {spark_submit.py:536} INFO - 24/01/05 01:26:31 INFO Executor: Finished task 0.0 in stage 1.0 (TID 1). 2901 bytes result sent to driver
[2024-01-05T01:26:31.050+0000] {spark_submit.py:536} INFO - 24/01/05 01:26:31 INFO TaskSetManager: Finished task 0.0 in stage 1.0 (TID 1) in 696 ms on 10.0.2.15 (executor driver) (1/1)
[2024-01-05T01:26:31.051+0000] {spark_submit.py:536} INFO - 24/01/05 01:26:31 INFO TaskSchedulerImpl: Removed TaskSet 1.0, whose tasks have all completed, from pool
[2024-01-05T01:26:31.051+0000] {spark_submit.py:536} INFO - 24/01/05 01:26:31 INFO DAGScheduler: ResultStage 1 (json at NativeMethodAccessorImpl.java:0) finished in 0.859 s
[2024-01-05T01:26:31.051+0000] {spark_submit.py:536} INFO - 24/01/05 01:26:31 INFO DAGScheduler: Job 1 is finished. Cancelling potential speculative or zombie tasks for this job
[2024-01-05T01:26:31.052+0000] {spark_submit.py:536} INFO - 24/01/05 01:26:31 INFO TaskSchedulerImpl: Killing all running tasks in stage 1: Stage finished
[2024-01-05T01:26:31.053+0000] {spark_submit.py:536} INFO - 24/01/05 01:26:31 INFO DAGScheduler: Job 1 finished: json at NativeMethodAccessorImpl.java:0, took 0.903660 s
[2024-01-05T01:26:31.084+0000] {spark_submit.py:536} INFO - 24/01/05 01:26:31 INFO FileFormatWriter: Write Job 2188c63b-00c6-4da5-85d4-7f62703639d7 committed.
[2024-01-05T01:26:31.093+0000] {spark_submit.py:536} INFO - 24/01/05 01:26:31 INFO FileFormatWriter: Finished processing stats for write job 2188c63b-00c6-4da5-85d4-7f62703639d7.
[2024-01-05T01:26:31.169+0000] {spark_submit.py:536} INFO - 24/01/05 01:26:31 INFO FileSourceStrategy: Pushed Filters:
[2024-01-05T01:26:31.169+0000] {spark_submit.py:536} INFO - 24/01/05 01:26:31 INFO FileSourceStrategy: Post-Scan Filters:
[2024-01-05T01:26:31.170+0000] {spark_submit.py:536} INFO - 24/01/05 01:26:31 INFO FileSourceStrategy: Output Data Schema: struct<includes: struct<users: array<struct<created_at:string,id:string,name:string,username:string>>>>
[2024-01-05T01:26:31.178+0000] {spark_submit.py:536} INFO - 24/01/05 01:26:31 INFO FileOutputCommitter: File Output Committer Algorithm version is 1
[2024-01-05T01:26:31.178+0000] {spark_submit.py:536} INFO - 24/01/05 01:26:31 INFO FileOutputCommitter: FileOutputCommitter skip cleanup _temporary folders under output directory:false, ignore cleanup failures: false
[2024-01-05T01:26:31.179+0000] {spark_submit.py:536} INFO - 24/01/05 01:26:31 INFO SQLHadoopMapReduceCommitProtocol: Using output committer class org.apache.hadoop.mapreduce.lib.output.FileOutputCommitter
[2024-01-05T01:26:31.467+0000] {spark_submit.py:536} INFO - 24/01/05 01:26:31 INFO CodeGenerator: Code generated in 63.265985 ms
[2024-01-05T01:26:31.476+0000] {spark_submit.py:536} INFO - 24/01/05 01:26:31 INFO MemoryStore: Block broadcast_4 stored as values in memory (estimated size 303.0 KiB, free 365.1 MiB)
[2024-01-05T01:26:31.480+0000] {spark_submit.py:536} INFO - 24/01/05 01:26:31 INFO MemoryStore: Block broadcast_4_piece0 stored as bytes in memory (estimated size 27.5 KiB, free 365.1 MiB)
[2024-01-05T01:26:31.482+0000] {spark_submit.py:536} INFO - 24/01/05 01:26:31 INFO BlockManagerInfo: Added broadcast_4_piece0 in memory on 10.0.2.15:43275 (size: 27.5 KiB, free: 366.1 MiB)
[2024-01-05T01:26:31.493+0000] {spark_submit.py:536} INFO - 24/01/05 01:26:31 INFO SparkContext: Created broadcast 4 from json at NativeMethodAccessorImpl.java:0
[2024-01-05T01:26:31.493+0000] {spark_submit.py:536} INFO - 24/01/05 01:26:31 INFO FileSourceScanExec: Planning scan with bin packing, max size: 29432665 bytes, open cost is considered as scanning 4194304 bytes.
[2024-01-05T01:26:31.532+0000] {spark_submit.py:536} INFO - 24/01/05 01:26:31 INFO SparkContext: Starting job: json at NativeMethodAccessorImpl.java:0
[2024-01-05T01:26:31.533+0000] {spark_submit.py:536} INFO - 24/01/05 01:26:31 INFO DAGScheduler: Got job 2 (json at NativeMethodAccessorImpl.java:0) with 1 output partitions
[2024-01-05T01:26:31.534+0000] {spark_submit.py:536} INFO - 24/01/05 01:26:31 INFO DAGScheduler: Final stage: ResultStage 2 (json at NativeMethodAccessorImpl.java:0)
[2024-01-05T01:26:31.534+0000] {spark_submit.py:536} INFO - 24/01/05 01:26:31 INFO DAGScheduler: Parents of final stage: List()
[2024-01-05T01:26:31.534+0000] {spark_submit.py:536} INFO - 24/01/05 01:26:31 INFO DAGScheduler: Missing parents: List()
[2024-01-05T01:26:31.535+0000] {spark_submit.py:536} INFO - 24/01/05 01:26:31 INFO DAGScheduler: Submitting ResultStage 2 (CoalescedRDD[16] at json at NativeMethodAccessorImpl.java:0), which has no missing parents
[2024-01-05T01:26:31.600+0000] {spark_submit.py:536} INFO - 24/01/05 01:26:31 INFO MemoryStore: Block broadcast_5 stored as values in memory (estimated size 178.0 KiB, free 364.9 MiB)
[2024-01-05T01:26:31.606+0000] {spark_submit.py:536} INFO - 24/01/05 01:26:31 INFO MemoryStore: Block broadcast_5_piece0 stored as bytes in memory (estimated size 63.7 KiB, free 364.8 MiB)
[2024-01-05T01:26:31.612+0000] {spark_submit.py:536} INFO - 24/01/05 01:26:31 INFO BlockManagerInfo: Added broadcast_5_piece0 in memory on 10.0.2.15:43275 (size: 63.7 KiB, free: 366.1 MiB)
[2024-01-05T01:26:31.613+0000] {spark_submit.py:536} INFO - 24/01/05 01:26:31 INFO SparkContext: Created broadcast 5 from broadcast at DAGScheduler.scala:1433
[2024-01-05T01:26:31.616+0000] {spark_submit.py:536} INFO - 24/01/05 01:26:31 INFO DAGScheduler: Submitting 1 missing tasks from ResultStage 2 (CoalescedRDD[16] at json at NativeMethodAccessorImpl.java:0) (first 15 tasks are for partitions Vector(0))
[2024-01-05T01:26:31.616+0000] {spark_submit.py:536} INFO - 24/01/05 01:26:31 INFO TaskSchedulerImpl: Adding task set 2.0 with 1 tasks resource profile 0
[2024-01-05T01:26:31.617+0000] {spark_submit.py:536} INFO - 24/01/05 01:26:31 INFO TaskSetManager: Starting task 0.0 in stage 2.0 (TID 2) (10.0.2.15, executor driver, partition 0, PROCESS_LOCAL, 5696 bytes) taskResourceAssignments Map()
[2024-01-05T01:26:31.623+0000] {spark_submit.py:536} INFO - 24/01/05 01:26:31 INFO Executor: Running task 0.0 in stage 2.0 (TID 2)
[2024-01-05T01:26:31.645+0000] {spark_submit.py:536} INFO - 24/01/05 01:26:31 INFO FileOutputCommitter: File Output Committer Algorithm version is 1
[2024-01-05T01:26:31.655+0000] {spark_submit.py:536} INFO - 24/01/05 01:26:31 INFO FileOutputCommitter: FileOutputCommitter skip cleanup _temporary folders under output directory:false, ignore cleanup failures: false
[2024-01-05T01:26:31.656+0000] {spark_submit.py:536} INFO - 24/01/05 01:26:31 INFO SQLHadoopMapReduceCommitProtocol: Using output committer class org.apache.hadoop.mapreduce.lib.output.FileOutputCommitter
[2024-01-05T01:26:31.888+0000] {spark_submit.py:536} INFO - 24/01/05 01:26:31 INFO CodeGenerator: Code generated in 34.435425 ms
[2024-01-05T01:26:31.910+0000] {spark_submit.py:536} INFO - 24/01/05 01:26:31 INFO FileScanRDD: Reading File path: file:///home/eder/Desktop/Airflow/Twitter/data/raw/2024-01-04.json, range: 0-22633, partition values: [empty row]
[2024-01-05T01:26:31.953+0000] {spark_submit.py:536} INFO - 24/01/05 01:26:31 INFO CodeGenerator: Code generated in 35.328269 ms
[2024-01-05T01:26:31.966+0000] {spark_submit.py:536} INFO - 24/01/05 01:26:31 INFO FileScanRDD: Reading File path: file:///home/eder/Desktop/Airflow/Twitter/data/raw/2024-01-01.json, range: 0-13790, partition values: [empty row]
[2024-01-05T01:26:31.988+0000] {spark_submit.py:536} INFO - 24/01/05 01:26:31 INFO FileScanRDD: Reading File path: file:///home/eder/Desktop/Airflow/Twitter/data/raw/2023-12-29.json, range: 0-13651, partition values: [empty row]
[2024-01-05T01:26:32.006+0000] {spark_submit.py:536} INFO - 24/01/05 01:26:32 INFO FileScanRDD: Reading File path: file:///home/eder/Desktop/Airflow/Twitter/data/raw/2024-01-02.json, range: 0-8958, partition values: [empty row]
[2024-01-05T01:26:32.018+0000] {spark_submit.py:536} INFO - 24/01/05 01:26:32 INFO FileScanRDD: Reading File path: file:///home/eder/Desktop/Airflow/Twitter/data/raw/2024-01-03.json, range: 0-4512, partition values: [empty row]
[2024-01-05T01:26:32.021+0000] {spark_submit.py:536} INFO - 24/01/05 01:26:32 INFO FileScanRDD: Reading File path: file:///home/eder/Desktop/Airflow/Twitter/data/raw/2023-12-31.json, range: 0-4502, partition values: [empty row]
[2024-01-05T01:26:32.031+0000] {spark_submit.py:536} INFO - 24/01/05 01:26:32 INFO FileScanRDD: Reading File path: file:///home/eder/Desktop/Airflow/Twitter/data/raw/2023-12-30.json, range: 0-4491, partition values: [empty row]
[2024-01-05T01:26:32.048+0000] {spark_submit.py:536} INFO - 24/01/05 01:26:32 INFO FileOutputCommitter: Saved output of task 'attempt_202401050126318045983343090404086_0002_m_000000_2' to file:/home/eder/Desktop/Airflow/Twitter/data/processed/users/2024-01-02/_temporary/0/task_202401050126318045983343090404086_0002_m_000000
[2024-01-05T01:26:32.048+0000] {spark_submit.py:536} INFO - 24/01/05 01:26:32 INFO SparkHadoopMapRedUtil: attempt_202401050126318045983343090404086_0002_m_000000_2: Committed
[2024-01-05T01:26:32.049+0000] {spark_submit.py:536} INFO - 24/01/05 01:26:32 INFO Executor: Finished task 0.0 in stage 2.0 (TID 2). 2734 bytes result sent to driver
[2024-01-05T01:26:32.053+0000] {spark_submit.py:536} INFO - 24/01/05 01:26:32 INFO TaskSetManager: Finished task 0.0 in stage 2.0 (TID 2) in 437 ms on 10.0.2.15 (executor driver) (1/1)
[2024-01-05T01:26:32.054+0000] {spark_submit.py:536} INFO - 24/01/05 01:26:32 INFO TaskSchedulerImpl: Removed TaskSet 2.0, whose tasks have all completed, from pool
[2024-01-05T01:26:32.058+0000] {spark_submit.py:536} INFO - 24/01/05 01:26:32 INFO DAGScheduler: ResultStage 2 (json at NativeMethodAccessorImpl.java:0) finished in 0.520 s
[2024-01-05T01:26:32.059+0000] {spark_submit.py:536} INFO - 24/01/05 01:26:32 INFO DAGScheduler: Job 2 is finished. Cancelling potential speculative or zombie tasks for this job
[2024-01-05T01:26:32.065+0000] {spark_submit.py:536} INFO - 24/01/05 01:26:32 INFO TaskSchedulerImpl: Killing all running tasks in stage 2: Stage finished
[2024-01-05T01:26:32.066+0000] {spark_submit.py:536} INFO - 24/01/05 01:26:32 INFO DAGScheduler: Job 2 finished: json at NativeMethodAccessorImpl.java:0, took 0.525284 s
[2024-01-05T01:26:32.121+0000] {spark_submit.py:536} INFO - 24/01/05 01:26:32 INFO FileFormatWriter: Write Job 5b7d1917-cdd3-4368-8408-7d8c341fdffb committed.
[2024-01-05T01:26:32.125+0000] {spark_submit.py:536} INFO - 24/01/05 01:26:32 INFO FileFormatWriter: Finished processing stats for write job 5b7d1917-cdd3-4368-8408-7d8c341fdffb.
[2024-01-05T01:26:32.205+0000] {spark_submit.py:536} INFO - 24/01/05 01:26:32 INFO SparkContext: Invoking stop() from shutdown hook
[2024-01-05T01:26:32.228+0000] {spark_submit.py:536} INFO - 24/01/05 01:26:32 INFO SparkUI: Stopped Spark web UI at http://10.0.2.15:4041
[2024-01-05T01:26:32.370+0000] {spark_submit.py:536} INFO - 24/01/05 01:26:32 INFO MapOutputTrackerMasterEndpoint: MapOutputTrackerMasterEndpoint stopped!
[2024-01-05T01:26:32.453+0000] {spark_submit.py:536} INFO - 24/01/05 01:26:32 INFO MemoryStore: MemoryStore cleared
[2024-01-05T01:26:32.461+0000] {spark_submit.py:536} INFO - 24/01/05 01:26:32 INFO BlockManager: BlockManager stopped
[2024-01-05T01:26:32.488+0000] {spark_submit.py:536} INFO - 24/01/05 01:26:32 INFO BlockManagerMaster: BlockManagerMaster stopped
[2024-01-05T01:26:32.496+0000] {spark_submit.py:536} INFO - 24/01/05 01:26:32 INFO OutputCommitCoordinator$OutputCommitCoordinatorEndpoint: OutputCommitCoordinator stopped!
[2024-01-05T01:26:32.512+0000] {spark_submit.py:536} INFO - 24/01/05 01:26:32 INFO SparkContext: Successfully stopped SparkContext
[2024-01-05T01:26:32.513+0000] {spark_submit.py:536} INFO - 24/01/05 01:26:32 INFO ShutdownHookManager: Shutdown hook called
[2024-01-05T01:26:32.515+0000] {spark_submit.py:536} INFO - 24/01/05 01:26:32 INFO ShutdownHookManager: Deleting directory /tmp/spark-12761f3d-7233-4dbe-8f71-f80df58b238c
[2024-01-05T01:26:32.526+0000] {spark_submit.py:536} INFO - 24/01/05 01:26:32 INFO ShutdownHookManager: Deleting directory /tmp/spark-a186bdac-e768-43f7-af14-3c4f6ece1c98
[2024-01-05T01:26:32.532+0000] {spark_submit.py:536} INFO - 24/01/05 01:26:32 INFO ShutdownHookManager: Deleting directory /tmp/spark-12761f3d-7233-4dbe-8f71-f80df58b238c/pyspark-dcfe6ee4-1cf5-4d2c-b2a3-659f43ad6584
[2024-01-05T01:26:32.672+0000] {taskinstance.py:1138} INFO - Marking task as SUCCESS. dag_id=TwitterDAG, task_id=transform_twitter_datascience, execution_date=20240102T000000, start_date=20240105T012611, end_date=20240105T012632
[2024-01-05T01:26:32.749+0000] {local_task_job_runner.py:234} INFO - Task exited with return code 0
[2024-01-05T01:26:32.760+0000] {taskinstance.py:3281} INFO - 0 downstream tasks scheduled from follow-on schedule check
