[2024-01-05T16:50:32.578+0000] {taskinstance.py:1957} INFO - Dependencies all met for dep_context=non-requeueable deps ti=<TaskInstance: TwitterDAG.transform_twitter_data scheduled__2024-01-03T00:00:00+00:00 [queued]>
[2024-01-05T16:50:32.592+0000] {taskinstance.py:1957} INFO - Dependencies all met for dep_context=requeueable deps ti=<TaskInstance: TwitterDAG.transform_twitter_data scheduled__2024-01-03T00:00:00+00:00 [queued]>
[2024-01-05T16:50:32.603+0000] {taskinstance.py:2171} INFO - Starting attempt 1 of 1
[2024-01-05T16:50:32.784+0000] {taskinstance.py:2192} INFO - Executing <Task(SparkSubmitOperator): transform_twitter_data> on 2024-01-03 00:00:00+00:00
[2024-01-05T16:50:32.788+0000] {standard_task_runner.py:60} INFO - Started process 14645 to run task
[2024-01-05T16:50:32.792+0000] {standard_task_runner.py:87} INFO - Running: ['airflow', 'tasks', 'run', 'TwitterDAG', 'transform_twitter_data', 'scheduled__2024-01-03T00:00:00+00:00', '--job-id', '54', '--raw', '--subdir', 'DAGS_FOLDER/twitter_dag.py', '--cfg-path', '/tmp/tmpv3pr7xut']
[2024-01-05T16:50:32.792+0000] {standard_task_runner.py:88} INFO - Job 54: Subtask transform_twitter_data
[2024-01-05T16:50:33.122+0000] {task_command.py:423} INFO - Running <TaskInstance: TwitterDAG.transform_twitter_data scheduled__2024-01-03T00:00:00+00:00 [running]> on host airflow.vm.local
[2024-01-05T16:50:33.595+0000] {taskinstance.py:2481} INFO - Exporting env vars: AIRFLOW_CTX_DAG_OWNER='airflow' AIRFLOW_CTX_DAG_ID='TwitterDAG' AIRFLOW_CTX_TASK_ID='transform_twitter_data' AIRFLOW_CTX_EXECUTION_DATE='2024-01-03T00:00:00+00:00' AIRFLOW_CTX_TRY_NUMBER='1' AIRFLOW_CTX_DAG_RUN_ID='scheduled__2024-01-03T00:00:00+00:00'
[2024-01-05T16:50:33.612+0000] {base.py:83} INFO - Using connection ID 'spark_default' for task execution.
[2024-01-05T16:50:33.614+0000] {spark_submit.py:366} INFO - Spark-Submit cmd: spark-submit --master local --name Twitter Transformation --queue root.default /home/eder/Desktop/Airflow/Twitter/src/spark/transformation.py --src /home/eder/Desktop/Airflow/Twitter/data/raw/2024-01-03 --dest /home/eder/Desktop/Airflow/Twitter/data/processed/ --process_date 2024-01-03
[2024-01-05T16:50:38.831+0000] {spark_submit.py:536} INFO - 24/01/05 16:50:38 WARN Utils: Your hostname, airflow resolves to a loopback address: 127.0.1.1; using 192.168.1.79 instead (on interface enp0s3)
[2024-01-05T16:50:38.838+0000] {spark_submit.py:536} INFO - 24/01/05 16:50:38 WARN Utils: Set SPARK_LOCAL_IP if you need to bind to another address
[2024-01-05T16:50:40.279+0000] {spark_submit.py:536} INFO - 24/01/05 16:50:40 WARN NativeCodeLoader: Unable to load native-hadoop library for your platform... using builtin-java classes where applicable
[2024-01-05T16:50:42.417+0000] {spark_submit.py:536} INFO - Using Spark's default log4j profile: org/apache/spark/log4j-defaults.properties
[2024-01-05T16:50:42.443+0000] {spark_submit.py:536} INFO - 24/01/05 16:50:42 INFO SparkContext: Running Spark version 3.1.3
[2024-01-05T16:50:42.579+0000] {spark_submit.py:536} INFO - 24/01/05 16:50:42 INFO ResourceUtils: ==============================================================
[2024-01-05T16:50:42.579+0000] {spark_submit.py:536} INFO - 24/01/05 16:50:42 INFO ResourceUtils: No custom resources configured for spark.driver.
[2024-01-05T16:50:42.580+0000] {spark_submit.py:536} INFO - 24/01/05 16:50:42 INFO ResourceUtils: ==============================================================
[2024-01-05T16:50:42.587+0000] {spark_submit.py:536} INFO - 24/01/05 16:50:42 INFO SparkContext: Submitted application: Data Transformation
[2024-01-05T16:50:42.651+0000] {spark_submit.py:536} INFO - 24/01/05 16:50:42 INFO ResourceProfile: Default ResourceProfile created, executor resources: Map(cores -> name: cores, amount: 1, script: , vendor: , memory -> name: memory, amount: 1024, script: , vendor: , offHeap -> name: offHeap, amount: 0, script: , vendor: ), task resources: Map(cpus -> name: cpus, amount: 1.0)
[2024-01-05T16:50:42.680+0000] {spark_submit.py:536} INFO - 24/01/05 16:50:42 INFO ResourceProfile: Limiting resource is cpu
[2024-01-05T16:50:42.684+0000] {spark_submit.py:536} INFO - 24/01/05 16:50:42 INFO ResourceProfileManager: Added ResourceProfile id: 0
[2024-01-05T16:50:42.802+0000] {spark_submit.py:536} INFO - 24/01/05 16:50:42 INFO SecurityManager: Changing view acls to: eder
[2024-01-05T16:50:42.806+0000] {spark_submit.py:536} INFO - 24/01/05 16:50:42 INFO SecurityManager: Changing modify acls to: eder
[2024-01-05T16:50:42.806+0000] {spark_submit.py:536} INFO - 24/01/05 16:50:42 INFO SecurityManager: Changing view acls groups to:
[2024-01-05T16:50:42.806+0000] {spark_submit.py:536} INFO - 24/01/05 16:50:42 INFO SecurityManager: Changing modify acls groups to:
[2024-01-05T16:50:42.807+0000] {spark_submit.py:536} INFO - 24/01/05 16:50:42 INFO SecurityManager: SecurityManager: authentication disabled; ui acls disabled; users  with view permissions: Set(eder); groups with view permissions: Set(); users  with modify permissions: Set(eder); groups with modify permissions: Set()
[2024-01-05T16:50:43.466+0000] {spark_submit.py:536} INFO - 24/01/05 16:50:43 INFO Utils: Successfully started service 'sparkDriver' on port 36393.
[2024-01-05T16:50:43.680+0000] {spark_submit.py:536} INFO - 24/01/05 16:50:43 INFO SparkEnv: Registering MapOutputTracker
[2024-01-05T16:50:43.788+0000] {spark_submit.py:536} INFO - 24/01/05 16:50:43 INFO SparkEnv: Registering BlockManagerMaster
[2024-01-05T16:50:43.862+0000] {spark_submit.py:536} INFO - 24/01/05 16:50:43 INFO BlockManagerMasterEndpoint: Using org.apache.spark.storage.DefaultTopologyMapper for getting topology information
[2024-01-05T16:50:43.862+0000] {spark_submit.py:536} INFO - 24/01/05 16:50:43 INFO BlockManagerMasterEndpoint: BlockManagerMasterEndpoint up
[2024-01-05T16:50:43.893+0000] {spark_submit.py:536} INFO - 24/01/05 16:50:43 INFO SparkEnv: Registering BlockManagerMasterHeartbeat
[2024-01-05T16:50:43.995+0000] {spark_submit.py:536} INFO - 24/01/05 16:50:43 INFO DiskBlockManager: Created local directory at /tmp/blockmgr-f58928fc-37b0-4f54-a59d-2e3065e4b010
[2024-01-05T16:50:44.075+0000] {spark_submit.py:536} INFO - 24/01/05 16:50:44 INFO MemoryStore: MemoryStore started with capacity 366.3 MiB
[2024-01-05T16:50:44.200+0000] {spark_submit.py:536} INFO - 24/01/05 16:50:44 INFO SparkEnv: Registering OutputCommitCoordinator
[2024-01-05T16:50:44.985+0000] {spark_submit.py:536} INFO - 24/01/05 16:50:44 INFO Utils: Successfully started service 'SparkUI' on port 4040.
[2024-01-05T16:50:45.467+0000] {spark_submit.py:536} INFO - 24/01/05 16:50:45 INFO SparkUI: Bound SparkUI to 0.0.0.0, and started at http://airflow.Home:4040
[2024-01-05T16:50:46.841+0000] {spark_submit.py:536} INFO - 24/01/05 16:50:46 INFO Executor: Starting executor ID driver on host airflow.Home
[2024-01-05T16:50:47.002+0000] {spark_submit.py:536} INFO - 24/01/05 16:50:47 INFO Utils: Successfully started service 'org.apache.spark.network.netty.NettyBlockTransferService' on port 37925.
[2024-01-05T16:50:47.002+0000] {spark_submit.py:536} INFO - 24/01/05 16:50:47 INFO NettyBlockTransferService: Server created on airflow.Home:37925
[2024-01-05T16:50:47.010+0000] {spark_submit.py:536} INFO - 24/01/05 16:50:47 INFO BlockManager: Using org.apache.spark.storage.RandomBlockReplicationPolicy for block replication policy
[2024-01-05T16:50:47.060+0000] {spark_submit.py:536} INFO - 24/01/05 16:50:47 INFO BlockManagerMaster: Registering BlockManager BlockManagerId(driver, airflow.Home, 37925, None)
[2024-01-05T16:50:47.143+0000] {spark_submit.py:536} INFO - 24/01/05 16:50:47 INFO BlockManagerMasterEndpoint: Registering block manager airflow.Home:37925 with 366.3 MiB RAM, BlockManagerId(driver, airflow.Home, 37925, None)
[2024-01-05T16:50:47.158+0000] {spark_submit.py:536} INFO - 24/01/05 16:50:47 INFO BlockManagerMaster: Registered BlockManager BlockManagerId(driver, airflow.Home, 37925, None)
[2024-01-05T16:50:47.161+0000] {spark_submit.py:536} INFO - 24/01/05 16:50:47 INFO BlockManager: Initialized BlockManager: BlockManagerId(driver, airflow.Home, 37925, None)
[2024-01-05T16:50:49.979+0000] {spark_submit.py:536} INFO - 24/01/05 16:50:49 INFO SharedState: Setting hive.metastore.warehouse.dir ('null') to the value of spark.sql.warehouse.dir ('file:/home/eder/Desktop/Airflow/Twitter/spark-warehouse').
[2024-01-05T16:50:49.983+0000] {spark_submit.py:536} INFO - 24/01/05 16:50:49 INFO SharedState: Warehouse path is 'file:/home/eder/Desktop/Airflow/Twitter/spark-warehouse'.
[2024-01-05T16:50:52.540+0000] {spark_submit.py:536} INFO - 24/01/05 16:50:52 INFO InMemoryFileIndex: It took 223 ms to list leaf files for 1 paths.
[2024-01-05T16:50:52.936+0000] {spark_submit.py:536} INFO - 24/01/05 16:50:52 INFO InMemoryFileIndex: It took 4 ms to list leaf files for 1 paths.
[2024-01-05T16:50:59.319+0000] {spark_submit.py:536} INFO - 24/01/05 16:50:59 INFO FileSourceStrategy: Pushed Filters:
[2024-01-05T16:50:59.321+0000] {spark_submit.py:536} INFO - 24/01/05 16:50:59 INFO FileSourceStrategy: Post-Scan Filters:
[2024-01-05T16:50:59.336+0000] {spark_submit.py:536} INFO - 24/01/05 16:50:59 INFO FileSourceStrategy: Output Data Schema: struct<value: string>
[2024-01-05T16:51:00.500+0000] {spark_submit.py:536} INFO - 24/01/05 16:51:00 INFO MemoryStore: Block broadcast_0 stored as values in memory (estimated size 303.1 KiB, free 366.0 MiB)
[2024-01-05T16:51:00.788+0000] {spark_submit.py:536} INFO - 24/01/05 16:51:00 INFO MemoryStore: Block broadcast_0_piece0 stored as bytes in memory (estimated size 27.4 KiB, free 366.0 MiB)
[2024-01-05T16:51:00.810+0000] {spark_submit.py:536} INFO - 24/01/05 16:51:00 INFO BlockManagerInfo: Added broadcast_0_piece0 in memory on airflow.Home:37925 (size: 27.4 KiB, free: 366.3 MiB)
[2024-01-05T16:51:00.833+0000] {spark_submit.py:536} INFO - 24/01/05 16:51:00 INFO SparkContext: Created broadcast 0 from json at NativeMethodAccessorImpl.java:0
[2024-01-05T16:51:00.859+0000] {spark_submit.py:536} INFO - 24/01/05 16:51:00 INFO FileSourceScanExec: Planning scan with bin packing, max size: 4221680 bytes, open cost is considered as scanning 4194304 bytes.
[2024-01-05T16:51:01.622+0000] {spark_submit.py:536} INFO - 24/01/05 16:51:01 INFO SparkContext: Starting job: json at NativeMethodAccessorImpl.java:0
[2024-01-05T16:51:01.692+0000] {spark_submit.py:536} INFO - 24/01/05 16:51:01 INFO DAGScheduler: Got job 0 (json at NativeMethodAccessorImpl.java:0) with 1 output partitions
[2024-01-05T16:51:01.711+0000] {spark_submit.py:536} INFO - 24/01/05 16:51:01 INFO DAGScheduler: Final stage: ResultStage 0 (json at NativeMethodAccessorImpl.java:0)
[2024-01-05T16:51:01.723+0000] {spark_submit.py:536} INFO - 24/01/05 16:51:01 INFO DAGScheduler: Parents of final stage: List()
[2024-01-05T16:51:01.734+0000] {spark_submit.py:536} INFO - 24/01/05 16:51:01 INFO DAGScheduler: Missing parents: List()
[2024-01-05T16:51:01.768+0000] {spark_submit.py:536} INFO - 24/01/05 16:51:01 INFO DAGScheduler: Submitting ResultStage 0 (MapPartitionsRDD[3] at json at NativeMethodAccessorImpl.java:0), which has no missing parents
[2024-01-05T16:51:02.290+0000] {spark_submit.py:536} INFO - 24/01/05 16:51:02 INFO MemoryStore: Block broadcast_1 stored as values in memory (estimated size 12.0 KiB, free 366.0 MiB)
[2024-01-05T16:51:02.379+0000] {spark_submit.py:536} INFO - 24/01/05 16:51:02 INFO MemoryStore: Block broadcast_1_piece0 stored as bytes in memory (estimated size 6.3 KiB, free 366.0 MiB)
[2024-01-05T16:51:02.382+0000] {spark_submit.py:536} INFO - 24/01/05 16:51:02 INFO BlockManagerInfo: Added broadcast_1_piece0 in memory on airflow.Home:37925 (size: 6.3 KiB, free: 366.3 MiB)
[2024-01-05T16:51:02.403+0000] {spark_submit.py:536} INFO - 24/01/05 16:51:02 INFO SparkContext: Created broadcast 1 from broadcast at DAGScheduler.scala:1433
[2024-01-05T16:51:02.451+0000] {spark_submit.py:536} INFO - 24/01/05 16:51:02 INFO DAGScheduler: Submitting 1 missing tasks from ResultStage 0 (MapPartitionsRDD[3] at json at NativeMethodAccessorImpl.java:0) (first 15 tasks are for partitions Vector(0))
[2024-01-05T16:51:02.481+0000] {spark_submit.py:536} INFO - 24/01/05 16:51:02 INFO TaskSchedulerImpl: Adding task set 0.0 with 1 tasks resource profile 0
[2024-01-05T16:51:02.714+0000] {spark_submit.py:536} INFO - 24/01/05 16:51:02 INFO TaskSetManager: Starting task 0.0 in stage 0.0 (TID 0) (airflow.Home, executor driver, partition 0, PROCESS_LOCAL, 4905 bytes) taskResourceAssignments Map()
[2024-01-05T16:51:02.749+0000] {spark_submit.py:536} INFO - 24/01/05 16:51:02 INFO Executor: Running task 0.0 in stage 0.0 (TID 0)
[2024-01-05T16:51:03.741+0000] {spark_submit.py:536} INFO - 24/01/05 16:51:03 INFO FileScanRDD: Reading File path: file:///home/eder/Desktop/Airflow/Twitter/data/raw/2024-01-03/%202024-01-03.json, range: 0-27376, partition values: [empty row]
[2024-01-05T16:51:05.176+0000] {spark_submit.py:536} INFO - 24/01/05 16:51:05 INFO CodeGenerator: Code generated in 988.482724 ms
[2024-01-05T16:51:05.435+0000] {spark_submit.py:536} INFO - 24/01/05 16:51:05 INFO Executor: Finished task 0.0 in stage 0.0 (TID 0). 2798 bytes result sent to driver
[2024-01-05T16:51:06.053+0000] {spark_submit.py:536} INFO - 24/01/05 16:51:06 INFO TaskSetManager: Finished task 0.0 in stage 0.0 (TID 0) in 3330 ms on airflow.Home (executor driver) (1/1)
[2024-01-05T16:51:06.068+0000] {spark_submit.py:536} INFO - 24/01/05 16:51:06 INFO TaskSchedulerImpl: Removed TaskSet 0.0, whose tasks have all completed, from pool
[2024-01-05T16:51:06.088+0000] {spark_submit.py:536} INFO - 24/01/05 16:51:06 INFO DAGScheduler: ResultStage 0 (json at NativeMethodAccessorImpl.java:0) finished in 4.253 s
[2024-01-05T16:51:06.108+0000] {spark_submit.py:536} INFO - 24/01/05 16:51:06 INFO DAGScheduler: Job 0 is finished. Cancelling potential speculative or zombie tasks for this job
[2024-01-05T16:51:06.111+0000] {spark_submit.py:536} INFO - 24/01/05 16:51:06 INFO TaskSchedulerImpl: Killing all running tasks in stage 0: Stage finished
[2024-01-05T16:51:06.146+0000] {spark_submit.py:536} INFO - 24/01/05 16:51:06 INFO DAGScheduler: Job 0 finished: json at NativeMethodAccessorImpl.java:0, took 4.521035 s
[2024-01-05T16:51:07.855+0000] {spark_submit.py:536} INFO - 24/01/05 16:51:07 INFO FileSourceStrategy: Pushed Filters: IsNotNull(data)
[2024-01-05T16:51:07.858+0000] {spark_submit.py:536} INFO - 24/01/05 16:51:07 INFO FileSourceStrategy: Post-Scan Filters: (size(data#7, true) > 0),isnotnull(data#7)
[2024-01-05T16:51:07.859+0000] {spark_submit.py:536} INFO - 24/01/05 16:51:07 INFO FileSourceStrategy: Output Data Schema: struct<data: array<struct<author_id:string,conversation_id:string,created_at:string,edit_history_tweet_ids:array<bigint>,id:string,in_reply_to_user_id:string,lang:string,public_metrics:struct<like_count:bigint,quote_count:bigint,reply_count:bigint,retweet_count:bigint>,text:string>>>
[2024-01-05T16:51:08.092+0000] {spark_submit.py:536} INFO - 24/01/05 16:51:08 INFO FileOutputCommitter: File Output Committer Algorithm version is 1
[2024-01-05T16:51:08.093+0000] {spark_submit.py:536} INFO - 24/01/05 16:51:08 INFO FileOutputCommitter: FileOutputCommitter skip cleanup _temporary folders under output directory:false, ignore cleanup failures: false
[2024-01-05T16:51:08.094+0000] {spark_submit.py:536} INFO - 24/01/05 16:51:08 INFO SQLHadoopMapReduceCommitProtocol: Using output committer class org.apache.hadoop.mapreduce.lib.output.FileOutputCommitter
[2024-01-05T16:51:08.648+0000] {spark_submit.py:536} INFO - 24/01/05 16:51:08 INFO CodeGenerator: Code generated in 147.775824 ms
[2024-01-05T16:51:08.787+0000] {spark_submit.py:536} INFO - 24/01/05 16:51:08 INFO CodeGenerator: Code generated in 67.864331 ms
[2024-01-05T16:51:08.814+0000] {spark_submit.py:536} INFO - 24/01/05 16:51:08 INFO MemoryStore: Block broadcast_2 stored as values in memory (estimated size 303.0 KiB, free 365.7 MiB)
[2024-01-05T16:51:08.824+0000] {spark_submit.py:536} INFO - 24/01/05 16:51:08 INFO MemoryStore: Block broadcast_2_piece0 stored as bytes in memory (estimated size 27.5 KiB, free 365.6 MiB)
[2024-01-05T16:51:08.826+0000] {spark_submit.py:536} INFO - 24/01/05 16:51:08 INFO BlockManagerInfo: Added broadcast_2_piece0 in memory on airflow.Home:37925 (size: 27.5 KiB, free: 366.2 MiB)
[2024-01-05T16:51:08.855+0000] {spark_submit.py:536} INFO - 24/01/05 16:51:08 INFO SparkContext: Created broadcast 2 from json at NativeMethodAccessorImpl.java:0
[2024-01-05T16:51:08.863+0000] {spark_submit.py:536} INFO - 24/01/05 16:51:08 INFO FileSourceScanExec: Planning scan with bin packing, max size: 4221680 bytes, open cost is considered as scanning 4194304 bytes.
[2024-01-05T16:51:09.146+0000] {spark_submit.py:536} INFO - 24/01/05 16:51:09 INFO SparkContext: Starting job: json at NativeMethodAccessorImpl.java:0
[2024-01-05T16:51:09.149+0000] {spark_submit.py:536} INFO - 24/01/05 16:51:09 INFO DAGScheduler: Got job 1 (json at NativeMethodAccessorImpl.java:0) with 1 output partitions
[2024-01-05T16:51:09.164+0000] {spark_submit.py:536} INFO - 24/01/05 16:51:09 INFO DAGScheduler: Final stage: ResultStage 1 (json at NativeMethodAccessorImpl.java:0)
[2024-01-05T16:51:09.164+0000] {spark_submit.py:536} INFO - 24/01/05 16:51:09 INFO DAGScheduler: Parents of final stage: List()
[2024-01-05T16:51:09.164+0000] {spark_submit.py:536} INFO - 24/01/05 16:51:09 INFO DAGScheduler: Missing parents: List()
[2024-01-05T16:51:09.183+0000] {spark_submit.py:536} INFO - 24/01/05 16:51:09 INFO DAGScheduler: Submitting ResultStage 1 (CoalescedRDD[9] at json at NativeMethodAccessorImpl.java:0), which has no missing parents
[2024-01-05T16:51:09.601+0000] {spark_submit.py:536} INFO - 24/01/05 16:51:09 INFO MemoryStore: Block broadcast_3 stored as values in memory (estimated size 189.7 KiB, free 365.5 MiB)
[2024-01-05T16:51:09.607+0000] {spark_submit.py:536} INFO - 24/01/05 16:51:09 INFO MemoryStore: Block broadcast_3_piece0 stored as bytes in memory (estimated size 66.4 KiB, free 365.4 MiB)
[2024-01-05T16:51:09.623+0000] {spark_submit.py:536} INFO - 24/01/05 16:51:09 INFO BlockManagerInfo: Added broadcast_3_piece0 in memory on airflow.Home:37925 (size: 66.4 KiB, free: 366.2 MiB)
[2024-01-05T16:51:09.624+0000] {spark_submit.py:536} INFO - 24/01/05 16:51:09 INFO SparkContext: Created broadcast 3 from broadcast at DAGScheduler.scala:1433
[2024-01-05T16:51:09.626+0000] {spark_submit.py:536} INFO - 24/01/05 16:51:09 INFO DAGScheduler: Submitting 1 missing tasks from ResultStage 1 (CoalescedRDD[9] at json at NativeMethodAccessorImpl.java:0) (first 15 tasks are for partitions Vector(0))
[2024-01-05T16:51:09.626+0000] {spark_submit.py:536} INFO - 24/01/05 16:51:09 INFO TaskSchedulerImpl: Adding task set 1.0 with 1 tasks resource profile 0
[2024-01-05T16:51:09.643+0000] {spark_submit.py:536} INFO - 24/01/05 16:51:09 INFO TaskSetManager: Starting task 0.0 in stage 1.0 (TID 1) (airflow.Home, executor driver, partition 0, PROCESS_LOCAL, 5134 bytes) taskResourceAssignments Map()
[2024-01-05T16:51:09.675+0000] {spark_submit.py:536} INFO - 24/01/05 16:51:09 INFO Executor: Running task 0.0 in stage 1.0 (TID 1)
[2024-01-05T16:51:09.931+0000] {spark_submit.py:536} INFO - 24/01/05 16:51:09 INFO FileOutputCommitter: File Output Committer Algorithm version is 1
[2024-01-05T16:51:09.931+0000] {spark_submit.py:536} INFO - 24/01/05 16:51:09 INFO FileOutputCommitter: FileOutputCommitter skip cleanup _temporary folders under output directory:false, ignore cleanup failures: false
[2024-01-05T16:51:09.949+0000] {spark_submit.py:536} INFO - 24/01/05 16:51:09 INFO SQLHadoopMapReduceCommitProtocol: Using output committer class org.apache.hadoop.mapreduce.lib.output.FileOutputCommitter
[2024-01-05T16:51:10.549+0000] {spark_submit.py:536} INFO - 24/01/05 16:51:10 INFO CodeGenerator: Code generated in 41.621161 ms
[2024-01-05T16:51:10.558+0000] {spark_submit.py:536} INFO - 24/01/05 16:51:10 INFO FileScanRDD: Reading File path: file:///home/eder/Desktop/Airflow/Twitter/data/raw/2024-01-03/%202024-01-03.json, range: 0-27376, partition values: [empty row]
[2024-01-05T16:51:10.611+0000] {spark_submit.py:536} INFO - 24/01/05 16:51:10 INFO CodeGenerator: Code generated in 38.024667 ms
[2024-01-05T16:51:10.731+0000] {spark_submit.py:536} INFO - 24/01/05 16:51:10 INFO CodeGenerator: Code generated in 17.83329 ms
[2024-01-05T16:51:10.939+0000] {spark_submit.py:536} INFO - 24/01/05 16:51:10 INFO FileOutputCommitter: Saved output of task 'attempt_202401051651097570708912747043366_0001_m_000000_1' to file:/home/eder/Desktop/Airflow/Twitter/data/processed/tweets/2024-01-03/_temporary/0/task_202401051651097570708912747043366_0001_m_000000
[2024-01-05T16:51:10.948+0000] {spark_submit.py:536} INFO - 24/01/05 16:51:10 INFO SparkHadoopMapRedUtil: attempt_202401051651097570708912747043366_0001_m_000000_1: Committed
[2024-01-05T16:51:10.975+0000] {spark_submit.py:536} INFO - 24/01/05 16:51:10 INFO Executor: Finished task 0.0 in stage 1.0 (TID 1). 2901 bytes result sent to driver
[2024-01-05T16:51:10.979+0000] {spark_submit.py:536} INFO - 24/01/05 16:51:10 INFO TaskSetManager: Finished task 0.0 in stage 1.0 (TID 1) in 1355 ms on airflow.Home (executor driver) (1/1)
[2024-01-05T16:51:10.981+0000] {spark_submit.py:536} INFO - 24/01/05 16:51:10 INFO TaskSchedulerImpl: Removed TaskSet 1.0, whose tasks have all completed, from pool
[2024-01-05T16:51:10.982+0000] {spark_submit.py:536} INFO - 24/01/05 16:51:10 INFO DAGScheduler: ResultStage 1 (json at NativeMethodAccessorImpl.java:0) finished in 1.802 s
[2024-01-05T16:51:10.983+0000] {spark_submit.py:536} INFO - 24/01/05 16:51:10 INFO DAGScheduler: Job 1 is finished. Cancelling potential speculative or zombie tasks for this job
[2024-01-05T16:51:10.983+0000] {spark_submit.py:536} INFO - 24/01/05 16:51:10 INFO TaskSchedulerImpl: Killing all running tasks in stage 1: Stage finished
[2024-01-05T16:51:10.984+0000] {spark_submit.py:536} INFO - 24/01/05 16:51:10 INFO DAGScheduler: Job 1 finished: json at NativeMethodAccessorImpl.java:0, took 1.837086 s
[2024-01-05T16:51:11.154+0000] {spark_submit.py:536} INFO - 24/01/05 16:51:11 INFO FileFormatWriter: Write Job d3bf3d1e-c827-4065-8d2d-923ada589bf3 committed.
[2024-01-05T16:51:11.193+0000] {spark_submit.py:536} INFO - 24/01/05 16:51:11 INFO FileFormatWriter: Finished processing stats for write job d3bf3d1e-c827-4065-8d2d-923ada589bf3.
[2024-01-05T16:51:11.283+0000] {spark_submit.py:536} INFO - 24/01/05 16:51:11 INFO FileSourceStrategy: Pushed Filters:
[2024-01-05T16:51:11.284+0000] {spark_submit.py:536} INFO - 24/01/05 16:51:11 INFO FileSourceStrategy: Post-Scan Filters:
[2024-01-05T16:51:11.284+0000] {spark_submit.py:536} INFO - 24/01/05 16:51:11 INFO FileSourceStrategy: Output Data Schema: struct<includes: struct<users: array<struct<created_at:string,id:string,name:string,username:string>>>>
[2024-01-05T16:51:11.311+0000] {spark_submit.py:536} INFO - 24/01/05 16:51:11 INFO FileOutputCommitter: File Output Committer Algorithm version is 1
[2024-01-05T16:51:11.320+0000] {spark_submit.py:536} INFO - 24/01/05 16:51:11 INFO FileOutputCommitter: FileOutputCommitter skip cleanup _temporary folders under output directory:false, ignore cleanup failures: false
[2024-01-05T16:51:11.323+0000] {spark_submit.py:536} INFO - 24/01/05 16:51:11 INFO SQLHadoopMapReduceCommitProtocol: Using output committer class org.apache.hadoop.mapreduce.lib.output.FileOutputCommitter
[2024-01-05T16:51:11.650+0000] {spark_submit.py:536} INFO - 24/01/05 16:51:11 INFO CodeGenerator: Code generated in 66.943564 ms
[2024-01-05T16:51:11.675+0000] {spark_submit.py:536} INFO - 24/01/05 16:51:11 INFO MemoryStore: Block broadcast_4 stored as values in memory (estimated size 303.0 KiB, free 365.1 MiB)
[2024-01-05T16:51:11.696+0000] {spark_submit.py:536} INFO - 24/01/05 16:51:11 INFO MemoryStore: Block broadcast_4_piece0 stored as bytes in memory (estimated size 27.5 KiB, free 365.1 MiB)
[2024-01-05T16:51:11.711+0000] {spark_submit.py:536} INFO - 24/01/05 16:51:11 INFO BlockManagerInfo: Added broadcast_4_piece0 in memory on airflow.Home:37925 (size: 27.5 KiB, free: 366.1 MiB)
[2024-01-05T16:51:11.713+0000] {spark_submit.py:536} INFO - 24/01/05 16:51:11 INFO SparkContext: Created broadcast 4 from json at NativeMethodAccessorImpl.java:0
[2024-01-05T16:51:11.731+0000] {spark_submit.py:536} INFO - 24/01/05 16:51:11 INFO FileSourceScanExec: Planning scan with bin packing, max size: 4221680 bytes, open cost is considered as scanning 4194304 bytes.
[2024-01-05T16:51:11.779+0000] {spark_submit.py:536} INFO - 24/01/05 16:51:11 INFO SparkContext: Starting job: json at NativeMethodAccessorImpl.java:0
[2024-01-05T16:51:11.789+0000] {spark_submit.py:536} INFO - 24/01/05 16:51:11 INFO DAGScheduler: Got job 2 (json at NativeMethodAccessorImpl.java:0) with 1 output partitions
[2024-01-05T16:51:11.794+0000] {spark_submit.py:536} INFO - 24/01/05 16:51:11 INFO DAGScheduler: Final stage: ResultStage 2 (json at NativeMethodAccessorImpl.java:0)
[2024-01-05T16:51:11.794+0000] {spark_submit.py:536} INFO - 24/01/05 16:51:11 INFO DAGScheduler: Parents of final stage: List()
[2024-01-05T16:51:11.794+0000] {spark_submit.py:536} INFO - 24/01/05 16:51:11 INFO DAGScheduler: Missing parents: List()
[2024-01-05T16:51:11.803+0000] {spark_submit.py:536} INFO - 24/01/05 16:51:11 INFO DAGScheduler: Submitting ResultStage 2 (CoalescedRDD[16] at json at NativeMethodAccessorImpl.java:0), which has no missing parents
[2024-01-05T16:51:11.931+0000] {spark_submit.py:536} INFO - 24/01/05 16:51:11 INFO MemoryStore: Block broadcast_5 stored as values in memory (estimated size 178.0 KiB, free 364.9 MiB)
[2024-01-05T16:51:11.939+0000] {spark_submit.py:536} INFO - 24/01/05 16:51:11 INFO MemoryStore: Block broadcast_5_piece0 stored as bytes in memory (estimated size 63.8 KiB, free 364.8 MiB)
[2024-01-05T16:51:11.952+0000] {spark_submit.py:536} INFO - 24/01/05 16:51:11 INFO BlockManagerInfo: Added broadcast_5_piece0 in memory on airflow.Home:37925 (size: 63.8 KiB, free: 366.1 MiB)
[2024-01-05T16:51:11.962+0000] {spark_submit.py:536} INFO - 24/01/05 16:51:11 INFO SparkContext: Created broadcast 5 from broadcast at DAGScheduler.scala:1433
[2024-01-05T16:51:11.975+0000] {spark_submit.py:536} INFO - 24/01/05 16:51:11 INFO DAGScheduler: Submitting 1 missing tasks from ResultStage 2 (CoalescedRDD[16] at json at NativeMethodAccessorImpl.java:0) (first 15 tasks are for partitions Vector(0))
[2024-01-05T16:51:11.976+0000] {spark_submit.py:536} INFO - 24/01/05 16:51:11 INFO TaskSchedulerImpl: Adding task set 2.0 with 1 tasks resource profile 0
[2024-01-05T16:51:11.981+0000] {spark_submit.py:536} INFO - 24/01/05 16:51:11 INFO TaskSetManager: Starting task 0.0 in stage 2.0 (TID 2) (airflow.Home, executor driver, partition 0, PROCESS_LOCAL, 5134 bytes) taskResourceAssignments Map()
[2024-01-05T16:51:11.981+0000] {spark_submit.py:536} INFO - 24/01/05 16:51:11 INFO Executor: Running task 0.0 in stage 2.0 (TID 2)
[2024-01-05T16:51:12.035+0000] {spark_submit.py:536} INFO - 24/01/05 16:51:12 INFO FileOutputCommitter: File Output Committer Algorithm version is 1
[2024-01-05T16:51:12.039+0000] {spark_submit.py:536} INFO - 24/01/05 16:51:12 INFO FileOutputCommitter: FileOutputCommitter skip cleanup _temporary folders under output directory:false, ignore cleanup failures: false
[2024-01-05T16:51:12.039+0000] {spark_submit.py:536} INFO - 24/01/05 16:51:12 INFO SQLHadoopMapReduceCommitProtocol: Using output committer class org.apache.hadoop.mapreduce.lib.output.FileOutputCommitter
[2024-01-05T16:51:12.295+0000] {spark_submit.py:536} INFO - 24/01/05 16:51:12 INFO CodeGenerator: Code generated in 35.622165 ms
[2024-01-05T16:51:12.322+0000] {spark_submit.py:536} INFO - 24/01/05 16:51:12 INFO FileScanRDD: Reading File path: file:///home/eder/Desktop/Airflow/Twitter/data/raw/2024-01-03/%202024-01-03.json, range: 0-27376, partition values: [empty row]
[2024-01-05T16:51:12.399+0000] {spark_submit.py:536} INFO - 24/01/05 16:51:12 INFO CodeGenerator: Code generated in 71.692704 ms
[2024-01-05T16:51:12.453+0000] {spark_submit.py:536} INFO - 24/01/05 16:51:12 INFO FileOutputCommitter: Saved output of task 'attempt_202401051651116784391107464288638_0002_m_000000_2' to file:/home/eder/Desktop/Airflow/Twitter/data/processed/users/2024-01-03/_temporary/0/task_202401051651116784391107464288638_0002_m_000000
[2024-01-05T16:51:12.454+0000] {spark_submit.py:536} INFO - 24/01/05 16:51:12 INFO SparkHadoopMapRedUtil: attempt_202401051651116784391107464288638_0002_m_000000_2: Committed
[2024-01-05T16:51:12.455+0000] {spark_submit.py:536} INFO - 24/01/05 16:51:12 INFO Executor: Finished task 0.0 in stage 2.0 (TID 2). 2734 bytes result sent to driver
[2024-01-05T16:51:12.464+0000] {spark_submit.py:536} INFO - 24/01/05 16:51:12 INFO TaskSetManager: Finished task 0.0 in stage 2.0 (TID 2) in 487 ms on airflow.Home (executor driver) (1/1)
[2024-01-05T16:51:12.471+0000] {spark_submit.py:536} INFO - 24/01/05 16:51:12 INFO TaskSchedulerImpl: Removed TaskSet 2.0, whose tasks have all completed, from pool
[2024-01-05T16:51:12.487+0000] {spark_submit.py:536} INFO - 24/01/05 16:51:12 INFO DAGScheduler: ResultStage 2 (json at NativeMethodAccessorImpl.java:0) finished in 0.682 s
[2024-01-05T16:51:12.488+0000] {spark_submit.py:536} INFO - 24/01/05 16:51:12 INFO DAGScheduler: Job 2 is finished. Cancelling potential speculative or zombie tasks for this job
[2024-01-05T16:51:12.489+0000] {spark_submit.py:536} INFO - 24/01/05 16:51:12 INFO TaskSchedulerImpl: Killing all running tasks in stage 2: Stage finished
[2024-01-05T16:51:12.489+0000] {spark_submit.py:536} INFO - 24/01/05 16:51:12 INFO DAGScheduler: Job 2 finished: json at NativeMethodAccessorImpl.java:0, took 0.708141 s
[2024-01-05T16:51:12.567+0000] {spark_submit.py:536} INFO - 24/01/05 16:51:12 INFO FileFormatWriter: Write Job e18fc878-f292-4162-a0f1-d398710b6ee0 committed.
[2024-01-05T16:51:12.575+0000] {spark_submit.py:536} INFO - 24/01/05 16:51:12 INFO FileFormatWriter: Finished processing stats for write job e18fc878-f292-4162-a0f1-d398710b6ee0.
[2024-01-05T16:51:12.782+0000] {spark_submit.py:536} INFO - 24/01/05 16:51:12 INFO SparkContext: Invoking stop() from shutdown hook
[2024-01-05T16:51:12.895+0000] {spark_submit.py:536} INFO - 24/01/05 16:51:12 INFO SparkUI: Stopped Spark web UI at http://airflow.Home:4040
[2024-01-05T16:51:13.115+0000] {spark_submit.py:536} INFO - 24/01/05 16:51:13 INFO MapOutputTrackerMasterEndpoint: MapOutputTrackerMasterEndpoint stopped!
[2024-01-05T16:51:13.287+0000] {spark_submit.py:536} INFO - 24/01/05 16:51:13 INFO MemoryStore: MemoryStore cleared
[2024-01-05T16:51:13.294+0000] {spark_submit.py:536} INFO - 24/01/05 16:51:13 INFO BlockManager: BlockManager stopped
[2024-01-05T16:51:13.339+0000] {spark_submit.py:536} INFO - 24/01/05 16:51:13 INFO BlockManagerMaster: BlockManagerMaster stopped
[2024-01-05T16:51:13.346+0000] {spark_submit.py:536} INFO - 24/01/05 16:51:13 INFO OutputCommitCoordinator$OutputCommitCoordinatorEndpoint: OutputCommitCoordinator stopped!
[2024-01-05T16:51:13.441+0000] {spark_submit.py:536} INFO - 24/01/05 16:51:13 INFO SparkContext: Successfully stopped SparkContext
[2024-01-05T16:51:13.447+0000] {spark_submit.py:536} INFO - 24/01/05 16:51:13 INFO ShutdownHookManager: Shutdown hook called
[2024-01-05T16:51:13.448+0000] {spark_submit.py:536} INFO - 24/01/05 16:51:13 INFO ShutdownHookManager: Deleting directory /tmp/spark-1de63d58-5510-4abd-ac99-750d5b5efae1/pyspark-577e244b-3e2b-42cc-a128-bd093a11383d
[2024-01-05T16:51:13.479+0000] {spark_submit.py:536} INFO - 24/01/05 16:51:13 INFO ShutdownHookManager: Deleting directory /tmp/spark-1de63d58-5510-4abd-ac99-750d5b5efae1
[2024-01-05T16:51:13.501+0000] {spark_submit.py:536} INFO - 24/01/05 16:51:13 INFO ShutdownHookManager: Deleting directory /tmp/spark-a75c860f-80f2-4d43-aa59-083abdc23439
[2024-01-05T16:51:13.605+0000] {taskinstance.py:1138} INFO - Marking task as SUCCESS. dag_id=TwitterDAG, task_id=transform_twitter_data, execution_date=20240103T000000, start_date=20240105T165032, end_date=20240105T165113
[2024-01-05T16:51:13.654+0000] {local_task_job_runner.py:234} INFO - Task exited with return code 0
[2024-01-05T16:51:13.662+0000] {taskinstance.py:3281} INFO - 0 downstream tasks scheduled from follow-on schedule check
[2024-01-05T17:48:08.872+0000] {taskinstance.py:1957} INFO - Dependencies all met for dep_context=non-requeueable deps ti=<TaskInstance: TwitterDAG.transform_twitter_data scheduled__2024-01-03T00:00:00+00:00 [queued]>
[2024-01-05T17:48:08.879+0000] {taskinstance.py:1957} INFO - Dependencies all met for dep_context=requeueable deps ti=<TaskInstance: TwitterDAG.transform_twitter_data scheduled__2024-01-03T00:00:00+00:00 [queued]>
[2024-01-05T17:48:08.883+0000] {taskinstance.py:2171} INFO - Starting attempt 1 of 1
[2024-01-05T17:48:08.904+0000] {taskinstance.py:2192} INFO - Executing <Task(SparkSubmitOperator): transform_twitter_data> on 2024-01-03 00:00:00+00:00
[2024-01-05T17:48:08.911+0000] {standard_task_runner.py:60} INFO - Started process 29679 to run task
[2024-01-05T17:48:08.932+0000] {standard_task_runner.py:87} INFO - Running: ['airflow', 'tasks', 'run', 'TwitterDAG', 'transform_twitter_data', 'scheduled__2024-01-03T00:00:00+00:00', '--job-id', '77', '--raw', '--subdir', 'DAGS_FOLDER/twitter_dag.py', '--cfg-path', '/tmp/tmpnl6bk1am']
[2024-01-05T17:48:08.942+0000] {standard_task_runner.py:88} INFO - Job 77: Subtask transform_twitter_data
[2024-01-05T17:48:09.018+0000] {task_command.py:423} INFO - Running <TaskInstance: TwitterDAG.transform_twitter_data scheduled__2024-01-03T00:00:00+00:00 [running]> on host airflow.vm.local
[2024-01-05T17:48:09.094+0000] {taskinstance.py:2481} INFO - Exporting env vars: AIRFLOW_CTX_DAG_OWNER='airflow' AIRFLOW_CTX_DAG_ID='TwitterDAG' AIRFLOW_CTX_TASK_ID='transform_twitter_data' AIRFLOW_CTX_EXECUTION_DATE='2024-01-03T00:00:00+00:00' AIRFLOW_CTX_TRY_NUMBER='1' AIRFLOW_CTX_DAG_RUN_ID='scheduled__2024-01-03T00:00:00+00:00'
[2024-01-05T17:48:09.101+0000] {base.py:83} INFO - Using connection ID 'spark_default' for task execution.
[2024-01-05T17:48:09.102+0000] {spark_submit.py:366} INFO - Spark-Submit cmd: spark-submit --master local --name Twitter Transformation --queue root.default /home/eder/Desktop/Airflow/Twitter/src/spark/transformation.py --src /home/eder/Desktop/Airflow/Twitter/data/raw/2024-01-03 --dest /home/eder/Desktop/Airflow/Twitter/data/processed/ --process_date 2024-01-03
[2024-01-05T17:48:11.443+0000] {spark_submit.py:536} INFO - 24/01/05 17:48:11 WARN Utils: Your hostname, airflow resolves to a loopback address: 127.0.1.1; using 192.168.1.79 instead (on interface enp0s3)
[2024-01-05T17:48:11.451+0000] {spark_submit.py:536} INFO - 24/01/05 17:48:11 WARN Utils: Set SPARK_LOCAL_IP if you need to bind to another address
[2024-01-05T17:48:12.330+0000] {spark_submit.py:536} INFO - 24/01/05 17:48:12 WARN NativeCodeLoader: Unable to load native-hadoop library for your platform... using builtin-java classes where applicable
[2024-01-05T17:48:13.183+0000] {spark_submit.py:536} INFO - Using Spark's default log4j profile: org/apache/spark/log4j-defaults.properties
[2024-01-05T17:48:13.201+0000] {spark_submit.py:536} INFO - 24/01/05 17:48:13 INFO SparkContext: Running Spark version 3.1.3
[2024-01-05T17:48:13.286+0000] {spark_submit.py:536} INFO - 24/01/05 17:48:13 INFO ResourceUtils: ==============================================================
[2024-01-05T17:48:13.287+0000] {spark_submit.py:536} INFO - 24/01/05 17:48:13 INFO ResourceUtils: No custom resources configured for spark.driver.
[2024-01-05T17:48:13.287+0000] {spark_submit.py:536} INFO - 24/01/05 17:48:13 INFO ResourceUtils: ==============================================================
[2024-01-05T17:48:13.288+0000] {spark_submit.py:536} INFO - 24/01/05 17:48:13 INFO SparkContext: Submitted application: Data Transformation
[2024-01-05T17:48:13.330+0000] {spark_submit.py:536} INFO - 24/01/05 17:48:13 INFO ResourceProfile: Default ResourceProfile created, executor resources: Map(cores -> name: cores, amount: 1, script: , vendor: , memory -> name: memory, amount: 1024, script: , vendor: , offHeap -> name: offHeap, amount: 0, script: , vendor: ), task resources: Map(cpus -> name: cpus, amount: 1.0)
[2024-01-05T17:48:13.345+0000] {spark_submit.py:536} INFO - 24/01/05 17:48:13 INFO ResourceProfile: Limiting resource is cpu
[2024-01-05T17:48:13.346+0000] {spark_submit.py:536} INFO - 24/01/05 17:48:13 INFO ResourceProfileManager: Added ResourceProfile id: 0
[2024-01-05T17:48:13.433+0000] {spark_submit.py:536} INFO - 24/01/05 17:48:13 INFO SecurityManager: Changing view acls to: eder
[2024-01-05T17:48:13.434+0000] {spark_submit.py:536} INFO - 24/01/05 17:48:13 INFO SecurityManager: Changing modify acls to: eder
[2024-01-05T17:48:13.434+0000] {spark_submit.py:536} INFO - 24/01/05 17:48:13 INFO SecurityManager: Changing view acls groups to:
[2024-01-05T17:48:13.434+0000] {spark_submit.py:536} INFO - 24/01/05 17:48:13 INFO SecurityManager: Changing modify acls groups to:
[2024-01-05T17:48:13.435+0000] {spark_submit.py:536} INFO - 24/01/05 17:48:13 INFO SecurityManager: SecurityManager: authentication disabled; ui acls disabled; users  with view permissions: Set(eder); groups with view permissions: Set(); users  with modify permissions: Set(eder); groups with modify permissions: Set()
[2024-01-05T17:48:13.872+0000] {spark_submit.py:536} INFO - 24/01/05 17:48:13 INFO Utils: Successfully started service 'sparkDriver' on port 44767.
[2024-01-05T17:48:13.922+0000] {spark_submit.py:536} INFO - 24/01/05 17:48:13 INFO SparkEnv: Registering MapOutputTracker
[2024-01-05T17:48:13.984+0000] {spark_submit.py:536} INFO - 24/01/05 17:48:13 INFO SparkEnv: Registering BlockManagerMaster
[2024-01-05T17:48:14.033+0000] {spark_submit.py:536} INFO - 24/01/05 17:48:14 INFO BlockManagerMasterEndpoint: Using org.apache.spark.storage.DefaultTopologyMapper for getting topology information
[2024-01-05T17:48:14.042+0000] {spark_submit.py:536} INFO - 24/01/05 17:48:14 INFO BlockManagerMasterEndpoint: BlockManagerMasterEndpoint up
[2024-01-05T17:48:14.083+0000] {spark_submit.py:536} INFO - 24/01/05 17:48:14 INFO SparkEnv: Registering BlockManagerMasterHeartbeat
[2024-01-05T17:48:14.180+0000] {spark_submit.py:536} INFO - 24/01/05 17:48:14 INFO DiskBlockManager: Created local directory at /tmp/blockmgr-38dfa95d-bd48-4c3c-baea-bd7f7c05bbce
[2024-01-05T17:48:14.241+0000] {spark_submit.py:536} INFO - 24/01/05 17:48:14 INFO MemoryStore: MemoryStore started with capacity 366.3 MiB
[2024-01-05T17:48:14.275+0000] {spark_submit.py:536} INFO - 24/01/05 17:48:14 INFO SparkEnv: Registering OutputCommitCoordinator
[2024-01-05T17:48:14.899+0000] {spark_submit.py:536} INFO - 24/01/05 17:48:14 INFO Utils: Successfully started service 'SparkUI' on port 4040.
[2024-01-05T17:48:15.017+0000] {spark_submit.py:536} INFO - 24/01/05 17:48:15 INFO SparkUI: Bound SparkUI to 0.0.0.0, and started at http://airflow.Home:4040
[2024-01-05T17:48:15.511+0000] {spark_submit.py:536} INFO - 24/01/05 17:48:15 INFO Executor: Starting executor ID driver on host airflow.Home
[2024-01-05T17:48:15.571+0000] {spark_submit.py:536} INFO - 24/01/05 17:48:15 INFO Utils: Successfully started service 'org.apache.spark.network.netty.NettyBlockTransferService' on port 45659.
[2024-01-05T17:48:15.571+0000] {spark_submit.py:536} INFO - 24/01/05 17:48:15 INFO NettyBlockTransferService: Server created on airflow.Home:45659
[2024-01-05T17:48:15.576+0000] {spark_submit.py:536} INFO - 24/01/05 17:48:15 INFO BlockManager: Using org.apache.spark.storage.RandomBlockReplicationPolicy for block replication policy
[2024-01-05T17:48:15.595+0000] {spark_submit.py:536} INFO - 24/01/05 17:48:15 INFO BlockManagerMaster: Registering BlockManager BlockManagerId(driver, airflow.Home, 45659, None)
[2024-01-05T17:48:15.603+0000] {spark_submit.py:536} INFO - 24/01/05 17:48:15 INFO BlockManagerMasterEndpoint: Registering block manager airflow.Home:45659 with 366.3 MiB RAM, BlockManagerId(driver, airflow.Home, 45659, None)
[2024-01-05T17:48:15.607+0000] {spark_submit.py:536} INFO - 24/01/05 17:48:15 INFO BlockManagerMaster: Registered BlockManager BlockManagerId(driver, airflow.Home, 45659, None)
[2024-01-05T17:48:15.615+0000] {spark_submit.py:536} INFO - 24/01/05 17:48:15 INFO BlockManager: Initialized BlockManager: BlockManagerId(driver, airflow.Home, 45659, None)
[2024-01-05T17:48:16.640+0000] {spark_submit.py:536} INFO - 24/01/05 17:48:16 INFO SharedState: Setting hive.metastore.warehouse.dir ('null') to the value of spark.sql.warehouse.dir ('file:/home/eder/Desktop/Airflow/Twitter/spark-warehouse').
[2024-01-05T17:48:16.641+0000] {spark_submit.py:536} INFO - 24/01/05 17:48:16 INFO SharedState: Warehouse path is 'file:/home/eder/Desktop/Airflow/Twitter/spark-warehouse'.
[2024-01-05T17:48:18.217+0000] {spark_submit.py:536} INFO - 24/01/05 17:48:18 INFO InMemoryFileIndex: It took 126 ms to list leaf files for 1 paths.
[2024-01-05T17:48:18.364+0000] {spark_submit.py:536} INFO - 24/01/05 17:48:18 INFO InMemoryFileIndex: It took 2 ms to list leaf files for 1 paths.
[2024-01-05T17:48:21.791+0000] {spark_submit.py:536} INFO - 24/01/05 17:48:21 INFO FileSourceStrategy: Pushed Filters:
[2024-01-05T17:48:21.793+0000] {spark_submit.py:536} INFO - 24/01/05 17:48:21 INFO FileSourceStrategy: Post-Scan Filters:
[2024-01-05T17:48:21.801+0000] {spark_submit.py:536} INFO - 24/01/05 17:48:21 INFO FileSourceStrategy: Output Data Schema: struct<value: string>
[2024-01-05T17:48:22.377+0000] {spark_submit.py:536} INFO - 24/01/05 17:48:22 INFO MemoryStore: Block broadcast_0 stored as values in memory (estimated size 303.1 KiB, free 366.0 MiB)
[2024-01-05T17:48:22.489+0000] {spark_submit.py:536} INFO - 24/01/05 17:48:22 INFO MemoryStore: Block broadcast_0_piece0 stored as bytes in memory (estimated size 27.4 KiB, free 366.0 MiB)
[2024-01-05T17:48:22.494+0000] {spark_submit.py:536} INFO - 24/01/05 17:48:22 INFO BlockManagerInfo: Added broadcast_0_piece0 in memory on airflow.Home:45659 (size: 27.4 KiB, free: 366.3 MiB)
[2024-01-05T17:48:22.502+0000] {spark_submit.py:536} INFO - 24/01/05 17:48:22 INFO SparkContext: Created broadcast 0 from json at NativeMethodAccessorImpl.java:0
[2024-01-05T17:48:22.519+0000] {spark_submit.py:536} INFO - 24/01/05 17:48:22 INFO FileSourceScanExec: Planning scan with bin packing, max size: 4198859 bytes, open cost is considered as scanning 4194304 bytes.
[2024-01-05T17:48:22.814+0000] {spark_submit.py:536} INFO - 24/01/05 17:48:22 INFO SparkContext: Starting job: json at NativeMethodAccessorImpl.java:0
[2024-01-05T17:48:22.847+0000] {spark_submit.py:536} INFO - 24/01/05 17:48:22 INFO DAGScheduler: Got job 0 (json at NativeMethodAccessorImpl.java:0) with 1 output partitions
[2024-01-05T17:48:22.848+0000] {spark_submit.py:536} INFO - 24/01/05 17:48:22 INFO DAGScheduler: Final stage: ResultStage 0 (json at NativeMethodAccessorImpl.java:0)
[2024-01-05T17:48:22.849+0000] {spark_submit.py:536} INFO - 24/01/05 17:48:22 INFO DAGScheduler: Parents of final stage: List()
[2024-01-05T17:48:22.851+0000] {spark_submit.py:536} INFO - 24/01/05 17:48:22 INFO DAGScheduler: Missing parents: List()
[2024-01-05T17:48:22.865+0000] {spark_submit.py:536} INFO - 24/01/05 17:48:22 INFO DAGScheduler: Submitting ResultStage 0 (MapPartitionsRDD[3] at json at NativeMethodAccessorImpl.java:0), which has no missing parents
[2024-01-05T17:48:23.034+0000] {spark_submit.py:536} INFO - 24/01/05 17:48:23 INFO MemoryStore: Block broadcast_1 stored as values in memory (estimated size 12.0 KiB, free 366.0 MiB)
[2024-01-05T17:48:23.050+0000] {spark_submit.py:536} INFO - 24/01/05 17:48:23 INFO MemoryStore: Block broadcast_1_piece0 stored as bytes in memory (estimated size 6.3 KiB, free 366.0 MiB)
[2024-01-05T17:48:23.063+0000] {spark_submit.py:536} INFO - 24/01/05 17:48:23 INFO BlockManagerInfo: Added broadcast_1_piece0 in memory on airflow.Home:45659 (size: 6.3 KiB, free: 366.3 MiB)
[2024-01-05T17:48:23.066+0000] {spark_submit.py:536} INFO - 24/01/05 17:48:23 INFO SparkContext: Created broadcast 1 from broadcast at DAGScheduler.scala:1433
[2024-01-05T17:48:23.094+0000] {spark_submit.py:536} INFO - 24/01/05 17:48:23 INFO DAGScheduler: Submitting 1 missing tasks from ResultStage 0 (MapPartitionsRDD[3] at json at NativeMethodAccessorImpl.java:0) (first 15 tasks are for partitions Vector(0))
[2024-01-05T17:48:23.105+0000] {spark_submit.py:536} INFO - 24/01/05 17:48:23 INFO TaskSchedulerImpl: Adding task set 0.0 with 1 tasks resource profile 0
[2024-01-05T17:48:23.199+0000] {spark_submit.py:536} INFO - 24/01/05 17:48:23 INFO TaskSetManager: Starting task 0.0 in stage 0.0 (TID 0) (airflow.Home, executor driver, partition 0, PROCESS_LOCAL, 4905 bytes) taskResourceAssignments Map()
[2024-01-05T17:48:23.233+0000] {spark_submit.py:536} INFO - 24/01/05 17:48:23 INFO Executor: Running task 0.0 in stage 0.0 (TID 0)
[2024-01-05T17:48:23.788+0000] {spark_submit.py:536} INFO - 24/01/05 17:48:23 INFO FileScanRDD: Reading File path: file:///home/eder/Desktop/Airflow/Twitter/data/raw/2024-01-03/%202024-01-03.json, range: 0-4555, partition values: [empty row]
[2024-01-05T17:48:24.451+0000] {spark_submit.py:536} INFO - 24/01/05 17:48:24 INFO CodeGenerator: Code generated in 393.789435 ms
[2024-01-05T17:48:24.550+0000] {spark_submit.py:536} INFO - 24/01/05 17:48:24 INFO Executor: Finished task 0.0 in stage 0.0 (TID 0). 2768 bytes result sent to driver
[2024-01-05T17:48:24.571+0000] {spark_submit.py:536} INFO - 24/01/05 17:48:24 INFO TaskSetManager: Finished task 0.0 in stage 0.0 (TID 0) in 1387 ms on airflow.Home (executor driver) (1/1)
[2024-01-05T17:48:24.580+0000] {spark_submit.py:536} INFO - 24/01/05 17:48:24 INFO TaskSchedulerImpl: Removed TaskSet 0.0, whose tasks have all completed, from pool
[2024-01-05T17:48:24.589+0000] {spark_submit.py:536} INFO - 24/01/05 17:48:24 INFO DAGScheduler: ResultStage 0 (json at NativeMethodAccessorImpl.java:0) finished in 1.690 s
[2024-01-05T17:48:24.780+0000] {spark_submit.py:536} INFO - 24/01/05 17:48:24 INFO DAGScheduler: Job 0 is finished. Cancelling potential speculative or zombie tasks for this job
[2024-01-05T17:48:24.780+0000] {spark_submit.py:536} INFO - 24/01/05 17:48:24 INFO TaskSchedulerImpl: Killing all running tasks in stage 0: Stage finished
[2024-01-05T17:48:24.787+0000] {spark_submit.py:536} INFO - 24/01/05 17:48:24 INFO DAGScheduler: Job 0 finished: json at NativeMethodAccessorImpl.java:0, took 1.971344 s
[2024-01-05T17:48:25.492+0000] {spark_submit.py:536} INFO - 24/01/05 17:48:25 INFO FileSourceStrategy: Pushed Filters: IsNotNull(data)
[2024-01-05T17:48:25.495+0000] {spark_submit.py:536} INFO - 24/01/05 17:48:25 INFO FileSourceStrategy: Post-Scan Filters: (size(data#7, true) > 0),isnotnull(data#7)
[2024-01-05T17:48:25.496+0000] {spark_submit.py:536} INFO - 24/01/05 17:48:25 INFO FileSourceStrategy: Output Data Schema: struct<data: array<struct<author_id:string,conversation_id:string,created_at:string,edit_history_tweet_ids:array<bigint>,id:string,in_reply_to_user_id:string,lang:string,public_metrics:struct<like_count:bigint,quote_count:bigint,reply_count:bigint,retweet_count:bigint>,text:string>>>
[2024-01-05T17:48:25.625+0000] {spark_submit.py:536} INFO - 24/01/05 17:48:25 INFO FileOutputCommitter: File Output Committer Algorithm version is 1
[2024-01-05T17:48:25.625+0000] {spark_submit.py:536} INFO - 24/01/05 17:48:25 INFO FileOutputCommitter: FileOutputCommitter skip cleanup _temporary folders under output directory:false, ignore cleanup failures: false
[2024-01-05T17:48:25.626+0000] {spark_submit.py:536} INFO - 24/01/05 17:48:25 INFO SQLHadoopMapReduceCommitProtocol: Using output committer class org.apache.hadoop.mapreduce.lib.output.FileOutputCommitter
[2024-01-05T17:48:25.955+0000] {spark_submit.py:536} INFO - 24/01/05 17:48:25 INFO CodeGenerator: Code generated in 58.528244 ms
[2024-01-05T17:48:26.031+0000] {spark_submit.py:536} INFO - 24/01/05 17:48:26 INFO CodeGenerator: Code generated in 40.537842 ms
[2024-01-05T17:48:26.061+0000] {spark_submit.py:536} INFO - 24/01/05 17:48:26 INFO MemoryStore: Block broadcast_2 stored as values in memory (estimated size 303.0 KiB, free 365.7 MiB)
[2024-01-05T17:48:26.069+0000] {spark_submit.py:536} INFO - 24/01/05 17:48:26 INFO MemoryStore: Block broadcast_2_piece0 stored as bytes in memory (estimated size 27.5 KiB, free 365.6 MiB)
[2024-01-05T17:48:26.073+0000] {spark_submit.py:536} INFO - 24/01/05 17:48:26 INFO BlockManagerInfo: Added broadcast_2_piece0 in memory on airflow.Home:45659 (size: 27.5 KiB, free: 366.2 MiB)
[2024-01-05T17:48:26.080+0000] {spark_submit.py:536} INFO - 24/01/05 17:48:26 INFO SparkContext: Created broadcast 2 from json at NativeMethodAccessorImpl.java:0
[2024-01-05T17:48:26.086+0000] {spark_submit.py:536} INFO - 24/01/05 17:48:26 INFO FileSourceScanExec: Planning scan with bin packing, max size: 4198859 bytes, open cost is considered as scanning 4194304 bytes.
[2024-01-05T17:48:26.180+0000] {spark_submit.py:536} INFO - 24/01/05 17:48:26 INFO SparkContext: Starting job: json at NativeMethodAccessorImpl.java:0
[2024-01-05T17:48:26.182+0000] {spark_submit.py:536} INFO - 24/01/05 17:48:26 INFO DAGScheduler: Got job 1 (json at NativeMethodAccessorImpl.java:0) with 1 output partitions
[2024-01-05T17:48:26.183+0000] {spark_submit.py:536} INFO - 24/01/05 17:48:26 INFO DAGScheduler: Final stage: ResultStage 1 (json at NativeMethodAccessorImpl.java:0)
[2024-01-05T17:48:26.183+0000] {spark_submit.py:536} INFO - 24/01/05 17:48:26 INFO DAGScheduler: Parents of final stage: List()
[2024-01-05T17:48:26.183+0000] {spark_submit.py:536} INFO - 24/01/05 17:48:26 INFO DAGScheduler: Missing parents: List()
[2024-01-05T17:48:26.195+0000] {spark_submit.py:536} INFO - 24/01/05 17:48:26 INFO DAGScheduler: Submitting ResultStage 1 (CoalescedRDD[9] at json at NativeMethodAccessorImpl.java:0), which has no missing parents
[2024-01-05T17:48:26.315+0000] {spark_submit.py:536} INFO - 24/01/05 17:48:26 INFO MemoryStore: Block broadcast_3 stored as values in memory (estimated size 189.7 KiB, free 365.5 MiB)
[2024-01-05T17:48:26.326+0000] {spark_submit.py:536} INFO - 24/01/05 17:48:26 INFO MemoryStore: Block broadcast_3_piece0 stored as bytes in memory (estimated size 66.4 KiB, free 365.4 MiB)
[2024-01-05T17:48:26.327+0000] {spark_submit.py:536} INFO - 24/01/05 17:48:26 INFO BlockManagerInfo: Added broadcast_3_piece0 in memory on airflow.Home:45659 (size: 66.4 KiB, free: 366.2 MiB)
[2024-01-05T17:48:26.330+0000] {spark_submit.py:536} INFO - 24/01/05 17:48:26 INFO SparkContext: Created broadcast 3 from broadcast at DAGScheduler.scala:1433
[2024-01-05T17:48:26.331+0000] {spark_submit.py:536} INFO - 24/01/05 17:48:26 INFO DAGScheduler: Submitting 1 missing tasks from ResultStage 1 (CoalescedRDD[9] at json at NativeMethodAccessorImpl.java:0) (first 15 tasks are for partitions Vector(0))
[2024-01-05T17:48:26.331+0000] {spark_submit.py:536} INFO - 24/01/05 17:48:26 INFO TaskSchedulerImpl: Adding task set 1.0 with 1 tasks resource profile 0
[2024-01-05T17:48:26.348+0000] {spark_submit.py:536} INFO - 24/01/05 17:48:26 INFO TaskSetManager: Starting task 0.0 in stage 1.0 (TID 1) (airflow.Home, executor driver, partition 0, PROCESS_LOCAL, 5134 bytes) taskResourceAssignments Map()
[2024-01-05T17:48:26.352+0000] {spark_submit.py:536} INFO - 24/01/05 17:48:26 INFO Executor: Running task 0.0 in stage 1.0 (TID 1)
[2024-01-05T17:48:26.456+0000] {spark_submit.py:536} INFO - 24/01/05 17:48:26 INFO FileOutputCommitter: File Output Committer Algorithm version is 1
[2024-01-05T17:48:26.462+0000] {spark_submit.py:536} INFO - 24/01/05 17:48:26 INFO FileOutputCommitter: FileOutputCommitter skip cleanup _temporary folders under output directory:false, ignore cleanup failures: false
[2024-01-05T17:48:26.464+0000] {spark_submit.py:536} INFO - 24/01/05 17:48:26 INFO SQLHadoopMapReduceCommitProtocol: Using output committer class org.apache.hadoop.mapreduce.lib.output.FileOutputCommitter
[2024-01-05T17:48:26.706+0000] {spark_submit.py:536} INFO - 24/01/05 17:48:26 INFO CodeGenerator: Code generated in 39.276221 ms
[2024-01-05T17:48:26.714+0000] {spark_submit.py:536} INFO - 24/01/05 17:48:26 INFO FileScanRDD: Reading File path: file:///home/eder/Desktop/Airflow/Twitter/data/raw/2024-01-03/%202024-01-03.json, range: 0-4555, partition values: [empty row]
[2024-01-05T17:48:26.745+0000] {spark_submit.py:536} INFO - 24/01/05 17:48:26 INFO CodeGenerator: Code generated in 25.328818 ms
[2024-01-05T17:48:26.791+0000] {spark_submit.py:536} INFO - 24/01/05 17:48:26 INFO CodeGenerator: Code generated in 12.41675 ms
[2024-01-05T17:48:26.867+0000] {spark_submit.py:536} INFO - 24/01/05 17:48:26 INFO FileOutputCommitter: Saved output of task 'attempt_202401051748264316925666047788266_0001_m_000000_1' to file:/home/eder/Desktop/Airflow/Twitter/data/processed/tweets/2024-01-03/_temporary/0/task_202401051748264316925666047788266_0001_m_000000
[2024-01-05T17:48:26.869+0000] {spark_submit.py:536} INFO - 24/01/05 17:48:26 INFO SparkHadoopMapRedUtil: attempt_202401051748264316925666047788266_0001_m_000000_1: Committed
[2024-01-05T17:48:26.875+0000] {spark_submit.py:536} INFO - 24/01/05 17:48:26 INFO Executor: Finished task 0.0 in stage 1.0 (TID 1). 2901 bytes result sent to driver
[2024-01-05T17:48:26.878+0000] {spark_submit.py:536} INFO - 24/01/05 17:48:26 INFO TaskSetManager: Finished task 0.0 in stage 1.0 (TID 1) in 546 ms on airflow.Home (executor driver) (1/1)
[2024-01-05T17:48:26.878+0000] {spark_submit.py:536} INFO - 24/01/05 17:48:26 INFO TaskSchedulerImpl: Removed TaskSet 1.0, whose tasks have all completed, from pool
[2024-01-05T17:48:26.882+0000] {spark_submit.py:536} INFO - 24/01/05 17:48:26 INFO DAGScheduler: ResultStage 1 (json at NativeMethodAccessorImpl.java:0) finished in 0.687 s
[2024-01-05T17:48:26.882+0000] {spark_submit.py:536} INFO - 24/01/05 17:48:26 INFO DAGScheduler: Job 1 is finished. Cancelling potential speculative or zombie tasks for this job
[2024-01-05T17:48:26.882+0000] {spark_submit.py:536} INFO - 24/01/05 17:48:26 INFO TaskSchedulerImpl: Killing all running tasks in stage 1: Stage finished
[2024-01-05T17:48:26.884+0000] {spark_submit.py:536} INFO - 24/01/05 17:48:26 INFO DAGScheduler: Job 1 finished: json at NativeMethodAccessorImpl.java:0, took 0.703823 s
[2024-01-05T17:48:26.919+0000] {spark_submit.py:536} INFO - 24/01/05 17:48:26 INFO FileFormatWriter: Write Job 12cefd26-0811-4625-b8e6-3386990d611c committed.
[2024-01-05T17:48:26.929+0000] {spark_submit.py:536} INFO - 24/01/05 17:48:26 INFO FileFormatWriter: Finished processing stats for write job 12cefd26-0811-4625-b8e6-3386990d611c.
[2024-01-05T17:48:27.027+0000] {spark_submit.py:536} INFO - 24/01/05 17:48:27 INFO FileSourceStrategy: Pushed Filters:
[2024-01-05T17:48:27.028+0000] {spark_submit.py:536} INFO - 24/01/05 17:48:27 INFO FileSourceStrategy: Post-Scan Filters:
[2024-01-05T17:48:27.029+0000] {spark_submit.py:536} INFO - 24/01/05 17:48:27 INFO FileSourceStrategy: Output Data Schema: struct<includes: struct<users: array<struct<created_at:string,id:string,name:string,username:string>>>>
[2024-01-05T17:48:27.056+0000] {spark_submit.py:536} INFO - 24/01/05 17:48:27 INFO FileOutputCommitter: File Output Committer Algorithm version is 1
[2024-01-05T17:48:27.057+0000] {spark_submit.py:536} INFO - 24/01/05 17:48:27 INFO FileOutputCommitter: FileOutputCommitter skip cleanup _temporary folders under output directory:false, ignore cleanup failures: false
[2024-01-05T17:48:27.057+0000] {spark_submit.py:536} INFO - 24/01/05 17:48:27 INFO SQLHadoopMapReduceCommitProtocol: Using output committer class org.apache.hadoop.mapreduce.lib.output.FileOutputCommitter
[2024-01-05T17:48:27.283+0000] {spark_submit.py:536} INFO - 24/01/05 17:48:27 INFO CodeGenerator: Code generated in 54.427415 ms
[2024-01-05T17:48:27.287+0000] {spark_submit.py:536} INFO - 24/01/05 17:48:27 INFO MemoryStore: Block broadcast_4 stored as values in memory (estimated size 303.0 KiB, free 365.1 MiB)
[2024-01-05T17:48:27.293+0000] {spark_submit.py:536} INFO - 24/01/05 17:48:27 INFO MemoryStore: Block broadcast_4_piece0 stored as bytes in memory (estimated size 27.5 KiB, free 365.1 MiB)
[2024-01-05T17:48:27.296+0000] {spark_submit.py:536} INFO - 24/01/05 17:48:27 INFO BlockManagerInfo: Added broadcast_4_piece0 in memory on airflow.Home:45659 (size: 27.5 KiB, free: 366.1 MiB)
[2024-01-05T17:48:27.298+0000] {spark_submit.py:536} INFO - 24/01/05 17:48:27 INFO SparkContext: Created broadcast 4 from json at NativeMethodAccessorImpl.java:0
[2024-01-05T17:48:27.308+0000] {spark_submit.py:536} INFO - 24/01/05 17:48:27 INFO FileSourceScanExec: Planning scan with bin packing, max size: 4198859 bytes, open cost is considered as scanning 4194304 bytes.
[2024-01-05T17:48:27.323+0000] {spark_submit.py:536} INFO - 24/01/05 17:48:27 INFO SparkContext: Starting job: json at NativeMethodAccessorImpl.java:0
[2024-01-05T17:48:27.326+0000] {spark_submit.py:536} INFO - 24/01/05 17:48:27 INFO DAGScheduler: Got job 2 (json at NativeMethodAccessorImpl.java:0) with 1 output partitions
[2024-01-05T17:48:27.326+0000] {spark_submit.py:536} INFO - 24/01/05 17:48:27 INFO DAGScheduler: Final stage: ResultStage 2 (json at NativeMethodAccessorImpl.java:0)
[2024-01-05T17:48:27.326+0000] {spark_submit.py:536} INFO - 24/01/05 17:48:27 INFO DAGScheduler: Parents of final stage: List()
[2024-01-05T17:48:27.327+0000] {spark_submit.py:536} INFO - 24/01/05 17:48:27 INFO DAGScheduler: Missing parents: List()
[2024-01-05T17:48:27.342+0000] {spark_submit.py:536} INFO - 24/01/05 17:48:27 INFO DAGScheduler: Submitting ResultStage 2 (CoalescedRDD[16] at json at NativeMethodAccessorImpl.java:0), which has no missing parents
[2024-01-05T17:48:27.380+0000] {spark_submit.py:536} INFO - 24/01/05 17:48:27 INFO MemoryStore: Block broadcast_5 stored as values in memory (estimated size 178.0 KiB, free 364.9 MiB)
[2024-01-05T17:48:27.383+0000] {spark_submit.py:536} INFO - 24/01/05 17:48:27 INFO MemoryStore: Block broadcast_5_piece0 stored as bytes in memory (estimated size 63.8 KiB, free 364.8 MiB)
[2024-01-05T17:48:27.385+0000] {spark_submit.py:536} INFO - 24/01/05 17:48:27 INFO BlockManagerInfo: Added broadcast_5_piece0 in memory on airflow.Home:45659 (size: 63.8 KiB, free: 366.1 MiB)
[2024-01-05T17:48:27.391+0000] {spark_submit.py:536} INFO - 24/01/05 17:48:27 INFO SparkContext: Created broadcast 5 from broadcast at DAGScheduler.scala:1433
[2024-01-05T17:48:27.392+0000] {spark_submit.py:536} INFO - 24/01/05 17:48:27 INFO DAGScheduler: Submitting 1 missing tasks from ResultStage 2 (CoalescedRDD[16] at json at NativeMethodAccessorImpl.java:0) (first 15 tasks are for partitions Vector(0))
[2024-01-05T17:48:27.392+0000] {spark_submit.py:536} INFO - 24/01/05 17:48:27 INFO TaskSchedulerImpl: Adding task set 2.0 with 1 tasks resource profile 0
[2024-01-05T17:48:27.393+0000] {spark_submit.py:536} INFO - 24/01/05 17:48:27 INFO TaskSetManager: Starting task 0.0 in stage 2.0 (TID 2) (airflow.Home, executor driver, partition 0, PROCESS_LOCAL, 5134 bytes) taskResourceAssignments Map()
[2024-01-05T17:48:27.395+0000] {spark_submit.py:536} INFO - 24/01/05 17:48:27 INFO Executor: Running task 0.0 in stage 2.0 (TID 2)
[2024-01-05T17:48:27.411+0000] {spark_submit.py:536} INFO - 24/01/05 17:48:27 INFO FileOutputCommitter: File Output Committer Algorithm version is 1
[2024-01-05T17:48:27.413+0000] {spark_submit.py:536} INFO - 24/01/05 17:48:27 INFO FileOutputCommitter: FileOutputCommitter skip cleanup _temporary folders under output directory:false, ignore cleanup failures: false
[2024-01-05T17:48:27.414+0000] {spark_submit.py:536} INFO - 24/01/05 17:48:27 INFO SQLHadoopMapReduceCommitProtocol: Using output committer class org.apache.hadoop.mapreduce.lib.output.FileOutputCommitter
[2024-01-05T17:48:27.493+0000] {spark_submit.py:536} INFO - 24/01/05 17:48:27 INFO CodeGenerator: Code generated in 20.79022 ms
[2024-01-05T17:48:27.500+0000] {spark_submit.py:536} INFO - 24/01/05 17:48:27 INFO FileScanRDD: Reading File path: file:///home/eder/Desktop/Airflow/Twitter/data/raw/2024-01-03/%202024-01-03.json, range: 0-4555, partition values: [empty row]
[2024-01-05T17:48:27.525+0000] {spark_submit.py:536} INFO - 24/01/05 17:48:27 INFO CodeGenerator: Code generated in 22.535705 ms
[2024-01-05T17:48:27.541+0000] {spark_submit.py:536} INFO - 24/01/05 17:48:27 INFO FileOutputCommitter: Saved output of task 'attempt_20240105174827357174260049448884_0002_m_000000_2' to file:/home/eder/Desktop/Airflow/Twitter/data/processed/users/2024-01-03/_temporary/0/task_20240105174827357174260049448884_0002_m_000000
[2024-01-05T17:48:27.541+0000] {spark_submit.py:536} INFO - 24/01/05 17:48:27 INFO SparkHadoopMapRedUtil: attempt_20240105174827357174260049448884_0002_m_000000_2: Committed
[2024-01-05T17:48:27.543+0000] {spark_submit.py:536} INFO - 24/01/05 17:48:27 INFO Executor: Finished task 0.0 in stage 2.0 (TID 2). 2734 bytes result sent to driver
[2024-01-05T17:48:27.565+0000] {spark_submit.py:536} INFO - 24/01/05 17:48:27 INFO TaskSetManager: Finished task 0.0 in stage 2.0 (TID 2) in 166 ms on airflow.Home (executor driver) (1/1)
[2024-01-05T17:48:27.566+0000] {spark_submit.py:536} INFO - 24/01/05 17:48:27 INFO TaskSchedulerImpl: Removed TaskSet 2.0, whose tasks have all completed, from pool
[2024-01-05T17:48:27.572+0000] {spark_submit.py:536} INFO - 24/01/05 17:48:27 INFO DAGScheduler: ResultStage 2 (json at NativeMethodAccessorImpl.java:0) finished in 0.229 s
[2024-01-05T17:48:27.583+0000] {spark_submit.py:536} INFO - 24/01/05 17:48:27 INFO DAGScheduler: Job 2 is finished. Cancelling potential speculative or zombie tasks for this job
[2024-01-05T17:48:27.583+0000] {spark_submit.py:536} INFO - 24/01/05 17:48:27 INFO TaskSchedulerImpl: Killing all running tasks in stage 2: Stage finished
[2024-01-05T17:48:27.584+0000] {spark_submit.py:536} INFO - 24/01/05 17:48:27 INFO DAGScheduler: Job 2 finished: json at NativeMethodAccessorImpl.java:0, took 0.260496 s
[2024-01-05T17:48:27.632+0000] {spark_submit.py:536} INFO - 24/01/05 17:48:27 INFO FileFormatWriter: Write Job 9ecb451d-5493-47bc-ad6e-53c3fc5c338f committed.
[2024-01-05T17:48:27.633+0000] {spark_submit.py:536} INFO - 24/01/05 17:48:27 INFO FileFormatWriter: Finished processing stats for write job 9ecb451d-5493-47bc-ad6e-53c3fc5c338f.
[2024-01-05T17:48:27.690+0000] {spark_submit.py:536} INFO - 24/01/05 17:48:27 INFO SparkContext: Invoking stop() from shutdown hook
[2024-01-05T17:48:27.727+0000] {spark_submit.py:536} INFO - 24/01/05 17:48:27 INFO SparkUI: Stopped Spark web UI at http://airflow.Home:4040
[2024-01-05T17:48:27.790+0000] {spark_submit.py:536} INFO - 24/01/05 17:48:27 INFO MapOutputTrackerMasterEndpoint: MapOutputTrackerMasterEndpoint stopped!
[2024-01-05T17:48:27.819+0000] {spark_submit.py:536} INFO - 24/01/05 17:48:27 INFO MemoryStore: MemoryStore cleared
[2024-01-05T17:48:27.822+0000] {spark_submit.py:536} INFO - 24/01/05 17:48:27 INFO BlockManager: BlockManager stopped
[2024-01-05T17:48:27.841+0000] {spark_submit.py:536} INFO - 24/01/05 17:48:27 INFO BlockManagerMaster: BlockManagerMaster stopped
[2024-01-05T17:48:27.852+0000] {spark_submit.py:536} INFO - 24/01/05 17:48:27 INFO OutputCommitCoordinator$OutputCommitCoordinatorEndpoint: OutputCommitCoordinator stopped!
[2024-01-05T17:48:27.894+0000] {spark_submit.py:536} INFO - 24/01/05 17:48:27 INFO SparkContext: Successfully stopped SparkContext
[2024-01-05T17:48:27.894+0000] {spark_submit.py:536} INFO - 24/01/05 17:48:27 INFO ShutdownHookManager: Shutdown hook called
[2024-01-05T17:48:27.895+0000] {spark_submit.py:536} INFO - 24/01/05 17:48:27 INFO ShutdownHookManager: Deleting directory /tmp/spark-91f8f111-ed53-4877-9b23-aca425829428
[2024-01-05T17:48:27.904+0000] {spark_submit.py:536} INFO - 24/01/05 17:48:27 INFO ShutdownHookManager: Deleting directory /tmp/spark-35281c7e-a83a-4b4e-8ed8-1c28a03dabf5
[2024-01-05T17:48:27.909+0000] {spark_submit.py:536} INFO - 24/01/05 17:48:27 INFO ShutdownHookManager: Deleting directory /tmp/spark-91f8f111-ed53-4877-9b23-aca425829428/pyspark-8520c437-026f-46e7-8ea2-6a389031eb6f
[2024-01-05T17:48:28.062+0000] {taskinstance.py:1138} INFO - Marking task as SUCCESS. dag_id=TwitterDAG, task_id=transform_twitter_data, execution_date=20240103T000000, start_date=20240105T174808, end_date=20240105T174828
[2024-01-05T17:48:28.166+0000] {local_task_job_runner.py:234} INFO - Task exited with return code 0
[2024-01-05T17:48:28.179+0000] {taskinstance.py:3281} INFO - 1 downstream tasks scheduled from follow-on schedule check
[2024-01-05T18:06:57.209+0000] {taskinstance.py:1957} INFO - Dependencies all met for dep_context=non-requeueable deps ti=<TaskInstance: TwitterDAG.transform_twitter_data scheduled__2024-01-03T00:00:00+00:00 [queued]>
[2024-01-05T18:06:57.243+0000] {taskinstance.py:1957} INFO - Dependencies all met for dep_context=requeueable deps ti=<TaskInstance: TwitterDAG.transform_twitter_data scheduled__2024-01-03T00:00:00+00:00 [queued]>
[2024-01-05T18:06:57.243+0000] {taskinstance.py:2171} INFO - Starting attempt 1 of 1
[2024-01-05T18:06:57.317+0000] {taskinstance.py:2192} INFO - Executing <Task(SparkSubmitOperator): transform_twitter_data> on 2024-01-03 00:00:00+00:00
[2024-01-05T18:06:57.326+0000] {standard_task_runner.py:60} INFO - Started process 40594 to run task
[2024-01-05T18:06:57.331+0000] {standard_task_runner.py:87} INFO - Running: ['airflow', 'tasks', 'run', 'TwitterDAG', 'transform_twitter_data', 'scheduled__2024-01-03T00:00:00+00:00', '--job-id', '100', '--raw', '--subdir', 'DAGS_FOLDER/twitter_dag.py', '--cfg-path', '/tmp/tmptr8neew8']
[2024-01-05T18:06:57.331+0000] {standard_task_runner.py:88} INFO - Job 100: Subtask transform_twitter_data
[2024-01-05T18:06:57.398+0000] {task_command.py:423} INFO - Running <TaskInstance: TwitterDAG.transform_twitter_data scheduled__2024-01-03T00:00:00+00:00 [running]> on host airflow.vm.local
[2024-01-05T18:06:57.574+0000] {taskinstance.py:2481} INFO - Exporting env vars: AIRFLOW_CTX_DAG_OWNER='airflow' AIRFLOW_CTX_DAG_ID='TwitterDAG' AIRFLOW_CTX_TASK_ID='transform_twitter_data' AIRFLOW_CTX_EXECUTION_DATE='2024-01-03T00:00:00+00:00' AIRFLOW_CTX_TRY_NUMBER='1' AIRFLOW_CTX_DAG_RUN_ID='scheduled__2024-01-03T00:00:00+00:00'
[2024-01-05T18:06:57.581+0000] {base.py:83} INFO - Using connection ID 'spark_default' for task execution.
[2024-01-05T18:06:57.582+0000] {spark_submit.py:366} INFO - Spark-Submit cmd: spark-submit --master local --name Twitter Transformation --queue root.default /home/eder/Desktop/Airflow/Twitter/src/spark/transformation.py --src /home/eder/Desktop/Airflow/Twitter/data/raw/2024-01-03 --dest /home/eder/Desktop/Airflow/Twitter/data/processed/ --process_date 2024-01-03
[2024-01-05T18:07:00.890+0000] {spark_submit.py:536} INFO - 24/01/05 18:07:00 WARN Utils: Your hostname, airflow resolves to a loopback address: 127.0.1.1; using 192.168.1.79 instead (on interface enp0s3)
[2024-01-05T18:07:00.891+0000] {spark_submit.py:536} INFO - 24/01/05 18:07:00 WARN Utils: Set SPARK_LOCAL_IP if you need to bind to another address
[2024-01-05T18:07:01.963+0000] {spark_submit.py:536} INFO - 24/01/05 18:07:01 WARN NativeCodeLoader: Unable to load native-hadoop library for your platform... using builtin-java classes where applicable
[2024-01-05T18:07:03.334+0000] {spark_submit.py:536} INFO - Using Spark's default log4j profile: org/apache/spark/log4j-defaults.properties
[2024-01-05T18:07:03.360+0000] {spark_submit.py:536} INFO - 24/01/05 18:07:03 INFO SparkContext: Running Spark version 3.1.3
[2024-01-05T18:07:03.500+0000] {spark_submit.py:536} INFO - 24/01/05 18:07:03 INFO ResourceUtils: ==============================================================
[2024-01-05T18:07:03.500+0000] {spark_submit.py:536} INFO - 24/01/05 18:07:03 INFO ResourceUtils: No custom resources configured for spark.driver.
[2024-01-05T18:07:03.500+0000] {spark_submit.py:536} INFO - 24/01/05 18:07:03 INFO ResourceUtils: ==============================================================
[2024-01-05T18:07:03.503+0000] {spark_submit.py:536} INFO - 24/01/05 18:07:03 INFO SparkContext: Submitted application: Data Transformation
[2024-01-05T18:07:03.587+0000] {spark_submit.py:536} INFO - 24/01/05 18:07:03 INFO ResourceProfile: Default ResourceProfile created, executor resources: Map(cores -> name: cores, amount: 1, script: , vendor: , memory -> name: memory, amount: 1024, script: , vendor: , offHeap -> name: offHeap, amount: 0, script: , vendor: ), task resources: Map(cpus -> name: cpus, amount: 1.0)
[2024-01-05T18:07:03.614+0000] {spark_submit.py:536} INFO - 24/01/05 18:07:03 INFO ResourceProfile: Limiting resource is cpu
[2024-01-05T18:07:03.615+0000] {spark_submit.py:536} INFO - 24/01/05 18:07:03 INFO ResourceProfileManager: Added ResourceProfile id: 0
[2024-01-05T18:07:03.761+0000] {spark_submit.py:536} INFO - 24/01/05 18:07:03 INFO SecurityManager: Changing view acls to: eder
[2024-01-05T18:07:03.762+0000] {spark_submit.py:536} INFO - 24/01/05 18:07:03 INFO SecurityManager: Changing modify acls to: eder
[2024-01-05T18:07:03.762+0000] {spark_submit.py:536} INFO - 24/01/05 18:07:03 INFO SecurityManager: Changing view acls groups to:
[2024-01-05T18:07:03.762+0000] {spark_submit.py:536} INFO - 24/01/05 18:07:03 INFO SecurityManager: Changing modify acls groups to:
[2024-01-05T18:07:03.762+0000] {spark_submit.py:536} INFO - 24/01/05 18:07:03 INFO SecurityManager: SecurityManager: authentication disabled; ui acls disabled; users  with view permissions: Set(eder); groups with view permissions: Set(); users  with modify permissions: Set(eder); groups with modify permissions: Set()
[2024-01-05T18:07:04.539+0000] {spark_submit.py:536} INFO - 24/01/05 18:07:04 INFO Utils: Successfully started service 'sparkDriver' on port 36755.
[2024-01-05T18:07:04.699+0000] {spark_submit.py:536} INFO - 24/01/05 18:07:04 INFO SparkEnv: Registering MapOutputTracker
[2024-01-05T18:07:04.835+0000] {spark_submit.py:536} INFO - 24/01/05 18:07:04 INFO SparkEnv: Registering BlockManagerMaster
[2024-01-05T18:07:04.926+0000] {spark_submit.py:536} INFO - 24/01/05 18:07:04 INFO BlockManagerMasterEndpoint: Using org.apache.spark.storage.DefaultTopologyMapper for getting topology information
[2024-01-05T18:07:04.955+0000] {spark_submit.py:536} INFO - 24/01/05 18:07:04 INFO BlockManagerMasterEndpoint: BlockManagerMasterEndpoint up
[2024-01-05T18:07:04.961+0000] {spark_submit.py:536} INFO - 24/01/05 18:07:04 INFO SparkEnv: Registering BlockManagerMasterHeartbeat
[2024-01-05T18:07:05.008+0000] {spark_submit.py:536} INFO - 24/01/05 18:07:05 INFO DiskBlockManager: Created local directory at /tmp/blockmgr-251ea72e-31b5-4b93-9311-115b9c184840
[2024-01-05T18:07:05.076+0000] {spark_submit.py:536} INFO - 24/01/05 18:07:05 INFO MemoryStore: MemoryStore started with capacity 366.3 MiB
[2024-01-05T18:07:05.234+0000] {spark_submit.py:536} INFO - 24/01/05 18:07:05 INFO SparkEnv: Registering OutputCommitCoordinator
[2024-01-05T18:07:06.067+0000] {spark_submit.py:536} INFO - 24/01/05 18:07:06 INFO Utils: Successfully started service 'SparkUI' on port 4040.
[2024-01-05T18:07:06.383+0000] {spark_submit.py:536} INFO - 24/01/05 18:07:06 INFO SparkUI: Bound SparkUI to 0.0.0.0, and started at http://airflow.Home:4040
[2024-01-05T18:07:07.062+0000] {spark_submit.py:536} INFO - 24/01/05 18:07:07 INFO Executor: Starting executor ID driver on host airflow.Home
[2024-01-05T18:07:07.147+0000] {spark_submit.py:536} INFO - 24/01/05 18:07:07 INFO Utils: Successfully started service 'org.apache.spark.network.netty.NettyBlockTransferService' on port 45855.
[2024-01-05T18:07:07.147+0000] {spark_submit.py:536} INFO - 24/01/05 18:07:07 INFO NettyBlockTransferService: Server created on airflow.Home:45855
[2024-01-05T18:07:07.155+0000] {spark_submit.py:536} INFO - 24/01/05 18:07:07 INFO BlockManager: Using org.apache.spark.storage.RandomBlockReplicationPolicy for block replication policy
[2024-01-05T18:07:07.192+0000] {spark_submit.py:536} INFO - 24/01/05 18:07:07 INFO BlockManagerMaster: Registering BlockManager BlockManagerId(driver, airflow.Home, 45855, None)
[2024-01-05T18:07:07.242+0000] {spark_submit.py:536} INFO - 24/01/05 18:07:07 INFO BlockManagerMasterEndpoint: Registering block manager airflow.Home:45855 with 366.3 MiB RAM, BlockManagerId(driver, airflow.Home, 45855, None)
[2024-01-05T18:07:07.291+0000] {spark_submit.py:536} INFO - 24/01/05 18:07:07 INFO BlockManagerMaster: Registered BlockManager BlockManagerId(driver, airflow.Home, 45855, None)
[2024-01-05T18:07:07.299+0000] {spark_submit.py:536} INFO - 24/01/05 18:07:07 INFO BlockManager: Initialized BlockManager: BlockManagerId(driver, airflow.Home, 45855, None)
[2024-01-05T18:07:08.768+0000] {spark_submit.py:536} INFO - 24/01/05 18:07:08 INFO SharedState: Setting hive.metastore.warehouse.dir ('null') to the value of spark.sql.warehouse.dir ('file:/home/eder/Desktop/Airflow/Twitter/spark-warehouse').
[2024-01-05T18:07:08.768+0000] {spark_submit.py:536} INFO - 24/01/05 18:07:08 INFO SharedState: Warehouse path is 'file:/home/eder/Desktop/Airflow/Twitter/spark-warehouse'.
[2024-01-05T18:07:10.298+0000] {spark_submit.py:536} INFO - 24/01/05 18:07:10 INFO InMemoryFileIndex: It took 82 ms to list leaf files for 1 paths.
[2024-01-05T18:07:10.447+0000] {spark_submit.py:536} INFO - 24/01/05 18:07:10 INFO InMemoryFileIndex: It took 3 ms to list leaf files for 1 paths.
[2024-01-05T18:07:13.914+0000] {spark_submit.py:536} INFO - 24/01/05 18:07:13 INFO FileSourceStrategy: Pushed Filters:
[2024-01-05T18:07:13.916+0000] {spark_submit.py:536} INFO - 24/01/05 18:07:13 INFO FileSourceStrategy: Post-Scan Filters:
[2024-01-05T18:07:13.923+0000] {spark_submit.py:536} INFO - 24/01/05 18:07:13 INFO FileSourceStrategy: Output Data Schema: struct<value: string>
[2024-01-05T18:07:14.512+0000] {spark_submit.py:536} INFO - 24/01/05 18:07:14 INFO MemoryStore: Block broadcast_0 stored as values in memory (estimated size 303.1 KiB, free 366.0 MiB)
[2024-01-05T18:07:14.626+0000] {spark_submit.py:536} INFO - 24/01/05 18:07:14 INFO MemoryStore: Block broadcast_0_piece0 stored as bytes in memory (estimated size 27.4 KiB, free 366.0 MiB)
[2024-01-05T18:07:14.630+0000] {spark_submit.py:536} INFO - 24/01/05 18:07:14 INFO BlockManagerInfo: Added broadcast_0_piece0 in memory on airflow.Home:45855 (size: 27.4 KiB, free: 366.3 MiB)
[2024-01-05T18:07:14.639+0000] {spark_submit.py:536} INFO - 24/01/05 18:07:14 INFO SparkContext: Created broadcast 0 from json at NativeMethodAccessorImpl.java:0
[2024-01-05T18:07:14.658+0000] {spark_submit.py:536} INFO - 24/01/05 18:07:14 INFO FileSourceScanExec: Planning scan with bin packing, max size: 4203364 bytes, open cost is considered as scanning 4194304 bytes.
[2024-01-05T18:07:14.940+0000] {spark_submit.py:536} INFO - 24/01/05 18:07:14 INFO SparkContext: Starting job: json at NativeMethodAccessorImpl.java:0
[2024-01-05T18:07:14.973+0000] {spark_submit.py:536} INFO - 24/01/05 18:07:14 INFO DAGScheduler: Got job 0 (json at NativeMethodAccessorImpl.java:0) with 1 output partitions
[2024-01-05T18:07:14.974+0000] {spark_submit.py:536} INFO - 24/01/05 18:07:14 INFO DAGScheduler: Final stage: ResultStage 0 (json at NativeMethodAccessorImpl.java:0)
[2024-01-05T18:07:14.975+0000] {spark_submit.py:536} INFO - 24/01/05 18:07:14 INFO DAGScheduler: Parents of final stage: List()
[2024-01-05T18:07:14.978+0000] {spark_submit.py:536} INFO - 24/01/05 18:07:14 INFO DAGScheduler: Missing parents: List()
[2024-01-05T18:07:15.006+0000] {spark_submit.py:536} INFO - 24/01/05 18:07:15 INFO DAGScheduler: Submitting ResultStage 0 (MapPartitionsRDD[3] at json at NativeMethodAccessorImpl.java:0), which has no missing parents
[2024-01-05T18:07:15.261+0000] {spark_submit.py:536} INFO - 24/01/05 18:07:15 INFO MemoryStore: Block broadcast_1 stored as values in memory (estimated size 12.0 KiB, free 366.0 MiB)
[2024-01-05T18:07:15.268+0000] {spark_submit.py:536} INFO - 24/01/05 18:07:15 INFO MemoryStore: Block broadcast_1_piece0 stored as bytes in memory (estimated size 6.3 KiB, free 366.0 MiB)
[2024-01-05T18:07:15.269+0000] {spark_submit.py:536} INFO - 24/01/05 18:07:15 INFO BlockManagerInfo: Added broadcast_1_piece0 in memory on airflow.Home:45855 (size: 6.3 KiB, free: 366.3 MiB)
[2024-01-05T18:07:15.278+0000] {spark_submit.py:536} INFO - 24/01/05 18:07:15 INFO SparkContext: Created broadcast 1 from broadcast at DAGScheduler.scala:1433
[2024-01-05T18:07:15.298+0000] {spark_submit.py:536} INFO - 24/01/05 18:07:15 INFO DAGScheduler: Submitting 1 missing tasks from ResultStage 0 (MapPartitionsRDD[3] at json at NativeMethodAccessorImpl.java:0) (first 15 tasks are for partitions Vector(0))
[2024-01-05T18:07:15.303+0000] {spark_submit.py:536} INFO - 24/01/05 18:07:15 INFO TaskSchedulerImpl: Adding task set 0.0 with 1 tasks resource profile 0
[2024-01-05T18:07:15.421+0000] {spark_submit.py:536} INFO - 24/01/05 18:07:15 INFO TaskSetManager: Starting task 0.0 in stage 0.0 (TID 0) (airflow.Home, executor driver, partition 0, PROCESS_LOCAL, 4905 bytes) taskResourceAssignments Map()
[2024-01-05T18:07:15.451+0000] {spark_submit.py:536} INFO - 24/01/05 18:07:15 INFO Executor: Running task 0.0 in stage 0.0 (TID 0)
[2024-01-05T18:07:15.973+0000] {spark_submit.py:536} INFO - 24/01/05 18:07:15 INFO FileScanRDD: Reading File path: file:///home/eder/Desktop/Airflow/Twitter/data/raw/2024-01-03/%202024-01-03.json, range: 0-9060, partition values: [empty row]
[2024-01-05T18:07:16.466+0000] {spark_submit.py:536} INFO - 24/01/05 18:07:16 INFO CodeGenerator: Code generated in 315.045805 ms
[2024-01-05T18:07:16.571+0000] {spark_submit.py:536} INFO - 24/01/05 18:07:16 INFO Executor: Finished task 0.0 in stage 0.0 (TID 0). 2798 bytes result sent to driver
[2024-01-05T18:07:16.592+0000] {spark_submit.py:536} INFO - 24/01/05 18:07:16 INFO TaskSetManager: Finished task 0.0 in stage 0.0 (TID 0) in 1183 ms on airflow.Home (executor driver) (1/1)
[2024-01-05T18:07:16.800+0000] {spark_submit.py:536} INFO - 24/01/05 18:07:16 INFO TaskSchedulerImpl: Removed TaskSet 0.0, whose tasks have all completed, from pool
[2024-01-05T18:07:16.813+0000] {spark_submit.py:536} INFO - 24/01/05 18:07:16 INFO DAGScheduler: ResultStage 0 (json at NativeMethodAccessorImpl.java:0) finished in 1.771 s
[2024-01-05T18:07:16.821+0000] {spark_submit.py:536} INFO - 24/01/05 18:07:16 INFO DAGScheduler: Job 0 is finished. Cancelling potential speculative or zombie tasks for this job
[2024-01-05T18:07:16.821+0000] {spark_submit.py:536} INFO - 24/01/05 18:07:16 INFO TaskSchedulerImpl: Killing all running tasks in stage 0: Stage finished
[2024-01-05T18:07:16.828+0000] {spark_submit.py:536} INFO - 24/01/05 18:07:16 INFO DAGScheduler: Job 0 finished: json at NativeMethodAccessorImpl.java:0, took 1.885645 s
[2024-01-05T18:07:17.583+0000] {spark_submit.py:536} INFO - 24/01/05 18:07:17 INFO FileSourceStrategy: Pushed Filters: IsNotNull(data)
[2024-01-05T18:07:17.586+0000] {spark_submit.py:536} INFO - 24/01/05 18:07:17 INFO FileSourceStrategy: Post-Scan Filters: (size(data#7, true) > 0),isnotnull(data#7)
[2024-01-05T18:07:17.587+0000] {spark_submit.py:536} INFO - 24/01/05 18:07:17 INFO FileSourceStrategy: Output Data Schema: struct<data: array<struct<author_id:string,conversation_id:string,created_at:string,edit_history_tweet_ids:array<bigint>,id:string,in_reply_to_user_id:string,lang:string,public_metrics:struct<like_count:bigint,quote_count:bigint,reply_count:bigint,retweet_count:bigint>,text:string>>>
[2024-01-05T18:07:17.770+0000] {spark_submit.py:536} INFO - 24/01/05 18:07:17 INFO FileOutputCommitter: File Output Committer Algorithm version is 1
[2024-01-05T18:07:17.772+0000] {spark_submit.py:536} INFO - 24/01/05 18:07:17 INFO FileOutputCommitter: FileOutputCommitter skip cleanup _temporary folders under output directory:false, ignore cleanup failures: false
[2024-01-05T18:07:17.773+0000] {spark_submit.py:536} INFO - 24/01/05 18:07:17 INFO SQLHadoopMapReduceCommitProtocol: Using output committer class org.apache.hadoop.mapreduce.lib.output.FileOutputCommitter
[2024-01-05T18:07:18.166+0000] {spark_submit.py:536} INFO - 24/01/05 18:07:18 INFO CodeGenerator: Code generated in 150.344587 ms
[2024-01-05T18:07:18.248+0000] {spark_submit.py:536} INFO - 24/01/05 18:07:18 INFO CodeGenerator: Code generated in 39.863331 ms
[2024-01-05T18:07:18.256+0000] {spark_submit.py:536} INFO - 24/01/05 18:07:18 INFO MemoryStore: Block broadcast_2 stored as values in memory (estimated size 303.0 KiB, free 365.7 MiB)
[2024-01-05T18:07:18.264+0000] {spark_submit.py:536} INFO - 24/01/05 18:07:18 INFO MemoryStore: Block broadcast_2_piece0 stored as bytes in memory (estimated size 27.5 KiB, free 365.6 MiB)
[2024-01-05T18:07:18.266+0000] {spark_submit.py:536} INFO - 24/01/05 18:07:18 INFO BlockManagerInfo: Added broadcast_2_piece0 in memory on airflow.Home:45855 (size: 27.5 KiB, free: 366.2 MiB)
[2024-01-05T18:07:18.270+0000] {spark_submit.py:536} INFO - 24/01/05 18:07:18 INFO SparkContext: Created broadcast 2 from json at NativeMethodAccessorImpl.java:0
[2024-01-05T18:07:18.274+0000] {spark_submit.py:536} INFO - 24/01/05 18:07:18 INFO FileSourceScanExec: Planning scan with bin packing, max size: 4203364 bytes, open cost is considered as scanning 4194304 bytes.
[2024-01-05T18:07:18.381+0000] {spark_submit.py:536} INFO - 24/01/05 18:07:18 INFO SparkContext: Starting job: json at NativeMethodAccessorImpl.java:0
[2024-01-05T18:07:18.383+0000] {spark_submit.py:536} INFO - 24/01/05 18:07:18 INFO DAGScheduler: Got job 1 (json at NativeMethodAccessorImpl.java:0) with 1 output partitions
[2024-01-05T18:07:18.383+0000] {spark_submit.py:536} INFO - 24/01/05 18:07:18 INFO DAGScheduler: Final stage: ResultStage 1 (json at NativeMethodAccessorImpl.java:0)
[2024-01-05T18:07:18.383+0000] {spark_submit.py:536} INFO - 24/01/05 18:07:18 INFO DAGScheduler: Parents of final stage: List()
[2024-01-05T18:07:18.384+0000] {spark_submit.py:536} INFO - 24/01/05 18:07:18 INFO DAGScheduler: Missing parents: List()
[2024-01-05T18:07:18.386+0000] {spark_submit.py:536} INFO - 24/01/05 18:07:18 INFO DAGScheduler: Submitting ResultStage 1 (CoalescedRDD[9] at json at NativeMethodAccessorImpl.java:0), which has no missing parents
[2024-01-05T18:07:18.579+0000] {spark_submit.py:536} INFO - 24/01/05 18:07:18 INFO MemoryStore: Block broadcast_3 stored as values in memory (estimated size 189.7 KiB, free 365.5 MiB)
[2024-01-05T18:07:18.619+0000] {spark_submit.py:536} INFO - 24/01/05 18:07:18 INFO MemoryStore: Block broadcast_3_piece0 stored as bytes in memory (estimated size 66.4 KiB, free 365.4 MiB)
[2024-01-05T18:07:18.620+0000] {spark_submit.py:536} INFO - 24/01/05 18:07:18 INFO BlockManagerInfo: Added broadcast_3_piece0 in memory on airflow.Home:45855 (size: 66.4 KiB, free: 366.2 MiB)
[2024-01-05T18:07:18.625+0000] {spark_submit.py:536} INFO - 24/01/05 18:07:18 INFO SparkContext: Created broadcast 3 from broadcast at DAGScheduler.scala:1433
[2024-01-05T18:07:18.625+0000] {spark_submit.py:536} INFO - 24/01/05 18:07:18 INFO DAGScheduler: Submitting 1 missing tasks from ResultStage 1 (CoalescedRDD[9] at json at NativeMethodAccessorImpl.java:0) (first 15 tasks are for partitions Vector(0))
[2024-01-05T18:07:18.625+0000] {spark_submit.py:536} INFO - 24/01/05 18:07:18 INFO TaskSchedulerImpl: Adding task set 1.0 with 1 tasks resource profile 0
[2024-01-05T18:07:18.646+0000] {spark_submit.py:536} INFO - 24/01/05 18:07:18 INFO TaskSetManager: Starting task 0.0 in stage 1.0 (TID 1) (airflow.Home, executor driver, partition 0, PROCESS_LOCAL, 5134 bytes) taskResourceAssignments Map()
[2024-01-05T18:07:18.654+0000] {spark_submit.py:536} INFO - 24/01/05 18:07:18 INFO Executor: Running task 0.0 in stage 1.0 (TID 1)
[2024-01-05T18:07:18.818+0000] {spark_submit.py:536} INFO - 24/01/05 18:07:18 INFO FileOutputCommitter: File Output Committer Algorithm version is 1
[2024-01-05T18:07:18.818+0000] {spark_submit.py:536} INFO - 24/01/05 18:07:18 INFO FileOutputCommitter: FileOutputCommitter skip cleanup _temporary folders under output directory:false, ignore cleanup failures: false
[2024-01-05T18:07:18.831+0000] {spark_submit.py:536} INFO - 24/01/05 18:07:18 INFO SQLHadoopMapReduceCommitProtocol: Using output committer class org.apache.hadoop.mapreduce.lib.output.FileOutputCommitter
[2024-01-05T18:07:19.190+0000] {spark_submit.py:536} INFO - 24/01/05 18:07:19 INFO CodeGenerator: Code generated in 44.755593 ms
[2024-01-05T18:07:19.199+0000] {spark_submit.py:536} INFO - 24/01/05 18:07:19 INFO FileScanRDD: Reading File path: file:///home/eder/Desktop/Airflow/Twitter/data/raw/2024-01-03/%202024-01-03.json, range: 0-9060, partition values: [empty row]
[2024-01-05T18:07:19.251+0000] {spark_submit.py:536} INFO - 24/01/05 18:07:19 INFO CodeGenerator: Code generated in 46.585442 ms
[2024-01-05T18:07:19.297+0000] {spark_submit.py:536} INFO - 24/01/05 18:07:19 INFO CodeGenerator: Code generated in 13.3132 ms
[2024-01-05T18:07:19.392+0000] {spark_submit.py:536} INFO - 24/01/05 18:07:19 INFO FileOutputCommitter: Saved output of task 'attempt_202401051807181638128085480182631_0001_m_000000_1' to file:/home/eder/Desktop/Airflow/Twitter/data/processed/tweets/2024-01-03/_temporary/0/task_202401051807181638128085480182631_0001_m_000000
[2024-01-05T18:07:19.397+0000] {spark_submit.py:536} INFO - 24/01/05 18:07:19 INFO SparkHadoopMapRedUtil: attempt_202401051807181638128085480182631_0001_m_000000_1: Committed
[2024-01-05T18:07:19.407+0000] {spark_submit.py:536} INFO - 24/01/05 18:07:19 INFO Executor: Finished task 0.0 in stage 1.0 (TID 1). 2901 bytes result sent to driver
[2024-01-05T18:07:19.427+0000] {spark_submit.py:536} INFO - 24/01/05 18:07:19 INFO TaskSetManager: Finished task 0.0 in stage 1.0 (TID 1) in 791 ms on airflow.Home (executor driver) (1/1)
[2024-01-05T18:07:19.427+0000] {spark_submit.py:536} INFO - 24/01/05 18:07:19 INFO TaskSchedulerImpl: Removed TaskSet 1.0, whose tasks have all completed, from pool
[2024-01-05T18:07:19.427+0000] {spark_submit.py:536} INFO - 24/01/05 18:07:19 INFO DAGScheduler: ResultStage 1 (json at NativeMethodAccessorImpl.java:0) finished in 1.031 s
[2024-01-05T18:07:19.432+0000] {spark_submit.py:536} INFO - 24/01/05 18:07:19 INFO DAGScheduler: Job 1 is finished. Cancelling potential speculative or zombie tasks for this job
[2024-01-05T18:07:19.432+0000] {spark_submit.py:536} INFO - 24/01/05 18:07:19 INFO TaskSchedulerImpl: Killing all running tasks in stage 1: Stage finished
[2024-01-05T18:07:19.451+0000] {spark_submit.py:536} INFO - 24/01/05 18:07:19 INFO DAGScheduler: Job 1 finished: json at NativeMethodAccessorImpl.java:0, took 1.050976 s
[2024-01-05T18:07:19.594+0000] {spark_submit.py:536} INFO - 24/01/05 18:07:19 INFO FileFormatWriter: Write Job 6df6650b-0ff8-4e67-8036-2b61e14497b6 committed.
[2024-01-05T18:07:19.608+0000] {spark_submit.py:536} INFO - 24/01/05 18:07:19 INFO FileFormatWriter: Finished processing stats for write job 6df6650b-0ff8-4e67-8036-2b61e14497b6.
[2024-01-05T18:07:19.695+0000] {spark_submit.py:536} INFO - 24/01/05 18:07:19 INFO FileSourceStrategy: Pushed Filters:
[2024-01-05T18:07:19.695+0000] {spark_submit.py:536} INFO - 24/01/05 18:07:19 INFO FileSourceStrategy: Post-Scan Filters:
[2024-01-05T18:07:19.695+0000] {spark_submit.py:536} INFO - 24/01/05 18:07:19 INFO FileSourceStrategy: Output Data Schema: struct<includes: struct<users: array<struct<created_at:string,id:string,name:string,username:string>>>>
[2024-01-05T18:07:19.707+0000] {spark_submit.py:536} INFO - 24/01/05 18:07:19 INFO FileOutputCommitter: File Output Committer Algorithm version is 1
[2024-01-05T18:07:19.707+0000] {spark_submit.py:536} INFO - 24/01/05 18:07:19 INFO FileOutputCommitter: FileOutputCommitter skip cleanup _temporary folders under output directory:false, ignore cleanup failures: false
[2024-01-05T18:07:19.707+0000] {spark_submit.py:536} INFO - 24/01/05 18:07:19 INFO SQLHadoopMapReduceCommitProtocol: Using output committer class org.apache.hadoop.mapreduce.lib.output.FileOutputCommitter
[2024-01-05T18:07:19.917+0000] {spark_submit.py:536} INFO - 24/01/05 18:07:19 INFO CodeGenerator: Code generated in 21.769616 ms
[2024-01-05T18:07:19.922+0000] {spark_submit.py:536} INFO - 24/01/05 18:07:19 INFO MemoryStore: Block broadcast_4 stored as values in memory (estimated size 303.0 KiB, free 365.1 MiB)
[2024-01-05T18:07:19.930+0000] {spark_submit.py:536} INFO - 24/01/05 18:07:19 INFO MemoryStore: Block broadcast_4_piece0 stored as bytes in memory (estimated size 27.5 KiB, free 365.1 MiB)
[2024-01-05T18:07:19.930+0000] {spark_submit.py:536} INFO - 24/01/05 18:07:19 INFO BlockManagerInfo: Added broadcast_4_piece0 in memory on airflow.Home:45855 (size: 27.5 KiB, free: 366.1 MiB)
[2024-01-05T18:07:19.931+0000] {spark_submit.py:536} INFO - 24/01/05 18:07:19 INFO SparkContext: Created broadcast 4 from json at NativeMethodAccessorImpl.java:0
[2024-01-05T18:07:19.933+0000] {spark_submit.py:536} INFO - 24/01/05 18:07:19 INFO FileSourceScanExec: Planning scan with bin packing, max size: 4203364 bytes, open cost is considered as scanning 4194304 bytes.
[2024-01-05T18:07:19.946+0000] {spark_submit.py:536} INFO - 24/01/05 18:07:19 INFO SparkContext: Starting job: json at NativeMethodAccessorImpl.java:0
[2024-01-05T18:07:19.948+0000] {spark_submit.py:536} INFO - 24/01/05 18:07:19 INFO DAGScheduler: Got job 2 (json at NativeMethodAccessorImpl.java:0) with 1 output partitions
[2024-01-05T18:07:19.948+0000] {spark_submit.py:536} INFO - 24/01/05 18:07:19 INFO DAGScheduler: Final stage: ResultStage 2 (json at NativeMethodAccessorImpl.java:0)
[2024-01-05T18:07:19.948+0000] {spark_submit.py:536} INFO - 24/01/05 18:07:19 INFO DAGScheduler: Parents of final stage: List()
[2024-01-05T18:07:19.949+0000] {spark_submit.py:536} INFO - 24/01/05 18:07:19 INFO DAGScheduler: Missing parents: List()
[2024-01-05T18:07:19.956+0000] {spark_submit.py:536} INFO - 24/01/05 18:07:19 INFO DAGScheduler: Submitting ResultStage 2 (CoalescedRDD[16] at json at NativeMethodAccessorImpl.java:0), which has no missing parents
[2024-01-05T18:07:19.992+0000] {spark_submit.py:536} INFO - 24/01/05 18:07:19 INFO MemoryStore: Block broadcast_5 stored as values in memory (estimated size 178.0 KiB, free 364.9 MiB)
[2024-01-05T18:07:19.995+0000] {spark_submit.py:536} INFO - 24/01/05 18:07:19 INFO MemoryStore: Block broadcast_5_piece0 stored as bytes in memory (estimated size 63.7 KiB, free 364.8 MiB)
[2024-01-05T18:07:19.996+0000] {spark_submit.py:536} INFO - 24/01/05 18:07:19 INFO BlockManagerInfo: Added broadcast_5_piece0 in memory on airflow.Home:45855 (size: 63.7 KiB, free: 366.1 MiB)
[2024-01-05T18:07:19.999+0000] {spark_submit.py:536} INFO - 24/01/05 18:07:19 INFO SparkContext: Created broadcast 5 from broadcast at DAGScheduler.scala:1433
[2024-01-05T18:07:19.999+0000] {spark_submit.py:536} INFO - 24/01/05 18:07:19 INFO DAGScheduler: Submitting 1 missing tasks from ResultStage 2 (CoalescedRDD[16] at json at NativeMethodAccessorImpl.java:0) (first 15 tasks are for partitions Vector(0))
[2024-01-05T18:07:19.999+0000] {spark_submit.py:536} INFO - 24/01/05 18:07:19 INFO TaskSchedulerImpl: Adding task set 2.0 with 1 tasks resource profile 0
[2024-01-05T18:07:19.999+0000] {spark_submit.py:536} INFO - 24/01/05 18:07:19 INFO TaskSetManager: Starting task 0.0 in stage 2.0 (TID 2) (airflow.Home, executor driver, partition 0, PROCESS_LOCAL, 5134 bytes) taskResourceAssignments Map()
[2024-01-05T18:07:20.000+0000] {spark_submit.py:536} INFO - 24/01/05 18:07:20 INFO Executor: Running task 0.0 in stage 2.0 (TID 2)
[2024-01-05T18:07:20.014+0000] {spark_submit.py:536} INFO - 24/01/05 18:07:20 INFO FileOutputCommitter: File Output Committer Algorithm version is 1
[2024-01-05T18:07:20.014+0000] {spark_submit.py:536} INFO - 24/01/05 18:07:20 INFO FileOutputCommitter: FileOutputCommitter skip cleanup _temporary folders under output directory:false, ignore cleanup failures: false
[2024-01-05T18:07:20.015+0000] {spark_submit.py:536} INFO - 24/01/05 18:07:20 INFO SQLHadoopMapReduceCommitProtocol: Using output committer class org.apache.hadoop.mapreduce.lib.output.FileOutputCommitter
[2024-01-05T18:07:20.199+0000] {spark_submit.py:536} INFO - 24/01/05 18:07:20 INFO CodeGenerator: Code generated in 47.424938 ms
[2024-01-05T18:07:20.215+0000] {spark_submit.py:536} INFO - 24/01/05 18:07:20 INFO FileScanRDD: Reading File path: file:///home/eder/Desktop/Airflow/Twitter/data/raw/2024-01-03/%202024-01-03.json, range: 0-9060, partition values: [empty row]
[2024-01-05T18:07:20.248+0000] {spark_submit.py:536} INFO - 24/01/05 18:07:20 INFO CodeGenerator: Code generated in 29.33681 ms
[2024-01-05T18:07:20.265+0000] {spark_submit.py:536} INFO - 24/01/05 18:07:20 INFO FileOutputCommitter: Saved output of task 'attempt_20240105180719511892206157297643_0002_m_000000_2' to file:/home/eder/Desktop/Airflow/Twitter/data/processed/users/2024-01-03/_temporary/0/task_20240105180719511892206157297643_0002_m_000000
[2024-01-05T18:07:20.265+0000] {spark_submit.py:536} INFO - 24/01/05 18:07:20 INFO SparkHadoopMapRedUtil: attempt_20240105180719511892206157297643_0002_m_000000_2: Committed
[2024-01-05T18:07:20.267+0000] {spark_submit.py:536} INFO - 24/01/05 18:07:20 INFO Executor: Finished task 0.0 in stage 2.0 (TID 2). 2734 bytes result sent to driver
[2024-01-05T18:07:20.274+0000] {spark_submit.py:536} INFO - 24/01/05 18:07:20 INFO TaskSetManager: Finished task 0.0 in stage 2.0 (TID 2) in 275 ms on airflow.Home (executor driver) (1/1)
[2024-01-05T18:07:20.274+0000] {spark_submit.py:536} INFO - 24/01/05 18:07:20 INFO TaskSchedulerImpl: Removed TaskSet 2.0, whose tasks have all completed, from pool
[2024-01-05T18:07:20.276+0000] {spark_submit.py:536} INFO - 24/01/05 18:07:20 INFO DAGScheduler: ResultStage 2 (json at NativeMethodAccessorImpl.java:0) finished in 0.320 s
[2024-01-05T18:07:20.282+0000] {spark_submit.py:536} INFO - 24/01/05 18:07:20 INFO DAGScheduler: Job 2 is finished. Cancelling potential speculative or zombie tasks for this job
[2024-01-05T18:07:20.288+0000] {spark_submit.py:536} INFO - 24/01/05 18:07:20 INFO TaskSchedulerImpl: Killing all running tasks in stage 2: Stage finished
[2024-01-05T18:07:20.290+0000] {spark_submit.py:536} INFO - 24/01/05 18:07:20 INFO DAGScheduler: Job 2 finished: json at NativeMethodAccessorImpl.java:0, took 0.341951 s
[2024-01-05T18:07:20.330+0000] {spark_submit.py:536} INFO - 24/01/05 18:07:20 INFO FileFormatWriter: Write Job 2e76b6bb-f23f-4e44-98a7-967815ab0f2e committed.
[2024-01-05T18:07:20.331+0000] {spark_submit.py:536} INFO - 24/01/05 18:07:20 INFO FileFormatWriter: Finished processing stats for write job 2e76b6bb-f23f-4e44-98a7-967815ab0f2e.
[2024-01-05T18:07:20.458+0000] {spark_submit.py:536} INFO - 24/01/05 18:07:20 INFO SparkContext: Invoking stop() from shutdown hook
[2024-01-05T18:07:20.504+0000] {spark_submit.py:536} INFO - 24/01/05 18:07:20 INFO SparkUI: Stopped Spark web UI at http://airflow.Home:4040
[2024-01-05T18:07:20.690+0000] {spark_submit.py:536} INFO - 24/01/05 18:07:20 INFO MapOutputTrackerMasterEndpoint: MapOutputTrackerMasterEndpoint stopped!
[2024-01-05T18:07:20.768+0000] {spark_submit.py:536} INFO - 24/01/05 18:07:20 INFO MemoryStore: MemoryStore cleared
[2024-01-05T18:07:20.769+0000] {spark_submit.py:536} INFO - 24/01/05 18:07:20 INFO BlockManager: BlockManager stopped
[2024-01-05T18:07:20.799+0000] {spark_submit.py:536} INFO - 24/01/05 18:07:20 INFO BlockManagerMaster: BlockManagerMaster stopped
[2024-01-05T18:07:20.811+0000] {spark_submit.py:536} INFO - 24/01/05 18:07:20 INFO OutputCommitCoordinator$OutputCommitCoordinatorEndpoint: OutputCommitCoordinator stopped!
[2024-01-05T18:07:20.826+0000] {spark_submit.py:536} INFO - 24/01/05 18:07:20 INFO SparkContext: Successfully stopped SparkContext
[2024-01-05T18:07:20.826+0000] {spark_submit.py:536} INFO - 24/01/05 18:07:20 INFO ShutdownHookManager: Shutdown hook called
[2024-01-05T18:07:20.828+0000] {spark_submit.py:536} INFO - 24/01/05 18:07:20 INFO ShutdownHookManager: Deleting directory /tmp/spark-45004885-ab56-4c16-a983-fa7e2e66fb1a
[2024-01-05T18:07:20.855+0000] {spark_submit.py:536} INFO - 24/01/05 18:07:20 INFO ShutdownHookManager: Deleting directory /tmp/spark-d15b8f55-bb34-4bb5-b85a-548d1032028d
[2024-01-05T18:07:20.884+0000] {spark_submit.py:536} INFO - 24/01/05 18:07:20 INFO ShutdownHookManager: Deleting directory /tmp/spark-45004885-ab56-4c16-a983-fa7e2e66fb1a/pyspark-204c0eb4-9b2a-4891-ae72-5bca0e1755c0
[2024-01-05T18:07:21.028+0000] {taskinstance.py:1138} INFO - Marking task as SUCCESS. dag_id=TwitterDAG, task_id=transform_twitter_data, execution_date=20240103T000000, start_date=20240105T180657, end_date=20240105T180721
[2024-01-05T18:07:21.078+0000] {local_task_job_runner.py:234} INFO - Task exited with return code 0
[2024-01-05T18:07:21.087+0000] {taskinstance.py:3281} INFO - 1 downstream tasks scheduled from follow-on schedule check
